ARM GAS  /tmp/cc9PAmDp.s 			page 1


   1              		.syntax unified
   2              		.cpu cortex-m4
   3              		.eabi_attribute 27, 1
   4              		.eabi_attribute 28, 1
   5              		.fpu fpv4-sp-d16
   6              		.eabi_attribute 20, 1
   7              		.eabi_attribute 21, 1
   8              		.eabi_attribute 23, 3
   9              		.eabi_attribute 24, 1
  10              		.eabi_attribute 25, 1
  11              		.eabi_attribute 26, 1
  12              		.eabi_attribute 30, 1
  13              		.eabi_attribute 34, 1
  14              		.eabi_attribute 18, 4
  15              		.thumb
  16              		.syntax unified
  17              		.file	"board.c"
  18              		.text
  19              	.Ltext0:
  20              		.section	.gnu.lto_.profile.f78d42532ba51d78,"",%progbits
  21 0000 789C6361 		.ascii	"x\234ca`d`e`\000\2223\030\255\000\002\202\000\337"
  21      60646065 
  21      60009233 
  21      18AD0002 
  21      8200DF
  22              		.text
  23              		.section	.gnu.lto_.inline.f78d42532ba51d78,"",%progbits
  24 0000 789C6361 		.ascii	"x\234ca`d\000\201\211\014\010\300\302\300 (\300\310"
  24      60640081 
  24      890C08C0 
  24      C2C02028 
  24      C0C8
  25 0012 C0C4B721 		.ascii	"\300\304\267!\227A\344B\017#\023H\220\221A\363\003\220"
  25      9741E442 
  25      0F231348 
  25      909141F3 
  25      0390
  26 0024 60927970 		.ascii	"`\222yp\213\221\201m\201<X\220\231\207\201\201\211\034"
  26      8B91816D 
  26      813C5890 
  26      99878181 
  26      891C
  27 0036 8A81558C 		.ascii	"\212\201U\214\021\304\200\233\304\310\005#X\030\230"
  27      11C4809B 
  27      C4C80523 
  27      581898
  28 0045 9950E518 		.ascii	"\231P\345\030\000\323*\011q"
  28      00D32A09 
  28      71
  29              		.text
  30              		.section	.gnu.lto_.jmpfuncs.f78d42532ba51d78,"",%progbits
  31 0000 789C6361 		.ascii	"x\234ca`d\000\001\011\006\004`\001bF\004\227\031&\006"
  31      60640001 
  31      09060460 
  31      01624604 
  31      97192606 
  32 0014 00050500 		.ascii	"\000\005\005\000*"
ARM GAS  /tmp/cc9PAmDp.s 			page 2


  32      2A
  33              		.text
  34              		.section	.gnu.lto_.pureconst.f78d42532ba51d78,"",%progbits
  35 0000 789C6361 		.ascii	"x\234ca`d\340d```a\220b\224b\226`a\000\000\002\227\000"
  35      6064E064 
  35      60606061 
  35      90629462 
  35      96606100 
  36 0018 67       		.ascii	"g"
  37              		.text
  38              		.section	.gnu.lto_gpio_init.f78d42532ba51d78,"",%progbits
  39 0000 789CA594 		.ascii	"x\234\245\224\317k\023A\024\307\347\315l6\233\270\015"
  39      CF6B1341 
  39      14C7E7CD 
  39      6C369BB8 
  39      0D
  40 0011 4110047B 		.ascii	"A\020\004{\350-\364\222%\020\012\202\340\241\324\203"
  40      E82DF492 
  40      25100A82 
  40      E0A1D483 
  41 0021 8AC556BD 		.ascii	"\212\305V\275\206\266j\033\020S\354\037\320I\223E\301"
  41      86B66A1B 
  41      1053EC1F 
  41      D0499345 
  41      C1
  42 0032 4B3DA488 		.ascii	"K=\244\210U\213\202\244Uk\032\177\266\365WL\265\325"
  42      558B82A4 
  42      556B1A7F 
  42      B6F5574C 
  42      B5D5
  43 0044 FA8B82B5 		.ascii	"\372\213\202\2657\021K#z\261\251\212'\033\337\233m\203"
  43      37114B23 
  43      7AB1A98A 
  43      271BDF9B 
  43      6D83
  44 0056 F614C942 		.ascii	"\366\024\311B\336\316l\346}\3463_\330\325\0300\272\016"
  44      DECE6CE6 
  44      7DE6335F 
  44      D8D51830 
  44      BA0E
  45 0068 B918DB83 		.ascii	"\271\030\333\203\367m\370\003\301\200\367\277a,np\000"
  45      F76DF803 
  45      C180F7BF 
  45      612C6E70 
  45      00
  46 0079 1A480358 		.ascii	"\032H\003X/\207^\370\311\177s\310\237,L\360\372\264"
  46      2F875EF8 
  46      C97F73C8 
  46      9F2C4CF0 
  46      FAB4
  47 008b C4EBE352 		.ascii	"\304\353\343R:\032\227\366V[0V\342\212\304 \015\365"
  47      3A1A97F6 
  47      565B3056 
  47      E28AC420 
  47      0DF5
  48 009d B86A2E39 		.ascii	"\270j.9v^\374\340\266\000\320pZ|}n\321GS\016u8=\275"
  48      765EFCE0 
ARM GAS  /tmp/cc9PAmDp.s 			page 3


  48      B600D070 
  48      5A7C7D6E 
  48      D147530E 
  49 00b5 341CE762 		.ascii	"4\034\347b'0\034\2472\337\346\315\300\025)\373\244\034"
  49      27301CA7 
  49      32DFE6CD 
  49      C01529FB 
  49      A41C
  50 00c7 3C223DB6 		.ascii	"<\"=\266\020p\025\004\362`\004ja\030j\031>bp\015\002"
  50      10701504 
  50      F260046A 
  50      61186A19 
  50      3E62700D 
  51 00dc B8FACB6A 		.ascii	"\270\372\313j\346\263&\232T\347\310\207\301\375k\215"
  51      E6B3269A 
  51      54E7C887 
  51      C1FD6B8D 
  52 00ec 67A64DD9 		.ascii	"g\246M\331\017\266\320\340\372\306V\215\301(\004h\375"
  52      0FB6D0E0 
  52      FAC6568D 
  52      C1280468 
  52      FD
  53 00fd A7EC6AAA 		.ascii	"\247\354j\252FO\222y\235\343\0137@\247\0042-9Y*%\244"
  53      464F9279 
  53      9DE30B37 
  53      40A70432 
  53      2D39592A 
  54 0113 CCEA8B29 		.ascii	"\314\352\213)\330\214\347\306\026\201\315.\015hc\235"
  54      D88CE7C6 
  54      1681CD2E 
  54      0D68639D 
  55 0123 8606152F 		.ascii	"\206\006\025/\025\223\212\217\212\237\012c\313\010\243"
  55      15938A8F 
  55      8A9F0A63 
  55      CB08A3
  56 0132 A48A9CD3 		.ascii	"\244\212\234\323]\024\240o\262\370\356\262\233\370\011"
  56      5D14A06F 
  56      B2F8EEB2 
  56      9BF809
  57 0141 2170EF01 		.ascii	"!p\357\001;\377\326M\001hJ\375\327\314\354)s\010.\240"
  57      3BFFD64D 
  57      01684AFD 
  57      D7CCEC29 
  57      73082EA0 
  58 0155 322EE090 		.ascii	"2.\340\220AUz~\361\354\370w\2375*\375\266p\303\030\014"
  58      41557A7E 
  58      F1ECF877 
  58      9F352AFD 
  58      B670C318 
  59 016a C1AA8A15 		.ascii	"\301\252\212\025\262`\261\002\344\007.m!\344\337<\361"
  59      B260B102 
  59      E4072E6D 
  59      21E4DF3C 
  59      F1
  60 017b 0F2F4E87 		.ascii	"\017/N\207\013\241\224\221\300\235n\256Q\027VV\246L"
  60      0BA19491 
  60      C09D6EAE 
ARM GAS  /tmp/cc9PAmDp.s 			page 4


  60      51175656 
  60      A64C
  61 018d A426713B 		.ascii	"\244&q;\017\334RX:6\334\006\013\365\030\351f\347\327"
  61      0FDC5258 
  61      3A36DC06 
  61      0BF518E9 
  61      66E7D7
  62 01a0 75F54AFD 		.ascii	"u\365J\375\356(\220\312\361\356F\277\377\021\272\247"
  62      EE2890CA 
  62      F1EE46BF 
  62      FF11BAA7 
  63 01b0 388238E3 		.ascii	"8\2028\343$\244+\241bY\310\250ThB\2014\002MV#t_q\\\304"
  63      24A42BA1 
  63      6259C8A8 
  63      54684281 
  63      34024D56 
  64 01ca 79404286 		.ascii	"y@B\206\223\320\373u!o\245B\017\025H'\320\243j\204\036"
  64      93D0FB75 
  64      216FA542 
  64      0F154827 
  64      D0A36A84 
  65 01df 2B8E9B38 		.ascii	"+\216\23389\022\362:\011\225\205\314J\205\236(\220A"
  65      3912F23A 
  65      099585CC 
  65      4A859E28 
  65      9041
  66 01f1 A07C3542 		.ascii	"\240|5BS\212\343!\316S\0222\235\204\026\326\205|\225"
  66      538AE321 
  66      CE531232 
  66      9D8416D6 
  66      857C95
  67 0204 0A3D5320 		.ascii	"\012=S /\201\246\253\021\232Q\234M\304yNB>'\241\262"
  67      2F81A6AB 
  67      119A519C 
  67      4DC4794E 
  67      423E27A1 
  68 0219 90BF52A1 		.ascii	"\220\277R\241\027\012d\022h\266\032\241\227\212SC\234"
  68      170A6412 
  68      68B61AA1 
  68      978A5343 
  68      9C
  69 022a 5724E467 		.ascii	"W$\344g_\241/W\334M(\365\241\\\306W\020\277\025\370"
  69      5FA12F57 
  69      DC4D28F5 
  69      A15CC657 
  69      10BF15F8 
  70 023e FAEC0806 		.ascii	"\372\354\010\006\255\306\256h{\264\2715\022\332\036"
  70      ADC6AE68 
  70      7BB4B935 
  70      12DA1E
  71 024d 0C054396 		.ascii	"\014\005C\226\025\353\261\272\332\216Y\355\261\266\023"
  71      15EBB1BA 
  71      DA8E59ED 
  71      B1B613
  72 025c 877BACD6 		.ascii	"\207{\254\326\003\221}\007\033\367657\204#\273\302\341"
  72      03917D07 
  72      1BF73635 
ARM GAS  /tmp/cc9PAmDp.s 			page 5


  72      378423BB 
  72      C2E1
  73 026e 869626E7 		.ascii	"\206\226&\347\237`\007suvGc\335zG\354\370\321h\347\037"
  73      9F600773 
  73      75764763 
  73      DD7A47EC 
  73      F8D168E7 
  74 0283 7235CE38 		.ascii	"r5\3168"
  75              		.text
  76              		.section	.gnu.lto_stm32_gpio_init.f78d42532ba51d78,"",%progbits
  77 0000 789C9DD6 		.ascii	"x\234\235\326\313O\023Q\024\007\340{f\372\206\212K\022"
  77      CB4F1351 
  77      1407E07B 
  77      66FA868A 
  77      4B12
  78 0012 59B8336E 		.ascii	"Y\2703n:\301\020\022\023\343\206\340\312`\"\272&\240"
  78      3AC11012 
  78      13E386E0 
  78      CA6022BA 
  78      26A0
  79 0024 0B892624 		.ascii	"\013\211&$\362\007t*L,11\304GA\242\301\304E\301\312"
  79      F207742A 
  79      4C2C3131 
  79      C44741A2 
  79      C1C445C1 
  80 0039 A3884AEB 		.ascii	"\243\210J\353\013\213\370\346\245\370\242h\261jU@)\212"
  80      0B8BF8E6 
  80      A5F8A268 
  80      B16A5540 
  80      298A
  81 004b 8901A1DE 		.ascii	"\211\001\241\336s\357L\006\027\2350L\322\323v\346\366"
  81      73EF4C06 
  81      179D304C 
  81      D2D376E6 
  81      F6
  82 005c 77BED3E9 		.ascii	"w\276\323\351Lj!@p\213:\011\331I\2377\321\007\210\004"
  82      4C6A2140 
  82      708B3A09 
  82      D9499F37 
  82      D1078804 
  83 0070 84C66142 		.ascii	"\204\306aB|\016\001\000_\310\016 ^\001\274\360[X\026"
  83      7C0E0100 
  83      5FC80E20 
  83      5E01BCF0 
  83      5B5816
  84 0083 20763C15 		.ascii	" v<\025\021\266\006e\272M\015vV\373d%_\021\011\311\010"
  84      11B60665 
  84      BA4D0D76 
  84      56FB6425 
  84      5F1109C9 
  85 0098 2C894010 		.ascii	",\211@\020\266\022\272,\031^9\353\266\325\343\262\315"
  85      B612BA2C 
  85      195E39EB 
  85      B6D5E3B2 
  85      CD
  86 00a9 FC20B481 		.ascii	"\374 \264\201\015\333u\355\355\2273\231:Yn*<\261%_ "
  86      0DDB75ED 
ARM GAS  /tmp/cc9PAmDp.s 			page 6


  86      ED973399 
  86      3A596E2A 
  86      3CB1255F 
  87 00be 8A485BD2 		.ascii	"\212H[\322b\305b\303\342\300\342\304\342\302\222\213"
  87      62C562C3 
  87      E2C0E2C4 
  87      E2C2928B 
  88 00ce C58D250F 		.ascii	"\305\215%\017\013!i\032\207\260yA\300g1\005\261h8\261"
  88      0B21691A 
  88      87B07941 
  88      C0673105 
  88      B16838B1 
  89 00e2 0D1BD489 		.ascii	"\015\033\324\211h\014(\261\021\373\202\240\210\002\240"
  89      680C28B1 
  89      11FB82A0 
  89      8802A0
  90 00f1 A5FEC260 		.ascii	"\245\376\302`\312\311\337\312i\277l\241\273f\022K\021"
  90      CAC9DFCA 
  90      69BF6CA1 
  90      BB66124B 
  90      11
  91 0102 6B2B5C00 		.ascii	"k+\\\000E\024\3412\024@;\024\020\\\37330:\225+u\310"
  91      4514E132 
  91      14403B14 
  91      105CFB33 
  91      303A952B 
  92 0118 F53E79A3 		.ascii	"\365>y\243\"Z \004\255\260\302f\203+ \221\024\324\375"
  92      225A2004 
  92      ADB0C266 
  92      832B2091 
  92      14D4FD
  93 012b B1F14622 		.ascii	"\261\361F\"\357\325\245|jw`8@\006\240\203\306PN\000"
  93      EFD5A57C 
  93      6A776038 
  93      4006A083 
  93      C6504E00 
  94 013f 708D993E 		.ascii	"p\215\231>\235z\237.\220h:\306D\201\267\262\232I\352"
  94      9D7A9F2E 
  94      90683AC6 
  94      4481B7B2 
  94      9A49EA
  95 0152 D693C25C 		.ascii	"\326\223\302\\\374W\025\253I\311\271\231E\221\213\345"
  95      FC5715AB 
  95      49C9B999 
  95      45918BE5 
  96 0162 954C260F 		.ascii	"\225L&\017z\326\213\276\252\267\352E\264m5\332\261\246"
  96      7AD68BBE 
  96      AAB7EA45 
  96      B46D35DA 
  96      B1A6
  97 0174 24C09C6B 		.ascii	"$\300\234kz\316uF\216E\307\022\002\217q\232\001\335"
  97      7ACE7546 
  97      8E45C712 
  97      028F719A 
  97      01DD
  98 0186 6041F82B 		.ascii	"`A\370+\203\276\377\317\226\213&\255\377\354D\364\334"
  98      83BEFFCF 
ARM GAS  /tmp/cc9PAmDp.s 			page 7


  98      968B26AD 
  98      FFEC44F4 
  98      DC
  99 0197 280EEA5A 		.ascii	"(\016\352Z=h\256\231\244\233,\211]\017\267\376\027\272"
  99      3D68AE99 
  99      A49B2C89 
  99      5D0FB7FE 
  99      17BA
 100 01a9 69D2FA85 		.ascii	"i\322\372\205\267\365\334;(t\257\026\346\255\375T\334"
 100      B7F5DC3B 
 100      2874AF16 
 100      E6ADFD54 
 100      DC
 101 01ba D573FAA9 		.ascii	"\325s\372\251\357+(\375\201\034L\301\245\221\310l\334"
 101      EF2B28FD 
 101      811C4CC1 
 101      A591C86C 
 101      DC
 102 01cb EE5D96FD 		.ascii	"\356]\226\37526\265f\360\033\201{\340\305c\013\361\344"
 102      3236B566 
 102      F01B817B 
 102      E0C5630B 
 102      F1E4
 103 01dd 30E0AFCA 		.ascii	"0\340\257\312\0062]`\201\030\024\254\276\024\355\354"
 103      06325D60 
 103      811814AC 
 103      BE14EDEC 
 104 01ed 52AC5BBC 		.ascii	"R\254[\274\373k\003Mhf\011\366\006z\347\300\335\217"
 104      FB6B034D 
 104      686609F6 
 104      067AE7C0 
 104      DD8F
 105 01ff 5B4287A9 		.ascii	"[B\207\251\315\327\310v;\340>\275\333\014\250\276\223"
 105      CDD7C876 
 105      3BE03EBD 
 105      DB0CA8BE 
 105      93
 106 0210 BE539302 		.ascii	"\276S\223\002\365\321cr\230\032\2350\310\214\352G;\033"
 106      F5D16372 
 106      981A9D30 
 106      C88CEA47 
 106      3B1B
 107 0222 1EF5024F 		.ascii	"\036\365\002O\224\355\212\350\202\007 1/<\004\257\""
 107      94ED8AE8 
 107      82072031 
 107      2F3C04AF 
 107      22
 108 0233 E6B011CE 		.ascii	"\346\260\021\316\033\217\360\210\217\320\022[\032p\252"
 108      1B8FF088 
 108      8FD0125B 
 108      1A70AA
 109 0242 23F87184 		.ascii	"#\370q\204\307l\2045\232\237\030\232\2372\263%\213\371"
 109      C76C8435 
 109      9A9F189A 
 109      9F32B325 
 109      8BF9
 110 0254 99661ED2 		.ascii	"\231f\036\322\315=\306\346an>\023;7\356V\315\215h\036"
ARM GAS  /tmp/cc9PAmDp.s 			page 8


 110      CD3DC6E6 
 110      616E3E13 
 110      3B37EE56 
 110      CD8D681E 
 111 0268 31631E35 		.ascii	"1c\03654\2171\2635\213\371\271f~\241\233\373\214\315"
 111      348F31B3 
 111      358BF9B9 
 111      667EA19B 
 111      FB8CCD
 112 027b E3DCEC0F 		.ascii	"\343\334\354\017\235\271$\252\346f4\2774c~eh~\315\314"
 112      9DB924AA 
 112      E66634BF 
 112      34637E65 
 112      687ECDCC 
 113 028f B62CE637 		.ascii	"\266,\3467\232\371\255n\276cl\236\340\346x\327\320\214"
 113      9AF9AD6E 
 113      BE636C9E 
 113      E0E678D7 
 113      D08C
 114 02a1 43355F44 		.ascii	"C5_Ds\334\214y\322\320\374\216\231\355Y\314\3575sB7"
 114      73DC8C79 
 114      D2D0FC8E 
 114      99ED59CC 
 114      EF357342 
 115 02b6 8F1B9BA7 		.ascii	"\217\033\233\247\270y4\370\305oU\315mh\376`\306\234"
 115      B87934F8 
 115      C56F55CD 
 115      6D68FE60 
 115      C69C
 116 02c8 34347F64 		.ascii	"44\177dfG\026\363'\315\374Y7O\030\233S\334|\372w\360"
 116      664716F3 
 116      27CDFC59 
 116      374F189B 
 116      53DC7CFA 
 117 02de 8366EE46 		.ascii	"\203f\356F\363\0273\346\257\206\346o\314\354\314b\236"
 117      F31733E6 
 117      AF86E66F 
 117      CCECCC62 
 117      9E
 118 02ef D6CC33BA 		.ascii	"\326\3143\2729ml\236\345\346\301\336\320\270f\356C\363"
 118      396D6C9E 
 118      E5E6C1DE 
 118      D0B866EE 
 118      43F3
 119 0301 7733E61F 		.ascii	"w3\346\037\206\3469fve1\2475\363<7O\303\261\376\246"
 119      86E63966 
 119      766531A7 
 119      35F33C37 
 119      4FC3B1FE 
 120 0316 32B60BB7 		.ascii	"2\266\013\2674U\322?H\364n\276\303\343\221J\016UWU\357"
 120      3455D23F 
 120      48F46EBE 
 120      C3E3914A 
 120      0E555755 
 121 032b 29AF28DC 		.ascii	")\257(\334\356)\364\024JRM\255t\250\362\210TUSy\364"
 121      EE29F414 
 121      4A524DAD 
ARM GAS  /tmp/cc9PAmDp.s 			page 9


 121      74A8F288 
 121      54555379 
 122 0340 60AD54BE 		.ascii	"`\255T\276\257\242l\177\311\356\322=\305E\025\273\212"
 122      AFA26C7F 
 122      C9EED23D 
 122      C54515BB 
 122      8A
 123 0351 8A8AF796 		.ascii	"\212\212\367\226\362#\236\003\344\037\231\300b."
 123      F2239E03 
 123      E41F99C0 
 123      622E
 124              		.text
 125              		.section	.gnu.lto_gpio_default_config.f78d42532ba51d78,"",%progbits
 126 0000 789CDD52 		.ascii	"x\234\335RMK\002Q\024\235\373\236_\243\251\177\240\376"
 126      4D4B0251 
 126      149DFB9E 
 126      5FA3A97F 
 126      A0FE
 127 0012 40AB96FE 		.ascii	"@\253\226\376\254~\302\264\030\030\243\026\021%\"\341"
 127      AC7EC2B4 
 127      1818A316 
 127      112522E1 
 128 0022 3030E447 		.ascii	"00\344G~\224i\231eA\233hU\242\233\"\244EP\244\325\302"
 128      7E946999 
 128      65419B68 
 128      55A29B22 
 128      A44550A4 
 129 0038 3E4C9DE9 		.ascii	">L\235\351\335\336C\030\020i\335[\314\231{\346r\316"
 129      DDDE4318 
 129      1069DD5B 
 129      CC997BE6 
 129      72CE
 130 004a 9977AF4B 		.ascii	"\231w\257K\002\011\317\012\225\304\233$\215\010\024"
 130      0209CF0A 
 130      95C49B24 
 130      8D0814
 131 0059 3AD57EB0 		.ascii	":\325~\260GT\312HV\232\337\2037\312K\333\246\214Xm\274"
 131      4754CA48 
 131      569ADF83 
 131      37CA4BDB 
 131      A68C586D 
 132 006e B6DC9CB8 		.ascii	"\266\334\234\270\312\2642nF\335]\244\263\343\036\333"
 132      CAB4326E 
 132      46DD5DA4 
 132      B3E31EDB 
 133 007e 0E33AABB 		.ascii	"\0163\252\273\021\255\205\"\025E\323\225E\225\202E$"
 133      11AD8522 
 133      1545D395 
 133      45958245 
 133      24
 134 008f D886598B 		.ascii	"\330\206Y\213\000\007\002\031\004\012i\004\027\244\020"
 134      00070219 
 134      040A6904 
 134      17A410
 135 009e DCFC9B07 		.ascii	"\334\374\233\007\001\255\033ySsq\331\226p\272\277~L"
 135      01AD1B79 
 135      537371D9 
ARM GAS  /tmp/cc9PAmDp.s 			page 10


 135      9670BABF 
 135      7E4C
 136 00b0 86FF20BB 		.ascii	"\206\377 \2733E\366?i\024\363\317\0151\014\205\035\234"
 136      3345F63F 
 136      6914F3CF 
 136      0D310C85 
 136      1D9C
 137 00c2 CF285EEF 		.ascii	"\317(^\357{\306\267\346GF\277\031\215\233\010#\036z"
 137      7BC6B7E6 
 137      4746BF19 
 137      8D9B0823 
 137      1E7A
 138 00d4 ED39A771 		.ascii	"\3559\247qi\222\361\236\303x\327a|>\3740\002\302\305"
 138      6992F19E 
 138      C378D761 
 138      7C3EFC30 
 138      02C2C5
 139 00e7 E0B3B9D4 		.ascii	"\340\263\271\324\022\013\302Efey\355=\031t\272T&\271"
 139      120BC245 
 139      666579ED 
 139      3D1974BA 
 139      5426B9
 140 00fa 94A7FCDE 		.ascii	"\224\247\374\336\262\246\307|B\363l\236\021\261Tt]\026"
 140      B2A6C77C 
 140      42F36C9E 
 140      11B15474 
 140      5D16
 141 010c C40BE08E 		.ascii	"\304\013\340\216\344\212O^N\264\177\327s\330\354}\001"
 141      E48A4F5E 
 141      4EB47FD7 
 141      73D8EC7D 
 141      01
 142 011d 27546349 		.ascii	"'TcI\3670\252T\351n\212\236\302'_\317\333x\334\024:"
 142      F730AA54 
 142      E96E8A9E 
 142      C2275FCF 
 142      DB78DC14 
 143 0132 7AB4D9C4 		.ascii	"z\264\331\304KI\230\355\276\354\314{\342\310{\314\363"
 143      4B4998ED 
 143      BEECCC7B 
 143      E2C87BCC 
 143      F3
 144 0143 D678DE23 		.ascii	"\326x\336#\236\267\312\363\036\362\274\306`\253\343"
 144      9EB7CAF3 
 144      1EF2BCC6 
 144      60ABE3
 145 0152 E71A0A55 		.ascii	"\347\032\012U)\261\210\027\352\020\261\210\017\016\020"
 145      29B18817 
 145      EA10B188 
 145      0F0E10
 146 0161 64D847F0 		.ascii	"d\330G\360C\021!\000\005\204\031\310#\004!\207\020\202"
 146      43112100 
 146      058419C8 
 146      23042187 
 146      1082
 147 0173 2C442438 		.ascii	",D$8e\217\037-\177:i"
 147      658F1F2D 
ARM GAS  /tmp/cc9PAmDp.s 			page 11


 147      7F3A69
 148              		.text
 149              		.section	.gnu.lto___early_init.f78d42532ba51d78,"",%progbits
 150 0000 789C6361 		.ascii	"x\234ca`d\000\201\253@l\007\304\322@\314\310\314\300"
 150      60640081 
 150      AB406C07 
 150      C4D240CC 
 150      C8CCC0
 151 0013 C834E11C 		.ascii	"\3104\341\034\003C#\007\023##\210\321\300\301\310P\317"
 151      03432307 
 151      13232388 
 151      D1C0C1C8 
 151      50CF
 152 0025 C458CFF8 		.ascii	"\304X\317\370\225\351/\023\343\241\366g;\2314\2277\000"
 152      95E92F13 
 152      E3A1F667 
 152      3B993497 
 152      3700
 153 0037 C183A3AF 		.ascii	"\301\203\243\257\014\033V\034`lef`\370\317\0046\211"
 153      0C1B561C 
 153      606C6566 
 153      60F8CF04 
 153      3689
 154 0049 817139A3 		.ascii	"\201q9\243&\003P\331\243\215\377\246\362\262\265\200"
 154      260350D9 
 154      A38DFFA6 
 154      F2B2B580 
 155 0059 94294024 		.ascii	"\224)@$\031W0\262\201\254[\037t\240\341\377\377\346"
 155      195730B2 
 155      81AC5B1F 
 155      74A0E1FF 
 155      FFE6
 156 006b 8686CF06 		.ascii	"\206\206\317\006\353\324Y\030\030>\000%A\326|db\002"
 156      EBD45918 
 156      183E0025 
 156      41D67C64 
 156      6202
 157 007d D1CC2F18 		.ascii	"\321\314/\030\233\017\334<\307\010R\0162h\347\3167\267"
 157      9B0FDC3C 
 157      C708520E 
 157      3268E7CE 
 157      37B7
 158 008f D9EBFF36 		.ascii	"\331\353\3776t44\010\26423\376g\002\232\301\270\222"
 158      74343408 
 158      B43233FE 
 158      67029AC1 
 158      B892
 159 00a1 B19EA195 		.ascii	"\261\236\241\225\231\211\001\244\366\026\037N\245@\223"
 159      998901A4 
 159      F6161F4E 
 159      A54093
 160 00b0 19574195 		.ascii	"\031WA\225\276bl:p\327\017\254\024\004>\000\315\001"
 160      BE626C3A 
 160      70D70FAC 
 160      14043E00 
 160      CD01
 161 00c2 DA065461 		.ascii	"\332\006Ta\243\247\247\357\234\221\231\224\351\037\034"
ARM GAS  /tmp/cc9PAmDp.s 			page 12


 161      A3A7A7EF 
 161      9C919994 
 161      E91F1C
 162 00d1 6F68A967 		.ascii	"oh\251g\250g\250\257\237_\254\237\221\230\243\237\224"
 162      A867A8AF 
 162      9F5FAC9F 
 162      9198A39F 
 162      94
 163 00e2 9F589452 		.ascii	"\237X\224R\254\037\034\022\357\027\352\354\343\352o"
 163      AC1F1C12 
 163      EF17EAEC 
 163      E3EA6F
 164 00f1 6612EF66 		.ascii	"f\022\357fbb\026\344\012\221\321Kf\000\000\326i`\246"
 164      626216E4 
 164      0A91D14B 
 164      660000D6 
 164      6960A6
 165              		.text
 166              		.section	.gnu.lto_boardInit.f78d42532ba51d78,"",%progbits
 167 0000 789C6361 		.ascii	"x\234ca`d\000\201j \266\003bi fdf`d\232p\216\201\241"
 167      60640081 
 167      6A20B603 
 167      62692066 
 167      64666064 
 168 0019 91838991 		.ascii	"\221\203\211\221\021\304h\340`d\250gb\254g\374\312\364"
 168      11C468E0 
 168      6064A867 
 168      62AC67FC 
 168      CAF4
 169 002b 9789F150 		.ascii	"\227\211\361P\373\263\235L\232\313\033\200\340A\353"
 169      FBB39D4C 
 169      9ACB1B80 
 169      E041EB
 170 003a 32A38615 		.ascii	"2\243\206\025\007\030[\231\031\030\3763\201Mb`\\\316"
 170      07185B99 
 170      1918FE33 
 170      814D6260 
 170      5CCE
 171 004c A8C90054 		.ascii	"\250\311\000T\366h\343\277\251\274l- e\012\020I\306"
 171      F668E3BF 
 171      A9BC6C2D 
 171      20650A10 
 171      49C6
 172 005e 158C6C20 		.ascii	"\025\214l \353\326\007\035h\370\377\277\271\241\341"
 172      EBD6071D 
 172      68F8FFBF 
 172      B9A1E1
 173 006d AEC12C4D 		.ascii	"\256\301,M\240\304\007 \006Y\363\221\211\011D3\277b"
 173      A0C40720 
 173      0659F391 
 173      89094433 
 173      BF62
 174 007f 64022905 		.ascii	"d\002)\005\233\366\201\211\021$\006Ta\243\247\247\357"
 174      9BF68189 
 174      11240654 
 174      61A3A7A7 
 174      EF
ARM GAS  /tmp/cc9PAmDp.s 			page 13


 175 0090 9C919994 		.ascii	"\234\221\231\224\351\037\034oh\251g\250g\250\257\237"
 175      E91F1C6F 
 175      68A967A8 
 175      67A8AF9F 
 176 00a0 5FAC9F91 		.ascii	"_\254\237\221\230\243\237\224\237X\224R\254\037\034"
 176      98A39F94 
 176      9F589452 
 176      AC1F1C
 177 00af 12EF17EA 		.ascii	"\022\357\027\352\354\343\352of\022\357fbb\026\344\012"
 177      ECE3EA6F 
 177      6612EF66 
 177      626216E4 
 177      0A
 178 00c0 91D14B66 		.ascii	"\221\321Kf\000\000\265[>\304"
 178      0000B55B 
 178      3EC4
 179              		.text
 180              		.section	.gnu.lto_.symbol_nodes.f78d42532ba51d78,"",%progbits
 181 0000 789C5DCB 		.ascii	"x\234]\313\273\015\302\000\014\004\320\3639Y\200\005"
 181      BB0DC200 
 181      0C04D0F3 
 181      39598005 
 182 0010 80496DA5 		.ascii	"\200Im\245A\202\206\025H\007\023\244\216R\204\357\014"
 182      41828615 
 182      480713A4 
 182      8E5284EF 
 182      0C
 183 0021 516A6640 		.ascii	"Qjf@8`\012\342\346Ywv\001A\203\030\236i\300\376\001"
 183      38600AE2 
 183      E6597776 
 183      01418318 
 183      9E69C0FE 
 184 0036 04473FB8 		.ascii	"\004G?\270Fv\241\311,+{\302\027\200\362J\343\257<\371"
 184      4676A1C9 
 184      2C2B7BC2 
 184      1780F24A 
 184      E3AF3CF9 
 185 004a 3ACE6F34 		.ascii	":\316o4\375K\344N+>\011\340\276\212/\001\306\315s9Y"
 185      FD4BE44E 
 185      2B3E09E0 
 185      BE8A2F01 
 185      C6CD7339 
 186 005f 6DBFD669 		.ascii	"m\277\326i\233\216i\265\313>m'c\251\207\227\250\226"
 186      9B8E69B5 
 186      CB3E6D27 
 186      63A98797 
 186      A896
 187 0071 E842BC01 		.ascii	"\350B\274\001^O1a"
 187      5E4F3161 
 188              		.text
 189              		.section	.gnu.lto_.refs.f78d42532ba51d78,"",%progbits
 190 0000 789C05C1 		.ascii	"x\234\005\301\267\021\300 \000\004\260GG\341\216dh\330"
 190      B711C020 
 190      0004B047 
 190      47E18E64 
 190      68D8
 191 0012 7F4FA49A 		.ascii	"\177O\244\232\222\233\344+4:\203\311\342gs\362\000\015"
ARM GAS  /tmp/cc9PAmDp.s 			page 14


 191      929BE42B 
 191      343A83C9 
 191      E26773F2 
 191      000D
 192 0024 8300DE   		.ascii	"\203\000\336"
 193              		.text
 194              		.section	.gnu.lto_.decls.f78d42532ba51d78,"",%progbits
 195 0000 789CCD59 		.ascii	"x\234\315YkPTI\226\256\274YUPE\001\006\270\033\035\033"
 195      6B505449 
 195      96AEBC59 
 195      55504501 
 195      06B81B1D 
 196 0015 CE444F0F 		.ascii	"\316DO\017c\023\033\261\224\330n\307n\304\306D\333\200"
 196      63131BB1 
 196      94D86EC7 
 196      6EC4C644 
 196      DB80
 197 0027 E2B4D310 		.ascii	"\342\264\323\020\205\335\023\373gk\020p$\026\305\000"
 197      85DD13FB 
 197      676B1070 
 197      2416C500 
 198 0037 9CB56323 		.ascii	"\234\265c#v/\017y\211\012h+\"\322*\370\246\025Q\024"
 198      762F0F79 
 198      890A682B 
 198      22D22AF8 
 198      A6155114 
 199 004b C4473562 		.ascii	"\304G5b\011(6B\253\320\202\242\264\264/\224\207\012"
 199      09283642 
 199      ABD082A2 
 199      B4B42F94 
 199      870A
 200 005d C86B4E3E 		.ascii	"\310kN>\252n\326\245\210\356\231_s#>n\236\233_\236s"
 200      AA6ED6A5 
 200      88EE995F 
 200      73233E6E 
 200      9E9B5F9E 
 201 0072 F264E6C9 		.ascii	"\362d\346\311\314B\253A\032\362\364\375B\243\271\201"
 201      CC42AB41 
 201      1AF2F4FD 
 201      42A3B981 
 202 0082 359A3992 		.ascii	"5\2329\222F3\015\217\036\276}\256Q\036\035@\017T\003"
 202      46330D8F 
 202      1EBE7DAE 
 202      511E1D40 
 202      0F5403
 203 0095 C00BE00D 		.ascii	"\300\013\340\015\360\005\220\326f\244qy\010\317\310"
 203      F00590D6 
 203      66A47179 
 203      08CFC8
 204 00a4 DBFB01E6 		.ascii	"\333\373\001\346\0020|k\201\367\373\200\353\200\005"
 204      02307C6B 
 204      81F7FB80 
 204      EB8005
 205 00b3 204B809B 		.ascii	" K\200\233P\366\001|\003\230\000\324\003\336\002\032"
 205      50F6017C 
 205      039800D4 
 205      03DE021A 
ARM GAS  /tmp/cc9PAmDp.s 			page 15


 206 00c3 0063001B 		.ascii	"\000c\000\033`\034p\025\360\032p\0050\015h\004Li\230"
 206      601C7015 
 206      F01A7005 
 206      300D6804 
 206      4C6998
 207 00d6 7DBDCA3E 		.ascii	"}\275\312>y\210\237&\356\003\261\231\015r&\267\227\203"
 207      79889F26 
 207      EE03B199 
 207      0D7226B7 
 207      9783
 208 00e8 983FB980 		.ascii	"\230?\271\200 \300&\356\233\216\364\015\336\377\007"
 208      20C026EE 
 208      9B8EF40D 
 208      DEFF07
 209 00f7 EF35802F 		.ascii	"\3575\200/\000\277\006\3743\340W\200\371\200\000\300"
 209      00BF06FC 
 209      33E05780 
 209      F98000C0 
 210 0107 7B8040C0 		.ascii	"{\200@\300\373\244\017\334\226~\226X\020\031s\037\232"
 210      FBA40FDC 
 210      967E9658 
 210      1019731F 
 210      9A
 211 0118 35CC9E2F 		.ascii	"5\314\236/\367\377\033\336\337\006\336\317\253\274\177"
 211      F7FF1BDE 
 211      DF06DECF 
 211      ABBC7F
 212 0127 3F65D3DD 		.ascii	"?e\323\335\343\305\355\220\376\346A\331\223\3630\257"
 212      E3C5ED90 
 212      FEE641D9 
 212      93F330AF 
 213 0137 33F0F152 		.ascii	"3\360\361R?\336\334o\307X#\376M\375LJ\350h[E\236\367"
 213      3FDEDC6F 
 213      C75823FE 
 213      4DFD4C4A 
 213      E8685B45 
 214 014d 5DD48990 		.ascii	"]\324\211\220\006\2419\010\361\226\244\021b%\376\011"
 214      06A13908 
 214      F196A411 
 214      6225FE09 
 215 015d 314172E8 		.ascii	"1Ar\350CN\315\274@\351\010\306\237\222\205\012\027\036"
 215      434ECDBC 
 215      40E908C6 
 215      9F92850A 
 215      171E
 216 016f 9D87F451 		.ascii	"\235\207\364Q>!\347\343`\"W\245\210\316*\207\010\262"
 216      3E21E7E3 
 216      602257A5 
 216      88CE2A87 
 216      08B2
 217 0181 A43410F4 		.ascii	"\2444\020\364q\357\271}$\232\245\252\261\243\323c\266"
 217      71EFB97D 
 217      249AA5AA 
 217      B1A3D363 
 217      B6
 218 0192 9E2B1206 		.ascii	"\236+\022\006\235P\276?vxIP\205\014O\276,K\363\224\310"
 218      9D50BE3F 
ARM GAS  /tmp/cc9PAmDp.s 			page 16


 218      76784950 
 218      850C4FBE 
 218      2C4BF394 
 219 01a7 DCCCA82C 		.ascii	"\334\314\250,\301\257$\344gDZ\020\007[\212{}@\234kD"
 219      C1AF24E4 
 219      67445A10 
 219      075B8A7B 
 219      7D409C6B 
 220 01bc EF82F822 		.ascii	"\357\202\370\"\343Q\217\027\253}\007\304\266\201\353"
 220      E3518F17 
 220      AB7D07C4 
 220      B681EB
 221 01cb 7BB83807 		.ascii	"{\2708\007\304\256\234\314R=\376\007j\240\273\361\310"
 221      C4AE9CCC 
 221      523DFE07 
 221      6AA0BBF1 
 221      C8
 222 01dc 31A2E77D 		.ascii	"1\242\347}#\"n\372\302\247\023\317k\307\274\331'\302"
 222      23226EFA 
 222      C2A713CF 
 222      6BC7BCD9 
 222      27C2
 223 01ee 68DB3A54 		.ascii	"h\333:T\356\201\377\211\224\245c\005\317\332\014(\320"
 223      EE81FF89 
 223      94A56305 
 223      CFDA0C28 
 223      D0
 224 01ff 789078D4 		.ascii	"x\220x\324\263\373\200\251V\226\347\240S\310\210N\""
 224      B3FB80A9 
 224      5696E7A0 
 224      53C8884E 
 224      22
 225 0210 8C8EA020 		.ascii	"\214\216\240 \322\231\367\311B\314\226\34549?]\366\013"
 225      D299F7C9 
 225      42CC96E5 
 225      34393F5D 
 225      F60B
 226 0222 D7A06368 		.ascii	"\327\240ch\036:\212\346iP\025\012$Z\011\017U\302\307"
 226      1E3A8AE6 
 226      6950150A 
 226      245A090F 
 226      55C2C7
 227 0235 13F0112C 		.ascii	"\023\360\021,\034)/\330\257\307Q\324\302\321\343\337"
 227      1C292FD8 
 227      AFC751D4 
 227      C2D1E3DF 
 228 0245 DA3D9031 		.ascii	"\332=\2201\320m\3733n\3323W\3062\027U\020W\252\301\225"
 228      D06DFB33 
 228      6EDA3357 
 228      C6321755 
 228      1057AAC1 
 229 025a D38A2BE0 		.ascii	"\323\212+\340\031\013\327\303s]\251\022\376\177\332"
 229      190BD7C3 
 229      735DA912 
 229      FE7FDA
 230 0269 A1E2BA57 		.ascii	"\241\342\272W\315:\026\015O\020_n\273\322\"\341tD\353"
 230      CD3A160D 
ARM GAS  /tmp/cc9PAmDp.s 			page 17


 230      4F105F6E 
 230      BBD222E1 
 230      7444EB
 231 027c FA3AD277 		.ascii	"\372:\322w\351q\016\023\362';e=.`\302\346\227\243\373"
 231      E9710E13 
 231      F2273B65 
 231      3D2E60C2 
 231      E697A3FB 
 232 0290 B4B88809 		.ascii	"\264\270\210\0115\027\372\0272\015\363@:\327=h\363b"
 232      3517FA17 
 232      320DF340 
 232      3AD73D68 
 232      F362
 233 02a2 C1EF4120 		.ascii	"\301\357A w\246\217\334\366\306\245\224j\330s\352v\203"
 233      77A68FDC 
 233      F6C6A594 
 233      6AD873EA 
 233      7683
 234 02b4 070A0808 		.ascii	"\007\012\010\010\360\017\010\010\014\010\330O\372\325"
 234      F00F0808 
 234      0C08D84F 
 234      FAD5
 235 02c2 B3F35A50 		.ascii	"\263\363ZPm\225,\347\350\251\303g\301\341\313\310_\351"
 235      6D952CE7 
 235      E8A9C367 
 235      C1E1CBC8 
 235      5FE9
 236 02d4 E7D7F047 		.ascii	"\347\327\360G\203\202\311pS\276\355t\234\203[\247\346"
 236      8382C970 
 236      53BEED74 
 236      9C835BA7 
 236      E6
 237 02e5 9A09F518 		.ascii	"\232\011\365\030R\270g\234\334sjn\215\242\267\200\317"
 237      52B8679C 
 237      DC736A6E 
 237      8DA2B780 
 237      CF
 238 02f6 29196935 		.ascii	")\031i5\350\"\020.\320:B\207\330!;D\272\021\005\240"
 238      E822102E 
 238      D03A4287 
 238      D8213B44 
 238      BA1105A0 
 239 030a 6F00F580 		.ascii	"o\000\365\200\006\200\015p\025p\005\005\320Y\310\314"
 239      06800D70 
 239      15700505 
 239      D059C8CC 
 240 031a D538CDD5 		.ascii	"\3258\315\325\2727'\372v\321I\276\244&W(\276\321!\265"
 240      BA3727FA 
 240      76D149BE 
 240      A4265728 
 240      BED121B5 
 241 032e 9D8C9365 		.ascii	"\235\214\223eO\302\321\360\321Tl^x\204v\311\266\014"
 241      4FC2D1F0 
 241      D1546C5E 
 241      788476C9 
 241      B60C
 242 0340 4C351D77 		.ascii	"L5\035w\037=\321l\225\323\354y\267\341\243Va\340.\327"
ARM GAS  /tmp/cc9PAmDp.s 			page 18


 242      1F3DD16C 
 242      95D3EC79 
 242      B7E1A356 
 242      61E02ED7 
 243 0354 EF9AF2C0 		.ascii	"\357\232\362\300=t\340\244\311\251\2561\037\344\037"
 243      3D74E0A4 
 243      C9A9AE31 
 243      1FE41F
 244 0363 E83652E8 		.ascii	"\3506R\350\032\004\350\257\011\026\353\323MoYB\315\320"
 244      1A04E8AF 
 244      0916EBD3 
 244      4D6F5942 
 244      CDD0
 245 0375 AC4999A3 		.ascii	"\254I\231\243\244\207\324\372\327%O\322\260?7g\233\325"
 245      A487D4FA 
 245      D7254FD2 
 245      B03F3767 
 245      9BD5
 246 0387 9CE6276D 		.ascii	"\234\346'm\201\256\346\276\264]FS\256s\021\241\353B"
 246      81AEE6BE 
 246      B45D4653 
 246      AE7311A1 
 246      EB42
 247 0399 A735A805 		.ascii	"\2475\250\005\23181;c\350[\254\225\3307\264R\253\021"
 247      9938313B 
 247      63E85BAC 
 247      95D837B4 
 247      52AB11
 248 03ac 92891F4B 		.ascii	"\222\211\037K&\225\323\333{\274q?\233\371\017Z\253e"
 248      2695D3DB 
 248      7BBC713F 
 248      9BF90F5A 
 248      AB65
 249 03be 83115667 		.ascii	"\203\021Vg\372\317Z\235d\351\245\235n\364\306C|\025"
 249      FACF5A9D 
 249      64E9A59D 
 249      6EF4C643 
 249      7C15
 250 03d0 6DAFAFD7 		.ascii	"m\257\257\327\342Q&\224\355*\310\322\341I&\034)\314"
 250      E2512694 
 250      ED2AC8D2 
 250      E149261C 
 250      29CC
 251 03e2 AF34E269 		.ascii	"\2574\342i&8\022\326\\\226\260\256L\217\330|\231C\022"
 251      263812D6 
 251      5C96B0AE 
 251      4C8FD87C 
 251      994312
 252 03f5 884547EF 		.ascii	"\210EG\357\2745\340T\226!\017\274\035\037 \011l>I`X"
 252      BC35E054 
 252      96210FBC 
 252      1D1F2009 
 252      6C3E4960 
 253 040a 485FF359 		.ascii	"H_\363Y\372\272t\255\351\240\011gQ\262\324V_4\351\345"
 253      FABA74AD 
 253      E9A00967 
 253      51B2D456 
ARM GAS  /tmp/cc9PAmDp.s 			page 19


 253      5F34E9E5 
 254 041e C82ED005 		.ascii	"\310.\320\005c\240\006\335\006W\357\020\377\273\301"
 254      63A006DD 
 254      0657EF10 
 254      FFBBC1
 255 042d FFF9DCFF 		.ascii	"\377\371\334\377\357\341c\2473\273\354\356\377]:\214"
 255      EFE163A7 
 255      33BBECEE 
 255      FF5D3A8C 
 256 043d 3FEA8219 		.ascii	"?\352\202\031tW\031\271\371<\271\\,\270\333g\304\205"
 256      745719B9 
 256      F93CB95C 
 256      2CB8DB67 
 256      C485
 257 044f CC4479AF 		.ascii	"\314Dy\257\\\247\235\315D\317\254&\3062\347\323\004"
 257      5CA79DCD 
 257      44CFAC26 
 257      C632E7D3 
 257      04
 258 0460 761F4CDC 		.ascii	"v\037L\334SLt9\022X\332\350\376\363\236x7\265\241\375"
 258      534C7439 
 258      1258DAE8 
 258      FEF39E78 
 258      37B5A1FD 
 259 0474 713437C3 		.ascii	"q47\303\023AF\011d\351d\272\355\277\012\2622\345\326"
 259      13414609 
 259      64E964BA 
 259      EDBF0AB2 
 259      32E5D6
 260 0487 3FD2E61D 		.ascii	"?\322\346\035\320\274\027\206\333i\225\316\361\333H"
 260      D0BC1786 
 260      DB6995CE 
 260      F1DB48
 261 0496 59F636E8 		.ascii	"Y\3666\350\214\244\021\346C/\237\311\217\300\277\037"
 261      8CA411E6 
 261      432F9FC9 
 261      8FC0BF1F 
 262 04a6 60263D74 		.ascii	"`&=tY\342\243\231&\207\356\007nu\013\253v\304.\221e"
 262      59E2A399 
 262      2687EE07 
 262      6E750BAB 
 262      76C42E91 
 263 04bb DBEBBA6C 		.ascii	"\333\353\272l\301\347\315E\323\257\275Q\300\334@\222"
 263      C1E7CD45 
 263      D3AFBD51 
 263      C0DC4092 
 264 04cb 02813869 		.ascii	"\002\2018i\307\251\262-\215\251\273\005j\177Ds\335-"
 264      C7A9B22D 
 264      8DA9BB05 
 264      6A7F4473 
 264      DD2D
 265 04dd CB42EA71 		.ascii	"\313B\352q:[~\212\307\204M<~\014\036?\001\217\373\\"
 265      3A5B7E8A 
 265      C7844D3C 
 265      7E0C1E3F 
 265      018FFB5C 
 266 04f1 D6D970A6 		.ascii	"\326\331p\246\017\361\002H3\223\307k\373<%y|7\273a\010"
ARM GAS  /tmp/cc9PAmDp.s 			page 20


 266      0FF10248 
 266      3393C76B 
 266      FB3C2579 
 266      7C37BB61 
 267 0506 7A66F6CE 		.ascii	"zf\366\316&<\027<H\235\335\003\215\213yh\224q\371V\265"
 267      263C173C 
 267      489DDD03 
 267      8D8B7968 
 267      9471F956 
 268 051b 09DF63B3 		.ascii	"\011\337c\263\363\321\265\023i\236\370!\023J[\216_\323"
 268      F3D1B513 
 268      699EF821 
 268      134A5B8E 
 268      5FD3
 269 052d E13E26D4 		.ascii	"\341>&\324\035;\336&\341\347L\250\250\035\330\204\310"
 269      1D3BDE26 
 269      E1E74CA8 
 269      A81DD884 
 269      C8
 270 053e 2CA6CB2F 		.ascii	",\246\313/\353D\012\036g\345\335\303\335O\014l\346\007"
 270      EB440A1E 
 270      67E5DDC3 
 270      DD4F0C6C 
 270      E607
 271 0550 82B8B5F5 		.ascii	"\202\270\265\365\253\273\236l]\330\310J\030\335\367"
 271      ABBB9E6C 
 271      5DD8C84A 
 271      18DDF7
 272 055f 43A18453 		.ascii	"C\241\204S1\341\232\276\312\030\253\362\345;M\000\337"
 272      31E19ABE 
 272      CA18ABF2 
 272      E53B4D00 
 272      DF
 273 0570 6C32D265 		.ascii	"l2\322e\333=\273I\316\217F7\241\273\317\241\273#\263"
 273      DB3DBB49 
 273      CE8F4637 
 273      A1BBCFA1 
 273      BB23B3
 274 0583 EE34845C 		.ascii	"\3564\204\\x\325InU\223\277u!\303\350M\333%\026\312"
 274      78D5496E 
 274      5593BF75 
 274      21C3E84D 
 274      DB2516CA 
 275 0597 A7108B76 		.ascii	"\247\020\213v5]\310\350.9t\010\010\203\264n\204O\273"
 275      355DC8E8 
 275      2E397408 
 275      0883B46E 
 275      844FBB
 276 05aa 4918C429 		.ascii	"I\030\304)\210\342\004\340-`\014\360\0120\016x\003\030"
 276      88E204E0 
 276      2D600CF0 
 276      0A300E78 
 276      0318
 277 05bc 05BC064C 		.ascii	"\005\274\006L;\247%q\265\340*\037H\342l\233{\353\216"
 277      3BA72571 
 277      B5E02A1F 
 277      48E26C9B 
ARM GAS  /tmp/cc9PAmDp.s 			page 21


 277      7BEB8E
 278 05cf 5D80F0BB 		.ascii	"]\200\360\273\2248\364\253\33153\330\337+\354\027\356"
 278      9438F4AB 
 278      D93533D8 
 278      DF2BEC17 
 278      EE
 279 05e0 D942D406 		.ascii	"\331B\324\006\024\3623\367!\026Uw(\354\227j\266\260"
 279      14F233F7 
 279      21165577 
 279      28EC976A 
 279      B6B0
 280 05f2 9DB3A9DC 		.ascii	"\235\263\251\334\016d\230\312#\352}\220(\272c\027\""
 280      0E6498CA 
 280      23EA7D90 
 280      28BA6317 
 280      22
 281 0603 30E05695 		.ascii	"0\340V\225\340\344veh\207\335\017-\263\013\363\312\326"
 281      E0E47665 
 281      6887DD0F 
 281      2DB30BF3 
 281      CAD6
 282 0615 327A5A87 		.ascii	"2zZ\2073\351\274\222\236f\2266b\024\350\317\374\331"
 282      33E9BC92 
 282      9E669636 
 282      6214E8CF 
 282      FCD9
 283 0627 7915117F 		.ascii	"y\025\021\177\322$\177$K\316<5B71\267\303\214R\245\300"
 283      D2247F24 
 283      4BCE3C35 
 283      423731B7 
 283      C38C52A5 
 284 063c BF79A449 		.ascii	"\277y\244I\202\037\223\017\272le\304\264\262\014\323"
 284      821F930F 
 284      BA6C65C4 
 284      B4B20CD3 
 285 064c 25137782 		.ascii	"%\023w\202p\277\316z\212\350nF>\337@t;{\321k\277\357"
 285      70BFCE7A 
 285      8AE86E46 
 285      3EDF4074 
 285      3B7BD16B 
 286 0662 F1CE0E9E 		.ascii	"\361\316\016\236G\336\325\242\317\377Qh\277Qz\007\376"
 286      47DED5A2 
 286      CFFF5168 
 286      BF517A07 
 286      FE
 287 0673 66485AA6 		.ascii	"fHZ\246!'g\342\251\376\275\275\262\255\222\234\322\""
 287      212767E2 
 287      A9FEBDBD 
 287      B2AD929C 
 287      D222
 288 0685 DACA32E5 		.ascii	"\332\3122\345\374TY\376\210\022\321a%3C\221\274\016"
 288      FC5459FE 
 288      8812D161 
 288      25334391 
 288      BC0E
 289 0697 C186A041 		.ascii	"\301\206\240A\231\322{\344$9q\247\006\343m4jh\262iw"
 289      99D27BE4 
ARM GAS  /tmp/cc9PAmDp.s 			page 22


 289      243971A7 
 289      06E36D34 
 289      6A68B269 
 290 06ac B134ABD5 		.ascii	"\2614\253\325lju%7\332}Gn\3222\243\266W\315&f\221pP"
 290      6C6A7525 
 290      37DA7D47 
 290      6ED232A3 
 290      B657CD26 
 291 06c4 96126228 		.ascii	"\226\022b(*\006s\250\301\301\376\2557|q\0313X\263\243"
 291      2A0673A8 
 291      C1C1FEAD 
 291      377C7119 
 291      3358B3A3 
 292 06d8 F8250625 		.ascii	"\370%\006%{A\311\255-\230L\014\260-Q5\271\212\232\\"
 292      7B41C9AD 
 292      2D984C0C 
 292      B02D5135 
 292      B98A9A5C 
 293 06ec 51CD26AA 		.ascii	"Q\315&\252\346z_\367\377\342J\246ej<m\037q\245\022\264"
 293      E67A5FF7 
 293      FFE24AA6 
 293      656A3C6D 
 293      1F71A512 
 294 0701 54B689AE 		.ascii	"T\266\211\256\344):\362D\035\233\251\016\371q]\227/"
 294      E4293AF2 
 294      441D9BA9 
 294      0EF9715D 
 294      972F
 295 0713 3EC7949C 		.ascii	">\307\224\2349qj\330\033\224\364\300\306v\266\324z\261"
 295      39716AD8 
 295      1B94F4C0 
 295      C676B6D4 
 295      7AB1
 296 0725 F20739DB 		.ascii	"\362\0079\333\217v\032mQ\264l\221\330\225\007m\245\032"
 296      8F761A6D 
 296      51B46C91 
 296      D895076D 
 296      A51A
 297 0737 AEEC49BD 		.ascii	"\256\354I\275\340\205\363\264T\203\343H\355\307\217"
 297      E085F3B4 
 297      5483E348 
 297      EDC78F
 298 0746 D463CF8B 		.ascii	"\324c\317\213n\361\304'\373\2203\311\371\214~~D\261"
 298      6EF1C427 
 298      FB9033C9 
 298      F98C7E7E 
 298      44B1
 299 0758 91FAE1C3 		.ascii	"\221\372\341\303U\245\236L>L\344'\223\366g:\274\227"
 299      55A59E4C 
 299      3E4CE427 
 299      93F6673A 
 299      BC97
 300 076a 29AB68B9 		.ascii	")\253h\271\332\305\357J\331\244\262}\2445\313\210\017"
 300      DAC5EF4A 
 300      D9A4B27D 
 300      A435CB88 
 300      0F
ARM GAS  /tmp/cc9PAmDp.s 			page 23


 301 077b B1CAE927 		.ascii	"\261\312\351'\235e<\303\016\0209\267z[\231/>\316*\333"
 301      9D653CC3 
 301      0E1039B7 
 301      7A5B992F 
 301      3ECE2ADB 
 302 078f FBF66598 		.ascii	"\373\366e\230Xe+\221\267l=u\322\210\253Y\345\341\276"
 302      58652B91 
 302      B76C3D75 
 302      D288AB59 
 302      E5E1BE
 303 07a2 922DBCF2 		.ascii	"\222-\274\362\337@\254n\251\271\247\303\347Y]\327\320"
 303      DF40AC6E 
 303      A9B9A7C3 
 303      E7595DD7 
 303      D0
 304 07b3 ED2C2F7C 		.ascii	"\355,/|\231\011'&\266\037\322\343f&l\332\2705\307\003"
 304      99092726 
 304      B61FD2E3 
 304      66266CDA 
 304      B835C703 
 305 07c7 DFA48271 		.ascii	"\337\244\202q`\252\377\2247"
 305      60AAFF94 
 305      37
 306 07d0 49D93467 		.ascii	"I\3314g\363\255\021\346\335ok\323\350\355\200\034\025"
 306      F3AD11E6 
 306      DD6F6BD3 
 306      E8ED801C 
 306      15
 307 07e1 F740C40E 		.ascii	"\367@\304\016\300\224w\236\005K$\361v\000K\262d\011"
 307      C094779E 
 307      054B24F1 
 307      76004BB2 
 307      6409
 308 07f3 59D784BB 		.ascii	"Y\327\204\273S\315\335!\271\234\205\201|O\347P\374\225"
 308      53CDDD21 
 308      B99C8581 
 308      7C4FE750 
 308      FC95
 309 0805 9A6C56E9 		.ascii	"\232lV\351\335\341\324\273KM-\222\334\347\366Bi\036"
 309      DDE1D4BB 
 309      4B4D2D92 
 309      DCE7F642 
 309      691E
 310 0817 2AA07584 		.ascii	"*\240u\204NV\374\021X\375eR\000:\012\330\0078\010(\007"
 310      4E56FC11 
 310      58FD6552 
 310      003A0AD8 
 310      07380828 
 311 082c EC071C06 		.ascii	"\354\007\034\006\034\222\234G\0150\231\3574\271[m\262"
 311      1C929C47 
 311      0D3099EF 
 311      34B95B6D 
 311      B2
 312 083d 7846576A 		.ascii	"xFWj\234\344\275j\362\266\031\344*'\371K5y\273\322\031"
 312      9CE4BD6A 
 312      F2B619E4 
 312      2A27F94B 
ARM GAS  /tmp/cc9PAmDp.s 			page 24


 312      3579BBD2 
 313 0852 96E3EED2 		.ascii	"\226\343\356\322\253\007pT\247\007\250z\375\010\245"
 313      AB077054 
 313      A707A87A 
 313      FD08A5
 314 0861 D2944B34 		.ascii	"\322\224K4\225\2525U\270\246Q{\373\235I-\356\320\262"
 314      95AA3555 
 314      B8A6517B 
 314      FB9D492D 
 314      EED0B2
 315 0874 B367B9FC 		.ascii	"\263g\271\374\310S}\237p\304\013}\015a\372kC\306\234"
 315      C8537D9F 
 315      70C40B7D 
 315      0D61FA6B 
 315      43C69C
 316 0887 BD6FA709 		.ascii	"\275o\247\011\271\202dEeq\021\347\251\017\205\305\217"
 316      B9826445 
 316      657111E7 
 316      A90F85C5 
 316      8F
 317 0898 870DAEB7 		.ascii	"\207\015\256\267\012wF5?\313\"\350\333u!g\320\3477e"
 317      0A774635 
 317      3FCB22E8 
 317      DB752167 
 317      D0E73765 
 318 08ac 722BA4AB 		.ascii	"r+\244\253\261\314_B0\264\3508\350\310g\266\205\031"
 318      B1CC5F42 
 318      30B4E838 
 318      E8C867B6 
 318      8519
 319 08be 40BEAC80 		.ascii	"@\276\254\200c\346\011\3517\344$3\230]\2447\362k}\376"
 319      63E609E9 
 319      37E42433 
 319      985DA437 
 319      F26B7DFE 
 320 08d2 4F5E1C50 		.ascii	"O^\034P\245d$\353\272\341\3600?\371\347\223\245{q\352"
 320      A56424EB 
 320      BAE1F030 
 320      3FF9E793 
 320      A57B71EA 
 321 08e6 59B317EE 		.ascii	"Y\263\027\356cK\351`{\361\240\036\277d\302\336\242\306"
 321      634BE960 
 321      7BF1A01E 
 321      BF64C2DE 
 321      A2C6
 322 08f8 34098F30 		.ascii	"4\011\2170\341L_\223\335\310\232\311\244YyM\317\004"
 322      E14C5F93 
 322      DDC89AC9 
 322      A459794D 
 322      CF04
 323 090a C2693A5A 		.ascii	"\302i:Zi\263\347\301\376\277\231\011\331\017\262\332"
 323      69B3E7C1 
 323      FEBF9909 
 323      D90FB2DA 
 324 091a 397394C8 		.ascii	"9s\224\310g_\034;\353\315OX4=\324\217tx\343m\214|\375"
 324      675F1C3B 
 324      EBCD4F58 
ARM GAS  /tmp/cc9PAmDp.s 			page 25


 324      343DD48F 
 324      7478E36D 
 325 0931 60592ABD 		.ascii	"`Y*\275\374\310|+\202VJN\257\223\340\254\016\213\010"
 325      FCC87C2B 
 325      82564A4E 
 325      AF93E0AC 
 325      0E8B08
 326 0944 2DA0F79E 		.ascii	"-\240\367\236\334\213C\245\310/\237\037\270?\322\262"
 326      DC8B43A5 
 326      C82F9F1F 
 326      B83FD2B2 
 327 0954 3B324487 		.ascii	";2D\207\235\036\316K~\2166\204\275\263\366\341\200\017"
 327      9D1ECE4B 
 327      7E8E3684 
 327      BDB3F6E1 
 327      800F
 328 0966 DEC3EC14 		.ascii	"\336\303\354\024\\~=\354\205\3671\241k\377\366\003Z"
 328      5C7E3DEC 
 328      85F731A1 
 328      6BFFF603 
 328      5A
 329 0977 E6E16322 		.ascii	"\346\341c\"\357\231\230\310\320\342\203\2542\255\256"
 329      EF9998C8 
 329      D0E283AC 
 329      32ADAE
 330 0986 B380C7A7 		.ascii	"\263\200\307\247\207^\234\322\266\225\353q%\253\034"
 330      875E9CD2 
 330      B695EB71 
 330      25AB1C
 331 0995 7F716840 		.ascii	"\177qh@\217\3171\341\354\203//\361<\327A\357\272\303"
 331      8FCF31E1 
 331      EC832F2F 
 331      F13CD741 
 331      EFBAC3
 332 09a8 258326DC 		.ascii	"%\203&\334\300*7\226\177\227\347\201o0a\370\356f\273"
 332      C02A3796 
 332      7F97E781 
 332      6F3061F8 
 332      EE66BB
 333 09bb 097730A1 		.ascii	"\011w0\241\241\261\267\035\016\260L\330t\245\332\316"
 333      A1B1B71D 
 333      0EB04CD8 
 333      74A5DACE 
 334 09cb 13692391 		.ascii	"\023i#\221S\037Wfa\374\234\033\340\221\363\343\221\033"
 334      531F5766 
 334      61FC9C1B 
 334      E091F3E3 
 334      911B
 335 09dd 6CBD9C6B 		.ascii	"l\275\234k\300oXeKN!,\273)&L\357\036\330c\302\231z*"
 335      C06F5865 
 335      4B4E212C 
 335      BB29264C 
 335      EF1ED863 
 336 09f5 9C2FDB78 		.ascii	"\234/\333x\304\023\3473\241\356\354y;\377if\0019J\337"
 336      C413E733 
 336      A1EEEC79 
 336      3BFF6966 
ARM GAS  /tmp/cc9PAmDp.s 			page 26


 336      01394ADF 
 337 0a09 D8DC65C2 		.ascii	"\330\334e\302E\254\356\370\343,\233\007\336\313[\265"
 337      45ACEEF8 
 337      E32C9B07 
 337      DECB5BB5 
 338 0a19 8C55F8E0 		.ascii	"\214U\370\340\303\\\270[m\306U\254\274\357q\3556_\\"
 338      C35CB85B 
 338      6DC655AC 
 338      BCEF71ED 
 338      365F5C
 339 0a2c C78407DD 		.ascii	"\307\204\007\335?\346\372\340\006&d^\372\362\202\001"
 339      3FE6FAE0 
 339      0626645E 
 339      FAF28201 
 340 0a3c DF604243 		.ascii	"\337`BC\017\\\262\356\260\362\263\\[\247\204{\230p\244"
 340      0F5CB2EE 
 340      B0F2B35C 
 340      5BA7847B 
 340      9870A4
 341 0a4f 76F3031D 		.ascii	"v\363\003\035~\302\204\336\263\031o\264\270\237\011"
 341      7EC284DE 
 341      B3196FB4 
 341      B89F09
 342 0a5e C7264A5B 		.ascii	"\307&J[\015x\210\011\255\347z\036\371\340\267LhJ\333"
 342      0D788809 
 342      ADE77A1E 
 342      F9E0B74C 
 342      684ADB
 343 0a71 7C886F04 		.ascii	"|\210o\004Ed\266\275\330QU\257\347s\310\000\362\323"
 343      4564B6BD 
 343      D85155AF 
 343      E773C800 
 343      F2D3
 344 0a83 4DA5E55A 		.ascii	"M\245\345Z<I\311\001M\247N\324\371\320\224?\343\361"
 344      3C49C901 
 344      4DA74ED4 
 344      F9D0943F 
 344      E3F1
 345 0a95 E7C776FE 		.ascii	"\347\307v\376\320S[\317\236\267\177,.k\316\223\367\326"
 345      D0535BCF 
 345      9EB77F2C 
 345      2E6BCE93 
 345      F7D6
 346 0aa7 237A74BB 		.ascii	"#zt\273\010\253\352\215p\002\022S1?\214\256R\016\205"
 346      08ABEA8D 
 346      70021253 
 346      313F8CAE 
 346      520E85
 347 0aba 67D4EC6A 		.ascii	"g\324\354j\227\304H\350C\002\375\264\232\276C\255\274"
 347      97C448E8 
 347      4302FDB4 
 347      9ABE43AD 
 347      BC
 348 0acb 4D605F56 		.ascii	"M`_V\263\277Q\263\337\010\354*5\373\244\313>\0067\263"
 348      B3BF51B3 
 348      DF08EC2A 
 348      35FBA4CB 
ARM GAS  /tmp/cc9PAmDp.s 			page 27


 348      3E0637B3 
 349 0adf D655CAC5 		.ascii	"\326U\312\305\354\212\232\33503\375\257b\231\030V\022"
 349      EC8A9ADD 
 349      3033FDAF 
 349      62991856 
 349      12
 350 0af0 6AE674C7 		.ascii	"j\346t\307\372BMjW\212\004W\276S+\027\217\277\314\227"
 350      FA424D6A 
 350      578A0457 
 350      BE532B17 
 350      8FBFCC97 
 351 0b04 ED822FB7 		.ascii	"\355\202/\267\325\364\231w\213{\202\366\263\356c.\370"
 351      D5F49977 
 351      8B7B82F6 
 351      B3EE632E 
 351      F8
 352 0b15 F2BDC0BE 		.ascii	"\362\275\300\276\340~<E\345g\004\372u5\375\332\014z"
 352      E07E3C45 
 352      E56704FA 
 352      7535FDDA 
 352      0C7A
 353 0b27 89406F53 		.ascii	"\211@oS\323[\325\276L\304(\354\357\325l\325/x\020\364"
 353      D35BD5BE 
 353      4CC428EC 
 353      EFD56CD5 
 353      2F7810F4 
 354 0b3b 2E21E8E7 		.ascii	".!\350\347\324A\257Q\237Ln\013l\233\232}I\355J\245\340"
 354      D441AF51 
 354      9F4C6E0B 
 354      6C9B9A7D 
 354      49ED4AA5 
 355 0b50 F8B76A57 		.ascii	"\370\267jWJ\324\354|\201\335\241f\317\274t}'\320\353"
 355      4AD4EC7C 
 355      81DDA166 
 355      CFBC747D 
 355      27D0EB
 356 0b63 DD4F5CB1 		.ascii	"\335O\\\261\237\305\202\347\355j\317\007g\334\232\005"
 356      9FC582E7 
 356      ED6ACF07 
 356      67DC9A05 
 357 0b73 E577DCCF 		.ascii	"\345w\334\317\226\231g\245\373\240\356\0365\374\206"
 357      969967A5 
 357      FBA0EE1E 
 357      35FC86
 358 0b82 6FFCE3B0 		.ascii	"o\374\343\260\037g\340\000\224\006\030\205m\367\005"
 358      1F67E000 
 358      94061885 
 358      6DF705
 359 0b91 600A3004 		.ascii	"`\0120\004x\015x\002\230\006<\006\274\002\364\003&\000"
 359      780D7802 
 359      98063C06 
 359      BC02F403 
 359      2600
 360 0ba3 83801140 		.ascii	"\203\200\021@*\264{\016\357\037\001c\000H7(\035\276"
 360      2AB47B0E 
 360      EF1F0163 
 360      00483728 
ARM GAS  /tmp/cc9PAmDp.s 			page 28


 360      1DBE
 361 0bb5 F5C1FB07 		.ascii	"\365\301\373\007\3000`\000\360\000\360\014\360\022\360"
 361      C0306000 
 361      F000F00C 
 361      F012F0
 362 0bc4 14F010D0 		.ascii	"\024\360\020\320\013x\013x\004\220\261\370\363O\225"
 362      0B780B78 
 362      0490B1F8 
 362      F34F95
 363 0bd3 B0146EB8 		.ascii	"\260\024n\270\037\0261\320o\205\011u\327\375\204\022"
 363      1F1631D0 
 363      6F850975 
 363      D7FD8412 
 364 0be3 22774E88 		.ascii	"\"wN\210\\\243\232]\254\036\363W\002\373\224\373\\%"
 364      5CA39A5D 
 364      AC1EF357 
 364      02FB94FB 
 364      5C25
 365 0bf5 DE9D877B 		.ascii	"\336\235\207{\303S\311\357vo\324'9\242\353\253\276\360"
 365      C353C9EF 
 365      766FD427 
 365      39A2EBAB 
 365      BEF0
 366 0c07 C274B971 		.ascii	"\302t\271q\001Uv\323\375:\021\373u^\260}\325\275\247"
 366      015576D3 
 366      FD3A11FB 
 366      755EB07D 
 366      D5BDA7
 367 0c1a 227D4A08 		.ascii	"\"}J\010C\247\373\351)tl\207\240\374\226\373\354$\260"
 367      43A7FBE9 
 367      29746C87 
 367      A0FC96FB 
 367      EC24B0
 368 0c2d 4705768F 		.ascii	"G\005v\217\373\264*\272rZ\240\267\270\317\037\242r\301"
 368      FBB42ABA 
 368      725AA0B7 
 368      B8CF1FA2 
 368      72C1
 369 0c3f F12E35DB 		.ascii	"\361.5\333\254\326}Q\320mw\237\263\305\375@\320\335"
 369      ACD67D51 
 369      D06D779F 
 369      B3C5FD40 
 369      D0DD
 370 0c51 ED56B7E3 		.ascii	"\355V\267\343\247\267\327\025\025\335p\201\362\240G"
 370      A7B7D715 
 370      15DD7081 
 370      F2A047
 371 0c60 E7936D0F 		.ascii	"\347\223m\017+L\352\243\263c\371\240,\034\370w\273\202"
 371      2B4CEAA3 
 371      B363F9A0 
 371      2C1CF877 
 371      BB82
 372 0c72 D83C1CEF 		.ascii	"\330<\034\357{\207\034\3213\261?\332\210\235G\3647\216"
 372      7B871CD1 
 372      33B13FDA 
 372      889D47F4 
 372      378E
ARM GAS  /tmp/cc9PAmDp.s 			page 29


 373 0c84 23FAF8D6 		.ascii	"#\372\370\326\375m.\277p\020\242\360[\001\246?\326\223"
 373      FD6D2EBF 
 373      7010A2F0 
 373      5B01A63F 
 373      D693
 374 0c96 37F9057D 		.ascii	"7\371\005}\377\205m:\221L~\227P\3109\234\234C\311\317"
 374      FF856D3A 
 374      914C7E97 
 374      50C8399C 
 374      9C43C9CF 
 375 0caa 8AE1C42F 		.ascii	"\212\341\304/\222\217\273\374v\222\313\311\271\224|"
 375      928FBBFC 
 375      7692CBC9 
 375      B9947C
 376 0cb9 F440C79F 		.ascii	"\364@\307\237\335\377\373A\363\363\377\367\2006a\177"
 376      DDFFFB41 
 376      F3F3FFF7 
 376      8036617F 
 377 0cc9 F23FB6CE 		.ascii	"\362?\266\316\222k\236\242\341l\027/\363\270a\3626\374"
 377      926B9EA2 
 377      E16C172F 
 377      F3B861F2 
 377      36FC
 378 0cdb 695D7CA2 		.ascii	"i]|\2425~m|\212\347\322O?{7$8X\243\215^\225\224`\264"
 378      357E6D7C 
 378      8AE7D24F 
 378      3F7B3724 
 378      3858A38D 
 379 0cf4 5AD7C7AF 		.ascii	"Z\327\307\257M\371`\2415\345_\314\353\223\223\314\361"
 379      4DF960A1 
 379      35E55FCC 
 379      EB9393CC 
 379      F1
 380 0d05 6B6312D6 		.ascii	"kc\022\326\307\306\231\327\306\375OB\374J\363\232\350"
 380      C7C699D7 
 380      C6FD4F42 
 380      FC4AF39A 
 380      E8
 381 0d16 98D5F16B 		.ascii	"\230\325\361k\343\314\326\330\270U\321\353\023R\254"
 381      E3CCD6D8 
 381      B855D1EB 
 381      1352AC
 382 0d25 295FAC8B 		.ascii	")_\254\213K\016Z\255\361t4{\317]\263\344/\222\315\326"
 382      4B0E5AAD 
 382      F174347B 
 382      CF5DB3E4 
 382      2F92CDD6 
 383 0d39 E49458E0 		.ascii	"\344\224X\340\000\027'\306&\351\326\255_\027\233\344"
 383      001727C6 
 383      26E9D6AD 
 383      5F179BE4 
 384 0d49 9198BC2E 		.ascii	"\221\230\274...6I\237H\364$\351\326$\306\306%\021GV"
 384      2E2E3649 
 384      9F48F424 
 384      E9D624C6 
 384      C6251147 
 385 0d5e FF475090 		.ascii	"\377GP\2209du\374\312\370\210(k\360\277\007\005\007"
ARM GAS  /tmp/cc9PAmDp.s 			page 30


 385      396475FC 
 385      CAF88828 
 385      6BF0BF07 
 385      0507
 386 0d70 059BCD89 		.ascii	"\005\233\315\211\311\346\325\321\011\346\225\211\321"
 386      C9E6D5D1 
 386      09E69589 
 386      D1
 387 0d7d 49B1C9E6 		.ascii	"I\261\311\346\250\025\326O?\013Y\036\026\361\341\"\353"
 387      A815D64F 
 387      3F0B591E 
 387      16F1E122 
 387      EB
 388 0d8e 92458B3E 		.ascii	"\222E\213>\264\204\261\232\240\030\215\211\366.9.e\375"
 388      B484B19A 
 388      A0188D89 
 388      F62E392E 
 388      65FD
 389 0da0 3A6B8A76 		.ascii	":k\212v\361\022\313r\335\362\210\220O,\332\217\243,"
 389      F112CB72 
 389      DDF28890 
 389      4F2CDA8F 
 389      A32C
 390 0db2 16F40714 		.ascii	"\026\364\007\024\256\213I\210\213N\342\235\015\376\320"
 390      AE8B4988 
 390      8B4EE29D 
 390      0DFED0
 391 0dc1 9AE2E928 		.ascii	"\232\342\351(`h\365\333\331m\257KLJ!\246\177\377\301"
 391      6068F5DB 
 391      D96DAF4B 
 391      4C4A21A6 
 391      7FFFC1
 392 0dd4 42F3F2E5 		.ascii	"B\363\362\345\241\346\245\221\313\"\376\274\320\234"
 392      A1E6A591 
 392      CB22FEBC 
 392      D09C
 393 0de2 9CB206FA 		.ascii	"\234\262\006\372N\254\222\356E\204Z\360\262P\213.\362"
 393      4EAC92EE 
 393      45845AF0 
 393      B2508B2E 
 393      F2
 394 0df3 B3C8508B 		.ascii	"\263\310P\213GDTdXX\250E\037\261\342?#\303,\272\337"
 394      47445464 
 394      5858A845 
 394      1FB1E23F 
 394      23C32CBA 
 395 0e08 47848659 		.ascii	"G\204\206Y\210O\341&\245\2255\305W\020\310\260\230\254"
 395      884FE126 
 395      A59535C5 
 395      5710C8B0 
 395      98AC
 396 0e1a 56F030E1 		.ascii	"V\3600\341\013*\030h\307\226Ai\016\243\305$$\306\374"
 396      0B2A1868 
 396      C7964169 
 396      0EA3C524 
 396      24C6FC
 397 0e2d 37ADFAE8 		.ascii	"7\255\372\350\347\371J\377.Y\264a\003\251\261&$\304"
ARM GAS  /tmp/cc9PAmDp.s 			page 31


 397      E7F94AFF 
 397      2E59B461 
 397      03A9B126 
 397      24C4
 398 0e3f D2810B06 		.ascii	"\322\201\013\006o\375\251I\307p\306$\256]\025\377'}"
 398      6FFDA949 
 398      C770C624 
 398      AE5D15FF 
 398      277D
 399 0e51 E4D2D0E8 		.ascii	"\344\322\320\350\224h}\344\022\366\012c\257P\366\012"
 399      94687DE4 
 399      12F60A63 
 399      AF50F60A 
 400 0e61 61AF8FD9 		.ascii	"a\257\217\331k1{\205\223\2277\325\305t@LC>Y\272xE\330"
 400      6B317B85 
 400      939737D5 
 400      C574404C 
 400      433E59BA 
 401 0e78 A7168FD0 		.ascii	"\247\026\217\320\220OB\226,\265\030#\227/\217Z\274\314"
 401      904F4296 
 401      2CB51823 
 401      972F8F5A 
 401      BCCC
 402 0e8a 515CB630 		.ascii	"Q\\\2660\212\024uQQ!K-\006KXT\230\345\363\260\320\017"
 402      8A147551 
 402      51214B2D 
 402      064B5854 
 402      98E5F3B0 
 403 0ea0 7148140C 		.ascii	"qH\024\014Th\210\362\351_\015\213#?^\270<\022T\221R"
 403      546888F2 
 403      E95F0D8B 
 403      233F5EB8 
 403      3C125491 
 404 0eb5 302B396A 		.ascii	"0+9j\027\031\026\207\177\374\001\257\015w\362\302\325"
 404      17191687 
 404      7FFC01AF 
 404      0D77F2C2 
 404      D5
 405 0ec6 BC0F3C88 		.ascii	"\274\017<\210\026\342\016\321!\326,\364 \032hM8g\204"
 405      16E20ED1 
 405      21D62CF4 
 405      201A684D 
 405      386784
 406 0ed9 BB32823D 		.ascii	"\2732\202=I[K\324\012\013)\004\223\202\263n\201'i\315"
 406      495B4BD4 
 406      0A0B2904 
 406      9382B36E 
 406      812769CD 
 407 0eed EAC21DA4 		.ascii	"\352\302\035\244pF\302!\313,Z\322I\017\350/yK!\026O"
 407      7046C221 
 407      CB2C5AD2 
 407      490FE82F 
 407      794B2116 
 408 0f02 1E8D85B3 		.ascii	"\036\215\205\263L\361\230\3045k\022\327\232\3436\244"
 408      4CF198C4 
 408      356B12D7 
 408      9AE336A4 
ARM GAS  /tmp/cc9PAmDp.s 			page 32


 409 0f12 C0A80903 		.ascii	"\300\250\011\003GG~\025L\364\015\033`\330\274,!!\326"
 409      47477E15 
 409      4CF40D1B 
 409      60D8BC2C 
 409      2121D6
 410 0f25 153086A1 		.ascii	"\0250\206\241q\253\376\002J\354\277R"
 410      71ABFE02 
 410      4AECBF52 
 411              		.text
 412              		.section	.gnu.lto_.symtab.f78d42532ba51d78,"",%progbits
 413 0000 5F5F6561 		.ascii	"__early_init\000"
 413      726C795F 
 413      696E6974 
 413      00
 414 000d 00       		.ascii	"\000"
 415 000e 00       		.ascii	"\000"
 416 000f 00       		.ascii	"\000"
 417 0010 00000000 		.ascii	"\000\000\000\000\000\000\000\000"
 417      00000000 
 418 0018 0B010000 		.ascii	"\013\001\000\000"
 419 001c 626F6172 		.ascii	"boardInit\000"
 419      64496E69 
 419      7400
 420 0026 00       		.ascii	"\000"
 421 0027 00       		.ascii	"\000"
 422 0028 00       		.ascii	"\000"
 423 0029 00000000 		.ascii	"\000\000\000\000\000\000\000\000"
 423      00000000 
 424 0031 0D010000 		.ascii	"\015\001\000\000"
 425 0035 73746D33 		.ascii	"stm32_clock_init\000"
 425      325F636C 
 425      6F636B5F 
 425      696E6974 
 425      00
 426 0046 00       		.ascii	"\000"
 427 0047 02       		.ascii	"\002"
 428 0048 00       		.ascii	"\000"
 429 0049 00000000 		.ascii	"\000\000\000\000\000\000\000\000"
 429      00000000 
 430 0051 0F010000 		.ascii	"\017\001\000\000"
 431              		.text
 432              		.section	.gnu.lto_.opts,"",%progbits
 433 0000 272D666D 		.ascii	"'-fmath-errno' '-fsigned-zeros' '-ftrapping-math' '"
 433      6174682D 
 433      6572726E 
 433      6F272027 
 433      2D667369 
 434 0033 2D666E6F 		.ascii	"-fno-trapv' '-fno-strict-overflow' '-fno-openmp' '-"
 434      2D747261 
 434      70762720 
 434      272D666E 
 434      6F2D7374 
 435 0066 666E6F2D 		.ascii	"fno-openacc' '-mcpu=cortex-m4' '-mthumb' '-mfloat-a"
 435      6F70656E 
 435      61636327 
 435      20272D6D 
 435      6370753D 
ARM GAS  /tmp/cc9PAmDp.s 			page 33


 436 0099 62693D68 		.ascii	"bi=hard' '-mfpu=fpv4-sp-d16' '-g' '-ggdb' '-Og' '-f"
 436      61726427 
 436      20272D6D 
 436      6670753D 
 436      66707634 
 437 00cc 6F6D6974 		.ascii	"omit-frame-pointer' '-falign-functions=16' '-ffunct"
 437      2D667261 
 437      6D652D70 
 437      6F696E74 
 437      65722720 
 438 00ff 696F6E2D 		.ascii	"ion-sections' '-fdata-sections' '-fno-common' '-flt"
 438      73656374 
 438      696F6E73 
 438      2720272D 
 438      66646174 
 439 0132 6F2700   		.ascii	"o'\000"
 440              		.text
 441              		.comm	__gnu_lto_v1,1,1
 442              		.comm	__gnu_lto_slim,1,1
 443              		.ident	"GCC: (15:5.4.1+svn241155-1) 5.4.1 20160919"
ARM GAS  /tmp/cc9PAmDp.s 			page 34


DEFINED SYMBOLS
                            *ABS*:0000000000000000 board.c
                            *COM*:0000000000000001 __gnu_lto_v1
                            *COM*:0000000000000001 __gnu_lto_slim

NO UNDEFINED SYMBOLS
