ARM GAS  /tmp/ccAQ4Gpy.s 			page 1


   1              		.syntax unified
   2              		.cpu cortex-m4
   3              		.eabi_attribute 27, 1
   4              		.eabi_attribute 28, 1
   5              		.fpu fpv4-sp-d16
   6              		.eabi_attribute 20, 1
   7              		.eabi_attribute 21, 1
   8              		.eabi_attribute 23, 3
   9              		.eabi_attribute 24, 1
  10              		.eabi_attribute 25, 1
  11              		.eabi_attribute 26, 1
  12              		.eabi_attribute 30, 1
  13              		.eabi_attribute 34, 1
  14              		.eabi_attribute 18, 4
  15              		.thumb
  16              		.syntax unified
  17              		.file	"ch.cpp"
  18              		.text
  19              	.Ltext0:
  20              		.section	.gnu.lto_.profile.5414d1125fd34bf3,"",%progbits
  21 0000 789C6361 		.ascii	"x\234ca`d`a`\000\222R<\000\000\252\0001"
  21      60646061 
  21      60009252 
  21      3C0000AA 
  21      0031
  22              		.text
  23              		.section	.gnu.lto_.inline.5414d1125fd34bf3,"",%progbits
  24 0000 789C6361 		.ascii	"x\234ca`d\000\001}\006\004`b``gcd`\3428`\307\300\266"
  24      60640001 
  24      7D060460 
  24      62606067 
  24      636460E2 
  25 0019 409E0922 		.ascii	"@\236\011\"\306)\002\024b\336!\316\300\336\241\016\026"
  25      C6290214 
  25      62DE21CE 
  25      C0DEA10E 
  25      16
  26 002a 62116060 		.ascii	"b\021```\234\340\307\000\000p\260\004\263"
  26      609CE0C7 
  26      000070B0 
  26      04B3
  27              		.text
  28              		.section	.gnu.lto_.jmpfuncs.5414d1125fd34bf3,"",%progbits
  29 0000 789C6361 		.ascii	"x\234ca`d\000\001n\006\004`\202\342z\001\006\000\003"
  29      60640001 
  29      6E060460 
  29      82E27A01 
  29      060003
  30 0013 7600A4   		.ascii	"v\000\244"
  31              		.text
  32              		.section	.gnu.lto_.pureconst.5414d1125fd34bf3,"",%progbits
  33 0000 789C6361 		.ascii	"x\234ca`d`e```b`a\222\004\000\000\254\000,"
  33      60646065 
  33      60606062 
  33      60619204 
  33      0000AC00 
  34              		.text
ARM GAS  /tmp/ccAQ4Gpy.s 			page 2


  35              		.section	.gnu.lto__ZN10chibios_rt6System14getIdleThreadXEv.5414d1125fd34bf3,"",%progbits
  36 0000 789C9552 		.ascii	"x\234\225RMOSQ\020\275\347\336\322\026\021\342^L\272"
  36      4D4F5351 
  36      10BDE7DE 
  36      D21611E2 
  36      5E4CBA
  37 0013 E9824D5F 		.ascii	"\351\202M_ .0q\347\0170\321\205K\202@\322F#M\013\032"
  37      202E3071 
  37      E70F30D1 
  37      854B8240 
  37      D246234D 
  38 0029 577D7C3C 		.ascii	"W}|<\005C\024M$\251\242\325\210\001\005\344CA\212\230"
  38      0543144D 
  38      24A9A2D5 
  38      880105E4 
  38      43418A98 
  39 003d 34045D00 		.ascii	"4\004]\000\312Gd\0051\015\210$\004\202\250,\374\240"
  39      CA476405 
  39      310D8824 
  39      0482A82C 
  39      FCA0
  40 004f 75E6F230 		.ascii	"u\346\3620\232\342\302\2334\2573s\356\234\231s\256C"
  40      9AE2C29B 
  40      34AF3373 
  40      EE9C9973 
  40      AE43
  41 0061 40F039A3 		.ascii	"@\3609\243\204\210\322\367 \375\240\004d\363[!j\334"
  41      8488D2F7 
  41      20FDA004 
  41      64F35B21 
  41      6ADC
  42 0073 12E03FA6 		.ascii	"\022\340?\246\033\"\"\021\301\226\334\226\230\251\357"
  42      1B222211 
  42      C196DC96 
  42      98A9EF
  43 0082 6D555FA5 		.ascii	"mU_\245E0\007\205\233on-\345q\010x(\374\020\277\264"
  43      45300785 
  43      9B6F6E2D 
  43      E5710878 
  43      28FC10BF 
  44 0097 EE286837 		.ascii	"\356(h7\351$\037^3\242\035\011\207\245\244HK\201\016"
  44      E9241F5E 
  44      33A21D09 
  44      87A5A448 
  44      4B810E
  45 00aa E4A31DF9 		.ascii	"\344\243\035\371L\361\010\005\202\300\213}\251\233\271"
  45      4CF10805 
  45      82C08B7D 
  45      A99BB9
  46 00b9 CE7A067B 		.ascii	"\316z\006{\030B\225\307p\322H\314\363\276)\231\312\362"
  46      184295C7 
  46      70D248CC 
  46      F3BE2999 
  46      CAF2
  47 00cb 3E30CD06 		.ascii	">0\315\0063\221nS\324\251\336\223\331\212\256t\302K"
  47      33916E53 
  47      D4A9DE93 
ARM GAS  /tmp/ccAQ4Gpy.s 			page 3


  47      D98AAE74 
  47      C24B
  48 00dd F081F1B5 		.ascii	"\360\201\361\265)\027\303\351\364O\233\370\007\270\013"
  48      2917C3E9 
  48      F44F9BF8 
  48      07B80B
  49 00ec DE9E1309 		.ascii	"\336\236\023\0113\235\2563\023?<\257\257\347:\245\260"
  49      339DAE33 
  49      133F3CAF 
  49      AFE73AA5 
  49      B0
  50 00fd 14ADFF89 		.ascii	"\024\255\377\211\350y\331M)\371\253>\242v\370\333`\254"
  50      E879D94D 
  50      29F9AB3E 
  50      A276F8DB 
  50      60AC
  51 010f 27EFEF39 		.ascii	"'\357\3579\023\023\261\200\2362-\221\261\002\272\341"
  51      1313B180 
  51      9E322D91 
  51      B102BAE1 
  52 011f 248E2770 		.ascii	"$\216'p\326)^\241\305\032\235r\2616\016\215\215\307"
  52      D6295EA1 
  52      C51A9D72 
  52      B1360E8D 
  52      8DC7
  53 0131 D7E65D91 		.ascii	"\327\346]\221mZ\310<@\271Fb\345\364\352\344\334\330"
  53      6D5AC83C 
  53      40B94662 
  53      E5F4EAE4 
  53      DCD8
  54 0143 BE18EED4 		.ascii	"\276\030\356\324\230:\237\205^\222\272\207\007\246\342"
  54      983A9F85 
  54      5E92BA87 
  54      07A6E2
  55 0152 D5A1DE46 		.ascii	"\325\241\336F\267\321\255\365\234\337>z\310RN\364!\206"
  55      B7D1ADF5 
  55      9CDF3E7A 
  55      C8524EF4 
  55      2186
  56 0164 148DABE9 		.ascii	"\024\215\253\351\010\363\252i\246\315\306\230\247,\345"
  56      08F3AA69 
  56      A6CDC698 
  56      A72CE5
  57 0173 423F8C14 		.ascii	"B?\214\024\215\267[\337X\371^d\227\303\264+\236rY\356"
  57      8DB75BDF 
  57      58F95E64 
  57      97C3B42B 
  57      9E7259EE 
  58 0187 94F10C86 		.ascii	"\224\361\014\206XDmry\3520\257E\360/s\033K\331\252D"
  58      58446D72 
  58      79EA30AF 
  58      45F02F73 
  58      1B4BD9AA 
  59 019c 8FBC707F 		.ascii	"\217\274p\177lK\221\252\315\265$W\027\242\367\264\011"
  59      6C4B91AA 
  59      CDB52457 
  59      17A2F7B4 
ARM GAS  /tmp/ccAQ4Gpy.s 			page 4


  59      09
  60 01ad 6E0C4065 		.ascii	"n\014@eH;\250}\270\2731>\233CK\262Vd\233\245\262Ysn"
  60      483BA87D 
  60      B8BB313E 
  60      9B434BB2 
  60      56649BA5 
  61 01c5 2DF01C11 		.ascii	"-\360\034\021\342\2226\317\330\362\317\331\034U\256"
  61      E29236CF 
  61      D8F2CFD9 
  61      1C55AE
  62 01d4 796A3A6F 		.ascii	"yj:o\267\356g\367l\036S\363(\014\355\301\023\207W\010"
  62      B7EE67F7 
  62      6C1E53F3 
  62      280CEDC1 
  62      13875708 
  63 01e8 B267F64A 		.ascii	"\262g\366J\272ude\332\231i\020Cx\034\333(\231i\324\260"
  63      BA756465 
  63      DA996910 
  63      43781CDB 
  63      289969D4 
  64 01fd 36EA859E 		.ascii	"6\352\205\236c\362\363\372D\236-q\354re\364\035\230"
  64      63F2F3FA 
  64      449E2D71 
  64      EC7265F4 
  64      1D98
  65 020f 99864E49 		.ascii	"\231\206NI\265\203\304\010\014r\364O\235t\373\335e~"
  65      B583C408 
  65      0C72F44F 
  65      9D74FBDD 
  65      657E
  66 0221 8FD4021D 		.ascii	"\217\324\002\035\322\213\344\373\224\031]\330\311ti"
  66      D28BE4FB 
  66      94195DD8 
  66      C97469
  67 0230 6DA2C9C4 		.ascii	"m\242\311\304\215\254\342A\263\001\3746\361\022\305"
  67      8DACE241 
  67      B301FC36 
  67      F112C5
  68 023f 62D5EED0 		.ascii	"b\325\356\320\311\035\370\025\202_\037\231[\344\363"
  68      C91DF815 
  68      825F1F99 
  68      5BE4F3
  69 024e 19C7FC81 		.ascii	"\031\307\374\201\323\201\343'K\012\217\370\012}\205"
  69      D381E327 
  69      4B0A8FF8 
  69      0A7D85
  70 025d 86511936 		.ascii	"\206Q\0316\316\227\206\002\225\325a\243,\030,\271\020"
  70      CE978602 
  70      95D561A3 
  70      2C182CB9 
  70      10
  71 026e 2A0D062B 		.ascii	"*\015\006+B\024\370}\024\213\202\275\257\204\252\214"
  71      4214F87D 
  71      148B82BD 
  71      AF84AA8C 
  72 027e C0B9B2B3 		.ascii	"\300\271\262\263\325\345\025\004\014_\014\373\374\302"
  72      D5E51504 
ARM GAS  /tmp/ccAQ4Gpy.s 			page 5


  72      0C5F0CFB 
  72      FCC2
  73 028c 51E50F84 		.ascii	"Q\345\017\204eU\360?I\374D\362\0133\200b\376"
  73      6555F03F 
  73      49FC44F2 
  73      0B338062 
  73      FE
  74              		.text
  75              		.section	.gnu.lto__ZN10chibios_rt10_thd_startEPv.5414d1125fd34bf3,"",%progbits
  76 0000 789C5D8F 		.ascii	"x\234]\217\315+\204Q\024\306\317s\357\353\235!do\222"
  76      CD2B8451 
  76      14C6CF73 
  76      EFEB9D21 
  76      646F92
  77 0013 9D58BCAF 		.ascii	"\235X\274\257Q\302\312\302\037\240\260\327\370\210Y"
  77      51C2CAC2 
  77      1FA0B0D7 
  77      F88859
  78 0022 994658BA 		.ascii	"\231FX\272f\346\215\262!\261\020Y\211\361=\312\202R"
  78      66E68DB2 
  78      21B11059 
  78      89F13DCA 
  78      8252
  79 0034 938D52C8 		.ascii	"\223\215R\310\202\205\225|%6&\244\024\343\234a!\247"
  79      8285957C 
  79      253626A4 
  79      14E39C61 
  79      21A7
  80 0046 EE3DF7B9 		.ascii	"\356=\367\271\235\363;\317\261\010$\221\344T\317\271"
  80      9DF33BCF 
  80      B1082491 
  80      E454CFB9 
  81 0056 940F3441 		.ascii	"\224\0174AM\234\020\215\370\025 \017\343\007\015+\014"
  81      4D9C108D 
  81      F815200F 
  81      E3070D2B 
  81      0C
  82 0067 E34D7D2A 		.ascii	"\343M}*\034\214\336\357\252\312%\303qu7Uf\226\323\360"
  82      1C8CDEEF 
  82      AACA25C3 
  82      71753755 
  82      6696D3F0 
  83 007b 345156E5 		.ascii	"4QV\345H\204%Tr\325YbkN\277*O\003\026\313\314\361\354"
  83      48842554 
  83      72D55962 
  83      6B4EBF2A 
  83      4F0316CB 
  84 0092 4DB14885 		.ascii	"M\261H\205r\226Of|\037\272\026\304\357\363\213d[\305"
  84      72964F66 
  84      7C1FBA16 
  84      C4EFF38B 
  84      645BC5
  85 00a5 A2313163 		.ascii	"\24211c^\272L\276\2475V\240\031\207$\002XF\200\370\213"
  85      5EBA4CBE 
  85      A73556A0 
  85      19872402 
  85      584680F8 
ARM GAS  /tmp/ccAQ4Gpy.s 			page 6


  86 00ba B08A0AA9 		.ascii	"\260\212\012\251\276N}M\027\331\011\231^\3763\023k\260"
  86      BE4E7D4D 
  86      17D90999 
  86      5EFE3313 
  86      6BB0
  87 00cc 658BCD96 		.ascii	"e\213\315\226\264\311f\343\306|V_\3326[\347\016\315"
  87      B4C966E3 
  87      C67C565F 
  87      DA365BE7 
  87      0ECD
  88 00de BD96C557 		.ascii	"\275\226\305W\036\3213\027\3136\031\245$\353{\304\366"
  88      1ED13317 
  88      CB3619A5 
  88      24EB7BC4 
  88      F6
  89 00ef 326B8DD2 		.ascii	"2k\215\322\036\327\232\3213\336\301\251O<\3329_\357"
  89      1ED79AD1 
  89      33DEC1A9 
  89      4F3CDA39 
  89      5FEF
  90 0101 87476385 		.ascii	"\207Gc\205\013\230\347\355|q\366\275\316N\344\177\361"
  90      0B98E7ED 
  90      7C71F6BD 
  90      CE4EE47F 
  90      F1
  91 0112 36B6E173 		.ascii	"6\266\341s\327\305A\011\323\261\201\005|\345\226\307"
  91      D7C54109 
  91      D3B18105 
  91      7CE596C7 
  92 0122 265C62EC 		.ascii	"&\\b\354G\301\017\324\372\013\265\376C\363x*\266\004"
  92      47C10FD4 
  92      FA0BB5FE 
  92      43F3782A 
  92      B604
  93 0134 8A1423E8 		.ascii	"\212\024#\350\001\0113\011\351\224\302\233\307\324\205"
  93      01093309 
  93      E994C29B 
  93      C7D485
  94 0143 55B7F33B 		.ascii	"U\267\363;\305\3170\361P%\325\333\250#\026\236\316\247"
  94      C5CF30F1 
  94      5025D5DB 
  94      A823169E 
  94      CEA7
  95 0155 47C4D23B 		.ascii	"G\304\322;E\271\036\211g\005Y\215\315\3248\216\333\324"
  95      45B91E89 
  95      6705598D 
  95      CDD4388E 
  95      DBD4
  96 0167 1BEE0837 		.ascii	"\033\356\0107\267\266\007\033\234\240\023t\335\276~"
  96      B7B6071B 
  96      9CA01374 
  96      DDBE7E
  97 0176 7730140D 		.ascii	"w0\024\015\367\015\364\273\235\221H\373P4\024\211tG"
  97      F70DF4BB 
  97      9D9148FB 
  97      50341489 
  97      7447
ARM GAS  /tmp/ccAQ4Gpy.s 			page 7


  98 0188 59F43AAC 		.ascii	"Y\364:\254I\207\242=\337j\246\234h"
  98      4987A23D 
  98      DF6AA69C 
  98      68
  99              		.text
 100              		.section	.gnu.lto_.symbol_nodes.5414d1125fd34bf3,"",%progbits
 101 0000 789C6361 		.ascii	"x\234ca`d0c\000\002\246s\314\365\014\014\023\31610\000"
 101      60643063 
 101      0002A673 
 101      CCF50C0C 
 101      13CE3130 
 102 0015 A9550D8A 		.ascii	"\251U\015\212\014\014\254\227\231\031\024@2\347\231"
 102      0C0CAC97 
 102      99191440 
 102      32E799
 103 0024 EB195164 		.ascii	"\353\031QdX\230\030>?\370\307\310\300\000\000_\223\015"
 103      5898183E 
 103      3FF8C7C8 
 103      C000005F 
 103      930D
 104 0036 05       		.ascii	"\005"
 105              		.text
 106              		.section	.gnu.lto_.refs.5414d1125fd34bf3,"",%progbits
 107 0000 789C6361 		.ascii	"x\234ca`d`c`\000\222\014\214\214\014\000\000\231\000"
 107      60646063 
 107      6000920C 
 107      8C8C0C00 
 107      009900
 108 0013 0F       		.ascii	"\017"
 109              		.text
 110              		.section	.gnu.lto_.decls.5414d1125fd34bf3,"",%progbits
 111 0000 789CC55A 		.ascii	"x\234\305Z\011PTI\232\256|\371\200\242(\300Ug\266g\303"
 111      09505449 
 111      9AAE7CF9 
 111      80A228C0 
 111      5567B667 
 112 0015 99EDED70 		.ascii	"\231\355\355pv\331\355\030i\264\317\210\335\231qz{g"
 112      76D9ED18 
 112      69B4CF88 
 112      DD99717A 
 112      7B67
 113 0027 3A62EED9 		.ascii	":b\356\331\356\335\356\330\211\332\022\253\225\031\256"
 113      EEDDEED8 
 113      89DA12AB 
 113      9519AE
 114 0036 AE7A5EB1 		.ascii	"\256z^\261\0331\217K@\0249\344F\005E<\000A\001A@,<\020"
 114      1B318F4B 
 114      401439E4 
 114      4605453C 
 114      00410141 
 115 004e 51410E41 		.ascii	"QA\016A@9\024\357\366\340\220\033\335?3_U\275\252z "
 115      403914EF 
 115      F6E0901B 
 115      DD3F335F 
 115      55BDAA7A 
 116 0063 4EC4C496 		.ascii	"N\304\304\226\376\274\374\363}\371\377\177\376\371\347"
 116      FEBCFCF3 
ARM GAS  /tmp/ccAQ4Gpy.s 			page 8


 116      7DF9FF7F 
 116      FEF9E7
 117 0072 9FF9F23D 		.ascii	"\237\371\362=^\205T\344\027\377\221J\025\246V\251\356"
 117      5E8554E4 
 117      17FF914A 
 117      15A656A9 
 117      EE
 118 0083 43F925FC 		.ascii	"C\371%\3740\\?W\331~\034\320e\200\266\000\221\026?\342"
 118      305C3F57 
 118      D97E1CD0 
 118      6580B600 
 118      91163FE2 
 119 0097 54763F72 		.ascii	"Tv?rO\003\327\305@K\201.\000\037\017\364c\300\375\013"
 119      4F03D7C5 
 119      404B812E 
 119      001F0FF4 
 119      63C0FD0B 
 120 00ab D03B40A9 		.ascii	"\320;@\251\300\377\004\256\253\201x\300\254\202\353"
 120      C0FF04AE 
 120      AB8178C0 
 120      AC82EB
 121 00ba 0AA00CA8 		.ascii	"\012\240\014\250\257\007\302\222\234\177\203\272\237"
 121      AF07C292 
 121      9C7F83BA 
 121      9F
 122 00c7 73CA7A5A 		.ascii	"s\312zZ$=\237\313t}\006\364\033\300\375\012\350K\240"
 122      243D9FCB 
 122      747D06F4 
 122      1BC0FD0A 
 122      E84BA0
 123 00da CF817E0F 		.ascii	"\317\201~\017\364_\222\214\377\220\256-H\345\364\233"
 123      F45F928C 
 123      FF90AE2D 
 123      48E5F49B 
 124 00ea E5D085A6 		.ascii	"\345\320\205\246\261\032\357\036\324\205\220\012\241"
 124      B11AEF1E 
 124      D485900A 
 124      A1
 125 00f7 4508493D 		.ascii	"E\010I=\204\037\251\221\256\244\200\030C-B*\013\312"
 125      841FA991 
 125      AEA48018 
 125      432D422A 
 125      0BCA
 126 0109 2A14D17F 		.ascii	"*\024\321\177\360\237\243x$\273a\207\243\376\245?\231"
 126      F09FA378 
 126      24BB6187 
 126      A3FEA53F 
 126      99
 127 011a 3DC8F2B3 		.ascii	"=\310\362\263 \221\275P\"\325\306\002\317\331\032\310"
 127      2091BD50 
 127      22D5C602 
 127      CFD91AC8 
 128 012a E449D64B 		.ascii	"\344I\326K\372\221\\-\025\215-\235\216\032\036\274\350"
 128      FA915C2D 
 128      158D2D9D 
 128      8E1A1EBC 
 128      E8
ARM GAS  /tmp/ccAQ4Gpy.s 			page 9


 129 013b 8E412694 		.ascii	"\216A&\2243\256\214\015k\361\333\264\234\224P\362D\213"
 129      33AE8C0D 
 129      6BF1DBB4 
 129      9C9450F2 
 129      448B
 130 014d 57D372DD 		.ascii	"W\323r\335\300\325:~E\241\010\277\004Q\344\322\261\315"
 130      C0D53A7E 
 130      45A108BF 
 130      0451E4D2 
 130      B1CD
 131 015f 67DBFAD3 		.ascii	"g\333\372\323\377\027\377.L|\2230\035\343\261\011^o"
 131      FF17FF2E 
 131      4C7C9330 
 131      1DE3B109 
 131      5E6F
 132 0171 1F167344 		.ascii	"\037\026sD\261\177\266~\371QQ\\\204>\3776*D\030\025"
 132      B17FB67E 
 132      F951515C 
 132      843EFF36 
 132      2A441815 
 133 0185 A0159636 		.ascii	"\240\025\2266|\316\261\210\027\256\310g\211\317\222"
 133      7CCEB188 
 133      17AEC867 
 133      89CF92
 134 0194 7C22D27C 		.ascii	"|\"\322|2\027\211\373\324\350\030Z\202\216\000\264\030"
 134      321789FB 
 134      D4E8185A 
 134      828E00B4 
 134      18
 135 01a5 2D2156C2 		.ascii	"-!V\302\005\035F\240*\221\200\236\205\213\"\351\310"
 135      051D46A0 
 135      2A91809E 
 135      858B22E9 
 135      C8
 136 01b6 AA65E89D 		.ascii	"\252e\350\235e*T\202|(\240\010\275M\313G\221\017\225"
 136      652A5482 
 136      7C28A008 
 136      BD4DCB47 
 136      910F95
 137 01c9 9E4F748B 		.ascii	"\236Ot\213\245\200\025\251 *\020@\264\337sJ;:\2074\350"
 137      A58015A9 
 137      202A1040 
 137      B4DF734A 
 137      3B3A8734 
 138 01de 52D98567 		.ascii	"R\331\205g\337 \234\210\250\037Z\"K\262\361(\207\026"
 138      DF209C88 
 138      A81F5A22 
 138      4BB2F128 
 138      8716
 139 01f0 6B100FEC 		.ascii	"k\020\017\354\320\225\314\333^\300.\325\2407\201\035"
 139      D095CCDB 
 139      5EC02ED5 
 139      A037811D 
 140 0200 C9DB79CC 		.ascii	"\311\333y\314\033\3470h\334\336\334,\017lfLtJ\234Y\203"
 140      1BE73068 
 140      DCDEDC2C 
 140      0F6C664C 
ARM GAS  /tmp/ccAQ4Gpy.s 			page 10


 140      744A9C59 
 141 0215 AF3266EF 		.ascii	"\2572f\357\364\371\022\017\334\303\230\201\375\255\341"
 141      F4F9120F 
 141      DCC39881 
 141      FDADE1
 142 0224 1AFC8831 		.ascii	"\032\374\2101\217\356\026tpx\2141\025O\012*<\231.3\341"
 142      8FEE1674 
 142      70788C31 
 142      154F0A2A 
 142      3C992E33 
 143 0239 EF8D8D75 		.ascii	"\357\215\215u\270b\221\015\324\241\273\331\361Zv\363"
 143      B862910D 
 143      D4A1BBD9 
 143      F15A76F3 
 144 0249 4360DBAF 		.ascii	"C`\333\257\366\036\300x+\273w\263\341p\0011\362\037"
 144      F61EC078 
 144      2BBB77B3 
 144      E1700131 
 144      F21F
 145 025b 34888482 		.ascii	"4\210\204\2027T\025\177sr\322\223U\021D\353\316\341"
 145      3754157F 
 145      7372D293 
 145      551144EB 
 145      CEE1
 146 026d 3C37BC93 		.ascii	"<7\274\223\302\271\202\304G\255\356\310GC\207\242\377"
 146      C2B982C4 
 146      47ADEEC8 
 146      474387A2 
 146      FF
 147 027e 79EBBF26 		.ascii	"y\353\277&F\303\020\243\263H\203\352\254\343\006-\341"
 147      46C310A3 
 147      B34883EA 
 147      ACE3062D 
 147      E1
 148 028f 6F8C2886 		.ascii	"o\214(\206\213\011\021\342\342\237\251P\031Z\206J\021"
 148      8B0911E2 
 148      E29FA950 
 148      195A864A 
 148      11
 149 02a0 F8EE0CF8 		.ascii	"\370\356\014\370\213\334Ef\2509\0155\240\340p^\342>"
 149      8BDC4566 
 149      A8390D35 
 149      A0E0705E 
 149      E23E
 150 02b2 57DCC014 		.ascii	"W\334\300\024\0349\332\\\357\2064>\212\255\353\035["
 150      1C39DA5C 
 150      EF86343E 
 150      8AADEB1D 
 150      5B
 151 02c3 3333DA52 		.ascii	"33\332R\337-$\301s\036\2548g\263\002\214b\243\"\356"
 151      DF2D24C1 
 151      731EAC38 
 151      67B3028C 
 151      62A322EE 
 152 02d7 9ADEEB49 		.ascii	"\232\336\353I:I\024L\266wLi\346RpQY\301d\232\357)\242"
 152      3A49144C 
 152      B6774C69 
ARM GAS  /tmp/ccAQ4Gpy.s 			page 11


 152      E6527051 
 152      59C1649A 
 153 02ee A001145C 		.ascii	"\240\001\024\\\260)8oQp\243t\307Y5>\215\251\277\016"
 153      B029386F 
 153      5170A374 
 153      C759353E 
 153      8DA9BF0E 
 154 0302 8E1C1A45 		.ascii	"\216\034\032E\370\002cf\0164_W\343\026\306dV\2176\272"
 154      F8026366 
 154      0E345F57 
 154      E316C664 
 154      568F36BA 
 155 0316 B0715003 		.ascii	"\260qP\003\233pc\262\306\003w\263{\005\343\221\345\336"
 155      9B7063B2 
 155      C60377B3 
 155      7B05E391 
 155      E5DE
 156 0328 B80FDB8D 		.ascii	"\270\017\333\215\346Ri4\247\222O\226{\340;\354fI\335"
 156      E6526934 
 156      A7924F96 
 156      7BE03BEC 
 156      6649DD
 157 033b D41977FC 		.ascii	"\324\031w\374\21019g\006~\200_\260\362\271\333m\015"
 157      88313967 
 157      067E805F 
 157      B0F2B9DB 
 157      6D0D
 158 034d 2E3882A7 		.ascii	".8\202\247LUJ\315c5\336\305\230\272\331\256l\015\316"
 158      4C554ACD 
 158      6335DEC5 
 158      98BAD9AE 
 158      6C0DCE
 159 0360 634CEBB3 		.ascii	"cL\353\263\313\273=\230\025\213\200=q\367b\275\206\351"
 159      CBBB3D98 
 159      158B803D 
 159      71F762BD 
 159      86E9
 160 0372 1211F0D5 		.ascii	"\022\021\360\325\0255\365\222\221\357\000\0331\270{"
 160      1535F592 
 160      91EF001B 
 160      31B87B
 161 0381 C00B17B2 		.ascii	"\300\013\027\262\246\365;#\267kp9e\270\306#\227\242"
 161      A6F53B23 
 161      B76B7039 
 161      65B8C623 
 161      97A2
 162 0393 E674E44D 		.ascii	"\346t\344MEG\232[!Q\336\000'\366(81k\344\346\003w\246"
 162      45479A5B 
 162      2151DE00 
 162      27F62838 
 162      316BE4E6 
 163 03aa D8874445 		.ascii	"\330\207DE\325\310\001W\\\307\024\337z\371\342\017\270"
 163      D5C80157 
 163      5CC714DF 
 163      7AF9E20F 
 163      B8
 164 03bb 9195A3CD 		.ascii	"\221\225\243\315W\0335\270\2251\261\205\261\365^x\220"
ARM GAS  /tmp/ccAQ4Gpy.s 			page 12


 164      571B35B8 
 164      9531B185 
 164      B1F55E78 
 164      90
 165 03cc 31FB4E57 		.ascii	"1\373NW\177\343\206G\031c\231n\213\331t;\364\260o\006"
 165      7FE38647 
 165      1963996E 
 165      8BD9743B 
 165      F4B06F06 
 166 03e0 E3081736 		.ascii	"\343\010\0276\217n\\(\361\302Q\214\251\036\317\252\366"
 166      8F6E5C28 
 166      F1C2518C 
 166      A91ECFAA 
 166      F6
 167 03f1 C6DB1973 		.ascii	"\306\333\031s\345\366\313a\015NfLYq\323]\017\234\311"
 167      E5F6CB61 
 167      0D4E664C 
 167      5971D35D 
 167      0F9CC9
 168 0404 98B894C7 		.ascii	"\230\270\224\307\371^\3700c*2_\230y|\2021Q;\212\322"
 168      F95EF830 
 168      632A325F 
 168      98797C82 
 168      31513B8A 
 169 0419 88075DD9 		.ascii	"\210\007]\331\024r\203\252\301gS'xVE\372\275\031\252"
 169      147283AA 
 169      C1675327 
 169      785645FA 
 169      BD19AA
 170 042c 7667DC38 		.ascii	"vg\3348\346\205\253h\023\356\320Tn\270\024\345\242\223"
 170      E685AB68 
 170      13EED054 
 170      6EB814E5 
 170      A293
 171 043e EF9E81EF 		.ascii	"\357\236\201\357\\\211\357\036C\3157\326 |\336\372\243"
 171      5C89EF1E 
 171      43CD37D6 
 171      207CDEFA 
 171      A3
 172 044f 4A12844F 		.ascii	"J\022\204O\301\177Ol\376s\225\3347<\371\254\214\307"
 172      C17F4F6C 
 172      FE7395DC 
 172      373CF9AC 
 172      8CC7
 173 0461 E798FCDE 		.ascii	"\347\230\374\336m\327\363\275\346\222?\242,\277-uE\001"
 173      6DD7F3BD 
 173      E6923FA2 
 173      2CBF2D75 
 173      4501
 174 0473 913F0CF2 		.ascii	"\221?\014\362\207l\362\237Z\306g@\234\316\320\342\313"
 174      876CF29F 
 174      5AC66740 
 174      9CCED0E2 
 174      CB
 175 0484 4CC1C8DE 		.ascii	"L\301\310\336\236\2419\025\214)+\230\354|\217\316\242"
 175      9EA13915 
 175      8C292B98 
ARM GAS  /tmp/ccAQ4Gpy.s 			page 13


 175      EC7C8FCE 
 175      A2
 176 0495 E7A060D4 		.ascii	"\347\240`\324\246`\330\242`\372\376\256.\304FL\013l"
 176      A660D8A2 
 176      60FAFEAE 
 176      2EC4464C 
 176      0B6C
 177 04a7 787557A2 		.ascii	"xuW\2427\013\314~\032\267S1/x\334\312|\336\271\275\255"
 177      370BCC7E 
 177      1AB75331 
 177      2F78DCCA 
 177      7CDEB9BD 
 178 04bc C7157733 		.ascii	"\307\025w3c\236\246v\307{\317e\314\214\2421\346Z\210"
 178      639EA676 
 178      C77BCF65 
 178      CC8CA231 
 178      E65A88
 179 04cf C4693064 		.ascii	"\304i0dJ\301\220\372\346\234\0215\356g\232N&&\301D\272"
 179      4AC190FA 
 179      E69C1135 
 179      EE679A4E 
 179      2626C144 
 180 04e4 CB98DEF4 		.ascii	"\313\230\336\364\270j\017<\311\230\332\235\303\225\356"
 180      B86A0F3C 
 180      C998DA9D 
 180      C395EE
 181 04f3 58746551 		.ascii	"XteQ9q\253\304\033\307\272\332M\261\245l\212=\2140\017"
 181      3971ABC4 
 181      1BC7BADA 
 181      4DB1A56C 
 181      8A3D8C30 
 182 0508 F03881DD 		.ascii	"\3608\201\335+\216\032<\254\206{\313 Z\220,\333.c\331"
 182      2B8E1A3C 
 182      AC867BCB 
 182      205A902C 
 182      DB2E63D9 
 183 051c B6CC3C52 		.ascii	"\266\314<R\304\343\024\212\345ZJ\273\316\313\263\355"
 183      C4E3148A 
 183      E55A4ABB 
 183      CECBB3ED 
 184 052c F76800C4 		.ascii	"\367h\000\304p\032\264\225\263\232\275\314\232l\237"
 184      701AB495 
 184      B39ABDCC 
 184      9A6C9F
 185 053b ED135DDF 		.ascii	"\355\023]\337\260.S\321\234\017\275\207\242\270e(\222"
 185      B02E53D1 
 185      9C0FBD87 
 185      A2B86528 
 185      92
 186 054c 63A976EF 		.ascii	"c\251v\357\241s\236x/\223\376x\327\243\030l\225\336"
 186      A1739E78 
 186      2F93FE78 
 186      D7A3186C 
 186      95DE
 187 055e 96BA8C0E 		.ascii	"\226\272\214\016\177\034H\217\265I\007e\312\342\267"
 187      7F1C488F 
 187      B5490765 
ARM GAS  /tmp/ccAQ4Gpy.s 			page 14


 187      CAE2B7
 188 056d 29880F4F 		.ascii	")\210\017On+t\307\007\231\370]EE\005j\253\370\311\264"
 188      6E2B74C7 
 188      0799F85D 
 188      4545056A 
 188      ABF8C9B4 
 189 0581 1574F0E3 		.ascii	"\025t\360\343A\374v\233\370\270\271\304\357P\020\237"
 189      41FC769B 
 189      F8B8B9C4 
 189      EF50109F 
 190 0591 9279F70D 		.ascii	"\222y\367\015\\\314\334\030\267\375E1\306\345L\325\370"
 190      5CCCDC18 
 190      B7FD4531 
 190      C6E54CD5 
 190      F8
 191 05a2 A9FD6556 		.ascii	"\251\375eV?\231\313`h\223@M\302\002\324$*\250\271\271"
 191      3F99CB60 
 191      6893404D 
 191      C202D424 
 191      2AA8B9B9 
 192 05b6 FBE9088F 		.ascii	"\373\351\010\217O1=yg\213[\334\360Y\246g\266\357q\205"
 192      4F313D79 
 192      678B5BDC 
 192      F059A667 
 192      B6EF7185 
 193 05ca 9755CF09 		.ascii	"\227U\317\011\320\223\012zv-@O\212\202\236'\221w\372"
 193      D0930A7A 
 193      762D404F 
 193      8A829E27 
 193      9177FA
 194 05dd A544FC06 		.ascii	"\245D\374\006I\362\273\322W\341\313L\353\343\003M\307"
 194      49F2BBD2 
 194      57E1CB4C 
 194      EBE3034D 
 194      C7
 195 05ee 492EF4D1 		.ascii	"I.\364\321\240?\311b\304\207\305Hv\342\2554w\334\306"
 195      A03FC962 
 195      C487C548 
 195      76E2AD34 
 195      77DCC6
 196 0601 6CDAFEE0 		.ascii	"l\332\376\340\366\021oK\032\316\211\020\337\012\363"
 196      F6116F4B 
 196      1ACE8910 
 196      DF0AF3
 197 0610 53A1AB10 		.ascii	"S\241\253\020\353WH\364\357\006\275>Do&\350\315\340"
 197      EB5748F4 
 197      EF06BD3E 
 197      446F26E8 
 197      CDE0
 198 0622 6CB9E4F7 		.ascii	"l\271\344\367l\341\316\006\373\263l\366\373H3 :\362"
 198      6CE1CE06 
 198      FBB36CF6 
 198      FB483320 
 198      3AF2
 199 0634 D04E0FDC 		.ascii	"\320N\017\334\31344\036h\230\344dq\362C\272\330\346"
 199      CB34341E 
 199      6898E464 
ARM GAS  /tmp/ccAQ4Gpy.s 			page 15


 199      71F243BA 
 199      D8E6
 200 0646 40CB3DB6 		.ascii	"@\313=\266\226\331\266\236;\031\261\327\321\0102\223"
 200      96D9B69E 
 200      3B19B1D7 
 200      D1083293 
 201 0656 8A7BCEF1 		.ascii	"\212{\316\361\370\036\323p+;\273\316\026\211\327\306"
 201      F81ED370 
 201      2B3BBBCE 
 201      1689D7C6 
 202 0666 D7EF6E17 		.ascii	"\327\357n\027\3057\321~P\221kS\2213\217\212}\012*\366"
 202      C537D17E 
 202      50916B53 
 202      91338F8A 
 202      7D0A2AF6 
 203 067a 86E7EDD3 		.ascii	"\206\347\355\323h\267Y\227'*\317\222\027T(\217\323J"
 203      68B75997 
 203      272ACF92 
 203      1754288F 
 203      D34A
 204 068c BBB6F05B 		.ascii	"\273\266\360[':\020\316w\243\316\2756qjJ\213\013(\303"
 204      273A10CE 
 204      77A3CEBD 
 204      36716A4A 
 204      8B0B28C3 
 205 06a0 37670DE6 		.ascii	"7g\015\346{B\013\344\003\244\311\024A\371\263?\241#"
 205      7B420BE4 
 205      03A4C914 
 205      41F9B33F 
 205      A123
 206 06b2 600833B5 		.ascii	"`\0103\265\345\177D1\022\221\012\224\317Y\366\271\252"
 206      E57F4431 
 206      12910A94 
 206      CF59F6B9 
 206      AA
 207 06c3 4C514D31 		.ascii	"LQM1\012qp\010\354$\267`{\011\206\036d\206V\026\354"
 207      0A717008 
 207      EC24B760 
 207      7B09861E 
 207      64865616 
 208 06d8 38ECA591 		.ascii	"8\354\245\221\320\011\257B\277\350;\036\257\225w\253"
 208      D009AF42 
 208      BFE83B1E 
 208      AF9577AB 
 209 06e8 C0AE5B85 		.ascii	"\300\256[\205\326n\325]\2118\354\201kX\267n\315\346"
 209      D66ED55D 
 209      8938EC81 
 209      6B58B76E 
 209      CDE6
 210 06fa 0EBAE133 		.ascii	"\016\272\3413\214\231H\277\230\347\211\033\244\016\027"
 210      8C9948BF 
 210      98E7891B 
 210      A40E17
 211 0709 0DDF81BC 		.ascii	"\015\337\201\274\316\230\336\232}\343\236\270\2071I"
 211      CE98DE9A 
 211      7DE39EB8 
 211      873149
ARM GAS  /tmp/ccAQ4Gpy.s 			page 16


 212 0718 85573B5D 		.ascii	"\205W;]\361}\306L\326&\227\251\361#\306\024\274\034"
 212      F17DC64C 
 212      D62697A9 
 212      F123C614 
 212      BC1C
 213 072a D9A9C593 		.ascii	"\331\251\305\223\214\261$\352\305R\242\356=\372\242"
 213      8CB124EA 
 213      C552A2EE 
 213      3DFAA2
 214 0739 C61547A9 		.ascii	"\306\025G\251\331\376\365\306P\221\033\216\241\014w"
 214      D9FEF5C6 
 214      50911B8E 
 214      A10C77
 215 0748 76A61416 		.ascii	"v\246\024\026t\255\217\314x\330\360[S\365I\350\356g"
 215      74AD8FCC 
 215      78D8F05B 
 215      53F549E8 
 215      EE67
 216 075a 5AB63197 		.ascii	"Z\2661\227\002!\273\226\004B%\247E\025\266@\240\030"
 216      0221BB96 
 216      044225A7 
 216      4515B640 
 216      A018
 217 076c B20A0FA4 		.ascii	"\262\012\017\244\234\226v\014\327\011\337\037^\337\246"
 217      9C96760C 
 217      D709DF1F 
 217      5EDFA6
 218 077b C6894CF1 		.ascii	"\306\211L\361\320\223\366\031O\234\302\230\266\273\271"
 218      D093F619 
 218      4F9CC298 
 218      B6BBB9
 219 078a 91D20EF8 		.ascii	"\221\322\016\370*\335\021N\326v\273\342\014v\263'e\242"
 219      2ADD114E 
 219      D676BBE2 
 219      0C76B327 
 219      65A2
 220 079c DF1D6733 		.ascii	"\337\035g3&\356|y\275\264io |\303\265\270\323<\336\313"
 220      26EE7C79 
 220      BDB4696F 
 220      207CC3B5 
 220      B8D33CDE 
 221 07b1 6E1EBCD4 		.ascii	"n\036\274\324/\272\340}\214\251\331viF\215\0170&\263"
 221      2FBAE07D 
 221      8CA9D976 
 221      69468D0F 
 221      3026B3
 222 07c4 2A1A76E6 		.ascii	"*\032v\346\207\030\323\321\330\275\315\003"
 222      8718D3D1 
 222      D8BDCD03 
 223 07d0 1730E6CC 		.ascii	"\0270\346\314\265}\315.\270\2301\311#\023\360xS\312"
 223      B57DCD2E 
 223      B89831C9 
 223      2313F078 
 223      53CA
 224 07e2 983BC77B 		.ascii	"\230;\307{\256\270\341\012\306\344\234\354\273\350\212"
 224      AEB8E10A 
 224      C6E49CEC 
ARM GAS  /tmp/ccAQ4Gpy.s 			page 17


 224      BBE88A
 225 07f1 AB19337C 		.ascii	"\253\0313|!{\023>\315\3121e\335I\032|\2261\373\253\276"
 225      217B133E 
 225      CDCA3165 
 225      DD491A7C 
 225      9631FBAB 
 226 0806 A9C3F802 		.ascii	"\251\303\370\002c\246\242\217mw\307\227\030s\257q\307"
 226      63A6A28F 
 226      6D77C797 
 226      1873AF71 
 226      C7
 227 0817 2ADCCCCA 		.ascii	"*\334\314\312\331\017^\012\270\215\225\013oW\327\272"
 227      D90F5E0A 
 227      B88D950B 
 227      6F57D7BA 
 228 0827 E14EC6A4 		.ascii	"\341N\306\244\367\036\213\344q\017c:\367LMy\340>\306"
 228      F71E8BE4 
 228      710F633A 
 228      F74C4D79 
 228      E03EC6
 229 083a F4EDE8FD 		.ascii	"\364\355\350\375\022\337f\345\323\035\333f\264\370\036"
 229      12DF66E5 
 229      D31DDB66 
 229      B4F81E
 230 0849 631AF78F 		.ascii	"c\032\367\217\235\221\266\203\2034\014\216\015\215\252"
 230      9D91B683 
 230      83340C8E 
 230      0D8DAA
 231 0858 D9D296E3 		.ascii	"\331\322\226\343:\313}\267\274.\012\236\200\227\303"
 231      3ACB7DB7 
 231      BC2E0A9E 
 231      8097C3
 232 0867 D3D9F239 		.ascii	"\323\331\3629~>\373\310h\367W\034\374\242\247u0FL\322"
 232      7E3EFBC8 
 232      68F7571C 
 232      FCA2A775 
 232      30464CD2 
 233 087b D2E16C87 		.ascii	"\322\341l\207\341\274\316-\261\015\276/\011^?\370\303"
 233      E1BCCE2D 
 233      B10DBE2F 
 233      095E3FF8 
 233      C3
 234 088c 9EB9E0C9 		.ascii	"\236\271\340\311QD\274\012u@\340_\343\310\256\005\202"
 234      5144BC0A 
 234      7540E05F 
 234      E3C8AE05 
 234      82
 235 089d 83348018 		.ascii	"\2034\200\030\240\345Nn9\032\006\032\002z\006\364\024"
 235      A0E54E6E 
 235      391A061A 
 235      027A06F4 
 235      14
 236 08ae E809D063 		.ascii	"\350\011\320c\240o\200\036\001=\004z\000t\037\350\036"
 236      A06F801E 
 236      013D047A 
 236      00741FE8 
 236      1E
ARM GAS  /tmp/ccAQ4Gpy.s 			page 18


 237 08bf D05DA03B 		.ascii	"\320]\240;@\203@\267\201n\001\015\000\365\003\365\001"
 237      408340B7 
 237      816E010D 
 237      00F503F5 
 237      01
 238 08d0 F502DD04 		.ascii	"\365\002\335\004\272\001\324\003\324\305Y\236\023I\276"
 238      BA01D403 
 238      D4C5599E 
 238      1349BE
 239 08df 1F49FD36 		.ascii	"\037I\3756y\360\354&V3\353I0\022\233J9<\227\331]\377"
 239      79F0EC26 
 239      5633EB49 
 239      30129B4A 
 239      393C97D9 
 240 08f5 8F6653C7 		.ascii	"\217fS\307\233\273:\227f\204\233#1u\373\011G\267\227"
 240      9BBB3A97 
 240      66849B23 
 240      3175FB09 
 240      47B797
 241 0908 7356BF33 		.ascii	"sV\2773xG\347v$&\350)\272\332\021]E\321e\310\006o\227"
 241      7847E776 
 241      2426E829 
 241      BADA115D 
 241      45D165C8 
 242 091f C16B94E1 		.ascii	"\301k\224\3412\341\2552t\255#\372\224\223\360\2532\370"
 242      32E1AD32 
 242      74AD23FA 
 242      9493F0AB 
 242      32F8
 243 0931 6965B84C 		.ascii	"ie\270Lx\255\014]\347\2106;\011\257\221\301\317(\303"
 243      78AD0C5D 
 243      E788363B 
 243      09AF91C1 
 243      CF28C3
 244 0944 65C2AB64 		.ascii	"e\302\253d\350\263\216\350j\344(\274R\006?\247\014\227"
 244      E8B38EE8 
 244      6AE428BC 
 244      52063FA7 
 244      0C97
 245 0956 092F93A1 		.ascii	"\011/\223\241\317;\365\323I\370q\031\274^\031.\023^"
 245      CF3BF5D3 
 245      49F87119 
 245      BC5E192E 
 245      135E
 246 0968 22435F70 		.ascii	"\"C_pDw9\011\337#\2037(\303e\302\263e\350\213\216\350"
 246      44773909 
 246      DF238337 
 246      28C365C2 
 246      B365E88B 
 247 097e 5E27E199 		.ascii	"^'\341\2312x\2432\\&<]\206\276\344\210\036t\022\236"
 247      3278A332 
 247      5C263C5D 
 247      86BEE488 
 247      1E74129E 
 248 0992 2A835F56 		.ascii	"*\203_V\206\313\204\357\222\241\2578\242\323\234\242"
 248      86CB84EF 
 248      92A1AF38 
ARM GAS  /tmp/ccAQ4Gpy.s 			page 19


 248      A2D39CA2 
 249 09a2 2549066F 		.ascii	"%I\006oR\206\313\204'\310\320\315\216\350N'\313_t\330"
 249      5286CB84 
 249      27C8D0CD 
 249      8EE84E27 
 249      CB5F74D8 
 250 09b6 E05795E1 		.ascii	"\340W\225\3412\34132t\213#\372\212\223\360)\031\274"
 250      32E13332 
 250      748B23FA 
 250      8A93F029 
 250      19BC
 251 09c8 55192E13 		.ascii	"U\031.\023>!C\267)\346h&\233\036\235AJ\324\2129f\304"
 251      3E2143B7 
 251      29E66826 
 251      9B1E9D41 
 251      4AD48A39 
 252 09de 50D6055A 		.ascii	"P\326\005Z\305\022\"9\222\310\313\251r\223\357U\344"
 252      C5122239 
 252      92C8CBA9 
 252      7293EF55 
 252      E4
 253 09ef E254F0B0 		.ascii	"\342T\360\260'\355U\\\216\345'6h\350!\337r*\271\277"
 253      27ED555C 
 253      8EE52736 
 253      68E821DF 
 253      722AB9BF 
 254 0a03 7DFC6787 		.ascii	"}\374g\207E\263\210\321\030\2648&\023]b\313\265\021"
 254      45B388D1 
 254      18B43826 
 254      135D62CB 
 254      B511
 255 0a15 2CD75ACD 		.ascii	",\327Z\315{\016\371uL\312\265\244<\011\271p\\\236\302"
 255      7B0EF975 
 255      4CCAB5A4 
 255      3C09B970 
 255      5C9EC2
 256 0a28 C51E3106 		.ascii	"\305\0361\0066\355\023\222\3101\226\301I\223y\244\216"
 256      36ED1392 
 256      C83196C1 
 256      499379A4 
 256      8E
 257 0a39 CF2395F9 		.ascii	"\317#\225\371\254\274\361\257Y\206\205\376\240\343L"
 257      ACBCF1AF 
 257      598685FE 
 257      A0E34C
 258 0a48 B0D2C246 		.ascii	"\260\322\302F6N\341\367\036c\274\337\235\255\323}gz"
 258      364EE1F7 
 258      1E63BCDF 
 258      9DADD37D 
 258      677A
 259 0a5a A5FDCB39 		.ascii	"\245\375\3139\302\237\350\333\025\253\225\326VrbX\372"
 259      C29FE8DB 
 259      15AB95D6 
 259      56726258 
 259      FA
 260 0a6b F2F0568C 		.ascii	"\362\360V\214\017Q\360\317nM\357,t'\013\355R\237\245"
 260      0F51F0CF 
ARM GAS  /tmp/ccAQ4Gpy.s 			page 20


 260      6E4DEF2C 
 260      74270BED 
 260      529FA5
 261 0a7e CB976B89 		.ascii	"\313\227k\211\247\264K\330\025~\364\002\356\243\005"
 261      A7B44BD8 
 261      157EF402 
 261      EEA305
 262 0a8d 7295ADBF 		.ascii	"r\225\255\277>\344?\003B\275VKn\2625\271\255`\313\245"
 262      3EE43F03 
 262      42BD564B 
 262      6EB235B9 
 262      AD60CBA5 
 263 0aa1 61B62693 		.ascii	"a\266&\223\243\255Zx\026~9W\352\261[\336f`y\233&\313"
 263      A3AD5A78 
 263      167E3957 
 263      EAB15BDE 
 263      6660799B 
 264 0ab7 DB31EC43 		.ascii	"\3331\354C\233\020\347\220r\011^\216\212\201\216\002"
 264      9B10E790 
 264      72095E8E 
 264      8A818E02 
 265 0ac7 15011502 		.ascii	"\025\001\025\002\025\000\035\001:\014t\010\350 P>\320"
 265      15001D01 
 265      3A0C7408 
 265      E820503E 
 265      D0
 266 0ad8 1EA014A0 		.ascii	"\036\240\024\240]@\311@/\300\261IpM\0009\"\226\235\320"
 266      5D40C940 
 266      2FC0B149 
 266      704D0039 
 266      22969DD0 
 267 0aec 9A7737B1 		.ascii	"\232w7\2610\013\303KUD\035\015\204Jr>\233\2448d\320"
 267      300BC34B 
 267      55441D0D 
 267      844A723E 
 267      9BA43864 
 268 0b01 9A60A965 		.ascii	"\232`\251e\244|\036\244\236\003:\013t\032\250\026\350"
 268      A47C1EA4 
 268      9E033A0B 
 268      741AA816 
 268      E8
 269 0b12 04501450 		.ascii	"\004P\024P$P8\226\007\211xn\221\012E\020UD\237\212^"
 269      24503896 
 269      0789786E 
 269      910A4510 
 269      55449F8A 
 270 0b27 E6D316FE 		.ascii	"\346\323\026\376gjc\301\223\334\272\214\005\0179\027"
 270      676A63C1 
 270      93DCBA8C 
 270      050F3917 
 271 0b37 BB0B2340 		.ascii	"\273\013#@D)\004\017C\217\354\374.Co\305Zton\264l\312"
 271      4429040F 
 271      438FECFC 
 271      2E436FC5 
 271      5A746F6E 
 272 0b4e 4563F994 		.ascii	"Ec\371\224\203v*\307\321\274\016wI\226Ae`=\201\223\321"
 272      83762AC7 
ARM GAS  /tmp/ccAQ4Gpy.s 			page 21


 272      D1BC0E77 
 272      49964165 
 272      603D8193 
 273 0b63 24E552B0 		.ascii	"$\345R\260v\007\3206\240\030\271\217\372'\217~\232\026"
 273      7607D036 
 273      A018B98F 
 273      FA278F7E 
 273      9A16
 274 0b75 658EE150 		.ascii	"e\216\341P,\300/\203\035\320\214\270\212\264\276\204"
 274      2CC02F83 
 274      1DD08CB8 
 274      8AB4BE84 
 275 0b85 1C774356 		.ascii	"\034wCV\0051\013P\300::\373\000\261\216\306AG\233\230"
 275      05310B50 
 275      C03A3AFB 
 275      00B18EC6 
 275      41479B98 
 276 0b99 02E52C27 		.ascii	"\002\345,'\353\352v\273\256\306\315\327\325\362\005"
 276      EBEA76BB 
 276      AEC6CDD7 
 276      D5F205
 277 0ba8 5B327147 		.ascii	"[2qG-\306\272\242x\260\243Y\331\016G\217\357\2643#^"
 277      2DC6BAA2 
 277      78B0A359 
 277      D90E478F 
 277      EFB43323 
 278 0bbd C10CEBFC 		.ascii	"\301\014\353\3749\376\027\237?\364\231\275\340\353\303"
 278      39FE179F 
 278      3FF499BD 
 278      E0EBC3
 279 0bcc ED62CCDF 		.ascii	"\355b\314\337\241D\260\254\212\315r2ZD\363I\247\321"
 279      A144B0AC 
 279      8ACD7232 
 279      5A44F349 
 279      A7D1
 280 0bde B21A97F0 		.ascii	"\262\032\227\360\0276\216\371ww\262\024\322\237\301"
 280      17368EF9 
 280      7777B214 
 280      D29FC1
 281 0bed 0ED23103 		.ascii	"\016\3221\0039m\225\306Z\331\372D\342\277Q9_\311\320"
 281      396D95C6 
 281      5AD9FA44 
 281      E2BF5139 
 281      5FC9D0
 282 0c00 5DF2C9D5 		.ascii	"]\362\311\325\355\010w\330\374@\242\251i\025\251\364"
 282      ED0877D8 
 282      FC40A2A9 
 282      6915A9F4 
 283 0c10 54F0539F 		.ascii	"T\360S\237\004\267\2361\364\316\225\015m\247-\320\271"
 283      04B79E31 
 283      F4CE950D 
 283      6DA72DD0 
 283      B9
 284 0c21 7429A8B2 		.ascii	"t)\250\262\240\234\011\035\316\000J\223\217\2069u\233"
 284      A09C091D 
 284      CE004A93 
 284      8F863975 
ARM GAS  /tmp/ccAQ4Gpy.s 			page 22


 284      9B
 285 0c32 8860E664 		.ascii	"\210`\346d\003\260\035t\244\263\231C\332\265\332\306"
 285      03B01D74 
 285      A4B39943 
 285      DAB5DAC6 
 286 0c42 C2EC203A 		.ascii	"\302\354 :\353\025\242Y\177\263\266I\276$\321\332\306"
 286      EB15A259 
 286      7FB3B649 
 286      BE24D1DA 
 286      C6
 287 0c53 842B2EDF 		.ascii	"\204+.\337\322\006\253\22193^\232c\316h?\333Z\237\266"
 287      D206AB91 
 287      39335E9A 
 287      63CE683F 
 287      DB5A9FB6 
 288 0c67 8D25E174 		.ascii	"\215%\341t\311n\313\202\334\352\024@V\243\323\026\342"
 288      C96ECB82 
 288      DCEA1440 
 288      56A3D316 
 288      E2
 289 0c78 8FFEDDC7 		.ascii	"\217\376\335\307\003\322\223\302\3401\237x\375\232\355"
 289      03D293C2 
 289      E0319F78 
 289      FD9AED
 290 0c87 3CD6EA91 		.ascii	"<\326\352\221}R\020\257\276(-V{\341N\277\343h\312\266"
 290      7D5210AF 
 290      BE282D56 
 290      7BE14EBF 
 290      E368CAB6 
 291 0c9b 8FCA0BF9 		.ascii	"\217\312\013\371\001\260 W\262f?\224\367\201%9v#3\031"
 291      01B02057 
 291      B2663F94 
 291      F7812539 
 291      76233319 
 292 0caf BD8C3CE1 		.ascii	"\275\214<\341\345\001\350\026\210\317e#C\332\014\240"
 292      E501E816 
 292      88CF6523 
 292      43DA0CA0 
 293 0cbf 39F707FB 		.ascii	"9\367\007\373\347\021\313\334<\035-\033\225&&xn?OF3"
 293      E711CBDC 
 293      3C1D2D1B 
 293      95262678 
 293      6E3F4F46 
 294 0cd4 3FE74A56 		.ascii	"?\347JVX\374<\217\0119\257\352\031\370\370\353\350X"
 294      58FC3C8F 
 294      0939AFEA 
 294      19F8F8EB 
 294      E858
 295 0ce6 72E0475C 		.ascii	"r\340G\\w\333\346ck\337,>\376\242A\3621YX\3568\372\330"
 295      77DBE663 
 295      6BDF2C3E 
 295      FEA241F2 
 295      315958EE 
 296 0cfd 79D3DD7E 		.ascii	"y\323\335~)\016\211%\377M\317u#8\006\227N\257\0308\234"
 296      290E8925 
 296      FF4DCF75 
 296      23380697 
ARM GAS  /tmp/ccAQ4Gpy.s 			page 23


 296      4EAF1838 
 297 0d12 933D4449 		.ascii	"\223=DI`r:\273S\011\274J\366\220#a\311\011k\262\022"
 297      60723ABB 
 297      5309BC4A 
 297      F6902361 
 297      C9096BB2 
 298 0d27 5636CD33 		.ascii	"V6\3153\342$\007\347\301\006,\235s0\332y3?&\305}!\300"
 298      E22407E7 
 298      C1062C9D 
 298      7330DA79 
 298      333F26C5 
 299 0d3e 0F28C365 		.ascii	"\017(\303e\322\257\313fI\221#\332y3\337!\203\037U\206"
 299      D2AFCB66 
 299      499123DA 
 299      7933DF21 
 299      831F5586 
 300 0d52 FBD9324E 		.ascii	"\373\3312N[\243\224\241\310\236\261\330\021\356\274"
 300      5BA394A1 
 300      C89EB1D8 
 300      11EEBC
 301 0d61 9BBF2A49 		.ascii	"\233\277*I'\373\265)e\270Lzm\243-\237\2658\3463\307"
 301      27FBB529 
 301      65B84C7A 
 301      6DA32D9F 
 301      B538E633 
 302 0d76 C03B254D 		.ascii	"\300;%Mp\002\252\222\005\036]!,a\244\317\247\347\306"
 302      7002AA92 
 302      051E5D21 
 302      2C61A4CF 
 302      A7E7C6
 303 0d89 64899BB5 		.ascii	"d\211\233\265\235\310Y\027\222}\322\356\3407i\007\315"
 303      9DC85917 
 303      927DD2EE 
 303      E0376907 
 303      CD
 304 0d9a 72C564D5 		.ascii	"r\305d\325\234S\361\210\236\352\215\226\266\022\026"
 304      9C53F188 
 304      9EEA8D96 
 304      B61216
 305 0da9 BD97AC7A 		.ascii	"\275\227\254z\315]w\220(\252\351\372\336a\013^\353f"
 305      CD5D7790 
 305      28AAE9FA 
 305      DE610B5E 
 305      EB66
 306 0dbb C3B29B5D 		.ascii	"\303\262\233]];\312\202\267\002|\177\177A\273\243J\273"
 306      5D3BCA82 
 306      B7027C7F 
 306      7F41BBA3 
 306      4ABB
 307 0dcd B5BA4261 		.ascii	"\265\272Ba\255\236\200\273\343tu\201\231U)\3152R\256"
 307      AD9E80BB 
 307      E3747581 
 307      995529CD 
 307      3252AE
 308 0de0 8159560D 		.ascii	"\201YV\015t\322n\246\365\224\352;\242\311\316\250\012"
 308      74D26EA6 
 308      F594EA3B 
ARM GAS  /tmp/ccAQ4Gpy.s 			page 24


 308      A2C9CEA8 
 308      0A
 309 0df1 A00FC186 		.ascii	"\240\017\301\206J\226EH\313\007N\251\322*\374\344+\204"
 309      4A964548 
 309      CB074EA9 
 309      D22AFCE4 
 309      2B84
 310 0e03 B3F1ECBB 		.ascii	"\263\361\354\273#\355\212\310;\264GL\370<\303\337\035"
 310      23ED8AC8 
 310      3BB4474C 
 310      F83CC3DF 
 310      1D
 311 0e14 45B72E96 		.ascii	"E\267.\226A\250\234o\020\272r\021\035\205J\311l\313"
 311      41A89C6F 
 311      10BA7211 
 311      1D854AC9 
 311      6CCB
 312 0e26 283C9067 		.ascii	"(<\220g\207-5Rv \257\316&_\265YM\261lV\3150\034\263"
 312      872D3552 
 312      7620AFCE 
 312      265FB559 
 312      4DB16C56 
 313 0e3e 0B1A8E3A 		.ascii	"\013\032\216:@\332\206\303\314\206c\216\255\025:\003"
 313      40DA86C3 
 313      CC86638E 
 313      AD153A03 
 314 0e4e 7E927657 		.ascii	"~\222vW\226\360\374\364B\024\011O\"\346\205-P\030\310"
 314      96F0FCF4 
 314      4214094F 
 314      22E6852D 
 314      5018C8
 315 0e61 12255F54 		.ascii	"\022%_TKQ\002\033\216\227\363\366\201\270\245I\232\237"
 315      4B51021B 
 315      8E97F3F6 
 315      81B8A549 
 315      9A9F
 316 0e73 A4C722F7 		.ascii	"\244\307\"\367\012tU\023\233\235\004\03467\030\036x"
 316      0A745513 
 316      9B9D041C 
 316      3637181E 
 316      78
 317 0e84 E3124FCC 		.ascii	"\343\022O\314\360\364\334\224\234\217\236\021\373g\267"
 317      F0F4DC94 
 317      9C8F9E11 
 317      FB67B7
 318 0e93 7E9E51CB 		.ascii	"~\236Q\313\354\"\231\243\002\014\273\240\274LHk@\224"
 318      EC2299A3 
 318      020CBBA0 
 318      BC4C486B 
 318      4094
 319 0ea5 FD1AD008 		.ascii	"\375\032\320\010\316 \015\310W)\244\\\017\301\323`\267"
 319      CE200DC8 
 319      5729A45C 
 319      0FC1D360 
 319      B7
 320 0eb6 BAB5DCDD 		.ascii	"\272\265\334\335\034\221\023\211\320E@\235`\342\211"
 320      1C911389 
ARM GAS  /tmp/ccAQ4Gpy.s 			page 25


 320      D045409D 
 320      60E289
 321 0ec5 7348A372 		.ascii	"sH\243r\331\332\342 \267a^\271\0209\226\357g.Hb-\337"
 321      D9DAE220 
 321      B7615EB9 
 321      103996EF 
 321      672E4862 
 322 0edb CF5099E4 		.ascii	"\317P\231\344\314\373ll\236\366\215Ti\341z\223\267\353"
 322      CCFB6C6C 
 322      9EF68D54 
 322      69E17A93 
 322      B7EB
 323 0eed 16CC72FC 		.ascii	"\026\314r\374\006\374]\303\263\347\343\353\255\361O"
 323      06FC5DC3 
 323      B3E7E3EB 
 323      ADF14F
 324 0efc DCDECA11 		.ascii	"\334\336\312\021sJ\304\376\227'\002J\017l\025\023\302"
 324      734AC4FE 
 324      9727024A 
 324      0F6C1513 
 324      C2
 325 0f0d 44F1C71C 		.ascii	"D\361\307\034\301\241\343\266\357}\016\021\351*t\020"
 325      C1A1E3B6 
 325      EF7D0E11 
 325      E92A7410 
 326 0f1d F52015BA 		.ascii	"\365 \025\272\214\337\202\266;z2\222]p\222\007}\266"
 326      8CDF82B6 
 326      3B7A3292 
 326      5D709207 
 326      7DB6
 327 0f2f CE3DD29A 		.ascii	"\316=\322\232\356\201\217yH\337\032\035-\234.\321\360"
 327      EE818F79 
 327      48DF1A1D 
 327      2D9C2ED1 
 327      F0
 328 0f40 1C7D7940 		.ascii	"\034}y@\224\021UQ\355{8\271]\262W\021\260\207\241f5"
 328      94115551 
 328      ED7B38B9 
 328      5DB25711 
 328      B087A166 
 329 0f55 63C9AEE9 		.ascii	"c\311\256\351\351\314\032/f\227y\257>C4G\212$\316\000"
 329      E9CC1A2F 
 329      669779AF 
 329      3E433447 
 329      8A24CE00 
 330 0f69 859AB0A5 		.ascii	"\205\232\260\245\317\350\012\226\031\325B\215:[;\020"
 330      CFE80A96 
 330      19D5428D 
 330      3A5B3B10 
 331 0f79 EF816B2C 		.ascii	"\357\201k,v\304\014D\267i\330#\377\004=\017\330?=\356"
 331      76C40C44 
 331      B769D823 
 331      FF043D0F 
 331      D83F3DEE 
 332 0f8d 227DE941 		.ascii	"\"}\351A>\034xt\252\261\227\307\247Y\037^>\350\332"
 332      3E1C7874 
 332      AAB197C7 
ARM GAS  /tmp/ccAQ4Gpy.s 			page 26


 332      A7591F5E 
 332      3EE8DA
 333 0fa0 2F9D0F3C 		.ascii	"/\235\017<\243\257\022r\252\276\213\033\331\275\321"
 333      A3AF1272 
 333      AABE8B1B 
 333      D9BDD1
 334 0faf E4EE3E2F 		.ascii	"\344\356>/|\2051\017\212\332\3320n\367`\257u\237\014"
 334      7C85310F 
 334      8ADADA30 
 334      6EF760AF 
 334      759F0C
 335 0fc2 25B9CFF5 		.ascii	"%\271\317\365]F\017V\372.#g\262\363{$\277vc\015\352"
 335      5D460F56 
 335      FA2E2367 
 335      B2F37B24 
 335      BF76630D 
 336 0fd7 C2CE9F66 		.ascii	"\302\316\237f\\\256\037\231\346\360\015\246lh\377\375"
 336      5CAE1F99 
 336      E6F00DA6 
 336      6C68FFFD 
 337 0fe7 6BAEF829 		.ascii	"k\256\370)e\\\247\207Z\322=\0209s\220>\317\352O\274"
 337      655CA787 
 337      5AD23D10 
 337      3973903E 
 337      CFEA4FBC 
 338 0ffb B53A9A3E 		.ascii	"\265:\232>\031"
 338      19
 339 1000 DE86F042 		.ascii	"\336\206\360B},\306\330Ey\363r\013L\352\2232\337\000"
 339      7D2CC6D8 
 339      4579F372 
 339      0B4CEA93 
 339      32DF00
 340 1013 94FB21C0 		.ascii	"\224\373!\300z\355\366O\223\226\254G\354\273\016\366"
 340      7AEDF64F 
 340      9396AC47 
 340      ECBB0EF6 
 341 1023 F5CDB77F 		.ascii	"\365\315\267\177\032\222\022\031\321i\373\220L\232\003"
 341      1A921219 
 341      D169FB90 
 341      4C9A03
 342 1032 D39E306A 		.ascii	"\323\2360j\244\371MlKq7\360\234;\253\371\214\003_\244"
 342      A4F94D6C 
 342      4B7137F0 
 342      9C3BABF9 
 342      8C035FA4 
 343 1046 DEBD32EC 		.ascii	"\336\2752\354\216\017k\251c\236\016D\344y\3432\306\024"
 343      8E0F6BA9 
 343      639E0E44 
 343      E479E332 
 343      C614
 344 1058 85F7557A 		.ascii	"\205\367Uz\342J\306\224$\204\205a\334\310\230\201\322"
 344      E24AC694 
 344      24848561 
 344      DCC89881 
 344      D2
 345 1069 BC711772 		.ascii	"\274q\027r&\026\361\212\367w9\227b\232\334q;m\345r)"
 345      2616F18A 
ARM GAS  /tmp/ccAQ4Gpy.s 			page 27


 345      F7773997 
 345      629ADC71 
 345      3B6DE572 
 346 107e A7E28896 		.ascii	"\247\342\210\226:z\211\345\231nu\3573\362L\367\204,"
 346      3A7A89E5 
 346      996E75EF 
 346      33F24CF7 
 346      842C
 347 1090 2CD09B47 		.ascii	",\320\233G\314\325pAw\347\356\320c\350\304#\251C\244"
 347      CCD57041 
 347      77E7EED0 
 347      63E8C423 
 347      A943A4
 348 10a3 FC0D74E8 		.ascii	"\374\015t\350\241\325\333\221\021\340\277\264\277g\336"
 348      A1D5DB91 
 348      11E0BFB4 
 348      BF67DE
 349 10b2 BE4F8E18 		.ascii	"\276O\216\030\230\340\271\275\335\222\3066\015\217$"
 349      98E0B9BD 
 349      DD92C636 
 349      0D8F24
 350 10c1 2B2C3E9D 		.ascii	"+,>\235\307\204\207\363\230@\374\023\373\274\230\307"
 350      C78487F3 
 350      9840FC13 
 350      FBBC98C7 
 351 10d1 83B4DBDC 		.ascii	"\203\264\333\334\326\273Y\247\275\320\022\037eIC\363"
 351      D6BB59A7 
 351      BDD0121F 
 351      654943F3 
 352 10e1 48B2AC08 		.ascii	"H\262\254\010\253\263\023\310\263\3053\200=\265\205"
 352      ABB313C8 
 352      B3C53380 
 352      3DB585
 353 10f0 B6D54BE4 		.ascii	"\266\325K\344\225V\372\203XO<\302F\247\177kb,\217\247"
 353      9556FA83 
 353      584F3CC2 
 353      46A77F6B 
 353      622C8FA7 
 354 1104 183373BC 		.ascii	"\0303s\274h\306\025'{Rfgy\317\2147\316\246\0147\235"
 354      68C61527 
 354      7B526667 
 354      79CF8C37 
 354      CEA60C37 
 355 1119 FB3C596B 		.ascii	"\373<Yk}c\275\373Q\000{c=\016\001\372\334q\002)N\304"
 355      7D63BDFB 
 355      51007B63 
 355      3D0E01FA 
 355      DC710229 
 356 112f 31C78908 		.ascii	"1\307\211\010\032\3567\214\335Q\343\026\246n\354bZ\201"
 356      1AEE378C 
 356      DD51E316 
 356      A66EEC62 
 356      5A81
 357 1141 27EE64EA 		.ascii	"'\356d\352\222v\224\215z\3155\247\247\025\347\264y\330"
 357      9276948D 
 357      7ACD35A7 
 357      A715E7B4 
ARM GAS  /tmp/ccAQ4Gpy.s 			page 28


 357      79D8
 358 1153 0D427D0A 		.ascii	"\015B}\012\014\232T\230\321\243C\3253<\276\303T\025"
 358      0C9A5498 
 358      D1A343D5 
 358      333CBEC3 
 358      5415
 359 1165 E58CECC6 		.ascii	"\345\214\354\306x\2021\003\205gb]\361\014c\362\343\305"
 359      78823103 
 359      8567625D 
 359      F10C63F2 
 359      E3C5
 360 1177 4CBB57E8 		.ascii	"L\273W\350$\341\331b\365%\266\304\352\241\212]\005\036"
 360      24E1D962 
 360      F525B6C4 
 360      EAA18A5D 
 360      051E
 361 1189 38CC8B5A 		.ascii	"8\314\213Z\233\221r\362\272\027\362\321Z\027\345\314"
 361      9B9172F2 
 361      BA17F2D1 
 361      5A17E5CC 
 362 1199 ABC439E1 		.ascii	"\253\3049\341\274\026\211\274m\317H\033\317!\033\205"
 362      BC1689BC 
 362      6DCF481B 
 362      CF211B85 
 363 11a9 F13E32F1 		.ascii	"\361>2\361\346\262\252R-\336\346\305\022\320\314\356"
 363      E6B2AA52 
 363      2DDEE6C5 
 363      12D0CCEE 
 364 11b9 0A292D2E 		.ascii	"\012)-.\005v\266/!\301M:5%\037\324\230\247+{\2648\213"
 364      0576B62F 
 364      21C14D3A 
 364      35251FD4 
 364      98A72B7B 
 365 11d0 62B5CFA3 		.ascii	"b\265\317\243\023\343\324\354\\y995]\356\303\234s\263"
 365      13E3D4EC 
 365      5C793939 
 365      355DEEC3 
 365      9C73B3
 366 11e3 7E394978 		.ascii	"~9Ix\011\374\022\264\325fR\014\2603\330q\217\026\305"
 366      09FC12B4 
 366      D566520C 
 366      B033D871 
 366      8F16C5
 367 11f6 2F43913C 		.ascii	"/C\221<\330\224\0046\021\010\0117RN\344\227\243x\240"
 367      D8940436 
 367      11080937 
 367      524EE497 
 367      A378A0
 368 1209 1D40DB81 		.ascii	"\035@\333\201\342\200by\373\203\227O\233\207\311$\335"
 368      E2806279 
 368      FB83974F 
 368      9B87C924 
 368      DD
 369 121a 06CD2240 		.ascii	"\006\315\"@\0214_\200\242\330\327P\304R\344K\331!\312"
 369      11345F80 
 369      A2D8D750 
 369      C452E44B 
ARM GAS  /tmp/ccAQ4Gpy.s 			page 29


 369      D921CA
 370 122d 2CA67AE6 		.ascii	",\246z\346y\2030\335&mj\310\220\274p\204;?tL\264\261"
 370      798330DD 
 370      266D6AC8 
 370      90BC7084 
 370      3B3F744C 
 371 1243 6D0D89A6 		.ascii	"m\015\211\246\011e\270L\372\270\305\226\235<;\204\260"
 371      0965B84C 
 371      FAB8C596 
 371      9D3C3B84 
 371      B0
 372 1254 83CB0E21 		.ascii	"\203\313\016!dc\237\300\313\367\004\320\320i\033nuN"
 372      64639FC0 
 372      CBF704D0 
 372      D0691B6E 
 372      754E
 373 1266 F46B3B67 		.ascii	"\364k;gT2\237\330\323\244h\217\374a$\231%\264\030i\304"
 373      54329FD8 
 373      D3A4688F 
 373      FC612499 
 373      25B41869 
 374 127b 2C096D46 		.ascii	",\011mF\312\026\007\352\306\314\032\\@\303K\035\026"
 374      CA1607EA 
 374      C6CC1A5C 
 374      40C34B1D 
 374      16
 375 128c D37C1B5B 		.ascii	"\323|\033[\336~\373Ho\003Re\335'\352R\224\325)\237K"
 375      DE7EFB48 
 375      6F035265 
 375      DD27EA52 
 375      94D5299F 
 376 12a1 66418F52 		.ascii	"fA\217R\244\336\221\362.\350M&P\006P:P\252<\276\314"
 376      A4DE91F2 
 376      2EE84D26 
 376      5006503A 
 376      50AA3CBE 
 377 12b6 A51D7F4B 		.ascii	"\245\035\177K\016,\322\240A2O5\021SI\373\021\247\350"
 377      0E2CD2A0 
 377      41324F35 
 377      115349FB 
 377      11A7E8
 378 12c9 B2AA485D 		.ascii	"\262\252H]\240\012\326\235\233\035R\254\220\3346\212"
 378      A00AD69D 
 378      9B1D52AC 
 378      90DC368A 
 379 12d9 1DBAE31C 		.ascii	"\035\272\343\034+5\035\366\261\242\000\227\305\312\311"
 379      2B351DF6 
 379      B1A20097 
 379      C5CAC9
 380 12e8 54875871 		.ascii	"T\207Xqv\226\374}S\251\364\276)E\352\260epF\244\301"
 380      7696FC7D 
 380      53A9F4BE 
 380      2945EAB0 
 380      657046A4 
 381 12fd 496E3CFE 		.ascii	"In<\376\320\015\237ai\350\341\241'\323\344\235\222%"
 381      D00D9F61 
 381      69E8E1A1 
ARM GAS  /tmp/ccAQ4Gpy.s 			page 30


 381      27D3E49D 
 381      9225
 382 130f 0D7D9155 		.ascii	"\015}\221UBV\202=\3206\3336\347_\341\254\335\013t\026"
 382      4256823D 
 382      D036DB36 
 382      E75FE1AC 
 382      DD0B7416 
 383 1323 F98CE7D4 		.ascii	"\371\214\347\324\343\225,--\003\256\352\346\220Y\372"
 383      E3952C2D 
 383      2D03AEEA 
 383      E69059FA 
 384 1333 06B09FA4 		.ascii	"\006\260\237\244\245\222\246\370lO|\235\245\260\326"
 384      A592A6F8 
 384      6C4F7C9D 
 384      A5B0D6
 385 1342 B2A17A35 		.ascii	"\262\241z5\356eLW\364h\243\013~\302\230\242\304\260"
 385      EE654C57 
 385      F468A30B 
 385      7EC298A2 
 385      C4B0
 386 1354 640E8F51 		.ascii	"d\016\217QF\223\365\244<\334\226\275\226K\257\306\332"
 386      4693F5A4 
 386      3CDC96BD 
 386      964BAFC6 
 386      DA
 387 1365 0ABEEE29 		.ascii	"\012\276\356)\021\3050W\224\017\206\345\311\334\260"
 387      11C53057 
 387      940F86E5 
 387      C9DCB0
 388 1374 8F77EC47 		.ascii	"\217w\354G\016\314\232\275d\326\034\000\333\363\245"
 388      0ECC9ABD 
 388      64D61C00 
 388      DBF3A5
 389 1383 7E90F251 		.ascii	"~\220\362Q\260\275\010\250\020\250\000\350\010\320a"
 389      B0BD08A8 
 389      10A800E8 
 389      08D061
 390 1392 A083F2F8 		.ascii	"\240\203\362\370\022o\322\367e\207$5\371,\274\210\230"
 390      126FD2F7 
 390      65872435 
 390      F92CBC88 
 390      98
 391 13a3 79341D7C 		.ascii	"y4\035|MM,\020J\323dgd\373\231\262y\316d,\357\235-g"
 391      4D4D2C10 
 391      4AD36467 
 391      64FB99B2 
 391      79CE642C 
 392 13bb 327668E7 		.ascii	"2vh\3473\231\314N\3733\031\005\270\354).\245\323\341"
 392      3399CC4E 
 392      FB331905 
 392      B8EC292E 
 392      A5D3E1
 393 13ce 4C267FFE 		.ascii	"L&\177\376\220\267\274\355\265\234\311(\300e\322_t\330"
 393      90B7BCED 
 393      B59CC928 
 393      C065D25F 
 393      74D8
ARM GAS  /tmp/ccAQ4Gpy.s 			page 31


 394 13e0 9FC910B4 		.ascii	"\237\311\020\264\302S9\371\212\370i\352\003\036Gz\323"
 394      C25339F9 
 394      8AF869EA 
 394      031E477A 
 394      D3
 395 13f1 6816AB33 		.ascii	"h\026\2533\"]\255;!G\247\037\373s\206\227\034\347d\314"
 395      225DAD3B 
 395      2147A71F 
 395      FB738697 
 395      1CE764CC 
 396 1405 90A5B904 		.ascii	"\220\245\271\004\232\026\333\346\204u\204\301\210\253"
 396      9A16DBE6 
 396      847584C1 
 396      88AB
 397 1413 A3FB613F 		.ascii	"\243\373a?\220H\215p\037\031k\276\345i\375\332\307\307"
 397      90488D70 
 397      1F196BBE 
 397      E569FDDA 
 397      C7C7
 398 1425 722CA07F 		.ascii	"r,\240\1778\034I\237\\\211\234\\\220S\006W\253ms\244"
 398      381C499F 
 398      5C899C5C 
 398      90530657 
 398      AB6D73A4 
 399 1439 BC76BC0C 		.ascii	"\274v\274\014\265ar\306\017\366\226I\266\223r)\330Y"
 399      B56172C6 
 399      0FF69649 
 399      B6937229 
 399      D859
 400 144b 057412A8 		.ascii	"\005t\022\250\022\250\002\250\334.\355\265d~\213\244"
 400      12A802A8 
 400      DC2EEDB5 
 400      647E8BA4 
 401 145b BD13D0E8 		.ascii	"\275\023\320\3508\323F\254&2\2569\315d\253\232\362\327"
 401      38D346AC 
 401      2632AE39 
 401      CD64AB9A 
 401      F2D7
 402 146d 50C3462A 		.ascii	"P\303F*\253G\212\003\362\004\320\211Y\267\254\003\333"
 402      AB478A03 
 402      F204D089 
 402      59B7AC03 
 402      DB
 403 147e 811DDF1E 		.ascii	"\201\035\337\036$\364\260\221%\207\024\203\022\334\372"
 403      24F4B091 
 403      25871483 
 403      12DCFA
 404 148d 32A5CB31 		.ascii	"2\245\3131\016&\272Y\324\220\235\351\035G\341\016\237"
 404      0E26BA59 
 404      D4909DE9 
 404      1D47E10E 
 404      9F
 405 149e 4E00FC59 		.ascii	"N\000\374Y7\023N\322\327\260\004\267f)\371\021\247\264"
 405      37134ED2 
 405      D7B004B7 
 405      6629F911 
 405      A7B4
ARM GAS  /tmp/ccAQ4Gpy.s 			page 32


 406 14b0 2FCF6499 		.ascii	"/\317d\231\262L\362\221%E\\\2232\345\251\250\3101O\234"
 406      B24CF291 
 406      25455C93 
 406      32E5A9A8 
 406      C8314F9C 
 407 14c4 C5622BAE 		.ascii	"\305b+\256\364B%\357\030[V\307\325\276\356\370\220\023"
 407      F44225EF 
 407      185B56C7 
 407      D5BEEEF8 
 407      9013
 408 14d6 FDEC5112 		.ascii	"\375\354Q\022W\247\240Y\215-\256\254#\004\006\034o+"
 408      57A7A059 
 408      8D2DAEAC 
 408      2304061C 
 408      6F2B
 409 14e8 18F2FEFE 		.ascii	"\030\362\376\376~\261\237\035,M\\\217\024c\026\323\006"
 409      7EB19F1D 
 409      2C4D5C8F 
 409      146316D3 
 409      06
 410 14f9 AD6CBF6A 		.ascii	"\255l\277j5@Ej\340\357i\376\373\344\323\330\263\035"
 410      3540456A 
 410      E0EF69FE 
 410      FBE4D3D8 
 410      B31D
 411 150b 273CE55B 		.ascii	"'<\345[\322Sv[\0073\333:\220+\371\320q\360v\227\213"
 411      D253765B 
 411      0733DB3A 
 411      902BF9D0 
 411      71F07697 
 412 1520 1C6C7FF6 		.ascii	"\034l\177\366P\307[6\230\355{\237\037G\026`\302\\@t"
 412      50C75B36 
 412      98ED7B9F 
 412      1F471660 
 412      C25C4074 
 413 1534 864AED68 		.ascii	"\206J\355h:\222\342\216\017z\263/\347\252OEp\270\216"
 413      3A92E28E 
 413      0F7AB32F 
 413      E7AA4F45 
 413      70B88E
 414 1547 315BDBCB 		.ascii	"1[\333\313\213\354\316:\342\355\316\263\316\363\362"
 414      8BECCE3A 
 414      E2EDCEB3 
 414      CEF3F2
 415 1556 B38EAD37 		.ascii	"\263\216\2557\016n|+G4\227\210\375=/\002&\207\007E1"
 415      0E6E7C2B 
 415      47349788 
 415      FD3D2F02 
 415      26870745 
 416 156b 897C4EBA 		.ascii	"\211|N\272\234\340\3209\233\333\316\362\262c\205z\236"
 416      9CE0D039 
 416      9BDBCEF2 
 416      B263857A 
 416      9E
 417 157c 1C2BDC7C 		.ascii	"\034+\334|Rq\302\033\277dZ\233\356\\>\211\360\321E\224"
 417      5271C21B 
 417      BF645A9B 
ARM GAS  /tmp/ccAQ4Gpy.s 			page 33


 417      EE5C3E89 
 417      F0D14594 
 418 1590 191FDD7B 		.ascii	"\031\037\335{\336\233\236t\020\335\354\250\243\177\250"
 418      DE9B9E74 
 418      10DDECA8 
 418      A37FA8
 419 159f EB17B40A 		.ascii	"\353\027\264\012\372\201.\362\264n\344\371\366\363n"
 419      FA812EF2 
 419      B46EE4F9 
 419      F6F36E
 420 15ae DF49B399 		.ascii	"\337I\263\231J\356\311\216e\370\357\300\337F\300\322"
 420      4AEEC98E 
 420      65F8EFC0 
 420      DF46C0D2 
 421 15be 7322F211 		.ascii	"s\"\362\021\362\221\342E\322\311\314\354\326\220\214"
 421      F291E245 
 421      D2C9CCEC 
 421      D6908C
 422 15cd 235BC584 		.ascii	"#[\305\204\334\334\234\365\024\212\032x\333y\222\334"
 422      DCDC9CF5 
 422      148A1A78 
 422      DB7992DC 
 423 15dd DACBD4DA 		.ascii	"\332\313\324\332\222\3239\263^\270\232\0318{1+\323\356"
 423      92D339B3 
 423      5EB89A19 
 423      387B312B 
 423      D3EE
 424 15ef DCE5D7F2 		.ascii	"\334\345\327\362\307\337&\342\"6(\\\303\263+O\035>\027"
 424      C7DF26E2 
 424      2236285C 
 424      C3B32B4F 
 424      1D3E17
 425 1602 85DBB649 		.ascii	"\205\333\266Ir\025\202\261\231\227\235\377I\237\343"
 425      721582B1 
 425      99979DFF 
 425      499FE3
 426 1611 421DBAC2 		.ascii	"B\035\272\302[?\307\005\235\347\247\306o\331}\207\322"
 426      5B3FC705 
 426      9DE7A7C6 
 426      6FD97D87 
 426      D2
 427 1622 6CD7D916 		.ascii	"l\327\331\026ix[\350\360\266G\346%!|\211Y;\222Pl\346"
 427      69785BE8 
 427      F0B647E6 
 427      25217C89 
 427      593B9250 
 428 1638 F00DC634 		.ascii	"\360\015\3064\337\317\277\355\215\307)\343\262kbg\276"
 428      DFCFBFED 
 428      8DC729E3 
 428      B26B6267 
 428      BE
 429 1649 A7FC897C 		.ascii	"\247\374\211|v\353\317\367\\'\233\375.\210\310vpH\007"
 429      76EBCFF7 
 429      5C279BFD 
 429      2E88C876 
 429      704807
 430 165c CB4B7041 		.ascii	"\313KpAml\2754\223\351\025f\377\020{\035zA \344\200"
ARM GAS  /tmp/ccAQ4Gpy.s 			page 34


 430      6D6CBD34 
 430      93E91566 
 430      FF107B1D 
 430      7A4120E4 
 431 1671 8D943B61 		.ascii	"\215\224;a:]\203\351D\012\226%F,\035L@\344(\027,D\255"
 431      3A5D83E9 
 431      440A9625 
 431      462C1D4C 
 431      40E42817 
 432 1688 4CB4D39E 		.ascii	"L\264\323\236\222\351cgr\341f\021!\212\"\206X\216\344"
 432      92E96367 
 432      72E16611 
 432      218A2286 
 432      588EE4
 433 169b E6B1E2DA 		.ascii	"\346\261\342\332\374V\220oh\357U\247sr\037v\330M\274"
 433      FC56906F 
 433      68EF55A7 
 433      73721F76 
 433      D84DBC
 434 16ae 6EC987DD 		.ascii	"n\311\207\335\324\207a\247\036\357\362\244!\007\274"
 434      D48761A7 
 434      1EEFF2A4 
 434      2107BC
 435 16bd 1485E7F7 		.ascii	"\024\205\347\367dVx\313#\316\356\300\355\006\015\270"
 435      645678CB 
 435      23CEEEC0 
 435      ED060DB8 
 436 16cd 1E1270A4 		.ascii	"\036\022p\244\037\200\357~p\262\226\227+\004\210\254"
 436      1F80EF7E 
 436      70B29697 
 436      2B0488AC 
 437 16dd C14D4921 		.ascii	"\301MI!\271\372\350\276\374\245\337;\376\353\003\326"
 437      B9FAE8BE 
 437      FCA5DF3B 
 437      FEEB03D6 
 438 16ed 04849874 		.ascii	"\004\204\230tF\341\375\337m1\011\206 \277w\327\031\204"
 438      46E1FDDF 
 438      6D310986 
 438      20BF77D7 
 438      1984
 439 16ff 4FD7061A 		.ascii	"O\327\006\032\376}\275\321\240_\373\237\237l\374\226"
 439      FE7DBDD1 
 439      A05FFB9F 
 439      9F6CFC96 
 440 170f 12EC1357 		.ascii	"\022\354\023Wv\325\374\364\227\237\275\371\361\333o"
 440      76D5FCF4 
 440      979FBDF9 
 440      F1DB6F
 441 171e FBF9A934 		.ascii	"\373\371\25146\320\312\025+|?&\334\257~\247\363\373"
 441      36D0CA15 
 441      2B7C3F26 
 441      DCAF7EA7 
 441      F3FB
 442 1730 6885DF0A 		.ascii	"h\205\337\012?_\337\020\223\357F\2751 d\203\311\327"
 442      3F5FDF10 
 442      93EF46BD 
 442      31206483 
ARM GAS  /tmp/ccAQ4Gpy.s 			page 35


 442      C9D7
 443 1742 3F3454B7 		.ascii	"?4T\267\311\250\017\0155\030\201Y\277b}h\250\312\313"
 443      C9A80F0D 
 443      35188159 
 443      BF627D68 
 443      A8CACB
 444 1755 5EEDDFDA 		.ascii	"^\355\337\332)\365{\217U\377\326\360\225\301h\010\366"
 444      29F57B8F 
 444      55FFD6F0 
 444      95C16808 
 444      F6
 445 1766 377CE2ED 		.ascii	"7|\342\355P\241\021(\2573\032\276\362\376\345G\376\353"
 445      50A11128 
 445      AF331ABE 
 445      F2FEE547 
 445      FEEB
 446 1778 758CFF4C 		.ascii	"u\214\377L\320}\242\261\261\356\326\222KPhHH\240\032"
 446      D07DA2B1 
 446      B1EED692 
 446      4B506848 
 446      48A01A
 447 178b 8A81A160 		.ascii	"\212\201\241`\224F\247\333\020\020,\254Z\251\023~\340"
 447      9446A7DB 
 447      10102CAC 
 447      5AA9137E 
 447      E0
 448 179c BBC164F4 		.ascii	"\273\301d\364\015\010\366\017\334\260\326\340\033l\330"
 448      0D08F60F 
 448      DCB0D6E0 
 448      1B6CD8
 449 17ab 1418B0C6 		.ascii	"\024\030\260\3067H\017\306\004\033|uk\015_\3517\004"
 449      37480FC6 
 449      041B7C75 
 449      6B0D5FE9 
 449      3704
 450 17bd 0A3A614B 		.ascii	"\012:aK\250\301\264b\275Jmi\366\226R3\323\026\223"
 450      A8C1B462 
 450      BD4A6D69 
 450      F6965233 
 450      D31693
 451 17d0 AFCE24AC 		.ascii	"\257\316$\254\005\014`\335\004\242J'\374D\331;\376!"
 451      050C60DD 
 451      04A24A27 
 451      FC44D93B 
 451      FE21
 452 17e2 414121C1 		.ascii	"AA!\301\276\241!F\301\344\273\372\267\277\370\370\027"
 452      BEA12146 
 452      C1E4BBFA 
 452      B7BFF8F8 
 452      17
 453 17f3 9B495D68 		.ascii	"\233I]h@ q\323O?\376\030\\eQ\353\026$l\016\0140\011"
 453      402071D3 
 453      4F3FFE18 
 453      5C6551EB 
 453      16246C0E 
 454 180a EE1F428F 		.ascii	"\356\037B\217\2026\010\206\315jK\201\0176l\026\\B6\005"
 454      82360886 
ARM GAS  /tmp/ccAQ4Gpy.s 			page 36


 454      CD6A4B81 
 454      0F366C16 
 454      5C423605 
 455 181e 1B8C2E5F 		.ascii	"\033\214._o0l0,\366{\337\332m\223\216V\361\241F\303"
 455      6F306C30 
 455      2CF67BDF 
 455      DA6D938E 
 455      56F1A146 
 456 1833 C6458EB5 		.ascii	"\306E\216\265\336v\234Np\243\362t\202\332\020j\010\206"
 456      DE769C4E 
 456      70A3F274 
 456      82DA106A 
 456      0886
 457 1845 3EACF330 		.ascii	">\254\3630l4\004\013Az\323\037\2412\310\264\216\342"
 457      6C34040B 
 457      417AD31F 
 457      A132C8B4 
 457      8EE2
 458 1857 DC36E903 		.ascii	"\3346\351\003\004\270\371W~\357\311\004\022\343\274"
 458      04B8F957 
 458      7EEFC904 
 458      12E3BC
 459 1866 1D782F39 		.ascii	"\035x/9\243\023\320\006W\303&\"\314u\223\000\335\011"
 459      A313D006 
 459      57C32622 
 459      CC759300 
 459      DD09
 460 1878 858BC910 		.ascii	"\205\213\311\020\024\352\345\267\022\332AI\037\272>"
 460      14EAE5B7 
 460      12DA4149 
 460      1FBA3E
 461 1887 C468D0CA 		.ascii	"\304h\320\312\031\354\037,\270\353t\222\313\335\244"
 461      19EC1F2C 
 461      B8EB7492 
 461      CBDDA4
 462 1896 AB0BD402 		.ascii	"\253\013\324\002g\"\266\231\326\271\000A\335&A0\206"
 462      6722B699 
 462      D6B90041 
 462      DD264130 
 462      86
 463 18a7 2EB64505 		.ascii	".\266E\005\013\023\235\000ZB\326\374!Tm\330\034 \370"
 463      0B139D00 
 463      5A42D6FC 
 463      21546DD8 
 463      1C20F8
 464 18ba 87AC35B8 		.ascii	"\207\2545\270\032\327n\201\026<@L\356,\012>\004a\226"
 464      1AD76E81 
 464      163C404C 
 464      EE2C0A3E 
 464      046196
 465 18cd AB40EA41 		.ascii	"\253@\352A\334W\201\372u&7!\010Z\000g\022\364\202A-"
 465      DC5781FA 
 465      75263721 
 465      085A0067 
 465      12F48241 
 466 18e2 D00B11A9 		.ascii	"\320\013\021\251_\2437\031\244\030z\377]p\216\245\240"
 466      5FA33719 
ARM GAS  /tmp/ccAQ4Gpy.s 			page 37


 466      A4187AFF 
 466      5D708EA5 
 466      A0
 467 18f3 31097FD4 		.ascii	"1\011\177\324\007\006\254\013\326\011\253^c\324\327"
 467      0706AC0B 
 467      D609AB5E 
 467      63D4D7
 468 1902 FB436761 		.ascii	"\373Cga\230\371`}\220\201\367_\2577z\374\363\232\015"
 468      98F9607D 
 468      9081F75F 
 468      AF377AFC 
 468      F39A0D
 469 1915 0181C20F 		.ascii	"\001\201\302\017\002\202\177\250r\011\011\\\013\203"
 469      02827FA8 
 469      7209095C 
 469      0B83
 470 1923 0B316630 		.ascii	"\0131f0b\177a3x\2144\327\371\207\004\303x\011Z9\303"
 470      627F6133 
 470      788C34D7 
 470      F98704C3 
 470      78095A39 
 471 1938 99423DFD 		.ascii	"\231B=\375\374h\015\230\004`\017Y\231\0134\302\014X"
 471      FC680D98 
 471      04600F59 
 471      990B34C2 
 471      0C58
 472 194a A73706E9 		.ascii	"\2477\006\351\004l\364\363\003z\2073~\304\031?\344\214"
 472      046CF4F3 
 472      037A8733 
 472      7EC4193F 
 472      E48C
 473 195c 1F70C6F7 		.ascii	"\037p\306\3679\343{\234\361]lZ\345\007\364\0166\255"
 473      39E37B9C 
 473      F15D6C5A 
 473      E507F40E 
 473      36AD
 474 196e FC08E843 		.ascii	"\374\010\350C\240\017\200\336\007z\017\010\356\257\\"
 474      A00F80DE 
 474      077A0F08 
 474      EEAF5C
 475 197d 05B41208 		.ascii	"\005\264\022\010p+\001\347\0078?\300\371\001\316\357"
 475      702B01E7 
 475      07383FC0 
 475      F901CEEF 
 476 198d FD0F5EB7 		.ascii	"\375\017^\267\343\272\215\037\004\221\316\223\331\242"
 476      E3BA8D1F 
 476      0491CE93 
 476      D9A2
 477 199b 964650F8 		.ascii	"\226FP\370'e)F\301:\347\374\327\233\374\327\257\205"
 477      27652946 
 477      C13AE7FC 
 477      D79BFCD7 
 477      AF85
 478 19ad 86FFB800 		.ascii	"\206\377\270\000(\004\034 W,D(\3449i\326-D0\304* _3"
 478      28041C20 
 478      572C4428 
 478      E43969D6 
ARM GAS  /tmp/ccAQ4Gpy.s 			page 38


 478      2D4430C4 
 479 19c5 0102AFFA 		.ascii	"\001\002\257\372\236C>\366{\007&\317Z\310\036z\243\360"
 479      9E433EF6 
 479      7B0726CF 
 479      5AC81E7A 
 479      A3F0
 480 19d7 C9AF376A 		.ascii	"\311\2577jl\034\347\277\236\3464\023\315\300\234\020"
 480      6C1CE7BF 
 480      9EE63413 
 480      CDC09C10 
 481 19e7 E41AF2D5 		.ascii	"\344\032\362\325W&\203\340f\024\350L\200\011/\004\351"
 481      572683E0 
 481      6614E84C 
 481      80092F04 
 481      E9
 482 19f8 FC21EED6 		.ascii	"\374!\356\326\030\365B@\010\004\337\"\307\012\237\005"
 482      18F54240 
 482      0804DF22 
 482      C70A9F05 
 483 1a08 7445203D 		.ascii	"tE =\321\004\351!X\350 \340\265k\244Y\3164C2\\\263a"
 483      D104E921 
 483      58E820E0 
 483      B56BA459 
 483      CE344332 
 484 1a1f 9D7BA83E 		.ascii	"\235{\250>8\300_\007s\310\333\341\216\227\234\201i\262"
 484      38C05F07 
 484      73C8DBE1 
 484      8E979C81 
 484      69B2
 485 1a31 512013FF 		.ascii	"Q \023\377\215\225d~o\0140\012\033\364\201:! \010|@"
 485      8D95647E 
 485      6F0C300A 
 485      1BF4813A 
 485      2120087C 
 486 1a46 33823A50 		.ascii	"3\202:Po\022\010\357N\332\301ua\203N\220`\247\313ZC"
 486      6F1208EF 
 486      4EDAC175 
 486      61834E90 
 486      60A7CB5A 
 487 1a5b A0A0F784 		.ascii	"\240\240\367\204\246`\256\301\270\221\310f\231\317N"
 487      A660AEC1 
 487      B891C866 
 487      99CF4E
 488 1a6a 150ED51B 		.ascii	"\025\016\325\033\371\2576\004\373\2537\012\344\002\256"
 488      F9AF3604 
 488      FBAB370A 
 488      E402AE
 489 1a79 718478DB 		.ascii	"q\204x\333q:\341\333\312\346~K\241\016R\203\221f>\277"
 489      713AE1DB 
 489      CAE67E4B 
 489      A10E5283 
 489      91663EBF 
 490 1a8d 55D088F8 		.ascii	"U\320\210\370l\013\255w\363\337`\204\374#x\332\325j"
 490      6C0BAD77 
 490      F3DF6084 
 490      FC2378DA 
 490      D56A
ARM GAS  /tmp/ccAQ4Gpy.s 			page 39


 491 1a9f 6D459DE0 		.ascii	"mE\235\340nu\236\207\315\215\302wt_\376\334\017\306"
 491      6E759E87 
 491      CD8DC277 
 491      745FFEDC 
 491      0FC6
 492 1ab1 1A16DB9F 		.ascii	"\032\026\333\237\332\255\217\033\227(T.(>\267\220H^"
 492      DAAD8F1B 
 492      9728542E 
 492      283EB790 
 492      485E
 493 1ac3 E1186C8E 		.ascii	"\341\030l\216\013\354\307+?\371\265m\335\324\352t$\303"
 493      0BECC72B 
 493      3FF9B56D 
 493      DDD4EA74 
 493      24C3
 494 1ad5 E9FC8510 		.ascii	"\351\374\205\020\343\233\336:\335FaM\240.T0\322ep\221"
 494      E39BDE3A 
 494      DD46614D 
 494      A02E5430 
 494      D2657091 
 495 1ae9 6E231457 		.ascii	"n#\024W\374\004\000L\310\3378\304\261\355\316'\032["
 495      FC04004C 
 495      C8DF38C4 
 495      B1EDCE27 
 495      1A5B
 496 1afb F9FF00C3 		.ascii	"\371\377\000\303\2779\330"
 496      BF39D8
 497              		.text
 498              		.section	.gnu.lto_.symtab.5414d1125fd34bf3,"",%progbits
 499 0000 5F5A4E31 		.ascii	"_ZN10chibios_rt6System14getIdleThreadXEv\000"
 499      30636869 
 499      62696F73 
 499      5F727436 
 499      53797374 
 500 0029 00       		.ascii	"\000"
 501 002a 00       		.ascii	"\000"
 502 002b 00       		.ascii	"\000"
 503 002c 00000000 		.ascii	"\000\000\000\000\000\000\000\000"
 503      00000000 
 504 0034 CC010000 		.ascii	"\314\001\000\000"
 505 0038 5F5A4E31 		.ascii	"_ZN10chibios_rt10_thd_startEPv\000"
 505      30636869 
 505      62696F73 
 505      5F727431 
 505      305F7468 
 506 0057 00       		.ascii	"\000"
 507 0058 00       		.ascii	"\000"
 508 0059 00       		.ascii	"\000"
 509 005a 00000000 		.ascii	"\000\000\000\000\000\000\000\000"
 509      00000000 
 510 0062 D1010000 		.ascii	"\321\001\000\000"
 511 0066 636800   		.ascii	"ch\000"
 512 0069 00       		.ascii	"\000"
 513 006a 02       		.ascii	"\002"
 514 006b 00       		.ascii	"\000"
 515 006c 00000000 		.ascii	"\000\000\000\000\000\000\000\000"
 515      00000000 
ARM GAS  /tmp/ccAQ4Gpy.s 			page 40


 516 0074 3F020000 		.ascii	"?\002\000\000"
 517              		.text
 518              		.section	.gnu.lto_.opts,"",%progbits
 519 0000 272D666D 		.ascii	"'-fmath-errno' '-fsigned-zeros' '-ftrapping-math' '"
 519      6174682D 
 519      6572726E 
 519      6F272027 
 519      2D667369 
 520 0033 2D666E6F 		.ascii	"-fno-trapv' '-fno-strict-overflow' '-fno-openmp' '-"
 520      2D747261 
 520      70762720 
 520      272D666E 
 520      6F2D7374 
 521 0066 666E6F2D 		.ascii	"fno-openacc' '-mcpu=cortex-m4' '-mthumb' '-mfloat-a"
 521      6F70656E 
 521      61636327 
 521      20272D6D 
 521      6370753D 
 522 0099 62693D68 		.ascii	"bi=hard' '-mfpu=fpv4-sp-d16' '-g' '-ggdb' '-Og' '-f"
 522      61726427 
 522      20272D6D 
 522      6670753D 
 522      66707634 
 523 00cc 6F6D6974 		.ascii	"omit-frame-pointer' '-falign-functions=16' '-ffunct"
 523      2D667261 
 523      6D652D70 
 523      6F696E74 
 523      65722720 
 524 00ff 696F6E2D 		.ascii	"ion-sections' '-fdata-sections' '-fno-common' '-flt"
 524      73656374 
 524      696F6E73 
 524      2720272D 
 524      66646174 
 525 0132 6F272027 		.ascii	"o' '-fno-exceptions'\000"
 525      2D666E6F 
 525      2D657863 
 525      65707469 
 525      6F6E7327 
 526              		.text
 527              		.comm	__gnu_lto_v1,1,1
 528              		.comm	__gnu_lto_slim,1,1
 529              		.ident	"GCC: (15:5.4.1+svn241155-1) 5.4.1 20160919"
ARM GAS  /tmp/ccAQ4Gpy.s 			page 41


DEFINED SYMBOLS
                            *ABS*:0000000000000000 ch.cpp
                            *COM*:0000000000000001 __gnu_lto_v1
                            *COM*:0000000000000001 __gnu_lto_slim

NO UNDEFINED SYMBOLS
