ARM GAS  /tmp/cc1MnXiF.s 			page 1


   1              		.syntax unified
   2              		.cpu cortex-m4
   3              		.eabi_attribute 27, 1
   4              		.eabi_attribute 28, 1
   5              		.fpu fpv4-sp-d16
   6              		.eabi_attribute 20, 1
   7              		.eabi_attribute 21, 1
   8              		.eabi_attribute 23, 3
   9              		.eabi_attribute 24, 1
  10              		.eabi_attribute 25, 1
  11              		.eabi_attribute 26, 1
  12              		.eabi_attribute 30, 1
  13              		.eabi_attribute 34, 1
  14              		.eabi_attribute 18, 4
  15              		.thumb
  16              		.syntax unified
  17              		.file	"chcore_v7m.c"
  18              		.text
  19              	.Ltext0:
  20              		.section	.gnu.lto_.profile.5073cd5fa9c35ad9,"",%progbits
  21 0000 789C6361 		.ascii	"x\234ca`d`a`\000\222\3522\000\000\324\000N"
  21      60646061 
  21      600092EA 
  21      320000D4 
  21      004E
  22              		.text
  23              		.section	.gnu.lto_.inline.5073cd5fa9c35ad9,"",%progbits
  24 0000 789C6361 		.ascii	"x\234ca`d\000\001=\006\004`b`\340\342dd`\342\333\220"
  24      60640001 
  24      3D060460 
  24      6260E0E2 
  24      646460E2 
  25 0016 CBC0B640 		.ascii	"\313\300\266@\236\011$\306\310 \306\007\024R:\322\306"
  25      9E0924C6 
  25      C820C607 
  25      14523AD2 
  25      C6
  26 0027 081763E2 		.ascii	"\010\027c\342\006\221\000{\202\004\247"
  26      0691007B 
  26      8204A7
  27              		.text
  28              		.section	.gnu.lto_.jmpfuncs.5073cd5fa9c35ad9,"",%progbits
  29 0000 789C6361 		.ascii	"x\234ca`d\000\001N\006\004`\002b\260(\000\001\200\000"
  29      60640001 
  29      4E060460 
  29      0262B028 
  29      00018000 
  30 0014 12       		.ascii	"\022"
  31              		.text
  32              		.section	.gnu.lto_.pureconst.5073cd5fa9c35ad9,"",%progbits
  33 0000 789C6361 		.ascii	"x\234ca`d`g```b\330\305\310\270\213\021\000\005\321"
  33      60646067 
  33      60606062 
  33      D8C5C8B8 
  33      8B110005 
  34 0015 0186     		.ascii	"\001\206"
  35              		.text
ARM GAS  /tmp/cc1MnXiF.s 			page 2


  36              		.section	.gnu.lto_SVC_Handler.5073cd5fa9c35ad9,"",%progbits
  37 0000 789C9D94 		.ascii	"x\234\235\224_h[u\024\307\177\347\376non\233\330\026"
  37      5F685B75 
  37      14C77FE7 
  37      FE6E6F6E 
  37      9BD816
  38 0013 7C107460 		.ascii	"|\020t`\372\320\207\301\310\265(\024\005\021\251/{\010"
  38      FAD087C1 
  38      C8B52814 
  38      0511A92F 
  38      7B08
  39 0025 1BCD9B2F 		.ascii	"\033\315\233/e\273F\033\\\226p\223\216\016\204\3354"
  39      65BB461B 
  39      5C967093 
  39      8E0E84DD 
  39      34
  40 0036 BD1BB673 		.ascii	"\275\033\266sN\231\265\035\255\201\216\321jm\327vN\273"
  40      4E99B51D 
  40      AD818ED1 
  40      6A6DD776 
  40      4EBB
  41 0048 56DBD83F 		.ascii	"V\333\330?\231\355\376\2418T\250\243K\272lt0\326\261"
  41      99EDFEA1 
  41      3854A8A3 
  41      4BBA6C74 
  41      30D6B1
  42 005b C1606BE2 		.ascii	"\301`k\3429\277{U\226\016E\363ps\177\347\317\367\234"
  42      39BF7B55 
  42      960E45F3 
  42      70737FE7 
  42      CFF79C
  43 006e F3F9FD7E 		.ascii	"\363\371\375~Wf\300\350\367f\031cO\343\353s\370\016"
  43      5766C0E8 
  43      F7661963 
  43      4FE3EB73 
  43      F80E
  44 0080 9C8174F4 		.ascii	"\234\201t\364\022c\011U\002\240\027S\005v@\202\003p"
  44      12630955 
  44      02A01753 
  44      05764082 
  44      0370
  45 0092 5FDA9060 		.ascii	"_\332\220`\366P\376\254\264u\300\304\337\312B\212\233"
  45      F650FEAC 
  45      B475C0C4 
  45      DFCA428A 
  45      9B
  46 00a3 8369B038 		.ascii	"\203i\2608cEI(1\030\200\255\014\303~l\037\355\345\367"
  46      63454928 
  46      311880AD 
  46      0CC37E6C 
  46      1FEDE5F7 
  47 00b7 248B03C8 		.ascii	"$\213\003\310\270\\\277x<WIK\011\274\270\354X\\\355"
  47      B85CBF78 
  47      3C57494B 
  47      09BCB8EC 
  47      585CED
  48 00ca AFE2AF00 		.ascii	"\257\342\257\000E\336.,wxjO\230f\233\231\376(\363L\217"
ARM GAS  /tmp/cc1MnXiF.s 			page 3


  48      45DE2E2C 
  48      77786A4F 
  48      98669B99 
  48      FE28F34C 
  49 00df 996EF75A 		.ascii	"\231n\367Z\234\303\027\300Q\024>\207-0\010[\2048Fg\307"
  49      9CC317C0 
  49      51143E87 
  49      2D30085B 
  49      84384667 
  50 00f4 0A9F3CA5 		.ascii	"\012\237<\245\264Sy/\014A\255]\030\276\004\005\373\227"
  50      B453792F 
  50      0C41AD5D 
  50      18BE0405 
  50      FB97
  51 0106 C88241F9 		.ascii	"\310\202A\371\316\205i\027\177M\310/>\372 We\313\257"
  51      CE856917 
  51      7F4DC82F 
  51      3EFA2057 
  51      65CBAF
  52 0119 F465DE9B 		.ascii	"\364e\336\233;q\320<\232P-.\303\360\346\0020\002\265"
  52      3B71D03C 
  52      9A502D2E 
  52      C3F0E602 
  52      3002B5
  53 012c A71AD366 		.ascii	"\247\032\323f\261\230\304\351\236\237x\260\246VH\314"
  53      B198C4E9 
  53      9E9F78B0 
  53      A65648CC 
  54 013c E2659C1E 		.ascii	"\342e\234\036\012#}\227x\252d(\027\011\214\335\301\036"
  54      0A237D97 
  54      78AA6428 
  54      17098CDD 
  54      C11E
  55 014e 88D4BA24 		.ascii	"\210\324\272$\321?\317\303\354\344X\346\032\247\266"
  55      D13FCFC3 
  55      ECE458E6 
  55      1AA7B6
  56 015d 929CA875 		.ascii	"\222\234\250uY\263\227]4\277\"\232\352\370\375\303\021"
  56      59B3975D 
  56      34BF229A 
  56      EAF8FDC3 
  56      11
  57 016e D55E8E5E 		.ascii	"\325^\216^M\232\225h\232\031X\277\357NA\037\322t\301"
  57      4D9A9568 
  57      9A1958BF 
  57      EF4E411F 
  57      D274C1
  58 0181 28F6748A 		.ascii	"(\366t\212zB\307\315\245\237s\240\015\233\355\011\263"
  58      7A42C7CD 
  58      A59F73A0 
  58      0D9BED09 
  58      B3
  59 0192 DAE22A8C 		.ascii	"\332\342*\214A\012\012\2026\214\203\306\362\220|\244"
  59      410A0A82 
  59      368C83C6 
  59      F2907CA4 
  60 01a2 D885B85D 		.ascii	"\330\205\270]\353\352\371\303\017\005\3532(\024\213"
ARM GAS  /tmp/cc1MnXiF.s 			page 4


  60      EBEAF9C3 
  60      0F05EB32 
  60      28148B
  61 01b1 C52A388D 		.ascii	"\305*8\215J\330R\027P\330\177)\365\325\337\245\316\200"
  61      4AD85217 
  61      50D87F29 
  61      F5D5DFA5 
  61      CE80
  62 01c3 8605D80D 		.ascii	"\206\005\330\015Hd\3732\033/>\276\023\351\316\013\011"
  62      4864FB32 
  62      1B2F3EBE 
  62      13E9CE0B 
  62      09
  63 01d4 90C52E14 		.ascii	"\220\305.\024%\330\264M\304\010\276\006\005e\276\301"
  63      25D8B44D 
  63      C408BE06 
  63      0565BEC1 
  64 01e4 276E5427 		.ascii	"'nT'\020\223#])\271\246\033Rf7nx9\245md\255\\\271\214"
  64      1093235D 
  64      29B9A61B 
  64      5266376E 
  64      7839A56D 
  65 01fd 1561026A 		.ascii	"\025a\002jDK\231\354\351I\005-p\026\344$\0061\230\304"
  65      444B99EC 
  65      E949052D 
  65      7016E424 
  65      063198C4 
  66 0211 4A59685B 		.ascii	"JYh[\2416H\217\344\311C6+\237\226\305Y\020\333\222\207"
  66      A136488F 
  66      E4C94336 
  66      2B9F96C5 
  66      5910DB92 
  67 0226 B6BB87E6 		.ascii	"\266\273\207\346\301\206\243\3301\222p\017Q\212B\354"
  67      C186A3D8 
  67      3192700F 
  67      518A42EC 
  68 0236 7A0FE67B 		.ascii	"z\017\346{*\355\010\027\232\260\342r\377\261\223\262"
  68      2AED0817 
  68      9AB0E272 
  68      FFB193B2 
  69 0246 7D726F32 		.ascii	"}ro2\230B4\217e\271l\331B\217\003]%\223\023\201\331"
  69      9842348F 
  69      65B96CD9 
  69      428F035D 
  69      25931381 
  70 025b E76EADF6 		.ascii	"\347n\255\366\251\274\027\004\205[\253\353sn\347ho\374"
  70      A9BC1704 
  70      855BABEB 
  70      736EE768 
  70      6FFC
  71 026d E6F9F3E0 		.ascii	"\346\371\363\340}\373\204\203\367\035i\253\016\337_"
  71      7DFB8483 
  71      F71D69AB 
  71      0EDF5F
  72 027c 5E2AE1BB 		.ascii	"^*\341\273x\031(\302!,\225\022f0-\350\316\210[\300\206"
  72      781928C2 
  72      212C9512 
ARM GAS  /tmp/cc1MnXiF.s 			page 5


  72      66302DE8 
  72      CE885BC0 
  73 0291 886E7F6A 		.ascii	"\210n\177j\374AE\315\204C\267\202R\206sS\246*\350\246"
  73      FC4145CD 
  73      8443B782 
  73      52867353 
  73      A62AE8A6 
  74 02a5 1DBACBC7 		.ascii	"\035\272\313\307'\217U\020\335\357\211\256\212\236Y"
  74      278F5510 
  74      DDEF89AE 
  74      8A9E59
  75 02b4 41D79E97 		.ascii	"A\327\236\227*\022\326j\012=\271\364\323\214\233O\331"
  75      2A12D66A 
  75      0A3DB9F4 
  75      D38C9B4F 
  75      D9
  76 02c5 83DDEB1E 		.ascii	"\203\335\353\036\033,w.\325\247GZz~]5\315\217M\240\341"
  76      1B2C772E 
  76      D5A7475A 
  76      7A7E5D35 
  76      CD8F4DA0 
  77 02da E69E30DC 		.ascii	"\346\2360\334\274\270\225\177\335\001\031\030,\240\357"
  77      BCB8957F 
  77      DD011918 
  77      2CA0EF
  78 02e9 06B4E1B0 		.ascii	"\006\264\341\260\267\353K\206}\377\0128\203\362\222"
  78      B7EB4B86 
  78      7DFF0A38 
  78      83F292
  79 02f8 41D3C3BD 		.ascii	"A\323\303\275\237\301\263\0142\344\224K\234\346\031"
  79      9FC1B30C 
  79      32E4944B 
  79      9CE619
  80 0307 84344F90 		.ascii	"\2044O\220\316\221\273l3\244\037\004\244E\202\004\354"
  80      CE91BB6C 
  80      33A41F04 
  80      A4458204 
  80      EC
  81 0318 E1BF425A 		.ascii	"\341\277BZr \025R\327\246\335\004\351<\310\242o\006"
  81      72201552 
  81      D7A6DD04 
  81      E93CC8A2 
  81      6F06
  82 032a 17C4476D 		.ascii	"\027\304Gmpz\356\272\247\346\260dg\273)\366\356\310"
  82      707AEEBA 
  82      A7E6B064 
  82      67BB29F6 
  82      EEC8
  83 033c F815B7C8 		.ascii	"\370\025\267\310\276H\331p\311\306)\0200\266\206G\364"
  83      BE48D970 
  83      C9C62910 
  83      30B68647 
  83      F4
  84 034d FA9A4AC3 		.ascii	"\372\232J\303\0110w\360\262\340\367\002\303\353}>\255"
  84      093077F0 
  84      B2E0F702 
  84      C3EB7D3E 
ARM GAS  /tmp/cc1MnXiF.s 			page 6


  84      AD
  85 035e A139B43B 		.ascii	"\2419\264;\264#\320T\367\262\257\316W\247i\221\230\246"
  85      B423D054 
  85      F7B2AFCE 
  85      57A76991 
  85      98A6
  86 0370 47C2E1C8 		.ascii	"G\302\341\310^-\0321\3421\355\365F\177\203\277U\323"
  86      5E2D1A31 
  86      E231EDF5 
  86      467F83BF 
  86      55D3
  87 0382 9BF58811 		.ascii	"\233\365\210\021l\332W\037\366\351L\326\343\255Q\305"
  87      6CDA571F 
  87      F6E94CD6 
  87      E3AD51C5 
  88 0392 08C65AF6 		.ascii	"\010\306Z\366\304\337\370G\215`k\234\024\264\006\177"
  88      C4DFF847 
  88      8D606B9C 
  88      14B4067F 
  89 03a2 607B406B 		.ascii	"`{@k@\011m\373^}O\313[AM\017\307B\261\246wt\335\327"
  89      40096DFB 
  89      5E7D4FCB 
  89      5B414D0F 
  89      C742B1A6 
  90 03ba CC3CFEC6 		.ascii	"\314<\376\306\200\267\366\205m\336h,\312\370\253\006"
  90      80B7F685 
  90      6DDE682C 
  90      CAF8AB06 
  91 03ca AB8C47A2 		.ascii	"\253\214G\242;\336\336iD\364@|\227\376\256\307\037h"
  91      3BDEDE69 
  91      44F4407C 
  91      97FEAEC7 
  91      1F68
  92 03dc 24DF360C 		.ascii	"$\3376\014b\222\301\\\273w\305\202;\215\320\377\033"
  92      6292C15C 
  92      BB77C582 
  92      3B8DD0FF 
  92      1B
  93 03ed A0995593 		.ascii	"\240\231U\223\036iD\215\220\320t\205\203\341\210\261"
  93      1E69448D 
  93      90D07485 
  93      83E188B1 
  94 03fd 9FFD018C 		.ascii	"\237\375\001\214\012\031\343"
  94      0A19E3
  95              		.text
  96              		.section	.gnu.lto__port_irq_epilogue.5073cd5fa9c35ad9,"",%progbits
  97 0000 789C9D56 		.ascii	"x\234\235V]LTW\020>s\317\335\273\277\374\2645>\030\037"
  97      5D4C5457 
  97      103E73CF 
  97      DDBBBFFC 
  97      B4353E18 
  98 0015 200D694C 		.ascii	" \015iL,WkSb\223\266i\350\213\017D\003I\373\324\030"
  98      2C576B53 
  98      6293B669 
  98      E88B0F44 
  98      0349FBD4 
  99 002a DD622115 		.ascii	"\335b!\025\227\354b\243I\023.\013\013\026\322\3264J"
ARM GAS  /tmp/cc1MnXiF.s 			page 7


  99      97EC62A3 
  99      49132E0B 
  99      0B16D2D6 
  99      344A
 100 003c D1424930 		.ascii	"\321BI0\015\210\202\370\327\012\"l\241\200\240B\265"
 100      0D8882F8 
 100      D70A226C 
 100      A180A042 
 100      B5
 101 004d F8534185 		.ascii	"\370SA\205\345WA\003Fm\265\302v\346\334\013\342\202"
 101      E5574103 
 101      466DB5C2 
 101      76E6DC0B 
 101      E282
 102 005f DA761FEE 		.ascii	"\332v\037\356\236{\346\314\314w\276\371vfe\006\214>"
 102      9E7BE6CC 
 102      CC77BEF9 
 102      76666506 
 102      8C3E
 103 0071 7556C65E 		.ascii	"uV\306^\305\345G\270\006\013\003ig'cY\026I\342\335\213"
 103      C5E547B8 
 103      060B0369 
 103      67276359 
 103      1649E2DD 
 104 0086 996653EA 		.ascii	"\231fS\352\343\230\346\340\222\274\3435|3\321\323!\203"
 104      E398E6E0 
 104      92BCE335 
 104      7C33D1D3 
 104      2183
 105 0098 593F649A 		.ascii	"Y?d\232Y(3\0133\000-4\013\260L\211\313&\305\014\231"
 105      5928330B 
 105      33002D34 
 105      0BB04C89 
 105      CB26C50C 
 106 00ad 705F9A92 		.ascii	"p_\232\222\240)o\270VZV\256\341\247\257ez\205V\341\007"
 106      A0296FB8 
 106      565A56AE 
 106      E1A7AF65 
 106      7A8556E1 
 107 00c2 1F672C28 		.ascii	"\037g,(\011\024\014\312a\031\303c\201\303\323\273\303"
 107      09140CCA 
 107      6119C363 
 107      81C3D3BB 
 107      C3
 108 00d3 941C3A16 		.ascii	"\224\034:\026\245\033\241\002\024\304\307\321x>\247"
 108      A51BA102 
 108      14C4C7D1 
 108      783EA7
 109 00e2 A698DF93 		.ascii	"\246\230\337\223|\034@\306\327\311s{\007\302\351U\202"
 109      7C1C40C6 
 109      D7C9737B 
 109      07C2E955 
 109      82
 110 00f3 287CCD6F 		.ascii	"(|\315o\037,\213\340o\003\205\2713\335\233\357\210\331"
 110      1F2C8BE0 
 110      6F0385B9 
 110      33DD9BEF 
ARM GAS  /tmp/cc1MnXiF.s 			page 8


 110      88D9
 111 0105 A7695ECD 		.ascii	"\247i^\315?\325\266t\217\346\317\211\362q\016\007\200"
 111      3FD5B674 
 111      8FE6CF89 
 111      F2710E07 
 111      80
 112 0116 6350A884 		.ascii	"cP\250\204\245\260\037\226\352\231\017B\014z\014\027"
 112      A5B01F96 
 112      EA990F42 
 112      0C7A0C17 
 113 0126 B43498F9 		.ascii	"\2644\230\371{\302\273\375\361W\003\021\272w_I\353\027"
 113      7BC2BBFD 
 113      F1570311 
 113      BA775F49 
 113      EB17
 114 0138 CDFB72B5 		.ascii	"\315\373r\265\235Y\026\037\227\241j\001\377j\341?\307"
 114      9D59161F 
 114      97A16A01 
 114      FF6AE13F 
 114      C7
 115 0149 C75FE336 		.ascii	"\307_\3436\022.\354p\010b\016%\372\265`0\033\251xw2"
 115      122EEC70 
 115      08620E25 
 115      FAB56030 
 115      1BA97877 
 116 015e EF64212C 		.ascii	"\357d!,\342\314\307M2=L\342\200\"p\231\305\323J\333"
 116      E2CCC74D 
 116      323D4CE2 
 116      80227099 
 116      C5D34ADB 
 117 0172 367C280E 		.ascii	"6|(\016Z\205\211\224\021\270436\201\024\021\343\223"
 117      5A858994 
 117      11B83433 
 117      36811411 
 117      E393
 118 0184 9244DF3C 		.ascii	"\222D\337<\000\336H\272\302\217\035\027\032\355\274"
 118      00DE48BA 
 118      C28F1D17 
 118      1AEDBC
 119 0193 00C47DEE 		.ascii	"\000\304}\356\025\035\256\260\032\367\271\234\377\361"
 119      151DAEB0 
 119      1AF7B99C 
 119      FFF1
 120 01a1 9E2B839A 		.ascii	"\236+\203\232\366\255\006\204\257f\001|\207\305\205"
 120      F6AD0684 
 120      AF66017C 
 120      87C585
 121 01b0 F26E6AA7 		.ascii	"\362nj\247dbW\206(8\202\266\021\360\006JZ\357\304=]"
 121      64625786 
 121      283882B6 
 121      11F0064A 
 121      5AEFC43D 
 122 01c5 25FF97D3 		.ascii	"%\377\227\323 j\024\224 \244\200\376\252\335\005\260"
 122      206A1494 
 122      20A480FE 
 122      AADD05B0 
 123 01d5 84C15132 		.ascii	"\204\301Q2J!Fm\177'P&\006\307\310\314\347\025\037\216"
ARM GAS  /tmp/cc1MnXiF.s 			page 9


 123      4A21466D 
 123      7F275026 
 123      06C7C8CC 
 123      E7151F8E 
 124 01e9 8382607E 		.ascii	"\203\202`~\242\352\003;\003h/+=\362\227-\272\027J\265"
 124      A2EA033B 
 124      03682F2B 
 124      3DF2972D 
 124      BA174AB5 
 125 01fd 2224D742 		.ascii	"\"$\327B.U\003'5\213\214$\300\317\020\315hgb\274\273"
 125      2E550327 
 125      358B8C24 
 125      C0CF10CD 
 125      686762BC 
 126 0212 47C21D38 		.ascii	"G\302\0358\001\262\300\315\240V\310\245\242\241y\310"
 126      01B2C0CD 
 126      A056C8A5 
 126      A2A179C8 
 127 0222 117DC3F0 		.ascii	"\021}\303\360\266\322\331\273\325G.\332\205w\035y\303"
 127      B6D2D9BB 
 127      D5472EDA 
 127      85771D79 
 127      C3
 128 0233 49905900 		.ascii	"I\220Y\000$A\001c\303\320TW{\263\364-\272]6'\001\026"
 128      24410163 
 128      C3D05457 
 128      7BB3F42D 
 128      BA5D3627 
 129 0249 FA9ABACC 		.ascii	"\372\232\272\314\304\211M\3345\253\266~\227I\177\325"
 129      C4894DDC 
 129      35ABB67E 
 129      97497FD5 
 130 0259 AE666BE1 		.ascii	"\256fk\341$\321\"o\277\245\024J\220\\;\234BV\353\011"
 130      24D1226F 
 130      BFA5144A 
 130      905C3B9C 
 130      4256EB09 
 131 026d 011AC677 		.ascii	"\001\032\306w\237\256\264\251UZ\016Z\034\320\000\245"
 131      9FAEB4A9 
 131      555A0E5A 
 131      1CD000A5 
 132 027d 302DA40F 		.ascii	"0-\244\017\215\240b\246\354\307\271\335\222\236H\326"
 132      8DA062A6 
 132      ECC7B9DD 
 132      929E48D6 
 133 028d 73DD3E3B 		.ascii	"s\335>;T&\3707\201\026\011~\014\323\0179=\331K\214C"
 133      5426F837 
 133      8116097E 
 133      0CD30F39 
 133      3DD94B8C 
 134 02a2 78E2D078 		.ascii	"x\342\320x\355\3030\375\004\203_\214\352M\"\225\335"
 134      EDC330FD 
 134      04835F8C 
 134      EA4D2295 
 134      DD
 135 02b3 8BF90864 		.ascii	"\213\371\010d\005Jr\317\025+!\264\222\236D\271Xh\261"
 135      054A72CF 
ARM GAS  /tmp/cc1MnXiF.s 			page 10


 135      152B21B4 
 135      929E44B9 
 135      5868B1
 136 02c6 0A5ADC0C 		.ascii	"\012Z\334\014\232\250\026rh-H\220\014\232E=~\305'\376"
 136      9AA81672 
 136      682D4890 
 136      0C9A453D 
 136      7EC527FE 
 137 02da 1C47A81E 		.ascii	"\034G\250\036\205_\027\226\312\321\177\032\214\206\221"
 137      855F1796 
 137      CAD17F1A 
 137      8C8691
 138 02e9 DB54C037 		.ascii	"\333T\3007`\025\214\266\030\365h\015\034\255S\250\036"
 138      60158CB6 
 138      18F5680D 
 138      1CAD53A8 
 138      1E
 139 02fa AD803733 		.ascii	"\255\20073\241\245M\260\354\355\023\370( \305'\023m"
 139      A1A54DB0 
 139      ECED13F8 
 139      2820C527 
 139      136D
 140 030c B694AD26 		.ascii	"\266\224\255&\024\"%\023\267h\235Z\025\012\265\255\014"
 140      14222513 
 140      B7689D5A 
 140      150AB5AD 
 140      0C
 141 031d 43E8604D 		.ascii	"C\350`M\363\300V\023\330\323\002l\273\016\366\357\027"
 141      F3C05613 
 141      D8D3026C 
 141      BB0EF6EF 
 141      17
 142 032e 82ED0805 		.ascii	"\202\355\010\005{\206\300\206\241\345\354\014X\204A"
 142      7B86C086 
 142      A1E5EC0C 
 142      588441
 143 033d F1283C59 		.ascii	"\361(<Y\004\326}\347e\001\266Z\227\213\367n^7\320F6"
 143      04D67DE7 
 143      6501B65A 
 143      978BF76E 
 143      5E37D046 
 144 0352 57F43392 		.ascii	"W\3643\2220\037$\027\205\252\\\234{i\377\033\372\011"
 144      301F2417 
 144      85AA5C9C 
 144      7B69FF1B 
 144      FA09
 145 0364 336E61C6 		.ascii	"3na\306\207'\312O\231\364\236V\024\014\006#\340\034"
 145      8727CA4F 
 145      99F49E56 
 145      140C0623 
 145      E01C
 146 0376 16F22947 		.ascii	"\026\362)G3E\2767\321\3515\321\036\272\370\007\276/"
 146      3345BE37 
 146      D1E935D1 
 146      1EBAF807 
 146      BE2F
 147 0388 56C885EB 		.ascii	"V\310\205\353.\270U\2405\226\223\354\262\210\202U\330"
ARM GAS  /tmp/cc1MnXiF.s 			page 11


 147      2EB855A0 
 147      359693EC 
 147      B2888255 
 147      D8
 148 0399 1AC2313A 		.ascii	"\032\3021:t\032\332{p\341\3561\233\372\272\217G@\227"
 148      741ADA7B 
 148      70E1EE31 
 148      9BFABA8F 
 148      474097
 149 03ac 101EB57E 		.ascii	"\020\036\265~\370\015T\022\354\320\243.+\005S\000]-"
 149      F80D5412 
 149      ECD0A32E 
 149      2B055300 
 149      5D2D
 150 03be 701E7D48 		.ascii	"p\036}H\370\223]^\253\016\324:W\370\221B\370\371\327"
 150      F8935D5E 
 150      AB0ED43A 
 150      57F89142 
 150      F8F9D7
 151 03d1 BEA9B6E8 		.ascii	"\276\251\266\350\2575\327u\3417\226O\336\267\353\302"
 151      AF35D775 
 151      E137964F 
 151      DEB7EBC2 
 152 03e1 7F097E47 		.ascii	"\177\011~G\341_0\222\217vt\017\300\254\360\273E~\321"
 152      E15F3092 
 152      8F76740F 
 152      C0ACF0BB 
 152      457ED1
 153 03f4 D72F0AE1 		.ascii	"\327/\012\341#g\275\222\236\310\206\271h\247\260\177"
 153      2367BD92 
 153      9EC886B9 
 153      68A7B07F 
 154 0404 9171D37F 		.ascii	"\221q\323\177}\255K\",\247\260\227A\305Pz\344\353\225"
 154      7DAD4B22 
 154      2CA7B097 
 154      41C5507A 
 154      E4EB95
 155 0417 363DB483 		.ascii	"6=\264\203h4XE\317\266\261\301\022\013\337\241w\254"
 155      68345845 
 155      CFB6B1C1 
 155      120BDFA1 
 155      77AC
 156 0429 B1C1C966 		.ascii	"\261\301\311f\273\321\271\357\347\361\331\326}e\201"
 156      BBD1B9EF 
 156      E7F1D9D6 
 156      7D6581
 157 0438 D6F80715 		.ascii	"\326\370\007\025\304a\350\362\362\233!\272<s1\221N\030"
 157      C461E8F2 
 157      F29B21BA 
 157      3C733191 
 157      4E18
 158 044a CA54E6B7 		.ascii	"\312T\346\267\264\253B\225=b\240\261\357\244\027\265"
 158      B4AB4295 
 158      3D62A0B1 
 158      EFA417B5 
 159 045a B45E4395 		.ascii	"\264^C\225\275{\353v\331H\225\327H\225\016\264\\\327"
 159      BD7BEB76 
ARM GAS  /tmp/cc1MnXiF.s 			page 12


 159      D94895D7 
 159      48950EB4 
 159      5CD7
 160 046c 1B951009 		.ascii	"\033\225\020\011ed\243\220\355\277\321\341\320oK\212"
 160      6564A390 
 160      EDBFD1E1 
 160      D06F4B8A 
 161 047c A8AD1DEF 		.ascii	"\250\255\035\3571gNi;4-\322\307_\016J8,\340\006d\"\211"
 161      31674E69 
 161      3B342DD2 
 161      C75F0E4A 
 161      382CE006 
 162 0493 AFE89D64 		.ascii	"\257\350\235d\343\223\303\263\3455c'\351\233\355$2\253"
 162      E393C3B3 
 162      E5356327 
 162      E99BED24 
 162      32AB
 163 04a5 B47324F2 		.ascii	"\264s$\362Q^\347\201u\013\225$\3569%\351\027%\221\211"
 163      515EE781 
 163      750B9524 
 163      EE3925E9 
 163      17259189 
 164 04b9 B58050DA 		.ascii	"\265\200P\332\034D\332v\037_\024\224,h\033@H\224\313"
 164      1C44DA76 
 164      1F5F1494 
 164      2C681B40 
 164      4894CB
 165 04cc 349BEBC1 		.ascii	"4\233\353\301\177\3175\370$\327\3203r\341\337\034\030"
 165      7FCF35F8 
 165      24D7D033 
 165      72E1DF1C 
 165      18
 166 04dd 367229AC 		.ascii	"6r)\254>nvR>=\034\267\276h8\216\210\3418K\230\214\204"
 166      3E6E7652 
 166      3E3D1CB7 
 166      BE68388E 
 166      88E1384B 
 167 04f4 8D3E7B38 		.ascii	"\215>{8\266\017K\306p\264\315\037\216?\320p\274IF{\350"
 167      B60F4BC6 
 167      70B4CD1F 
 167      8E3FD070 
 167      BC49467B 
 168 0509 703CDE05 		.ascii	"p<\336\005\224\211\301\255g\014\3071\241\244\3619\303"
 168      9489C1AD 
 168      670CC731 
 168      A1A4F139 
 168      C3
 169 051a 71BAB4BF 		.ascii	"q\272\264\277\301>3\367F\305\334\273-\346^\350\220\273"
 169      C13E33F7 
 169      46C5DCBB 
 169      2DE65EE8 
 169      90BB
 170 052c 3333E428 		.ascii	"33\344(\201\340\303,\376:\334\"B\304g\002\177\030\270"
 170      81E0C32C 
 170      FE3ADC22 
 170      42C46702 
 170      7F18B8
ARM GAS  /tmp/cc1MnXiF.s 			page 13


 171 053f 832E71B1 		.ascii	"\203.q\261\261j|J\352\306\324\265I\353W\256\216]\031"
 171      B16A7C4A 
 171      EAC6D4B5 
 171      49EB57AE 
 171      8E5D19
 172 0552 BB52555D 		.ascii	"\273RU]\036\325\351JKsmQ\323]\356\014\217\372~bB|\302"
 172      1ED5E94A 
 172      4B736D51 
 172      D35DEE0C 
 172      8FFA7E62 
 173 0569 36D599E2 		.ascii	"6\325\231\342t\271\223\327\177\036\227\026\353d\262"
 173      74B993D7 
 173      7F1E9716 
 173      EB64B2
 174 0578 33635BBA 		.ascii	"3c[\272\342N\366l\335\234\361\301sc$o\313\240\010j|"
 174      E24EF66C 
 174      DD9CF1C1 
 174      7363246F 
 174      CBA0086A 
 175 058d 42D29A24 		.ascii	"B\322\232$5\036C\250k\26687o\375$Yu\246yR=\353?u:cS"
 175      351E43A8 
 175      6BB63837 
 175      6FFD2459 
 175      75A67952 
 176 05a8 9879E306 		.ascii	"\230y\343\006O\362:w\352\377\003\224\302\"\023\222\022"
 176      4FF23A77 
 176      EAFF0394 
 176      C2221392 
 176      12
 177 05b9 A32846BA 		.ascii	"\243(F\272;uyT\314\012&\271\2319-9\315\345\336\316\""
 177      3B757954 
 177      CC0A26B9 
 177      99392D39 
 177      CDE5DECE 
 178 05ce 3E4C484C 		.ascii	">LHL\302\275\345Q\233\322=N7\343\357\270\231cf+\335"
 178      C2BDE551 
 178      9BD23D4E 
 178      37E3EFB8 
 178      9963662B 
 179 05e3 93CEC233 		.ascii	"\223\316\3023\\\351k7\255s\273\234I\031\033\234\237"
 179      5CE96B37 
 179      AD73BB9C 
 179      49191B9C 
 179      9F
 180 05f4 392816EE 		.ascii	"9(\026\356\2138\377\000v\264\244\374"
 180      8B38FF00 
 180      76B4A4FC 
 181              		.text
 182              		.section	.gnu.lto_.symbol_nodes.5073cd5fa9c35ad9,"",%progbits
 183 0000 789C6361 		.ascii	"x\234ca`dHd\000\002\246\345L\365\014\014\023\31610\000"
 183      60644864 
 183      0002A6E5 
 183      4CF50C0C 
 183      13CE3130 
 184 0015 A9550D8A 		.ascii	"\251U\015\212@\221\025L\365\214(\"\214\253\230\352\231"
 184      4091154C 
 184      F58C2822 
ARM GAS  /tmp/cc1MnXiF.s 			page 14


 184      8CAB98EA 
 184      99
 185 0026 C0220C0C 		.ascii	"\300\"\014\014\015\013\024\200\002\253\231\352\231Q"
 185      0D0B1480 
 185      02AB99EA 
 185      9951
 186 0034 045632D5 		.ascii	"\004V2\325\263\300\004\032\200\002\314\214,\014K\372"
 186      B3C0041A 
 186      8002CC8C 
 186      2C0C4BFA 
 187 0044 9EB23000 		.ascii	"\236\2620\000\000u\231\026w"
 187      00759916 
 187      77
 188              		.text
 189              		.section	.gnu.lto_.refs.5073cd5fa9c35ad9,"",%progbits
 190 0000 789C6361 		.ascii	"x\234ca`d\340d```bdb\222fb\226a\000\000\001\335\000"
 190      6064E064 
 190      60606062 
 190      64629266 
 190      62966100 
 191 0018 52       		.ascii	"R"
 192              		.text
 193              		.section	.gnu.lto_.decls.5073cd5fa9c35ad9,"",%progbits
 194 0000 789CBD59 		.ascii	"x\234\275YyTTW\232\257\373n\261\024\024\340Q2\223\234"
 194      79545457 
 194      9AAFFB6E 
 194      B11414E0 
 194      5132939C 
 195 0014 C3643269 		.ascii	"\303d2i\317\011g\346\264HL:\351\371gB0\214\376a\207"
 195      CF0967E6 
 195      B4484C3A 
 195      E9F96742 
 195      308CFE61 
 196 0029 53B44EFF 		.ascii	"S\264N\3771\247\253M\201\302i\266\256\302\304\364?\363"
 196      31A7AB4D 
 196      81C269B6 
 196      AEC2C4F4 
 196      3FF3
 197 003b 0414A346 		.ascii	"\004\024\243F\331d\023e\223E\005\254P\342\002(%\202"
 197      D9641365 
 197      934505AC 
 197      50E20228 
 197      2582
 198 004d A0820B28 		.ascii	"\240\202\013(\273\200\033F\001\005Ad\023\347\273\367"
 198      BB801B46 
 198      01054164 
 198      13E7BBF7 
 199 005d BE57EFF1 		.ascii	"\276W\357\361(LO\3771\017\277\367\352{\357w\277\355"
 199      284C4FFF 
 199      310FBFF7 
 199      EA7BEF77 
 199      BFED
 200 006f 6EDF7755 		.ascii	"n\337wU\253\220\212\\\377\366\317*U'V\251\376\033\330"
 200      AB908A5C 
 200      FFF6CF2A 
 200      552756A9 
 200      FE1BD8
ARM GAS  /tmp/cc1MnXiF.s 			page 15


 201 0082 3770C14F 		.ascii	"7p\301O\325&\225t9\000\225\001\235\004\372\011\310\002"
 201      D5269574 
 201      39009501 
 201      9D04FA09 
 201      C802
 202 0094 54AD5A7C 		.ascii	"T\255Z|\021\214Vh\273\034\310\023H\0152]\201>\202\337"
 202      118C5668 
 202      BB1CC813 
 202      480D325D 
 202      813E82DF 
 203 00a8 BF82E7BF 		.ascii	"\277\202\347\277\000-\003\3725\320j\240O\201\210\025"
 203      002D03FA 
 203      35D06AA0 
 203      4F818815 
 204 00b8 EFC3CD51 		.ascii	"\357\303\315Q\220\361\357\360\373?\200\374\200\374\201"
 204      90F1EFF0 
 204      FB3F80FC 
 204      80FC81
 205 00c7 02D0625D 		.ascii	"\002\320b]\304\226w\336\242k#\320i\225\244#\025(Y\246"
 205      C49677DE 
 205      A26B23D0 
 205      6995A423 
 205      152859A6 
 206 00db 7B04BED5 		.ascii	"{\004\276\325\312l:\010T\005|\032b\376\376\025\236/"
 206      CA6C3A08 
 206      54057C1A 
 206      62FEFE15 
 206      9E2F
 207 00ed E0F91E3C 		.ascii	"\340\371\036<1\320\244\340\033\321\233\001|\226`\327"
 207      31D0A4E0 
 207      1BD19B01 
 207      7C9660D7 
 208 00fd 6124D95B 		.ascii	"a$\331[-\213\217h\273\362z\315\241\343\255\245\373\334"
 208      2D8B8F68 
 208      BBF27ACD 
 208      A1E3ADA5 
 208      FBDC
 209 010f 7A501742 		.ascii	"zP\027B*\204\226!$D\000.\362Fx\222\037\2101\034\275"
 209      2A849621 
 209      2444002E 
 209      F2467892 
 209      1F88311C 
 210 0124 AB44944D 		.ascii	"\253D\224M(\242\177\360\217\243x$\373\260\000G\373\224"
 210      28A27FF0 
 210      8FA37824 
 210      FBB00047 
 210      FB94
 211 0136 5ED22B64 		.ascii	"^\322+d\273D$Z(\224H\225X\3409\251\201L\236`\275\240"
 211      BB44245A 
 211      28944895 
 211      58E039A9 
 211      814C9E60 
 212 014c 1FC9D552 		.ascii	"\037\311\325R\321Xt\272\244a\242\020c\220\011\277\373"
 212      D15874BA 
 212      A461A210 
 212      639009BF 
 212      FB
ARM GAS  /tmp/cc1MnXiF.s 			page 16


 213 015d A74B0256 		.ascii	"\247K\002V\225\362p%\362<\367\276\024\231[\361\346l"
 213      95F27025 
 213      F23CF7BE 
 213      14995BF1 
 213      E66C
 214 016f 3CC1A1E5 		.ascii	"<\301\241\345.H\015\354XK\326\003w`=]\320\007\300\276"
 214      2E480DEC 
 214      584BD603 
 214      77603D5D 
 214      D007C0BE 
 215 0183 BE72288B 		.ascii	"\276r(\213{7\215\266\213\343?P\243M\377\200N /t\034"
 215      7B378DB6 
 215      8BE33F50 
 215      A34DFF80 
 215      4E202F74 
 216 0198 7981B652 		.ascii	"y\201\266R\364.\334\277Q3I\005w\315o4\037\346\362\271"
 216      F42EDCBF 
 216      51334905 
 216      77CD6F34 
 216      1FE6F2B9 
 217 01ac 667EA07F 		.ascii	"f~\240\177jM&o\215\207f\034A\241\022\204\3211\264\212"
 217      6A4D266F 
 217      8D87661C 
 217      41A11284 
 217      D131B48A 
 218 01c0 98083FC9 		.ascii	"\230\010?\311\243\030\365\200\361e\350Cb\334\350x\243"
 218      A318F580 
 218      F165E843 
 218      62DCE878 
 218      A3
 219 01d1 2BFE9A1A 		.ascii	"+\376\232\032\332\335\276\363\231\023\223b\235h\324"
 219      DADDBEF3 
 219      99139362 
 219      9D68D4
 220 01e0 F2893B78 		.ascii	"\362\211;x\376\013*\243\\\222Q.\227q\222\312\030i\251"
 220      FE0B2AA3 
 220      5C92512E 
 220      977192CA 
 220      1869A9
 221 01f3 A8F0C0DF 		.ascii	"\250\360\300\337P\031E\231s\027\\A\306\000\317\017\214"
 221      50194599 
 221      73175C41 
 221      C600CF0F 
 221      8C
 222 0204 357E9B50 		.ascii	"5~\233P\260\313\232\210\250\271\310,\0111#\026)\364"
 222      B0CB9A88 
 222      A8B9C82C 
 222      09312316 
 222      29F4
 223 0216 1315706F 		.ascii	"\023\025po\240\360\205+6#*a\254\303:\353\306$X{\373"
 223      A0F0852B 
 223      36232A61 
 223      ACC33AEB 
 223      C624587B 
 224 022b B5D09CB6 		.ascii	"\265\320\234\266\256\220ZW\210\255-\264un\306\344\023"
 224      AE905A57 
 224      88AD2DB4 
ARM GAS  /tmp/cc1MnXiF.s 			page 17


 224      756EC6E4 
 224      13
 225 023c 475CCF5A 		.ascii	"G\\\317Z\2674\264e8\341>\312\250\237\234\314KsA\032"
 225      B734B465 
 225      38E13ECA 
 225      A89F9CCC 
 225      4B73411A 
 226 0250 2F046143 		.ascii	"/\004aC\336\011<\037\313\217\306\346~\000\366\254\361"
 226      DE093C1F 
 226      CB8FC6E6 
 226      7E00F6AC 
 226      F1
 227 0261 42ABBD54 		.ascii	"B\253\275T\350\034\362F\247\221\006D\235\001\310Y\210"
 227      E81CF246 
 227      A7910644 
 227      9D01C859 
 227      88
 228 0272 6C16EF4C 		.ascii	"l\026\357L\337d\361\273y~\031\375Y$v\235\212\260\250"
 228      DF64F1BB 
 228      797E19FD 
 228      5924769D 
 228      8AB0A8
 229 0285 52D0CE22 		.ascii	"R\320\316\"?S\025\333\270\240\227\010D\352\246\252\005"
 229      3F5315DB 
 229      B8A09708 
 229      44EAA6AA 
 229      05
 230 0296 DD34783C 		.ascii	"\3354x</Cpm \343\306\177\245\307\345\256#\010tJ\362"
 230      2F43706D 
 230      20E3C67F 
 230      A5C7E5AE 
 230      2308744A 
 231 02ab ED94E85B 		.ascii	"\355\224\350[5\365-\266\272+\311\203\015\221\001\"!"
 231      35F52DB6 
 231      BA2BC983 
 231      0D910122 
 231      21
 232 02bc 316B579E 		.ascii	"1kW\236\026\037`\003+\247w\254\314\011gP\206\2734g\271"
 232      161F6003 
 232      2BA777AC 
 232      CC096750 
 232      86BB3467 
 233 02d1 A8465AEF 		.ascii	"\250FZ\357=\304K0e\371:\371\200AV\360t\243V\320B=\032"
 233      3DC44B30 
 233      65F93AF9 
 233      804156F0 
 233      74A356D0 
 234 02e8 4869DB32 		.ascii	"Hi\3332\026GFI-\322\242\013\222\011\033\265\314\332"
 234      16474649 
 234      2DD2A20B 
 234      92091BB5 
 234      CCDA
 235 02fa D263F533 		.ascii	"\322c\3653\036\370\016\323u\346\336\301Z\0153\244\223"
 235      1EF80ED3 
 235      75E6DEC1 
 235      5A0D33A4 
 235      93
ARM GAS  /tmp/cc1MnXiF.s 			page 18


 236 030b F0876B9B 		.ascii	"\360\207k\233\0179\343\036\366q\242\344\342\220;\356"
 236      0F39E31E 
 236      F671A2E4 
 236      E2903BEE 
 237 031b 674CDB60 		.ascii	"gL\333`^\274\226!o\022>\263\251nX\203\037\260\217cC"
 237      5EBC9621 
 237      6F123EB3 
 237      A96E5883 
 237      1FB08F63 
 238 0330 FB8738FC 		.ascii	"\373\2078\374\2301{\033*/\013\343\277\211\360}u\355"
 238      98317B1B 
 238      2A2F0BE3 
 238      BF89F07D 
 238      75ED
 239 0342 87D57888 		.ascii	"\207\325x\210}\314\255Ox\356\201\237\013\332\237\235"
 239      7DCCAD4F 
 239      78EE819F 
 239      0BDA9F9D 
 240 0352 38E3C690 		.ascii	"8\343\306\220V\302g\334\254\251r\303\343\354c}\312L"
 240      56C267DC 
 240      ACA972C3 
 240      E3EC637D 
 240      CA4C
 241 0364 BC064F32 		.ascii	"\274\006O2\246d0{\277\240\375s`\273\236=\235\367\300"
 241      A664307B 
 241      BFA0FD73 
 241      60BB9E3D 
 241      9DF7C0
 242 0377 D3EC5B56 		.ascii	"\323\354[V\302\3600\306s\214\251>Ss\331\201\001W\003"
 242      C2F030C6 
 242      738CA93E 
 242      5373D981 
 242      015703
 243 038a FBA0AB6F 		.ascii	"\373\240\253o\300\035\277a\337:\371\251n\027\034\213"
 243      C01DBF61 
 243      DF3AF9A9 
 243      6E171C8B 
 244 039a 297368FC 		.ascii	")sh\374\356\023\301so`k\373Z\307\035\360N\366\355ha"
 244      EE13C173 
 244      6F606BFB 
 244      5AC71DF0 
 244      4EF6ED68 
 245 03af 6AB723DE 		.ascii	"j\267#\336\315\030q\376.g\363\367\\G\361y5\336\313\276"
 245      CD1871FE 
 245      2E67F3F7 
 245      5C47F179 
 245      35DECBBE 
 246 03c3 4DFED8FD 		.ascii	"M\376\330\375\322\005\357g\314\263\370G\003\256\014"
 246      D205EF67 
 246      CCB3F847 
 246      03AE0C
 247 03d2 F82EB03B 		.ascii	"\370.\260;*\013\016hq\022\373\226\226~\274S\203\323"
 247      2A0B0E68 
 247      7112FB96 
 247      967EBC53 
 247      83D3
 248 03e4 18D33ADA 		.ascii	"\030\323:\332|X\000.\003v(\273\273[\2133\3317K\343X"
ARM GAS  /tmp/cc1MnXiF.s 			page 19


 248      7C58002E 
 248      037628BB 
 248      BB5B8B33 
 248      D9374BE3 
 249 03f9 A306E732 		.ascii	"\243\006\3472&\253z\342\252\340\2143\361\372\246y\257"
 249      26AB7AE2 
 249      AAE08C33 
 249      F1FAA679 
 249      AF
 250 040a 3B3ECABE 		.ascii	";>\312\276\355*\2704\355\206\213\031S\362\264\177\016"
 250      ED2AB834 
 250      ED868B19 
 250      53F2B47F 
 250      0E
 251 041b E3E38C99 		.ascii	"\343\343\214\231=\327\300;\3432\306\0247v5z`3cz\363"
 251      3DD7C03B 
 251      E332C614 
 251      3776357A 
 251      6033637A 
 252 0430 530BD54C 		.ascii	"S\013\325L\336\317\204\037\237\036\331\307\261\245\311"
 252      DECF841F 
 252      9F1ED9C7 
 252      B1A5C9
 253 043f EAF89AF3 		.ascii	"\352\370\232\363\272;|\277\332\001\255$\327\212\225"
 253      BA3B7CBF 
 253      DA01AD24 
 253      D78A95
 254 044e 8B2E6FA0 		.ascii	"\213.o\240|2\014\007\306\0226\036,\334\305'n\246c\254"
 254      7C320C07 
 254      C612361E 
 254      2CDCC527 
 254      6EA663AC 
 255 0462 1EC6D808 		.ascii	"\036\306\330\010Z!\015\312::G|\341\246\242xkF\273V\004"
 255      5A210DCA 
 255      3A3A477C 
 255      E1A6A278 
 255      6B46BB56 
 256 0477 7729C11D 		.ascii	"w)\301\035Jp\266\004nW\202o+\301\211\022\270O\011\276"
 256      4A70B604 
 256      6E57826F 
 256      2BC18912 
 256      B84F09BE 
 257 048b 4BC12790 		.ascii	"K\301'\220\204\256\221\320W\225\350&It\222\2602\360"
 257      84AE91D0 
 257      5795E826 
 257      497492B0 
 257      32F0
 258 049d 48AD428F 		.ascii	"H\255B\217\0010H\000\217\204\0260\235\020\317y\243)"
 258      01304800 
 258      8F841630 
 258      9D10CF79 
 258      A329
 259 04af B4124D03 		.ascii	"\264\022M\003\275\001z\011\364\012h\010h\022\350\005"
 259      BD017A09 
 259      F40A6808 
 259      6812E805 
 260 04bf D013A058 		.ascii	"\320\023\240Xn%z\012\317\347@c@\343@\243@s@3@\263@\303"
ARM GAS  /tmp/cc1MnXiF.s 			page 20


 260      6E257A0A 
 260      CFE74063 
 260      40E340A3 
 260      40734033 
 261 04d7 403B00F7 		.ascii	"@;\000\367\014\236\257\201~\006\232\007\212\203w\023"
 261      0C9EAF81 
 261      7E069A07 
 261      8A837713 
 262 04e7 68255D36 		.ascii	"h%]6\230\3717%\363\033\225\3467(#sD\002\337\261\037"
 262      98F93725 
 262      F31B95E6 
 262      37282373 
 262      4402DFB1 
 263 04fc 4679644E 		.ascii	"FydNI\350\233J\364u\245h\263\004nS\202o)\301\251\022"
 263      49E89B4A 
 263      F475A568 
 263      B3046E53 
 263      826F29C1 
 264 0512 B84709EE 		.ascii	"\270G\011\356^dG\205\204n\265/Z\216\356\226\320\347"
 264      5E644785 
 264      846EB52F 
 264      5A8EEE96 
 264      D0E7
 265 0524 95E89A45 		.ascii	"\225\350\232E\350\2716\033\372\236\022=\260\010\235"
 265      E8B9361B 
 265      FA9E123D 
 265      B0089D
 266 0533 2CC9EEB5 		.ascii	",\311\356\265o\267\314\311yIt\277\375a(\003OJ\340\207"
 266      6FB7CCC9 
 266      794974BF 
 266      FD612803 
 266      4F4AE087 
 267 0547 4AB08F02 		.ascii	"J\260\217\002;%a\037\330\305\312M>+\231\334\242\004"
 267      3B25611F 
 267      D8C5CA4D 
 267      3E2B99DC 
 267      A204
 268 0559 5F535A51 		.ascii	"_SZQ%\201\233\355\203\345\242OK\350\033\366\307\207"
 268      25819BED 
 268      83E5A24F 
 268      4BE81BF6 
 268      C787
 269 056b 1CDD2AA1 		.ascii	"\034\335*\241/\333\037\250rt\273\204\276d\177)\221\243"
 269      2FDB1FA8 
 269      7274BB84 
 269      BE647F29 
 269      91A3
 270 057d 67A488DC 		.ascii	"g\244\210\334\267\337\213\324I\272\027Z_\246hy\330\371"
 270      B7DF8BD4 
 270      49BA175A 
 270      5FA66879 
 270      D8F9
 271 058f 01A412B6 		.ascii	"\001\244\022\266Ai6\325\266{\222\204\012SQW\354/\007"
 271      416936D5 
 271      B67B9284 
 271      0A535157 
 271      EC2F07
ARM GAS  /tmp/cc1MnXiF.s 			page 21


 272 05a2 72C55992 		.ascii	"r\305Y\222\231\235\366\02719\272SB_\264?4\251\231\260"
 272      999DF617 
 272      3139BA53 
 272      425FB43F 
 272      34A999B0 
 273 05b6 08DFB5CE 		.ascii	"\010\337\265\316\226#\255l\177\227cU(\236\323\322\304"
 273      9623AD6C 
 273      7F976355 
 273      289ED3D2 
 273      C4
 274 05c7 019E04DC 		.ascii	"\001\236\004\334t\354\004\331[?rA$u\365\200W'\207\317"
 274      74EC04D9 
 274      5B3F7241 
 274      2475F580 
 274      572787CF 
 275 05db 4DBBB157 		.ascii	"M\273\261Wts9\360\342\250\023\256\241\013>w\"i\250U"
 275      747339F0 
 275      E2A813AE 
 275      A10B3E77 
 275      2269A855 
 276 05ef 83BC5D58 		.ascii	"\203\274]Xf\220\323\2676)\201d\006?p.(\201\263e\006"
 276      6690D3B7 
 276      36298164 
 276      063F702E 
 276      2881B365 
 277 0604 1FB9C07D 		.ascii	"\037\271\300}\267\315\000\225d\351nX\347@.\301\241]"
 277      B7CD0095 
 277      64E96E58 
 277      E7402EC1 
 277      A15D
 278 0616 9C17DAC9 		.ascii	"\234\027\332\311y\021\035\307\216&\345;\342\227L\307"
 278      79111DC7 
 278      8E26E53B 
 278      E2974CC7 
 279 0626 F1F21B97 		.ascii	"\361\362\033\227\235\220\213\267]\001\373\354\010`\306"
 279      9D908BB7 
 279      5D01FBEC 
 279      0860C6
 280 0635 BCCEF9A4 		.ascii	"\274\316\371\244\224\244b{\301\226=\222-`\032y\300["
 280      94A4627B 
 280      C1963D92 
 280      2D601A79 
 280      C05B
 281 0647 9263ECAA 		.ascii	"\222c\354\252Kp\304yj\226\200\334(\035vq\001-q\240%"
 281      4B70C479 
 281      6A9680DC 
 281      281D7671 
 281      012D71A0 
 282 065c F117B590 		.ascii	"\361\027\265\220P\214\245\226kq1k~\357f%\257\021\233"
 282      508CA596 
 282      6B71316B 
 282      7EEF6625 
 282      AF119B
 283 066f FFB29124 		.ascii	"\377\262\221$\377\335\267\243\320\015\227\263\346\355"
 283      FFDDB7A3 
 283      D00D97B3 
 283      E6ED
ARM GAS  /tmp/cc1MnXiF.s 			page 22


 284 067d 1DD93F38 		.ascii	"\035\331?8\342S\202\254\273\217\367\270\343*\3064\027"
 284      E25382AC 
 284      BB8FF7B8 
 284      E32AC634 
 284      17
 285 068e 15ECA082 		.ascii	"\025\354\240\202y\241\377`w\225\272/\225\370\003S\225"
 285      79A1FF60 
 285      7795BA2F 
 285      95F80353 
 285      95
 286 069f CC56929E 		.ascii	"\314V\222\236\024N\232]\227'\012\340/\324\324}\011}"
 286      144E9A5D 
 286      97270AE0 
 286      2FD4D47D 
 286      097D
 287 06b1 905B2EB6 		.ascii	"\220[.\266!hsM\374\210P:X\021I7j\254q\220\022S\275\316"
 287      2168734D 
 287      FC88503A 
 287      58114937 
 287      6AAC7190 
 288 06c9 E72C13E9 		.ascii	"\347,\023\351\216H\330\252\275\363\371\3248~\240r0\272"
 288      8E48D8AA 
 288      BDF3F9D4 
 288      387EA072 
 288      30BA
 289 06db A5E1EA3E 		.ascii	"\245\341\352>>\267\016\241\375 9\035\002{\210[rO\214"
 289      3EB70EA1 
 289      FD20391D 
 289      027B885B 
 289      724F8C
 290 06ee 8F8345C3 		.ascii	"\217\203E\303\202\3304H\004\374\001%^\261.\302\224\252"
 290      82D83448 
 290      04FC0125 
 290      5EB12EC2 
 290      94AA
 291 0700 10F1602B 		.ascii	"\020\361`+JQ\342\245\365k\301&\232\006Qe\213&A\223\035"
 291      4A51E2A5 
 291      F56BC126 
 291      9A065165 
 291      8B264193 
 292 0715 3407629E 		.ascii	"4\007b\236\005;\334\021\240l\240L\240\303@\031\234\270"
 292      053BDC11 
 292      A06CA04C 
 292      A0C34019 
 292      9CB8
 293 0727 E311E34E 		.ascii	"\343\021\343N\313\215K\262o\234\260\246\201\373\326"
 293      CB8D4BB2 
 293      6F9CB0A6 
 293      81FBD6
 294 0736 2A114E7C 		.ascii	"*\021N|\377\321\276\357\276\222\353\247\344\322\223"
 294      FFD1BEEF 
 294      BE92EBA7 
 294      E4D293
 295 0745 EDBAC23C 		.ascii	"\355\272\302<g\213I\216e=TN\210\240\344\253\011\364"
 295      678B498E 
 295      653D544E 
 295      88A0E4AB 
ARM GAS  /tmp/cc1MnXiF.s 			page 23


 295      09F4
 296 0757 CB9D89B3 		.ascii	"\313\235\211\263yj\274\337\201\316\207\213\355\371\215"
 296      796ABCDF 
 296      81CE878B 
 296      EDF98D
 297 0766 08ADF0B6 		.ascii	"\010\255\360\266\033\000\224\017~\377\2551`jk-\357\221"
 297      1B00940F 
 297      7EFFAD31 
 297      606A6B2D 
 297      EF91
 298 0778 352C0F1A 		.ascii	"5,\017\032\345J\363\204\030Au\337\177di\360\220/\037"
 298      E54AF384 
 298      184175DF 
 298      7F6469F0 
 298      902F1F
 299 078b 799C7CF9 		.ascii	"y\234|\371(\020\226\217\002\272|4\274ye\025\352\016"
 299      2810968F 
 299      02BA7C34 
 299      BC796515 
 299      EA0E
 300 079d 0ED864CB 		.ascii	"\016\330d\313O\355\334\222C\267P\034\272G\331|\250{"
 300      4FEDDC92 
 300      43B7501C 
 300      BA47D97C 
 300      A87B
 301 07af 612E1672 		.ascii	"a.\026rp,Kw=Y\272{g\352\374\214\026\247\323\030\250"
 301      702C4B77 
 301      3D59BA7B 
 301      67EAFC8C 
 301      16A7D318 
 302 07c4 2DB1FD79 		.ascii	"-\261\375y\356\310\233Uh.\262J"
 302      EEC89B55 
 302      682EB24A 
 303 07d0 AB14225D 		.ascii	"\253\024\"]\302\331*-Z\216\215\376\017yMK4\362\244\353"
 303      C2D92A2D 
 303      5A8E8DFE 
 303      0F794D4B 
 303      34F2A4EB 
 304 07e4 C8683EEF 		.ascii	"\310h>\357\370\256\255\236;\006\201*\245\326\234\200"
 304      F8AEAD9E 
 304      3B06812A 
 304      A5D69C80 
 305 07f4 381E67E6 		.ascii	"8\036g\346\364\017Nw\253\205\251D\012Z*\273\030\276"
 305      F40F4E77 
 305      AB85A944 
 305      0A5A2ABB 
 305      18BE
 306 0806 1771C4FA 		.ascii	"\027q\304\3722:\225\012\331r\002\314/\316\324r\321\335"
 306      323A950A 
 306      D97202CC 
 306      2FCED472 
 306      D1DD
 307 0818 D55EF224 		.ascii	"\325^\362$\335\223%\351Wo=mv\022\264YEm'9\026\034\250"
 307      DD9325E9 
 307      576F3D6D 
 307      7612B459 
 307      456D2739 
ARM GAS  /tmp/cc1MnXiF.s 			page 24


 308 082f 7CA9B672 		.ascii	"|\251\266r\246\315L\265=\234-\253\022\352\006G\262f"
 308      A6CD4CB5 
 308      3D9C2DAB 
 308      12EA0647 
 308      B266
 309 0841 B64EE73B 		.ascii	"\266N\347;-\251\274BT\376\023snb\317\316WB\015\345$"
 309      2DA9BC42 
 309      54FE1373 
 309      6E62CFCE 
 309      57420DE5 
 310 0856 2B7F3C59 		.ascii	"+\177<Y\371\323y`\3741\247t\375\024\030c\241\306TRc"
 310      F9D37960 
 310      FC31A774 
 310      FD141863 
 310      A1C65452 
 311 086b 2A983195 		.ascii	"*\2301\225\324\230\366\336\326\014\015\316\246\275\203"
 311      D498F6DE 
 311      D60C0DCE 
 311      A6BD83
 312 087a 8E971D31 		.ascii	"\216\227\0351\273\343\"\306\354\255\273\224\355\250"
 312      BBE322C6 
 312      ECADBB94 
 312      EDA8
 313 0888 86AE3943 		.ascii	"\206\2569C\273\005\336\\\2722eQ\313k\337\205k\3249N"
 313      BB05DE5C 
 313      BA326551 
 313      CB6BDF85 
 313      6BD4394E 
 314 089c 5EFBD6E4 		.ascii	"^\373\326\344\027\025z@\355k5\363\003]C\333/\314?\344"
 314      17157A40 
 314      ED6B35F3 
 314      035D43DB 
 314      2FCC3FE4 
 315 08b0 F9649E8F 		.ascii	"\371d\236\217G\236\004\210N\213#\026\235\345\324\204"
 315      479E0488 
 315      4E8B2316 
 315      9DE5D484 
 316 08c0 930E19AA 		.ascii	"\223\016\031\2528R\011\017\027u,\303\323K\231r\357\322"
 316      3852090F 
 316      17752CC3 
 316      D34B9972 
 316      EFD2
 317 08d2 41DE1DDE 		.ascii	"A\336\035\336\320\015\201\350\204w7\357\235=\244]\362"
 317      D00D81E8 
 317      847737EF 
 317      9D3DA45D 
 317      F2
 318 08e3 00E502B5 		.ascii	"\000\345\002\265\356<'\230gyP^\357\300\314\263\366\264"
 318      EE3C2798 
 318      6779505E 
 318      EFC0CCB3 
 318      F6B4
 319 08f5 FE133B41 		.ascii	"\376\023;A\311s!0Tm\263\255\006l\253\226\333VKm\273"
 319      C9732130 
 319      546DB3AD 
 319      066CAB96 
 319      DB564B6D 
ARM GAS  /tmp/cc1MnXiF.s 			page 25


 320 090a F2B0ACCE 		.ascii	"\362\260\254\316\035\3079\2625\277\277dL-8:\226\360"
 320      1DC739B2 
 320      35BFBF64 
 320      4C2D383A 
 320      96F0
 321 091c BBAC4ED1 		.ascii	"\273\254N\321Q5=\307\260JS\323*\227t\221J\032\310y\234"
 321      51353DC7 
 321      B04A53D3 
 321      2A977491 
 321      4A1AC879 
 322 0931 E2863398 		.ascii	"\342\2063\230\244\202\275m\026W\301\246\333[\005\223"
 322      A482BD6D 
 322      1657C1A6 
 322      DB5B0593 
 323 0941 D8A14E9D 		.ascii	"\330\241N\235$\245N.\345\022\225\3221X\027\214\217:"
 323      24A54E2E 
 323      E51295D2 
 323      3158178C 
 323      8F3A
 324 0953 2E11AB4E 		.ascii	".\021\253N\363|\256\273\255'\376\360zR\352\011\342m"
 324      F37CAEBB 
 324      AD27FEF0 
 324      7A52EA09 
 324      E26D
 325 0965 BDCDDB06 		.ascii	"\275\315\333\006\360\266^.\3752\225^\332\322\330+\014"
 325      F0B65E2E 
 325      FD32955E 
 325      DAD2D82B 
 325      0C
 326 0976 B9DD64B3 		.ascii	"\271\335d\263y\363\244\253@(\220Gi\035<w\370\214\300"
 326      79F3A4AB 
 326      40289047 
 326      691D3C77 
 326      F88CC0
 327 0989 7B9273AC 		.ascii	"{\222s\254\376\304D'6$s\011\274#\243\246\331e\311\361"
 327      FEC44427 
 327      36247309 
 327      BC23A3A6 
 327      D965C9F1 
 328 099d 7D4D1CDF 		.ascii	"}M\034\337\204\005\364\334d\345\234\2034\202\331\030"
 328      8405F4DC 
 328      64E59C83 
 328      3482D918 
 329 09ad BB0A23F8 		.ascii	"\273\012#\370\012\035\301\315t\004_\023\367\301\312"
 329      0A1DC1CD 
 329      74045F13 
 329      F7C1CA
 330 09bc D68E490D 		.ascii	"\326\216I\015\256`\236\307\315\334\212\327\312\233\356"
 330      AE609EC7 
 330      CDDC8AD7 
 330      CA9BEE
 331 09cb 7F5BD3D3 		.ascii	"\177[\323\323\203W.\27303ybf\365\345V\310\365\3160Q"
 331      83572EBB 
 331      30337962 
 331      66F5E556 
 331      C8F5CE30 
 332 09e0 E97DA7A7 		.ascii	"\351}\247\247\265K\332|K\264\271\210\315\311\214\330"
ARM GAS  /tmp/cc1MnXiF.s 			page 26


 332      B54BDA7C 
 332      4BB4B988 
 332      CDC98CD8 
 333 09f0 A3C56AA5 		.ascii	"\243\305j\245\3157@1\333XZ\251\342[\242\342\370\336"
 333      CD374031 
 333      DB585AA9 
 333      E25BA2E2 
 333      F8DE
 334 0a02 8B458BCC 		.ascii	"\213E\213\314\\\022=8o\271\012Y\0333+%y\352\2523\266"
 334      5C123D38 
 334      6FB90A59 
 334      1B332B25 
 334      79EAAA33 
 335 0a17 3A2E3823 		.ascii	":.8#\361\024\316H\306O\214\026B\016\300>\356\271\360"
 335      F114CE48 
 335      C64F8C16 
 335      420EC03E 
 335      EEB9F0
 336 0a2a E2089256 		.ascii	"\342\010\222V%fR;(a[c\247lU\002\364\205\224\342\024"
 336      2566523B 
 336      28615B63 
 336      A76C5502 
 336      F48594E2 
 337 0a3f 27397AFF 		.ascii	"'9z\377\333\320\031\323yO\335p\023S4\362l\356\244;n"
 337      DBD019D3 
 337      794FDD70 
 337      135334F2 
 337      6CEEA43B 
 338 0a54 61CC89D2 		.ascii	"a\314\211\322\213\327]q+c\346\022s,\032\334\311\230"
 338      8BD75D71 
 338      2B63E612 
 338      732C1ADC 
 338      C998
 339 0a66 BA8223C9 		.ascii	"\272\202#\311\032|\2271o\022wg:\341\373\214I\275\236"
 339      1A7C9731 
 339      6F127767 
 339      3AE1FB8C 
 339      49BD9E
 340 0a79 5AE08A1F 		.ascii	"Z\340\212\0373f\366\347\324.\304\206\222Vv\032\346)"
 340      3366F6E7 
 340      D42EC486 
 340      9256761A 
 340      E629
 341 0a8b 9C86954F 		.ascii	"\234\206\225O\356Ow\305#\014\333\321\025\177N\300\272"
 341      EE4F77C5 
 341      230CDBD1 
 341      157F4EC0 
 341      BA
 342 0a9c 92F3A399 		.ascii	"\222\363\243\231\216\332\245\327\360Gb\227=d]vr\347"
 342      8EDAA5D7 
 342      F0476297 
 342      3D645D76 
 342      72E7
 343 0aae C363CED0 		.ascii	"\303c\316\320\330\013\322e$\313\225\275X\256|\312:^"
 343      D80BD265 
 343      24CB95BD 
 343      58AE7CCA 
ARM GAS  /tmp/cc1MnXiF.s 			page 27


 343      3A5E
 344 0ac0 A6C66354 		.ascii	"\246\306cT\021w\313\322\325 \317\225\337?K\322\323\247"
 344      1177CBD2 
 344      D520CF95 
 344      DF3F4BD2 
 344      D3A7
 345 0ad2 10A29FA5 		.ascii	"\020\242\237\245Y\351eK\225\027\356PO`\207\362\022R"
 345      59E9654B 
 345      9517EE50 
 345      4F6087F2 
 345      1252
 346 0ae4 C8C710D1 		.ascii	"\310\307\020\321A!Q\316)\251w\303\263L\301H\352\320"
 346      412151CE 
 346      29A977C3 
 346      B34CC148 
 346      EAD0
 347 0af6 6E6C53F0 		.ascii	"nlS\360:\307\353\004Q0\002\012\206$\005O\271%4\014\333"
 347      3AC7EB04 
 347      5130020A 
 347      8624054F 
 347      B925340C 
 348 0b0b D760CD49 		.ascii	"\327`\315I\335\343.\337\012\210\274\373\360\375\036"
 348      DDE32EDF 
 348      0A88BCFB 
 348      F0FD1E
 349 0b1a 9D0DCF68 		.ascii	"\235\015\317h\237>\022\3734\357\007K\242\220C\377M\322"
 349      9F3E12FB 
 349      34EF074B 
 349      A29043FF 
 349      4DD2
 350 0b2c BBF233CB 		.ascii	"\273\3623\313<\344\322\237\277M\372\371\326\336/p\234"
 350      3CE4D29F 
 350      BF4DFAF9 
 350      D6DE2F70 
 350      9C
 351 0b3d 130DEDCB 		.ascii	"\023\015\355\313\353\275Pd'0&\376\332\225b'\274\227"
 351      EBBD5064 
 351      273026FE 
 351      DA956227 
 351      BC97
 352 0b4f 31C3C75A 		.ascii	"1\303\307Z\232\034q\022c\036\016\316\234\3058\2151E"
 352      9A1C7112 
 352      631E0ECE 
 352      9CC5388D 
 352      3145
 353 0b61 C3F93F6A 		.ascii	"\303\371?j\360!\241\315\303g\327\205C\262}\244\353f"
 353      F021A1CD 
 353      C367D785 
 353      43B27DA4 
 353      EB66
 354 0b73 474FDF16 		.ascii	"GO\337\026\007\0119\014{\372\362\321\033g\234G\301\377"
 354      0709390C 
 354      7BFAF2D1 
 354      1B679C47 
 354      C1FF
 355 0b85 783F313D 		.ascii	"x?1=M\213\026\237[\221#\253\2254\331\203\324\370\017"
 355      4D8B169F 
ARM GAS  /tmp/cc1MnXiF.s 			page 28


 355      5B9123AB 
 355      9534D983 
 355      D4F80F
 356 0b98 CF6F9325 		.ascii	"\317o\223%QK\323\275\227\020\362\371%\322=\226\035\246"
 356      514BD3BD 
 356      9710F2F9 
 356      25D23D96 
 356      1DA6
 357 0baa F5D10A8E 		.ascii	"\365\321\012\216\200\373\224\340\333\213\322\350\251"
 357      80FB94E0 
 357      DB8BD2E8 
 357      A9
 358 0bb7 1E1B7A42 		.ascii	"\036\033zB\211\036P&\236G$\321\335J\260\274\232^\220"
 358      891E5026 
 358      9E4724D1 
 358      DD4AB0BC 
 358      9A5E90
 359 0bca 424E41D8 		.ascii	"BNA\330_\321\260\317\013\371\343>\354\215\016\340\225"
 359      5FD1B0CF 
 359      0BF9E33E 
 359      EC8D0EE0 
 359      95
 360 0bdb 680672C6 		.ascii	"h\006r\3069\2407@\261\300\357\000\332\013\264\033h\027"
 360      39A03740 
 360      B1C0EF00 
 360      DA0BB41B 
 360      6817
 361 0bed D02CBC8F 		.ascii	"\320,\274\217\203g\002\320\017@\257\201\337\017\317"
 361      836702D0 
 361      0F40AF81 
 361      DF0FCF
 362 0bfc 44201EE8 		.ascii	"D \036\350G\240x\240\235@{\260<\377\236\221\274\032"
 362      47A078A0 
 362      9D407BB0 
 362      3CFF9E91 
 362      BC1A
 363 0c0e B7EF9518 		.ascii	"\267\357\225\030\003\222~\237bn\221U\345\266\022\335"
 363      03927E9F 
 363      626E9155 
 363      E5B612DD 
 364 0c1e B42862F3 		.ascii	"\264(b\363\222\3541%zq\2312'\241_\330G\313\342\233!"
 364      92EC3125 
 364      7A719932 
 364      27A15FD8 
 364      47CBE29B 
 365 0c33 C5F7AE12 		.ascii	"\305\367\256\022\274\340\200*u\007\024@\177$\330\353"
 365      BCE0802A 
 365      75071440 
 365      7F24D8EB 
 366 0c43 50CDB408 		.ascii	"P\315\264\010Xq3\221\027\352\254\370\251\242\330f\241"
 366      58713391 
 366      17EAACF8 
 366      A9A2D866 
 366      A1
 367 0c54 F259806D 		.ascii	"\362Y\200m\342\224&\247JV\364\333\037@2\223\263$p\257"
 367      E29426A7 
 367      4A56F4DB 
ARM GAS  /tmp/cc1MnXiF.s 			page 29


 367      1F403293 
 367      B32470AF 
 368 0c68 7D93E5A2 		.ascii	"}\223\345\242\223%\364\200\022\335\261\010\235-\241"
 368      9325F480 
 368      12DDB108 
 368      9D2DA1
 369 0c77 7BEC0F37 		.ascii	"{\354\0177\231!5\022xZ\011n\344\344`\210]\342\037y\363"
 369      99213512 
 369      785A096E 
 369      E4E46088 
 369      5DE21F79 
 370 0c8c 9FD028C4 		.ascii	"\237\320(\304\343\201\200\025\027\007\371\031\031\253"
 370      E3818015 
 370      1707F919 
 370      19AB
 371 0c9a 63C67AE8 		.ascii	"c\306z\350Y\314<\2478\213!}p\346\310;;h%\326\006\242"
 371      59CC3CA7 
 371      388B217D 
 371      70E6C83B 
 371      3B6825D6 
 372 0cb0 6E0AA2C4 		.ascii	"n\012\242\304\315r\341\331&\201\233i7t\001\266C\300"
 372      CD72E1D9 
 372      26819B69 
 372      377401B6 
 372      43C0
 373 0cc2 8ABBD8C2 		.ascii	"\212\273\330\302s.2('zl\203r\322\356\234\227a+\244\001"
 373      732E3228 
 373      277A6C83 
 373      72D2EE9C 
 373      97612BA4 
 374 0cd7 7CC7FE00 		.ascii	"|\307\376\000\026\017m\256\367\037\274\256\306\305t"
 374      160F6DAE 
 374      F71FBCAE 
 374      C6C574
 375 0ce6 F5E152FB 		.ascii	"\365\341R\373\036\337qWV|\342tE)0K\377?f\254P-\366!"
 375      1EDF7157 
 375      567CE274 
 375      4529304B 
 375      FF3F66AC 
 376 0cfe 12E564BC 		.ascii	"\022\345d\274\002%a\333\2562/V\213\251\265\027\232\335"
 376      022561DB 
 376      AE322F56 
 376      8BA9B517 
 376      9ADD
 377 0d10 E4D52201 		.ascii	"\344\325\"\001\312N+0\253\026\341I\213\220\352\213X"
 377      CA4E2B30 
 377      AB16E149 
 377      8B90EA8B 
 377      58
 378 0d21 0E26FFA9 		.ascii	"\016&\377\251%;\254\020\300\007)8\253+\373\232\263\034"
 378      253BAC10 
 378      C0072938 
 378      AB2BFB9A 
 378      B31C
 379 0d33 5CBA009C 		.ascii	"\\\272\000\234&\200\323(\370\322d{\231\0236\263\225"
 379      2680D328 
 379      F8D2647B 
ARM GAS  /tmp/cc1MnXiF.s 			page 30


 379      991336B3 
 379      95
 380 0d44 7E4F7E5B 		.ascii	"~O~[\243XB\2145\256Uf\326\351\222\033\360S\312Z30\311"
 380      A358428C 
 380      35AE5566 
 380      D6E9921B 
 380      F053CA5A 
 381 0d5b 5A8B5E4D 		.ascii	"Z\213^M\355u\307\227\230\244\276+-\006!\261\236\330"
 381      ED75C797 
 381      98A4BE2B 
 381      2D0621B1 
 381      9ED8
 382 0d6d B220B1CE 		.ascii	"\262 \261\316\224\204d\312\205dQ!\361/\333\217\270\341"
 382      948464CA 
 382      85645121 
 382      F12FDB8F 
 382      B8E1
 383 0d7f 16A72532 		.ascii	"\026\247%2\353S3m\203\216\266\314:\272\366\301\215}"
 383      EB53336D 
 383      838EB6CC 
 383      3ABAF6C1 
 383      8D7D
 384 0d91 7C6E2CFF 		.ascii	"|n,\377E\023Gk\234C\242l\224\215\325\204\223\304\037"
 384      4513476B 
 384      9C43A26C 
 384      948DD584 
 384      93C41F
 385 0da4 C61FAA5C 		.ascii	"\306\037\252\\\2036\371\353\327m\216\014\016\0171:\377"
 385      8336F9EB 
 385      D76D8E0C 
 385      0E0F313A 
 385      FF
 386 0db5 E7EF367E 		.ascii	"\347\3576~\340\357\353\253\372l\325*\037\377\320\260"
 386      E0EFEBAB 
 386      FA6CD52A 
 386      1FFFD0B0 
 387 0dc5 6FC2BE0E 		.ascii	"o\302\276\016\322\373\376v\225\357*_\037\237(\223\217"
 387      D2FBFE76 
 387      95EF2A5F 
 387      1F9F2893 
 387      8F
 388 0dd6 212A2222 		.ascii	"!*\"\"*\322':\312\030c\362\361\323m\360\337\260\335"
 388      2AD2273A 
 388      CA1863F2 
 388      F1D36DF0 
 388      DFB0DD
 389 0de9 C7106A88 		.ascii	"\307\020j\2102\206\350\277\375,b\225A\265\\O\276\351"
 389      3286E8BF 
 389      FD2C6295 
 389      41B55C4F 
 389      BEE9
 390 0dfb C38C7FD1 		.ascii	"\303\214\177\321\207D\207\205Gm\335\026\362\016{e\372"
 390      87448785 
 390      476DDD16 
 390      F20E7B65 
 390      FA
 391 0e0c 2E2CC610 		.ascii	".,\306\020\252\337b\214\212\320\207\231\214\177\237"
ARM GAS  /tmp/cc1MnXiF.s 			page 31


 391      AADF628C 
 391      8AD08799 
 391      8C7F9F
 392 0e1b 8250D50A 		.ascii	"\202P\325\012&-d{X\214M\326{\206\320 C\350zS\2401$$"
 392      262D647B 
 392      588C4DD6 
 392      7B86D020 
 392      43E87A53 
 393 0e33 223A262C 		.ascii	"\":&,*R\027\362\227ma\306\220`\007\375\227QQ\341\377"
 393      2A5217F2 
 393      976D61C6 
 393      906007FD 
 393      975151E1 
 394 0e48 6A5F9731 		.ascii	"j_\2271\306',\322\020\276-8\004T\230\014\241\301 \336"
 394      C6272CD2 
 394      10BE2D38 
 394      0454980C 
 394      A1C120DE 
 395 0e5c D918620A 		.ascii	"\331\030b\0121~\033\022\014?\266n6F\350c\326\374_\015"
 395      317E1B12 
 395      0C3FB66E 
 395      3646E863 
 395      D6FC5F0D 
 396 0e70 05290E5B 		.ascii	"\005)\016[\242M\006#6\371~\012\364\011\320\032\240\217"
 396      A24D0623 
 396      36F97E0A 
 396      F409D01A 
 396      A08F
 397 0e82 817C8156 		.ascii	"\201|\201Vs\246\337r\246\3179\323g\234\3517\234\351"
 397      73A6DF72 
 397      A6CF39D3 
 397      679CE937 
 397      9CE9
 398 0e94 53CEF409 		.ascii	"S\316\364\011gZ\303\231>\346L\276\234i\265z{\264\311"
 398      675AC399 
 398      3EE64CBE 
 398      9C69B57A 
 398      7BB4C9
 399 0ea7 C8451B1C 		.ascii	"\310E\033\034\303\215\372\230\320`l\364\375\2303\256"
 399      C38DFA98 
 399      D0606CF4 
 399      FD9833AE 
 400 0eb7 E18C70F7 		.ascii	"\341\214p\367\345\214\253]\005\367c\0141\333]\364\372"
 400      E58CAB5D 
 400      05F7630C 
 400      31DB5DF4 
 400      FA
 401 0ec8 6D619131 		.ascii	"ma\2211k>\326\307\374\332g\233\311hs'2\344\273\360\260"
 401      6B3ED6C7 
 401      FCDA679B 
 401      C9687327 
 401      32E4BBF0 
 402 0edd 6F7C2236 		.ascii	"o|\"6\033B\303\"C|\364\301![6o\013\217\321\307|\037"
 402      1B42C322 
 402      437CF4C1 
 402      215B366F 
 402      0B8FD1C7 
ARM GAS  /tmp/cc1MnXiF.s 			page 32


 403 0ef3 1D62225E 		.ascii	"\035b\"^\212\315>\264\327\314\364\275\311Go\212\011"
 403      8ACD3EB4 
 403      D7CCF4BD 
 403      C9476F8A 
 403      09
 404 0f04 060CF165 		.ascii	"\006\014\361e\303\246\000\335j\307\200\300\265A\376"
 404      C3A600DD 
 404      6AC780C0 
 404      B541FE
 405 0f13 3A878040 		.ascii	":\207\200@\177?z\367\327it_\005}\245\333\364\325\332"
 405      7F3F7AF7 
 405      D769745F 
 405      057DA5DB 
 405      F4D5DA
 406 0f26 D514E2EB 		.ascii	"\325\024\342\353\377\326@\201\305$L>\376\033\202\326"
 406      FFD64081 
 406      C5244C3E 
 406      FE1B82D6 
 407 0f36 07F9F843 		.ascii	"\007\371\370C\234|\326\213\301'\275k\210\370\204\030"
 407      9C7CD68B 
 407      C127BD6B 
 407      88F88418 
 408 0f46 1610B851 		.ascii	"\026\020\270Q\377{\260Rm\010\335l\324\350\365[Cb\364"
 408      FF7BB052 
 408      6D08DD6C 
 408      D4E8F55B 
 408      4362F4
 409 0f59 8141816E 		.ascii	"\201A\201n\233\303\277\333\374\275I\037\026\031\016"
 409      9BC3BFDB 
 409      FCBD491F 
 409      16190E
 410 0f68 0EADFDBB 		.ascii	"\016\255\375\2735E\230\302L\372\255\006\003\250\002"
 410      354598C2 
 410      4CFAAD06 
 410      03A802
 411 0f77 E12626DC 		.ascii	"\341&&\334\223\206t[dx\224\341\317\2661\345*{\351\306"
 411      9386745B 
 411      647894E1 
 411      CFB631E5 
 411      2A7BE9C6 
 412 0f8b A05FFA05 		.ascii	"\240_\372\005}\025\250[\257^\037\344\247So\330\020\240"
 412      7D15A85B 
 412      AF5E1FE4 
 412      A7536FD8 
 412      10A0
 413 0f9d C37E6B   		.ascii	"\303~k"
 414 0fa0 75782D3C 		.ascii	"ux-<\003\003tj\277\200 \235\372\313\000\210\016|\002"
 414      0303746A 
 414      BF80209D 
 414      FACB0088 
 414      0E7C02
 415 0fb3 C05AC2AF 		.ascii	"\300Z\302\257#7\177\2709\004\255\363\017\322\341\240"
 415      23377FB8 
 415      3904ADF3 
 415      0FD2E1A0 
 416 0fc3 75811AD6 		.ascii	"u\201\032\326i\237\353c\234\204'\206`b\022\\\277\365"
 416      699FEB63 
ARM GAS  /tmp/cc1MnXiF.s 			page 33


 416      9C842786 
 416      6062125C 
 416      BFF5
 417 0fd5 3A7F9D7A 		.ascii	":\177\235z\323\357\277\326\251\327\003\332\301?p\343"
 417      D3EFBFD6 
 417      A9D703DA 
 417      C13F70E3 
 418 0fe5 FAB570F7 		.ascii	"\372\265p\367\363\3279\007\371\177I\003\263\234\332"
 418      F3D73907 
 418      F97F4903 
 418      B39CDA
 419 0ff4 B5C0548D 		.ascii	"\265\300T\215\355\225+\013X@ H"
 419      ED952B0B 
 419      58402048 
 420 1000 FB5F55B1 		.ascii	"\373_U\261F\220"
 420      4690
 421              		.text
 422              		.section	.gnu.lto_.symtab.5073cd5fa9c35ad9,"",%progbits
 423 0000 5356435F 		.ascii	"SVC_Handler\000"
 423      48616E64 
 423      6C657200 
 424 000c 00       		.ascii	"\000"
 425 000d 00       		.ascii	"\000"
 426 000e 00       		.ascii	"\000"
 427 000f 00000000 		.ascii	"\000\000\000\000\000\000\000\000"
 427      00000000 
 428 0017 AD000000 		.ascii	"\255\000\000\000"
 429 001b 5F706F72 		.ascii	"_port_irq_epilogue\000"
 429      745F6972 
 429      715F6570 
 429      696C6F67 
 429      756500
 430 002e 00       		.ascii	"\000"
 431 002f 00       		.ascii	"\000"
 432 0030 00       		.ascii	"\000"
 433 0031 00000000 		.ascii	"\000\000\000\000\000\000\000\000"
 433      00000000 
 434 0039 AF000000 		.ascii	"\257\000\000\000"
 435 003d 5F706F72 		.ascii	"_port_switch_from_isr\000"
 435      745F7377 
 435      69746368 
 435      5F66726F 
 435      6D5F6973 
 436 0053 00       		.ascii	"\000"
 437 0054 02       		.ascii	"\002"
 438 0055 00       		.ascii	"\000"
 439 0056 00000000 		.ascii	"\000\000\000\000\000\000\000\000"
 439      00000000 
 440 005e B1000000 		.ascii	"\261\000\000\000"
 441 0062 5F706F72 		.ascii	"_port_exit_from_isr\000"
 441      745F6578 
 441      69745F66 
 441      726F6D5F 
 441      69737200 
 442 0076 00       		.ascii	"\000"
 443 0077 02       		.ascii	"\002"
 444 0078 00       		.ascii	"\000"
ARM GAS  /tmp/cc1MnXiF.s 			page 34


 445 0079 00000000 		.ascii	"\000\000\000\000\000\000\000\000"
 445      00000000 
 446 0081 B3000000 		.ascii	"\263\000\000\000"
 447 0085 63685363 		.ascii	"chSchIsPreemptionRequired\000"
 447      68497350 
 447      7265656D 
 447      7074696F 
 447      6E526571 
 448 009f 00       		.ascii	"\000"
 449 00a0 02       		.ascii	"\002"
 450 00a1 00       		.ascii	"\000"
 451 00a2 00000000 		.ascii	"\000\000\000\000\000\000\000\000"
 451      00000000 
 452 00aa BB000000 		.ascii	"\273\000\000\000"
 453              		.text
 454              		.section	.gnu.lto_.opts,"",%progbits
 455 0000 272D666D 		.ascii	"'-fmath-errno' '-fsigned-zeros' '-ftrapping-math' '"
 455      6174682D 
 455      6572726E 
 455      6F272027 
 455      2D667369 
 456 0033 2D666E6F 		.ascii	"-fno-trapv' '-fno-strict-overflow' '-fno-openmp' '-"
 456      2D747261 
 456      70762720 
 456      272D666E 
 456      6F2D7374 
 457 0066 666E6F2D 		.ascii	"fno-openacc' '-mcpu=cortex-m4' '-mthumb' '-mfloat-a"
 457      6F70656E 
 457      61636327 
 457      20272D6D 
 457      6370753D 
 458 0099 62693D68 		.ascii	"bi=hard' '-mfpu=fpv4-sp-d16' '-g' '-ggdb' '-Og' '-f"
 458      61726427 
 458      20272D6D 
 458      6670753D 
 458      66707634 
 459 00cc 6F6D6974 		.ascii	"omit-frame-pointer' '-falign-functions=16' '-ffunct"
 459      2D667261 
 459      6D652D70 
 459      6F696E74 
 459      65722720 
 460 00ff 696F6E2D 		.ascii	"ion-sections' '-fdata-sections' '-fno-common' '-flt"
 460      73656374 
 460      696F6E73 
 460      2720272D 
 460      66646174 
 461 0132 6F2700   		.ascii	"o'\000"
 462              		.text
 463              		.comm	__gnu_lto_v1,1,1
 464              		.comm	__gnu_lto_slim,1,1
 465              		.ident	"GCC: (15:5.4.1+svn241155-1) 5.4.1 20160919"
ARM GAS  /tmp/cc1MnXiF.s 			page 35


DEFINED SYMBOLS
                            *ABS*:0000000000000000 chcore_v7m.c
                            *COM*:0000000000000001 __gnu_lto_v1
                            *COM*:0000000000000001 __gnu_lto_slim

NO UNDEFINED SYMBOLS
