ARM GAS  /tmp/ccGRzeEE.s 			page 1


   1              		.syntax unified
   2              		.cpu cortex-m4
   3              		.eabi_attribute 27, 1
   4              		.eabi_attribute 28, 1
   5              		.fpu fpv4-sp-d16
   6              		.eabi_attribute 20, 1
   7              		.eabi_attribute 21, 1
   8              		.eabi_attribute 23, 3
   9              		.eabi_attribute 24, 1
  10              		.eabi_attribute 25, 1
  11              		.eabi_attribute 26, 1
  12              		.eabi_attribute 30, 1
  13              		.eabi_attribute 34, 1
  14              		.eabi_attribute 18, 4
  15              		.thumb
  16              		.syntax unified
  17              		.file	"chcore.c"
  18              		.text
  19              	.Ltext0:
  20              		.section	.gnu.lto_.profile.987787526d6a4925,"",%progbits
  21 0000 789C6361 		.ascii	"x\234ca`\004B \000\000\0009\000\007"
  21      60044220 
  21      00000039 
  21      0007
  22              		.text
  23              		.section	.gnu.lto_.inline.987787526d6a4925,"",%progbits
  24 0000 789C6361 		.ascii	"x\234ca`d\000\001&\006d\000\000\000\236\000\010"
  24      60640001 
  24      26066400 
  24      00009E00 
  24      08
  25              		.text
  26              		.section	.gnu.lto_.jmpfuncs.987787526d6a4925,"",%progbits
  27 0000 789C6361 		.ascii	"x\234ca`d\000\001&\006d\000\000\000\236\000\010"
  27      60640001 
  27      26066400 
  27      00009E00 
  27      08
  28              		.text
  29              		.section	.gnu.lto_.pureconst.987787526d6a4925,"",%progbits
  30 0000 789C6361 		.ascii	"x\234ca`\004B \000\000\0009\000\007"
  30      60044220 
  30      00000039 
  30      0007
  31              		.text
  32              		.section	.gnu.lto_.symbol_nodes.987787526d6a4925,"",%progbits
  33 0000 789C6361 		.ascii	"x\234ca`d`b\000\001\000\000F\000\010"
  33      60646062 
  33      00010000 
  33      460008
  34              		.text
  35              		.section	.gnu.lto_.refs.987787526d6a4925,"",%progbits
  36 0000 789C6361 		.ascii	"x\234ca`\004B \000\000\0009\000\007"
  36      60044220 
  36      00000039 
  36      0007
  37              		.text
ARM GAS  /tmp/ccGRzeEE.s 			page 2


  38              		.section	.gnu.lto_.decls.987787526d6a4925,"",%progbits
  39 0000 789C6361 		.ascii	"x\234ca`d\200\001\020K\005\210\377\003\001\210\035\306"
  39      60648001 
  39      104B0588 
  39      FF030188 
  39      1DC6
  40 0012 40000000 		.ascii	"@\000\000\000\260\216\004~"
  40      B08E047E 
  41              		.text
  42              		.section	.gnu.lto_.symtab.987787526d6a4925,"",%progbits
  43              		.text
  44              		.section	.gnu.lto_.opts,"",%progbits
  45 0000 272D666D 		.ascii	"'-fmath-errno' '-fsigned-zeros' '-ftrapping-math' '"
  45      6174682D 
  45      6572726E 
  45      6F272027 
  45      2D667369 
  46 0033 2D666E6F 		.ascii	"-fno-trapv' '-fno-strict-overflow' '-fno-openmp' '-"
  46      2D747261 
  46      70762720 
  46      272D666E 
  46      6F2D7374 
  47 0066 666E6F2D 		.ascii	"fno-openacc' '-mcpu=cortex-m4' '-mthumb' '-mfloat-a"
  47      6F70656E 
  47      61636327 
  47      20272D6D 
  47      6370753D 
  48 0099 62693D68 		.ascii	"bi=hard' '-mfpu=fpv4-sp-d16' '-g' '-ggdb' '-Og' '-f"
  48      61726427 
  48      20272D6D 
  48      6670753D 
  48      66707634 
  49 00cc 6F6D6974 		.ascii	"omit-frame-pointer' '-falign-functions=16' '-ffunct"
  49      2D667261 
  49      6D652D70 
  49      6F696E74 
  49      65722720 
  50 00ff 696F6E2D 		.ascii	"ion-sections' '-fdata-sections' '-fno-common' '-flt"
  50      73656374 
  50      696F6E73 
  50      2720272D 
  50      66646174 
  51 0132 6F2700   		.ascii	"o'\000"
  52              		.text
  53              		.comm	__gnu_lto_v1,1,1
  54              		.comm	__gnu_lto_slim,1,1
  55              		.ident	"GCC: (15:5.4.1+svn241155-1) 5.4.1 20160919"
ARM GAS  /tmp/ccGRzeEE.s 			page 3


DEFINED SYMBOLS
                            *ABS*:0000000000000000 chcore.c
                            *COM*:0000000000000001 __gnu_lto_v1
                            *COM*:0000000000000001 __gnu_lto_slim

NO UNDEFINED SYMBOLS
