ARM GAS  /tmp/ccBjZDzk.s 			page 1


   1              		.syntax unified
   2              		.cpu cortex-m4
   3              		.eabi_attribute 27, 1
   4              		.eabi_attribute 28, 1
   5              		.fpu fpv4-sp-d16
   6              		.eabi_attribute 20, 1
   7              		.eabi_attribute 21, 1
   8              		.eabi_attribute 23, 3
   9              		.eabi_attribute 24, 1
  10              		.eabi_attribute 25, 1
  11              		.eabi_attribute 26, 1
  12              		.eabi_attribute 30, 1
  13              		.eabi_attribute 34, 1
  14              		.eabi_attribute 18, 4
  15              		.thumb
  16              		.syntax unified
  17              		.file	"chdynamic.c"
  18              		.text
  19              	.Ltext0:
  20              		.section	.gnu.lto_.profile.4cb6b34c29987b25,"",%progbits
  21 0000 789C6361 		.ascii	"x\234ca`d`a`\000\222\031\006\000\001j\000\243"
  21      60646061 
  21      60009219 
  21      0600016A 
  21      00A3
  22              		.text
  23              		.section	.gnu.lto_.inline.4cb6b34c29987b25,"",%progbits
  24 0000 789C6361 		.ascii	"x\234ca`d\000\201p\006\004`b\220\2202bd`\222X\261\205"
  24      60640081 
  24      70060460 
  24      62909032 
  24      62646092 
  25 0017 91816D81 		.ascii	"\221\201m\201<\023H\220\231\007(1\301\017L32\260\362"
  25      3C134890 
  25      99072831 
  25      C10F4C33 
  25      32B0F2
  26 002a 014526F8 		.ascii	"\001E&\370\001\371\214\020\265\322\327N12\260\337R\303"
  26      01F98C10 
  26      B5D2D74E 
  26      3132B0DF 
  26      52C3
  27 003c A2164C02 		.ascii	"\242\026L\002y\000\373\331\012\355"
  27      7900FBD9 
  27      0AED
  28              		.text
  29              		.section	.gnu.lto_.jmpfuncs.4cb6b34c29987b25,"",%progbits
  30 0000 789C6361 		.ascii	"x\234ca`d\000\001>\006\004`\202P\020\011\006\000\002"
  30      60640001 
  30      3E060460 
  30      82501009 
  30      060002
  31 0013 590017   		.ascii	"Y\000\027"
  32              		.text
  33              		.section	.gnu.lto_.pureconst.4cb6b34c29987b25,"",%progbits
  34 0000 789C6361 		.ascii	"x\234ca`d`g```b\330\305\310\270\213\021\000\005\321"
  34      60646067 
ARM GAS  /tmp/ccBjZDzk.s 			page 2


  34      60606062 
  34      D8C5C8B8 
  34      8B110005 
  35 0015 0186     		.ascii	"\001\206"
  36              		.text
  37              		.section	.gnu.lto_chThdCreateFromHeap.4cb6b34c29987b25,"",%progbits
  38 0000 789C8595 		.ascii	"x\234\205\225mLSW\030\307\317s\317mo\241\264\3426\247"
  38      6D4C5357 
  38      18C7CF73 
  38      CF6D6FA1 
  38      B4E236A7 
  39 0014 2E7CC00F 		.ascii	".|\300\017\204\230h\257.Yp\311\276\030\374\240Y\210"
  39      849868AF 
  39      2E5970C9 
  39      BE18FCA0 
  39      5988
  40 0026 0BECC3BE 		.ascii	"\013\354\303\276,\206\325N\232\254\266iq\352\222\205"
  40      2C86D54E 
  40      9AACB669 
  40      71EA9285 
  41 0036 0BED6512 		.ascii	"\013\355e\022c|I4\2028\214\013\021\207 :u2\254v\276"
  41      637C4934 
  41      82388C0B 
  41      1187203A 
  41      7532AC76 
  42 004b 9459DF26 		.ascii	"\224Y\337&\212o\240\343\325w\231uu\276l\322=\317i1R"
  42      8A6FA0E3 
  42      D5779975 
  42      75BE6CD2 
  42      3DCF6931 
  43 0060 D0DD8470 		.ascii	"\320\335\204p\3579\377\377\363\234\363<\277s*3`\364"
  43      EF39FFFF 
  43      F39CF33C 
  43      BF732A33 
  43      60F4
  44 0072 F84C8C65 		.ascii	"\370L\214e\341\353\007\370\016\006\006\322\272\263\214"
  44      E1EB07F8 
  44      0E0606D2 
  44      BAB38C
  45 0081 959B2449 		.ascii	"\225\233$I\216p\246\245\363p\2041-\203\203\234\030\227"
  45      8E70A6A5 
  45      F3708431 
  45      2D83839C 
  45      1897
  46 0093 01E84533 		.ascii	"\001\350E3\001+\223\270\014e\360Xz!\301\371@K-\217I"
  46      012B93B8 
  46      0C65F058 
  46      7A21C1F9 
  46      404B2D8F 
  47 00a8 3A6720E3 		.ascii	":g \343g\364LM\277\225>\001\262\361s\213\326Q\245L\337"
  47      67F44C4D 
  47      BF953E01 
  47      B2F1738B 
  47      D651A54C 
  48 00bd A169155A 		.ascii	"\241i\025Z\317\211\273\237\255\367\353\363u.\261\270"
  48      CF89BB9F 
  48      ADF7EBF3 
ARM GAS  /tmp/ccBjZDzk.s 			page 3


  48      752EB1B8 
  49 00cd C4A001B2 		.ascii	"\304\240\001\262`\007dQ\362\2350\035\265\373\2066?J"
  49      60076451 
  49      F29D301D 
  49      B5FB8636 
  49      3F4A
  50 00df E33380E1 		.ascii	"\3433\200\341{\315\332\301:Cn=\371\264\240CK\3239\207"
  50      7BCDDAC1 
  50      3A436E3D 
  50      F9B4A043 
  50      4BD33987 
  51 00f3 1F81BFEA 		.ascii	"\037\201\277\352\303!\006\215\220\213\352\355\345\235"
  51      C321068D 
  51      908BEAED 
  51      E59D
  52 0101 A72CFC7D 		.ascii	"\247,\374}\341\374\256)x\307\232t>\023N\031v\245:e\006"
  52      E1FCAE29 
  52      78C79A74 
  52      3E134E19 
  52      76A53A65 
  53 0116 4DC259D1 		.ascii	"M\302Y\321w\340\022\360<\341\334\326\271my\302\030\272"
  53      77E012F0 
  53      3CE1DCD6 
  53      B96D79C2 
  53      18BA
  54 0128 1C9E59AD 		.ascii	"\034\236Y\255\205d\235\033\2409\325\213\225\332-\274"
  54      85649D1B 
  54      A039D58B 
  54      95DA2DBC 
  55 0138 8D15B71E 		.ascii	"\215\025\267\036p\376\221\360V\235|\321\257$\263\376"
  55      70FE91F0 
  55      569D7CD1 
  55      AF24B3FE 
  56 0148 25B21AA1 		.ascii	"%\262\032\241%\325id\260G8O\337m\333o\342s\2053~\260"
  56      25D56964 
  56      B047384F 
  56      DF6DDB6F 
  56      E2738533 
  57 015e FE6F7332 		.ascii	"\376os2\355\325pn\"\255\002{S\315\012\203\237\204\371"
  57      EDD5706E 
  57      22AD027B 
  57      53CD0A83 
  57      9F84F9
  58 0171 9EB63A08 		.ascii	"\236\266:\010|\2360w^\332\371i2\353\005\221\325\004"
  58      7C9E3077 
  58      5EDAF969 
  58      32EB0591 
  58      D504
  59 0183 FB528D26 		.ascii	"\373R\215&\006\373!\227\324C\201\301\036s\242US\360"
  59      06FB2197 
  59      D44381C1 
  59      1E73A255 
  59      53F0
  60 0195 B3E550E0 		.ascii	"\263\345P\340A\262U!\300\357\253\275\207\206\322\371"
  60      41B25521 
  60      C0EFABBD 
  60      8786D2F9 
ARM GAS  /tmp/ccBjZDzk.s 			page 4


  61 01a5 7C11B869 		.ascii	"|\021\270i\240{Y\316\017ZH\323B\377\204'\227k\241@\266"
  61      A07B59CE 
  61      0F5A48D3 
  61      42FF8427 
  61      976BA140 
  62 01ba CED3E060 		.ascii	"\316\323\340`\"\370\317\030\374\200h\035#q\350^\177"
  62      22F8CF18 
  62      FC80681D 
  62      2371E85E 
  62      7F
  63 01cb A3CC3F16 		.ascii	"\243\314?\026\306\3765'\326\312\350\244\355\\\017gT"
  63      C6FE3527 
  63      D6CAE8A4 
  63      ED5C0F67 
  63      54
  64 01dc 279C26F8 		.ascii	"'\234&\370e\364\262\222\316\343\203\377v\230\371B\341"
  64      65F4B292 
  64      CEE383FF 
  64      7698F942 
  64      E1
  65 01ed 2C6FDC52 		.ascii	",o\334R\233\221tv\205\255I\247\004\207\306u\366\355"
  65      9B917476 
  65      85AD49A7 
  65      0487C675 
  65      F6ED
  66 01ff 19DE6831 		.ascii	"\031\336h1\0064|\262!\0109\320\206\177\255\220Ch!Q\207"
  66      06347CB2 
  66      210839D0 
  66      867FAD90 
  66      43682151 
  67 0214 C18864F3 		.ascii	"\301\210d\363Wgv\027\206\264x\334\217U6\016=}nz\017"
  67      57677617 
  67      86B478DC 
  67      8F55360E 
  67      3D7D6E7A 
  68 0229 B0361242 		.ascii	"\2606\022B\215\010\031\200p\300\012\243\324\004\324"
  68      8D081980 
  68      70C00AA3 
  68      D404D4
  69 0238 5E334EA6 		.ascii	"^3N\246[\200\3725\001\250\360\023\201\2528\211QD\306"
  69      5B80FA35 
  69      01A8F013 
  69      81AA3889 
  69      5144C6
  70 024b 1E62123A 		.ascii	"\036b\022:\014QI\242\377\3746T\206\242aNi\375\\\301"
  70      0C5149A2 
  70      FFFC3654 
  70      86A2614E 
  70      69FD5CC1 
  71 025f E5B5B6DE 		.ascii	"\345\265\266\336\357R\312^h\2534-S\347\346\270\204\253"
  71      EF52CA5E 
  71      68AB342D 
  71      53E7E6B8 
  71      84AB
  72 0271 812350C6 		.ascii	"\201#P\306\374\\\366s\003\021\336\026\213\030\250\372"
  72      FC5CF673 
  72      0311DE16 
ARM GAS  /tmp/ccBjZDzk.s 			page 5


  72      8B18A8FA 
  73 0281 1960C2FA 		.ascii	"\031`\302\372g\351\334\302\372@\022+\307e`\030\326\013"
  73      67E9DCC2 
  73      FA40122B 
  73      C7656018 
  73      D60B
  74 0293 816BFE5B 		.ascii	"\201k\376[k\214\311\260`K\354>*q\206g\223\337\204\212"
  74      6B8CC9B0 
  74      604BEC3E 
  74      2A718667 
  74      93DF848A 
  75 02a7 9AE88DA8 		.ascii	"\232\350\215\250\201\2461\340\272M\337\257V\324&\252"
  75      81A631E0 
  75      BA4DDFAF 
  75      56D426AA 
  76 02b7 4826818B 		.ascii	"H&\201\213[\036\246Z0\370\025T?b\200\372M0\2568=!\246"
  76      5B1EA65A 
  76      30F81554 
  76      3F6280FA 
  76      4D30AE38 
  77 02ce 6B018E92 		.ascii	"k\001\216\222XA\261\277\2662\\\233\236\310m\306!\\\266"
  77      5841B1BF 
  77      B6325C9B 
  77      9EC86DC6 
  77      215CB6
  78 02e1 08F1DA94 		.ascii	"\010\361\332\224\311(\242\376\307(\212\231\3645\343"
  78      C928A2FE 
  78      C7288A99 
  78      F435E3
  79 02f0 A73426C4 		.ascii	"\2474&\304\234\304\307Ily\203XI\210e\022\237 \361\204"
  79      9CC4C749 
  79      6C798358 
  79      49886512 
  79      9F20F184 
  80 0304 51E25843 		.ascii	"Q\342XC\264\013^\212M\011\261\201\304a\022O\304\272"
  80      B40B5E8A 
  80      4D09B181 
  80      C461124F 
  80      C4BA
  81 0316 56641234 		.ascii	"Vd\0224\365\221\216#f^(p\213m\336\323\220\226\300\255"
  81      F5918E23 
  81      665E2870 
  81      8B6DDED3 
  81      9096C0AD 
  82 032a E771E5E7 		.ascii	"\347q\345\347\325W\0064m\203\006:\267B\373X\342\340"
  82      D5570634 
  82      6D83063A 
  82      B742FB58 
  82      E2E0
  83 033c 37C8A1CB 		.ascii	"7\310\241\313\345\216\026\224\251iV\310\206\2238w\013"
  83      E58E1694 
  83      A96956C8 
  83      86933877 
  83      0B
  84 034d 6F90CEC8 		.ascii	"o\220\316\310P\336h\"CUC \030\214c5R\246\202[O\321e"
  84      50DE6822 
  84      43554320 
ARM GAS  /tmp/ccBjZDzk.s 			page 6


  84      188C6335 
  84      52A6825B 
  85 0364 1BA1499E 		.ascii	"\033\241I\236:ygM\004\246R.\006\247H \247\242\316\340"
  85      3A79674D 
  85      04A6522E 
  85      06A74820 
  85      A7A2CEE0 
  86 0378 34187139 		.ascii	"4\030q9g\210o`\345t\003o\257\333\3734}\332\006\251N"
  86      67886F60 
  86      E574036F 
  86      AFDBFB34 
  86      7DDA06A9 
  87 038d DB8C0766 		.ascii	"\333\214\007f\2028\276\375m\232I\306N\300Y\230&\316"
  87      8238BEFD 
  87      6D9A49C6 
  87      4EC05998 
  87      26CE
  88 039f CBC3FB17 		.ascii	"\313\303\373\027\273$\034\201s \213\2253\370]\\\330"
  88      BB241C81 
  88      73208B95 
  88      33F85D5C 
  88      D8
  89 03b0 0D878F0D 		.ascii	"\015\207\217\015fL\333\230t\2132=j\336\333i\026\356"
  89      664CDB98 
  89      748B323D 
  89      6ADEDB69 
  89      16EE
  90 03c2 F3E4860E 		.ascii	"\363\344\206\016\220\011MQ\004\306nC\240\247\376\311"
  90      90094D51 
  90      04C66E43 
  90      A0A7FEC9 
  91 03d2 AC041893 		.ascii	"\254\004\030\223\306\260>1N\245\207\013\310:\316\335"
  91      C6B03E31 
  91      4EA5870B 
  91      C83ACEDD 
  92 03e2 5CBFBE8A 		.ascii	"\\\277\276\212\343\034=\337\352\374-\352\0159\031\\"
  92      E31C3DDF 
  92      EAFC2DEA 
  92      0D39195C 
  93 03f2 84329DBF 		.ascii	"\2042\235\277M\255\321,\002\372 A?\211\032\033k\371"
  93      4DADD12C 
  93      02FA2041 
  93      3F891A1B 
  93      6BF9
  94 0404 F33C4FF6 		.ascii	"\363<O\366v\223~\364\234B\025\227D\327\236\264GVe\324"
  94      76937EF4 
  94      9C421597 
  94      44D79EB4 
  94      475665D4 
  95 0418 C1D6720A 		.ascii	"\301\326r\012h\326\371;h\201N\332\016\265w\240\242Y"
  95      68D6F93B 
  95      68814EDA 
  95      0EB577A0 
  95      A259
  96 042a 5167EA38 		.ascii	"Qg\3528t\011\352`X2R\347.\203J?.\307\333+M\024\347]"
  96      7409EA60 
  96      583252E7 
ARM GAS  /tmp/ccBjZDzk.s 			page 7


  96      2E834A3F 
  96      2EC7DB2B 
  97 0442 00B88286 		.ascii	"\000\270\202\206\333\240\207\216\264\013\204\330\230"
  97      DBA0878E 
  97      B40B84D8 
  97      98
  98 044f 4D4C8E93 		.ascii	"ML\216\223\027\256\212\003K{\334}\277\365\231\205\354"
  98      17AE8A03 
  98      4B7BDC7D 
  98      BFF59985 
  98      EC
  99 0460 53B0ECD7 		.ascii	"S\260\354\327\350\264N}I\325h\222\226\375\037I]\202"
  99      E8B44E7D 
  99      49D56892 
  99      96FD1F49 
  99      5D82
 100 0472 A497FBB2 		.ascii	"\244\227\373\262b\300\3567\220\024\033!I\031\313\302"
 100      62C0EE37 
 100      90141B21 
 100      4919CBC2 
 101 0482 7562610C 		.ascii	"uba\014_\317\211\257\033d1\215\345\353\001\362\325E"
 101      5FCF89AF 
 101      1B64318D 
 101      E5EB01F2 
 101      D545
 102 0494 7CFDF11A 		.ascii	"|\375\361\032\276z\004_\275\257\3605\\\327{\330<\202"
 102      BE7A045F 
 102      BDAFF035 
 102      5CD77BD8 
 102      3C82
 103 04a6 4EB740A7 		.ascii	"N\267@\247O\240\223\312I\377\010'\224@\\T\262\270\035"
 103      4FA093CA 
 103      49FF0827 
 103      94405C54 
 103      B2B81D
 104 04b9 6FC2D16E 		.ascii	"o\302\321nqeP\367\321W\335\023\332`\230s@[\2055Jc0\000"
 104      716550F7 
 104      D157DD13 
 104      DA609873 
 104      405B8535 
 105 04d1 73D85DAA 		.ascii	"s\330]\252\245\237\323\015\364\010\033\204\035\225\232"
 105      A59FD30D 
 105      F4081B84 
 105      1D959A
 106 04e0 6395562C 		.ascii	"c\225V,>\337\025,\301\373\026(\022\246\232n\263\251"
 106      3EDF152C 
 106      C1FB1628 
 106      12A69A6E 
 106      B3A9
 107 04f2 F925CE2F 		.ascii	"\371%\316/\234\013\213\026\315\376\3206\3336[U\335>"
 107      9C0B8B16 
 107      CDFED036 
 107      DB365B55 
 107      DD3E
 108 0504 D55BAAFA 		.ascii	"\325[\252\372\274v\325^\262x\345\322b\227\323n\2633"
 108      BC76D55E 
 108      B278E5D2 
ARM GAS  /tmp/ccBjZDzk.s 			page 8


 108      6297D36E 
 108      B333
 109 0516 4389A3D8 		.ascii	"C\211\243\330\343\221}\316o\0342\2169d\217\327\351\226"
 109      E3917DCE 
 109      6F1C328E 
 109      39648FD7 
 109      E996
 110 0528 3C5FF262 		.ascii	"<_\362b\357\022\251t1_\356\363H\245\036\345\213b\237"
 110      EF12A974 
 110      315FEEF3 
 110      48A51EE5 
 110      8B629F
 111 053b E313AF33 		.ascii	"\343\023\2573o\374\270v\267\313\345^\252z\334\336R\237"
 111      6FFCB876 
 111      B7CBE55E 
 111      AA7ADCDE 
 111      529F
 112 054d 3AB7B020 		.ascii	":\267\260 \277`\005&\261\273\275\216E_\347\271l%l\336"
 112      BF600526 
 112      B1BBBD8E 
 112      455FE7B9 
 112      6C256CDE 
 113 0561 1B7D8E15 		.ascii	"\033}\216\025\245\344R\363\013\212\026\024\251\371h"
 113      A5E452F3 
 113      0B8A1614 
 113      A9F968
 114 0570 53172CB5 		.ascii	"S\027,\265\177\265l\261C\265\273|N\337\242%v;\006y\375"
 114      7FB56CB1 
 114      43B5BB7C 
 114      4EDFA225 
 114      763B0679 
 115 0585 A69C23EA 		.ascii	"\246\234#\352\022\337J\037*3\013\212\012\263i\311\270"
 115      12DF4A1F 
 115      2A330B8A 
 115      0AB369C9 
 115      B8
 116 0596 9919D939 		.ascii	"\231\031\3319\263\230\344e\212\313\341r{W\262\377\000"
 116      B398E465 
 116      8ACBE172 
 116      7B57B2FF 
 116      00
 117 05a7 1BA42775 		.ascii	"\033\244'u"
 118              		.text
 119              		.section	.gnu.lto_chThdCreateFromMemoryPool.4cb6b34c29987b25,"",%progbits
 120 0000 789C8555 		.ascii	"x\234\205U[LTW\024=\373\236\313\334a\206\227\255Tmi"
 120      5B4C5457 
 120      143DFB9E 
 120      CBDC6186 
 120      97AD546D 
 121 0015 821FC498 		.ascii	"\202\037\304\230\330\271%i\243&\375hC\223\326&\244\215"
 121      D8B92569 
 121      A326FD68 
 121      4393D626 
 121      A48D
 122 0027 F4A71F8D 		.ascii	"\364\247\037\215\321\221\312$\035\207\314`\325\217\206"
 122      D191CA24 
 122      1D87CC60 
ARM GAS  /tmp/ccBjZDzk.s 			page 9


 122      D58F86
 123 0036 0333D782 		.ascii	"\0033\327\202\306TM|\200\264\2306D\224\202\200\025E"
 123      C6544D7C 
 123      80B49836 
 123      44948280 
 123      1545
 124 0048 40A73EB0 		.ascii	"@\247>\260\216\257JEE\304\016O\255\017*\206\326\332"
 124      8EAF4A45 
 124      45C40E4F 
 124      AD0F2A86 
 124      D6DA
 125 005a 16A67B9F 		.ascii	"\026\246{\237\031\250\014`\357\007\234{\367Z\373\271"
 125      19A80C60 
 125      EF079C7B 
 125      F75AFBB9 
 126 006a F6199501 		.ascii	"\366\031\225\001\243\347\242\231\261\231x|\035\317\020"
 126      A3E7A299 
 126      B199787C 
 126      1DCF10
 127 0079 C340D972 		.ascii	"\303@\331r\221\261\002\263\242\250\001\316\204\205\267"
 127      91B102B3 
 127      A2A801CE 
 127      8485B7
 128 0088 06181371 		.ascii	"\006\030\023q\034\324\360w\025\200\016\302\014,_\341"
 128      1CD4F077 
 128      15800EC2 
 128      0C2C5FE1 
 129 0098 2AE4C3EF 		.ascii	"*\344\303\357\312\210\002\227}\265e|X18\003\025_\207"
 129      CA880297 
 129      7DB5657C 
 129      58313803 
 129      155F87
 130 00ab 2E94F626 		.ascii	".\224\366&\320+@*\276\356\026m\305\332\374\275B\024"
 130      D02B402A 
 130      BEEE166D 
 130      C5DAFCBD 
 130      4214
 131 00bd 8A60C5FE 		.ascii	"\212`\305\376\217\266z\215w\015\256\260\220\302\240"
 131      8FB67A8D 
 131      770DAEB0 
 131      90C2A0
 132 00cc 1252602F 		.ascii	"\022R`/\244P\360}0\037\261w\216\264\026\231\371\002"
 132      A450F07D 
 132      301FB177 
 132      8EB41699 
 132      F902
 133 00de 6078EE0E 		.ascii	"`x\356\016\016\275<\257\202h\242#[\304\032\234\303~"
 133      0EBD3CAF 
 133      8268A223 
 133      5BC41A9C 
 133      C37E
 134 00f0 E04FD3F0 		.ascii	"\340O\323\360\023\203*\230\207\340\302\236\206\253\300"
 134      13832A98 
 134      87E0C29E 
 134      86ABC0
 135 00ff 7549DCD3 		.ascii	"uI\334\323\276gm\204X\322\032'\266\200\201\251~\027"
 135      BE676D84 
ARM GAS  /tmp/ccBjZDzk.s 			page 10


 135      58D21A27 
 135      B68081A9 
 135      7E17
 136 0111 4D551954 		.ascii	"MU\031TKjU\341\355\007\234\277&\251\305gGz\2650\327"
 136      4B6A55E1 
 136      ED079CBF 
 136      26A9C567 
 136      477AB530 
 137 0126 DF1EB095 		.ascii	"\337\036\260\225\010\277j\360\030\250\211&c\253\016"
 137      08BF6AF0 
 137      18A88926 
 137      63AB0E
 138 0135 48F2F9BB 		.ascii	"H\362\371\273M\207\314|\261$\207\216T\374a\215\004~"
 138      4D87CC7C 
 138      B124878E 
 138      54FC618D 
 138      047E
 139 0147 2C333641 		.ascii	",36Am4\323\304\240N2\357\211M-\300\337\220\314\366\253"
 139      6D34D3C4 
 139      A04E32EF 
 139      894D2DC0 
 139      DF90CCF6 
 140 015c FB3E8C10 		.ascii	"\373>\214\020wG2\326\240>\232\25218\010\363\010?\350"
 140      774732D6 
 140      A03E9AAA 
 140      313808F3 
 140      083FE8
 141 016f EB0F5AC3 		.ascii	"\353\017Z\303\015\237\215\257\265\315\276\007\221\206"
 141      0D9F8DAF 
 141      B5CDBE07 
 141      9186
 142 017d FB01DF3B 		.ascii	"\373\001\337;\272\233\007-\374M\351\272\272\357\346"
 142      BA9B072D 
 142      FC4DE9BA 
 142      BAEFE6
 143 018c 9AB46F85 		.ascii	"\232\264o\205_\010\377\337\201Y\005\302\357K5\270\031"
 143      5F08FFDF 
 143      815905C2 
 143      EF4B35B8 
 143      19
 144 019d 1AC2CE0F 		.ascii	"\032\302\316\017\241\363\357\345\000\030\201\375\367"
 144      A1F3EFE5 
 144      001881FD 
 144      F7
 145 01aa 7AAB549E 		.ascii	"z\253T\236!\211\275\233O\177\251\"\223Z\321\021\210"
 145      2189BD9B 
 145      4F7FA922 
 145      935AD111 
 145      88
 146 01bb 2B093335 		.ascii	"+\01135821\255\010\363T\377?mV\376\216d\026T\355.\213"
 146      383231AD 
 146      08F354FF 
 146      3F6D56FE 
 146      8E641654 
 147 01d2 8B30AF05 		.ascii	"\2130\257\005\022\"L\005\216N\311\354\251\033\335\036"
 147      12224C05 
 147      8E4EC9EC 
ARM GAS  /tmp/ccBjZDzk.s 			page 11


 147      A91BDD1E 
 148 01e2 6FF2097C 		.ascii	"o\362\011|R\241\011\322\240\021\322\212\261\260\303"
 148      52A109D2 
 148      A011D28A 
 148      B1B0C3
 149 01f1 90461A41 		.ascii	"\220F\032Ai4\203\011%\312\307\214d9\260\324/B!/\016"
 149      69348309 
 149      25CAC78C 
 149      6439B0D4 
 149      2F42212F 
 150 0206 C952EA3D 		.ascii	"\311R\352=\270\023^\002\354\217\202\362D5`\207\021\245"
 150      B8135E02 
 150      EC8F82F2 
 150      44356087 
 150      11A5
 151 0218 018DD782 		.ascii	"\001\215\327\202\237c\255\370\307\022\0174\261D\240"
 151      9F63ADF8 
 151      C7120F34 
 151      B144A0
 152 0227 EECF006A 		.ascii	"\356\317\000jd2#\217\214=\304 \244\352!E\241\377\374"
 152      6432238F 
 152      8C3DC420 
 152      A4EA2145 
 152      A1FFFC
 153 023a 0EF8FC43 		.ascii	"\016\370\374C\001Na\275\334\204\03166\336\357\324\362"
 153      014E61BD 
 153      DC841936 
 153      36DEEFD4 
 153      F2
 154 024b 47449110 		.ascii	"GD\221\020I\006\267\206\024\314\006Z \237y9\252#\216"
 154      4906B786 
 154      14CC065A 
 154      209F7939 
 154      AA238E
 155 025e F5802273 		.ascii	"\365\200\"s\304\250H`\335\340\273\341\275\275\335\024"
 155      C4A84860 
 155      DDE0BBE1 
 155      BDBDDD14 
 156 026e 7100B670 		.ascii	"q\000\266p\251C\012g\270N|\000\012K\207n=\212!3:\337"
 156      A9430A67 
 156      B84E7C00 
 156      0A4B876E 
 156      3D8A2133 
 157 0284 B2E3EB4D 		.ascii	"\262\343\353M\232^M\345'\221N\261\270Q\252\232\3011"
 157      9A5E4DE5 
 157      27914EB1 
 157      B851AA9A 
 157      C131
 158 0296 D0BD3873 		.ascii	"\320\2758s\304\357\200)\301\2260\2306\031\216\023\330"
 158      C4EF8029 
 158      C1963098 
 158      36198E13 
 158      D8
 159 02a7 44E0A375 		.ascii	"D\340\243u}\365\261\341\330\026\244\3540N\\\322H\033"
 159      7DF5B1E1 
 159      D816A4EC 
 159      304E5CD2 
ARM GAS  /tmp/ccBjZDzk.s 			page 12


 159      481B
 160 02b9 5CCEE6F1 		.ascii	"\\\316\346\361\231@Q\\9|U@>\312\251k\361X\005\312&E"
 160      9940515C 
 160      397C5540 
 160      3ECAA96B 
 160      F15805CA 
 161 02cf 0EA3A2AF 		.ascii	"\016\243\242\257\260&\022@\354D\025&\300\017P\016\243"
 161      B0261240 
 161      EC441526 
 161      C00F500E 
 161      A3
 162 02e0 8A9CC309 		.ascii	"\212\234\303\011\3201\200\267l\303\202\260{+F\304 2"
 162      D03180B7 
 162      6CC382B0 
 162      7B2B46C4 
 162      2032
 163 02f2 C3692B8A 		.ascii	"\303i+\212$\311\311\301IJ\322J\370\322\251+\212\011"
 163      24C9C9C1 
 163      494AD24A 
 163      F8D2A92B 
 163      8A09
 164 0304 8355029F 		.ascii	"\203U\002\237\"p\3743\300\24608\206\300\247\011\234"
 164      2270FC33 
 164      C0A63038 
 164      86C0A709 
 164      9C
 165 0315 38013C5C 		.ascii	"8\001<\\9\324\011\343`-\0146\021\270\225\3003pl\205"
 165      39D409E3 
 165      602D0C36 
 165      11B895C0 
 165      33706C85 
 166 0329 49B2E640 		.ascii	"I\262\346@\333q+\177O\266gxW]elX\272\301\366\015\037"
 166      DB712B7F 
 166      4FB66778 
 166      575D656C 
 166      58BAC1F6 
 167 033f 975CEF13 		.ascii	"\227\\\357\023b\233\300F$\302\231\311\352\205\037!\015"
 167      629BC046 
 167      24C299C9 
 167      EA851F21 
 167      0D
 168 0350 495FFC2A 		.ascii	"I_\374*ZTjq\"\244\302Y\264\335\306\353\350P`p\341Du"
 168      5A546A71 
 168      22A4C259 
 168      B4DDC6EB 
 168      E8506070 
 169 0367 FB8B0715 		.ascii	"\373\213\007\025)\346\020\2663\3124Rv\216\256\337\000"
 169      29E610B6 
 169      33CA3452 
 169      768EAEDF 
 169      00
 170 0378 1979B471 		.ascii	"\031y\264q\337\346\000\314\241X\014\316\021@\215^\033"
 170      DFE600CC 
 170      A1580CCE 
 170      11408D5E 
 170      1B
 171 0389 06E7012B 		.ascii	"\006\347\001+\203\013\264(\300\236\320\035\360My\375"
ARM GAS  /tmp/ccBjZDzk.s 			page 13


 171      830BB428 
 171      C09ED01D 
 171      F04D79FD 
 172 0399 9F96B91B 		.ascii	"\237\226\271\033\225r\261\013\227O\026Z\335\333$\314"
 172      9572B10B 
 172      974F165A 
 172      DDDB24CC 
 173 03a9 2A8E122E 		.ascii	"*\216\022.\302\\9\356\207\367\257t*\370\005.\201*3g"
 173      C25C39EE 
 173      87F7AF74 
 173      2AF8052E 
 173      812A3367 
 174 03bd F093BCC2 		.ascii	"\360\223\274\302+\217\235\354\217\233\2739\302\236A"
 174      2B8F9DEC 
 174      8F9BBB39 
 174      C29E41
 175 03cc D84735F5 		.ascii	"\330G5\365\355V\311\276Llh\003\225\224/\233\300\030"
 175      ED56C9BE 
 175      4C6C6803 
 175      95942F9B 
 175      C018
 176 03de 2E4DB0E2 		.ascii	".M\260\342pzX\030\311\223\226\346\271\020\315\011~\306"
 176      707A5818 
 176      C99396E6 
 176      B910CD09 
 176      7EC6
 177 03f0 A541DBC0 		.ascii	"\245A\333\300\326\255\305\034m\364|n\360\347i6\304d"
 177      D6ADC51C 
 177      6DF47C6E 
 177      F0E76936 
 177      C464
 178 0402 7005F20D 		.ascii	"p\005\362\015>\223F#\342\345N5\321N%\323`\207k\177k"
 178      3E934623 
 178      E2E54E35 
 178      D14E25D3 
 178      60876B7F 
 179 0417 E391D98E 		.ascii	"\343\221\331\216\213Z\231,j\253\301\223\221\002\355"
 179      8B5A992C 
 179      6AABC193 
 179      9102ED
 180 0426 1324FD8A 		.ascii	"\023$\375\212\301_\200\253R\313\032M\356\032\350h;\035"
 180      C15F80AB 
 180      52CB1A4D 
 180      EE1AE868 
 180      3B1D
 181 0438 7AEC4F24 		.ascii	"z\354O$?\263p\205\257#A.\347\177q\236\351\270\253\245"
 181      3FB37085 
 181      AF23412E 
 181      E77F719E 
 181      E9B8ABA5 
 182 044c B7819363 		.ascii	"\267\201\223c\015:\244c39\276A\342R\261\037\206\377"
 182      0D3AA463 
 182      3339BE41 
 182      E252B11F 
 182      86FF
 183 045e F239A945 		.ascii	"\3629\251E6\251\033\263C$D\350\224W\0105\353\300\375"
 183      36A91BB3 
ARM GAS  /tmp/ccBjZDzk.s 			page 14


 183      432444E8 
 183      94570835 
 183      EBC0FD
 184 0471 C627F194 		.ascii	"\306'\361\224\307\034\234\337MH1\370\213\343\362\234"
 184      C71C9CDF 
 184      4D4831F8 
 184      8BE3F29C 
 185 0481 28C935FF 		.ascii	"(\3115\377'\311.)\311\361\006%\242\303[\323K\362\354"
 185      27C92E29 
 185      C9F10625 
 185      A2C35BD3 
 185      4BF2EC
 186 0494 F09824B5 		.ascii	"\360\230$\265\311\242\372\205D5I\250\177\221P\203D1"
 186      C9A2FA85 
 186      443549A8 
 186      7F915083 
 186      4431
 187 04a6 4F16EA03 		.ascii	"O\026\352\003\024j\027\011\265{\032\241\366H\241\366"
 187      146A1709 
 187      B57B1AA1 
 187      F648A1F6 
 188 04b6 3E25D4D1 		.ascii	">%\324\321\362\356c\3261\015\336\222\032\354\223\032"
 188      F2EE63D6 
 188      310DDE92 
 188      1AEC931A 
 189 04c6 8C165CFF 		.ascii	"\214\026\\\377\230\340(\200\274PUy_\017\300\211\233"
 189      98E02880 
 189      BC505579 
 189      5F0FC089 
 189      9B
 190 04d7 F2EE2119 		.ascii	"\362\356!\031!\257$\350\337\026\263\250A\024a\217\314"
 190      21AF24E8 
 190      DF16B3A8 
 190      4114618F 
 190      CC
 191 04e8 0C066011 		.ascii	"\014\006`\021\273K\275\364r\272)\037\001\320\004\225"
 191      BB4BBDF4 
 191      72BA291F 
 191      01D00495 
 192 04f8 9AE18D09 		.ascii	"\232\341\215\011\330|\336\334\225\203\277\000@\2360"
 192      D87CDEDC 
 192      9583BF00 
 192      409E30
 193 0507 D47C9B4D 		.ascii	"\324|\233M\317\310q\254p\274\237\265,}\261-\335\226"
 193      CFC871AC 
 193      70BC9FB5 
 193      2C7DB12D 
 193      DD96
 194 0519 AEEB2E8F 		.ascii	"\256\353.\217\356\316\323=n\273n\317Y\271~\365r\247"
 194      EECED33D 
 194      6EBB6ECF 
 194      59B97EF5 
 194      72A7
 195 052b C36EB333 		.ascii	"\303n\2633\305\231\253\3429[\315u;\\J\356'|\271{\225"
 195      C599ABE2 
 195      395BCD75 
 195      3B5C4AEE 
ARM GAS  /tmp/ccBjZDzk.s 			page 15


 195      277CB97B 
 196 0540 92B792AF 		.ascii	"\222\267\222\257\365\344*y\271\332\212\345\236\354\017"
 196      F5E42A79 
 196      B9DA8AE5 
 196      9EEC0F
 197 054f DC8E8553 		.ascii	"\334\216\205S\373\263\273\234N\327j=\327\345\316\363"
 197      FBB3BB9C 
 197      4ED76A3D 
 197      D7E5CEF3 
 198 055f E86F2DCD 		.ascii	"\350o-\315\314\310\\\207\316\355.w\366\262\317\026:"
 198      CCC85C87 
 198      CEED2E77 
 198      F6B2CF16 
 198      3A
 199 0570 6D39ECED 		.ascii	"m9\354\355g\362\262\327\345\021K\317\310\314Z\222\245"
 199      67F2B2D7 
 199      E5114BCF 
 199      C8CC5A92 
 199      A5
 200 0581 67204D5F 		.ascii	"g M_\262\332\376\351\232\225\331\272\335\351qx\226\255"
 200      B2DAFEE9 
 200      9A95D9BA 
 200      DDE97178 
 200      96AD
 201 0593 B2DBD1C9 		.ascii	"\262\333\321\311\364\3058\306\3209\236\365\036D&ef-"
 201      F4C538C6 
 201      D0399EF5 
 201      1E442665 
 201      662D
 202 05a5 4DA594B1 		.ascii	"M\245\224\261\230\005\251i\2572\305\3154g\266\323\345"
 202      9805A969 
 202      AF32C5CD 
 202      3467B6D3 
 202      E5
 203 05b6 5ECFFE05 		.ascii	"^\317\376\0054\276C\264"
 203      34BE43B4 
 204              		.text
 205              		.section	.gnu.lto_.symbol_nodes.4cb6b34c29987b25,"",%progbits
 206 0000 789C55C9 		.ascii	"x\234U\311\273\015\2000\020\003P\237\223\254\201`\322"
 206      BB0D8030 
 206      1003509F 
 206      93AC8160 
 206      D2
 207 0011 4B874445 		.ascii	"K\207DEM\035\211\237\330\202\232\031(X\003\304\001\015"
 207      4D1D899F 
 207      D8829A19 
 207      285803C4 
 207      010D
 208 0023 7163EBD9 		.ascii	"qc\353\331C\320\301\302\236\012\264\033`5\305\312d\240"
 208      43D0C1C2 
 208      9E0AB41B 
 208      6035C5CA 
 208      64A0
 209 0035 4A263253 		.ascii	"J&2S\371\012\020ci0Q]\006#\325g\260P\303\037\034<\322"
 209      F90A1063 
 209      6930515D 
 209      0623D567 
ARM GAS  /tmp/ccBjZDzk.s 			page 16


 209      B050C31F 
 210 004c 7E89B3B5 		.ascii	"~\211\263\265\326g\341@\244\306Z\302\347\366\034\217"
 210      D667E140 
 210      A4C65AC2 
 210      E7F61C8F 
 211 005c 0B7198E3 		.ascii	"\013q\230\343\006;~&\353"
 211      063B7E26 
 211      EB
 212              		.text
 213              		.section	.gnu.lto_.refs.4cb6b34c29987b25,"",%progbits
 214 0000 789C6361 		.ascii	"x\234ca`\004B \000\000\0009\000\007"
 214      60044220 
 214      00000039 
 214      0007
 215              		.text
 216              		.section	.gnu.lto_.decls.4cb6b34c29987b25,"",%progbits
 217 0000 789CB55A 		.ascii	"x\234\265ZyTT\331\231\257[\367QU\024\005\364Q'\351$"
 217      795454D9 
 217      99AF5BF7 
 217      51551405 
 217      F45127E9 
 218 0015 64A6A78F 		.ascii	"d\246\247\217\23109\247A\264\267\314\311L\246c&\035"
 218      993039A7 
 218      41B4B7CC 
 218      C94CA663 
 218      261D
 219 0027 27D3311D 		.ascii	"'\3231\035c\346d\316\314\251\301\242ZH\263uU\331\266"
 219      63E664CE 
 219      CCA9C1A2 
 219      5A48B375 
 219      55D9B6
 220 003a F9272582 		.ascii	"\371'%\202(\270\260\203\354\"\262+\233\202\254\002*"
 220      28B8B083 
 220      EC22B22B 
 220      9B82AC02 
 220      2A
 221 004b 2022A220 		.ascii	" \"\242 \250 \233\010\355\202\212 \010\270\314w\357"
 221      A8209B08 
 221      ED828A20 
 221      08B8CC77 
 221      EF
 222 005c 7DAFDEAB 		.ascii	"}\257\336\253\242\312\266\377\230\322\217z\337{\277"
 222      A2CAB6FF 
 222      98D28F7A 
 222      DF7BBF
 223 006b FB6DF7FB 		.ascii	"\373m\367\373\276{\337\253\307\311\220\214|\"\336\225"
 223      BE7BDFAB 
 223      C7C9908C 
 223      7C22DE95 
 224 007b C97EA394 		.ascii	"\311~\243\224\311\006\201}\011\037\014\347\376(\023"
 224      C906817D 
 224      091F0CE7 
 224      FE2813
 225 008a 3F0AA051 		.ascii	"?\012\240Q\270\206\344p\014\344\001\3646\320?\310e\313"
 225      B886E470 
 225      0CE401F4 
 225      36D03FC8 
ARM GAS  /tmp/ccBjZDzk.s 			page 17


 225      65CB
 226 009c 3E04F77D 		.ascii	">\004\367}\370^\001\264\012(\021\370^\240N8n\005j\000"
 226      F85E01B4 
 226      0A2811F8 
 226      5EA04E38 
 226      6E056A00 
 227 00b0 AA00DA0C 		.ascii	"\252\000\332\014\364\035\030\377Op\355\307\360\275\021"
 227      F41D18FF 
 227      4F70EDC7 
 227      F0BD11
 228 00bf F8BF87EF 		.ascii	"\370\277\207\357Z\370\376\011|{\003\255\001\362\001"
 228      5AF8FE09 
 228      7C7B03AD 
 228      01F201
 229 00ce FA015012 		.ascii	"\372\001P\022\340<\201<\340\372Z9\263\311\011\276\225"
 229      E03C813C 
 229      E0FA5A39 
 229      B3C909BE 
 229      95
 230 00df 44177CAF 		.ascii	"D\027|\257\004Z\005\344\012\344\006\364\006P\015\340"
 230      045A05E4 
 230      0AE406F4 
 230      06500DE0 
 231 00ef 9D799B88 		.ascii	"\235y\233\210\275\357\001}\000\364\317\274\017\304\227"
 231      BDEF017D 
 231      00F4CFBC 
 231      0FC497
 232 00fe 9F037D64 		.ascii	"\237\003}d\307\017\342\353\017l\374x\201\354\373@l'"
 232      C70FE2EB 
 232      0F6CFC78 
 232      81ECFB40 
 232      6C27
 233 0110 7EFC028E 		.ascii	"~\374\002\216\177\004\364\214\367\367\333\372\342,\361"
 233      7F04F48C 
 233      F7F7DBFA 
 233      E22CF1
 234 011f 6511D9F7 		.ascii	"e\021\331\367g\037\357\023\342\343\377*\237\310\354"
 234      671FEF13 
 234      E2E3FF2A 
 234      9FC8EC
 235 012e FEC6C6B7 		.ascii	"\376\306\306\267\347rTt\245d\237\353\000\272\216\220"
 235      E7725474 
 235      A5649FEB 
 235      00BA8E90 
 236 013e 0CA13710 		.ascii	"\014\2417\020B2>\017d\344\014\377M\016\020\022\"\301"
 236      42323E0F 
 236      64E40CFF 
 236      4D0E1012 
 236      22C1
 237 0150 100C852C 		.ascii	"\020\014\205,!\242\377\340\277\234\342\221\344\202\025"
 237      21A2FFE0 
 237      BF9CE291 
 237      E48215
 238 015f 8EE614FD 		.ascii	"\216\346\024\375\210\247\220\345# \221\265P\"Ud\201"
 238      88A790E5 
 238      232091B5 
 238      50225564 
ARM GAS  /tmp/ccBjZDzk.s 			page 18


 238      81
 239 0170 978B0324 		.ascii	"\227\213\003$\362x\353y\375H\252\226\212\306\202\323"
 239      F278EB79 
 239      FD48AA96 
 239      8AC682D3 
 240 0180 59F3054B 		.ascii	"Y\363\005KJ\0142\341xx\241\340W^%f\370\304\230\315r"
 240      4A0C32E1 
 240      7878A1E0 
 240      575E2566 
 240      F8C498CD 
 241 0195 2F3132C7 		.ascii	"/12\307K\226\312\324\034\211\334f\015\332\302\221S\227"
 241      4B96CAD4 
 241      1C89DC66 
 241      0DDAC291 
 241      5397
 242 01a7 C3CBD2F1 		.ascii	"\303\313\322\361\254\034\255P#\016\330\351\213\251\267"
 242      AC1CAD50 
 242      230ED8E9 
 242      8BA9B7
 243 01b6 DC805DA5 		.ascii	"\334\200]\245Fo\331\037p-\2427S\376f\022\225\276\313"
 243      466FD91F 
 243      702DA237 
 243      53FE6612 
 243      95BECB
 244 01c9 FC1687FE 		.ascii	"\374\026\207\376\370\035T\202<P1\202\351F\307\321\233"
 244      F81D5482 
 244      3C503182 
 244      E946C7D1 
 244      9B
 245 01da F0F718E2 		.ascii	"\360\367\030\342\230\302\274\003\346T\265&\312l\016"
 245      98C2BC03 
 245      E654B526 
 245      CA6C0E
 246 01e9 23E015BF 		.ascii	"#\340\025\277&\327%\350R\244A\205\310\213aK[r\357\253"
 246      26D725E8 
 246      52A44185 
 246      C88B614B 
 246      5B72EFAB 
 247 01fd F0DF110F 		.ascii	"\360\337\021\017\344\221{G\352\324\310S\223G\324\214"
 247      E4917B47 
 247      EAD4C853 
 247      9347D48C 
 248 020d 6495AF0F 		.ascii	"d\225\257\0173\233\021\252\000x\031\302\374\0202\032"
 248      339B11AA 
 248      007819C2 
 248      FC10321A 
 249 021d BE1C0847 		.ascii	"\276\034\010G\345\310\323Z\376\236\236\307{\224\324"
 249      E5C8D35A 
 249      FE9E9EC7 
 249      7B94D4
 250 022c 1722A708 		.ascii	"\027\"\247\010Qon\266\027\026\023\367\177\254F$\340"
 250      516F6EB6 
 250      171613F7 
 250      7FAC4624 
 250      E0
 251 023d EEC48EFB 		.ascii	"\356\304\216\3735\013\256\354\024A\\9\3708W\2117S\263"
 251      350BAEEC 
ARM GAS  /tmp/ccBjZDzk.s 			page 19


 251      14415C39 
 251      F8385789 
 251      3753B3
 252 0250 8A63EF5D 		.ascii	"\212c\357]qF\236jfVl\333/c#!\300\350\024R\243*\321\256"
 252      71469E6A 
 252      66566CDB 
 252      2F632321 
 252      C0E81452 
 253 0268 1FABE1EF 		.ascii	"\037\253\341\357\036\213Y2\321\246j\260\011\304\022"
 253      1E8B5932 
 253      D1A66AB0 
 253      09C412
 254 0277 1C3A0927 		.ascii	"\034:\011'O\300IPQ\230\033\233\243\300\007\020\325Q"
 254      4FC04950 
 254      51981B9B 
 254      A3C00710 
 254      D551
 255 0289 74FC52AB 		.ascii	"t\374R\253\022\251=\355\012\250\263#\200\0313\034\365"
 255      12A93DED 
 255      0AA8B323 
 255      8019331C 
 255      F5
 256 029a 2ECCF81B 		.ascii	".\314\370\033\250\026l\251\021m\001\323\230\367\346"
 256      A8166CA9 
 256      116D01D3 
 256      98F7E6
 257 02a9 84A52C57 		.ascii	"\204\245,W\\\313t,\364\366-\252\035\351ht\250#\361\200"
 257      5CCB742C 
 257      F4F62DAA 
 257      1DE96874 
 257      A823F180 
 258 02bd 7703D1D1 		.ascii	"w\003\321\321\000:\352E\035\265\202\216\343\211\213"
 258      003AEA45 
 258      1DB5828E 
 258      E3898B
 259 02cc 392C5B08 		.ascii	"9,[\010\242\222E\370\352\323\206E\015\216\240\231\311"
 259      A29245F8 
 259      EAD38645 
 259      0D8EA099 
 259      C9
 260 02dd 55860D1F 		.ascii	"U\206\015\037vC\236\036\010\344\"\026F\222\2422t\026"
 260      76439E1E 
 260      08E42216 
 260      4692A232 
 260      7416
 261 02ef 0634212C 		.ascii	"\0064!,\344v\252\031L{\364Wr\032\216U\364\233\032\373"
 261      E476AA19 
 261      4C7BF457 
 261      721A8E55 
 261      F49B1AFB 
 262 0303 28C7AC78 		.ascii	"(\307\254xS\206\326y\2405`j3\230J.\311\320\031\020\330"
 262      5386D679 
 262      A035606A 
 262      33984A2E 
 262      C9D01910 
 263 0318 C2A279A3 		.ascii	"\302\242y\243\2553\\\241\346\3211\337\204n\274\233\233"
 263      AD335CA1 
ARM GAS  /tmp/ccBjZDzk.s 			page 20


 263      E6D131DF 
 263      846EBC9B 
 263      9B
 264 0329 C24933F4 		.ascii	"\302I3\364\034X\"fh+\3151\032\300\262\344$'\352\034"
 264      1C582266 
 264      682BCD31 
 264      1AC0B2E4 
 264      2427EA1C 
 265 033d 9C43A7AD 		.ascii	"\234C\247\255\323g\343\362\364\331\310\322'w\341a\265"
 265      D367E3F2 
 265      F4D9C8D2 
 265      2777E161 
 265      B5
 266 034e 064751F7 		.ascii	"\006GQ\367\345_\327VebK\376\364\304\375\367L\004\311"
 266      E55FD756 
 266      65624BFE 
 266      F4C4FDF7 
 266      4C04C9
 267 0361 9F4E50D9 		.ascii	"\237NP\331!\306s\243\303\374\271\000\036l\344\247\346"
 267      21C673A3 
 267      C3FCB900 
 267      1E6CE4A7 
 267      E6
 268 0372 3C9C6C67 		.ascii	"<\234lg>\364\347u5s\3244\"\251\215\231\226Z7\333\341"
 268      3EF4E775 
 268      3573D434 
 268      22A98D99 
 268      965A37DB 
 269 0387 C40A5B45 		.ascii	"\304\012[E\322\370Qg\206\013c\337\000\266j\342|\253"
 269      D2F85167 
 269      860B63DF 
 269      00B66AE2 
 269      7CAB
 270 0399 9AD5B919 		.ascii	"\232\325\271\031\001_\375\240\270\332\225\361Mdt\315"
 270      015FFDA0 
 270      B8DA95F1 
 270      4D6474CD 
 271 03a9 8CF9842B 		.ascii	"\214\371\204+>\313\372\311\331\331\341<\015\276\300"
 271      3ECBFAC9 
 271      D9D9E13C 
 271      0DBEC0
 272 03b8 98C74305 		.ascii	"\230\307C\005E\316\270\23311\203\013\365.\270\2171G"
 272      45CEB89B 
 272      3131830B 
 272      F52EB88F 
 272      3147
 273 03ca 775F9D74 		.ascii	"w_\235t\303\003\214)i9\324\341\202'\031\223\263\363"
 273      C3038C29 
 273      6939D4E1 
 273      82271993 
 273      B3F3
 274 03dc EA05577C 		.ascii	"\352\005W|\237\357NKC'1\236fL\321\213\331\016w<\307"
 274      9FEF4E4B 
 274      4327319E 
 274      664CD18B 
 274      D90E773C 
 275 03f1 9881CCD6 		.ascii	"\230\201\314\326;\032\034\216)\323>6\363\027\213O\254"
ARM GAS  /tmp/ccBjZDzk.s 			page 21


 275      3B1A1C8E 
 275      29D33E36 
 275      F3178B4F 
 275      AC
 276 0402 F5D43416 		.ascii	"\365\3244\026\015\273\321s\020\204A\346\346TLa'\262"
 276      0DBBD173 
 276      108441E6 
 276      E6544C61 
 276      27B2
 277 0414 E06EB293 		.ascii	"\340n\262\223Yu\227ni\244=\012\272\2278\247\303\264"
 277      5975976E 
 277      69A43D0A 
 277      BA9738A7 
 277      C3B4
 278 0426 470D093D 		.ascii	"G\015\011=j\366\321p\276\\\232\001\303V=jD\332C\032"
 278      6AF6D170 
 278      BE5C9A01 
 278      C3563D6A 
 278      44DA431A 
 279 043a 978A2FCA 		.ascii	"\227\212/\312\361~j\241\374@\332\374\224\312\322\244"
 279      F17E6AA1 
 279      FC40DAFC 
 279      94CAD2A4 
 280 044a E6537F1B 		.ascii	"\346S\177\033Kg\363\026\014\030\025gs\304\266KI\305"
 280      4B67F316 
 280      0C181567 
 280      73C4B64B 
 280      49C5
 281 045c A3319851 		.ascii	"\2431\230Q+\015\011I\327\212\334q'\213\301\251\206\251"
 281      2B0D0949 
 281      D78ADC71 
 281      278BC1A9 
 281      86A9
 282 046e B56CCE3C 		.ascii	"\265l\316<\200\253\2759\335\344\302\346h\204\314YA\351"
 282      80ABBD39 
 282      DDE4C2E6 
 282      6884CC59 
 282      41E9
 283 0480 F17E177C 		.ascii	"\361~\027|\215A\213\347\303O\272\343A\306\010\263\271"
 283      8D418BE7 
 283      C34FBAE3 
 283      41C608B3 
 283      B9
 284 0491 829FCD82 		.ascii	"\202\237\315\202\211\364\003\032\306\177\010lo\367\320"
 284      89F4031A 
 284      C67F086C 
 284      6FF7D0
 285 04a0 518CC718 		.ascii	"Q\214\307\030v\260r\377\031\025\276\307\230\272\352"
 285      76B072FF 
 285      1915BEC7 
 285      98BAEA
 286 04af FA563E69 		.ascii	"\372V>i\326\000\273k<c\324\015\317\260k\255\007\303"
 286      D600BB6B 
 286      3C63D40D 
 286      CFB06BAD 
 286      07C3
 287 04c1 F7A9F133 		.ascii	"\367\251\3613\346{G\321\205\010\207\035d\332q\007\351"
ARM GAS  /tmp/ccBjZDzk.s 			page 22


 287      E67B47D1 
 287      8508871D 
 287      64DA7107 
 287      E9
 288 04d2 7A977690 		.ascii	"z\227v\220G0W\017\355t\220\264\231\233w\234\231~O\322"
 288      4730570F 
 288      ED7490B4 
 288      999B779C 
 288      997E4FD2 
 289 04e6 186B678E 		.ascii	"\030kg\216*\360\036\216e\341\255\236v'\034\313\230\354"
 289      2AF01E8E 
 289      65E1AD9E 
 289      76271CCB 
 289      98EC
 290 04f8 96D17770 		.ascii	"\226\321wp\016;\256M\254\237R\341|\306\214\275|\361"
 290      0E3BAE4D 
 290      AC9F52E1 
 290      7CC68CBD 
 290      7CF1
 291 050a 675CCD8E 		.ascii	"g\\\315\216\367\226\354mu\303\247\031\223s\272\356\276"
 291      F796EC6D 
 291      75C3A719 
 291      9373BAEE 
 291      BE
 292 051b 125F628C 		.ascii	"\022_b\214\260\314\255`\313\\\301\335\341g\030\017\261"
 292      B0CCAD60 
 292      CB5CC1DD 
 292      E167180F 
 292      B1
 293 052c 6BA3836D 		.ascii	"k\243\203menx\2041u\363iu\356x\2221\027o\275|\254\306"
 293      656E7884 
 293      3175F369 
 293      75EE7892 
 293      31176FBD 
 294 0543 0F18539D 		.ascii	"\017\030S\235\372\242\211\303O\030\023\261\377X2)'\005"
 294      FAA289C3 
 294      4F1813B1 
 294      FF583229 
 294      2705
 295 0555 EB034A38 		.ascii	"\353\003J85\376h\261\212c\247\210\353_\301\251\214C"
 295      35FE68B1 
 295      8A63A788 
 295      EB5FC1A9 
 295      8C43
 296 0567 83E56E78 		.ascii	"\203\345nx\201\016\221\027,\036\016\343\373\274yY\004"
 296      810E9117 
 296      2C1E0EE3 
 296      FBBC7959 
 296      04
 297 0578 C3E59E64 		.ascii	"\303\345\236d \215\340N\271\0072\313\205\010\306\266"
 297      208DE04E 
 297      B90732CB 
 297      8508C6B6 
 298 0588 FDFC1489 		.ascii	"\375\374\024\211\340.\271\032\205\311-\021T\360\001"
 298      E02EB91A 
 298      85C92D11 
 298      54F001
ARM GAS  /tmp/ccBjZDzk.s 			page 23


 299 0597 7CBCF0E8 		.ascii	"|\274\360\350\004\207w9Q\025CQ\327\362\334\034\251\210"
 299      04877739 
 299      51154351 
 299      D7F2DC1C 
 299      A988
 300 05a9 74A86238 		.ascii	"t\250b8\312\253\230\250\330\015*\"D\025\240\221\351"
 300      CAAB98A8 
 300      D80D2A22 
 300      4415A091 
 300      E9
 301 05ba 18352F1D 		.ascii	"\0305/\035\322\340h\246c&k`\332\241\216(\207:\022\273"
 301      D2E068A6 
 301      63266B60 
 301      DAA18E28 
 301      873A12BB 
 302 05ce DEA389B0 		.ascii	"\336\243\211\260\027t\354\021u\354\026t,\306\327\234"
 302      1774EC11 
 302      75EC1674 
 302      2CC6D79C 
 303 05de 74C1B154 		.ascii	"t\301\261T\007\212N\234\312s\303\311\214Y\372:\341:"
 303      078A4E9C 
 303      CA73C3C9 
 303      8C59FA3A 
 303      E13A
 304 05f0 6253A701 		.ascii	"bS\247\0016\254\356z\254;_\024t\271^\334\363\202\303"
 304      36ACEE7A 
 304      AC3B5F14 
 304      74B95EDC 
 304      F382C3
 305 0603 B90CDBBF 		.ascii	"\271\014\333\277\257g@\201K\230\245\017\223n\034pwd"
 305      AF674081 
 305      4B98A50F 
 305      936E1C70 
 305      7764
 306 0615 699C234B 		.ascii	"i\234#K\233\032a\013\031\013V\306\330\261\262\365R\366"
 306      9B1A610B 
 306      190B56C6 
 306      D8B1B2F5 
 306      52F6
 307 0627 8C0A5730 		.ascii	"\214\012W0e5\261q\220\206\247\0303\224\022]\347\202"
 307      6535B171 
 307      9086A718 
 307      3394125D 
 307      E782
 308 0639 2F30A6F1 		.ascii	"/0\246\361\340\343S\316\370\012c\"\237\216\225\271\343"
 308      E0E353CE 
 308      F80A6322 
 308      9F8E95B9 
 308      E3
 309 064a 01C6085D 		.ascii	"\001\306\010]y\025\353\312ww5\215rx\214]+\215\030/T"
 309      7915EBCA 
 309      7777358D 
 309      72788C5D 
 309      2B8D182F 
 310 065f C1350FC8 		.ascii	"\3015\017\310)$YX<\330\302r\242i\346\030\207'\231o\227"
 310      29245958 
 310      3CD8C272 
ARM GAS  /tmp/ccBjZDzk.s 			page 24


 310      A269E618 
 310      8727996F 
 311 0674 2BAF9F93 		.ascii	"+\257\237\223nL\376\226\346H&\230\235.\232\355aYW\254"
 311      6E4CFE96 
 311      E6482698 
 311      9D2E9AED 
 311      615957AC 
 312 0688 57D10CF0 		.ascii	"W\321\014\360\335\203\367=\015|O\225\263]IV\301YW<\315"
 312      DD83F73D 
 312      0D7C4F95 
 312      B35D4956 
 312      C159573C 
 313 069d 144C25DC 		.ascii	"\024L%\334\333#\256\\\303Q\0364C\016\203\202,QA\246"
 313      DB23AE5C 
 313      C3511E34 
 313      430E8382 
 313      2C5141A6 
 314 06b1 DC81866C 		.ascii	"\334\201\206l\373\032\302\342{J\234\361\002\323\220"
 314      FB1AC2E2 
 314      7B4A9CF1 
 314      02D390
 315 06c0 70EC58B1 		.ascii	"p\354X\261\312\242!\361\200\027\315\217\\\320\220#j"
 315      CAA221F1 
 315      8017CD8F 
 315      5CD09023 
 315      6A
 316 06d1 38EC48C3 		.ascii	"8\354H\303\021\373\032\022S'\336\304;\025,\213\366\275"
 316      11FB1A12 
 316      5327DEC4 
 316      3B152C8B 
 316      F6BD
 317 06e3 28C53892 		.ascii	"(\3058\2222\362\371\206#',\001k:\001s\\\000\232\362"
 317      32F2F986 
 317      23272C01 
 317      6B3A0173 
 317      5C009AF2 
 318 06f7 5E4353BE 		.ascii	"^CS\276}M73\036\316p\370 S\225{\246\364\262\022'2U\317"
 318      7D4D3733 
 318      1ECE70F8 
 318      2053957B 
 318      A6F4B212 
 319 070f 87A7AADD 		.ascii	"\207\247\252\335,\252\252@U\011\250*z\015U\305\366U"
 319      2CAAAA40 
 319      5509A82A 
 319      7A0D55C5 
 319      F655
 320 0721 3D08BF3D 		.ascii	"=\010\277=\302/\345o\222RIHY\2073\231\342\251\243]\025"
 320      C22FE56F 
 320      92524948 
 320      59873399 
 320      E2A9A35D 
 321 0736 A47F7AAA 		.ascii	"\244\177z\252\321_%)\343\311R&=v,\331\031\037ef\355"
 321      D15F2529 
 321      E3C95226 
 321      3D762CD9 
 321      191F6566 
 322 074b BB73ABC8 		.ascii	"\273s\253\310]\350\340\331\273\314o\357\364\221\241"
ARM GAS  /tmp/ccBjZDzk.s 			page 25


 322      5DE8E0D9 
 322      BBCC6FEF 
 322      F491A1
 323 075a CB500F5D 		.ascii	"\313P\017]\244\036*A\265'\257\272\014T\227J\032\320"
 323      A41E2A41 
 323      B527AFBA 
 323      0C54974A 
 323      1AD0
 324 076c FFB05D6F 		.ascii	"\377\260]o\005xQ.z\341\311\327Ddx\301A\027\\\306\224"
 324      0578512E 
 324      7AE1C9D7 
 324      446478C1 
 324      41175CC6 
 325 0781 741C6D5F 		.ascii	"t\034m_\220K\322\346_\350\036\265\012F\236\020GV\210"
 325      904BD2E6 
 325      5FE81EB5 
 325      0A469E10 
 325      475688
 326 0794 FE2FB3E3 		.ascii	"\376/\263\343\244\035;Hy\225\016\234\345p\015S2\226"
 326      A41D3B48 
 326      79950E9C 
 326      E5700D53 
 326      3296
 327 07a6 9EDE2CE6 		.ascii	"\236\336,\346\346\2419\377\214^\263\371-T\003Z\252E"
 327      E6A139FF 
 327      8C5EB3F9 
 327      2D54035A 
 327      AA45
 328 07b8 2D55AFD0 		.ascii	"-U\257\320r\312\276\226\254\260\334\034\253\273\027"
 328      72CABE96 
 328      ACB0DC1C 
 328      ABBB17
 329 07c7 2252DC19 		.ascii	"\"R\334\031\324\312\205\275a"
 329      D4CA85BD 
 329      61
 330 07d0 D858551F 		.ascii	"\330XU\037\302O\331\0344_\334U\350\202\2373f\354\371"
 330      C24FD91C 
 330      345FDC55 
 330      E8829F33 
 330      66ECF9
 331 07e3 E17125DE 		.ascii	"\341q%\336\245\244\314\323\224\363\271\256x/c\342J\272"
 331      A5A4CCD3 
 331      94F3B9AE 
 331      782F63E2 
 331      4ABA
 332 07f5 FB15783F 		.ascii	"\373\025x?c\204.\266\202\357bC\307_\324+p\014\273\230"
 332      63842EB6 
 332      82EF6243 
 332      C75FD42B 
 332      700CBB98 
 333 0809 35387D4C 		.ascii	"58}L\211\343)#?\363\254\262\231C\032O\211U\222\0330"
 333      89E32923 
 333      3FF3ACB2 
 333      99431A4F 
 333      8955921B 
 334 081e 74163CD9 		.ascii	"t\026<\331,l'X\306\245\265\271\233a\013}F\256A-b86k"
 334      2C6C2758 
ARM GAS  /tmp/ccBjZDzk.s 			page 26


 334      C6A5B5B9 
 334      9B610B7D 
 334      46AE412D 
 335 0836 98E9D5A3 		.ascii	"\230\351\325\243\211\247\371\025\367\032\341G\302Z{"
 335      89A7F915 
 335      F71AE147 
 335      C25A7B
 336 0845 54389D69 		.ascii	"T8\235i\236~\320\373\314\025g3\246g\342p8\277\211\350"
 336      9E7ED0FB 
 336      CC156733 
 336      A667E270 
 336      38BF89E8 
 337 0859 A61BE285 		.ascii	"\246\033\342\205\306\033\012\234\313.\016$>\035q\306"
 337      C61B0A9C 
 337      CB2E0E24 
 337      3E1D71C6 
 338 0869 F98C893E 		.ascii	"\371\214\211>w\262\225\277\247l\247[\271\253\321\247"
 338      77B295BF 
 338      A76CA75B 
 338      B9ABD1A7 
 339 0879 395CC42E 		.ascii	"9\\\304.\346_\0301;\341c\214\251\217\272\360L\205\313"
 339      E65F1831 
 339      3BE1638C 
 339      A98FBAF0 
 339      4C85CB
 340 088c 18935A1B 		.ascii	"\030\223Z\033\031\246\306\225\214\351\353\270\021\345"
 340      19A6C695 
 340      8CE9EBB8 
 340      11E5
 341 089a 82AB18D3 		.ascii	"\202\253\030\323r5\347\222\023\256eL\374\314\323\022"
 341      7235E792 
 341      13AE654C 
 341      FCCCD312 
 342 08aa 841B1973 		.ascii	"\204\033\031s\273b\340\242\022\2670&\273f\370\274\002"
 342      BB62E0A2 
 342      12B73026 
 342      BB66F8BC 
 342      02
 343 08bb B732E671 		.ascii	"\2672\346q[\372v\334\301\216\367\234\270\021\247\306"
 343      5BFA76DC 
 343      C18EF79C 
 343      B811A7C6 
 344 08cb 5D8C3952 		.ascii	"]\2149R{\277\031\343+\214Y\214,\337\347\214\373\030"
 344      7BBF19E3 
 344      2B8C598C 
 344      2CDFE78C 
 344      FB18
 345 08dd 33D9B17F 		.ascii	"3\331\261\177\035\276\301\216\323\357\2744\341!v\\r"
 345      1DBEC18E 
 345      D3EFBC34 
 345      E121765C 
 345      72
 346 08ee ABAE5189 		.ascii	"\253\256Q\211\307\030\2232T\036\316\341\011\306\364"
 346      C7189332 
 346      541ECEE1 
 346      09C6F4
 347 08fd 672E2EBA 		.ascii	"g..\272\340\273\214\031\336?\364_\370\001;>\335\027"
ARM GAS  /tmp/ccBjZDzk.s 			page 27


 347      E0BB8C19 
 347      DE3FF45F 
 347      F8013B3E 
 347      DD17
 348 090f F54C831F 		.ascii	"\365L\203\0373\246\370\345\314A\015\236cL\307\221\271"
 348      33A6F8E5 
 348      CC410D9E 
 348      634CC791 
 348      B9
 349 0920 167E8B35 		.ascii	"\026~\2135N\370\205\362\351Y\025[\002\262\025\317\345"
 349      4EF885F2 
 349      E959155B 
 349      02B215CF 
 349      E5
 350 0931 3FE86D2A 		.ascii	"?\350m*owE\253-\237\225\374\267\247p\"\207\314\374H"
 350      6F7745AB 
 350      2D9F95FC 
 350      B7A77022 
 350      87CCFC48 
 351 0945 62CE8E9B 		.ascii	"b\316\216\233W\306\315\3468\015\235\331N\230\331)\371"
 351      57C6CDE6 
 351      380D9DD9 
 351      4E98D929 
 351      F9
 352 0956 4AC9AD82 		.ascii	"J\311\255\202\234\244h\011IT\031\035\321\224\332\257"
 352      9CA46809 
 352      4954191D 
 352      D194DAAF 
 353 0966 31C7F852 		.ascii	"1\307\370R\364U[\364c\232\320>\"8]\004\367\332\007K"
 353      F4555BF4 
 353      639AD03E 
 353      22385D04 
 353      F7DA074B 
 354 097a 452789E8 		.ascii	"E'\211\350~[\364\242\255\350\030\021|\303\026|i\231"
 354      7E5BF4A2 
 354      ADE81811 
 354      7CC3167C 
 354      6999
 355 098c E8177D16 		.ascii	"\350\027}\026\364\200}\264D\364S\021<d\013\366\266\225"
 355      F4807DB4 
 355      44F45311 
 355      3C640BF6 
 355      B695
 356 099e 7C42B4A3 		.ascii	"|B\264\243\333\026|w\231\035\213\242\350\233\266\350"
 356      DB167C77 
 356      991D8BA2 
 356      E89BB6E8 
 357 09ae 2E5B3BFA 		.ascii	".[;\372D\321\255\266\340s\222\211\211\345o\200\315p"
 357      44D1ADB6 
 357      E0739289 
 357      89E56F80 
 357      CD70
 358 09c0 2F82C6A0 		.ascii	"/\202\306\240\361\214\302E4\302\017\201JEO\240\236\037"
 358      F18CC245 
 358      34C20F81 
 358      4A454FA0 
 358      9E1F
ARM GAS  /tmp/ccBjZDzk.s 			page 28


 359 09d2 CB57A33B 		.ascii	"\313W\243;@\367\200\026\201\276\006\232\004\232\005"
 359      40F78016 
 359      81BE069A 
 359      049A05
 360 09e1 7A083401 		.ascii	"z\0104\001\364\034h\034\3506\320\014\320\022\320#\240"
 360      F41C681C 
 360      E836D00C 
 360      D012D023 
 360      A0
 361 09f2 BB40F340 		.ascii	"\273@\363@\013@\323@\267\200\346\200\036\000=\003\272"
 361      0B40D340 
 361      B780E680 
 361      1E003D03 
 361      BA
 362 0a03 0FF454BE 		.ascii	"\017\364T\276\232\336t3\333\257\210\266\237\267\265"
 362      9ADE7433 
 362      DBAF88B6 
 362      9FB7B5
 363 0a12 BD7D5952 		.ascii	"\275}YR%\210\350k\266\350c\313\320\025\"\372\262\375"
 363      2588E86B 
 363      B6E863CB 
 363      D01522FA 
 363      B2FD
 364 0a24 904B8258 		.ascii	"\220K\202X/\202/\332\317n\011xN\234\236a\2733/\301f"
 364      2F822FDA 
 364      CF6E0978 
 364      4E9C9E61 
 364      BB332FC1 
 365 0a39 8A827B6C 		.ascii	"\212\202{l\261S\266V\304\211\340\353\366\035\244`\326"
 365      B153B656 
 365      C489E0EB 
 365      F61DA460 
 365      D6
 366 0a4a 6A679234 		.ascii	"jg\2224\244\325\002H\306\367Y1\256\227\373W\03527\301"
 366      A4D50248 
 366      C6F75931 
 366      AE97FB57 
 366      1D3237C1 
 367 0a5e CD2D11D5 		.ascii	"\315-\021\325a?\262\022\275\247D\275\227l\301wl\215"
 367      613FB212 
 367      BDA744BD 
 367      976CC177 
 367      6C8D
 368 0a70 BC26829B 		.ascii	"\274&\202\233m\301M\266\222kEp\227}\311\322){&\006v"
 368      6DC14DB6 
 368      926B4570 
 368      977DC9D2 
 368      297B2606 
 369 0a85 D07EDE4B 		.ascii	"\320~\336K\321e\242\354+\366C+E\367\212\3506\373e\""
 369      D165A2EC 
 369      2BF6432B 
 369      45F78AE8 
 369      36FB6522 
 370 0a99 313B4504 		.ascii	"1;E\004\367\331\3571L4\271m\275\024\277\350\"]\267\245"
 370      F7D9EF31 
 370      4C34B96D 
 370      BD14BFE8 
ARM GAS  /tmp/ccBjZDzk.s 			page 29


 370      225DB7A5 
 371 0aad 60197A61 		.ascii	"`\031zaY\267\207\352s\346]q\255\2124f|\241s\256A\215"
 371      59B787EA 
 371      73E65D71 
 371      AD8A3466 
 371      7CA173AE 
 372 0ac3 56AEF68C 		.ascii	"V\256\366\214\345o\020hUZt\274\004\245f\314\2522\014"
 372      E56F1068 
 372      555A74BC 
 372      04A566CC 
 372      AA320C
 373 0ad6 7BA29D58 		.ascii	"{\242\235XR5\260\353\370]\341\020k\307 \036\235\346"
 373      5235B0EB 
 373      F85DE110 
 373      6BC7201E 
 373      9DE6
 374 0ae8 C1767290 		.ascii	"\301vr\220eJe\024\315\024\300H3\205\254\025a\223S\030"
 374      654A6514 
 374      CD14C048 
 374      3385AC15 
 374      61935318 
 375 0afc B75193D0 		.ascii	"\267Q\223\320\275\211b\360\265\2231\351\303-C\374J}"
 375      BD8962F0 
 375      B59331E9 
 375      C32D43FC 
 375      4A7D
 376 0b0e 96F055C3 		.ascii	"\226\360U\303\011{5\374\302A\036\335N\316\315\365)p"
 376      097B35FC 
 376      C2411EDD 
 376      4ECECDF5 
 376      2970
 377 0b20 1F0357BE 		.ascii	"\037\003W\276,\334\215\361 c\236\035\275tM\205o3\246"
 377      2CDC8DF1 
 377      20639E1D 
 377      BD744D85 
 377      6F33A6
 378 0b33 F9F9F574 		.ascii	"\371\371\365t\270\211\245\314\317\302[\216\354rGd\211"
 378      B889A5CC 
 378      CFC25B8E 
 378      EC724764 
 378      89
 379 0b44 D1ACE4FF 		.ascii	"\321\254\344\377\303\202\0031\360$_\360w\025\273DV\037"
 379      C3820331 
 379      F0245FF0 
 379      7715BB44 
 379      561F
 380 0b56 8DC653BA 		.ascii	"\215\306S\272\014\255& OO\253\026\266\033{\240\010L"
 380      0CAD2620 
 380      4F4FAB16 
 380      B61B7BA0 
 380      084C
 381 0b68 EE5F3146 		.ascii	"\356_1F\321|\260Z X\315x5j\002:\015\324\010\324\000"
 381      D17CB05A 
 381      2058CD78 
 381      356A023A 
 381      0DD408D4 
 382 0b7d 540F5407 		.ascii	"T\017T\007T\013T\003t\012\350(P\026P\012P2\320\001\240"
ARM GAS  /tmp/ccBjZDzk.s 			page 30


 382      540B5403 
 382      740AE828 
 382      5016500A 
 382      5032D001 
 383 0b92 FD40FBAC 		.ascii	"\375@\373\254\202}3\377\213\316Y\026l\330\353D\362\272"
 383      827D33FF 
 383      8BCE5916 
 383      6CD8EB44 
 383      F2BA
 384 0ba4 1C97C7CB 		.ascii	"\034\227\307\313+\036\254\364\310c\311{\310\006\276"
 384      2B1EACF4 
 384      C863C97B 
 384      C806BE
 385 0bb3 BCD7CFC7 		.ascii	"\274\327\317\307\375\220\341\017b\015\272o\037O\305"
 385      FD90E10F 
 385      620DBA6F 
 385      1F4FC5
 386 0bc2 4B522C06 		.ascii	"KR,\006KS\014\006\312l\373{7\\%+\026\332\013\006\307"
 386      4B530C06 
 386      CA6CFB7B 
 386      375C252B 
 386      16DA0B06 
 387 0bd7 F0C13907 		.ascii	"\360\3019\007\3019\013\016&\000\305Z9\031W\374E\362"
 387      C1390B0E 
 387      2600C55A 
 387      391957FC 
 387      45F2
 388 0be9 2E73FB1A 		.ascii	".s\373\032\024\007F\\E\330J\203U\351I\254\210\267\262"
 388      1407465C 
 388      45D84A83 
 388      55E949AC 
 388      88B7B2
 389 0bfc 22EE5556 		.ascii	"\"\356UV\264\202\346o\264\242\351\251\336\274W\201\022"
 389      B482E66F 
 389      B4A2E9A9 
 389      DEBC5781 
 389      12
 390 0c0d C184AFED 		.ascii	"\301\204\257\355\233`\033\207$+\013\310@\226\336\366"
 390      9B601B87 
 390      242B0BC8 
 390      4096DEF6 
 391 0c1d F3E40C28 		.ascii	"\363\344\014(\376\377\314\023\337\216\307,O\310\003"
 391      FEFFCC13 
 391      DF8EC72C 
 391      4FC803
 392 0c2c A707B633 		.ascii	"\247\007\2663i\323\221\240,\353\177Oz\314!\000\315\360"
 392      69D391A0 
 392      2CEB7F4F 
 392      7ACC2100 
 392      CDF0
 393 0c3e 60CB3D82 		.ascii	"`\313=\202t\327c\345\214\005\221\011\016\244\361\316"
 393      74D763E5 
 393      8C059109 
 393      0EA4F1CE 
 394 0c4e 64C0713A 		.ascii	"d\300q:\030\224j\025\315\264(>\261H\\\236\200\206\264"
 394      18946A15 
 394      CDB4283E 
ARM GAS  /tmp/ccBjZDzk.s 			page 31


 394      B1485C9E 
 394      8086B4
 395 0c61 653D42AA 		.ascii	"e=B\252\240\311F\301,?\302\261\202\224\016\332$\023"
 395      A0C946C1 
 395      2C3FC2B1 
 395      82940EDA 
 395      2413
 396 0c73 F994592E 		.ascii	"\371\224Y.^\322\202\222Y\013J\263nA\354&\252\372x@J"
 396      5ED28292 
 396      590B4AB3 
 396      6E41EC26 
 396      AAFA7840 
 397 0c88 DC4EB889 		.ascii	"\334N\270\211\"\241\230\023\037\324\0210\037+\210\356"
 397      22A19813 
 397      1FD41130 
 397      1F2B88EE 
 398 0c98 47E7F9E8 		.ascii	"G\347\371\350f\003j\3366\272\222=\245\375\216\232\013"
 398      66036ADE 
 398      36BA923D 
 398      A5FD8E9A 
 398      0B
 399 0ca9 2EE4F0EE 		.ascii	".\344\360\356\034\201\343\303V\256,EJbE\234\311\261"
 399      1C81E3C3 
 399      56AE2C45 
 399      4A62459C 
 399      C9B1
 400 0cbb EF8C7DD9 		.ascii	"\357\214}\331O\371\001\266\262\231\353\013\221\324\365"
 400      4FF901B6 
 400      B299EB0B 
 400      91D4F5
 401 0cca 1CFBAE7F 		.ascii	"\034\373\256\177\021\271\227\334\337\022\247\026D\327"
 401      11B997DC 
 401      DF12A716 
 401      44D7
 402 0cd8 73AC5CFF 		.ascii	"s\254\\\377S;\357z\036^\205\226l]\227\256Gq\366\354"
 402      533BEF7A 
 402      1E5E8596 
 402      6C5D97AE 
 402      4771F6EC 
 403 0cec 93D171C4 		.ascii	"\223\321q\304\270j0\256\012\346\361$\320\011\2402\240"
 403      B86A30AE 
 403      0AE6F124 
 403      D009A032 
 403      A0
 404 0cfd 52A042A0 		.ascii	"R\240B\240\002\240|\253\240\304]\241\363K\262\371\031"
 404      02A07CAB 
 404      A0C45DA1 
 404      F34BB2F9 
 404      19
 405 0d0e 2825421C 		.ascii	"(%B\034nsf\016J\272\330\363oBw_\242\222\213\000\373"
 405      6E73660E 
 405      4ABAD8F3 
 405      6F42775F 
 405      A2928B00 
 406 0d23 C2315652 		.ascii	"\3021VR\350\305V\205^d\247\325\034\200\015\355~\262"
 406      E8C55685 
 406      5E64A7D5 
ARM GAS  /tmp/ccBjZDzk.s 			page 32


 406      1C800DED 
 406      7EB2
 407 0d35 A1DD07AB 		.ascii	"\241\335\007\253a1?\031\307\301\337c\340W\211\350\027"
 407      61313F19 
 407      C7C1DF63 
 407      E05789E8 
 407      17
 408 0d46 04F449E9 		.ascii	"\004\364I\351\216\244\374\335\304\000\362@\360%\302"
 408      8EA4FCDD 
 408      C400F240 
 408      F025C2
 409 0d55 56E26D36 		.ascii	"V\342m6\3300\2017\234H[\"\311\031\315\313\266\024\211"
 409      D8308137 
 409      9C485B22 
 409      C919CDCB 
 409      B61489
 410 0d68 6D9A5F3F 		.ascii	"m\232_?\214\310\\\027c\333=\031\235\307\035\365\374"
 410      8CC85C17 
 410      63DB3D19 
 410      9DC71DF5 
 410      FC
 411 0d79 3C92477C 		.ascii	"<\222G|\007\345\337\020\244D!\244\345\020\246x\307h"
 411      07E5DF10 
 411      A44421A4 
 411      E510A678 
 411      C768
 412 0d8b 49982AB0 		.ascii	"I\230*\260\364\247\207r\026&\007\375\022UBp\304\226"
 412      F4A78772 
 412      162607FD 
 412      12554270 
 412      C496
 413 0d9d 29E4E386 		.ascii	")\344\343\2066\372\273\002\221\224 \336\300'RQB\243"
 413      36FABB02 
 413      919420DE 
 413      C0275251 
 413      42A3
 414 0daf FB539DB8 		.ascii	"\373S\235\270 &\276\322\015\022\222.~=$N'}\023\272\266"
 414      2026BED2 
 414      0D12922E 
 414      7E3D244E 
 414      277D13BA 
 415 0dc4 8B6606C1 		.ascii	"\213f\006\301&;\306\262`gt\321`\003f\371\006\370\352"
 415      263BC6B2 
 415      606774D1 
 415      600366F9 
 415      06F8EA
 416 0dd7 058F6473 		.ascii	"\005\217ds\323NL\237\351\035\222\263\222\341\237t\261"
 416      D34E4C9F 
 416      E91D92B3 
 416      92E19F74 
 416      B1
 417 0de8 8249914B 		.ascii	"\202I\221Kv\251\027\\\314e\377K\237\312\035\265\207"
 417      76A9175C 
 417      CC65FF4B 
 417      9FCA1DB5 
 417      87
 418 0df9 5D27B9AB 		.ascii	"]'\271\253`P\362T\255\320\036T2\201\207\242\371\011"
ARM GAS  /tmp/ccBjZDzk.s 			page 33


 418      6050F254 
 418      ADD01E54 
 418      328187A2 
 418      F909
 419 0e0b AC854DDA 		.ascii	"\254\205M\332q\271M\331.\277a\231c\375\224\374\342W"
 419      71B94DD9 
 419      2EBF6199 
 419      63FD94FC 
 419      E257
 420 0e1d 671F2DDD 		.ascii	"g\037-\335\205\213\315\267\336\026\274\374\306\266O"
 420      858BCDB7 
 420      DE16BCFC 
 420      C6B64F
 421 0e2c 4437D847 		.ascii	"D7\330GK\346\240\247\203\2371\262\251l\264\205/\337"
 421      4BE6A0A7 
 421      839F31B2 
 421      A96CB485 
 421      2FDF
 422 0e3e 877733E1 		.ascii	"\207w3\341d\277\263\313v{\264\254\230\032\377]X\364"
 422      64BFB3CB 
 422      767BB4AC 
 422      981AFF5D 
 422      58F4
 423 0e50 A2E5368B 		.ascii	"\242\3456\213\236\355\3746\2605#\332~\343\364\315\243"
 423      9EEDFC36 
 423      B03523DA 
 423      7EE3F4CD 
 423      A3
 424 0e61 0F06494A 		.ascii	"\017\006IJ\357\301\226D\215\2264\316\370\342O\223\363"
 424      EFC19644 
 424      8D9634CE 
 424      F8E24F93 
 424      F3
 425 0e72 CD527531 		.ascii	"\315Ru1\257R7\343K\264\305\330\321\326t\3756\3154\262"
 425      AF5237E3 
 425      4BB4C5D8 
 425      D1D674FD 
 425      36CD34B2 
 426 0e86 E1891275 		.ascii	"\341\211\022u\305P]\260\313\355.\312I\323\340\\\372"
 426      C5505DB0 
 426      CBED2ECA 
 426      49D3E05C 
 426      FA
 427 0e97 DCF3BBF5 		.ascii	"\334\363\273\365\243i\367\324\010v\264\232U\260\241"
 427      A369F7D4 
 427      0876B49A 
 427      55B0A1
 428 0ea6 F55C49B7 		.ascii	"\365\\I\267\264dSK>\254\202z+\003R+\314\244\251\220"
 428      B464534B 
 428      3EAC827A 
 428      2B03522B 
 428      CCA4A990 
 429 0eba 9F117BA1 		.ascii	"\237\021{\241\001\235\3776K\263\214\302I\177\033\202"
 429      019DFF36 
 429      4BB38CC2 
 429      497F1B82 
 430 0eca 12EE80FE 		.ascii	"\022\356\200\376\326n\325\267\257\357\346\363\356\002"
ARM GAS  /tmp/ccBjZDzk.s 			page 34


 430      D66ED5B7 
 430      AFEFE6F3 
 430      EE02
 431 0ed8 BF982D97 		.ascii	"\277\230-\227n\3338:%u&#\343d\226\305\304v\343q\023"
 431      6EDB383A 
 431      25752623 
 431      E36496C5 
 431      C476E371 
 432 0eed 7476F1EB 		.ascii	"tv\361\353I7\034_\002\375\027\245\375\265\351I\253|"
 432      49371C5F 
 432      02FD17A5 
 432      FDB5E949 
 432      AB7C
 433 0eff 27D57F19 		.ascii	"'\325\177\031\364\366\203~\002\267\023\3668\273\373"
 433      F4F6837E 
 433      02B713F6 
 433      38BBFB
 434 0f0e 8E3E7E80 		.ascii	"\216>~\200c\371\203\277\"sJ\234\352q,\234M\334\325V"
 434      63F983BF 
 434      22734A9C 
 434      EA712C9C 
 434      4DDCD556 
 435 0f22 4C26AECB 		.ascii	"L&\256\313\272E8\210\352e>\252\203\240\265\007\264^"
 435      BA453888 
 435      EA653EAA 
 435      83A0B507 
 435      B45E
 436 0f34 B18AEA4C 		.ascii	"\261\212\352L+_\025d\316\256!\346\235\343\007>\323\302"
 436      2B5F1564 
 436      CEAE21E6 
 436      9DE3073E 
 436      D3C2
 437 0f46 24F4C224 		.ascii	"$\364\302$\\\267\013\267\235\204\253V\213\\\257\235"
 437      5CB70BB7 
 437      9D84AB56 
 437      8B5CAF9D 
 438 0f56 456E02AE 		.ascii	"En\002\256\336&\343\007\300\304~\336\334\033p|\035\314"
 438      DE26E307 
 438      C0C47EDE 
 438      DC1B707C 
 438      1DCC
 439 0f68 BD06D467 		.ascii	"\275\006\324g\025\250\2646\0176\021$q'\301\0062\304"
 439      15A8B436 
 439      0F361124 
 439      7127C106 
 439      32C4
 440 0f7a B2279716 		.ascii	"\262'\227\026\262}-\343\374\220WkI\372\230L\007\311"
 440      B27D2DE3 
 440      FC90576B 
 440      49FA984C 
 440      07C9
 441 0f8c A02B3CDE 		.ascii	"\240+<\336z:\244Q\211k\243\255\202\374j=\300\203\035"
 441      7A3AA451 
 441      896BA3AD 
 441      82FC6A3D 
 441      C0831D
 442 0f9f B6       		.ascii	"\266"
ARM GAS  /tmp/ccBjZDzk.s 			page 35


 443 0fa0 F758B66F 		.ascii	"\367X\266o\352\267W\220\345\273\377\226\\#\021k\023"
 443      EAB75790 
 443      E5BBFF96 
 443      5C23116B 
 443      13
 444 0fb1 0BB29F16 		.ascii	"\013\262\237\026$C\014\267\322\222\275lot]\353\017\311"
 444      24430CB7 
 444      D292BD6C 
 444      6F745DEB 
 444      0FC9
 445 0fc3 3562F20D 		.ascii	"5b\362\015q\317E\222D@\364\263\321\347\227\3351\207"
 445      71CF4592 
 445      4440F4B3 
 445      D1E797DD 
 445      3187
 446 0fd5 D5249ADD 		.ascii	"\325$\232\335\351\033\000d^/\2627\000^V\237)\302\322"
 446      E91B0064 
 446      5E2FB237 
 446      005E569F 
 446      29C2D2
 447 0fe8 370012AD 		.ascii	"7\000\022\255\326\341\021L^\001\030\306\374+\000\035"
 447      D6E1114C 
 447      5E0118C6 
 447      FC2B001D 
 448 0ff8 038509AE 		.ascii	"\003\205\011\256og\233\263"
 448      6F679BB3 
 449 1000 CBE04EBE 		.ascii	"\313\340N\276\372\323\324*XKWp\004\205\012Dk\012\350"
 449      FAD3D42A 
 449      584B5770 
 449      04850A44 
 449      6B0AE8
 450 1013 FB29281F 		.ascii	"\373)(\037\342$C\243\370m\030xn\342h\265\002\037p\241"
 450      E22443A3 
 450      F86D1878 
 450      6EE268B5 
 450      021F70A1 
 451 1027 77D6765E 		.ascii	"w\326v^\226\262~\347\350\026\246'\255_\223\031g'\255"
 451      96B27EE7 
 451      E816A627 
 451      AD5F9319 
 451      6727AD
 452 103a 5F2FB9CD 		.ascii	"_/\271\315N\306,=\037Q\342\002&\376^jF\012\207\2173"
 452      4EC62C3D 
 452      1F51E202 
 452      26FE5E6A 
 452      460A878F 
 453 104f 2625AEA4 		.ascii	"&%\256\244\006\341Z\312p\025E\035\271\034\3647O\015"
 453      06E15ACA 
 453      7015451D 
 453      B91CF437 
 453      4F0D
 454 1061 6B66198D 		.ascii	"kf\031\215\033\362\331nj\212o7\367\276\315\336\371\016"
 454      1BF2D96E 
 454      6A8A6F37 
 454      F7BECDDE 
 454      F90E
 455 1073 6603488E 		.ascii	"f\003H\216\335\207\034\273k\265w\236\246=\371\236\365"
ARM GAS  /tmp/ccBjZDzk.s 			page 36


 455      DD871CBB 
 455      6BB5779E 
 455      A63DF99E 
 455      F5
 456 1084 34484AE6 		.ascii	"4HJ\346\236U\311La\341Y\213\030\235\215\302\373\034"
 456      9E55C94C 
 456      61E1598B 
 456      189D8DC2 
 456      FB1C
 457 1096 954BF985 		.ascii	"\225K\371\205\330\362\356\306\003\346\363\311\366\244"
 457      D8F2EEC6 
 457      03E6F3C9 
 457      F6A4
 458 10a4 1BAE0EDF 		.ascii	"\033\256\016\337\335xD'\356\2410q\371\251\027K\225\322"
 458      DD784427 
 458      EEA13071 
 458      F9A9174B 
 458      95D2
 459 10b6 273D705D 		.ascii	"'=p]\202\236\306\2227+*\207\016\234q\305Oi\310\344\273"
 459      829EC692 
 459      372B2A87 
 459      0E9C71C5 
 459      4F69C8E4 
 460 10cb 72877A9D 		.ascii	"r\207z\235\255\177F\221\016E\263\340\367\264\315Nl\376"
 460      AD7F4691 
 460      0E45B3E0 
 460      F7B4CD4E 
 460      6CFE
 461 10dd C6C7EC0D 		.ascii	"\306\307\354\015\217\031\270\360X\314\361i\314~KQ\014"
 461      8F19B8F0 
 461      58CCF169 
 461      CC7E4B51 
 461      0C
 462 10ee 9BCFC5BA 		.ascii	"\233\317\305\272#\362\214d\345ja&|S\370\015&x=\011c"
 462      23F28C64 
 462      E56A6126 
 462      7C53F80D 
 462      26783D09 
 463 1103 161C2FC5 		.ascii	"\026\034/\305P\214\361B\213\022&n\341\225\345\330J\313"
 463      508CF142 
 463      8B12266E 
 463      E195E5D8 
 463      4ACB
 464 1115 7161D9D6 		.ascii	"qa\331\326\226\334j\012\275\221\030;`+\311a\243\021"
 464      96DC6A0A 
 464      BD91183B 
 464      602BC961 
 464      A311
 465 1127 5A918CE2 		.ascii	"Z\221\214\342I\006\314C$\346\240\303,\002=\001zj\325"
 465      4906CC43 
 465      24E6A0C3 
 465      2C023D01 
 465      7A6AD5
 466 113a 82135A69 		.ascii	"\202\023Zi\367 \363\367\265\255w\222VC~\352N:W\254\304"
 466      F720F3F7 
 466      B5AD7792 
 466      56437EEA 
ARM GAS  /tmp/ccBjZDzk.s 			page 37


 466      4E3A57AC 
 467 114f 111A1AFE 		.ascii	"\021\032\032\376\374\361\305\277\242\225\236\366\237"
 467      FCF1C5BF 
 467      A2959EF6 
 467      9F
 468 115c 4C3C078D 		.ascii	"L<\007\215\337\244\235\005 \213\365\204g\000^\022\347"
 468      DFA49D05 
 468      208BF584 
 468      67005E12 
 468      E7
 469 116d 6341D804 		.ascii	"cA\330\004\\\256y\320\340&\315\216gV\271\371\302\222"
 469      5CAE79D0 
 469      E026CD8E 
 469      6756B9F9 
 469      C292
 470 117f 9B4531D9 		.ascii	"\233E1\331{\0244\021\341\034\232`\211x:\3558r\334A\314"
 470      7B143411 
 470      E11C9A60 
 470      89783AED 
 470      3872DC41 
 471 1194 1C49C497 		.ascii	"\034I\304\227B\"\266\225\266\356v\261t\220\015E|\007"
 471      4222B695 
 471      B6EE76B1 
 471      74900D45 
 471      7C07
 472 11a6 01141A13 		.ascii	"\001\024\032\023-\203C\261\203\354\344H\007\211.-\231"
 472      2D8343B1 
 472      83ECE448 
 472      07892E2D 
 472      99
 473 11b7 50E3781A 		.ascii	"P\343x\032\026\324=9Y\246\241v\220\3356+\222\363\031"
 473      16D43D39 
 473      59A6A176 
 473      90DD362B 
 473      92F319
 474 11ca 873FA4A7 		.ascii	"\207?\244\247\210\376]\034{\355\254!\362\260\343w0#"
 474      88FE5D1C 
 474      7BEDAC21 
 474      F2B0E377 
 474      3023
 475 11dc A869E11C 		.ascii	"\250i\341\034o\332\265\361S\311\356`\332\010\275\341"
 475      6FDAB5F1 
 475      53C9EE60 
 475      DA08BDE1 
 476 11ec 09582C1B 		.ascii	"\011X,\0337\357YAQ(\214\263\230\006\2074\260h75+\256"
 476      37EF5941 
 476      51288CB3 
 476      98068734 
 476      B0683735 
 477 1202 A8AF8BC3 		.ascii	"\250\257\213\303\331\314\254\266\271cY\356\270\2121"
 477      D9CCACB6 
 477      B96359EE 
 477      B88A31
 478 1211 9369FBB3 		.ascii	"\223i\373\263\325\270\2361\305K\251\2674\270\2311e\365"
 478      D5B89E31 
 478      C54BA9B7 
 478      34B89931 
ARM GAS  /tmp/ccBjZDzk.s 			page 38


 478      65F5
 479 1223 E153FCBB 		.ascii	"\341S\374\273\243M\344\205\205{\346\350\006\204\333"
 479      A34DE485 
 479      857BE6E8 
 479      0684DB
 480 1232 E84555D1 		.ascii	"\350EU\321\355\275y*D\236.zZ~\303\312\272\2559\3066"
 480      EDBD792A 
 480      449E2E7A 
 480      5A7EC3CA 
 480      BAAD39C6 
 481 1247 5DC246F5 		.ascii	"]\302F\365 \367\312mm-\3136\322K\367p6h\311\236\331"
 481      20F7CA6D 
 481      6D2DCB36 
 481      D24BF770 
 481      3668C99E 
 482 125c 2AADA239 		.ascii	"*\255\2429\017~\253N\340$\247b9O\024\307\255F\361@\011"
 482      0F7EAB4E 
 482      E024A762 
 482      394F14C7 
 482      AD46F140 
 483 1271 40FB810E 		.ascii	"@\373\201\016\000\305p\322\314\356\331\375]V@\320\177"
 483      00C570D2 
 483      CCEED9FD 
 483      5D5640D0 
 483      7F
 484 1282 F6D957C6 		.ascii	"\366\331W\306L\343\267\252z\222\211\000Z^\212K5\210"
 484      4CE3B7AA 
 484      7A928900 
 484      5A5E8A4B 
 484      3588
 485 1294 49126E23 		.ascii	"I\022n#\254D\331\336c\3061\037\311\015J\224\255\332"
 485      AC44D9DE 
 485      63C6311F 
 485      C90D4A94 
 485      ADDA
 486 12a6 658B77AA 		.ascii	"e\213w\252\010\336k\013\2264\027\362\023\352\360D-\306"
 486      08DE6B0B 
 486      963417F2 
 486      13EAF044 
 486      2DC6
 487 12b8 1758F975 		.ascii	"\027X\371u\314\327-)l\353O\010\024J\206\370\274n\254"
 487      CCD72D29 
 487      6CEB4F08 
 487      144A86F8 
 487      BC6EAC
 488 12cb 843D1DAD 		.ascii	"\204=\035\255\303$\030\224(\246\024\011\006\325}\346"
 488      C3241894 
 488      28A61409 
 488      06D57DE6 
 489 12db 9C7956BE 		.ascii	"\234yV\276\222W\326\344P\231\354\225\232\310\033)qI"
 489      9257D6E4 
 489      5099EC95 
 489      9AC81B29 
 489      7149
 490 12ed 51485ACF 		.ascii	"QHZ\317)\234\264\236\017q\226\265\246\345\306\317h\315"
 490      299CB49E 
 490      0F7196B5 
ARM GAS  /tmp/ccBjZDzk.s 			page 39


 490      A6E5C6CF 
 490      68CD
 491 12ff C029BE8C 		.ascii	"\300)\276\21422\333S\325\216\3139\215\326L\252P3\275"
 491      3232DB53 
 491      D58ECB39 
 491      8DD64CAA 
 491      5033BD
 492 1312 B3194572 		.ascii	"\263\031ErV3M\311\227\334\016\231[8\002A\221\242w\221"
 492      56334DC9 
 492      97DC0E99 
 492      5B380241 
 492      91A27791 
 493 1326 42C1A4D3 		.ascii	"B\301\244\323\202yyd\250\301\025\017k\320k\255u\231"
 493      82797964 
 493      A8C1150F 
 493      6BD06BAD 
 493      7599
 494 1338 AC8E6B2A 		.ascii	"\254\216k*\013T\226\235K\026;\327\034\036\366}\207\313"
 494      0B54969D 
 494      4B163BD7 
 494      1C1EF67D 
 494      87CB
 495 134a DF616A66 		.ascii	"\337ajf\266`f\177EG\205\222/\355\253\225;\262*Xi\003"
 495      B660667F 
 495      45478592 
 495      2FEDAB95 
 495      3BB22A58 
 496 1360 0A658896 		.ascii	"\012e\210\226f\010\226\346PK\233\237\354\335\257\306"
 496      660896E6 
 496      504B9B9F 
 496      ECDDAFC6 
 497 1370 8F99A561 		.ascii	"\217\231\245a\327\253\322]-\235\217\231:x\250\354\234"
 497      D7ABD25D 
 497      2D9D8F99 
 497      3A78A8EC 
 497      9C
 498 1381 8B43138E 		.ascii	"\213C\023\216R\023r\005\023\272\263\343<y\013\322\033"
 498      52137205 
 498      13BAB3E3 
 498      3C790BD2 
 498      1B
 499 1392 3F2DAE30 		.ascii	"?-\2560\207;\023\010:\"\352?\"\350\317\243\3723\027"
 499      873B1308 
 499      3A22EA3F 
 499      22E8CFA3 
 499      FA3317
 500 13a5 E26E63E9 		.ascii	"\342nc\351,\022sE\371\371l\026\3117\200;\363\216\354"
 500      2C127345 
 500      F9F96C16 
 500      C937803B 
 500      F38EEC
 501 13b8 74568BAF 		.ascii	"tV\213\257l\221_?Dl\001G\336\346\365\2467\373d7\366"
 501      6C915F3F 
 501      446C0147 
 501      DEE6F5A6 
 501      37FB6437 
 502 13cd 72BE897F 		.ascii	"r\276\211\177\213BNvu\227\357v*W\304\360w\026\377\212"
ARM GAS  /tmp/ccBjZDzk.s 			page 40


 502      8B424E76 
 502      7597EF76 
 502      2A57C4F0 
 502      7716FF8A 
 503 13e1 E84BC629 		.ascii	"\350K\306)r\017T\310\321GV\334\012A\004e`\304\370\322"
 503      720F54C8 
 503      D14756DC 
 503      0A410465 
 503      60C4F8D2 
 504 13f5 B15AFEB5 		.ascii	"\261Z\376\265@\005\311\267+\0139J\207\312K\004\345\305"
 504      4005C9B7 
 504      2B0B394A 
 504      87CA4B04 
 504      E5C5
 505 1407 1CD53E1B 		.ascii	"\034\325>\033\0251\317\277\365@\336\377\023\336\271"
 505      1531CFBF 
 505      F540DEFF 
 505      13DEB9
 506 1416 5CC5DEB9 		.ascii	"\\\305\336\271\274vpfR\316\033c\026\2149N\252\200\032"
 506      BC767066 
 506      52CE1B63 
 506      168C394E 
 506      AA801A
 507 1429 534A8D29 		.ascii	"SJ\215)a\306\224Rc\372\036-\016Xe{\232U\234\312\370"
 507      61C69452 
 507      63FA1E2D 
 507      0E58657B 
 507      9A559CCA 
 508 143e 3895D138 		.ascii	"8\225\3218\025\356\254\036\260\332\010%Y\225F9\017."
 508      15EEAC1E 
 508      B0DA0825 
 508      59954639 
 508      0F2E
 509 1450 A7E08B27 		.ascii	"\247\340\213'\272\"]\245\340\010+\311\025<\270\202\202"
 509      BA225DA5 
 509      E0082BC9 
 509      153CB882 
 509      82
 510 1461 F74514ED 		.ascii	"\367E\024\355T\342\027,]\236\237OKu\274\360\234\240"
 510      54E2172C 
 510      5D9E9F4F 
 510      4B75BCF0 
 510      9CA0
 511 1473 A9B185CF 		.ascii	"\251\261\205\317\214G\235U\375*H\215&X\022\313\357n"
 511      8C479D55 
 511      FD2A488D 
 511      265812CB 
 511      EF6E
 512 1485 18BC46F6 		.ascii	"\030\274F\366Afs8\342\010\020U\212\011R\311I\226\305"
 512      41667338 
 512      E2081055 
 512      8A0952C9 
 512      4996C5
 513 1498 933449F2 		.ascii	"\2234I\362\346\237F\273\341\012W\3662\335\371\213:^"
 513      E69F46BB 
 513      E10A57F6 
 513      32DDF98B 
ARM GAS  /tmp/ccBjZDzk.s 			page 41


 513      3A5E
 514 14aa 5042CEA7 		.ascii	"PB\316\247iG`k\273\323\234\375k\252\020U\211r\252\244"
 514      6947606B 
 514      BBD39CFD 
 514      6BAA1055 
 514      8972AAA4 
 515 14be 72AAA99C 		.ascii	"r\252\251\234\376\211\026?\\\317\304\024\035\313,s\303"
 515      FE89163F 
 515      5CCFC414 
 515      1DCB2C73 
 515      C3
 516 14cf 1D8C896E 		.ascii	"\035\214\211n9\223N\226|TC\007\301\231\3213\211f\366"
 516      39934E96 
 516      7C544307 
 516      C199D133 
 516      8966F6
 517 14e2 7671ADE5 		.ascii	"vq\255\345\215\343\356\321Si\032\207\376\326S\177\353"
 517      8DE3EED1 
 517      53691A87 
 517      FED6537F 
 517      EB
 518 14f3 2C0B6DD9 		.ascii	",\013m\331\213l7\336\316\351\007\177z>'8\274\212 \321"
 518      8B6C37DE 
 518      CEE9077F 
 518      7A3E2738 
 518      BC8A20D1 
 519 1507 29C15054 		.ascii	")\301PT\313q\204\023mm\240\266v?\250\333\347\2023\334"
 519      CB718413 
 519      6D6DA0B6 
 519      763FA8DB 
 519      E78233DC 
 520 151b A87D55A3 		.ascii	"\250}U\243\227\262\305\350\005\334\264\211^\243\350"
 520      97B2C5E8 
 520      05DCB489 
 520      5EA3E8
 521 152a 75A354D2 		.ascii	"u\243T\322i*i$k2\336\025\0272IG\242{*]\304\360eZ\207"
 521      692A6924 
 521      6B32DE15 
 521      17324947 
 521      A27B2A5D 
 522 1543 AF4914D4 		.ascii	"\257I\024\324$\025\324L\005\235\270\374\240\302\252"
 522      2415D44C 
 522      059DB8FC 
 522      A0C2AA
 523 1552 568F5A65 		.ascii	"V\217ZeJ\013\237)-4S\036\246\335\236w\302'\231\326\311"
 523      4A0B9F29 
 523      2D34531E 
 523      A6DD9E77 
 523      C22799D6 
 524 1567 C9C309FC 		.ascii	"\311\303\011\374\333B\337';\226\370\346\014\005\253"
 524      DB42DF27 
 524      3B96F8E6 
 524      0C05AB
 525 1576 866EB237 		.ascii	"\206n\26278|q&I\215\3170\354lr\347u\276n\277G\252\360"
 525      387C7126 
 525      498DCF30 
 525      EC6C72E7 
ARM GAS  /tmp/ccBjZDzk.s 			page 42


 525      75BE6EBF 
 526 158d 6152BCC2 		.ascii	"aR\274\302a\331\265\013e\327\306\312\256y\242\247\206"
 526      61D9B50B 
 526      65D7C6CA 
 526      AE79A2A7 
 526      86
 527 159e B32DAC73 		.ascii	"\263-\254sPXgia\235\247\205E\007\321\216[Q\3675\222"
 527      50586769 
 527      619DA785 
 527      4507D18E 
 527      5B51F735 
 528 15b3 A2CFBD0A 		.ascii	"\242\317\275\012=\3366V\241\371\321\021sw6\331\325}"
 528      3DDE3656 
 528      A1F9D111 
 528      737736D9 
 528      D57D
 529 15c5 519467DE 		.ascii	"Q\224g\336S\006\353\\\007\267\002\265B\334`\007'\031"
 529      5306EB5C 
 529      07B702B5 
 529      42DC6007 
 529      2719
 530 15d7 7B06CEFC 		.ascii	"{\006\316\374\001\022\352\002\367#\331J\235\377\037"
 530      0112EA02 
 530      F723D94A 
 530      9DFF1F
 531 15e6 FCFDD61B 		.ascii	"\374\375\326\033\364\276&\375\257\014!A\277\326\373"
 531      F4BE26FD 
 531      AF0C2141 
 531      BFD6FB
 532 15f5 86AA3EFE 		.ascii	"\206\252>\376\355\346\267\326\373\370\310\224\246\317"
 532      EDE6B7D6 
 532      FBF8C894 
 532      A6CF
 533 1603 B605EBB4 		.ascii	"\266\005\353\264\246w\274\274\274\327\373\007l\011\330"
 533      A677BCBC 
 533      BCD7FB07 
 533      6C09D8
 534 1612 B849EBF3 		.ascii	"\270I\353\363S/\037/\037o\357\020\243\267\301\344\035"
 534      532F1F2F 
 534      1F6FEF10 
 534      A3B7C1E4 
 534      1D
 535 1623 10AC0BDC 		.ascii	"\020\254\013\334\346\247\367\326\371\233\374A\206\237"
 535      E6A7F7D6 
 535      F99BFC41 
 535      869F
 536 1631 D1CB5FA6 		.ascii	"\321\313_\246\326j\267\005\004\233\326\255\205\201\336"
 536      D66AB705 
 536      049BD6AD 
 536      8581DE
 537 1640 DB8C060B 		.ascii	"\333\214\006\013(X\277=0`\213w\220\257\316? X\357\255"
 537      2858BF3D 
 537      30608B77 
 537      90AFCE3F 
 537      2058EFAD 
 538 1654 F5D37FE6 		.ascii	"\365\323\177\346\273-\320\2445\355\010\325\223\201*"
 538      BB2DD0A4 
ARM GAS  /tmp/ccBjZDzk.s 			page 43


 538      35ED08D5 
 538      93812A
 539 1663 61D8DBF6 		.ascii	"a\330\333\366\206\031w\030\275\265F\223\037`\000\253"
 539      86197718 
 539      BDB54693 
 539      1F6000AB 
 540 1673 34851A02 		.ascii	"4\205\032\002B\264\246_\3307M\027\022\024\024\022\354"
 540      42B4A65F 
 540      D8374D17 
 540      12141412 
 540      EC
 541 1684 1D1A6230 		.ascii	"\035\032b0\031\275?\372\375'\353?\371\212\234\013\015"
 541      19BD3FFA 
 541      FD27EB3F 
 541      F98A9C0B 
 541      0D
 542 1695 08D41B8C 		.ascii	"\010\324\033\214\336\037\257_O,\346\325r:\177_\203\302"
 542      DE1FAF5F 
 542      4F2CE6D5 
 542      723A7F5F 
 542      83C2
 543 16a7 18F017BD 		.ascii	"\030\360\027\275\326\264\226j&\352\266\352t\336\276"
 543      D6B4966A 
 543      26EAB6EA 
 543      74DEBE
 544 16b6 86A07782 		.ascii	"\206\240w\202C\202\365\357\350}\267\004x\277\347\365"
 544      4382F5EF 
 544      E87DB704 
 544      78BFE7F5 
 545 16c6 2E4817AC 		.ascii	".H\027\254\002K\300~\030\256\360\007\277\365\006\356"
 545      024BC07E 
 545      18AEF007 
 545      BFF506EE 
 546 16d6 33835EEF 		.ascii	"3\203^\357\024\352\273Uo\344\202\365_\231\\\340t\250"
 546      14EABB55 
 546      6FE482F5 
 546      5F995CE0 
 546      74A8
 547 16e8 96BFB6CD 		.ascii	"\226\277\266\315\250\367\343\210\006\216\234u\225\\"
 547      A8F7E388 
 547      068E9C75 
 547      955C
 548 16f6 D29A54A1 		.ascii	"\322\232T\241\206\220/\003\340\3205H\037\264UOC\016"
 548      86902F03 
 548      E0D03548 
 548      1FB4554F 
 548      430E
 549 1708 315863DF 		.ascii	"1Xc\337\261\020#1N\014;\214\321\205\030\364`\207\013"
 549      B1102331 
 549      4E0C3B8C 
 549      D18518F4 
 549      60870B
 550 171b 1C861876 		.ascii	"\034\206\030v\020\271\2418\310\364\225S\310\366`\275"
 550      10B9A138 
 550      C8F49553 
 550      C8F660BD 
 551 172b 4105B312 		.ascii	"A\005\263\022HB\245\204S\201\001F\223J\037\252\017\206"
ARM GAS  /tmp/ccBjZDzk.s 			page 44


 551      4842A584 
 551      53810146 
 551      934A1FAA 
 551      0F86
 552 173d 206E75D1 		.ascii	" nu\321\177\251\0176\005\371\032?\007\033\202\214[\277"
 552      7FA90F36 
 552      05F91A3F 
 552      071B828C 
 552      5BBF
 553 174f D8A6DFA6 		.ascii	"\330\246\337\246\177C\347\257\345gRKOp\241\006\375\227"
 553      7F43E7AF 
 553      E567524B 
 553      4F70A106 
 553      FD97
 554 1761 EE56A7B4 		.ascii	"\356V\247\264&\345v\337\000\023\210p\227\240\211l7)"
 554      26E576DF 
 554      00138870 
 554      97A0896C 
 554      3729
 555 1773 A335A16D 		.ascii	"\2435\241m\012\375v\242@\261\335\004\332C\341\313\250"
 555      0AFD76A2 
 555      40B1DD04 
 555      DA43E1CB 
 555      A8
 556 1784 0F0AC5BA 		.ascii	"\017\012\305\272`\223\263V\313\317\265\222\377v\202"
 556      6093B356 
 556      CBCFB592 
 556      FF7682
 557 1793 B3F0976A 		.ascii	"\263\360\227j\320\200\\@\372\206\372\203kJ#1\323\270"
 557      D0805C40 
 557      FA86FA83 
 557      6B4A2331 
 557      D3B8
 558 17a5 D5090800 		.ascii	"\325\011\010\000\333M&C\350\012\246Hk\320\177\2467\350"
 558      DB4D2643 
 558      E80AA648 
 558      6BD07FA6 
 558      37E8
 559 17b7 83756013 		.ascii	"\203u`\023\010\017\331\362\347P\225\376\253\000\223"
 559      080FD9F2 
 559      E75095FE 
 559      AB0093
 560 17c6 2EC44FAF 		.ascii	".\304O\2570\370\355\200\021\034"
 560      30F8ED80 
 560      111C
 561 17d0 408CCE2C 		.ascii	"@\214\316,#?\004m\302\267\211\234\007q\237\005\372n"
 561      233F046D 
 561      C2B7899C 
 561      07719F05 
 561      FA6E
 562 17e2 352A4D41 		.ascii	"5*MA0\0028\243\011\312@e\242_D\244\357\026_\243\236"
 562      300238A3 
 562      09CA4065 
 562      A25F44A4 
 562      EF165FA3 
 563 17f7 CFE7F7DF 		.ascii	"\317\347\367\337\2058\011\007j\243\351s\337\300\200"
 563      85380907 
ARM GAS  /tmp/ccBjZDzk.s 			page 45


 563      6AA3E973 
 563      DFC080
 564 1806 ADC15AD3 		.ascii	"\255\301Z\323\272o\221\201\376\374\\q\301\276Az\247"
 564      BA6F9181 
 564      FEFC5C71 
 564      C1BE417A 
 564      A7
 565 1817 90409875 		.ascii	"\220@\230u'Ho\275\001\353L_\311\215\241\362@2a[!\357"
 565      27486FBD 
 565      01EB4C5F 
 565      C98DA1F2 
 565      4032615B 
 566 182d B4266CF0 		.ascii	"\264&l\360\361\001Z#7\374Tn\370Pn\370@nx_nxOnx\027\033"
 566      F1015A23 
 566      37FC546E 
 566      F8506EF8 
 566      406E785F 
 567 1848 D7F900AD 		.ascii	"\327\371\000\255\301\306\265?\005\372\020\350\003\240"
 567      C1C6B53F 
 567      05FA10E8 
 567      03A0
 568 1856 F781DE03 		.ascii	"\367\201\336\003\202\353k\327\001\255\005\002\334Z\300"
 568      82EB6BD7 
 568      01AD0502 
 568      DC5AC0
 569 1865 F900CE07 		.ascii	"\371\000\316\007p>\200\363y\337\205\030E\342\017J?\370"
 569      703E80F3 
 569      79DF8518 
 569      45E20F4A 
 569      3FF8
 570 1877 B6D66BBF 		.ascii	"\266\326k\277\374 \010<\320P\031\272\220`\023\344:G"
 570      FC20083C 
 570      D05019BA 
 570      906013E4 
 570      3A47
 571 1889 12CCD992 		.ascii	"\022\314\331\222\014NA\241!!\201*~\216L*\270\020\264"
 571      0C4E41A1 
 571      2121812A 
 571      7E8E4C2A 
 571      B810B4
 572 189c 0D704AFA 		.ascii	"\015pJ\372Wk\372\311k\264\023\243\316\337\017\324\374"
 572      576BFAC9 
 572      6BB413A3 
 572      CEDF0FD4 
 572      FC
 573 18ad E36B4021 		.ascii	"\343k@!\265\000\351\365:Bw\030\205\242\177\035\301\220"
 573      B500E9F5 
 573      3A427718 
 573      85A27F1D 
 573      C190
 574 18bf 82807495 		.ascii	"\202\200t\225\324\225\326\344\363\332eI\360\257\326"
 574      D495D6E4 
 574      F3DA6549 
 574      F0AFD6
 575 18ce 6434E800 		.ascii	"d4\350\000\352\267\003\222!@\347\245\223}\317\246\027"
 575      EAB70392 
 575      2140E7A5 
ARM GAS  /tmp/ccBjZDzk.s 			page 46


 575      937DCFA6 
 575      17
 576 18df 7F4215FF 		.ascii	"\177B\025\377\016b\351Ds\315\005\022\\\2573iI#q!!\346"
 576      0E62E944 
 576      73CD0512 
 576      5CAF3369 
 576      49237121 
 577 18f5 7BC8EBDB 		.ascii	"{\310\353\333D\006\021\2334b\253\321\232\004\007\251"
 577      4406119B 
 577      3462ABD1 
 577      9A0407A9 
 578 1905 4413D4DE 		.ascii	"D\023\324\336&\235\377\177\372~\256\337\026\272\351"
 578      269DFF7F 
 578      FA7EAEDF 
 578      16BAE9
 579 1914 6F24166D 		.ascii	"o$\026m\332f$\235C\357\267\301\211\214\013\345\266\003"
 579      DA66249D 
 579      43EFB7C1 
 579      898C0BE5 
 579      B603
 580 1926 E7B49D54 		.ascii	"\347\264\235T\010\3665l]\311O\267\237\336\2503\004\204"
 580      08F6356C 
 580      5DC94FB7 
 580      9FDEA833 
 580      0484
 581 1938 9A42A0B5 		.ascii	"\232B\240\265\255\320\371\223\365\344\243\300\300\020"
 581      ADD0F993 
 581      F5E4A3C0 
 581      C010
 582 1946 DD47C403 		.ascii	"\335G\304\003\275\237\213\316\2378DOA\306l\332a\374"
 582      BD9F8BCE 
 582      9F38444F 
 582      41C66CDA 
 582      61FC
 583 1958 8F10DDE7 		.ascii	"\217\020\335\347\2575\033;\210\345\3164\357`\360\347"
 583      AF351B3B 
 583      88E5CE34 
 583      EF60F0E7 
 584 1968 AE5AE811 		.ascii	"\256Z\350\021&\355/>\332\364o\277\373\375\006W\337\300"
 584      26ED2F3E 
 584      DAF46FBF 
 584      FBFD0657 
 584      DFC0
 585 197a EDBE3B8C 		.ascii	"\355\276;\214\220\325\201\260\266\374\362\225Y\015\031"
 585      90D581B0 
 585      B6FCF295 
 585      590D19
 586 1989 4B72DA7B 		.ascii	"Kr\332{\375'\2336l\362^\017I\355\275AP\023d\0140j\241"
 586      FD279B36 
 586      6CF25E0F 
 586      49EDBD41 
 586      5013640C 
 587 19a0 F793864A 		.ascii	"\367\223\206J\315\333\034L\224\261\222\331\026\314+"
 587      CDDB1C4C 
 587      94B192D9 
 587      16CC2B
 588 19af A681D37A 		.ascii	"\246\201\323z}\340\343\263N%p\377\007B,`\235"
ARM GAS  /tmp/ccBjZDzk.s 			page 47


 588      7DE0E3B3 
 588      4E2570FF 
 588      07422C60 
 588      9D
 589              		.text
 590              		.section	.gnu.lto_.symtab.4cb6b34c29987b25,"",%progbits
 591 0000 63685468 		.ascii	"chThdCreateFromHeap\000"
 591      64437265 
 591      61746546 
 591      726F6D48 
 591      65617000 
 592 0014 00       		.ascii	"\000"
 593 0015 00       		.ascii	"\000"
 594 0016 00       		.ascii	"\000"
 595 0017 00000000 		.ascii	"\000\000\000\000\000\000\000\000"
 595      00000000 
 596 001f E1010000 		.ascii	"\341\001\000\000"
 597 0023 63685468 		.ascii	"chThdCreateFromMemoryPool\000"
 597      64437265 
 597      61746546 
 597      726F6D4D 
 597      656D6F72 
 598 003d 00       		.ascii	"\000"
 599 003e 00       		.ascii	"\000"
 600 003f 00       		.ascii	"\000"
 601 0040 00000000 		.ascii	"\000\000\000\000\000\000\000\000"
 601      00000000 
 602 0048 01020000 		.ascii	"\001\002\000\000"
 603 004c 63685363 		.ascii	"chSchWakeupS\000"
 603      6857616B 
 603      65757053 
 603      00
 604 0059 00       		.ascii	"\000"
 605 005a 02       		.ascii	"\002"
 606 005b 00       		.ascii	"\000"
 607 005c 00000000 		.ascii	"\000\000\000\000\000\000\000\000"
 607      00000000 
 608 0064 06020000 		.ascii	"\006\002\000\000"
 609 0068 63685468 		.ascii	"chThdCreateSuspendedI\000"
 609      64437265 
 609      61746553 
 609      75737065 
 609      6E646564 
 610 007e 00       		.ascii	"\000"
 611 007f 02       		.ascii	"\002"
 612 0080 00       		.ascii	"\000"
 613 0081 00000000 		.ascii	"\000\000\000\000\000\000\000\000"
 613      00000000 
 614 0089 1C020000 		.ascii	"\034\002\000\000"
 615 008d 63684865 		.ascii	"chHeapAllocAligned\000"
 615      6170416C 
 615      6C6F6341 
 615      6C69676E 
 615      656400
 616 00a0 00       		.ascii	"\000"
 617 00a1 02       		.ascii	"\002"
 618 00a2 00       		.ascii	"\000"
ARM GAS  /tmp/ccBjZDzk.s 			page 48


 619 00a3 00000000 		.ascii	"\000\000\000\000\000\000\000\000"
 619      00000000 
 620 00ab 22020000 		.ascii	"\"\002\000\000"
 621 00af 6368506F 		.ascii	"chPoolAlloc\000"
 621      6F6C416C 
 621      6C6F6300 
 622 00bb 00       		.ascii	"\000"
 623 00bc 02       		.ascii	"\002"
 624 00bd 00       		.ascii	"\000"
 625 00be 00000000 		.ascii	"\000\000\000\000\000\000\000\000"
 625      00000000 
 626 00c6 26020000 		.ascii	"&\002\000\000"
 627              		.text
 628              		.section	.gnu.lto_.opts,"",%progbits
 629 0000 272D666D 		.ascii	"'-fmath-errno' '-fsigned-zeros' '-ftrapping-math' '"
 629      6174682D 
 629      6572726E 
 629      6F272027 
 629      2D667369 
 630 0033 2D666E6F 		.ascii	"-fno-trapv' '-fno-strict-overflow' '-fno-openmp' '-"
 630      2D747261 
 630      70762720 
 630      272D666E 
 630      6F2D7374 
 631 0066 666E6F2D 		.ascii	"fno-openacc' '-mcpu=cortex-m4' '-mthumb' '-mfloat-a"
 631      6F70656E 
 631      61636327 
 631      20272D6D 
 631      6370753D 
 632 0099 62693D68 		.ascii	"bi=hard' '-mfpu=fpv4-sp-d16' '-g' '-ggdb' '-Og' '-f"
 632      61726427 
 632      20272D6D 
 632      6670753D 
 632      66707634 
 633 00cc 6F6D6974 		.ascii	"omit-frame-pointer' '-falign-functions=16' '-ffunct"
 633      2D667261 
 633      6D652D70 
 633      6F696E74 
 633      65722720 
 634 00ff 696F6E2D 		.ascii	"ion-sections' '-fdata-sections' '-fno-common' '-flt"
 634      73656374 
 634      696F6E73 
 634      2720272D 
 634      66646174 
 635 0132 6F2700   		.ascii	"o'\000"
 636              		.text
 637              		.comm	__gnu_lto_v1,1,1
 638              		.comm	__gnu_lto_slim,1,1
 639              		.ident	"GCC: (15:5.4.1+svn241155-1) 5.4.1 20160919"
ARM GAS  /tmp/ccBjZDzk.s 			page 49


DEFINED SYMBOLS
                            *ABS*:0000000000000000 chdynamic.c
                            *COM*:0000000000000001 __gnu_lto_v1
                            *COM*:0000000000000001 __gnu_lto_slim

NO UNDEFINED SYMBOLS
