ARM GAS  /tmp/ccgtsRDr.s 			page 1


   1              		.syntax unified
   2              		.cpu cortex-m4
   3              		.eabi_attribute 27, 1
   4              		.eabi_attribute 28, 1
   5              		.fpu fpv4-sp-d16
   6              		.eabi_attribute 20, 1
   7              		.eabi_attribute 21, 1
   8              		.eabi_attribute 23, 3
   9              		.eabi_attribute 24, 1
  10              		.eabi_attribute 25, 1
  11              		.eabi_attribute 26, 1
  12              		.eabi_attribute 30, 1
  13              		.eabi_attribute 34, 1
  14              		.eabi_attribute 18, 4
  15              		.thumb
  16              		.syntax unified
  17              		.file	"chmemcore.c"
  18              		.text
  19              	.Ltext0:
  20              		.section	.gnu.lto_.profile.5560a8cbb6e8fa84,"",%progbits
  21 0000 789C6361 		.ascii	"x\234ca`d`a`\000\222\272\012\000\000\344\000X"
  21      60646061 
  21      600092BA 
  21      0A0000E4 
  21      0058
  22              		.text
  23              		.section	.gnu.lto_.inline.5560a8cbb6e8fa84,"",%progbits
  24 0000 789C6361 		.ascii	"x\234ca`d\000\201(\006\004`a``ead`bY \317\300\266@\236"
  24      60640081 
  24      28060460 
  24      61606065 
  24      61646062 
  25 001b 0922262C 		.ascii	"\011\"&,\004\024R\370\362\231\021.\306\312\300%\204"
  25      041452F8 
  25      F299112E 
  25      C6CAC025 
  25      84
  26 002c A68C958F 		.ascii	"\246\214\225\217\201\201y\202\037\010\2621\260\261\002"
  26      81817982 
  26      1F08B231 
  26      B0B102
  27 003b 65D93EE8 		.ascii	"e\331>\350\301e\031\000\363F\013R"
  27      C1651900 
  27      F3460B52 
  28              		.text
  29              		.section	.gnu.lto_.jmpfuncs.5560a8cbb6e8fa84,"",%progbits
  30 0000 789C6361 		.ascii	"x\234ca`d\000\001~\006\004`\201`V \305\006\304\000\003"
  30      60640001 
  30      7E060460 
  30      81605620 
  30      C506C400 
  31 0015 0D0028   		.ascii	"\015\000("
  32              		.text
  33              		.section	.gnu.lto_.pureconst.5560a8cbb6e8fa84,"",%progbits
  34 0000 789C6361 		.ascii	"x\234ca`d\340b```a\220`\221`\335\305\310\306\002\000"
  34      6064E062 
  34      60606061 
ARM GAS  /tmp/ccgtsRDr.s 			page 2


  34      90609160 
  34      DDC5C8C6 
  35 0016 059E0112 		.ascii	"\005\236\001\022"
  36              		.text
  37              		.section	.gnu.lto__core_init.5560a8cbb6e8fa84,"",%progbits
  38 0000 789C8D91 		.ascii	"x\234\215\221Oh\023A\030\305\2777\223\246\2134\350\305"
  38      4F681341 
  38      18C5BF37 
  38      93A68B34 
  38      E8C5
  39 0012 931E7AC9 		.ascii	"\223\036z\311\241 \273\346(z\023\024O\202^\205\245\211"
  39      A120BBE6 
  39      287A1314 
  39      4F825E85 
  39      A589
  40 0024 0B09D856 		.ascii	"\013\011\330V\233\253\220Iu\255\361 \366P\021EZ\020"
  40      9BAB9049 
  40      75ADF120 
  40      F6501145 
  40      5A10
  41 0036 69ADB649 		.ascii	"i\255\266I\264\377\266\227.A<\211=H\025\021\244\210"
  41      B4FFB697 
  41      2E413C89 
  41      3D481511 
  41      A488
  42 0048 F6103C54 		.ascii	"\366\020<Tk\017\026\232\370\315dE\241\2418\3142\263"
  42      6B0F169A 
  42      F8CD6445 
  42      A1A138CC 
  42      32B3
  43 005a 33F3BEF7 		.ascii	"3\363\276\367{31\002\351vU\020\235\341\361\020\177\220"
  43      7B333102 
  43      E9765510 
  43      9DE1F110 
  43      7F90
  44 006c 0471E70D 		.ascii	"\004q\347\015Q\321\022\200\236(\013T\020(`K\354\010"
  44      51D11280 
  44      9E280B54 
  44      1028604B 
  44      EC08
  45 007e D486D703 		.ascii	"\324\206\327\003\3213\241\270\255=\256\037U\223!|I\324"
  45      D133A1B8 
  45      AD3DAE1F 
  45      5593217C 
  45      49D4
  46 0090 14A61261 		.ascii	"\024\246\022a\002=\304\307\266nm~MH\007z>\276\\[\331"
  46      023DC4C7 
  46      B66E6D7E 
  46      4D48077A 
  46      3EBE5C5B 
  47 00a5 9F7CA4D6 		.ascii	"\237|\244\326\224\012?\3348XT\265b\267/\201I\310H\246"
  47      940A3FDC 
  47      385854B5 
  47      62B72F81 
  47      49C848A6 
  48 00b9 A7A48FBE 		.ascii	"\247\244\217\276\3772[\205<ad\237\202\231j<\222\275"
  48      FF325B85 
ARM GAS  /tmp/ccgtsRDr.s 			page 3


  48      3C61649F 
  48      82996A3C 
  48      92BD
  49 00cb 3B155694 		.ascii	";\025V\224\245ES\177ES\221\350s\2651\232\210_\327H\335"
  49      A545537F 
  49      455391E8 
  49      73B5319A 
  49      885FD748 
  50 00e0 788A249E 		.ascii	"x\212$\236 \331\002\3023\304u\304\362\271P5\233\327"
  50      20D902C2 
  50      33C475C4 
  50      F2B95035 
  50      9BD7
  51 00f2 54F8365E 		.ascii	"T\3706^\276\367\303\212\021m\360\266\016\367]\010=\312"
  51      BEF7C38A 
  51      116DF0B6 
  51      0EF75D08 
  51      3DCA
  52 0104 750C6D0F 		.ascii	"u\014m\0177\356_\320\012.y\327\257\255t\376\024\276"
  52      37EE5FD0 
  52      0A2E79D7 
  52      AFAD74FE 
  52      14BE
  53 0116 14062508 		.ascii	"\024\006%\010\276}\354,\354\250\233J\035\340\265\022"
  53      BE7DEC2C 
  53      ECA89B4A 
  53      1DE0B512 
  54 0126 FBEAE5FA 		.ascii	"\373\352\345\372\353\325\227\373\306\360\260\250\314"
  54      EBD597FB 
  54      C6F0B0A8 
  54      CC
  55 0133 BAC40CDF 		.ascii	"\272\304\014\337\3224\016\233\315\333\213\225\222\345"
  55      D2340E9B 
  55      CDDB8B95 
  55      92E5
  56 0141 4C6B2A75 		.ascii	"Lk*u\334\2271\2241\206\206AG\005\316\277&\035mL:J\022"
  56      DC973194 
  56      31868641 
  56      4705CEBF 
  56      261D6D4C 
  57 0158 ED4C80E7 		.ascii	"\355L\200\347lR\215L\306\267\177\255v\2654\352\212."
  57      6C528D4C 
  57      C6B77FAD 
  57      76B534EA 
  57      8A2E
  58 016a F4824DD8 		.ascii	"\364\202M\330`\026\0052\221^=\370\023\351\1773\314\355"
  58      60160532 
  58      915E3DF8 
  58      13E97F33 
  58      CCED
  59 017c 9561DE64 		.ascii	"\225a\336d\320W\212\005\223a\027\264h\017\275\270\027"
  59      D0578A05 
  59      936117B4 
  59      680FBDB8 
  59      17
  60 018d 74D0825E 		.ascii	"t\320\202^b\350:\206\302\221\323\032\331\274\361\006"
  60      62E83A86 
ARM GAS  /tmp/ccgtsRDr.s 			page 4


  60      C291D31A 
  60      D9BCF106 
  61 019d 7BF1F370 		.ascii	"{\361\363p\321#\266\355\234\314\346\322\271\263\347"
  61      D123B6ED 
  61      9CCCE6D2 
  61      B9B3E7
  62 01ac DDD4313B 		.ascii	"\335\3241;e\247\034g \317\375R.\355\344\0073N&\333\347"
  62      65A71C67 
  62      20CFFD52 
  62      2EEDE407 
  62      334E26DB 
  63 01c1 F5650606 		.ascii	"\365e\006\006=;C]\256\233\365z/\273^\377E\327MD?\351"
  63      3D3B435D 
  63      AE9BF57A 
  63      2FBB5EFF 
  63      45D74D44 
  64 01d7 DEBCE7BA 		.ascii	"\336\274\347\272\277\001\010,\377\214"
  64      BF01082C 
  64      FF8C
  65              		.text
  66              		.section	.gnu.lto_chCoreAllocAlignedWithOffsetI.5560a8cbb6e8fa84,"",%progbits
  67 0000 789C9554 		.ascii	"x\234\225T\335KTA\024\2373s\357\336uu\327\257z\011\037"
  67      DD4B5441 
  67      149F3373 
  67      EFDE7575 
  67      D7AF7A09 
  68 0015 7C11116C 		.ascii	"|\021\021lo\202\017}<TD\365\030\324\037\020ek.\370\205"
  68      6F820F7D 
  68      3C5444F5 
  68      18D41F10 
  68      656B2EF8 
  69 002a FA10BD38 		.ascii	"\372\020\2758zw\335\366%\214H*\014)\013\2652\265\322"
  69      7A77DDF6 
  69      258C482A 
  69      0C290BB5 
  69      32B5D2
  70 003d 5CD39410 		.ascii	"\\\323\224\020\011\264\302\302\022+2\013+\361\241\025"
  70      09B4C2C2 
  70      122B320B 
  70      2BF1A115 
  71 004d 232A3F3A 		.ascii	"#*?:g\356fV\2768\354\316\235\371\315\371\315\374\316"
  71      67EE6656 
  71      BE38ECCE 
  71      9DF9CDF9 
  71      CDFCCE
  72 0060 6FCEBD1A 		.ascii	"o\316\275\032\003Fm\\cl?>\367\342\037\034\014x\355\023"
  72      03466D5C 
  72      636C3F3E 
  72      F7E21F1C 
  72      0C78ED13 
  73 0074 C6AA9C9C 		.ascii	"\306\252\234\234\353\237\014&]\242y\2101\231 bS\315"
  73      EB9F0C26 
  73      5DA27988 
  73      31992062 
  73      53CD
  74 0086 9E6AA0DB 		.ascii	"\236j\240\333a:\000\015\244\023X%\027\232\016\225\360"
  74      613A000D 
ARM GAS  /tmp/ccgtsRDr.s 			page 5


  74      A4135825 
  74      179A0E95 
  74      F0
  75 0097 952F7218 		.ascii	"\225/r\030\015\264\327\213y\036\024\0144\234F\037_|"
  75      0DB4D78B 
  75      791E140C 
  75      349C461F 
  75      5F7C
  76 00a9 EFA12940 		.ascii	"\357\241)@:\255\316|\014\304g5IY-'\203?\266^h\036\320"
  76      3AADCE7C 
  76      0CC46735 
  76      49592D27 
  76      833FB65E 
  77 00c0 8282B365 		.ascii	"\202\202\263e\316\240\031\322\240\011\322HL\013da\354"
  77      CEA019D2 
  77      A009D248 
  77      4C0B6461 
  77      EC
  78 00d1 95AAB161 		.ascii	"\225\252\261a\2670\201\3418\324\332\367\331\223y\215"
  78      B73081E1 
  78      38D4DAF7 
  78      D993798D 
  79 00e1 7832E293 		.ascii	"x2\342\223qA!\340:\210\325<\204\030\334\200L\214\256"
  79      714121E0 
  79      3A88D53C 
  79      8418DC80 
  79      4C8CAE
  80 00f4 FDB93869 		.ascii	"\375\2718i\210\\\305\264.O\364k6s\340y\310\274 \351"
  80      885CC5B4 
  80      2E4FF46B 
  80      3673E079 
  80      C8BC20E9 
  81 0108 440D6EFE 		.ascii	"D\015n\376K\326\030\264*\362\374\331\211\267\036\261"
  81      4BD618B4 
  81      2AF2FCD9 
  81      89B71EB1 
  82 0118 5D91BF75 		.ascii	"]\221\277uu\016\3531\362X\310k\223\005\334Z\343\344"
  82      750EEB31 
  82      F258C86B 
  82      9305DC5A 
  82      E3E4
  83 012a 36C82446 		.ascii	"6\310$F\355\353\357\275\361b\267b\177X8W\343\314hT\354"
  83      EDEBEFBD 
  83      F162B762 
  83      7F583857 
  83      E3CC6854 
  84 013f 97A10DC8 		.ascii	"\227\241\015\310\016\244\007\205\016\355\177\323\251"
  84      0EA40785 
  84      0EED7FD3 
  84      A9
  85 014c 61F4C840 		.ascii	"a\364\310@\270\315%\366)\346\322\263\317_t\233)#\307"
  85      B8CD25F6 
  85      29E6D2B3 
  85      CF5F749B 
  85      2923C7
  86 015f 647817D1 		.ascii	"dx\027\321n\257I\233\352X:\347v\004$\266t\270\003\031"
  86      6EAF499B 
ARM GAS  /tmp/ccgtsRDr.s 			page 6


  86      EA583AE7 
  86      760424B6 
  86      74B80319 
  87 0173 D0011961 		.ascii	"\320\001\031a\301\310Rt\362.8\360\262\371\357\205\266"
  87      C1C85274 
  87      F22E38F0 
  87      B2F9EF85 
  87      B6
  88 0184 83037279 		.ascii	"\203\003ry\331\302d\214\331\363\215q\033\001\265s\274"
  88      D9C2648C 
  88      D9F38D71 
  88      1B01B573 
  88      BC
  89 0195 1ACC5C03 		.ascii	"\032\314\\\0032O''\034\324\031\3249\225\243.\034\352"
  89      324F2727 
  89      1CD419D4 
  89      3995A32E 
  89      1CEA
  90 01a7 F1402926 		.ascii	"\361@)&\320\320MK\036\352\022\251K\242.\231\321\031"
  90      D0D04D4B 
  90      1EEA12A9 
  90      4BA22E99 
  90      D119
  91 01b9 298C4E49 		.ascii	")\214NI\245 \306\276\240\002*\221(\347\364\024\323`"
  91      A520C6BE 
  91      A0022A91 
  91      28E7F414 
  91      D360
  92 01cb D5D50C35 		.ascii	"\325\325\0145\344\222(K\350\226\020\026\272N\250\303"
  92      E492284B 
  92      E8961016 
  92      BA4EA8C3 
  93 01db 8608C58C 		.ascii	"\206\010\305\214\336<j\271\241*H\203el\211\320\211\331"
  93      DE3C6AB9 
  93      A12A4883 
  93      656C89D0 
  93      89D9
  94 01ed 4E43F578 		.ascii	"NC\365x,\314@&\321\026j\006\301F\234\212k\260)\340*"
  94      2CCC4026 
  94      D1166A06 
  94      C1469C8A 
  94      6BB029E0 
  95 0202 63D48C20 		.ascii	"c\324\214 qz\242\013\227u;\310\205[\327\005\037>5hk"
  95      717AA20B 
  95      97753BC8 
  95      855BD705 
  95      1F3E3568 
  96 0217 87B23912 		.ascii	"\207\2629\022\231}eT.\312SR&!\026\026\240,\235\031\031"
  96      997D6554 
  96      2ECA5352 
  96      26211616 
  96      A02C9D19 
  97 022c 1B7435C0 		.ascii	"\033t5\300\245*\251p\003\356aqw\221\345\270x\272\273"
  97      A52AA970 
  97      03EE6171 
  97      7791E5B8 
  97      78BABB
ARM GAS  /tmp/ccgtsRDr.s 			page 7


  98 023f 3DEC3437 		.ascii	"=\35447\323\205tC\003,\221\315\014\"`\222\244\372\230"
  98      D3857443 
  98      032C91CD 
  98      0C226092 
  98      A4FA98
  99 0252 C4043CCE 		.ascii	"\304\004<\316\022\361\244`\316\260!7\242\253\223\365"
  99      12F1A460 
  99      CEB02137 
  99      A2AB93F5 
 100 0262 A8FCDDAB 		.ascii	"\250\374\335\253\241DDc\311Z\0131,I\345\233\250v\012"
 100      A1444463 
 100      C95A0B31 
 100      2C49E59B 
 100      A8760A
 101 0275 65DB5832 		.ascii	"e\333X2\302+\271\242\353\210\250\303k^4l\261#RT\220"
 101      C22BB9A2 
 101      EB88A8C3 
 101      6B5E346C 
 101      B1235254 
 102 028a 7325A883 		.ascii	"s%\250\203\202RlC\226\316\304\024\245\256\303\201\236"
 102      82526C43 
 102      96CEC414 
 102      A5AEC381 
 102      9E
 103 029b B51DB8AF 		.ascii	"\265\035\270\257\034\240\317\011\364\242\003\357 0n"
 103      1CA0CF09 
 103      F4A203EF 
 103      20306E
 104 02aa 6D5A9190 		.ascii	"mZ\221\220\252j4\312\005\303o\207P\213\327y\3542H\216"
 104      AA6A34CA 
 104      05C36F87 
 104      508BD779 
 104      EC32488E 
 105 02be BDAAB1AB 		.ascii	"\275\252\261\253;\2616\252\353\242\203S\352\252\326"
 105      3BB136AA 
 105      EBA28353 
 105      EAAAD6
 106 02cd 21ABEF3F 		.ascii	"!\253\357?Y\255\364\"\310\035$\356\301\237\353\351\007"
 106      59ADF422 
 106      C81D24EE 
 106      C19FEBE9 
 106      07
 107 02de D33E30CA 		.ascii	"\323>0\312uU\2133P\235\304,\332\226\315\001\2007M\314"
 107      75558B33 
 107      509DC42C 
 107      DA96CD01 
 107      80374DCC 
 108 02f2 F697A269 		.ascii	"\366\227\242iZ\357h\001\3168\316\260~\201bq\207l\257"
 108      5AEF6801 
 108      CE38CEB0 
 108      7E816271 
 108      876CAF
 109 0305 D7DC53E0 		.ascii	"\327\334S\340?\352?p\350p\3166o\2167\3074K\312\361W"
 109      3FEA3F70 
 109      E870CE36 
 109      6F8E37C7 
 109      344BCAF1 
ARM GAS  /tmp/ccgtsRDr.s 			page 8


 110 031a E83F6A96 		.ascii	"\350?j\226\227\345\231y\005E\276\242\274\2222\2377\217"
 110      97E59979 
 110      0545BEA2 
 110      BC92329F 
 110      378F
 111 032c 69E5FE93 		.ascii	"i\345\376\223>\375H\241\377x\261\243$?\277\334W\241"
 111      3EFD48A1 
 111      FF78B1A3 
 111      243FBFDC 
 111      57A1
 112 033e 15FB4E54 		.ascii	"\025\373NT@\351/\012q\2343"
 112      40E92F0A 
 112      719C33
 113              		.text
 114              		.section	.gnu.lto_chCoreAllocAlignedWithOffset.5560a8cbb6e8fa84,"",%progbits
 115 0000 789C8593 		.ascii	"x\234\205\223[HTA\030\307\347\2339\273\353z\303\327"
 115      5B485441 
 115      18C7E79B 
 115      39BBEB7A 
 115      C3D7
 116 0012 A887F541 		.ascii	"\250\207\365AD\250=\011\201\324\233l/>H\241\317!y\332"
 116      44A83D09 
 116      81D49B6C 
 116      2F3E48A1 
 116      CF2179DA 
 117 0026 DA03AE2B 		.ascii	"\332\003\256+{,\252\027G\327\265\202\036\242\350b\004"
 117      7B2CAA17 
 117      47D7B582 
 117      1EA2E862 
 117      04
 118 0037 5221D945 		.ascii	"R!\331E7\355bf\352v\257\265\013EA\250\341\252E\367\260"
 118      37ED6266 
 118      EA76AFB5 
 118      0B4541A8 
 118      E1AA45F7 
 119 004c 308A42B7 		.ascii	"0\212B\267\357\033]\310\325\352\260\260sf\276\337w\371"
 119      EF1B5DC8 
 119      D5EAB0B0 
 119      7366BEDF 
 119      77F9
 120 005e FFE7680C 		.ascii	"\377\347h\014\030=>\215\261,\\.\3055\010\006|\337#\306"
 120      183D3E8D 
 120      B12C5C2E 
 120      C5350806 
 120      7CDF23C6 
 121 0072 EAD33800 		.ascii	"\352\3238\000-d\032\260:\016u\360\215Osx\322x\376\230"
 121      2D641AB0 
 121      3A0E75F0 
 121      8D4F7378 
 121      D278FE98 
 122 0086 98E2610C 		.ascii	"\230\342a\014\323\360\365\313\303\243\023\331\364\012"
 122      D3F0F5CB 
 122      C3A313D9 
 122      F40A
 123 0094 E0A2D3F7 		.ascii	"\340\242\323\367o\0323\012NI\331 \343\341\263\253\233"
 123      6F1A330A 
 123      4E49D920 
ARM GAS  /tmp/ccgtsRDr.s 			page 9


 123      E3E1B3AB 
 123      9B
 124 00a5 DBA25A58 		.ascii	"\333\242ZXp\226\340\014\332`\031\234\202eT\3424\024"
 124      7096E00C 
 124      DA60199C 
 124      826554E2 
 124      3414
 125 00b7 60EC89FA 		.ascii	"`\354\211\372\347\203YB\007\206\353]\355}\357\262\363"
 125      E7835942 
 125      0786EB5D 
 125      ED7DEFB2 
 125      F3
 126 00c8 5B8993DD 		.ascii	"[\211\223\335^\351\014\013\001g@\374\311\341\026\203"
 126      5EE90C0B 
 126      016740FC 
 126      C9E11683 
 127 00d8 B3908FD1 		.ascii	"\263\220\217\321\373~M\307\035b\225\"C\307\207\006\264"
 127      FB7E4DC7 
 127      1D629522 
 127      43C78706 
 127      B4
 128 00e9 59323A1C 		.ascii	"Y2:\034s7K\252\250\301\271TXc\320\256\340\251\003C\243"
 128      73374BAA 
 128      A8C1B954 
 128      5863D0AE 
 128      E0A90343 
 129 00fe D9628D82 		.ascii	"\331b\215\202\277_\2764h\233\203_\306V\314\302\002:"
 129      BF5FBE34 
 129      689B835F 
 129      C656CCC2 
 129      023A
 130 0110 16A91C81 		.ascii	"\026\251\034\201|\"\036D\367D\322E\261\242Gv\317tky"
 130      7C221E44 
 130      F744D245 
 130      B1A24776 
 130      CF746B79 
 131 0124 27153D1A 		.ascii	"'\025=\032\313D\272\321\205\323\302\371\3718=\030=\336"
 131      CB44BAD1 
 131      85D3C2F9 
 131      F9383D18 
 131      3DDE
 132 0136 397330CB 		.ascii	"9s0\313\336(\361qA'\344\221(\250E\027\330Qy\240\235"
 132      DE28F171 
 132      4127E491 
 132      28A84517 
 132      D85179A0 
 133 014b 48595426 		.ascii	"HYT&\022!l%\375\303\213\210\323\211\232\342\274\032"
 133      12216C25 
 133      FDC38B88 
 133      D3899AE2 
 133      BC1A
 134 015d 50E336A0 		.ascii	"P\3436\240\016\034L\221l\022Q\262\346\013\347\364/\306"
 134      0E1C4C91 
 134      6C1251B2 
 134      E60BE7F4 
 134      2FC6
 135 016f A121876A 		.ascii	"\241!\207j\264\306\236\016d\010\217\352n\352Hg\233s"
ARM GAS  /tmp/ccgtsRDr.s 			page 10


 135      B4C69E0E 
 135      64088FEA 
 135      6EEA4867 
 135      9B73
 136 0181 B6BB7877 		.ascii	"\266\273xw\323\206\346\027\257\244\334/!,lpaa\203p\021"
 136      D386E617 
 136      AFA4DC2F 
 136      212C6C70 
 136      61618370 
 137 0196 F2C88777 		.ascii	"\362\310\207w\262O#;m\340\202Kx\366\006\032\306\017"
 137      B24F233B 
 137      6DE0824B 
 137      78F6061A 
 137      C60F
 138 01a8 C73E17CD 		.ascii	"\307>\027\315\037 z\177\204\253\326\023\034Rf\213\216"
 138      1F207A7F 
 138      84ABD613 
 138      1C52668B 
 138      8E
 139 01b9 1D1B041B 		.ascii	"\035\033\004\033\203\313t\310S\017?\355\215\301\022"
 139      83CB74C8 
 139      530F3FED 
 139      8DC112
 140 01c8 AAC5A09B 		.ascii	"\252\305\240\233\002D\2522\014\256\200\035\333\351!"
 140      0244AA32 
 140      0CAE801D 
 140      DBE921
 141 01d7 59807D05 		.ascii	"Y\200}\005\272(-]?\322sC\274E\036A}\355\204\264O\364"
 141      BA282D5D 
 141      3FD27343 
 141      BC451E41 
 141      7DED84B4 
 142 01ed CA340D55 		.ascii	"\3124\015U\200\253\220\253\344\235\374\370l\230\343"
 142      80AB90AB 
 142      E49DFCF8 
 142      6C98E3
 143 01fc 0EF482A6 		.ascii	"\016\364\202\246:gpM\335\320\266\376\233\2573s\233\346"
 143      3A67704D 
 143      DDD0B6FE 
 143      9BAF3373 
 143      9BE6
 144 020e 6807C57E 		.ascii	"h\007\305~\355\350z\236\241\350>\242\241\03746\016\\"
 144      EDE87A9E 
 144      A1E83EA2 
 144      A11F3436 
 144      0E5C
 145 0220 89C0D85B 		.ascii	"\211\300\330[h\212\337\356(\240\361B\302\201\341==\037"
 145      688ADFEE 
 145      28A0F142 
 145      C281E13D 
 145      3D1F
 146 0232 871D75D3 		.ascii	"\207\035u\323r\267\2249a\221\226\340\370\271\300\000"
 146      72B79439 
 146      619196E0 
 146      F8B9C000 
 147 0242 D4B19010 		.ascii	"\324\261\220\020!\241\205\204-,\234\224@\231\211\006"
 147      21A18584 
ARM GAS  /tmp/ccgtsRDr.s 			page 11


 147      2D2C9C94 
 147      40998906 
 148 0252 21C69296 		.ascii	"!\306\222\226\314\267a\353\377l\210*\033\016\205o<v"
 148      CCB761EB 
 148      FF6C882A 
 148      1B0E856F 
 148      3C76
 149 0264 CCDAC0E0 		.ascii	"\314\332\300\340\372?lx\231\264\301\266P\310\033$\344"
 149      FA3F6C78 
 149      99B4C1B6 
 149      50C81B24 
 149      E4
 150 0275 02737E92 		.ascii	"\002s~\22297\011\261/4\347\023\232\023%sn\375\305\234"
 150      393709B1 
 150      2F34E713 
 150      9A132573 
 150      6EFDC59C 
 151 0289 DBCA9C3B 		.ascii	"\333\312\234;\177\2303\3232\326\237\221\324\375\272"
 151      7F9833D3 
 151      32D69F91 
 151      D4FDBA
 152 0298 D2FDAED2 		.ascii	"\322\375\256\322=U\344{I\221\251\000{\017\015\361\326"
 152      3D55E47B 
 152      4991A900 
 152      7B0F0DF1 
 152      D6
 153 02a9 C8139853 		.ascii	"\310\023\230S\231f\237\304\273\204\227\031\211\345n"
 153      99669FC4 
 153      BB849719 
 153      89E56E
 154 02b8 B7EEF199 		.ascii	"\267\356\361\231\225\346\272\362\212\302\325\356Bw\241"
 154      95E6BAF2 
 154      8AC2D5EE 
 154      4277A1
 155 02c7 AE072CFC 		.ascii	"\256\007,\374U\231\225\272\0254t\303\347\367\372\215"
 155      559995BA 
 155      153474C3 
 155      E7F7FA8D 
 156 02d7 40D0EB36 		.ascii	"@\320\3536\230f\231;\275\266\215U\346\226j{`\363f\313"
 156      9866993B 
 156      BDB68D55 
 156      E6966A7B 
 156      60F366CB 
 157 02eb 5B0B358E 		.ascii	"[\0135\216\312\215\226w}\320,Z<\221\021\360\373\003"
 157      CA8D9677 
 157      7DD02C5A 
 157      3C9111F0 
 157      FB03
 158 02fd D57A4D20 		.ascii	"\325zM Xk\351\305e\245\236\322\355\230\222\362Ul+\362"
 158      586BE9C5 
 158      65A59ED2 
 158      ED9892F2 
 158      556C2BF2 
 159 0311 BB7D6CED 		.ascii	"\273}l\355?9\357\366Z\242tOiyI\271\356AL/\2516\252\266"
 159      3F39EFF6 
 159      5AA2744F 
 159      697949B9 
ARM GAS  /tmp/ccgtsRDr.s 			page 12


 159      EE414C2F 
 160 0329 6EF2EA86 		.ascii	"n\362\352\206\3372\255\212-\206\201I\012\026O\022\254"
 160      DF32AD8A 
 160      2D868149 
 160      0A164F12 
 160      AC
 161 033a D5CD64B4 		.ascii	"\325\315d\264\317\332aadNiy\231\213Z\256\011\232\313"
 161      CFDA6161 
 161      644E6979 
 161      998B5AAE 
 161      099ACB
 162 034d 5D792B19 		.ascii	"]y+\031\0172\007N\030\010\356`\277\001L;\320f"
 162      0F32074E 
 162      1808EE60 
 162      BF014C3B 
 162      D066
 163              		.text
 164              		.section	.gnu.lto_chCoreGetStatusX.5560a8cbb6e8fa84,"",%progbits
 165 0000 789C9590 		.ascii	"x\234\225\220KKBA\024\307\347\314\334\207\004E\373\\"
 165      4B4B4241 
 165      14C7E7CC 
 165      DC870445 
 165      FB5C
 166 0012 B86921D4 		.ascii	"\270i!\324\275\011mZF\233vA}\200@\021\024\022A?\200"
 166      BD096D5A 
 166      469B7641 
 166      7D804011 
 166      1412413F 
 167 0027 A3D74BB9 		.ascii	"\243\327K\271\211Z\024\321\003\227\366Vi\223\256\"Z"
 167      895A14D1 
 167      0397F656 
 167      6993AE22 
 167      5A
 168 0038 F620C955 		.ascii	"\366 \311U-zP\0131\320\250\245\336\316\361\266\2126"
 168      2D7A500B 
 168      31D0A8A5 
 168      DECEF1B6 
 168      8A36
 169 004a 0D3373E6 		.ascii	"\0153s\346\374\347p~\377\031\205\001\243Q\307``\034"
 169      FCE7707E 
 169      FF198501 
 169      A351C760 
 169      601C
 170 005c C2058201 		.ascii	"\302\005\202\001_\271f,\355\341\000t\220\036`)\016)"
 170      5FB9662C 
 170      EDE10074 
 170      901E6029 
 170      0E29
 171 006e F8E21D0E 		.ascii	"\370\342\035\016\267\331\322\266\370\3446\226)\230\266"
 171      B7D9D2B6 
 171      F8E43696 
 171      2998B6
 172 007d AF365F06 		.ascii	"\2576_\006(\005\360a\272%k9\335_\2202#\037_O&W-{\332"
 172      2805F061 
 172      BA256B39 
 172      DD5F9032 
 172      231F5F4F 
ARM GAS  /tmp/ccgtsRDr.s 			page 13


 173 0096 169C399C 		.ascii	"\026\2349\234\301.x\241\000^B\354\201\237a\361s\271"
 173      C12E78A1 
 173      005E42EC 
 173      819F61F1 
 173      73B9
 174 00a8 BBD6AF65 		.ascii	"\273\326\257e%\016\037\225\340\315>hd\2518{&\035\307"
 174      250E1F95 
 174      E0CD3E68 
 174      64A9387B 
 174      261DC7
 175 00bb 92D2197B 		.ascii	"\222\322\031{\030\366pf\013!pS\024:\251t\322h\323\031"
 175      18F67066 
 175      0B217053 
 175      143AA974 
 175      D268D319 
 176 00cf 35672D5C 		.ascii	"5g-\\d\264\3159E\361\006\231j\371\275\246S7K\220\351"
 176      64B4CD39 
 176      45F10699 
 176      6AF9BDA6 
 176      53374B90 
 177 00e4 75FBFC46 		.ascii	"u\373\374F'\227*\020\270Ri\336\353\251\216\\\222r\020"
 177      27972A10 
 177      B85269DE 
 177      EBA98E5C 
 177      927210
 178 00f7 B59C4024 		.ascii	"\265\234@$\312\215\313\372E_\036v\322\262\247kp\210"
 178      CA8DCBFA 
 178      455F1E76 
 178      D2B2A76B 
 178      7088
 179 0109 8F3E20CB 		.ascii	"\217> \313x\271|Z\312y\314Q\344\303\021\344\241Kv\031"
 179      78B97C5A 
 179      CA79CC51 
 179      E4C311E4 
 179      A14B7619 
 180 011d 1C83C910 		.ascii	"\034\203\311\020\367\261\330T\\\232@ )\325\247qWP\376"
 180      F7B1D854 
 180      5C9A4020 
 180      29D5A771 
 180      5750FE
 181 0130 C12BFECD 		.ascii	"\301+\376\315+\365x\364/P\376\315S\221\200\212\265\241"
 181      2BF578F4 
 181      2F50FECD 
 181      5391808A 
 181      B5A1
 182 0142 B9B96B41 		.ascii	"\271\271kAu\213\356\300\025u\324Y\003\370OF\316[\330"
 182      758BEEC0 
 182      1575D459 
 182      03F84F46 
 182      CE5BD8
 183 0155 0FFF0A5F 		.ascii	"\017\377\012_1b\030\346T$\032\214\316\314\315\007&\214"
 183      316218E6 
 183      54241A8C 
 183      CECCCD07 
 183      268C
 184 0167 801130CD 		.ascii	"\200\0210\315x\022\347B4h&\023!3\024\211\205c\241x\""
 184      7812E742 
ARM GAS  /tmp/ccgtsRDr.s 			page 14


 184      34682613 
 184      21331489 
 184      8563A178 
 185 017c 6C84D837 		.ascii	"l\204\3307\221R\246\025"
 185      9152A615 
 186              		.text
 187              		.section	.gnu.lto_.symbol_nodes.5560a8cbb6e8fa84,"",%progbits
 188 0000 789C558A 		.ascii	"x\234U\212\321\021@0\024\004\357m\222\006T@}\212x\250"
 188      D1114030 
 188      1404EF6D 
 188      92065440 
 188      7D8A78A8 
 189 0014 4017085A 		.ascii	"@\027\010Z\321\203F\214\3443\367\2633\273\027e\032U"
 189      D183468C 
 189      E433F7B3 
 189      33BB1765 
 189      1A55
 190 0026 C68E4BEB 		.ascii	"\306\216K\353#\025\344i\220\322\206\346\256\244ta}\345"
 190      2315E469 
 190      90D286E6 
 190      AEA47461 
 190      7DE5
 191 0038 0D951CB8 		.ascii	"\015\225\034\2705W2NkN<4&\244\250\345\375L?\255v\027"
 191      3557324E 
 191      6B4E3C34 
 191      26A4A8E5 
 191      FD4C3FAD 
 192 004e 22       		.ascii	"\""
 193              		.text
 194              		.section	.gnu.lto_.refs.5560a8cbb6e8fa84,"",%progbits
 195 0000 789C1DC7 		.ascii	"x\234\035\307\301\011\000 \014\305\320\344\267x\026"
 195      C1090020 
 195      0CC5D0E4 
 195      B77816
 196 000f DCC0FD87 		.ascii	"\334\300\375\207\264x\311#\215\\\240Q\223\237J\315."
 196      B478C923 
 196      8D5CA051 
 196      939F4ACD 
 196      2E
 197 0020 DC7A328A 		.ascii	"\334z2\212\305\003\013w\000\201"
 197      C5030B77 
 197      0081
 198              		.text
 199              		.section	.gnu.lto_.decls.5560a8cbb6e8fa84,"",%progbits
 200 0000 789C8556 		.ascii	"x\234\205VkP\024W\026\356\323=00\314\240\205\356\226"
 200      6B501457 
 200      16EED33D 
 200      3030CCA0 
 200      85EE96
 201 0013 3F304559 		.ascii	"?0EY\244d\253V\006\362(\335\177q\311&Z\265.V\210&U\273"
 201      A464AB56 
 201      06F228DD 
 201      7F71C926 
 201      5AB52E56 
 202 002b 555DC330 		.ascii	"U]\3030f\246\002\203\305\014\233\230?\333( +\326\012"
 202      66A60283 
 202      C50C9B98 
ARM GAS  /tmp/ccgtsRDr.s 			page 15


 202      3FDB2820 
 202      2BD60A
 203 003e 8918033E 		.ascii	"\211\030\003>\020\214\362\020\201\240\200\020\315\004"
 203      108CF210 
 203      81A08010 
 203      CD04
 204 004c 82F25C10 		.ascii	"\202\362\\\020\037<\224\207\012J4\022\236A0\300\236"
 204      1F3C9487 
 204      0A4A3412 
 204      9E4130C0 
 204      9E
 205 005d 7B6F0FDD 		.ascii	"{o\017\335\030p\033\316\364\275\267\317\371\316w\316"
 205      18701BCE 
 205      F4BDB7CF 
 205      F9CE77CE 
 206 006d 3DF7A1E1 		.ascii	"=\367\241\341\200#\217K\317qU<\307\035\306\356<>\036"
 206      80238F4B 
 206      CF71553C 
 206      C71DC6EE 
 206      3C3E1E
 207 0080 38B69353 		.ascii	"8\266\223S\036\015J\021J%J\025\312e\024\001\345\006"
 207      1E0D4A11 
 207      4A254A15 
 207      CA651401 
 207      E506
 208 0092 CA6D944E 		.ascii	"\312m\224Nn\361Ct=e\214[(](\355(\215(\335(\350\212k"
 208      6EF14374 
 208      3D658C5B 
 208      285D28ED 
 208      288D28DD 
 209 00aa 46694501 		.ascii	"FiE\001Y\377ex\304\257\027\212\037\312j\224\035(e(\341"
 209      59FF6578 
 209      C4AF178A 
 209      1FCA6A94 
 209      1D286528 
 210 00bf 32A61BFF 		.ascii	"2\246\033\377E\334Jy\354G\031[\375\2208t\313`\216\240"
 210      45DC4A79 
 210      EC47195B 
 210      FD903874 
 210      CB608EA0 
 211 00d3 4CA2CCA0 		.ascii	"L\242\314\240<G\251\220m\264\262\335,\312<\212\0070"
 211      3C47A990 
 211      6DB4B2DD 
 211      2CCA3C8A 
 211      0730
 212 00e5 1F5A7C7B 		.ascii	"\037Z|{\003\367\233\347\262l\343\366Q&\363\335\376\002"
 212      03F79BE7 
 212      B26CE3F6 
 212      5126F3DD 
 212      FE02
 213 00f7 E7569937 		.ascii	"\347V\2317\3106\260\004\337Y\036\012\332\317\0354\334"
 213      C836B004 
 213      DF591E0A 
 213      DACF1D34 
 213      DC
 214 0108 812E000E 		.ascii	"\201.\000\016`%\340K\236?\216\214\310o\322\000\326\341"
 214      6025E04B 
ARM GAS  /tmp/ccgtsRDr.s 			page 16


 214      9E3F8E8C 
 214      C86FD200 
 214      D6E1
 215 011a 39198B69 		.ascii	"9\031\213i-\020\004\372\207\377<\325\007\325\207Ez\264"
 215      2D1004FA 
 215      87FF3CD5 
 215      07D58745 
 215      7AB4
 216 012c 16E8A30C 		.ascii	"\026\350\243\014\301\302\343\326\204\305\240\004U\351"
 216      C1C2E3D6 
 216      84C5A004 
 216      55E9
 217 013a 629F570C 		.ascii	"b\237W\014Tx2{\331?\250\335Rh\301\035\364\343\322\273"
 217      5478327B 
 217      D93FA8DD 
 217      5268C11D 
 217      F4E3D2BB 
 218 014e A77C05C4 		.ascii	"\247|\005\304\304v\337t\336;\301\347$|\322$\211_\253"
 218      C476DF74 
 218      DE3BC1E7 
 218      247CD224 
 218      895FAB
 219 0161 64E67A62 		.ascii	"d\346zb\3111a\202\007?\035h\260;\332\222\371\300\027"
 219      C9316182 
 219      073F1D68 
 219      B03BDA92 
 219      F9C017
 220 0174 BBAB7510 		.ascii	"\273\253u\020\200\335\331\206\254L~\315\021j\267O\012"
 220      80DDD986 
 220      AC4C7ECD 
 220      116AB74F 
 220      0A
 221 0185 D0C0CEDF 		.ascii	"\320\300\316\337C!\370C\001\370\243\267s\260\006\177"
 221      4321F843 
 221      01F8A3B7 
 221      73B0067F 
 222 0195 23350CE9 		.ascii	"#5\014\351br\363\373\353\262\245\354\022\251\277\347"
 222      6272F3FB 
 222      EBB2A5EC 
 222      12A9BFE7 
 223 01a5 B4E1C83E 		.ascii	"\264\341\310>\251\036\255\002\210\022\344\201\000\371"
 223      A91EAD02 
 223      8812E481 
 223      00F9
 224 01b3 104C1862 		.ascii	"\020L\030b\223\274\316\302\035\344^\004\353\3200\251"
 224      93BCCEC2 
 224      1DE45E04 
 224      EBD030A9 
 225 01c3 B1D32984 		.ascii	"\261\323)\204Q\232=\365\371\205\204M\270\016H\260+p"
 225      519A3DF5 
 225      F985844D 
 225      B80E48B0 
 225      2B70
 226 01d5 A8F8A74B 		.ascii	"\250\370\247K\323\0066D4NO\377\\\241\027L\244\315\017"
 226      D3063644 
 226      344E4FFF 
 226      5CA1174C 
ARM GAS  /tmp/ccgtsRDr.s 			page 17


 226      A4CD0F
 227 01e8 55959F10 		.ascii	"U\225\237\020 Hw\206\360\353/\335\377\217\361$\014\016"
 227      20487786 
 227      F0EB2FDD 
 227      FF8FF124 
 227      0C0E
 228 01fa CA4007A5 		.ascii	"\312@\007\245\212\307pR\253)\222\264\227\204\340\267"
 228      8AC77052 
 228      AB2992B4 
 228      9784E0B7 
 229 020a 855B0800 		.ascii	"\205[\010\000\276\201 \002K\364\240\004\007\213q\020"
 229      BE812002 
 229      4BF4A004 
 229      078B7110 
 230 021a 5DD4DF1F 		.ascii	"]\324\337\037\377L\203\025@\2010:\034\272t\245\240\317"
 230      FF4C8315 
 230      4081303A 
 230      1CBA74A5 
 230      A0CF
 231 022c 978EA1FE 		.ascii	"\227\216\241\376\005\240cO\323\362\233aA\357\"\033<"
 231      05A0634F 
 231      D3F29B61 
 231      41EF221B 
 231      3C
 232 023d 59DDFA40 		.ascii	"Y\335\372@\257N\330\016\275*a\0254a\345 gl\274\273="
 232      AF4ED80E 
 232      BD2A6115 
 232      3461E520 
 232      676CBCBB 
 233 0252 6705A6AC 		.ascii	"g\005\246\254\237\244,{\305\227\356\224\241\032\234"
 233      9FA42C7B 
 233      C597EE94 
 233      A11A9C
 234 0261 570238AF 		.ascii	"W\0028\257NY%M\331\355'\025gA\310\002\232\222\362\257"
 234      4E59254D 
 234      D9ED2715 
 234      6741C802 
 234      9A92F2AF 
 235 0275 0B9A7C18 		.ascii	"\013\232|\030\214\253\263Q/\245%H\322[\024\344\222\002"
 235      8CABB351 
 235      2FA52548 
 235      D25B14E4 
 235      9202
 236 0287 72490D52 		.ascii	"rI\015REA\212GK\262\264B%\003Ih\372\252\332CM\234\004"
 236      45418A47 
 236      4BB2B442 
 236      25034968 
 236      FAAADA43 
 237 029e A530FF76 		.ascii	"\2450\377v\321T7\265\017\366j\331\\\273N\246\352\277"
 237      D15437B5 
 237      0FF66AD9 
 237      5CBB4EA6 
 237      EABF
 238 02b0 925C8968 		.ascii	"\222\\\211h\347G\264\240Z\361Y\255\366y\231\372<:4\350"
 238      E747B4A0 
 238      5AF159AD 
 238      F67999FA 
ARM GAS  /tmp/ccgtsRDr.s 			page 18


 238      3C3A34E8 
 239 02c4 D2090DCC 		.ascii	"\322\011\015\314gf\365D\243\007\253=/\354V\014\027V"
 239      6766F544 
 239      A307AB3D 
 239      2FEC560C 
 239      1756
 240 02d6 1858EDB9 		.ascii	"\030X\355\271h\375\246N\226\361\302M\246[\2344\220\357"
 240      68FDA64E 
 240      96F1C24D 
 240      A65B9C34 
 240      90EF
 241 02e8 851FFDB1 		.ascii	"\205\037\375\2612@U\026\376\254,.\270\306\2134\302]"
 241      32405516 
 241      FEAC2C2E 
 241      B8C68B34 
 241      C25D
 242 02fa AACB5F2F 		.ascii	"\252\313_/\353\252\363^\250\213\343\255\257TJ\322J\270"
 242      EBAAF35E 
 242      A88BE3AD 
 242      AF544AD2 
 242      4AB8
 243 030c 8A01FDA0 		.ascii	"\212\001\375\240\220\363_(\213\221\034\311s\015\007"
 243      90F35F28 
 243      8B911CC9 
 243      730D07
 244 031b AFFB4308 		.ascii	"\257\373C\010\026E\035\026\205\277\\\024\265\030\177"
 244      16451D16 
 244      85BF5C14 
 244      B5187F
 245 032a 0D2B8AFC 		.ascii	"\015+\212\374\223y?\030\204\303t5\361O\017?IQ\012o\372"
 245      93793F18 
 245      84C37435 
 245      F14F0F3F 
 245      49510A6F 
 246 033f 73FF42E2 		.ascii	"s\377B\342\240\001\035\\S\034\240\277\245=\324/\355"
 246      A0011D5C 
 246      531CA0BF 
 246      A53DD42F 
 246      ED
 247 0350 613E73F4 		.ascii	"a>s\364\250V\177`\241P)\2362\003\215\240\227\227\354"
 247      A8567F60 
 247      A150299E 
 247      32038DA0 
 247      9797EC
 248 0363 6846D717 		.ascii	"hF\327\027\202\360\035\245\242)\235\313\252\361\204"
 248      82F01DA5 
 248      A2299DCB 
 248      AAF184
 249 0372 C0554181 		.ascii	"\300UA\2019\304\262\377\370\355\235\337\347&Ki&b\000"
 249      39C4B2FF 
 249      F8ED9DDF 
 249      E7264B69 
 249      266200
 250 0385 DF239D16 		.ascii	"\337#\235\026X\245\224\274\221@\205\342\017\227N\247"
 250      58A594BC 
 250      914085E2 
 250      0F974EA7 
ARM GAS  /tmp/ccgtsRDr.s 			page 19


 251 0395 DA254958 		.ascii	"\332%IX\215\340\302\357\337Q7D\033\231\301\177\221d"
 251      8DE0C2EF 
 251      DF513744 
 251      1B99C17F 
 251      9164
 252 03a7 3304422B 		.ascii	"3\004B+\004\322\255\202\206\352\272qU/I^D\211\223\303"
 252      04D2AD82 
 252      86EABA71 
 252      552F495E 
 252      448993C3 
 253 03bb 240FF5EC 		.ascii	"$\017\365\354\032O\366%\205 P\307MK:.$.H\010m\265\335"
 253      1A4FF625 
 253      852050C7 
 253      4D4B3A2E 
 253      242E4808 
 254 03d2 298230C5 		.ascii	")\2020\305\2629\3253\334\341\005A\253\230\213\311\253"
 254      B239D533 
 254      DCE10541 
 254      AB988BC9 
 254      AB
 255 03e3 405CB4A3 		.ascii	"@\\\264\243q\233\222L\342q\031\316p\035\251.G\033}u"
 255      719B924C 
 255      E27119CE 
 255      701DA92E 
 255      471B7D75 
 256 03f7 E5B7D7F9 		.ascii	"\345\267\327\371\276\232+e\343\012\351\031\372;bl\241"
 256      BE9A2B65 
 256      E30AE919 
 256      FA3B626C 
 256      A1
 257 0408 E85718BA 		.ascii	"\350W\030\272*\366+\244^\341\006\274\212V\035\003\027"
 257      2AF62BA4 
 257      5EE106BC 
 257      8A561D03 
 257      17
 258 0419 700F4910 		.ascii	"p\017I\020hu5\035\234\033\343\375\322\344\355\363- "
 258      6875351D 
 258      9C1BE3FD 
 258      D2E4EDF3 
 258      2D20
 259 042b 5343F7DB 		.ascii	"SC\367\333[\340\267\260\223f\366\344\346\021?\375\030"
 259      5BE0B7B0 
 259      9366F6E4 
 259      E6113FFD 
 259      18
 260 043c 4447F2EF 		.ascii	"DG\362\357\022\244\032 \337\341&\260\035\2315\3406\205"
 260      12A41A20 
 260      DFE126B0 
 260      1D9935E0 
 260      3685
 261 044e 9F3C303E 		.ascii	"\237<0>h\020\0161\370\213\327\212\367\032d\313\316w"
 261      68100E31 
 261      F88BD78A 
 261      F71A64CB 
 261      CE77
 262 0460 5C21D4AC 		.ascii	"\\!\324\254\303mF\033\320I\315\036\337,\317\360Q\327"
 262      C36D461B 
ARM GAS  /tmp/ccgtsRDr.s 			page 20


 262      D049CD1E 
 262      DF2CCFF0 
 262      51D7
 263 0472 48BB2AC7 		.ascii	"H\273*\307\034\236o\264F\310\033\225\307\306\216\036"
 263      1C9E6FB4 
 263      46C81B95 
 263      C7C68E1E 
 264 0482 37A89509 		.ascii	"7\250\225\011\254\242\334-+wS\345\214\224\271\031\037"
 264      ACA2DC2D 
 264      2B7753E5 
 264      8C94B919 
 264      1F
 265 0493 E1182354 		.ascii	"\341\030#T\265\257\260\304\300\026\346+\330MN\277\237"
 265      B5AFB0C4 
 265      C016E62B 
 265      D84D4EBF 
 265      9F
 266 04a4 2B1F0A23 		.ascii	"+\037\012#d\355\235j\031?\242\023\012\230n\316PK\203"
 266      64ED9D6A 
 266      193FA213 
 266      0A986ECE 
 266      504B83
 267 04b7 BC88D712 		.ascii	"\274\210\327\022\323\372\271~^\227\"\357#\350\324O]"
 267      D3FAB97E 
 267      5E9722EF 
 267      23E8D44F 
 267      5D
 268 04c8 C4FD246F 		.ascii	"\304\375$oX\013\320\307j\376\326\263\3133z\241\214\""
 268      580BD0C7 
 268      6AFED6B3 
 268      CB337AA1 
 268      8C22
 269 04da 69CAF6F6 		.ascii	"i\312\366\366\235\362\205 \177@u`k\213\034V\034\014"
 269      9DF28520 
 269      7F407560 
 269      6B8B1C56 
 269      1C0C
 270 04ec E242B827 		.ascii	"\342B\270'\247\003\237L\011\341G\376E\206\261\355E\337"
 270      A7039F4C 
 270      09E147FE 
 270      4586B1ED 
 270      45DF
 271 04fe 4B2CB3FB 		.ascii	"K,\263\373X\012\203\324\337\000\002>`\016\017|y\347"
 271      580A83D4 
 271      DF00023E 
 271      600E0F7C 
 271      79E7
 272 0510 94563D93 		.ascii	"\224V=\223\004\273\007\277\337\245\374\036\222\371d"
 272      04BB07BF 
 272      DFA5FC1E 
 272      92F964
 273 051f 2C8976F7 		.ascii	",\211v\367\265\346DO\235\214\235\366\377\260\033\246"
 273      B5E6444F 
 273      9D8C9DF6 
 273      FFB01BA6 
 274 052f F3DF5443 		.ascii	"\363\337TC?z\031\364\255\336\322\031\037\234\363\266"
 274      3F7A19F4 
ARM GAS  /tmp/ccgtsRDr.s 			page 21


 274      ADDED219 
 274      1F9CF3B6 
 275 053f 6CC9D573 		.ascii	"l\311\325s\015\022\262]\011\0010\204\023\324\213e\211"
 275      0D12B25D 
 275      09013084 
 275      13D48B65 
 275      89
 276 0550 9BBCCAF2 		.ascii	"\233\274\312\362\016\216\274\217i\370\221\226\200\373"
 276      0E8EBC8F 
 276      69F89196 
 276      80FB
 277 055e 885CFFDB 		.ascii	"\210\\\377\333#r=\333\013\333\017\215\235\306}\235&"
 277      23723DDB 
 277      0BDB0F8D 
 277      9DC67D9D 
 277      26
 278 056f 952F4C7F 		.ascii	"\225/L\177\322\256\336\013\337N\337O\316\310a\344\366"
 278      D2AEDE0B 
 278      DF4EDF4F 
 278      CEC861E4 
 278      F6
 279 0580 93B2BCD6 		.ascii	"\223\262\274\326/{F>\305H\327\313\233\325\023\034|,"
 279      2F7B463E 
 279      C548D7CB 
 279      9BD5131C 
 279      7C2C
 280 0592 6F87A7D3 		.ascii	"o\207\247\323s<\205Z\346\243\340|\353U-\350\202\226"
 280      733C855A 
 280      E6A3E07C 
 280      EB552DE8 
 280      8296
 281 05a4 04185D02 		.ascii	"\004\030]\002\300\275o\276q\216\354\233#\310\345g\205"
 281      C0BD6FBE 
 281      718EEC9B 
 281      23C8E567 
 281      85
 282 05b5 CB304D11 		.ascii	"\3130M\021\031E?\315gr\023\274\227-\2471w9\205PRu\363"
 282      19453FCD 
 282      677213BC 
 282      972DA731 
 282      77398550 
 283 05cc 53AE15AC 		.ascii	"S\256\025\254\024y\222\207\221\346\343>\254lWb\267\361"
 283      14799287 
 283      91E6E33E 
 283      AC6C5762 
 283      B7F1
 284 05de FAE366F7 		.ascii	"\372\343f\367\324\273\334S?\201X\343\024k\222\316\317"
 284      D4BBDC53 
 284      3F8158E3 
 284      146B92CE 
 284      CF
 285 05ef 18738E1D 		.ascii	"\030s\216\035\264\030x^T\345\313\360<I\314\355\3239"
 285      B418785E 
 285      54E5CBF0 
 285      3C49CCED 
 285      D339
 286 0601 DA65B94C 		.ascii	"\332e\271L\271\271\374\30224q iJ\276Xi\261\233\367\360"
ARM GAS  /tmp/ccgtsRDr.s 			page 22


 286      B9B9FCC2 
 286      32347120 
 286      694ABE58 
 286      69B19BF7 
 287 0616 D87FF48C 		.ascii	"\330\177\364\214\314&\354v\036\032\177\304\277X\207"
 287      CC26EC76 
 287      1E1A7FC4 
 287      BF5887
 288 0625 D308F68C 		.ascii	"\323\010\366\214\202\315P2S\214\314\014%31\322w\226"
 288      82CD5032 
 288      538CCC0C 
 288      253331D2 
 288      7796
 289 0637 57AF6672 		.ascii	"W\257fr\300+\356\237\343\246+'\3609]\320\007\223\012"
 289      C02BEE9F 
 289      E3A62B27 
 289      F0395DD0 
 289      07930A
 290 064a 12B44233 		.ascii	"\022\264B3[\244#\315\345\035^x`\273\360\246q\2677*\203"
 290      5BA423CD 
 290      E51D5E78 
 290      60BBF0A6 
 290      71B7372A 
 291 065f DE34D202 		.ascii	"\3364\322\002\351\345\354W%\365\277\252\017\354Yz`\237"
 291      E9E5EC57 
 291      25F5BFAA 
 291      0FEC597A 
 291      609F
 292 0671 997A96EA 		.ascii	"\231z\226\352+H\032\012\323\333\320b\226Q.\334\337\236"
 292      2B481A0A 
 292      D3DBD062 
 292      96512EDC 
 292      DF9E
 293 0683 45CE9904 		.ascii	"E\316\231\004){\013\275\011\302\234\2023\247\306\231"
 293      297B0BBD 
 293      09C29C82 
 293      33A7C699 
 294 0693 A7381D0F 		.ascii	"\2478\035\017k\242\204\032\006SPt\242\304Whc\235\324"
 294      6BA2841A 
 294      06535074 
 294      A2C45768 
 294      639DD4
 295 06a6 9ADA639E 		.ascii	"\232\332c\236x\215\202\004^`K\343^m\206\304.[#\013\027"
 295      788D8204 
 295      5E604BE3 
 295      5E6D86C4 
 295      2E5B230B 
 296 06bb B0B67B95 		.ascii	"\260\266{\225Y\372e/\242\211<\271\235\354\343\345\353"
 296      59FA652F 
 296      A2893CB9 
 296      9DECE3E5 
 296      EB
 297 06cc 4967C95C 		.ascii	"Ig\311\\\266\257\314s\366\341\207\263\277\014H\322\347"
 297      B6AFCC73 
 297      F6E187B3 
 297      BF0C48D2 
 297      E7
ARM GAS  /tmp/ccgtsRDr.s 			page 23


 298 06dd 929408AB 		.ascii	"\222\224\010\253\211&H\274L\024\366\362\032\322S\270"
 298      892648BC 
 298      4C14F6F2 
 298      1AD253B8 
 299 06ed 26F1846B 		.ascii	"&\361\204k\333p\365A\037!\327\203\335\256\356\265f\273"
 299      DB70F541 
 299      1F21D783 
 299      DDAEEEB5 
 299      66BB
 300 06ff 53D7D36B 		.ascii	"S\327\323k\257\373zQ\320\311\374B\320\311j\240\375\024"
 300      AFFB7A51 
 300      D0C9FC42 
 300      D0C96AA0 
 300      FD14
 301 0711 A8FFE4A3 		.ascii	"\250\377\344\243/\014B1\003\312M\275Q\346\243d\357\304"
 301      2F0C4231 
 301      03CA4DBD 
 301      51E6A364 
 301      EFC4
 302 0723 E2ECA528 		.ascii	"\342\354\245(@)j\240\177\363\3538\235h\216\215\263\210"
 302      40296AA0 
 302      7FF3EB38 
 302      9D688E8D 
 302      B388
 303 0735 36BBCDE9 		.ascii	"6\273\315\351\365\356\337v\004\204\205\206r\177\014"
 303      F5EEDF76 
 303      04848586 
 303      727F0C
 304 0744 0E368659 		.ascii	"\0166\206Ym\221\266\360\0101\364O\301\241\301\241Fc"
 304      6D91B6F0 
 304      0831F44F 
 304      C1A1C1A1 
 304      4663
 305 0756 AC03FFA3 		.ascii	"\254\003\377\243m\221FG\234\331h\266\306Xb\210]\260"
 305      6D914647 
 305      9CD968B6 
 305      C6586288 
 305      5DB0
 306 0768 995B6BB6 		.ascii	"\231[k\266\206akstt\254ys\264\355#\273%\352\003\233"
 306      86616B73 
 306      7474AC79 
 306      73B4ED23 
 306      BB25EA03 
 307 077d D31ABE6B 		.ascii	"\323\032\276k\227\303\342\334\352\351\260}f\021\235"
 307      97C3E2DC 
 307      EAE9B07D 
 307      66119D
 308 078c AF19E31D 		.ascii	"\257\031\343\035qFb\376\221\331l4\305\305l\260\307\332"
 308      714662FE 
 308      91D96C34 
 308      C5C56CB0 
 308      C7DA
 309 079e 2D1B2CA6 		.ascii	"-\033,\246H\233\361\315\3407\320\201\315n\216\216\217"
 309      489BF1CD 
 309      E037D081 
 309      CD6E8E8E 
 309      8F
ARM GAS  /tmp/ccgtsRDr.s 			page 24


 310 07af B2181DCE 		.ascii	"\262\030\035\316\250(\313\256`+\347\3772\334\225\354"
 310      A828CBAE 
 310      602BE7FF 
 310      32DC95EC 
 311 07bf E3BB1667 		.ascii	"\343\273\026g\204\323\344\214w|\2503[E\231\223\326"
 311      84D3E48C 
 311      777CA833 
 311      5B459993 
 311      D6
 312 07d0 6EF9D489 		.ascii	"n\371\324\211moQ\214\267\331\235\233D\347\006\352\335"
 312      6D6F518C 
 312      B7D99D9B 
 312      44E706EA 
 312      DD
 313 07e1 EDC16EF9 		.ascii	"\355\301n\371\204\020\2111\231\2556\273\305(\242;S|"
 313      84108931 
 313      99AD36BB 
 313      C528A23B 
 313      537C
 314 07f3 B45374EE 		.ascii	"\264St\356\331mq\240c\255l\265n)+\307\036\207QD\216"
 314      D96D71A0 
 314      63AD6CB5 
 314      6E292BC7 
 314      1E875144 
 315 0808 A882AA9E 		.ascii	"\250\202\252\236\026{\024z\012yY\276\334\000J\316\254"
 315      167B147A 
 315      0A7959BE 
 315      DC004ACE 
 315      AC
 316 0819 9CB7DC14 		.ascii	"\234\267\334\024\235\006Q\264ZL\273\305H\223\303\"\212"
 316      9D0651B4 
 316      5A4CBBC5 
 316      4893C322 
 316      8A
 317 082a 7AB987B0 		.ascii	"z\271\207\260\242\210\237v\305\333\315\242\030\2741"
 317      A2889F76 
 317      C5DBCDA2 
 317      18BC31
 318 0839 34649397 		.ascii	"4d\223\227\273\2471[Mq:\026\333\353\257\211N/w\303\333"
 318      BBA7315B 
 318      4D713A16 
 318      DBEBAF89 
 318      4E2F77C3 
 319 084e 6C8DD8E3 		.ascii	"l\215\330\343\370k\254\371\343?,\315'\316\251\"\203"
 319      F86BACF9 
 319      E33F2CCD 
 319      27CEA922 
 319      83
 320 085f 811022BB 		.ascii	"\201\020\"\273c\343\234\"f\370\343\215K\333\230ccbb"
 320      63E39C22 
 320      66F8E38D 
 320      4BDB9863 
 320      636262
 321 0872 ED46A2E6 		.ascii	"\355F\242\3460n~o[\330\266O\321\230r\377\347\306\030"
 321      306E7E6F 
 321      5BD8B64F 
 321      D19872FF 
ARM GAS  /tmp/ccgtsRDr.s 			page 25


 321      E7C618
 322 0885 44409638 		.ascii	"D@\2268\037\342\2377G\374e\373{[\015\246\350OL{\034"
 322      1FE29F37 
 322      47FC65FB 
 322      7B5B0DA6 
 322      E84F4C7B 
 323 089a 584ED198 		.ascii	"XN\321\230\333\267_\212\211\263D\020\215a\333\"\266"
 323      DBB75F8A 
 323      89B34410 
 323      8D61DB22 
 323      B6
 324 08ab 4618C974 		.ascii	"F\030\311t\032\267\272\351\3058l\016\021K\005\035\370"
 324      1AB7BAE9 
 324      C5386C0E 
 324      114B051D 
 324      F8
 325 08bc D0B076D8 		.ascii	"\320\260v\330\011I\037J7\236\266\377\007\233l\334\273"
 325      09491F4A 
 325      379EB6FF 
 325      079B6CDC 
 325      BB
 326              		.text
 327              		.section	.gnu.lto_.symtab.5560a8cbb6e8fa84,"",%progbits
 328 0000 5F636F72 		.ascii	"_core_init\000"
 328      655F696E 
 328      697400
 329 000b 00       		.ascii	"\000"
 330 000c 00       		.ascii	"\000"
 331 000d 00       		.ascii	"\000"
 332 000e 00000000 		.ascii	"\000\000\000\000\000\000\000\000"
 332      00000000 
 333 0016 AD000000 		.ascii	"\255\000\000\000"
 334 001a 63685F6D 		.ascii	"ch_memcore\000"
 334      656D636F 
 334      726500
 335 0025 00       		.ascii	"\000"
 336 0026 00       		.ascii	"\000"
 337 0027 00       		.ascii	"\000"
 338 0028 00000000 		.ascii	"\000\000\000\000\000\000\000\000"
 338      00000000 
 339 0030 D3000000 		.ascii	"\323\000\000\000"
 340 0034 6368436F 		.ascii	"chCoreAllocAlignedWithOffsetI\000"
 340      7265416C 
 340      6C6F6341 
 340      6C69676E 
 340      65645769 
 341 0052 00       		.ascii	"\000"
 342 0053 00       		.ascii	"\000"
 343 0054 00       		.ascii	"\000"
 344 0055 00000000 		.ascii	"\000\000\000\000\000\000\000\000"
 344      00000000 
 345 005d B8000000 		.ascii	"\270\000\000\000"
 346 0061 6368436F 		.ascii	"chCoreAllocAlignedWithOffset\000"
 346      7265416C 
 346      6C6F6341 
 346      6C69676E 
 346      65645769 
ARM GAS  /tmp/ccgtsRDr.s 			page 26


 347 007e 00       		.ascii	"\000"
 348 007f 00       		.ascii	"\000"
 349 0080 00       		.ascii	"\000"
 350 0081 00000000 		.ascii	"\000\000\000\000\000\000\000\000"
 350      00000000 
 351 0089 BA000000 		.ascii	"\272\000\000\000"
 352 008d 6368436F 		.ascii	"chCoreGetStatusX\000"
 352      72654765 
 352      74537461 
 352      74757358 
 352      00
 353 009e 00       		.ascii	"\000"
 354 009f 00       		.ascii	"\000"
 355 00a0 00       		.ascii	"\000"
 356 00a1 00000000 		.ascii	"\000\000\000\000\000\000\000\000"
 356      00000000 
 357 00a9 BD000000 		.ascii	"\275\000\000\000"
 358 00ad 5F5F6865 		.ascii	"__heap_base__\000"
 358      61705F62 
 358      6173655F 
 358      5F00
 359 00bb 00       		.ascii	"\000"
 360 00bc 02       		.ascii	"\002"
 361 00bd 00       		.ascii	"\000"
 362 00be 00000000 		.ascii	"\000\000\000\000\000\000\000\000"
 362      00000000 
 363 00c6 D6000000 		.ascii	"\326\000\000\000"
 364 00ca 5F5F6865 		.ascii	"__heap_end__\000"
 364      61705F65 
 364      6E645F5F 
 364      00
 365 00d7 00       		.ascii	"\000"
 366 00d8 02       		.ascii	"\002"
 367 00d9 00       		.ascii	"\000"
 368 00da 00000000 		.ascii	"\000\000\000\000\000\000\000\000"
 368      00000000 
 369 00e2 D8000000 		.ascii	"\330\000\000\000"
 370              		.text
 371              		.section	.gnu.lto_.opts,"",%progbits
 372 0000 272D666D 		.ascii	"'-fmath-errno' '-fsigned-zeros' '-ftrapping-math' '"
 372      6174682D 
 372      6572726E 
 372      6F272027 
 372      2D667369 
 373 0033 2D666E6F 		.ascii	"-fno-trapv' '-fno-strict-overflow' '-fno-openmp' '-"
 373      2D747261 
 373      70762720 
 373      272D666E 
 373      6F2D7374 
 374 0066 666E6F2D 		.ascii	"fno-openacc' '-mcpu=cortex-m4' '-mthumb' '-mfloat-a"
 374      6F70656E 
 374      61636327 
 374      20272D6D 
 374      6370753D 
 375 0099 62693D68 		.ascii	"bi=hard' '-mfpu=fpv4-sp-d16' '-g' '-ggdb' '-Og' '-f"
 375      61726427 
 375      20272D6D 
ARM GAS  /tmp/ccgtsRDr.s 			page 27


 375      6670753D 
 375      66707634 
 376 00cc 6F6D6974 		.ascii	"omit-frame-pointer' '-falign-functions=16' '-ffunct"
 376      2D667261 
 376      6D652D70 
 376      6F696E74 
 376      65722720 
 377 00ff 696F6E2D 		.ascii	"ion-sections' '-fdata-sections' '-fno-common' '-flt"
 377      73656374 
 377      696F6E73 
 377      2720272D 
 377      66646174 
 378 0132 6F2700   		.ascii	"o'\000"
 379              		.text
 380              		.comm	__gnu_lto_v1,1,1
 381              		.comm	__gnu_lto_slim,1,1
 382              		.ident	"GCC: (15:5.4.1+svn241155-1) 5.4.1 20160919"
ARM GAS  /tmp/ccgtsRDr.s 			page 28


DEFINED SYMBOLS
                            *ABS*:0000000000000000 chmemcore.c
                            *COM*:0000000000000001 __gnu_lto_v1
                            *COM*:0000000000000001 __gnu_lto_slim

NO UNDEFINED SYMBOLS
