ARM GAS  /tmp/cc6sB09Y.s 			page 1


   1              		.syntax unified
   2              		.cpu cortex-m4
   3              		.eabi_attribute 27, 1
   4              		.eabi_attribute 28, 1
   5              		.fpu fpv4-sp-d16
   6              		.eabi_attribute 20, 1
   7              		.eabi_attribute 21, 1
   8              		.eabi_attribute 23, 3
   9              		.eabi_attribute 24, 1
  10              		.eabi_attribute 25, 1
  11              		.eabi_attribute 26, 1
  12              		.eabi_attribute 30, 1
  13              		.eabi_attribute 34, 1
  14              		.eabi_attribute 18, 4
  15              		.thumb
  16              		.syntax unified
  17              		.file	"crt1.c"
  18              		.text
  19              	.Ltext0:
  20              		.section	.gnu.lto_.profile.17c314474a740c25,"",%progbits
  21 0000 789C6361 		.ascii	"x\234ca`d`a`\000\222\222\242\000\000\261\0009"
  21      60646061 
  21      60009292 
  21      A20000B1 
  21      0039
  22              		.text
  23              		.section	.gnu.lto_.inline.17c314474a740c25,"",%progbits
  24 0000 789C6361 		.ascii	"x\234ca`d\000\201x\006\004`e``fbd`\0022\331\026\310"
  24      60640081 
  24      78060460 
  24      65606066 
  24      62646002 
  25 0018 8328A022 		.ascii	"\203(\240\"t\021&\014\021f \017\"\302\002&\201\224\310"
  25      7411260C 
  25      1166200F 
  25      22C20226 
  25      8194C8
  26 002b 4A0EA088 		.ascii	"J\016\240\210\322\246\347\215\214pe\014\000\000\232"
  26      D2A6E78D 
  26      8C70650C 
  26      00009A
  27 003a 06B8     		.ascii	"\006\270"
  28              		.text
  29              		.section	.gnu.lto_.jmpfuncs.17c314474a740c25,"",%progbits
  30 0000 789C6361 		.ascii	"x\234ca`d\000\001A\006\004`\005b\240(\023\003\0033\003"
  30      60640001 
  30      41060460 
  30      0562A028 
  30      13030333 
  31 0015 030B9003 		.ascii	"\003\013\220\003\000\003d\000&"
  31      00036400 
  31      26
  32              		.text
  33              		.section	.gnu.lto_.pureconst.17c314474a740c25,"",%progbits
  34 0000 789C6361 		.ascii	"x\234ca`d\340f```e\220`\224`\222`6a\221\002\000\004"
  34      6064E066 
  34      60606065 
ARM GAS  /tmp/cc6sB09Y.s 			page 2


  34      90609460 
  34      92603661 
  35 0018 2200B6   		.ascii	"\"\000\266"
  36              		.text
  37              		.section	.gnu.lto___core_init.17c314474a740c25,"",%progbits
  38 0000 789C6361 		.ascii	"x\234ca`d\000\201j v\006bi fdf`d\232p\216\201\241\221"
  38      60640081 
  38      6A207606 
  38      62692066 
  38      64666064 
  39 001a 83899111 		.ascii	"\203\211\221\021\304h\340`d\250gb\254g\374\312\364\227"
  39      C468E060 
  39      64A86762 
  39      AC67FCCA 
  39      F497
  40 002c 89F150FB 		.ascii	"\211\361P\373\263\235L\232\313\033\200\340\301\322e"
  40      B39D4C9A 
  40      CB1B80E0 
  40      C1D265
  41 003b 860D2B0E 		.ascii	"\206\015+\0160\266230\374g\002\233\304\300\270\234Q"
  41      30B63233 
  41      30FC6702 
  41      9BC4C0B8 
  41      9C51
  42 004d 9301A8EC 		.ascii	"\223\001\250\354\321\306\177Sy\331Z@\312\024 \222\214"
  42      D1C67F53 
  42      79D95A40 
  42      CA142092 
  42      8C
  43 005e 2B18D940 		.ascii	"+\030\331@\326\255\017:\320\360\377\177sC\303G\203\371"
  43      D6AD0F3A 
  43      D0F0FF7F 
  43      7343C347 
  43      83F9
  44 0070 AA40890F 		.ascii	"\252@\211\017@\014\262\346#\023\023\210f~\305\310\004"
  44      400CB2E6 
  44      23131388 
  44      667EC5C8 
  44      04
  45 0081 520A36ED 		.ascii	"R\0126\355\003\023#H\014\250\302QOO\3379#3)\323?8\336"
  45      03132348 
  45      0CA8C251 
  45      4F4FDF39 
  45      233329D3 
  46 0098 D052CF50 		.ascii	"\320R\317P\317P_?\277X?9?77?O\277\270$\261\250\244\264"
  46      CF505F3F 
  46      BF583F39 
  46      3F37373F 
  46      4FBFB824 
  47 00b0 40DF31C8 		.ascii	"@\3371\310\327\331\267\002$Z\220\231\223ZT\254\357\356"
  47      D7D9B702 
  47      245A9099 
  47      935A54AC 
  47      EFEE
  48 00c2 ECAC9F5C 		.ascii	"\354\254\237\\Tb\250\227\314\000\000D\025B1"
  48      5462A897 
  48      CC000044 
ARM GAS  /tmp/cc6sB09Y.s 			page 3


  48      154231
  49              		.text
  50              		.section	.gnu.lto___early_init.17c314474a740c25,"",%progbits
  51 0000 789C6361 		.ascii	"x\234ca`d\000\201* v\006bi fdf`d\232p\216\201\241\221"
  51      60640081 
  51      2A207606 
  51      62692066 
  51      64666064 
  52 001a 83899111 		.ascii	"\203\211\221\021\304h\340`d\250gb\254g\374\312\364\227"
  52      C468E060 
  52      64A86762 
  52      AC67FCCA 
  52      F497
  53 002c 89F150FB 		.ascii	"\211\361P\373\263\235L\232\313\033\200\340A\353z\303"
  53      B39D4C9A 
  53      CB1B80E0 
  53      41EB7AC3 
  54 003c 86150718 		.ascii	"\206\025\007\030[\231\031\030\3763\201Mb`\\\316\250"
  54      5B991918 
  54      FE33814D 
  54      62605CCE 
  54      A8
  55 004d C90054F6 		.ascii	"\311\000T\366h\343\277\251\274l- e\012\020I\306\025"
  55      68E3BFA9 
  55      BC6C2D20 
  55      650A1049 
  55      C615
  56 005f 8C6C20EB 		.ascii	"\214l \353\326\007\035h\370\377\277\271\241\341\263"
  56      D6071D68 
  56      F8FFBFB9 
  56      A1E1B3
  57 006e 022350FC 		.ascii	"\002#P\374\003\020\203l\371\310\304\004\242\231_12\201"
  57      0310836C 
  57      F9C8C404 
  57      A2995F31 
  57      3281
  58 0080 54820DFB 		.ascii	"T\202\015\373\300\304\010\022\003\252p\324\323\323w"
  58      C0C40812 
  58      03AA70D4 
  58      D3D377
  59 008f CEC84CCA 		.ascii	"\316\310L\312\364\017\2167\264\3243\3243\324\327\317"
  59      F40F8E37 
  59      B4D433D4 
  59      33D4D7CF 
  60 009f 2FD64FCE 		.ascii	"/\326O\316\317\315\315\317\323/.I,*)-\320w\014\362u"
  60      CFCDCDCF 
  60      D32F2E49 
  60      2C2A292D 
  60      D0770CF2 
  61 00b4 F6AD0089 		.ascii	"\366\255\000\211\026d\346\244\026\025\353\273;;\353"
  61      1664E6A4 
  61      1615EBBB 
  61      3B3BEB
  62 00c3 27179518 		.ascii	"'\027\225\030\352%3\000\000\267QAH"
  62      EA253300 
  62      00B75141 
  62      48
ARM GAS  /tmp/cc6sB09Y.s 			page 4


  63              		.text
  64              		.section	.gnu.lto___late_init.17c314474a740c25,"",%progbits
  65 0000 789C6361 		.ascii	"x\234ca`d\000\201* v\006bi fdf`d\232p\216\201\241\221"
  65      60640081 
  65      2A207606 
  65      62692066 
  65      64666064 
  66 001a 83899111 		.ascii	"\203\211\221\021\304h\340`d\250gb\254g\374\312\364\227"
  66      C468E060 
  66      64A86762 
  66      AC67FCCA 
  66      F497
  67 002c 89F150FB 		.ascii	"\211\361P\373\263\235L\232\313\033\200\340\301\321m"
  67      B39D4C9A 
  67      CB1B80E0 
  67      C1D16D
  68 003b 860D2B0E 		.ascii	"\206\015+\0160\266230\374g\002\233\304\300\270\234Q"
  68      30B63233 
  68      30FC6702 
  68      9BC4C0B8 
  68      9C51
  69 004d 9301A8EC 		.ascii	"\223\001\250\354\321\306\177Sy\331Z@\312\024 \222\214"
  69      D1C67F53 
  69      79D95A40 
  69      CA142092 
  69      8C
  70 005e 2B18D940 		.ascii	"+\030\331@\326\255\017:\320\360\377\177sC\303G\005F"
  70      D6AD0F3A 
  70      D0F0FF7F 
  70      7343C347 
  70      0546
  71 0070 A0F80720 		.ascii	"\240\370\007 \006\331\362\221\211\011D3\277bd\002\251"
  71      06D9F291 
  71      89094433 
  71      BF626402 
  71      A9
  72 0081 041BF681 		.ascii	"\004\033\366\201\211\021$\006T\341\250\247\247\357\234"
  72      89112406 
  72      54E1A8A7 
  72      A7EF9C
  73 0090 919994E9 		.ascii	"\221\231\224\351\037\034oh\251g\250g\250\257\237_\254"
  73      1F1C6F68 
  73      A967A867 
  73      A8AF9F5F 
  73      AC
  74 00a1 9F9C9F9B 		.ascii	"\237\234\237\233\233\237\247_\\\222XTRZ\240\357\030"
  74      9B9FA75F 
  74      5C925854 
  74      525AA0EF 
  74      18
  75 00b2 E4EBEC5B 		.ascii	"\344\353\354[\001\022-\310\314I-*\326wwv\326O.*1\324"
  75      01122DC8 
  75      CC492D2A 
  75      D6777776 
  75      D64F2E2A 
  76 00c8 4B660000 		.ascii	"Kf\000\000\346\"A\215"
  76      E622418D 
ARM GAS  /tmp/cc6sB09Y.s 			page 5


  77              		.text
  78              		.section	.gnu.lto___default_exit.17c314474a740c25,"",%progbits
  79 0000 789C6361 		.ascii	"x\234ca`d\000\201J v\006bS fde`d\232p\216\201\241\221"
  79      60640081 
  79      4A207606 
  79      62532066 
  79      64656064 
  80 001a 83899119 		.ascii	"\203\211\221\031\304`dfd\201\010\260@\004\034\031\031"
  80      C4606466 
  80      648108B0 
  80      40041C19 
  80      19
  81 002b EA999859 		.ascii	"\352\231\230Y\030\201\004\003\004|e\372\313\304x\250"
  81      18810403 
  81      047C65FA 
  81      CBC478A8 
  82 003b FDD94E26 		.ascii	"\375\331N&\315\345\015@\360\340\351n\303\206\025\007"
  82      CDE50D40 
  82      F0E0E96E 
  82      C3861507 
  83 004b 185B810A 		.ascii	"\030[\201\012\3763A\3240.g\324d\000*{\264\361\337T^"
  83      FE3341D4 
  83      302E67D4 
  83      64002A7B 
  83      B4F1DF54 
  84 0060 B6169032 		.ascii	"\266\026\2202\005\210$\343\012F6\220C\326\007\035h\370"
  84      058824E3 
  84      0A463690 
  84      43D6071D 
  84      68F8
  85 0072 FFBFB9A1 		.ascii	"\377\277\271\241\341\273\301\037U\240\300\007\240$#"
  85      E1BBC11F 
  85      55A0C007 
  85      A02423
  86 0081 9064023A 		.ascii	"\220d\002:\341\003\320.\240\335\214\037\230X\2404\304"
  86      E103D02E 
  86      A0DD8C1F 
  86      9858A034 
  86      C4
  87 0092 E98E7A7A 		.ascii	"\351\216zz\372\316\031\231I\231\376\301\361\206\226"
  87      FACE1999 
  87      4999FEC1 
  87      F18696
  88 00a1 7A867A86 		.ascii	"z\206z\206\372\372\371\305\372\311\371\271\271\371y"
  88      FAFAF9C5 
  88      FAC9F9B9 
  88      B9F979
  89 00b0 FAC52589 		.ascii	"\372\305%\211E%\245\005\372\216A\276\316\276\025 \321"
  89      4525A505 
  89      FA8E41BE 
  89      CEBE1520 
  89      D1
  90 00c1 82CC9CD4 		.ascii	"\202\314\234\324\242b}wgg\375\344\242\022C\275d\006"
  90      A2627D77 
  90      6767FDE4 
  90      A21243BD 
  90      6406
ARM GAS  /tmp/cc6sB09Y.s 			page 6


  91 00d3 001AEF45 		.ascii	"\000\032\357E\017"
  91      0F
  92              		.text
  93              		.section	.gnu.lto___init_ram_areas.17c314474a740c25,"",%progbits
  94 0000 789C8D54 		.ascii	"x\234\215T]L\\E\024\2363s\357\335\273\367.\3546\020"
  94      5D4C5C45 
  94      149E3373 
  94      EFDDBBF7 
  94      2EEC3610 
  95 0014 9F6AC283 		.ascii	"\237j\302\203<\364e\257\353\223\372b\010&\232h5\326"
  95      3CF465AF 
  95      EB93FA62 
  95      08269A68 
  95      35D6
  96 0026 67532B9A 		.ascii	"gS+\232H\264e\0034\361\301d/\354\242\2665\206\246\261"
  96      48B46503 
  96      34F1C164 
  96      2FECA2B6 
  96      3586A6B1 
  97 003a 56CA9698 		.ascii	"V\312\226\230\306\024\213e\241\365\207\245\255,\210"
  97      C6148B65 
  97      A1F587A5 
  97      AD2C88
  98 0049 AE251485 		.ascii	"\256%\024\205\350[\323\350\032I\212\246aY\032\323\246"
  98      E85BD3E8 
  98      1A498AA6 
  98      61591AD3 
  98      A6
  99 005a 05CF3973 		.ascii	"\005\3179s\211\013\265\2467\331\235\2313\347|\347;\337"
  99      890BB5A6 
  99      37D99D99 
  99      33E77CE7 
  99      3BDF
 100 006c CC1C4380 		.ascii	"\314\034C\200\240\257\333\022\342Y\034\263\370\203\210"
 100      A0AFDB12 
 100      E2591CB3 
 100      F88388
 101 007b 00D93B27 		.ascii	"\000\331;'D\227-A\351\211\002SO\014=\231\264Mi\274_"
 101      44972D41 
 101      E9890253 
 101      4F0C3D99 
 101      B44D69BC 
 102 0090 14C27742 		.ascii	"\024\302wB\231\220\360#!p\310\016\226\036'mGZz\337\346"
 102      9990F023 
 102      2170C80E 
 102      961E276D 
 102      475A7ADF 
 103 00a5 7D5BBAC3 		.ascii	"}[\272\303\323\264\014\227\302\270t5pS\030\200F\337"
 103      D3B40C97 
 103      C2B87435 
 103      70531880 
 103      46DF
 104 00b7 069192CA 		.ascii	"\006\221\222\3120C\226c\273aH\031J\350\317\014F'\030"
 104      30439663 
 104      BB614819 
 104      4AE8CF0C 
 104      462718
ARM GAS  /tmp/cc6sB09Y.s 			page 7


 105 00ca 6FC83B12 		.ascii	"o\310;\022\246\336]\314\313\035\247|\374~\375\264\224"
 105      A6DE5DCC 
 105      CB1DA77C 
 105      FC7EFDB4 
 105      94
 106 00db F0070BD0 		.ascii	"\360\007\013\320\203\001\353R\373\300)\330!\320m>3\322"
 106      8301EB52 
 106      FBC029D8 
 106      21D06D3E 
 106      33D2
 107 00ed AF56658F 		.ascii	"\257Ve\217\0020pY\276\334\367{--%4\340230\2303\324\223"
 107      02307059 
 107      BEDCF77B 
 107      2D2D2534 
 107      E0323330 
 108 0105 409EA76F 		.ascii	"@\236\247o\316\037T\215'}\277\333/|\364\301\203\037"
 108      CE1F548D 
 108      277DBFDB 
 108      2F7CF4C1 
 108      831F
 109 0117 FB854C43 		.ascii	"\373\205LC\217Rp\032\024\202\302g\260\035\006a;\203"
 109      8F52701A 
 109      1482C267 
 109      B01D0661 
 109      3B83
 110 0129 A3776974 		.ascii	"\243wit\355\303\032+C\351\033`\010\032ub\370\034\213"
 110      EDC31A2B 
 110      43E91B60 
 110      081A7562 
 110      F81C8B
 111 013c 17429105 		.ascii	"\027B\221\005\235\246\377\270\275\340\252\247\031\276"
 111      9DA6FFB8 
 111      BDE0AAA7 
 111      19BE
 112 014a 6BE8787F 		.ascii	"k\350x\177$\200\317\316E\003x\003\316\334\015\017\303"
 112      2480CFCE 
 112      45037803 
 112      CEDC0D0F 
 112      C3
 113 015b 1C3D5B38 		.ascii	"\034=[8\220s\3243\034\275\266pm\331\014\242O\314E\374"
 113      9073D433 
 113      1CBDB670 
 113      6DD90CA2 
 113      4FCC45FC 
 114 016f DE2E9B82 		.ascii	"\336.\233\202s\377\021<\002\215\271]\005\177}=\355\027"
 114      73FF113C 
 114      028DB95D 
 114      057F7D3D 
 114      ED17
 115 0181 8ED45E1C 		.ascii	"\216\324^\034\273\036~\000\004\021\222\014\254\330\303"
 115      BB1E7E00 
 115      0411920C 
 115      ACD8C3
 116 0190 E07F9BFF 		.ascii	"\340\177\233\377\035\266\273<\217\010\204\255\301?3"
 116      1DB6BB3C 
 116      8F0884AD 
 116      C13F33
ARM GAS  /tmp/cc6sB09Y.s 			page 8


 117 019f CAEB18EF 		.ascii	"\312\353\030\357m#k\035\033\352\031J\210e,wY\210\262"
 117      6D236B1D 
 117      1BEA194A 
 117      88652C77 
 117      5988B2
 118 01b2 9438A812 		.ascii	"\2248\250\022t\223f\\\276.\375h\317\324\217!\022\332"
 118      7493665C 
 118      BE2EFD68 
 118      CFD48F21 
 118      12DA
 119 01c4 62FEE95B 		.ascii	"b\376\351[\023\225\332\324\035\377\230\357\307\320v"
 119      1395DAD4 
 119      1DFF98EF 
 119      C7D076
 120 01d3 4069152F 		.ascii	"@i\025/\365\015\2751\000\331\256^6\207\340,\244`\224"
 120      F50DBD31 
 120      00D9AE5E 
 120      3687E02C 
 120      A46094
 121 01e6 0AC1BDF5 		.ascii	"\012\301\275\365\245\263\303a\035\342\037\006\002:\007"
 121      A5B3C361 
 121      1DE21F06 
 121      023A07
 122 01f5 03282E7C 		.ascii	"\003(.|\001)A\231\225\310\204(s\214)\245\025\210E\350"
 122      01294199 
 122      95C88428 
 122      738C29A5 
 122      158845E8 
 123 0209 1E1F2D56 		.ascii	"\036\037-V\324\326\363\301\022\210;\037\017\002|\011"
 123      D4D6F3C1 
 123      12883B1F 
 123      0F027C09 
 124 0219 565A39D5 		.ascii	"VZ9\325$\025\223\374\2738\363^\204\350P\324n\254\331"
 124      241593FC 
 124      BB38F35E 
 124      84E850D4 
 124      6EACD9
 125 022c 4650F82A 		.ascii	"FP\370*\340s\342\330X\245\326;CD\303\3605RY\343\253"
 125      E073E2D8 
 125      58A5D63B 
 125      4344C3F0 
 125      355259E3 
 126 0241 0663E009 		.ascii	"\006c\340\011d\341?A\270\224\012\261\231\311|Q\351T"
 126      64E13F41 
 126      B8940AB1 
 126      99C97C51 
 126      E954
 127 0253 EE56EC97 		.ascii	"\356V\354\227\376\027;\317\330\364&a|\023\366\010a\273"
 127      FE173BCF 
 127      D8F42661 
 127      7C13F608 
 127      61BB
 128 0265 42AC006C 		.ascii	"B\254\000l\226\024\265\177hCU8\017)9\030J\253z\367\312"
 128      9614B57F 
 128      68435538 
 128      0F293918 
 128      4AAB7AF7 
ARM GAS  /tmp/cc6sB09Y.s 			page 9


 129 027a 8D975126 		.ascii	"\215\227Q&C\340\033TH\350\326\301\253\371G5\243\232"
 129      43E01B54 
 129      48E8D6C1 
 129      ABF94735 
 129      A39A
 130 028c EAE28D4D 		.ascii	"\352\342\215M\305\243\322N\032\237\307\005\242\006\027"
 130      C5A3D24E 
 130      1A9FC705 
 130      A20617
 131 029b 49728C3D 		.ascii	"Ir\214=\372I\015En-$\312\316*p\376\006\235\021\033\375"
 131      FA490D45 
 131      6E2D24CA 
 131      CE2A70FE 
 131      069D111B 
 132 02b0 D3FDEF2C 		.ascii	"\323\375\357,\346\037\326\271\242\344@\267\263\004\362"
 132      E61FD6B9 
 132      A2E440B7 
 132      B304F2
 133 02bf DF32A2DA 		.ascii	"\3372\242\332\353z\376\021\355\025\243\234\325^,d\214"
 133      EB7AFE11 
 133      ED15A39C 
 133      D55E2C64 
 133      8C
 134 02d0 0FDA14D8 		.ascii	"\017\332\024\330\037\202\223\346`%\364\202}\244>\366"
 134      1F8293E6 
 134      6025F482 
 134      7DA43EF6 
 135 02e0 CBE74C8D 		.ascii	"\313\347L\215\024\331\\\314\275u\236`\235\371\331\026"
 135      14D95CCC 
 135      BD759E60 
 135      9DF9D916 
 136 02f0 50E7DF20 		.ascii	"P\347\337 3\227\336\2471\024\302\320\341\256\200\304"
 136      3397DEA7 
 136      3114C2D0 
 136      E1AE80C4 
 137 0300 D3547F95 		.ascii	"\323T\177\225\337F.\306\225\312\253+\200[\256\272M\206"
 137      DF462EC6 
 137      95CAAB2B 
 137      805BAEBA 
 137      4D86
 138 0312 A8315B21 		.ascii	"\2501[!\201Ct\017\321\0253)\023\320`m(\276:\362\313"
 138      8143740F 
 138      D1153329 
 138      13D0606D 
 138      28BE3AF2 
 139 0327 49756FDD 		.ascii	"Iuo\335\214@\267I$R} \016\276\327)\334a\205\256\216"
 139      8C40B749 
 139      24527D20 
 139      0EBED729 
 139      DC6185AE 
 140 033c 073AD651 		.ascii	"\007:\326Q\300]:\326\261B\016)\004U\012\031,J\371\347"
 140      C05D3AD6 
 140      B1420E29 
 140      04550A19 
 140      2C4AF9E7 
 141 0350 0D51B6DD 		.ascii	"\015Q\266\335\257(\337\262(|\221\246\267\210b \214\026"
 141      AF28DFB2 
ARM GAS  /tmp/cc6sB09Y.s 			page 10


 141      287C91A6 
 141      B7886220 
 141      8C16
 142 0362 05677608 		.ascii	"\005gv\010\217\272\316\272\300W\314&\005\230\355\322"
 142      8FBACEBA 
 142      C057CC26 
 142      0598EDD2 
 143 0372 E3DAB71E 		.ascii	"\343\332\267\036\023 \364\302\362l\326\325\3357\006"
 143      1320F4C2 
 143      F26CD6D5 
 143      DD3706
 144 0381 DF5571E7 		.ascii	"\337Uq\347\007[\257\341'\262\212\036&\2561\242\357\374"
 144      075BAFE1 
 144      27B28A1E 
 144      26AE31A2 
 144      EFFC
 145 0393 EA8C4911 		.ascii	"\352\214I\021.\330\367\3377\212U}\343\360\314\361%3"
 145      2ED8F7DF 
 145      378A557D 
 145      E3F0CCF1 
 145      2533
 146 03a5 91F371CF 		.ascii	"\221\363q\317\337\217\245\302\017X\022|\257\333#\356"
 146      DF8FA5C2 
 146      0F58127C 
 146      AFDB23EE 
 147 03b5 1FFAF3DA 		.ascii	"\037\372\363\332O\321\240\257\274@O\377\022$\260\332"
 147      4FD1A0AF 
 147      BC404FFF 
 147      1224B0DA 
 148 03c5 19EE2AD4 		.ascii	"\031\356*\324\330\\q\304\202\262\014Sc[\302\306VyN\367"
 148      D85C71C4 
 148      82B20C53 
 148      635BC2C6 
 148      56794EF7 
 149 03d9 0DDE04B4 		.ascii	"\015\336\004\264\342\225i\212\307\275\346\327[_i}\376"
 149      E295698A 
 149      C7BDE6D7 
 149      5B5F697D 
 149      FE
 150 03ea C5DD89C7 		.ascii	"\305\335\211\307\342\211x\302\363\332:\274\226\266\275"
 150      E28978C2 
 150      F3DA3ABC 
 150      96B6BD
 151 03f9 7BDBF679 		.ascii	"{\333\366y\035\235{\332;\367'\275\246];\233w\276E\326"
 151      1D9D7BDA 
 151      3BF727BD 
 151      A65D3B9B 
 151      77BE45D6 
 152 040d 64EB9BAF 		.ascii	"d\353\233\257\265wxO57{-\355\235\211x\213P\355{\222"
 152      B577784F 
 152      35377B2D 
 152      ED9D8978 
 152      8B50ED7B 
 153 0422 B23309C9 		.ascii	"\2623\011\311\177\000/d4\206"
 153      7F002F64 
 153      3486
 154              		.text
ARM GAS  /tmp/cc6sB09Y.s 			page 11


 155              		.section	.gnu.lto_ram_areas.17c314474a740c25,"",%progbits
 156 0000 789C75D1 		.ascii	"x\234u\321KO\023Q\030\306\361\363\316i\031@\004\225"
 156      4B4F1351 
 156      18C6F1F3 
 156      CE691940 
 156      0495
 157 0012 8BB7AADF 		.ascii	"\213\267\252\337`&\343\252.Llf\301\212h\364\003\030"
 157      6026E3AA 
 157      2E4C6C66 
 157      C18A68F4 
 157      0318
 158 0024 684C6C22 		.ascii	"hLl\"\226\264%q\327Y0\210\356\\\271P\023\027&\334\265"
 158      96B42571 
 158      D7593088 
 158      EE5CB950 
 158      131726DC 
 159 0039 5A455BD0 		.ascii	"ZE[\320V\264*\336\361\262b\343\202\270re0$`\3213\363"
 159      56B42ADE 
 159      F1B262E3 
 159      82B87265 
 159      302460D1 
 160 004f CC42A779 		.ascii	"\314B\247y\317b\376\311{NN~9\023\021$\274\225\210\012"
 160      CF62FEC9 
 160      7B4E4E7E 
 160      39131124 
 160      BC95880A 
 161 0063 610BACBA 		.ascii	"a\013\254\272F\245\322\217\025=_w\306\034\347[m\343"
 161      46A5D28F 
 161      153D5F77 
 161      C61CE75B 
 161      6DE3
 162 0075 84EE4A71 		.ascii	"\204\356JqI6l9E\3627\250a#\353\317\265\206y\213?\227"
 162      49366C39 
 162      45F237A8 
 162      6123EBCF 
 162      B586798B 
 163 008b FEFCD7F7 		.ascii	"\376\374\327\367\325Js|\316\031\273\351\034s%mi\202"
 163      D54A737C 
 163      CE19BBE9 
 163      1C73256D 
 163      6982
 164 009d A628BFA5 		.ascii	"\246(\277\245\021Mz\321h\302\213\244q\312{\307\327."
 164      114D7AD1 
 164      68C28BA4 
 164      71CA7BC7 
 164      D72E
 165 00af BBEB724D 		.ascii	"\273\353rMs\245F\372\377\267V+\027\217\372\367F8`\224"
 165      73A546FA 
 165      FFB7562B 
 165      178FFAF7 
 165      46386094 
 166 00c3 01363140 		.ascii	"\00161@\235\003\026\000\274\003\340m\000g\001\\\335"
 166      9D031600 
 166      BC03E06D 
 166      0067015C 
 166      DD
 167 00d4 9C2DB703 		.ascii	"\234-\267\003\330\024\002\226\002`3\007la\200\255\014"
ARM GAS  /tmp/cc6sB09Y.s 			page 12


 167      D8140296 
 167      02603307 
 167      6C6180AD 
 167      0C
 168 00e5 701B079C 		.ascii	"p\033\007\234\003\360\001\200\367\001,\002\270t\253"
 168      03F00180 
 168      F7012C02 
 168      B874AB
 169 00f4 FCBB0DC0 		.ascii	"\374\273\015\300h\010X\014\200m\034p;\003lg\200\035"
 169      6808580C 
 169      806D1C70 
 169      3B036C67 
 169      801D
 170 0106 1C7001C0 		.ascii	"\034p\001\300y\000\313\000\226\000\\\036)\\\017~q$\004"
 170      7900CB00 
 170      96005C1E 
 170      295C0F7E 
 170      712404
 171 0119 BC110077 		.ascii	"\274\021\000wp\300\235\014p\027\003\354\344\200\213"
 171      70C09D0C 
 171      701703EC 
 171      E4808B
 172 0128 003E05B0 		.ascii	"\000>\005\260\012`\005\300\305\237\205\361\340\005e"
 172      0A6005C0 
 172      C59F85F1 
 172      E00565
 173 0137 08783500 		.ascii	"\010x5\000vq\300n\006\330\303\000ws\300W\000\276\004"
 173      7671C06E 
 173      06D8C300 
 173      7773C057 
 173      00BE04
 174 014a F0058035 		.ascii	"\360\005\2005\000k\177\326\253\035\000j!\340\225\000"
 174      006B7FD6 
 174      AB1D006A 
 174      21E09500 
 175 015a B88703EE 		.ascii	"\270\207\003\356e\200\373\030\340~\016\370\036\300w"
 175      6580FB18 
 175      E07E0EF8 
 175      1EC077
 176 0169 00BE05F0 		.ascii	"\000\276\005\360\015\200\377\212\352\243\020\3058\321"
 176      0D80FF8A 
 176      EAA310C5 
 176      38D1
 177 0177 01467490 		.ascii	"\001Ft\220\021\035\342D\237!\372\004\3212D\037!\032"
 177      111DE244 
 177      9F21FA04 
 177      D132441F 
 177      211A
 178 0189 B956DBD0 		.ascii	"\271V\333\320q\334\221\256\224d\305\350\013\305\351"
 178      71DC91AE 
 178      9464C5E8 
 178      0BC5E9
 179 0198 708C3EA8 		.ascii	"p\214>\250\274\246\030-\251>W}\246\372D\365\261\352"
 179      BCA6182D 
 179      A93E577D 
 179      A6FA44F5 
 179      B1EA
ARM GAS  /tmp/cc6sB09Y.s 			page 13


 180 01aa 23D587AA 		.ascii	"#\325\207\252\367T\357\252\316\250NS\\\320W\365I\030"
 180      F754EFAA 
 180      CEA84E53 
 180      5CD057F5 
 180      4918
 181 01bc 86699F4D 		.ascii	"\206i\237M\015\244\216\237:m\0351,\3032\315t\326L\246"
 181      0DA48E9F 
 181      3A6D1D31 
 181      2CC332CD 
 181      74D64CA6 
 182 01d0 0707D3E7 		.ascii	"\007\007\323\347\315l\256?\223\033\0362\023'\373\354"
 182      CD6CAE3F 
 182      931B1E32 
 182      1327FBEC 
 183 01e0 BE0BDE74 		.ascii	"\276\013\336t(u\356L&k\366\332\266\231\314\344,#)\376"
 183      2875EE4C 
 183      266BF6DA 
 183      B699CCE4 
 183      2C2329FE 
 184 01f4 02EE051E 		.ascii	"\002\356\005\036\227"
 184      97
 185              		.text
 186              		.section	.gnu.lto_.symbol_nodes.17c314474a740c25,"",%progbits
 187 0000 789C55CD 		.ascii	"x\234U\315\331N\302P\030E\341\177\265=N8\320:\000\216"
 187      D94EC250 
 187      1845E17F 
 187      B53D4E38 
 187      D03A008E 
 188 0014 F5E1788E 		.ascii	"\365\341x\216\3238Oh\035\231\004A\024\022\037\206g\262"
 188      D3384F68 
 188      1D990441 
 188      14121F86 
 188      67B2
 189 0026 EE1BD3AB 		.ascii	"\356\033\323\253/Y\331\311\216\014kbf\301)\336,\237"
 189      2F59D9C9 
 189      8E0C6B62 
 189      66C129DE 
 189      2C9F
 190 0038 9B15FC64 		.ascii	"\233\025\374d\307E9\303S.\347\370\240\\.\360\341\177"
 190      C74539C3 
 190      532EE7F8 
 190      A05C2EF0 
 190      E17F
 191 004a 898B7289 		.ascii	"\211\213r\211\217J\033w\202e\211Y\350\256 -\256\334"
 191      8F4A1B77 
 191      82658959 
 191      E8AE202D 
 191      AEDC
 192 005c 3581BC21 		.ascii	"5\201\274!\224\267D\362\016'[,\310{\026\345\003K2gY"
 192      94B744F2 
 192      0E275B2C 
 192      C87B16E5 
 192      034B3267 
 193 0071 3EB2229F 		.ascii	">\262\"\237\250\310gV\345\013k\362\225u\371\306\206"
 193      A8C86756 
 193      E50B6BF2 
 193      9575F9C6 
ARM GAS  /tmp/cc6sB09Y.s 			page 14


 193      86
 194 0082 6C53951D 		.ascii	"lS\225\035b\331%\221=6e\237-\371\316\266\034\260#\207"
 194      62D92591 
 194      3D36659F 
 194      2DF9CEB6 
 194      1CB02387 
 195 0096 D4E40775 		.ascii	"\324\344\007u9\242!\307\354\312O\366\344\204}\371\305"
 195      39A221C7 
 195      ECCA4FF6 
 195      E4847DF9 
 195      C5
 196 00a7 81FCE650 		.ascii	"\201\374\346PN9\2223\322?\355\027\303\2650."
 196      4E399233 
 196      D23FED17 
 196      C3B5302E 
 197              		.text
 198              		.section	.gnu.lto_.refs.17c314474a740c25,"",%progbits
 199 0000 789C05C1 		.ascii	"x\234\005\301\013\026BP\024\000\300\333\034O\037*\351"
 199      0B164250 
 199      1400C0DB 
 199      1C4F1F2A 
 199      E9
 200 0011 23858456 		.ascii	"#\205\204V\323\376\367c&\213M\374#B&\221\2061\311m\355"
 200      D3FEF763 
 200      268B4DFC 
 200      23422691 
 200      8631C96D 
 201 0026 EC1D144A 		.ascii	"\354\035\024JG'g\225\213\332\325\315\335C\343\251\365"
 201      47276795 
 201      8BDAD5CD 
 201      DD43E3A9 
 201      F5
 202 0037 F2D6E90D 		.ascii	"\362\326\351\015>F_\223\331\342\027+|\302\003\232"
 202      3E465F93 
 202      D9E2172B 
 202      7CC2039A 
 203              		.text
 204              		.section	.gnu.lto_.decls.17c314474a740c25,"",%progbits
 205 0000 789C8D96 		.ascii	"x\234\215\226iLTY\026\200\337\255[\026P\024\024Ab\314"
 205      694C5459 
 205      1680DFAD 
 205      5B165014 
 205      144162CC 
 206 0014 C49EA68D 		.ascii	"\304\236\246\215\035I&C5\256\231\177\335q2=\177zz2="
 206      1D492643 
 206      35AE997F 
 206      DD71323D 
 206      7F7A7A32 
 207 0029 D33FA782 		.ascii	"\323?\247\202X\023I#\030(\242\376{\242\200\250H!\266"
 207      58134923 
 207      1828A2FE 
 207      7BA280A8 
 207      4821B6
 208 003c C8A280D2 		.ascii	"\310\242\200\322*\210\002\012.@c\2714\312\"\262\273"
 208      2A88020A 
 208      2E4063B9 
 208      34CA22B2 
ARM GAS  /tmp/cc6sB09Y.s 			page 15


 208      BB
 209 004d B06AA9ED 		.ascii	"\260j\251\355\002\310\332\202\210\314\271\347\276Zo"
 209      02C8DA82 
 209      88CCB9E7 
 209      BE5A6F
 210 005c 3199971C 		.ascii	"1\231\227\034\336R\347\373\316}\347\336\367xj\211Hl"
 210      DE52E7FB 
 210      CE7DE7DE 
 210      F7786A89 
 210      486C
 211 006e 5B162449 		.ascii	"[\026$I\337RI\332\253\222\244\005\330|\340\332\367\222"
 211      DF5249DA 
 211      AB92A405 
 211      D87CE0DA 
 211      F792
 212 0080 735B0251 		.ascii	"s[\002Q\016q\021\242\032\242\006\242\016\3423\210\001"
 212      0E7111A2 
 212      1AA206A2 
 212      0EE23388 
 212      01
 213 0091 882188A7 		.ascii	"\210!\210\247\020\317 ^@\274\204x\0151\0141\0121\006"
 213      10CF205E 
 213      40BC8478 
 213      0D310C31 
 213      0A3106
 214 00a4 31013105 		.ascii	"1\0011\005\361\033\304\014\304{\210\017\020\037Y\001"
 214      F11BC40C 
 214      C47B880F 
 214      101F5901 
 215 00b4 18860A42 		.ascii	"\030\206\012B\015\241\201\360\205\320B\350 \002!\202"
 215      0DA181F0 
 215      85D042E8 
 215      20022182 
 216 00c4 20822142 		.ascii	" \202!B \226A,\207\370\035\304\012\210\337\023\311m"
 216      2096412C 
 216      87F81DC4 
 216      0A88DF13 
 216      C96D
 217 00d6 2BE73AC7 		.ascii	"+\347:\307\370\211r\315s\273\350%\357\242\227\274j/"
 217      F88972CD 
 217      73BBE825 
 217      EFA297BC 
 217      6A2F
 218 00e8 79D55EF2 		.ascii	"y\325^\362j\274\344\325x\311c}\323)y\301\020!\020\237"
 218      6ABCE4D5 
 218      78C9637D 
 218      D32979C1 
 218      1021109F 
 219 00fc 42720BEC 		.ascii	"Br\013\354WC\204\302q?\354\373 >\203\343&\330\377\035"
 219      574384C2 
 219      713FECFB 
 219      203E83E3 
 219      26D8FF1D 
 220 0110 420DD10D 		.ascii	"B\015\321\015\321\011\321\001\321\245\324\250S\366\003"
 220      D109D101 
 220      D1A5D4A8 
 220      53F603
ARM GAS  /tmp/cc6sB09Y.s 			page 16


 221 011f 1E750614 		.ascii	"\036u\006\024\246Eq\261:\375\213x\330\026*\361^\256"
 221      A64571B1 
 221      3AFD8B78 
 221      D8162AF1 
 221      5EAE
 222 0131 507ABB5C 		.ascii	"Pz\273\\\351u\210\322\373 e.t\312\334\370*s\245V\346"
 222      E97588D2 
 222      FB20652E 
 222      74CADCF8 
 222      2A73A556 
 223 0146 8E0D82CD 		.ascii	"\216\015\202\315%\233S6\267l\216\331\\\2639gs\317\326"
 223      259B5336 
 223      B76C8ED9 
 223      5CB33967 
 223      73CFD6
 224 0159 005B0B6C 		.ascii	"\000[\013lM\260\265\301\326\010[+l\315\260\2653\344"
 224      4DB0B5C1 
 224      D6085B2B 
 224      6CCDB0B5 
 224      33E4
 225 016b 31FE7915 		.ascii	"1\376y\025)\355(;\030\320K\036\021\"\021\022D`\247\254"
 225      29ED283B 
 225      18D04B1E 
 225      11221112 
 225      4460A7AC 
 226 017f 57895D51 		.ascii	"W\211]Q\366\354\200\360\023\225\275\357\3041\003\312"
 226      F6EC80F0 
 226      1395BDEF 
 226      C43103CA 
 227 018f 01A61318 		.ascii	"\001\246\023\030'&\273\374\340\226\207k\0377\347%\342"
 227      2726BBFC 
 227      E096876B 
 227      1F37E725 
 227      E2
 228 01a0 D8EC99C4 		.ascii	"\330\354\231\304]J\354w\317\207D\210\312\011\270\370"
 228      5D4AEC77 
 228      CF874488 
 228      CA09B8F8 
 229 01b0 94D12BF5 		.ascii	"\224\321+\365\211kYTS\373M_y\234qGC\301\011\307\367"
 229      896B5954 
 229      53FB4D5F 
 229      799C7147 
 229      43C109C7 
 230 01c5 FA46CA96 		.ascii	"\372F\312\226\320@<\256\310\377\320\356\253VI\244\204"
 230      D0403CAE 
 230      C8FFD0EE 
 230      AB5649A4 
 230      84
 231 01d6 509E3938 		.ascii	"P\23698{\366/\341e2l\026YV\375\301\331\267\366\275\025"
 231      7BF62FE1 
 231      65326C16 
 231      5956FDC1 
 231      D9B7F6BD 
 232 01eb F9744A45 		.ascii	"\371tJE\202\265D\015\247\343\367rm\201p\032\242%\241"
 232      82B5440D 
 232      A7E3F772 
 232      6D81701A 
ARM GAS  /tmp/cc6sB09Y.s 			page 17


 232      A225A1
 233 01fe 703ADF98 		.ascii	"p:\337\230\227\253Z~\024\271=r\250\232|\277\214\234"
 233      97AB5A7E 
 233      14B93D72 
 233      A89A7CBF 
 233      8C9C
 234 0210 272B4819 		.ascii	"'+H\031Y\001c\271@\226\303\337\315jn\032iK:KV\026\312"
 234      590163B9 
 234      4096C3DF 
 234      CD6A6E1A 
 234      694B3A4B 
 235 0227 8585F2D0 		.ascii	"\205\205\362\320\354\263\220\243{\344\273P+\224e\221"
 235      ECB390A3 
 235      7BE4BB50 
 235      2B946591 
 236 0237 B3849273 		.ascii	"\263\204\222s$\034\262K\211\232\235\261[9Cz\341\356"
 236      241CB24B 
 236      899A9DB1 
 236      5B39437A 
 236      E1EE
 237 0249 CAC94A56 		.ascii	"\312\311JVw$\243UO\377\275\310\350\273\017\3357q\263"
 237      7724A355 
 237      4FFFBDC8 
 237      E8BB0FDD 
 237      3771B3
 238 025c 75A64927 		.ascii	"u\246I'[\212d\371K\364V8\274\225\340\255p\365^D\357"
 238      5B8A64F9 
 238      4BF45638 
 238      BC95E0AD 
 238      70F55E44 
 239 0271 DBAEB101 		.ascii	"\333\256\261\001J\177X\304{\376\350\231\352@E\\\325"
 239      4A7F58C4 
 239      7BFEE899 
 239      EA40455C 
 239      D5
 240 0282 EC2ABEE4 		.ascii	"\354*\276\344\020W\201\370\222\253\270\032\305%\217"
 240      105781F8 
 240      92ABB81A 
 240      C5258F
 241 0291 A66FFAD3 		.ascii	"\246o\372\323\035(.h|Z\244\243)\004O^\275\354\352\325"
 241      1D282E68 
 241      7C5AA4A3 
 241      29044F5E 
 241      BDECEAD5 
 242 02a5 B32A57EC 		.ascii	"\263*W\354Uli\355u~\366\272\344*Q\263\213o\212\0332"
 242      556C69ED 
 242      757EF6BA 
 242      E42A51B3 
 242      8B6F8A1B 
 243 02ba 75AC7491 		.ascii	"u\254t\221l\035p+}\331Q\372\032\224\276\354Z\272\006"
 243      6C1D702B 
 243      7DD951FA 
 243      1A94BEEC 
 243      5ABA06
 244 02cd 4BB71D3B 		.ascii	"K\267\035;\220Bh\006/7q\375J\257\236y*d\353\341V\360"
 244      90426806 
 244      2F3771FD 
ARM GAS  /tmp/cc6sB09Y.s 			page 18


 244      4AAF9E79 
 244      2A64EBE1 
 245 02e3 ECB67B6A 		.ascii	"\354\266{j\355\036\211\035:%u(\271\326\232u+\220\026"
 245      ED1E891D 
 245      3A257528 
 245      B9D69A75 
 245      2B9016
 246 02f6 72C9E517 		.ascii	"r\311\345\027\215\015Z\276\010d\302\246\275\347\315"
 246      8D0D5ABE 
 246      0864C2A6 
 246      BDE7CD
 247 0305 6DC25781 		.ascii	"m\302W\201\354\013\347S\373\223\337)\213\304\207\315"
 247      EC0BE753 
 247      FB93DF29 
 247      8BC487CD 
 248 0315 F4B58F95 		.ascii	"\364\265\217\225\376\332}\312\252\010\376+\273\356\\"
 248      FEDA7DCA 
 248      AA08FE2B 
 248      BBEE5C
 249 0324 15378816 		.ascii	"\0257\210\026\376\032V\020+\234Bvn\355T\323\022\016"
 249      FE1A5610 
 249      2B9C4276 
 249      6EED54D3 
 249      120E
 250 0336 3357EAE4 		.ascii	"3W\352\344\355$5-\345\205\373\357\226\234c\342\325Z"
 250      ED24352D 
 250      E585FBEF 
 250      969C63E2 
 250      D55A
 251 0348 C296BE1E 		.ascii	"\302\226\276\036.\225\017_\233\015\340\227XFG\306D\261"
 251      2E950F5F 
 251      9B0DE097 
 251      584647C6 
 251      44B1
 252 035a 0FADC674 		.ascii	"\017\255\306t\325\271\3147\035~$L{\232\225\036\312l"
 252      D5B9CC37 
 252      1D7E244C 
 252      7B9A951E 
 252      CA6C
 253 036c FD73662A 		.ascii	"\375sf*\254fr\227hI\203\363nWC}\011F\227\304G'9\306"
 253      AC667297 
 253      684983F3 
 253      6E57437D 
 253      094697C4 
 254 0384 46EE9030 		.ascii	"F\356\2200\346ey\344\027\270x\233\217\260\2448\363\244"
 254      E66579E4 
 254      17B8789B 
 254      8FB0A438 
 254      F3A4
 255 0396 868EF21A 		.ascii	"\206\216\362\032\245\027\3567\370\020m\230WA\263\027"
 255      A517EE37 
 255      F8106D98 
 255      5741B317 
 256 03a6 011FCC60 		.ascii	"\001\037\314`\306:x\274\202H\023\214\245\3219\226\273"
 256      C63A78BC 
 256      8248138C 
 256      A5D13996 
ARM GAS  /tmp/cc6sB09Y.s 			page 19


 256      BB
 257 03b7 AC19ACC6 		.ascii	"\254\031\254\306/\305i/\324\272\375\016)&:\233\326B"
 257      2FC5692F 
 257      D4BAFD0E 
 257      29263A9B 
 257      D642
 258 03c9 74CA03D9 		.ascii	"t\312\003\331\334\222^\357Cs\371Cm\031\315\377\331\237"
 258      DC925EEF 
 258      4373F943 
 258      6D19CDFF 
 258      D99F
 259 03db 16F3938E 		.ascii	"\026\363\223\216\261\226\343\376\274\221A.\223\026\242"
 259      B196E3FE 
 259      BC91412E 
 259      9316A2
 260 03ea 4CDAFDE1 		.ascii	"L\332\375\341wW\265\364\022\346j\272\206z\256\373\220"
 260      7757B5F4 
 260      12E66ABA 
 260      867AAEFB 
 260      90
 261 03fb 55B0852D 		.ascii	"U\260\205-=\311\212\016\315\016}\227\005\217\344\027"
 261      3DC98A0E 
 261      CD0E7D97 
 261      058FE417 
 262 040b AC14B905 		.ascii	"\254\024\271\005#|@\226:o\354&\216\"\002\376H\230n\035"
 262      237C4096 
 262      3A6FEC26 
 262      8E2202FE 
 262      48986E1D 
 263 041f 30C9691A 		.ascii	"0\311i\032\314\275\347\231k`\251\347\2113w\302\221\333"
 263      CCBDE799 
 263      6B60A9E7 
 263      893377C2 
 263      91DB
 264 0431 EEDDEB9A 		.ascii	"\356\335\353\232\334\347Hn\365*\3061`O\255\275&Y\366"
 264      DCE7486E 
 264      F52AC631 
 264      604FADBD 
 264      2659F6
 265 0444 652992D2 		.ascii	"e)\222\322N\266e*/1\031\236#\322\006\350},\301D\220"
 265      4EB6652A 
 265      2F31199E 
 265      23D206E8 
 265      7D2CC144 
 266 0459 447A6086 		.ascii	"Dz`\206\272\311*\322\011\321\001\321EV\331_u=\017\333"
 266      BAC92AD2 
 266      09D101D1 
 266      4556D95F 
 266      753D0FDB 
 267 046d 1BFCA815 		.ascii	"\033\374\250\025\033\244\252?\326V\351O\302\226\362"
 267      1BA4AA3F 
 267      D656E94F 
 267      C296F2
 268 047c 4AD301B0 		.ascii	"J\323\001\260\214\036\203\342\241s\352X\335E\312\301"
 268      8C1E83E2 
 268      A173EA58 
 268      DD45CAC1 
ARM GAS  /tmp/cc6sB09Y.s 			page 20


 269 048c BF99B0FF 		.ascii	"\277\231\260\377\247\342\333\327\2652\015\266(\212/"
 269      A7E2DBD7 
 269      B5320DB6 
 269      288A2F
 270 049b D558E23A 		.ascii	"\325X\342:H\352q\314\275$\330\376\274\260\354\246\222"
 270      48EA71CC 
 270      BD24D8FE 
 270      BCB0ECA6 
 270      92
 271 04ac 4335FAA5 		.ascii	"C5\372\245JA\353\242\005\245\305\252]x\222?\037\340"
 271      4A41EBA2 
 271      05A5C5AA 
 271      5D78923F 
 271      1FE0
 272 04be 5AADEF7F 		.ascii	"Z\255\357\177Uk\314\264\335\321|~Jn\203w\337\\\312\247"
 272      556BCCB4 
 272      DDD17C7E 
 272      4A6E8377 
 272      DF5CCAA7 
 273 04d2 BB65AB9A 		.ascii	"\273e\253\232\364\223`\3623\357\200\013\310\256\374"
 273      F49360F2 
 273      33EF800B 
 273      C8AEFC
 274 04e1 135E5F03 		.ascii	"\023^_\003\344s\366\302\231J\257\322\3236\276$OTL\334"
 274      E473F6C2 
 274      994AAFD2 
 274      D336BE24 
 274      4F544CDC 
 275 04f5 0E00C910 		.ascii	"\016\000\311\020LlVCH\216|S\215\013{P\2218\027\370 "
 275      4C6C5643 
 275      488E7C53 
 275      8D0B7B50 
 275      913817F8 
 276 050a 7B059121 		.ascii	"{\005\221!T\274N\357^\320S\033W4}xp\220r\205\234g\332"
 276      54BC4EEF 
 276      5ED0531B 
 276      57347D78 
 276      70907285 
 277 0521 EB87FC13 		.ascii	"\353\207\374\023\201\177\202\374S\344O\177\354\272\254"
 277      817F82FC 
 277      53E44F7F 
 277      ECBAAC
 278 0530 A1E39C4F 		.ascii	"\241\343\234O.\350\036\266\363\217\354\274M\340m\310"
 278      2EE81EB6 
 278      F38FECBC 
 278      4DE06DC8 
 279 0540 3F433EA7 		.ascii	"?C>\247t$GKe\212|\306\336\236{K\024>\247Ag\265\0204"
 279      7424474B 
 279      658A7CC6 
 279      DE9E7B4B 
 279      143EA741 
 280 0558 3C170CCF 		.ascii	"<\027\014\317\321\360\002\015\317o\335}\342K-\334p8"
 280      D1F0020D 
 280      CF6FDD7D 
 280      E24B2DDC 
 280      7038
 281 056a F37A9646 		.ascii	"\363z\226FiB\216K\023~\025\024\277\242\342%*\222\306"
ARM GAS  /tmp/cc6sB09Y.s 			page 21


 281      69428E4B 
 281      137E1514 
 281      BFA2E225 
 281      2A92C6
 282 057d B22BFDE9 		.ascii	"\262+\375\351)\256\230\357\356\034Ty6\341\225\300\277"
 282      29AE98EF 
 282      EE1C5479 
 282      36E195C0 
 282      BF
 283 058e 42FE35F2 		.ascii	"B\3765\362\355\326\352R\037Z\311\371\256\264\234T\037"
 283      EDD6EA52 
 283      1F5AC9F9 
 283      AEB49C54 
 283      1F
 284 059f CF26BC11 		.ascii	"\317&\274\021\3707\310\017#\377\302v\260RC\255\234\237"
 284      F837C80F 
 284      23FFC276 
 284      B05243AD 
 284      9C9F
 285 05b1 DE577543 		.ascii	"\336WuC#6aD0\214\240a\024\015}\005gfu\264\215\033*\222"
 285      23366144 
 285      308CA061 
 285      140D7D05 
 285      676675B4 
 286 05c9 5EDA9411 		.ascii	"^\332\224\021X\013\\\232\360VP\274E\305\030*\262kZ\256"
 286      580B5C9A 
 286      F05650BC 
 286      45C5182A 
 286      B26B5AAE 
 287 05dd F8501B57 		.ascii	"\370P\033W4\354\353h\326{6a\\\340\307\221\237@~\241"
 287      34ECEB68 
 287      D67B3661 
 287      5CE0C791 
 287      9F407EA1 
 288 05f1 B5E09E8A 		.ascii	"\265\340\236\212\216s\376\371\261\344*\275g\023&\005"
 288      8E73FEF9 
 288      B1E42ABD 
 288      67132605 
 289 0601 7E12F929 		.ascii	"~\022\371)\344\233\352\016\327\302JP#\177h\246bB-6a"
 289      E49BEA0E 
 289      D7C24A50 
 289      237F68A6 
 289      62422D36 
 290 0616 5A304CA3 		.ascii	"Z0L\243\34174\034;\230\366\011\265pA\322\361s\373\225"
 290      E137341C 
 290      3B98F609 
 290      B57041D2 
 290      F173FB95 
 291 062a 0158AB5D 		.ascii	"\001X\253]z\360N0\274C\303\014\177\032.\\\253\366\243"
 291      7AF04E30 
 291      BC43C30C 
 291      7F1A2E5C 
 291      ABF6A3
 292 063d A7B822BB 		.ascii	"\247\270\"\273x\341\244\237g\017f\005~\026\371\367\310"
 292      78E1A49F 
 292      670F6605 
 292      7E16F9F7 
ARM GAS  /tmp/cc6sB09Y.s 			page 22


 292      C8
 293 064e CF15CD96 		.ascii	"\317\025\315\226\252i%\347\213jN\274\026z0'\360s\310"
 293      AA6925E7 
 293      8B6A4EBC 
 293      167A3027 
 293      F073C8
 294 0661 7F403E2F 		.ascii	"\177@>/\377D\255\216Z9_:4\225\357'\366`^0\314\243\341"
 294      FF44AD8E 
 294      5A395F3A 
 294      3495EF27 
 294      F6605E30 
 295 0678 231A2ED4 		.ascii	"#\032.\324\367\327\370\3216n\2701\3336\251U\232P\353"
 295      F7D7F8D1 
 295      366EB831 
 295      DB36A955 
 295      9A50EB
 296 068b D2840541 		.ascii	"\322\204\005A\261\200\012Y\305\024\3113)y\276\324\306"
 296      B1800A59 
 296      C514C933 
 296      2979BED4 
 296      C6
 297 069c 1573971E 		.ascii	"\025s\227\036?\024\232\260[\345\311\303\025\370\233"
 297      3F149AB0 
 297      5BE5C9C3 
 297      15F89B
 298 06ab 847C4376 		.ascii	"\204|Cvz\225?\035\347|\306\300\361Q\177\317&\354\021"
 298      7A953F1D 
 298      E77CC6C0 
 298      F1517FCF 
 298      26EC11
 299 06be F83DC8EF 		.ascii	"\370=\310\357E\376\247)K\243\232\312K\370\323t\2632"
 299      45FEA729 
 299      4BA39ACA 
 299      4BF8D374 
 299      B332
 300 06d0 5F253621 		.ascii	"_%6!Y0$\243!\005\015i7N\227h\251\205\033N\016\324\347"
 300      593024A3 
 300      21050D69 
 300      374E9768 
 300      A9851B4E 
 301 06e7 052A4D68 		.ascii	"\005*MhwiB\252\240HE\305>T\324\234-\237\200W\002Wt\326"
 301      776942AA 
 301      A04845C5 
 301      3E54D49C 
 301      2D9F8057 
 302 06ff F6546A3C 		.ascii	"\366Tj<\233\220&\360i\310\357G\376\352\310\343\031\015"
 302      9B9026F0 
 302      69C8EF47 
 302      FEEAC8E3 
 302      190D
 303 0711 ADE4FCD5 		.ascii	"\255\344\374\325\307Om\276\236M8 \360\007\220?\210\374"
 303      C74F6DBE 
 303      9E4D3820 
 303      F007903F 
 303      88FC
 304 0723 64B3059E 		.ascii	"d\263\005\236\006+\347\313.\375t^+6!]0\244\243\341\020"
 304      062BE7CB 
ARM GAS  /tmp/cc6sB09Y.s 			page 23


 304      2EFD745E 
 304      2B36215D 
 304      30A4A3E1 
 305 0738 1A6AEBE6 		.ascii	"\032j\353\346>\241m\\\220\323\224yDy1[\037\270\364 "
 305      3EA16D5C 
 305      90D39479 
 305      4479315B 
 305      1FB8F420 
 306 074c 433064A0 		.ascii	"C0d\240\301\202\006Ky\321\007X\010\\1\232=[\342\357"
 306      C182064B 
 306      79D10758 
 306      085C319A 
 306      3D5BE2EF 
 307 0760 D9834C81 		.ascii	"\331\203L\201\317D\3760\277\207\316\262\007\001t\234"
 307      CF44FE30 
 307      BF87CEB2 
 307      0701749C 
 308 0770 F30D6303 		.ascii	"\363\015c\003\247\002<{\220%\360Y\310\037A~\250\372"
 308      A7023C7B 
 308      9025F059 
 308      C81F417E 
 308      A8FA
 309 0782 72792095 		.ascii	"ry \2255\310/\264\354k\366\362F\370Q0\374\210\206\243"
 309      35C82FB4 
 309      EC6BF6F2 
 309      46F85130 
 309      FC8886A3 
 310 0796 68386FB1 		.ascii	"h8o\261e\373P\0137<\1776\276\333\3764\364\2734![Pd\243"
 310      65FB500B 
 310      373C7F36 
 310      BEDBFE34 
 310      F4BB3421 
 311 07ae E2182A72 		.ascii	"\342\030*r;\217\300'\373)\256\030\315\250\251\027\026"
 311      3B8FC027 
 311      FB29AE18 
 311      CDA8A917 
 311      16
 312 07bf 428EC0E7 		.ascii	"B\216\300\347 \237\213\374p\352\340\000,\004\316\327"
 312      209F8BFC 
 312      70EAE000 
 312      2C04CED7 
 313 07cf 3D       		.ascii	"="
 314 07d0 4A69259E 		.ascii	"Ji%\236M\310\023\370<\344\363\221\317\236|\277\007\026"
 314      4DC813F8 
 314      3CE4F391 
 314      CF9E7CBF 
 314      0716
 315 07e2 02E7737B 		.ascii	"\002\347s{\223\036\372\210M8.\030\216\243\341\004\032"
 315      931EFA88 
 315      4D382E18 
 315      8EA3E104 
 315      1A
 316 07f3 A6A71BAD 		.ascii	"\246\247\033\255\304\365s\267\317\345CO\"\005*\374\334"
 316      C4F573B7 
 316      CFE5434F 
 316      22052AFC 
 316      DC
ARM GAS  /tmp/cc6sB09Y.s 			page 24


 317 0804 657B484E 		.ascii	"e{HN\031+m\015tMf\337!\316\344B%\271\020\223\273\317"
 317      192B6D0D 
 317      744D66DF 
 317      21CEE442 
 317      25B91093 
 318 081a F44F38CC 		.ascii	"\364O8\314\226\305>\244I\021@\376FcT\\\274\311\030\035"
 318      96C53EA4 
 318      491140FE 
 318      4663545C 
 318      BCC9181D 
 319 082e 1B6D56EF 		.ascii	"\033mV\3570E\376\340\373\365\337\376\025\272)\"B\372"
 319      3045FEE0 
 319      FBF5DFFE 
 319      15BA2922 
 319      42FA
 320 0840 2A3CDCB0 		.ascii	"*<\334\260ik\364\346\350o\2773F\374)<\"<\302`\210K0"
 320      696BF4E6 
 320      E86FBF33 
 320      46FC293C 
 320      223CC260 
 321 0857 44C56DDB 		.ascii	"D\305m\333\026\027kH0G\306\233\023\267\033\276\372\307"
 321      16176B48 
 321      3047C69B 
 321      13B71BBE 
 321      FAC7
 322 0869 379BBED9 		.ascii	"7\233\276\331\311\256n\217\2161\305'\030\276\336\264"
 322      C9AE6E8F 
 322      8E31C527 
 322      18BEDEB4 
 323 0879 C910156F 		.ascii	"\311\020\025o\216\010\217\222tF\243)2>f\027\312\241"
 323      8E088F92 
 323      7446A329 
 323      323E6617 
 323      CAA1
 324 088b 504CA499 		.ascii	"PL\244\231\027\0124\032\267\230\376\023\231\030c6\232"
 324      170A341A 
 324      B798FE13 
 324      99186336 
 324      9A
 325 089c 76469B7D 		.ascii	"vF\233}ca\004\346\304\370\330 #\376l\214\217\334f\214"
 325      636104E6 
 325      C4F8D820 
 325      23FE6C8C 
 325      8FDC668C 
 326 08b0 8C374526 		.ascii	"\2147E&\3709\216\264Q1\340\302c\255\321\230\030\035"
 326      F8398EB4 
 326      5131E0C2 
 326      63ADD198 
 326      181D
 327 08c2 6B5EBBC6 		.ascii	"k^\273\306h\376\243!1!\336\020\035\033\025\223\270\305"
 327      68FEA321 
 327      3121DE10 
 327      1D1B1593 
 327      B8C5
 328 08d4 648835ED 		.ascii	"d\2105\355\210\211\336l\330\026\031\2655:\326dp\324"
 328      8889DE6C 
 328      D81619B5 
ARM GAS  /tmp/cc6sB09Y.s 			page 25


 328      353AD664 
 328      70D4
 329 08e6 30EFDA6E 		.ascii	"0\357\332nJ\010\337*\371\332\261\225\336\260\204]\011"
 329      4A08DF2A 
 329      F9DAB195 
 329      DEB0845D 
 329      09
 330 08f7 06638279 		.ascii	"\006c\202y\013\344@\256\037\016\204\225\013\304#\263"
 330      0BE440AE 
 330      1F0E8495 
 330      0BC423B3 
 331 0907 69273FD5 		.ascii	"i'?\325\305\306\031\035\277\351\331\370\034gFs\260\221"
 331      C5C6191D 
 331      BFE9D9F8 
 331      1C674673 
 331      B091
 332 0919 8DFD0BA3 		.ascii	"\215\375\013\243\0231\006\270^2\006*g\374n\214z\345"
 332      133106B8 
 332      5E32062A 
 332      67FC6E8C 
 332      7AE5
 333 092b 34368EFF 		.ascii	"46\216\377\314\371\010\221\217p\343#\334\371\010\017"
 333      CCF90891 
 333      8F70E323 
 333      DCF9080F 
 334 093b 7E8DC8AF 		.ascii	"~\215\310\257q\343\327\270\363k<\370\265\"\277\326\215"
 334      71E3D7B8 
 334      F36B3CF8 
 334      B522BFD6 
 334      8D
 335 094c 5FEBCEAF 		.ascii	"_\353\316\257\365\340\327\211\374:7~\235;\277\316\203"
 335      F5E0D789 
 335      FC3A377E 
 335      9D3BBFCE 
 335      83
 336 095d 5F2FF2EB 		.ascii	"_/\362\353\335\370\365\356\374z\017~\203\310op\3437"
 336      DDF8F5EE 
 336      FC7A0F7E 
 336      83C86F70 
 336      E337
 337 096f B8F31B3C 		.ascii	"\270\363\033<\370\215\"\277\321\215\337\350\316ot\360"
 337      F88D22BF 
 337      D18DDFE8 
 337      CE6F74F0 
 338 097f FF0502BA 		.ascii	"\377\005\002\2727\275"
 338      37BD
 339              		.text
 340              		.section	.gnu.lto_.symtab.17c314474a740c25,"",%progbits
 341 0000 5F5F636F 		.ascii	"__core_init\000"
 341      72655F69 
 341      6E697400 
 342 000c 00       		.ascii	"\000"
 343 000d 01       		.ascii	"\001"
 344 000e 00       		.ascii	"\000"
 345 000f 00000000 		.ascii	"\000\000\000\000\000\000\000\000"
 345      00000000 
 346 0017 AF000000 		.ascii	"\257\000\000\000"
ARM GAS  /tmp/cc6sB09Y.s 			page 26


 347 001b 5F5F6561 		.ascii	"__early_init\000"
 347      726C795F 
 347      696E6974 
 347      00
 348 0028 00       		.ascii	"\000"
 349 0029 01       		.ascii	"\001"
 350 002a 00       		.ascii	"\000"
 351 002b 00000000 		.ascii	"\000\000\000\000\000\000\000\000"
 351      00000000 
 352 0033 B2000000 		.ascii	"\262\000\000\000"
 353 0037 5F5F6C61 		.ascii	"__late_init\000"
 353      74655F69 
 353      6E697400 
 354 0043 00       		.ascii	"\000"
 355 0044 01       		.ascii	"\001"
 356 0045 00       		.ascii	"\000"
 357 0046 00000000 		.ascii	"\000\000\000\000\000\000\000\000"
 357      00000000 
 358 004e B5000000 		.ascii	"\265\000\000\000"
 359 0052 5F5F6465 		.ascii	"__default_exit\000"
 359      6661756C 
 359      745F6578 
 359      697400
 360 0061 00       		.ascii	"\000"
 361 0062 01       		.ascii	"\001"
 362 0063 00       		.ascii	"\000"
 363 0064 00000000 		.ascii	"\000\000\000\000\000\000\000\000"
 363      00000000 
 364 006c BA000000 		.ascii	"\272\000\000\000"
 365 0070 5F5F696E 		.ascii	"__init_ram_areas\000"
 365      69745F72 
 365      616D5F61 
 365      72656173 
 365      00
 366 0081 00       		.ascii	"\000"
 367 0082 00       		.ascii	"\000"
 368 0083 00       		.ascii	"\000"
 369 0084 00000000 		.ascii	"\000\000\000\000\000\000\000\000"
 369      00000000 
 370 008c BC000000 		.ascii	"\274\000\000\000"
 371 0090 5F5F7261 		.ascii	"__ram0_init_text__\000"
 371      6D305F69 
 371      6E69745F 
 371      74657874 
 371      5F5F00
 372 00a3 00       		.ascii	"\000"
 373 00a4 02       		.ascii	"\002"
 374 00a5 00       		.ascii	"\000"
 375 00a6 00000000 		.ascii	"\000\000\000\000\000\000\000\000"
 375      00000000 
 376 00ae E0000000 		.ascii	"\340\000\000\000"
 377 00b2 5F5F7261 		.ascii	"__ram0_init__\000"
 377      6D305F69 
 377      6E69745F 
 377      5F00
 378 00c0 00       		.ascii	"\000"
 379 00c1 02       		.ascii	"\002"
ARM GAS  /tmp/cc6sB09Y.s 			page 27


 380 00c2 00       		.ascii	"\000"
 381 00c3 00000000 		.ascii	"\000\000\000\000\000\000\000\000"
 381      00000000 
 382 00cb E2000000 		.ascii	"\342\000\000\000"
 383 00cf 5F5F7261 		.ascii	"__ram0_clear__\000"
 383      6D305F63 
 383      6C656172 
 383      5F5F00
 384 00de 00       		.ascii	"\000"
 385 00df 02       		.ascii	"\002"
 386 00e0 00       		.ascii	"\000"
 387 00e1 00000000 		.ascii	"\000\000\000\000\000\000\000\000"
 387      00000000 
 388 00e9 E4000000 		.ascii	"\344\000\000\000"
 389 00ed 5F5F7261 		.ascii	"__ram0_noinit__\000"
 389      6D305F6E 
 389      6F696E69 
 389      745F5F00 
 390 00fd 00       		.ascii	"\000"
 391 00fe 02       		.ascii	"\002"
 392 00ff 00       		.ascii	"\000"
 393 0100 00000000 		.ascii	"\000\000\000\000\000\000\000\000"
 393      00000000 
 394 0108 E6000000 		.ascii	"\346\000\000\000"
 395 010c 5F5F7261 		.ascii	"__ram1_init_text__\000"
 395      6D315F69 
 395      6E69745F 
 395      74657874 
 395      5F5F00
 396 011f 00       		.ascii	"\000"
 397 0120 02       		.ascii	"\002"
 398 0121 00       		.ascii	"\000"
 399 0122 00000000 		.ascii	"\000\000\000\000\000\000\000\000"
 399      00000000 
 400 012a E8000000 		.ascii	"\350\000\000\000"
 401 012e 5F5F7261 		.ascii	"__ram1_init__\000"
 401      6D315F69 
 401      6E69745F 
 401      5F00
 402 013c 00       		.ascii	"\000"
 403 013d 02       		.ascii	"\002"
 404 013e 00       		.ascii	"\000"
 405 013f 00000000 		.ascii	"\000\000\000\000\000\000\000\000"
 405      00000000 
 406 0147 EA000000 		.ascii	"\352\000\000\000"
 407 014b 5F5F7261 		.ascii	"__ram1_clear__\000"
 407      6D315F63 
 407      6C656172 
 407      5F5F00
 408 015a 00       		.ascii	"\000"
 409 015b 02       		.ascii	"\002"
 410 015c 00       		.ascii	"\000"
 411 015d 00000000 		.ascii	"\000\000\000\000\000\000\000\000"
 411      00000000 
 412 0165 EC000000 		.ascii	"\354\000\000\000"
 413 0169 5F5F7261 		.ascii	"__ram1_noinit__\000"
 413      6D315F6E 
ARM GAS  /tmp/cc6sB09Y.s 			page 28


 413      6F696E69 
 413      745F5F00 
 414 0179 00       		.ascii	"\000"
 415 017a 02       		.ascii	"\002"
 416 017b 00       		.ascii	"\000"
 417 017c 00000000 		.ascii	"\000\000\000\000\000\000\000\000"
 417      00000000 
 418 0184 EE000000 		.ascii	"\356\000\000\000"
 419 0188 5F5F7261 		.ascii	"__ram2_init_text__\000"
 419      6D325F69 
 419      6E69745F 
 419      74657874 
 419      5F5F00
 420 019b 00       		.ascii	"\000"
 421 019c 02       		.ascii	"\002"
 422 019d 00       		.ascii	"\000"
 423 019e 00000000 		.ascii	"\000\000\000\000\000\000\000\000"
 423      00000000 
 424 01a6 F0000000 		.ascii	"\360\000\000\000"
 425 01aa 5F5F7261 		.ascii	"__ram2_init__\000"
 425      6D325F69 
 425      6E69745F 
 425      5F00
 426 01b8 00       		.ascii	"\000"
 427 01b9 02       		.ascii	"\002"
 428 01ba 00       		.ascii	"\000"
 429 01bb 00000000 		.ascii	"\000\000\000\000\000\000\000\000"
 429      00000000 
 430 01c3 F2000000 		.ascii	"\362\000\000\000"
 431 01c7 5F5F7261 		.ascii	"__ram2_clear__\000"
 431      6D325F63 
 431      6C656172 
 431      5F5F00
 432 01d6 00       		.ascii	"\000"
 433 01d7 02       		.ascii	"\002"
 434 01d8 00       		.ascii	"\000"
 435 01d9 00000000 		.ascii	"\000\000\000\000\000\000\000\000"
 435      00000000 
 436 01e1 F4000000 		.ascii	"\364\000\000\000"
 437 01e5 5F5F7261 		.ascii	"__ram2_noinit__\000"
 437      6D325F6E 
 437      6F696E69 
 437      745F5F00 
 438 01f5 00       		.ascii	"\000"
 439 01f6 02       		.ascii	"\002"
 440 01f7 00       		.ascii	"\000"
 441 01f8 00000000 		.ascii	"\000\000\000\000\000\000\000\000"
 441      00000000 
 442 0200 F6000000 		.ascii	"\366\000\000\000"
 443 0204 5F5F7261 		.ascii	"__ram3_init_text__\000"
 443      6D335F69 
 443      6E69745F 
 443      74657874 
 443      5F5F00
 444 0217 00       		.ascii	"\000"
 445 0218 02       		.ascii	"\002"
 446 0219 00       		.ascii	"\000"
ARM GAS  /tmp/cc6sB09Y.s 			page 29


 447 021a 00000000 		.ascii	"\000\000\000\000\000\000\000\000"
 447      00000000 
 448 0222 F8000000 		.ascii	"\370\000\000\000"
 449 0226 5F5F7261 		.ascii	"__ram3_init__\000"
 449      6D335F69 
 449      6E69745F 
 449      5F00
 450 0234 00       		.ascii	"\000"
 451 0235 02       		.ascii	"\002"
 452 0236 00       		.ascii	"\000"
 453 0237 00000000 		.ascii	"\000\000\000\000\000\000\000\000"
 453      00000000 
 454 023f FA000000 		.ascii	"\372\000\000\000"
 455 0243 5F5F7261 		.ascii	"__ram3_clear__\000"
 455      6D335F63 
 455      6C656172 
 455      5F5F00
 456 0252 00       		.ascii	"\000"
 457 0253 02       		.ascii	"\002"
 458 0254 00       		.ascii	"\000"
 459 0255 00000000 		.ascii	"\000\000\000\000\000\000\000\000"
 459      00000000 
 460 025d FC000000 		.ascii	"\374\000\000\000"
 461 0261 5F5F7261 		.ascii	"__ram3_noinit__\000"
 461      6D335F6E 
 461      6F696E69 
 461      745F5F00 
 462 0271 00       		.ascii	"\000"
 463 0272 02       		.ascii	"\002"
 464 0273 00       		.ascii	"\000"
 465 0274 00000000 		.ascii	"\000\000\000\000\000\000\000\000"
 465      00000000 
 466 027c FE000000 		.ascii	"\376\000\000\000"
 467 0280 5F5F7261 		.ascii	"__ram4_init_text__\000"
 467      6D345F69 
 467      6E69745F 
 467      74657874 
 467      5F5F00
 468 0293 00       		.ascii	"\000"
 469 0294 02       		.ascii	"\002"
 470 0295 00       		.ascii	"\000"
 471 0296 00000000 		.ascii	"\000\000\000\000\000\000\000\000"
 471      00000000 
 472 029e 00010000 		.ascii	"\000\001\000\000"
 473 02a2 5F5F7261 		.ascii	"__ram4_init__\000"
 473      6D345F69 
 473      6E69745F 
 473      5F00
 474 02b0 00       		.ascii	"\000"
 475 02b1 02       		.ascii	"\002"
 476 02b2 00       		.ascii	"\000"
 477 02b3 00000000 		.ascii	"\000\000\000\000\000\000\000\000"
 477      00000000 
 478 02bb 02010000 		.ascii	"\002\001\000\000"
 479 02bf 5F5F7261 		.ascii	"__ram4_clear__\000"
 479      6D345F63 
 479      6C656172 
ARM GAS  /tmp/cc6sB09Y.s 			page 30


 479      5F5F00
 480 02ce 00       		.ascii	"\000"
 481 02cf 02       		.ascii	"\002"
 482 02d0 00       		.ascii	"\000"
 483 02d1 00000000 		.ascii	"\000\000\000\000\000\000\000\000"
 483      00000000 
 484 02d9 04010000 		.ascii	"\004\001\000\000"
 485 02dd 5F5F7261 		.ascii	"__ram4_noinit__\000"
 485      6D345F6E 
 485      6F696E69 
 485      745F5F00 
 486 02ed 00       		.ascii	"\000"
 487 02ee 02       		.ascii	"\002"
 488 02ef 00       		.ascii	"\000"
 489 02f0 00000000 		.ascii	"\000\000\000\000\000\000\000\000"
 489      00000000 
 490 02f8 06010000 		.ascii	"\006\001\000\000"
 491 02fc 5F5F7261 		.ascii	"__ram5_init_text__\000"
 491      6D355F69 
 491      6E69745F 
 491      74657874 
 491      5F5F00
 492 030f 00       		.ascii	"\000"
 493 0310 02       		.ascii	"\002"
 494 0311 00       		.ascii	"\000"
 495 0312 00000000 		.ascii	"\000\000\000\000\000\000\000\000"
 495      00000000 
 496 031a 08010000 		.ascii	"\010\001\000\000"
 497 031e 5F5F7261 		.ascii	"__ram5_init__\000"
 497      6D355F69 
 497      6E69745F 
 497      5F00
 498 032c 00       		.ascii	"\000"
 499 032d 02       		.ascii	"\002"
 500 032e 00       		.ascii	"\000"
 501 032f 00000000 		.ascii	"\000\000\000\000\000\000\000\000"
 501      00000000 
 502 0337 0A010000 		.ascii	"\012\001\000\000"
 503 033b 5F5F7261 		.ascii	"__ram5_clear__\000"
 503      6D355F63 
 503      6C656172 
 503      5F5F00
 504 034a 00       		.ascii	"\000"
 505 034b 02       		.ascii	"\002"
 506 034c 00       		.ascii	"\000"
 507 034d 00000000 		.ascii	"\000\000\000\000\000\000\000\000"
 507      00000000 
 508 0355 0C010000 		.ascii	"\014\001\000\000"
 509 0359 5F5F7261 		.ascii	"__ram5_noinit__\000"
 509      6D355F6E 
 509      6F696E69 
 509      745F5F00 
 510 0369 00       		.ascii	"\000"
 511 036a 02       		.ascii	"\002"
 512 036b 00       		.ascii	"\000"
 513 036c 00000000 		.ascii	"\000\000\000\000\000\000\000\000"
 513      00000000 
ARM GAS  /tmp/cc6sB09Y.s 			page 31


 514 0374 0E010000 		.ascii	"\016\001\000\000"
 515 0378 5F5F7261 		.ascii	"__ram6_init_text__\000"
 515      6D365F69 
 515      6E69745F 
 515      74657874 
 515      5F5F00
 516 038b 00       		.ascii	"\000"
 517 038c 02       		.ascii	"\002"
 518 038d 00       		.ascii	"\000"
 519 038e 00000000 		.ascii	"\000\000\000\000\000\000\000\000"
 519      00000000 
 520 0396 10010000 		.ascii	"\020\001\000\000"
 521 039a 5F5F7261 		.ascii	"__ram6_init__\000"
 521      6D365F69 
 521      6E69745F 
 521      5F00
 522 03a8 00       		.ascii	"\000"
 523 03a9 02       		.ascii	"\002"
 524 03aa 00       		.ascii	"\000"
 525 03ab 00000000 		.ascii	"\000\000\000\000\000\000\000\000"
 525      00000000 
 526 03b3 12010000 		.ascii	"\022\001\000\000"
 527 03b7 5F5F7261 		.ascii	"__ram6_clear__\000"
 527      6D365F63 
 527      6C656172 
 527      5F5F00
 528 03c6 00       		.ascii	"\000"
 529 03c7 02       		.ascii	"\002"
 530 03c8 00       		.ascii	"\000"
 531 03c9 00000000 		.ascii	"\000\000\000\000\000\000\000\000"
 531      00000000 
 532 03d1 14010000 		.ascii	"\024\001\000\000"
 533 03d5 5F5F7261 		.ascii	"__ram6_noinit__\000"
 533      6D365F6E 
 533      6F696E69 
 533      745F5F00 
 534 03e5 00       		.ascii	"\000"
 535 03e6 02       		.ascii	"\002"
 536 03e7 00       		.ascii	"\000"
 537 03e8 00000000 		.ascii	"\000\000\000\000\000\000\000\000"
 537      00000000 
 538 03f0 16010000 		.ascii	"\026\001\000\000"
 539 03f4 5F5F7261 		.ascii	"__ram7_init_text__\000"
 539      6D375F69 
 539      6E69745F 
 539      74657874 
 539      5F5F00
 540 0407 00       		.ascii	"\000"
 541 0408 02       		.ascii	"\002"
 542 0409 00       		.ascii	"\000"
 543 040a 00000000 		.ascii	"\000\000\000\000\000\000\000\000"
 543      00000000 
 544 0412 18010000 		.ascii	"\030\001\000\000"
 545 0416 5F5F7261 		.ascii	"__ram7_init__\000"
 545      6D375F69 
 545      6E69745F 
 545      5F00
ARM GAS  /tmp/cc6sB09Y.s 			page 32


 546 0424 00       		.ascii	"\000"
 547 0425 02       		.ascii	"\002"
 548 0426 00       		.ascii	"\000"
 549 0427 00000000 		.ascii	"\000\000\000\000\000\000\000\000"
 549      00000000 
 550 042f 1A010000 		.ascii	"\032\001\000\000"
 551 0433 5F5F7261 		.ascii	"__ram7_clear__\000"
 551      6D375F63 
 551      6C656172 
 551      5F5F00
 552 0442 00       		.ascii	"\000"
 553 0443 02       		.ascii	"\002"
 554 0444 00       		.ascii	"\000"
 555 0445 00000000 		.ascii	"\000\000\000\000\000\000\000\000"
 555      00000000 
 556 044d 1C010000 		.ascii	"\034\001\000\000"
 557 0451 5F5F7261 		.ascii	"__ram7_noinit__\000"
 557      6D375F6E 
 557      6F696E69 
 557      745F5F00 
 558 0461 00       		.ascii	"\000"
 559 0462 02       		.ascii	"\002"
 560 0463 00       		.ascii	"\000"
 561 0464 00000000 		.ascii	"\000\000\000\000\000\000\000\000"
 561      00000000 
 562 046c 1E010000 		.ascii	"\036\001\000\000"
 563              		.text
 564              		.section	.gnu.lto_.opts,"",%progbits
 565 0000 272D666D 		.ascii	"'-fmath-errno' '-fsigned-zeros' '-ftrapping-math' '"
 565      6174682D 
 565      6572726E 
 565      6F272027 
 565      2D667369 
 566 0033 2D666E6F 		.ascii	"-fno-trapv' '-fno-strict-overflow' '-fno-openmp' '-"
 566      2D747261 
 566      70762720 
 566      272D666E 
 566      6F2D7374 
 567 0066 666E6F2D 		.ascii	"fno-openacc' '-mcpu=cortex-m4' '-mthumb' '-mfloat-a"
 567      6F70656E 
 567      61636327 
 567      20272D6D 
 567      6370753D 
 568 0099 62693D68 		.ascii	"bi=hard' '-mfpu=fpv4-sp-d16' '-g' '-ggdb' '-Og' '-f"
 568      61726427 
 568      20272D6D 
 568      6670753D 
 568      66707634 
 569 00cc 6F6D6974 		.ascii	"omit-frame-pointer' '-falign-functions=16' '-ffunct"
 569      2D667261 
 569      6D652D70 
 569      6F696E74 
 569      65722720 
 570 00ff 696F6E2D 		.ascii	"ion-sections' '-fdata-sections' '-fno-common' '-flt"
 570      73656374 
 570      696F6E73 
 570      2720272D 
ARM GAS  /tmp/cc6sB09Y.s 			page 33


 570      66646174 
 571 0132 6F2700   		.ascii	"o'\000"
 572              		.text
 573              		.comm	__gnu_lto_v1,1,1
 574              		.comm	__gnu_lto_slim,1,1
 575              		.ident	"GCC: (15:5.4.1+svn241155-1) 5.4.1 20160919"
ARM GAS  /tmp/cc6sB09Y.s 			page 34


DEFINED SYMBOLS
                            *ABS*:0000000000000000 crt1.c
                            *COM*:0000000000000001 __gnu_lto_v1
                            *COM*:0000000000000001 __gnu_lto_slim

NO UNDEFINED SYMBOLS
