ARM GAS  /tmp/ccDWtAi2.s 			page 1


   1              		.syntax unified
   2              		.cpu cortex-m4
   3              		.eabi_attribute 27, 1
   4              		.eabi_attribute 28, 1
   5              		.fpu fpv4-sp-d16
   6              		.eabi_attribute 20, 1
   7              		.eabi_attribute 21, 1
   8              		.eabi_attribute 23, 3
   9              		.eabi_attribute 24, 1
  10              		.eabi_attribute 25, 1
  11              		.eabi_attribute 26, 1
  12              		.eabi_attribute 30, 1
  13              		.eabi_attribute 34, 1
  14              		.eabi_attribute 18, 4
  15              		.thumb
  16              		.syntax unified
  17              		.file	"hal.c"
  18              		.text
  19              	.Ltext0:
  20              		.section	.gnu.lto_.profile.3eead56b5b678a43,"",%progbits
  21 0000 789C6361 		.ascii	"x\234ca`d`a`\000\2221\\\000\001,\000q"
  21      60646061 
  21      60009231 
  21      5C00012C 
  21      0071
  22              		.text
  23              		.section	.gnu.lto_.inline.3eead56b5b678a43,"",%progbits
  24 0000 789C6361 		.ascii	"x\234ca`d\000\001'\006\004\000\212\360\334\001\222L"
  24      60640001 
  24      27060400 
  24      8AF0DC01 
  24      924C
  25 0012 4036DB02 		.ascii	"@6\333\002y&\260\030\027\011\004\003\000\202\026\002"
  25      7926B018 
  25      17090403 
  25      00821602 
  26 0022 5E       		.ascii	"^"
  27              		.text
  28              		.section	.gnu.lto_.jmpfuncs.3eead56b5b678a43,"",%progbits
  29 0000 789C6361 		.ascii	"x\234ca`d\000\001>\006\004`d@\006\000\002D\000\025"
  29      60640001 
  29      3E060460 
  29      64400600 
  29      02440015 
  30              		.text
  31              		.section	.gnu.lto_.pureconst.3eead56b5b678a43,"",%progbits
  32 0000 789C6361 		.ascii	"x\234ca`d`f`\000\222\022\000\000p\000\""
  32      60646066 
  32      60009212 
  32      00007000 
  32      22
  33              		.text
  34              		.section	.gnu.lto_halInit.3eead56b5b678a43,"",%progbits
  35 0000 789C75D1 		.ascii	"x\234u\321\275J\003A\020\000\340\231\331xw*\001{\033"
  35      BD4A0341 
  35      1000E099 
  35      D978772A 
ARM GAS  /tmp/ccDWtAi2.s 			page 2


  35      017B1B
  36 0013 0B15D2DC 		.ascii	"\013\025\322\334z\245\265\235\215\240\017 \232&\001"
  36      7AA5B59D 
  36      8DA00F20 
  36      9A2601
  37 0022 41300F70 		.ascii	"A0\017p\253\361\320\322B\255\3046\3617Iy`q\370\000\226"
  37      ABF1D0D2 
  37      42ADC436 
  37      F1374979 
  37      6071F800 
  38 0037 82DA8885 		.ascii	"\202\332\210\205\210XDP\301\342<g\214\3056;\315\354"
  38      88584450 
  38      C1E23C67 
  38      8CC5363B 
  38      CDEC
  39 0049 321F33EC 		.ascii	"2\0373\354l\011\020$\220\000\2469\217\313Y\361u\357"
  39      6C091024 
  39      9000A639 
  39      8FCB59F1 
  39      75EF
  40 005b 06603320 		.ascii	"\006`3 D9\230\000!&\214\361\223r\302\353\235\347\224"
  40      44399800 
  40      21268CF1 
  40      9372C2EB 
  40      9DE794
  41 006e 2A2DC3F1 		.ascii	"*-\303\361\230\034+\323\3160Q\000\005\301\240U\013+"
  41      981C2BD3 
  41      CE305100 
  41      05C1A055 
  41      0B2B
  42 0080 C0ECA9F7 		.ascii	"\300\354\251\367sP\366\266\205M\014\212\330FO\306u\026"
  42      7350F6B6 
  42      854D0C8A 
  42      D8464FC6 
  42      7516
  43 0092 3353144D 		.ascii	"3S\024Mc\356f\256\246F\001\372\\\2241\357D\222\325\013"
  43      63EE66AE 
  43      A64601FA 
  43      5C9431EF 
  43      4492D50B 
  44 00a6 36B3BC2C 		.ascii	"6\263\274,Z\372\244\351\333\203\037\347f\327\230\261"
  44      5AFAA4E9 
  44      DB831FE7 
  44      66D798B1 
  45 00b6 446141DC 		.ascii	"DaA\334\002O0\206D\021\010\335\367\234\224\033\343\251"
  45      024F3086 
  45      441108DD 
  45      F79C941B 
  45      E3A9
  46 00c8 450F7D27 		.ascii	"E\017}'\345\027\340\231E\217\334\264\304\364\334\242"
  46      E517E099 
  46      458FDCB4 
  46      C4F4DCA2 
  47 00d8 F76E3AC4 		.ascii	"\367n:\304\364\302\242_n\3521\275\264hw\304I}\246\035"
  47      F4C2A25F 
  47      6EEA31BD 
  47      B46877C4 
ARM GAS  /tmp/ccDWtAi2.s 			page 3


  47      497DA61D 
  48 00ec 8BDEBA69 		.ascii	"\213\336\272i\300\264k\321\0177\035f\332\373\247\257"
  48      C0B46BD1 
  48      0F371D66 
  48      DAFBA7AF 
  49 00fc B8957DCF 		.ascii	"\270\225}\317\377Q\211>/\235\177\206\3279\031\206z\256"
  49      FF51893E 
  49      2F9D7F86 
  49      D7391986 
  49      7AAE
  50 010e 565FAD2F 		.ascii	"V_\255/,-G\263a\024FZ\2577tmeM76\252\222\303*\374\002"
  50      2C2D47B3 
  50      6114465A 
  50      AF37746D 
  50      654D3736 
  51 0128 E1BABE4F 		.ascii	"\341\272\276O"
  52              		.text
  53              		.section	.gnu.lto_.symbol_nodes.3eead56b5b678a43,"",%progbits
  54 0000 789C55CF 		.ascii	"x\234U\317\273\015\302@\020\204\341\271\331\363\253"
  54      BB0DC240 
  54      1084E1B9 
  54      D9F3AB
  55 000f 0AA0D2BD 		.ascii	"\012\240\322\275\300rL\021\027Q\207\003\236\006:0\222"
  55      C0724C11 
  55      17518703 
  55      9E063A30 
  55      92
  56 0020 4352A788 		.ascii	"CR\247\210c#v\222_\372\262\211\010XQ\306#\025\330O@"
  56      63237692 
  56      5FFAB289 
  56      085851C6 
  56      2315D84F 
  57 0035 C921ED80 		.ascii	"\311!\355\200\360\244\006\023 \245m\201\007\225\016"
  57      F0A40613 
  57      20A56D81 
  57      07950E
  58 0044 EE547130 		.ascii	"\356Tq0Q\243\203\033\265rp\245\326\016.\324\306\301"
  58      51A3831B 
  58      B57270A5 
  58      D60E2ED4 
  58      C6C1
  59 0056 99DA3A38 		.ascii	"\231\332:8Q\273\177\020t\310\363'\010Z\214\326\006\213"
  59      51BB7F10 
  59      74C8F327 
  59      085A8CD6 
  59      068B
  60 0068 B546FFFA 		.ascii	"\265F\377\372\265B\266F\214V\301b%\372\341\275\221\362"
  60      B542B646 
  60      8C56C162 
  60      25FAE1BD 
  60      91F2
  61 007a 3997E20B 		.ascii	"9\227\342\013\254\311>\233"
  61      ACC93E9B 
  62              		.text
  63              		.section	.gnu.lto_.refs.3eead56b5b678a43,"",%progbits
  64 0000 789C6361 		.ascii	"x\234ca`\004B \000\000\0009\000\007"
  64      60044220 
ARM GAS  /tmp/ccDWtAi2.s 			page 4


  64      00000039 
  64      0007
  65              		.text
  66              		.section	.gnu.lto_.decls.3eead56b5b678a43,"",%progbits
  67 0000 789C9592 		.ascii	"x\234\225\222kH\024Q\024\307\347\314]_\313n\204DH\370"
  67      6B481451 
  67      14C7E7CC 
  67      5D5FCB6E 
  67      844448F8 
  68 0014 41A46FC5 		.ascii	"A\244o\305\016\233\"\005A\201\245\005\246\221\351\307"
  68      0E9B2205 
  68      4181A505 
  68      A691E9C7 
  69 0024 061F0BBB 		.ascii	"\006\037\013\273dj\356\332\203\276\014\271=(I\223\250"
  69      646AEEDA 
  69      83BE0CB9 
  69      3D284993 
  69      A8
  70 0035 7C2082D1 		.ascii	"| \202\321\303V\335vSs}\026\221\231E\364 S)\227\236"
  70      C356DD76 
  70      53737D16 
  70      919945F4 
  70      20532997 
  71 004a 88104542 		.ascii	"\210\020EBIj\235{g\356\216V\202\236\335s\317\2713\347"
  71      496A9D7B 
  71      67EE8E56 
  71      829EDD73 
  71      CFB933E7 
  72 005e F73FF7DE 		.ascii	"\367?\367\336\271\006\001\004ja\006A\220EAh\300\374"
  72      B9060104 
  72      6A610641 
  72      90454168 
  72      C0FC
  73 0070 371AA642 		.ascii	"7\032\246B\266\240\233\021\275\031\275\025\375\026\272"
  73      B6A09B11 
  73      BD19BD15 
  73      FD16BA
  74 007f 1FBD0DBD 		.ascii	"\037\275\015\275\003\275\023\275\013\275\007\275O\370"
  74      03BD13BD 
  74      0BBD07BD 
  74      4FF8
  75 008d D7284734 		.ascii	"\327(G4\275~t\317_\232}\032\333\245iuh\332~\255W\353"
  75      BD7E74CF 
  75      5F9A7D1A 
  75      DBA56975 
  75      68DA7EAD 
  76 00a3 7F346745 		.ascii	"\1774gEhz\356)7\217\301\010\200\000\260\0220h{\021\350"
  76      687AEE29 
  76      378FC108 
  76      8000B012 
  76      30687B11 
  77 00b8 132DD204 		.ascii	"\023-\322\004\324\211\310F\201W\001\227\002\366\303"
  77      D489C846 
  77      81570197 
  77      02F6C3
  78 00c7 BFC8EA61 		.ascii	"\277\310\352a\336\213\005u\354\\\230\351\217 d\274\022"
  78      DE8B0575 
ARM GAS  /tmp/ccDWtAi2.s 			page 5


  78      EC5C98E9 
  78      8F2064BC 
  78      12
  79 00d8 168A5255 		.ascii	"\026\212RU}\212sQ\007\346\351i\253\327\372\303\374\266"
  79      7D8A7351 
  79      07E6E969 
  79      ABD7FAC3 
  79      FCB6
  80 00ea 4C9AF04D 		.ascii	"L\232\360M\177\365+\357\214\00451\037\237\276\236b\361"
  80      7FF52BEF 
  80      8C043531 
  80      1F9FBE9E 
  80      62F1
  81 00fc 2868958A 		.ascii	"(h\225\212\"\256\321O\346\231\333[G\246D\2106\202\001"
  81      22AED14F 
  81      E699DB5B 
  81      47A64488 
  81      368201
  82 010f A7DF9ED4 		.ascii	"\247\337\236\324\274_\201\323UF\210\303\351\354`m\215"
  82      BC5F81D3 
  82      554688C3 
  82      E9EC606D 
  82      8D
  83 0120 18739171 		.ascii	"\030s\221qeJ\234\001\262W\303M\210\205&\210\305n\036"
  83      654A9C01 
  83      B257C34D 
  83      88852688 
  83      C56E1E
  84 0133 88C131D7 		.ascii	"\210\3011\327\240*=x~U1\3057(\015^%8\034L\250V\372\335"
  84      A02A3D78 
  84      7E5531C5 
  84      37280D5E 
  84      25381C4C 
  85 014b 8889B40A 		.ascii	"\210\211\264\012\256\003\201\033`\241K\304\224\206k"
  85      AE03811B 
  85      60A14BC4 
  85      94866B
  86 015a 30868B6F 		.ascii	"0\206\213o\206x$O\371\276\214\207\221\215l\241\023\345"
  86      8678244F 
  86      F9BE8C87 
  86      918D6CA1 
  86      13E5
  87 016c 1F02E1A8 		.ascii	"\037\002\341\250\022T\224\340\357N\363e\237\342\216"
  87      125494E0 
  87      EF4EF365 
  87      9FE28E
  88 017b 62122DBA 		.ascii	"b\022-\272D\013\250{\204V\206?\376\364\346\030\331\317"
  88      440BA87B 
  88      8456863F 
  88      FEF4E618 
  88      D9CF
  89 018d E8C95FC1 		.ascii	"\350\311_\301W&\215\036=%7\207h\257N{9}\213\321\337"
  89      57268D1E 
  89      3D253787 
  89      68AF4E7B 
  89      397D8BD1 
  90 01a2 CFDF7D6C 		.ascii	"\317\337}l\">`|}\343\2251\320\370\251\241\364\252\262"
ARM GAS  /tmp/ccDWtAi2.s 			page 6


  90      223E607C 
  90      7DE39531 
  90      D0F8A9A1 
  90      F4AAB2
  91 01b5 861D0CF7 		.ascii	"\206\035\014\367\351\270\217\343~\206\327\375\250m\023"
  91      E9B88FE3 
  91      7E86D7FD 
  91      A86D13
  92 01c4 C967152F 		.ascii	"\311g\025/\237n;a\326\360\336\012W\010\277\255\343\267"
  92      9F6E3B61 
  92      D6F0DE0A 
  92      5708BFAD 
  92      E3B7
  93 01d6 39DEC670 		.ascii	"9\336\306p\377\364\351Z \215\352Gj\0368\253Djx\373\213"
  93      FFF4E95A 
  93      208DEA47 
  93      6A1E38AB 
  93      446A78FB 
  94 01eb 7DD5A1D5 		.ascii	"}\325\241\325\267\353|;\347;\030\377\364Q\343\214\231"
  94      B7EB7C3B 
  94      E73B18FF 
  94      F451E38C 
  94      99
  95 01fc BC56F951 		.ascii	"\274V\371Q\367\3140?\273\271\213\266\013\274\375\035"
  95      F7CC303F 
  95      BBB98BB6 
  95      0BBCFD1D 
  96 020c 1DBFC3F1 		.ascii	"\035\277\303\361N\206\377\354\2740`$\025\204\341\367"
  96      4E86FFEC 
  96      BC306024 
  96      1584E1F7 
  97 021c DE9E0B1D 		.ascii	"\336\236\013\035\375\333Q9\204\007t<\300\361.\2067y"
  97      FDDB5139 
  97      8407743C 
  97      C0F12E86 
  97      3779
  98 022e AA3F4691 		.ascii	"\252?F\221\373*>\025x8H4\374e}\351%\216w\353x7\307{"
  98      FB2A3E15 
  98      78384834 
  98      FC657DE9 
  98      258E77EB 
  99 0246 185E5D5F 		.ascii	"\030^]_\341%\244\312\300pw\340\307\004\377ts\357\354"
  99      E125A4CA 
  99      C07077E0 
  99      C704FF74 
  99      73EFEC
 100 0259 93D74EF6 		.ascii	"\223\327N\366W\002\273c\320\253+\364r\205>\246P3R7\024"
 100      5702BB63 
 100      D0AB2BF4 
 100      72853EA6 
 100      50335237 
 101 026e 693AA328 		.ascii	"i:\243(\307\351\375\214V\033\352\027\264\037L\254\230"
 101      C7E9FD8C 
 101      561BEA17 
 101      B41F4CAC 
 101      98
 102 027f C6087B4E 		.ascii	"\306\010{N\301\316B\207+25=+.\331j\025\326Z,R\262\335"
ARM GAS  /tmp/ccDWtAi2.s 			page 7


 102      C1CE4287 
 102      2B32353D 
 102      2B2ED96A 
 102      15D65A2C 
 103 0296 91EBC8C8 		.ascii	"\221\353\310\310\224\255\233,V\213U\222\212\234\022"
 103      94AD9B2C 
 103      568B5592 
 103      8A9C12
 104 02a5 9649CE92 		.ascii	"\226I\316\222<\032-yB\270\323E\241u\213\327:\012\363"
 104      3C1A2D79 
 104      42B8D345 
 104      A1758BD7 
 104      3A0AF3
 105 02b8 0A4AF36D 		.ascii	"\012J\363m4\227\235.\213]\210\312-\312)\311\247\324"
 105      34979D2E 
 105      8B5D88CA 
 105      2DCA29C9 
 105      A7D4
 106 02ca E6C52956 		.ascii	"\346\305)V\343\2242\367\312\351Y\311i\3333\222\022\345"
 106      E39432F7 
 106      CAE959C9 
 106      69DB3392 
 106      12E5
 107 02dc 94C4C4A4 		.ascii	"\224\304\304\244=\333\3257(\023q\320\346\240\"\353\227"
 107      3DDBD537 
 107      281371D0 
 107      E6A022EB 
 107      97
 108 02ed D61AAB29 		.ascii	"\326\032\253)\344\314/\245P\302\022\327k+q`(u\346R\026"
 108      E4CC2FA5 
 108      50C212D7 
 108      6B2B7160 
 108      2875E652 
 109 0302 C3321AAA 		.ascii	"\3032\032\252P\270\223\355TZN?\332\253\370\360\201e"
 109      50B893ED 
 109      545A4E3F 
 109      DAABF8F0 
 109      8165
 110 0314 F4C26A84 		.ascii	"\364\302j\204\314r1\346\005\005\371\262\003\321-\213"
 110      CC7231E6 
 110      0505F9B2 
 110      03D12D8B 
 111 0324 A3C54525 		.ascii	"\243\305E%.z\266\273\0226Hii\333\244\324\335;3\016m"
 111      2E7AB6BB 
 111      12364869 
 111      69DBA4D4 
 111      DD3B330E 
 112 0339 50955405 		.ascii	"P\225T\005T3\331\347\211m]\232\030\033S\022\217\034"
 112      5433D9E7 
 112      896D5D9A 
 112      181B5312 
 112      8F1C
 113 034b 9138EC3A 		.ascii	"\2218\354:Zl\263\242\332\037\321!\352\271"
 113      5A6CB3A2 
 113      DA1FD121 
 113      EAB9
 114              		.text
ARM GAS  /tmp/ccDWtAi2.s 			page 8


 115              		.section	.gnu.lto_.symtab.3eead56b5b678a43,"",%progbits
 116 0000 68616C49 		.ascii	"halInit\000"
 116      6E697400 
 117 0008 00       		.ascii	"\000"
 118 0009 00       		.ascii	"\000"
 119 000a 00       		.ascii	"\000"
 120 000b 00000000 		.ascii	"\000\000\000\000\000\000\000\000"
 120      00000000 
 121 0013 AD000000 		.ascii	"\255\000\000\000"
 122 0017 7374496E 		.ascii	"stInit\000"
 122      697400
 123 001e 00       		.ascii	"\000"
 124 001f 02       		.ascii	"\002"
 125 0020 00       		.ascii	"\000"
 126 0021 00000000 		.ascii	"\000\000\000\000\000\000\000\000"
 126      00000000 
 127 0029 AF000000 		.ascii	"\257\000\000\000"
 128 002d 626F6172 		.ascii	"boardInit\000"
 128      64496E69 
 128      7400
 129 0037 00       		.ascii	"\000"
 130 0038 02       		.ascii	"\002"
 131 0039 00       		.ascii	"\000"
 132 003a 00000000 		.ascii	"\000\000\000\000\000\000\000\000"
 132      00000000 
 133 0042 B1000000 		.ascii	"\261\000\000\000"
 134 0046 71656949 		.ascii	"qeiInit\000"
 134      6E697400 
 135 004e 00       		.ascii	"\000"
 136 004f 02       		.ascii	"\002"
 137 0050 00       		.ascii	"\000"
 138 0051 00000000 		.ascii	"\000\000\000\000\000\000\000\000"
 138      00000000 
 139 0059 B3000000 		.ascii	"\263\000\000\000"
 140 005d 73647549 		.ascii	"sduInit\000"
 140      6E697400 
 141 0065 00       		.ascii	"\000"
 142 0066 02       		.ascii	"\002"
 143 0067 00       		.ascii	"\000"
 144 0068 00000000 		.ascii	"\000\000\000\000\000\000\000\000"
 144      00000000 
 145 0070 B5000000 		.ascii	"\265\000\000\000"
 146 0074 75736249 		.ascii	"usbInit\000"
 146      6E697400 
 147 007c 00       		.ascii	"\000"
 148 007d 02       		.ascii	"\002"
 149 007e 00       		.ascii	"\000"
 150 007f 00000000 		.ascii	"\000\000\000\000\000\000\000\000"
 150      00000000 
 151 0087 B7000000 		.ascii	"\267\000\000\000"
 152 008b 7364496E 		.ascii	"sdInit\000"
 152      697400
 153 0092 00       		.ascii	"\000"
 154 0093 02       		.ascii	"\002"
 155 0094 00       		.ascii	"\000"
 156 0095 00000000 		.ascii	"\000\000\000\000\000\000\000\000"
 156      00000000 
ARM GAS  /tmp/ccDWtAi2.s 			page 9


 157 009d B9000000 		.ascii	"\271\000\000\000"
 158 00a1 70776D49 		.ascii	"pwmInit\000"
 158      6E697400 
 159 00a9 00       		.ascii	"\000"
 160 00aa 02       		.ascii	"\002"
 161 00ab 00       		.ascii	"\000"
 162 00ac 00000000 		.ascii	"\000\000\000\000\000\000\000\000"
 162      00000000 
 163 00b4 BB000000 		.ascii	"\273\000\000\000"
 164 00b8 5F70616C 		.ascii	"_pal_lld_init\000"
 164      5F6C6C64 
 164      5F696E69 
 164      7400
 165 00c6 00       		.ascii	"\000"
 166 00c7 02       		.ascii	"\002"
 167 00c8 00       		.ascii	"\000"
 168 00c9 00000000 		.ascii	"\000\000\000\000\000\000\000\000"
 168      00000000 
 169 00d1 BD000000 		.ascii	"\275\000\000\000"
 170 00d5 68616C5F 		.ascii	"hal_lld_init\000"
 170      6C6C645F 
 170      696E6974 
 170      00
 171 00e2 00       		.ascii	"\000"
 172 00e3 02       		.ascii	"\002"
 173 00e4 00       		.ascii	"\000"
 174 00e5 00000000 		.ascii	"\000\000\000\000\000\000\000\000"
 174      00000000 
 175 00ed BF000000 		.ascii	"\277\000\000\000"
 176              		.text
 177              		.section	.gnu.lto_.opts,"",%progbits
 178 0000 272D666D 		.ascii	"'-fmath-errno' '-fsigned-zeros' '-ftrapping-math' '"
 178      6174682D 
 178      6572726E 
 178      6F272027 
 178      2D667369 
 179 0033 2D666E6F 		.ascii	"-fno-trapv' '-fno-strict-overflow' '-fno-openmp' '-"
 179      2D747261 
 179      70762720 
 179      272D666E 
 179      6F2D7374 
 180 0066 666E6F2D 		.ascii	"fno-openacc' '-mcpu=cortex-m4' '-mthumb' '-mfloat-a"
 180      6F70656E 
 180      61636327 
 180      20272D6D 
 180      6370753D 
 181 0099 62693D68 		.ascii	"bi=hard' '-mfpu=fpv4-sp-d16' '-g' '-ggdb' '-Og' '-f"
 181      61726427 
 181      20272D6D 
 181      6670753D 
 181      66707634 
 182 00cc 6F6D6974 		.ascii	"omit-frame-pointer' '-falign-functions=16' '-ffunct"
 182      2D667261 
 182      6D652D70 
 182      6F696E74 
 182      65722720 
 183 00ff 696F6E2D 		.ascii	"ion-sections' '-fdata-sections' '-fno-common' '-flt"
ARM GAS  /tmp/ccDWtAi2.s 			page 10


 183      73656374 
 183      696F6E73 
 183      2720272D 
 183      66646174 
 184 0132 6F2700   		.ascii	"o'\000"
 185              		.text
 186              		.comm	__gnu_lto_v1,1,1
 187              		.comm	__gnu_lto_slim,1,1
 188              		.ident	"GCC: (15:5.4.1+svn241155-1) 5.4.1 20160919"
ARM GAS  /tmp/ccDWtAi2.s 			page 11


DEFINED SYMBOLS
                            *ABS*:0000000000000000 hal.c
                            *COM*:0000000000000001 __gnu_lto_v1
                            *COM*:0000000000000001 __gnu_lto_slim

NO UNDEFINED SYMBOLS
