ARM GAS  /tmp/ccDv3GW6.s 			page 1


   1              		.syntax unified
   2              		.cpu cortex-m4
   3              		.eabi_attribute 27, 1
   4              		.eabi_attribute 28, 1
   5              		.fpu fpv4-sp-d16
   6              		.eabi_attribute 20, 1
   7              		.eabi_attribute 21, 1
   8              		.eabi_attribute 23, 3
   9              		.eabi_attribute 24, 1
  10              		.eabi_attribute 25, 1
  11              		.eabi_attribute 26, 1
  12              		.eabi_attribute 30, 1
  13              		.eabi_attribute 34, 1
  14              		.eabi_attribute 18, 4
  15              		.thumb
  16              		.syntax unified
  17              		.file	"hal_st.c"
  18              		.text
  19              	.Ltext0:
  20              		.section	.gnu.lto_.profile.d3db6d410d9e6dd4,"",%progbits
  21 0000 789C6361 		.ascii	"x\234ca`d`a`\000\222R<\000\000\252\0001"
  21      60646061 
  21      60009252 
  21      3C0000AA 
  21      0031
  22              		.text
  23              		.section	.gnu.lto_.inline.d3db6d410d9e6dd4,"",%progbits
  24 0000 789C6361 		.ascii	"x\234ca`d\000\201T\006\004`e``\341ad`\0022\331\026\310"
  24      60640081 
  24      54060460 
  24      656060E1 
  24      61646002 
  25 0018 83280646 		.ascii	"\203(\006F.\020\301\300\306\012\024f\373\240\007\027"
  25      2E10C1C0 
  25      C60A1466 
  25      FBA00717 
  26 0028 67626061 		.ascii	"gb`a\006\0121]\340\207\0131c\012\261`\0121\000\000\234"
  26      060A315D 
  26      E0870B31 
  26      630AB160 
  26      0A310000 
  27 003d 1B086E   		.ascii	"\033\010n"
  28              		.text
  29              		.section	.gnu.lto_.jmpfuncs.d3db6d410d9e6dd4,"",%progbits
  30 0000 789C6361 		.ascii	"x\234ca`d\000\001!\006\004`\005\021@a&\006\006f\006"
  30      60640001 
  30      21060460 
  30      05114061 
  30      26060666 
  31 0015 06162007 		.ascii	"\006\026 \007\000\003\236\000'"
  31      00039E00 
  31      27
  32              		.text
  33              		.section	.gnu.lto_.pureconst.d3db6d410d9e6dd4,"",%progbits
  34 0000 789C6361 		.ascii	"x\234ca`d\340f```e\220`\224b\222b\226b\221\002\000\003"
  34      6064E066 
  34      60606065 
ARM GAS  /tmp/ccDv3GW6.s 			page 2


  34      90609462 
  34      92629662 
  35 0018 EC00A0   		.ascii	"\354\000\240"
  36              		.text
  37              		.section	.gnu.lto_stInit.d3db6d410d9e6dd4,"",%progbits
  38 0000 789C6361 		.ascii	"x\234ca`d\000\201\225@\254\011\304\322@\314\310\314"
  38      60640081 
  38      9540AC09 
  38      C4D240CC 
  38      C8CC
  39 0012 C0C834E1 		.ascii	"\300\3104\341\034\003C#\007\023##\210\321\300\301\310"
  39      1C034323 
  39      07132323 
  39      88D1C0C1 
  39      C8
  40 0023 50CFC458 		.ascii	"P\317\304X\317\370\225\351/\023\343\241\366g;\2314\227"
  40      CFF895E9 
  40      2F13E3A1 
  40      F6673B99 
  40      3497
  41 0035 3700C183 		.ascii	"7\000\301\203\326\371\314\015+\0160\266230\374g\002"
  41      D6F9CC0D 
  41      2B0E30B6 
  41      323330FC 
  41      6702
  42 0047 9BC4C0B8 		.ascii	"\233\304\300\270\234Q\223\001\250\354\321\306\177Sy"
  42      9C519301 
  42      A8ECD1C6 
  42      7F5379
  43 0056 D95A40CA 		.ascii	"\331Z@\312\024 \222\214+\030\331@\326\255\017:\320\360"
  43      1420928C 
  43      2B18D940 
  43      D6AD0F3A 
  43      D0F0
  44 0068 FF7F7343 		.ascii	"\377\177sC\303u\203\377L@\235\037\200\222 k>21\201h"
  44      C37583FF 
  44      4C409D1F 
  44      8092206B 
  44      3E323181 
  45 007d E6178CCD 		.ascii	"\346\027\214\315\007\376\362\202T\203\314\331\271\363"
  45      07FEF282 
  45      5483CCD9 
  45      B9F3
  46 008b CD6DF6FA 		.ascii	"\315m\366\372\277\015\035\015\015\002\255\314\214\377"
  46      BF0D1D0D 
  46      0D02ADCC 
  46      8CFF
  47 0099 99804630 		.ascii	"\231\200F0\256d\254ghefbx\305\330t\340?+X)\010|\000"
  47      AE64AC67 
  47      68656662 
  47      78C5D874 
  47      E03F2B58 
  48 00b1 4A024D00 		.ascii	"J\002M\000\232\247\256\247\247\357\234\221\231\224\351"
  48      9AA7AEA7 
  48      A7EF9C91 
  48      9994E9
  49 00c0 1F1C6F68 		.ascii	"\037\034oh\251g\250g\250\257\237_\254\237\221\230\243"
ARM GAS  /tmp/ccDv3GW6.s 			page 3


  49      A967A867 
  49      A8AF9F5F 
  49      AC9F9198 
  49      A3
  50 00d1 5F5C940C 		.ascii	"_\\\224\014\242\343\213K\364\222\031\000\005.J\011"
  50      A2E38B4B 
  50      F4921900 
  50      052E4A09 
  51              		.text
  52              		.section	.gnu.lto_stStartAlarm.d3db6d410d9e6dd4,"",%progbits
  53 0000 789C9D52 		.ascii	"x\234\235RMh\023A\030\2357\0237\265`\354I\004\003\006"
  53      4D681341 
  53      189D3713 
  53      37B560EC 
  53      49040306 
  54 0014 A484F6B0 		.ascii	"\244\204\366\260\353\326\223\007\361\240\010B\213`{"
  54      EBD69307 
  54      F1A00842 
  54      8B607B
  55 0023 F114FA23 		.ascii	"\361\024\372#$\020\251t\203\327N\322\254R\025,\202\242"
  55      2410A974 
  55      83D74ED2 
  55      AC52152C 
  55      82A2
  56 0035 C1928384 		.ascii	"\301\222\203\2046\321\232\264jk\255\340\022E(bEQ\021"
  56      36D19AB4 
  56      6A6BADE0 
  56      12452862 
  56      455111
  57 0048 110D156B 		.ascii	"\021\015\025k)\036R\250\007)6~\263]\301\012\2028\260"
  57      291E52A8 
  57      0729367E 
  57      B35DC10A 
  57      8238B0
  58 005b 3BF3CDBC 		.ascii	";\363\315\274\357\275\367}3>\006\246\306,g,A\363\016"
  58      EFBDF77D 
  58      333E06A6 
  58      C62C672C 
  58      41F30E
  59 006e FA2018F8 		.ascii	"\372 \030\370\320\034c\311:\016\250\205\254\003\353"
  59      D01C63C9 
  59      3A0EA885 
  59      AC03EB
  60 007d E7E8C737 		.ascii	"\347\350\3077\376\203\243|fa\2327\215H\032\225\334\227"
  60      FE83A37C 
  60      66619A37 
  60      8D481A95 
  60      DC97
  61 008f DD72D481 		.ascii	"\335r\324\201-\030\253q\227\211a\004M\204z\221.]\023"
  61      2D18AB71 
  61      97896104 
  61      4D847A91 
  61      2E5D13
  62 00a2 2BDC1680 		.ascii	"+\334\026\200\217\302\345g\231O\001\025r\204(\\-\224"
  62      8FC2E567 
  62      994F0115 
  62      7284285C 
ARM GAS  /tmp/ccDv3GW6.s 			page 4


  62      2D94
  63 00b4 DE6F15CD 		.ascii	"\336o\025\315`\264^|X\271\210pN\312\224\224\253=r\263"
  63      60B45E7C 
  63      58B98870 
  63      4ECA9494 
  63      AB3D72B3 
  64 00c8 2D040A10 		.ascii	"-\004\012\020\304\207<\202\030E\220\321\026\303\015"
  64      C4873C82 
  64      184590D1 
  64      16C30D
  65 00d7 84157C7E 		.ascii	"\204\025|~|\355\322\026-\255\344C\203\277tq\023\232"
  65      7CEDD216 
  65      2DADE443 
  65      83BF7471 
  65      139A
  66 00e9 AAA478D4 		.ascii	"\252\244x\324\221\265\332\200\224\303fa\227F\366U\022"
  66      91B5DA80 
  66      94C36661 
  66      9746F655 
  66      12
  67 00fa AB1244D5 		.ascii	"\253\022D\325\261\314\271\232\305<R\015\212j\3209\373"
  67      B1CCB99A 
  67      C53C520D 
  67      8A6AD039 
  67      FB
  68 010b B85EB4B8 		.ascii	"\270^\264\270.\262\205\311\257h\274\256\\83\247\305"
  68      2EB285C9 
  68      AF68BCAE 
  68      5C3833A7 
  68      C5
  69 011c 55E9A443 		.ascii	"U\351\244C\312\311\330F'n\205\267\3208 8[@9\363}j\326"
  69      CAC9D846 
  69      276E85B7 
  69      D0382038 
  69      5B4039F3 
  70 0133 0E6C74E5 		.ascii	"\016lt\345<}e*\210k\252\306\361\247i\206\"4b)A\243\223"
  70      3C7D652A 
  70      886BAAC6 
  70      F1A76986 
  70      22346229 
  71 014a CB76F9B9 		.ascii	"\313v\371\271_5\306\347\002_\276\033\232\300z(\257H"
  71      5F35C6E7 
  71      025FBE1B 
  71      9AC07A28 
  71      AF48
  72 015c A95A97BF 		.ascii	"\251Z\227\277\260\370D\313b8I\311\015\266\330\204\011"
  72      B0F844CB 
  72      623849C9 
  72      0DB6D884 
  72      09
  73 016d F232AEBC 		.ascii	"\3622\256\274\320\341\271\314\207\267\302\030\223\351"
  73      D0E1B9CC 
  73      87B7C218 
  73      93E9
  74 017b A4AC7CCC 		.ascii	"\244\254|\314m\333i\013\015\267\221\305\032\225\354"
  74      6DDB690B 
  74      0DB791C5 
ARM GAS  /tmp/ccDv3GW6.s 			page 5


  74      1A95EC
  75 018a EA10E6D1 		.ascii	"\352\020\346\321\334\233l\300,*\214<f\013?\356\300@"
  75      DC9B6CC0 
  75      2C2A8C3C 
  75      660B3FEE 
  75      C040
  76 019c 73D003E0 		.ascii	"s\320\003\340.L\257\232\225\322\347\224\337\363\365"
  76      2E4CAF9A 
  76      95D2E794 
  76      DFF3F5
  77 01ab AFAA72BF 		.ascii	"\257\252r\277b\234t%\3411N\301\370\2752?\355\337\243"
  77      629C7425 
  77      E1314EC1 
  77      F8BD323F 
  77      EDDFA3
  78 01be 4CA550FD 		.ascii	"L\245P\375_\205iW\201{\012\367]\205\007\331\363\371"
  78      5F856957 
  78      817B0AF7 
  78      5D8507D9 
  78      F3F9
  79 01d0 FA75058E 		.ascii	"\372u\005\216\031\312\244\213\255\344\226\266\273\257"
  79      19CAA48B 
  79      ADE496B6 
  79      BBAF
  80 01de 41DD005B 		.ascii	"A\335\000[B\312y}H\305\356\315U\311\"=\000\352MX\327"
  80      42CA797D 
  80      48C5EECD 
  80      55C9223D 
  80      00EA4D58 
  81 01f3 8D03D158 		.ascii	"\215\003\321XW\354H{\304\334\253\233\272i\030\275\226"
  81      57EC487B 
  81      C4DCAB9B 
  81      BA6918BD 
  81      96
  82 0204 11ED8C1B 		.ascii	"\021\355\214\033V_\267\232#VB\357f\376\316.+\021;q\334"
  82      565FB79A 
  82      235642EF 
  82      66FECE2E 
  82      2B113B71 
  83 0219 A77EFBFE 		.ascii	"\247~\373\376\236t\262\267/a\031\355\035m{Z\214\326"
  83      9E74B2B7 
  83      2F6119ED 
  83      1D6D7B5A 
  83      8CD6
  84 022b D68346C7 		.ascii	"\326\203F\307\341\266S\246G\023\211\307{\364(\373\011"
  84      E1B653A6 
  84      471389C7 
  84      7BF428FB 
  84      09
  85 023c E2AC1848 		.ascii	"\342\254\030H"
  86              		.text
  87              		.section	.gnu.lto_stStopAlarm.d3db6d410d9e6dd4,"",%progbits
  88 0000 789C7550 		.ascii	"x\234uP1H\202A\030\275w'\177B\004M-\011\005\015\341"
  88      31488241 
  88      18BD7727 
  88      7F42044D 
  88      2D09050D 
ARM GAS  /tmp/ccDv3GW6.s 			page 6


  89 0015 F29F7F2D 		.ascii	"\362\237\177-54\325\022(A\272K\031\244 \030*\255\236"
  89      3534D512 
  89      2841BA4B 
  89      19A42018 
  89      2AAD9E
  90 0028 E54F4343 		.ascii	"\345OCC.E\004\341\250V&\005A-!\202-AAS\004\211\004I"
  90      2E4504E1 
  90      A8562605 
  90      412D2182 
  90      2D414153 
  91 0040 3494818E 		.ascii	"4\224\201\216iw\277\015E\364\301\361\356\356{\357{\357"
  91      6977BF0D 
  91      45F4C1F1 
  91      EEEE7BEF 
  91      7BEF
  92 0052 CE464054 		.ascii	"\316F@TMHX\2268(\027\030\001M\337\020\222\264S@m\204"
  92      4D485896 
  92      38281718 
  92      014DDF10 
  92      92B45340 
  93 0068 1D244191 		.ascii	"\035$A\221@\213~R\2247\352\027\324\231\025\262j\317"
  93      408B7E52 
  93      9437EA17 
  93      D49915B2 
  93      6ACF
  94 007a 6F2E912B 		.ascii	"o.\221+\301d\204t\2505\211 \013'\221\264\247\223\366"
  94      C1648474 
  94      A8358920 
  94      0B2791B4 
  94      A793F6
  95 008d 769F9652 		.ascii	"v\237\226R\264\341n\0239h\312\2568_\022\235\316\272"
  95      B4E16E13 
  95      3968CAAE 
  95      385F129D 
  95      CEBA
  96 009f 101FAECB 		.ascii	"\020\037\256\313\021\251l\310\246\262\371\240T!\253"
  96      11A96CC8 
  96      A6B2F9A0 
  96      5421AB
  97 00ae A3DC3C2F 		.ascii	"\243\334</<Vz\177O)]W\015kF\207\342\217\001\362\320"
  97      3C567A7F 
  97      4F295D57 
  97      0D6B4687 
  97      E28F01F2 
  98 00c3 A4C30134 		.ascii	"\244\303\0014\331\3311\313\267=Mj2X\304\273\207\364"
  98      D9D931CB 
  98      B73D4D6A 
  98      3258C4BB 
  98      87F4
  99 00d5 29BA47B1 		.ascii	")\272G\261+\204M^\345\267^\256\264\014\366\223R\334"
  99      2B844D5E 
  99      E5B75EAE 
  99      B40CF693 
  99      52DC
 100 00e7 6F328A23 		.ascii	"o2\212#8p\010\007Q\374\315\275\352=\343\005\221J\212"
 100      38700807 
 100      51FCCDBD 
ARM GAS  /tmp/ccDv3GW6.s 			page 7


 100      EA3DE305 
 100      914A8A
 101 00fa DA596B60 		.ascii	"\332Yk`\310d\014\005d\320\2269-\037\034\203\377\264"
 101      C8640C05 
 101      64D09639 
 101      2D1F1C83 
 101      FFB4
 102 010c 6120284A 		.ascii	"a (J\361+\326j\225w\273\312h}EC\006\225\017\222\262"
 102      F12BD66A 
 102      9577BBCA 
 102      687D4543 
 102      06950F92 
 103 0121 515DE7D3 		.ascii	"Q]\347\323\301\320bh\316\3537&uC78\217\304xp!\314c\321"
 103      C1D06268 
 103      CEEB3726 
 103      75433738 
 103      8FC47870 
 104 0139 80427F2C 		.ascii	"\200B\177,\256\007\310\324\377\274\225H4\036\343^\237"
 104      AE07C8D4 
 104      FFBC9548 
 104      341EE35E 
 104      9F
 105 014a 677C8CBB 		.ascii	"g|\214\273\3353\3347\353Y5\276\225\376pxI\017\222/\227"
 105      DD33DC37 
 105      EB5935BE 
 105      95FE7078 
 105      490F922F 
 106 015f 40928C   		.ascii	"@\222\214"
 107              		.text
 108              		.section	.gnu.lto_stSetAlarm.d3db6d410d9e6dd4,"",%progbits
 109 0000 789C7550 		.ascii	"x\234uPKhSA\024\2353\363\372R\005cw\012\006\014H\011"
 109      4B685341 
 109      149D33F3 
 109      FA520563 
 109      770A060C 
 110 0016 EDE28DAF 		.ascii	"\355\342\215\257\256\\\270R\020\241E\260\335\270\012"
 110      AE5CB852 
 110      10A145B0 
 110      DDB80A
 111 0025 FD080944 		.ascii	"\375\010\011D*Mp\333I\232G\251.,\202b\203\222\205\204"
 111      2A4D70DB 
 111      499A47A9 
 111      2E2C8262 
 111      83928584 
 112 0039 B6D19AB4 		.ascii	"\266\321\232\264\365\203\013\361\021\305\215X\321\205"
 112      F5830BF1 
 112      11C58D58 
 112      D185
 113 0047 88480D15 		.ascii	"\210H\015\025K\021\221\026\324R\304\306{\237uQ\301\201"
 113      4B119116 
 113      D452C4C6 
 113      7B9F7551 
 113      C181
 114 0059 993B77E6 		.ascii	"\231;w\346\334s\317\271\226\200\340\325$\205\310P\334"
 114      DC73CFB9 
 114      9680E0D5 
 114      2485C850 
ARM GAS  /tmp/ccDv3GW6.s 			page 8


 114      DC
 115 006a 471B4A40 		.ascii	"G\033J@\216/\010\221m\226\000_L3\304\260\3040\276\313"
 115      8E2F0891 
 115      6D96005F 
 115      4C33C4B0 
 115      C430BECB 
 116 007e 5F12B5D1 		.ascii	"_\022\265\321\345\207\262m\322\320\252\227~\0344S><"
 116      E587B26D 
 116      D2D0AA97 
 116      7E1C3453 
 116      3E3C
 117 0090 25444306 		.ascii	"%DC\006L\002\223h#\324\253|\365\272\372&=\005X\224\256"
 117      4C029368 
 117      23D4AB7C 
 117      F5BAFA26 
 117      3D055894 
 118 00a5 BD287C0C 		.ascii	"\275(|\014s*\021\245\364g\271\372~\267j\207\240\373"
 118      732A11A5 
 118      F467B9FA 
 118      7EB76A87 
 118      A0FB
 119 00b7 CAE3FA65 		.ascii	"\312\343\372e\304J\306\344\214Y\0370;<\245P\206\">L"
 119      C44AC6E4 
 119      8C591F30 
 119      3B3CA550 
 119      86223E4C 
 120 00cb 23822944 		.ascii	"#\202)D\004=\011\334B\214\341K\263\233Wv\331yn\037\035"
 120      043D09DC 
 120      428CE14B 
 120      B39B5776 
 120      D9796E1F 
 121 00e0 FBDB17B7 		.ascii	"\373\333\027\267a\263\223\312)\3374\032#\306L\270\213"
 121      61B393CA 
 121      29DF341A 
 121      23C64CB8 
 121      8B
 122 00f1 072C92CF 		.ascii	"\007,\222\317Eb\225 \354cMJ\216j\011\271\026\246\032"
 122      45629520 
 122      EC634D4A 
 122      8E6A09B9 
 122      16A61A
 123 0104 F32F3CDD 		.ascii	"\363/<\335\251:\002\025\305\362\375/h\275\311*\374\371"
 123      A93A0215 
 123      C5F2FD2F 
 123      68BDC92A 
 123      FCF9
 124 0116 513561FC 		.ascii	"Q5a\374|\224\225\314lW\0228\274\203\326\021%\3052j\205"
 124      7C9495CC 
 124      6C571238 
 124      BC83D611 
 124      25C5326A 
 125 012b 8D071B5E 		.ascii	"\215\007\033^x\273*\377\371W\227!\201\250\206\304\277"
 125      78BB2AFF 
 125      F9579721 
 125      81A886C4 
 125      BF
 126 013c A2052AB0 		.ascii	"\242\005*\260\211\245\012\233~\256z\265\227!\036\214"
ARM GAS  /tmp/ccDv3GW6.s 			page 9


 126      89A50A9B 
 126      7EAE7AB5 
 126      97211E8C 
 127 014c 15005FBF 		.ascii	"\025\000_\277\033\237\303\237\324\\3\206G7}i\345\231"
 127      1B9FC39F 
 127      D45C3386 
 127      47377D69 
 127      E599
 128 015e 5DC48D2C 		.ascii	"]\304\215,\025\267x\252\011s\244e\226\265\320\347\305"
 128      15B778AA 
 128      0973A465 
 128      96B5D0E7 
 128      C5
 129 016f C2E25BA5 		.ascii	"\302\342[\245gL>k\352\037>\355\331\357)\033\363(b\223"
 129      674C3E6B 
 129      EA1F3EED 
 129      D9EF291B 
 129      F3286293 
 130 0183 2C077D08 		.ascii	",\007}\010\363d\341M1\354V\030cN{*\204\273\320h\217"
 130      F364E14D 
 130      31EC5618 
 130      634E7B2A 
 130      84BBD068 
 131 0198 6C01700F 		.ascii	"l\001p\017.\273\241\241\324K\353{\203I\262z\361\031"
 131      2EBBA1A1 
 131      D44BEB7B 
 131      8349B27A 
 131      F119
 132 01aa 39FFD171 		.ascii	"9\377\321q\316\003\327\253\344\204\206G\2741\307\321"
 132      CE03D7AB 
 132      E4848647 
 132      BC31C7D1 
 133 01ba 4713C9BE 		.ascii	"G\023\311\276\344\311\356\270{\330q\035W\353\301\264"
 133      E4C9EEB8 
 133      7BD8711D 
 133      57EBC1B4 
 134 01ca 4EF4A674 		.ascii	"N\364\246tz\250\237c<\235q\372E\250\267/\235I\236=c"
 134      7AA89F63 
 134      3C9D71FA 
 134      45A8B72F 
 134      9D499E3D 
 135 01df F171E4FF 		.ascii	"\361q\344\377E\347\006\2072i\335\335\323u\250Cwv\036"
 135      45E70687 
 135      3269DDDD 
 135      D375A843 
 135      77761E
 136 01f2 D33D27BA 		.ascii	"\323='\272\316\273[4\361Tj\300I\210\337\275\357\326"
 136      CEBB5B34 
 136      F1546AC0 
 136      4988DFBD 
 136      EFD6
 137 0204 1B       		.ascii	"\033"
 138              		.text
 139              		.section	.gnu.lto_stGetAlarm.d3db6d410d9e6dd4,"",%progbits
 140 0000 789C754F 		.ascii	"x\234uO1H[Q\024}\347\275\370ui\350n\006\301A\322\341"
 140      31485B51 
 140      147DE7BD 
ARM GAS  /tmp/ccDv3GW6.s 			page 10


 140      F87569E8 
 140      6E06C141 
 141 0016 3F7F3B75 		.ascii	"?\177;up\322\241\001\203`2\270\205\326B\023\010\244"
 141      70D2A101 
 141      836032B8 
 141      85D64213 
 141      08A4
 142 0028 F843C129 		.ascii	"\370C\301)/\376\374AD\032\007ElC&Q\333\246\321\202C"
 142      2FFEFC41 
 142      441A0745 
 142      6C432651 
 142      DBA6D182 
 143 003d 17110B2D 		.ascii	"\027\021\013-\035\232\266\016\245t(\301B\021'\003v\350"
 143      1D9AB60E 
 143      A57428C1 
 143      42112703 
 143      76E8
 144 004f E0FFDE1B 		.ascii	"\340\377\336\033],\364\302\345\336\303=\367\334{\"\002"
 144      5D2CF4C2 
 144      E5DEC33D 
 144      F7DC7B22 
 144      02
 145 0060 826396CA 		.ascii	"\202c\226\312#\252\375\224P\002\262\332\022\242\334"
 145      23AAFD94 
 145      5002B2DA 
 145      12A2DC
 146 006f 27016E4C 		.ascii	"'\001nL\037DI\242\204?\362\\\342ke\373\271:\223>\321"
 146      1F4449A2 
 146      843FF25C 
 146      E26B65FB 
 146      B93A933E 
 147 0084 22043B9F 		.ascii	"\"\004;\237\326~E\031\002\003\004\237\231\303\371\336"
 147      D67E4519 
 147      0203049F 
 147      99C3F9DE 
 148 0094 F8863173 		.ascii	"\370\2061s\246\275\036L-y\376=_I\021J\201M\304\260\201"
 148      A6BD1E4C 
 148      2D79FE3D 
 148      5F49114A 
 148      814DC4B0 
 149 00a9 189FD842 		.ascii	"\030\237\330B\\\020\371h'X\276aU\014\305\300\274\022"
 149      5C10F968 
 149      2758BE61 
 149      550CC5C0 
 149      BC12
 150 00bb CCA2E10B 		.ascii	"\314\242\341\013X\374Usr\337\204\241g\314\337\341`\220"
 150      58FC5573 
 150      72DF84A1 
 150      67CCDFE1 
 150      6090
 151 00cd 2458469C 		.ascii	"$XF\234R\362K\035)\271\252\3378\330{\333X\374`]W\333"
 151      52F24B1D 
 151      29B9AADF 
 151      38D87BDB 
 151      58FC605D 
 152 00e3 FF18A02B 		.ascii	"\377\030\240+\024J\374{H\340%,:\363\012\226\247\330"
 152      144AFC7B 
ARM GAS  /tmp/ccDv3GW6.s 			page 11


 152      48E0252C 
 152      3AF30A96 
 152      A7D8
 153 00f5 D08A7FF0 		.ascii	"\320\212\177\360\271\227\035\250.\367\360G\365\015."
 153      B9971DA8 
 153      2EF7F047 
 153      F50D2E
 154 0104 A1593586 		.ascii	"\241Y5\206=n==~o\325Q+\323\376M_E\360\232\2544\330\012"
 154      3D6E3D3D 
 154      7E6FD551 
 154      2BD3FE4D 
 154      5F45F09A 
 155 011c 0D17D67E 		.ascii	"\015\027\326~~W\272a*e\323\336\335\215%|\325\203&\352"
 155      7E57BA61 
 155      2A65D3DE 
 155      DD8D257C 
 155      D58326EA 
 156 0130 08E8D5EE 		.ascii	"\010\350\325\356)\342\274k}\253G\235&sL\015\276\262"
 156      29E2BC6B 
 156      7DAB479D 
 156      26734C0D 
 156      BEB2
 157 0142 B00D8D5B 		.ascii	"\260\015\215[\261+\006v\340\210\023\314\265\327\303"
 157      B12B0676 
 157      E08813CC 
 157      B5D7C3
 158 0151 2FE0B73D 		.ascii	"/\340\267=\366\312n\301.\251\037\262m=\232\315=\310"
 158      F6CA6EC1 
 158      2EA91FB2 
 158      6D3D9ACD 
 158      3DC8
 159 0163 4DA432CE 		.ascii	"M\2442\316]\333\261\035\255\013\256\316\336\317kwf\232"
 159      5DDBB11D 
 159      AD0BAECE 
 159      DECF6B77 
 159      669A
 160 0175 6BC62DDA 		.ascii	"k\306-\332\323b\344\377\274\307\205\231\242\253S\351"
 160      D362E4FF 
 160      BCC78599 
 160      A2AB53E9 
 161 0185 E49DDB7A 		.ascii	"\344\235\333z||L\247\023\311'\316\325f&\237\177hg\305"
 161      7C7C4CA7 
 161      13C927CE 
 161      D566269F 
 161      7F6867C5 
 162 0199 05B892A6 		.ascii	"\005\270\222\246\015"
 162      0D
 163              		.text
 164              		.section	.gnu.lto_.symbol_nodes.d3db6d410d9e6dd4,"",%progbits
 165 0000 789C55C8 		.ascii	"x\234U\310\271\015\2000\020\005\321\331o\273\017(\222"
 165      B90D8030 
 165      1005D1D9 
 165      6FBB0F28 
 165      92
 166 0011 785D0245 		.ascii	"x]\002E\020Q\011\346\252\201J\020\026\331N2\322\313"
 166      105109E6 
 166      AA814A10 
ARM GAS  /tmp/ccDv3GW6.s 			page 12


 166      16D94E32 
 166      D2CB
 167 0023 18133D6D 		.ascii	"\030\023=mr\230o\350[\353\330\245\311-\312.W\224C\236"
 167      72986FE8 
 167      5BEBD8A5 
 167      C92DCA2E 
 167      5794439E 
 168 0037 A29CF21C 		.ascii	"\242\234\362\034\304.y\371\005j\035 QX\236\327\370\000"
 168      C42E79F9 
 168      056A1D20 
 168      51589ED7 
 168      F800
 169 0049 DD6D1D2B 		.ascii	"\335m\035+"
 170              		.text
 171              		.section	.gnu.lto_.refs.d3db6d410d9e6dd4,"",%progbits
 172 0000 789C6361 		.ascii	"x\234ca`\004B \000\000\0009\000\007"
 172      60044220 
 172      00000039 
 172      0007
 173              		.text
 174              		.section	.gnu.lto_.decls.d3db6d410d9e6dd4,"",%progbits
 175 0000 789CB557 		.ascii	"x\234\265WkPT\311\025\236s{\300a\030\320\035\255-S1"
 175      6B5054C9 
 175      159E737B 
 175      C06118D0 
 175      1DAD2D53 
 176 0015 15CBD282 		.ascii	"\025\313\322\202$\025F I%\251$\245;\030\335\252u75\230"
 176      24154620 
 176      4925A924 
 176      A53B18DD 
 176      AA753735 
 177 002a ADFC494D 		.ascii	"\255\374IM!\262\201*@\213\031\223\332_\271<V]\324\010"
 177      21B2812A 
 177      408B1993 
 177      DA5FB93C 
 177      565DD408 
 178 003e 220F4754 		.ascii	"\"\017GT\336\240\260\212\030PD\004E\021\025\224\005"
 178      DEA0B08A 
 178      18504404 
 178      45111594 
 178      05
 179 004f 91055440 		.ascii	"\221\005T@Y\203\217e\021QPDs\3721s\257\303`v\177\344"
 179      59838F65 
 179      11515044 
 179      73FA3173 
 179      AFC36076 
 180 0065 EA99DBA7 		.ascii	"\352\231\333\247\373;_\237Gw\337F\253\001\015}V\277"
 180      FB3B5F9F 
 180      4777DF46 
 180      AB010D7D 
 180      56BF
 181 0077 A3D1C44B 		.ascii	"\243\321\304K\032M\036\252\257\361\361\306\276\2175"
 181      1A4D1EAA 
 181      AFF1F1C6 
 181      BE8F35
 182 0086 CA43F52F 		.ascii	"\312C\365/PN\243\234AiDiB\271\240\231\371P\034\021\366"
 182      504EA39C 
ARM GAS  /tmp/ccDv3GW6.s 			page 13


 182      41694469 
 182      42B9A099 
 182      F9501C11 
 183 009b CD2815A2 		.ascii	"\315(\025\242_\022c\236l(\257N\330\030Q\026\240\324"
 183      5F12639E 
 183      6C28AF4E 
 183      D8185116 
 183      A0D4
 184 00ad A2E8D11F 		.ascii	"\242\350\321\037\037\224^l\267\012^\011\365i|?\023\234"
 184      1F945E6C 
 184      B70A5E09 
 184      F5697C3F 
 184      139C
 185 00bf D4D6807D 		.ascii	"\324\326\200}4\222\037\302\233\274\324W\255\340urQ\036"
 185      34921FC2 
 185      9BBCD457 
 185      ADE07572 
 185      511E
 186 00d1 50D953CC 		.ascii	"P\331S\314\217\334\3544\"\306\357\342\023\010\237$a"
 186      8FDCEC34 
 186      22C6EFE2 
 186      13089F24 
 186      61
 187 00e2 F363E14B 		.ascii	"\363c\341K\200\033'\315\327\234\357\301E\361?\021\\"
 187      801B27CD 
 187      D79CEFC1 
 187      45F13F11 
 187      5C
 188 00f3 3F73E39A 		.ascii	"?s\343\232\226\340pG\305\016\277>\350\001\320\000\314"
 188      96E07047 
 188      C50EBF3E 
 188      E801D000 
 188      CC
 189 0104 0310484A 		.ascii	"\003\020HJ\002\274%\272\200+\222F\360s\224\213\020\330"
 189      02BC25BA 
 189      802B9246 
 189      F073948B 
 189      10D8
 190 0116 3FFC2F31 		.ascii	"?\374/1<\250\006\336\300\261u\301\036\245\013\\\217"
 190      3CA806DE 
 190      C0B175C1 
 190      1EA50B5C 
 190      8F
 191 0127 13096F92 		.ascii	"\023\011o\222\002\213\306\251\242.)\006*>\341\275\230"
 191      028BC6A9 
 191      A22E2906 
 191      2A3EE1BD 
 191      98
 192 0138 1FD4D332 		.ascii	"\037\324\3232j\342\014zk\325H\277\027ANl\367?/\373c"
 192      6AE20C7A 
 192      6BD548BF 
 192      17414E6C 
 192      F73F2FFB 
 193 014d 50858C4F 		.ascii	"P\205\214O\232,K?P2\363eJe.\031\227\300\250\007-\252"
 193      9A2C4B3F 
 193      5032F365 
 193      4A652E19 
ARM GAS  /tmp/ccDv3GW6.s 			page 14


 193      97C0A807 
 194 0163 8FDB1C77 		.ascii	"\217\333\034w\375Q]\240\207\305\250N_\332\347\220\026"
 194      FD515DA0 
 194      87C5A84E 
 194      5FDAE790 
 194      16
 195 0174 6631BB64 		.ascii	"f1\273dy\261\026>~\027\312a\021\034\206E8[\005,\304"
 195      79B1163E 
 195      7E17CA61 
 195      111C8645 
 195      385B052C 
 196 0189 DFF55ACE 		.ascii	"\337\365Z\316t\255\262t\004\226\344\311y\225\362@\327"
 196      74ADB274 
 196      0496E4C9 
 196      7995F240 
 196      D7
 197 019a 68E85EB9 		.ascii	"h\350^\2711\005\315$\212\2022 p\010\202\250\213\330"
 197      3105CD24 
 197      8A823220 
 197      700882A8 
 197      8BD8
 198 01ac A4AF52E8 		.ascii	"\244\257R\350C\347\277\200%h\231\\\321\233\352E~\313"
 198      43E7BF80 
 198      2568995C 
 198      D19BEA45 
 198      7ECB
 199 01be 1CBDD572 		.ascii	"\034\275\325r\250\234\372\023\240\007\032\356\\\354"
 199      A89CFA13 
 199      A0071AEE 
 199      5CEC
 200 01cc 3AFAA8F6 		.ascii	":\372\250\366\271\037\357\242\210\216]cEs\310j\332\226"
 200      B91FEFA2 
 200      888E5D63 
 200      4573C86A 
 200      DA96
 201 01de CAD31F76 		.ascii	"\312\323\037v\370@\240\276\204z8\320\325\034\226\276"
 201      F840A0BE 
 201      847A38D0 
 201      D51C96BE 
 202 01ee 954E791C 		.ascii	"\225Ny\034\364pL\2312@\217\277\333d9\211\006a\\\243"
 202      F4704C99 
 202      32408FBF 
 202      DB643989 
 202      06615CA3 
 203 0202 71850055 		.ascii	"q\205\000U\020Hi)\016*\261\363(v\342\024\207\212\322"
 203      10486929 
 203      0E2AB1F3 
 203      2876E214 
 203      878AD2
 204 0215 0BBC890C 		.ascii	"\013\274\211\014l\216\303G\2565\317\001}\240G\202\032"
 204      6C8EC347 
 204      AE35CF01 
 204      7DA04782 
 204      1A
 205 0226 0F04DC99 		.ascii	"\017\004\334\231\343\251\277\300|\317\203j\364\345\337"
 205      E3A9BFC0 
 205      7CCF836A 
ARM GAS  /tmp/ccDv3GW6.s 			page 15


 205      F4E5DF
 206 0235 8A2FE81A 		.ascii	"\212/\350\032O\327\256\352\276\227sI\005\237c*\377i"
 206      4FD7AEEA 
 206      BE977349 
 206      059F632A 
 206      FF69
 207 0247 86C115C7 		.ascii	"\206\301\025\307\255+\361\371\237\3218j\321\366\204"
 207      AD2BF1F9 
 207      9FD1386A 
 207      D1F684
 208 0256 625B0DB3 		.ascii	"b[\015\263\006r\322s 9\227\2566\030\264\270\232\031"
 208      0672D273 
 208      203997AE 
 208      3618B4B8 
 208      9A19
 209 0268 15560AFB 		.ascii	"\025V\012\373**n>#\263\326\264\216\325\364\024\210\242"
 209      2A2A6E3E 
 209      23B3D6B4 
 209      8ED5F414 
 209      88A2
 210 027a 56D5ED0C 		.ascii	"V\325\355\014\306\232\016\320\232\216\033\262\222\345"
 210      C69A0ED0 
 210      9A8E1BB2 
 210      92E5
 211 0288 16345B4C 		.ascii	"\0264[LQpDq\354\210\272\246\247YM/MU\371\223A\026\035"
 211      51704471 
 211      EC88BAA6 
 211      A7594D2F 
 211      4D55F993 
 212 029f 64D7B74D 		.ascii	"d\327\267M\001gi|\326l\220\323\022ey\005[\027\365\012"
 212      0167697C 
 212      D66C90D3 
 212      12657905 
 212      5B17F50A 
 213 02b3 47BD9AE3 		.ascii	"G\275\232\343\014\343\330}|\342\240\027\371\206\223"
 213      0CE3D87D 
 213      7CE2A017 
 213      F98693
 214 02c2 74EF9CC8 		.ascii	"t\357\234\310\367\027$U\027\235$\324\221\006\205\244"
 214      F7172455 
 214      179D24D4 
 214      910685A4 
 215 02d2 414DD2C8 		.ascii	"AM\322\310H*\306\333\253\374\310$'i\271~/\317G\035;"
 215      482AC6DB 
 215      ABFCC824 
 215      2769B97E 
 215      2FCF471D 
 216 02e7 4D8B12FC 		.ascii	"M\213\022\374\2717\026\364\300\300\231b\"f|r\321\317"
 216      B93716F4 
 216      C0C09962 
 216      22667C72 
 216      D1CF
 217 02f9 B5A01105 		.ascii	"\265\240\021\005g\2259\317\252\347lbs>\336\361m\336"
 217      679539CF 
 217      AAE76C62 
 217      733EDEF1 
 217      6DDE
ARM GAS  /tmp/ccDv3GW6.s 			page 16


 218 030b 5C92CCB7 		.ascii	"\\\222\314\267\336\211\211\227\367\374(\015V\266\241"
 218      DE898997 
 218      F7FC280D 
 218      56B6A1
 219 031a 232CA970 		.ascii	"#,\251pKc\032\260\315\003\347\025\226\363\300\367-\\"
 219      4B631AB0 
 219      CD03E715 
 219      96F3C0F7 
 219      2D5C
 220 032c 600C8E9E 		.ascii	"`\014\216\236\334+:C\252\253\324\014\2568\332\014\006"
 220      DC2B3A43 
 220      AAABD40C 
 220      AE38DA0C 
 220      06
 221 033d 06C6379D 		.ascii	"\006\3067\235a0\263\301\207\357\341\257\350\214\216"
 221      6130B3C1 
 221      87EFE1AF 
 221      E88C8E
 222 034c BAF1CB5E 		.ascii	"\272\361\313^\\\327\321\341\221\362\023~|O7\322\341"
 222      5CD7D1E1 
 222      91F2137E 
 222      7C4F37D2 
 222      E1
 223 035d CE7BF929 		.ascii	"\316{\371)\006>\334N\365\246\033\027G\265\244\215{;"
 223      063EDC4E 
 223      F5A61B17 
 223      47B5A48D 
 223      7B3B
 224 036f D85E2DFB 		.ascii	"\330^-\373\350q\215%\177\247\265\216\026\255\255Sm^"
 224      E8718D25 
 224      7FA7B58E 
 224      16ADAD53 
 224      6D5E
 225 0381 A4939B6F 		.ascii	"\244\223\233o\277P\335,\216\223\026\252\3579\325T\347"
 225      BF50DD2C 
 225      8E9316AA 
 225      EF39D554 
 225      E7
 226 0392 4B6EF0C1 		.ascii	"Kn\360\301\273\251w\232\274I\237H\213\360\312(\274:"
 226      BBA9779A 
 226      BC499F48 
 226      8BF0CA28 
 226      BC3A
 227 03a4 D8F7F432 		.ascii	"\330\367\3642\220~>Xw\342t\263\210`9\335\362\243\255"
 227      907E3E58 
 227      77E274B3 
 227      886039DD 
 227      F2A3AD
 228 03b7 FB7DB93A 		.ascii	"\373}\271:\017\325\232{\227\232\365< \031P\257\357\270"
 228      0FD59A7B 
 228      979AF53C 
 228      201950AF 
 228      EFB8
 229 03c9 B9820C71 		.ascii	"\271\202\014q\313sc\225\245\"8B\227\336\355\232\347"
 229      CB736395 
 229      A5223842 
 229      97DEED9A 
ARM GAS  /tmp/ccDv3GW6.s 			page 17


 229      E7
 230 03da 061A8E2C 		.ascii	"\006\032\216,\362hT\327\373+\272\241\300\264\010\272"
 230      F26854D7 
 230      FB2BBAA1 
 230      C0B408BA 
 231 03ea C576492A 		.ascii	"\305vI**\325\032\323\3041\271B\3136o\027\302\2573x\017"
 231      2AD51AD3 
 231      C431B942 
 231      CB366F17 
 231      C2AF3378 
 232 03ff 189D4614 		.ascii	"\030\235F\024=|\275'UR\243[\337\206>RX\234\255'\303"
 232      3D7CBD27 
 232      5552A35B 
 232      DF863E52 
 232      589CAD27 
 233 0414 DCCB7D4F 		.ascii	"\334\313}On\335\027\025\013D\265\344Y]\262\216<\342"
 233      6EDD1715 
 233      0B44B5E4 
 233      595DB28E 
 233      3CE2
 234 0426 631967F6 		.ascii	"c\031g\366\267\315!\243\\q\236\307F~\036'u\277G\263"
 234      B7CD21A3 
 234      5C719EC7 
 234      467E1E27 
 234      75BF47B3 
 235 043a 4B471AD2 		.ascii	"KG\032\322w\337\0022\311\225\221\224\257\007D\202\026"
 235      77DF0232 
 235      C9959194 
 235      AF074482 
 235      16
 236 044b A29A79E5 		.ascii	"\242\232y\345a\000\215\236\016\275ji\012 \311\204\265"
 236      61008D9E 
 236      0EBD6A69 
 236      0A20C984 
 236      B5
 237 045c 9B6BCA4A 		.ascii	"\233k\312J\201|\316\2251G\363C=\331\311\225\274\216"
 237      817CCE95 
 237      3147F343 
 237      3DD9C995 
 237      BC8E
 238 046e DC933A92 		.ascii	"\334\223:\222\306\225\222\311\254\022\003\311\344\312"
 238      C69592C9 
 238      AC1203C9 
 238      E4CA
 239 047c F5DAAE6D 		.ascii	"\365\332\256m\276\304\301\225m\307\216\345\370\222\003"
 239      BEC4C195 
 239      6DC78EE5 
 239      F89203
 240 048b 5C49AAEB 		.ascii	"\\I\252\353I\237\313'\035\240\372P\361P\236\217(\213"
 240      499FCB27 
 240      1DA0FA50 
 240      F1509E8F 
 240      288B
 241 049d 37EAA91D 		.ascii	"7\352\251\035\255\023@\0128\270\265\2440\321g\326B\214"
 241      AD13400A 
 241      38B8B5A4 
 241      30D167D6 
ARM GAS  /tmp/ccDv3GW6.s 			page 18


 241      428C
 242 04af 380BB19C 		.ascii	"8\013\261\234\325!\365\314\330\001\020\231mt\326\341"
 242      D521F5CC 
 242      D8011099 
 242      6D74D6E1 
 243 04bf 12A25B18 		.ascii	"\022\242[\030\372[\226\331\021gfS;\333\022\347\250\321"
 243      FA5B96D9 
 243      11676653 
 243      3BDB12E7 
 243      A8D1
 244 04d1 AD6F41BF 		.ascii	"\255oA\277[\231X\264U\007K\235\317|\376\012d\277\005"
 244      5B9958B4 
 244      55074B9D 
 244      CF7CFE0A 
 244      64BF05
 245 04e4 724AB23C 		.ascii	"rJ\262<pp_X\316\330\220,\35760\246\333\270I_\300|e\037"
 245      70705F58 
 245      CED8902C 
 245      EF3630A6 
 245      DBB8495F 
 246 04fc DC64B4C1 		.ascii	"\334d\264\301\370\243a\006\215\317\372\3618\212`\340"
 246      F8A36106 
 246      8DCFFAF1 
 246      388A60E0 
 247 050c AFDDC17C 		.ascii	"\257\335\301|-\224\203\202\316]OO\022\302\340\327\334"
 247      2D948382 
 247      CE5D4F4F 
 247      12C2E0D7 
 247      DC
 248 051d E15767C0 		.ascii	"\341Wg\300o*\344\017\334\321&7G^)\330\001wl\377\014"
 248      6F2AE40F 
 248      DCD12637 
 248      475E29D8 
 248      01776CFF 
 249 0532 E63105FD 		.ascii	"\3461\005\375\037wt\313\014\364\001\225\333m\356\360"
 249      1F7774CB 
 249      0CF40195 
 249      DB6DEEF0 
 250 0542 CBEE2979 		.ascii	"\313\356)y\241p\337u\007\337\231\301\235\243\342\356"
 250      A170DF75 
 250      07DF99C1 
 250      9DA3E2EE 
 251 0552 70877FA9 		.ascii	"p\207\177\251\202\247\213\315&\343\367\011\036!\342"
 251      82A78BCD 
 251      26E3F709 
 251      1E21E2
 252 0561 211BA478 		.ascii	"!\033\244x<\226 Q\012\204qX\012\311\322R\330\202\362"
 252      3C962051 
 252      0A847158 
 252      0AC9D252 
 252      D882F2
 253 0574 0CDBD328 		.ascii	"\014\333\323(c(S(\223()\330\377\024\337\217Q^\243|\206"
 253      63285328 
 253      932829D8 
 253      FF14DF8F 
 253      515EA37C 
 254 0589 7A12CA73 		.ascii	"z\022\312sl\277Dy\2022\201\"c\337+X\312\016e\356\345"
ARM GAS  /tmp/ccDv3GW6.s 			page 19


 254      6CBF4479 
 254      82328122 
 254      63DF2B58 
 254      CA0E65EE 
 255 059e A412D390 		.ascii	"\244\022\323\220\347\230T\011p\250Bj\367\\e\025z\\\241"
 255      E7985409 
 255      70A8426A 
 255      F75C6515 
 255      7A5CA1
 256 05b1 BEE77905 		.ascii	"\276\347y\0059\301\211\370\365[\237\310\250G\301\010"
 256      39C189F8 
 256      F55B9FC8 
 256      A847C108 
 257 05c1 DF08B473 		.ascii	"\337\010\264s\271\303Ew\352\335*Gny^\312\352RT\252\340"
 257      B9C34577 
 257      EADD2A47 
 257      6E795ECA 
 257      EA5254AA 
 258 05d6 573C9799 		.ascii	"W<\227\231\303\331U\245\261\017\035\227u\024\245\021"
 258      C3D955A5 
 258      B10F1D97 
 258      7514A511 
 259 05e6 5F328DCB 		.ascii	"_2\215\313\317\354;k2d\271e9\364\242\2437\004\227\363"
 259      CFEC3B6B 
 259      3264B965 
 259      39F4A2A3 
 259      370497F3 
 260 05fa 7C84CE19 		.ascii	"|\204\316\031S\337V\222p\337\343JW\203_*\340A\317K]"
 260      53DF5692 
 260      70DFE34A 
 260      57835F2A 
 260      E041CF4B 
 261 060f 95833DAA 		.ascii	"\225\203=\252\240\372\334\321\235\356\350Q\205z\330"
 261      A0FADCD1 
 261      9DEEE851 
 261      857AD8
 262 061e F3BE6060 		.ascii	"\363\276``zYm\275Q\346O\206\330\011'\345>\032>\255\203"
 262      7A596DBD 
 262      51E64F86 
 262      D80927E5 
 262      3E1A3EAD 
 263 0633 C0F93C31 		.ascii	"\300\371<1\325w\026\322\304|.\315\207\255\222\353+O"
 263      D57716D2 
 263      C47C2ECD 
 263      87AD92EB 
 263      2B4F
 264 0645 F334CB2A 		.ascii	"\3634\313*\206m\270x\377\337\013\231\036\341g\233\357"
 264      866DB878 
 264      FFDF0B99 
 264      1EE1679B 
 264      EF
 265 0656 4BEA9B05 		.ascii	"K\352\233\005uQ9\211S%~\263\3007\202\363\217\217;\374"
 265      75513989 
 265      53257EB3 
 265      C03782F3 
 265      8F8F3BFC 
 266 066a C8283FC2 		.ascii	"\310(?\302\353\036\237\332\253\307\213Lc%\275\310X\317"
ARM GAS  /tmp/ccDv3GW6.s 			page 20


 266      EB1E9FDA 
 266      ABC78B4C 
 266      6325BDC8 
 266      58CF
 267 067c 156FA197 		.ascii	"\025o\241\227\260\2745\354\322\010\333\225(\261\251"
 267      B0BC35EC 
 267      D208DB95 
 267      28B1A9
 268 068b DC887648 		.ascii	"\334\210vH\364>\3233^>a \311ZFT\370\240\266I|\335\375"
 268      F43ED333 
 268      5E3E6120 
 268      C95A4654 
 268      F8A0B649 
 269 06a2 50BD59B0 		.ascii	"P\275Y\260\247X\313\277\033\303t8\277\355I\226\236\244"
 269      A758CBBF 
 269      1BC37438 
 269      BFED4996 
 269      9EA4
 270 06b4 73ECD4F0 		.ascii	"s\354\324\360\236\036\340X\352\320\216\222\3555\272"
 270      9E1EE058 
 270      EAD08E92 
 270      ED35BA
 271 06c3 593F23BB 		.ascii	"Y?#\273%\361\031I\227\330w\244k\262\376\205\2018\030"
 271      25F11949 
 271      97D877A4 
 271      6BB2FE85 
 271      813818
 272 06d6 93F67852 		.ascii	"\223\366xR\177\276?\004.\002\204\003\277i\323\277\205"
 272      7FBE3F04 
 272      2E028403 
 272      BF69D3BF 
 272      85
 273 06e7 34902DE9 		.ascii	"4\220-\351!C\"\316?\242\0342\322\217\376\223vc[\307"
 273      214322CE 
 273      3FA21C32 
 273      D28FFE93 
 273      76635BC7 
 274 06fb DEECCE3D 		.ascii	"\336\354\316=Z {/\324@(\373J\301\036,Q6\233/KZ\004\231"
 274      5A207B2F 
 274      D44028FB 
 274      4AC11E2C 
 274      51369B2F 
 275 0713 7CC2074F 		.ascii	"|\302\007O\317v\353\225+\0010\356]8\376/\211\372\227"
 275      CF76EB95 
 275      2B0130EE 
 275      5D38FE2F 
 275      89FA97
 276 0726 23199D5E 		.ascii	"#\031\235^Rt\357\305\326\024o\275\340N\373_\334%\005"
 276      5274EFC5 
 276      D6146FBD 
 276      E04EFB5F 
 276      DC2505
 277 0739 2527756A 		.ascii	"%'uj\356\275o\343N,\276\220\245]V(\267\343\305\263\353"
 277      EEBD6FE3 
 277      4E2CBE90 
 277      A55D5628 
 277      B7E3C5B3 
ARM GAS  /tmp/ccDv3GW6.s 			page 21


 278 074e A521434E 		.ascii	"\245!CN\311\221\265\340\220\214\220\206\205\302;\272"
 278      C991B5E0 
 278      908C9086 
 278      85C23BBA 
 279 075e CA7427F6 		.ascii	"\312t'\366\254\303D\354\223\226\241e\337\353\332<?r"
 279      ACC344EC 
 279      9396A165 
 279      DFEBDA3C 
 279      3F72
 280 0770 90A73FA5 		.ascii	"\220\247?\245/\251\327\327U\3638U\315\351\2054W\251"
 280      2FA9D7D7 
 280      55F33855 
 280      CDE98534 
 280      57A9
 281 0782 79AEBAE6 		.ascii	"y\256\272\346\373Y\315\033\356\0279\264\344\030'\312"
 281      FB59CD1B 
 281      EE1739B4 
 281      E41827CA 
 282 0792 6ACFDC2B 		.ascii	"j\317\334+\210\032o_1p\026\266p\016($\007\324$\007\031"
 282      881A6F5F 
 282      317016B6 
 282      700E2824 
 282      07D42407 
 283 07a7 495F7AEF 		.ascii	"I_z\3579or\216\223t\367\244\324\212\305\340\253\272"
 283      396F728E 
 283      9374F7A4 
 283      D48AC5E0 
 283      ABBA
 284 07b9 F72E10F7 		.ascii	"\367.\020\367\336\351\321\366iq\367\323\323?\037\272"
 284      DEE9D1F6 
 284      6971F7D3 
 284      D33F1FBA 
 285 07c9 AEB6E967 		.ascii	"\256\266\351g]+E"
 285      5D2B45
 286 07d0 CEB552C8 		.ascii	"\316\265R\310\323\233\235\327\375\304\313\275t\005\230"
 286      D39B9DD7 
 286      FDC4CBBD 
 286      740598
 287 07df A37C96A3 		.ascii	"\243|\226\243b\226\336\"gz3\353O\376\325\275\026\263"
 287      6296DE22 
 287      677A33EB 
 287      4FFED5BD 
 287      16B3
 288 07f1 82B79C1F 		.ascii	"\202\267\234\037\034\363u\326\342\221\277\250E\211\250"
 288      1CF375D6 
 288      E291BFA8 
 288      4589A8
 289 0800 05FE99A2 		.ascii	"\005\376\231\2422\315\023\265(e\265\250\311\316\374"
 289      32CD13B5 
 289      2865B5A8 
 289      C9CEFC
 290 080f 0369E7C1 		.ascii	"\003i\347\301o\271\320{Hr\225bUF\251\253\024\364\017"
 290      6FB9D07B 
 290      48729562 
 290      5546A9AB 
 290      14F40F
 291 0822 9232258B 		.ascii	"\2222%\213e\352,\036bY\254\355,\306\203j\220\023\365"
ARM GAS  /tmp/ccDv3GW6.s 			page 22


 291      65EA2C1E 
 291      6259ACED 
 291      2CC6836A 
 291      9013F5
 292 0835 1DDD9E0F 		.ascii	"\035\335\236\017.w\346\272\271\323\364\206;\207\205"
 292      2E77E6BA 
 292      B9D3F486 
 292      3B8785
 293 0844 3BE5D232 		.ascii	";\345\3222\215\267\315\376~|\214]\267\372\303?/6\007"
 293      8DB7CDFE 
 293      7E7C8C5D 
 293      B7FAC33F 
 293      2F3607
 294 0857 076B0282 		.ascii	"\007k\002\202\202L\346\350\230\3651\037\205[\203\177"
 294      824CE6E8 
 294      98F5311F 
 294      855B837F 
 295 0867 13141C14 		.ascii	"\023\024\034\024l2m\264\231\242#bM\266\204H\372\266"
 295      6C326DB4 
 295      99A22362 
 295      4DB68448 
 295      FAB6
 296 0879 DAEC4191 		.ascii	"\332\354A\221\032\203\315\036n\217H\260\257\214\215"
 296      1A83CD1E 
 296      6E8F48B0 
 296      AF8C8D
 297 0888 4888D35B 		.ascii	"H\210\323[\255\233c\342\355\241!V\373\317M\233m\011"
 297      AD9B63E2 
 297      EDA12156 
 297      FBCF4D9B 
 297      6D09
 298 089a A698F8C8 		.ascii	"\246\230\370\310\330\315\033\242L\361Q\377\210\215Y"
 298      D8CD1BA2 
 298      4CF151FF 
 298      888D59
 299 08a9 6F8A8B88 		.ascii	"o\212\213\210\214\216\211\2172Y7D}\022\2619\326n\265"
 299      8C8E898F 
 299      32593744 
 299      7D12B139 
 299      D66EB5
 300 08bc 7FBA29CA 		.ascii	"\177\272)\312\026\024\255\3219\315\226x2\263}j3\341"
 300      1614ADD1 
 300      39CD9678 
 300      32B37D6A 
 300      33E1
 301 08ce 6C1B1083 		.ascii	"l\033\020\203X\037T\3551qQV\373O=\373\230`w\021DFS$"
 301      581F54ED 
 301      31715156 
 301      FB4F3DFB 
 301      98607711 
 302 08e6 1AF95237 		.ascii	"\032\371R77n\342^b;\312\356l\256\026MDXcc7Xc0\013\277"
 302      376EE25E 
 302      623BCAEE 
 302      6CAE164D 
 302      44586363 
 303 0900 9F3DF84D 		.ascii	"\237=\370M\033\023\3546S\370\272\265\241!\246\017>\010"
 303      1B13EC36 
ARM GAS  /tmp/ccDv3GW6.s 			page 23


 303      53F8BAB5 
 303      A121A60F 
 303      3E08
 304 0912 33AD7B7F 		.ascii	"3\255{\177\355\337\203E:\250=\316\345e6\257\265\204"
 304      EDDF8345 
 304      3AA83DCE 
 304      E56536AF 
 304      B584
 305 0924 4A1F59B4 		.ascii	"J\037Y\264akWZH\230\331\242}/l\235\205\230\315\026b"
 305      616B575A 
 305      4898D9A2 
 305      7D2F6C9D 
 305      8598CD16 
 306 0939 415969B1 		.ascii	"AYi\261\220?\205\233\211\371\303uZ\263y\225\205\341"
 306      903F859B 
 306      89F9C375 
 306      5AB37995 
 306      85E1
 307 094b 43D86F30 		.ascii	"C\330o0Y\265\332\"\205\243\345\373\253,\332\360\265"
 307      59B5DA22 
 307      85A3E5FB 
 307      AB2CDAF0 
 307      B5
 308 095c 88365B42 		.ascii	"\2106[BP\202\021\371\027\313\357\276\257_6{\034\315"
 308      508211F9 
 308      17CBEFBE 
 308      AF5F367B 
 308      1CCD
 309 096e 6A4C1C4F 		.ascii	"jL\034O\201P\254v\243\010\326FKg\215\240\361\373Y\255"
 309      8150AC76 
 309      A308D646 
 309      4B678DA0 
 309      F1FB59AD 
 310 0982 9F6C8E8F 		.ascii	"\237l\216\217\264Z\203~\035\032\362K\235S\323FFG$\274"
 310      B45A837E 
 310      1D1AF24B 
 310      9D53D346 
 310      464724BC 
 311 0996 E3826FDC 		.ascii	"\343\202o\334\304\321\363\234=Q\036\314CC\234\303\177"
 311      C4D1F39C 
 311      3D511ECC 
 311      43439CC3 
 311      7F
 312 09a7 F338FCAB 		.ascii	"\3638\374\253\377\002+\276\340\340"
 312      FF022BBE 
 312      E0E0
 313              		.text
 314              		.section	.gnu.lto_.symtab.d3db6d410d9e6dd4,"",%progbits
 315 0000 7374496E 		.ascii	"stInit\000"
 315      697400
 316 0007 00       		.ascii	"\000"
 317 0008 00       		.ascii	"\000"
 318 0009 00       		.ascii	"\000"
 319 000a 00000000 		.ascii	"\000\000\000\000\000\000\000\000"
 319      00000000 
 320 0012 AD000000 		.ascii	"\255\000\000\000"
 321 0016 73745374 		.ascii	"stStartAlarm\000"
ARM GAS  /tmp/ccDv3GW6.s 			page 24


 321      61727441 
 321      6C61726D 
 321      00
 322 0023 00       		.ascii	"\000"
 323 0024 00       		.ascii	"\000"
 324 0025 00       		.ascii	"\000"
 325 0026 00000000 		.ascii	"\000\000\000\000\000\000\000\000"
 325      00000000 
 326 002e BC000000 		.ascii	"\274\000\000\000"
 327 0032 73745374 		.ascii	"stStopAlarm\000"
 327      6F70416C 
 327      61726D00 
 328 003e 00       		.ascii	"\000"
 329 003f 00       		.ascii	"\000"
 330 0040 00       		.ascii	"\000"
 331 0041 00000000 		.ascii	"\000\000\000\000\000\000\000\000"
 331      00000000 
 332 0049 BE000000 		.ascii	"\276\000\000\000"
 333 004d 73745365 		.ascii	"stSetAlarm\000"
 333      74416C61 
 333      726D00
 334 0058 00       		.ascii	"\000"
 335 0059 00       		.ascii	"\000"
 336 005a 00       		.ascii	"\000"
 337 005b 00000000 		.ascii	"\000\000\000\000\000\000\000\000"
 337      00000000 
 338 0063 C0000000 		.ascii	"\300\000\000\000"
 339 0067 73744765 		.ascii	"stGetAlarm\000"
 339      74416C61 
 339      726D00
 340 0072 00       		.ascii	"\000"
 341 0073 00       		.ascii	"\000"
 342 0074 00       		.ascii	"\000"
 343 0075 00000000 		.ascii	"\000\000\000\000\000\000\000\000"
 343      00000000 
 344 007d C3000000 		.ascii	"\303\000\000\000"
 345 0081 73745F6C 		.ascii	"st_lld_init\000"
 345      6C645F69 
 345      6E697400 
 346 008d 00       		.ascii	"\000"
 347 008e 02       		.ascii	"\002"
 348 008f 00       		.ascii	"\000"
 349 0090 00000000 		.ascii	"\000\000\000\000\000\000\000\000"
 349      00000000 
 350 0098 C5000000 		.ascii	"\305\000\000\000"
 351              		.text
 352              		.section	.gnu.lto_.opts,"",%progbits
 353 0000 272D666D 		.ascii	"'-fmath-errno' '-fsigned-zeros' '-ftrapping-math' '"
 353      6174682D 
 353      6572726E 
 353      6F272027 
 353      2D667369 
 354 0033 2D666E6F 		.ascii	"-fno-trapv' '-fno-strict-overflow' '-fno-openmp' '-"
 354      2D747261 
 354      70762720 
 354      272D666E 
 354      6F2D7374 
ARM GAS  /tmp/ccDv3GW6.s 			page 25


 355 0066 666E6F2D 		.ascii	"fno-openacc' '-mcpu=cortex-m4' '-mthumb' '-mfloat-a"
 355      6F70656E 
 355      61636327 
 355      20272D6D 
 355      6370753D 
 356 0099 62693D68 		.ascii	"bi=hard' '-mfpu=fpv4-sp-d16' '-g' '-ggdb' '-Og' '-f"
 356      61726427 
 356      20272D6D 
 356      6670753D 
 356      66707634 
 357 00cc 6F6D6974 		.ascii	"omit-frame-pointer' '-falign-functions=16' '-ffunct"
 357      2D667261 
 357      6D652D70 
 357      6F696E74 
 357      65722720 
 358 00ff 696F6E2D 		.ascii	"ion-sections' '-fdata-sections' '-fno-common' '-flt"
 358      73656374 
 358      696F6E73 
 358      2720272D 
 358      66646174 
 359 0132 6F2700   		.ascii	"o'\000"
 360              		.text
 361              		.comm	__gnu_lto_v1,1,1
 362              		.comm	__gnu_lto_slim,1,1
 363              		.ident	"GCC: (15:5.4.1+svn241155-1) 5.4.1 20160919"
ARM GAS  /tmp/ccDv3GW6.s 			page 26


DEFINED SYMBOLS
                            *ABS*:0000000000000000 hal_st.c
                            *COM*:0000000000000001 __gnu_lto_v1
                            *COM*:0000000000000001 __gnu_lto_slim

NO UNDEFINED SYMBOLS
