ARM GAS  /tmp/cc0TKq15.s 			page 1


   1              		.syntax unified
   2              		.cpu cortex-m4
   3              		.eabi_attribute 27, 1
   4              		.eabi_attribute 28, 1
   5              		.fpu fpv4-sp-d16
   6              		.eabi_attribute 20, 1
   7              		.eabi_attribute 21, 1
   8              		.eabi_attribute 23, 3
   9              		.eabi_attribute 24, 1
  10              		.eabi_attribute 25, 1
  11              		.eabi_attribute 26, 1
  12              		.eabi_attribute 30, 1
  13              		.eabi_attribute 34, 1
  14              		.eabi_attribute 18, 4
  15              		.thumb
  16              		.syntax unified
  17              		.file	"hal_pal_lld.c"
  18              		.text
  19              	.Ltext0:
  20              		.section	.gnu.lto_.profile.3937bb8640be76bc,"",%progbits
  21 0000 789C6361 		.ascii	"x\234ca`d`a`\000\222\376\276\000\001U\000\247"
  21      60646061 
  21      600092FE 
  21      BE000155 
  21      00A7
  22              		.text
  23              		.section	.gnu.lto_.inline.3937bb8640be76bc,"",%progbits
  24 0000 789C6361 		.ascii	"x\234ca`d\000\001\035\006\004`b``fb\004Q\014l\013\344"
  24      60640001 
  24      1D060460 
  24      62606066 
  24      6204510C 
  25 0017 411450D1 		.ascii	"A\024P\3219\206\275 \261\026\306\005\235\312\014\022"
  25      3986BD20 
  25      B116C605 
  25      9DCA0C12 
  26 0027 732E3283 		.ascii	"s.2\203\305\031\000n\253\005\357"
  26      C519006E 
  26      AB05EF
  27              		.text
  28              		.section	.gnu.lto_.jmpfuncs.3937bb8640be76bc,"",%progbits
  29 0000 789C6361 		.ascii	"x\234ca`d\000\001\016\006\004`\002b\220(\000\001Z\000"
  29      60640001 
  29      0E060460 
  29      02629028 
  29      00015A00 
  30 0014 11       		.ascii	"\021"
  31              		.text
  32              		.section	.gnu.lto_.pureconst.3937bb8640be76bc,"",%progbits
  33 0000 789C6361 		.ascii	"x\234ca`d`e```b``\224\002\000\000\237\000("
  33      60646065 
  33      60606062 
  33      60609402 
  33      00009F00 
  34              		.text
  35              		.section	.gnu.lto__pal_lld_init.3937bb8640be76bc,"",%progbits
  36 0000 789C6361 		.ascii	"x\234ca`d\000\201j v\004bi fdf`d\232p\216\201\241\221"
ARM GAS  /tmp/cc0TKq15.s 			page 2


  36      60640081 
  36      6A207604 
  36      62692066 
  36      64666064 
  37 001a 83899111 		.ascii	"\203\211\221\021\304h\340`d\250gb\254g\374\312\364\227"
  37      C468E060 
  37      64A86762 
  37      AC67FCCA 
  37      F497
  38 002c 89F150FB 		.ascii	"\211\361P\373\263\235L\232\313\033\200\340\301\322G"
  38      B39D4C9A 
  38      CB1B80E0 
  38      C1D247
  39 003b 060D2B0E 		.ascii	"\006\015+\0160\266230\374g\002\233\304\300\270\234Q"
  39      30B63233 
  39      30FC6702 
  39      9BC4C0B8 
  39      9C51
  40 004d 9301A8EC 		.ascii	"\223\001\250\354\321\306\177Sy\331Z@\312\024 \222\214"
  40      D1C67F53 
  40      79D95A40 
  40      CA142092 
  40      8C
  41 005e 2B18D940 		.ascii	"+\030\331@\326\255\017:\320\360\377\177sC\303W\203Y"
  41      D6AD0F3A 
  41      D0F0FF7F 
  41      7343C357 
  41      8359
  42 0070 CA40890F 		.ascii	"\312@\211\017@\014\262\346#\023\023\210f~\305\310\004"
  42      400CB2E6 
  42      23131388 
  42      667EC5C8 
  42      04
  43 0081 520A36ED 		.ascii	"R\0126\355\003\023#H\014\250\302^OO\3379#3)\323?8\336"
  43      03132348 
  43      0CA8C25E 
  43      4F4FDF39 
  43      233329D3 
  44 0098 D052CF50 		.ascii	"\320R\317P\317P_?\277X?#1G\277 \277\250\244X?8\304\327"
  44      CF505F3F 
  44      BF583F23 
  44      3147BF20 
  44      BFA8A458 
  45 00b0 D848DFC7 		.ascii	"\330H\337\307\307E\337=\300\323\277\314\010$\025_\000"
  45      C745DF3D 
  45      C0D3BFCC 
  45      0824155F 
  45      00
  46 00c1 C4393929 		.ascii	"\30499)z\311\014\000\274\333@\261"
  46      7AC90C00 
  46      BCDB40B1 
  47              		.text
  48              		.section	.gnu.lto__pal_lld_setgroupmode.3937bb8640be76bc,"",%progbits
  49 0000 789C9D57 		.ascii	"x\234\235W}PT\327\025\177\347\335\267\037,\273\213F"
  49      7D5054D7 
  49      157FE7DD 
  49      B71F2CBB 
ARM GAS  /tmp/cc0TKq15.s 			page 3


  49      8B46
  50 0012 AB468921 		.ascii	"\253F\211!\037\0045\204\025\214J\325\001\307\2171: "
  50      1F043584 
  50      158C4AD5 
  50      01C78F31 
  50      3A20
  51 0024 90A4339D 		.ascii	"\220\2443\235Ng\022-\314\350\024\006\006Ig\372O\273"
  51      4E67122D 
  51      CCE81406 
  51      064967FA 
  51      4FBB
  52 0036 B8B09814 		.ascii	"\270\260\230\024\015\223\0043F\030\223\266\012\306D"
  52      0D930433 
  52      461893B6 
  52      0AC644
  53 0045 A56A146B 		.ascii	"\245j\024kZD\204h\"\206\232&Fi#j\210\037\004a\345\303"
  53      5A448468 
  53      22869A26 
  53      4669236A 
  53      881F0461 
  54 005b 247CF49C 		.ascii	"$|\364\234s\337~\272u\030v\346\035\336;\367\367;\357"
  54      73DF7EBA 
  54      751876E6 
  54      1DDE3BF7 
  54      F73BEF
  55 006e FCCE3DF7 		.ascii	"\374\316=\367\276\213\246\200B\277\321\211\212\342\306"
  55      BE8BA680 
  55      42BFD189 
  55      8AE2C6
  56 007d BF47F082 		.ascii	"\277G\360\202(\005\324\212VE)6\253 \344\215P\265-q\212"
  56      2805D48A 
  56      56452936 
  56      AB20E48D 
  56      50B52D71 
  57 0092 D362256B 		.ascii	"\323b%k\325TC\317\317\360)\342\335d|2\250F\0363\361"
  57      D55443CF 
  57      CFF029E2 
  57      DD647C32 
  57      A8461E33 
  58 00a7 9811CC92 		.ascii	"\230\021\314\222b\362\336\230\301*o\"T\013\003#\031"
  58      62F2DE98 
  58      C12A6F22 
  58      540B0323 
  58      19
  59 00b8 68F1BA23 		.ascii	"h\361\272#\2757V\325^b\302q[y\213\202\000\233|\371I"
  59      BD3756D5 
  59      5E62C271 
  59      5B798B82 
  59      009B7CF9 
  60 00cd B31D806E 		.ascii	"\263\035\200n\234fP\376\250\012\315`4\231#,\221V\233"
  60      9C6650FE 
  60      A80ACD60 
  60      3499232C 
  60      91569B
  61 00e0 1DF05191 		.ascii	"\035\360Q\221\277~uX\205\306\262\316zuv\215\023\177"
  61      BF7E7558 
  61      85C6B2CE 
ARM GAS  /tmp/cc0TKq15.s 			page 4


  61      7A75768D 
  61      137F
  62 00f2 577677CF 		.ascii	"Wvw\317u\3266@)\002FU\211\201\032\230\215\250\266\222"
  62      75D63640 
  62      29024655 
  62      89811A98 
  62      8DA8B692 
  63 0106 8355A24F 		.ascii	"\203U\242O-\025\000\032>\366\236{\347\232\235\036U\210"
  63      2D15001A 
  63      3EF69E7B 
  63      E79A9D1E 
  63      5588
  64 0118 C1C753AD 		.ascii	"\301\307S\255\243\307,b\031(x\277\371\317;\232lq\273"
  64      A3C72C62 
  64      192878BF 
  64      F9CF3B9A 
  64      6C71BB
  65 012b 9DCECD4E 		.ascii	"\235\316\315N\347\256\034gD\251\020\360>\010\214\007"
  65      E7AE1C67 
  65      44A910F0 
  65      3E088C07 
  66 013b 7B211A6A 		.ascii	"{!\032j!ZA\227\002\373 \016\321\243{\016\276j\026\253"
  66      215A4197 
  66      02FB200E 
  66      D1A37B0E 
  66      BE6A16AB 
  67 014f 98F943E5 		.ascii	"\230\371C\345'\325 \231\015\375\315\361;\234\015Z\251"
  67      27D52099 
  67      0DFDCDF1 
  67      3B9C0D5A 
  67      A9
  68 0160 D0E08350 		.ascii	"\320\340\203P\262\246\300\207L\276{h\367\233\221\"\215"
  68      B2A6C087 
  68      4CBE7B68 
  68      F79B9122 
  68      8D
  69 0171 C99F6EFB 		.ascii	"\311\237n\373\370\227:w\260\371)\3115\300\376P\256A"
  69      F8973A77 
  69      B0F929C9 
  69      35C0FE50 
  69      AE41
  70 0183 81031047 		.ascii	"\201\003\020G\204\362\342\275W\204\310b\362\267\027"
  70      84F2E2BD 
  70      5784C862 
  70      F2B717
  71 0192 AEDD80D8 		.ascii	"\256\335\200\330\2770\273\262\314\216\354\222\230Ra"
  71      BF30BBB2 
  71      CC8EEC92 
  71      985261
  72 01a1 8483C174 		.ascii	"\204\203\301t\372!z\357\350\3717\314\342\027\314\374"
  72      FA217AEF 
  72      E8F937CC 
  72      E217CCFC 
  73 01b1 E9F321B7 		.ascii	"\351\363!\267Yg\276\321buV\024\233\211\370\267\260\304"
  73      5967BED1 
  73      62755614 
  73      9B89F8B7 
ARM GAS  /tmp/cc0TKq15.s 			page 5


  73      B0C4
  74 01c3 3B6F9E3E 		.ascii	";o\236>\247\212_1q\333\256s\035v\235X\341'\036\016K"
  74      A78A5F31 
  74      71DBAE73 
  74      1D769D58 
  74      E1271E0E 
  75 01d8 ECBCE8DA 		.ascii	"\354\274\350\332a\024/3\361\326\266\303\027,:q\244\331"
  75      61142F33 
  75      F1D6B6C3 
  75      172C3A71 
  75      A4D9
  76 01ea 47FC282C 		.ascii	"G\374(,\261b\370k\247Ql`b\333\335C\357k:q\310O<\026"
  76      B162F86B 
  76      A7516C60 
  76      62DBDD43 
  76      EF6B3A71 
  77 0202 96B8F5CE 		.ascii	"\226\270\365\316\275\3674\221\317\304\226\366\266\033"
  77      BDF73491 
  77      CFC496F6 
  77      B61B
  78 0210 DE547FF4 		.ascii	"\336T\177\364\023\217\207%^\255\033\251\264\031K\250"
  78      138F8725 
  78      5EAD1BA9 
  78      B4194BA8 
  79 0220 9D62E0EF 		.ascii	"\235b\340\357\020\013\365x\035\305\353\010^\207\360"
  79      100BF578 
  79      1DC5EB08 
  79      5E87F0
  80 022f AA8358D9 		.ascii	"\252\203X\331\\p\002\214\270\220,\377\017\205\301\206"
  80      5C70028C 
  80      B8902CFF 
  80      0F85C186 
  81 023f 6FD6EDB3 		.ascii	"o\326\355\263\210W8\213='\206\267z\263\330Y6\3317G\037"
  81      8857388B 
  81      3D2786B7 
  81      7AB3D859 
  81      36D93747 
  82 0254 DF9F06FC 		.ascii	"\337\237\006\374\203\331\2257;\3534\361\007f{F\232\277"
  82      83D99537 
  82      3BEB34F1 
  82      07667B46 
  82      9ABF
  83 0266 D167D8D9 		.ascii	"\321g\330\331\237\355|u)Q\377\031\206\332\300\324\255"
  83      9FED7C75 
  83      2951FF19 
  83      86DAC0D4 
  83      AD
  84 0277 B75FFF13 		.ascii	"\267_\377\023\210b`\356w\356\333.\253\316\035\366rO"
  84      886260EE 
  84      77EEDB2E 
  84      ABCE1DF6 
  84      724F
  85 0289 86E13632 		.ascii	"\206\34162\267\274\343\335\232\010Q\"\271\257\035\273"
  85      B7BCE3DD 
  85      9A085122 
  85      B9AF1DBB 
  86 0299 FE944EAD 		.ascii	"\376\224N\255\314\321\251\247\302P\233 \366\300\363"
ARM GAS  /tmp/cc0TKq15.s 			page 6


  86      CCD1A9A7 
  86      C2509B20 
  86      F6C0F3
  87 02a8 0DCED151 		.ascii	"\015\316\321Q\027\366\257\361\362\305=\021\317\003\267"
  87      17F6AFF1 
  87      F2C53D11 
  87      CF03B7
  88 02b7 3902B13E 		.ascii	"9\002\261>\270^\260B\330\370X#la\254\222Q\241\032Y\200"
  88      B85EB042 
  88      D8F85823 
  88      6C61AC92 
  88      51A11A59 
  89 02cc DA399231 		.ascii	"\3329\2221Vlo\223\215\201v\272\215b\364\004\272\235"
  89      566C6F93 
  89      8D8176BA 
  89      8D62F404 
  89      BA9D
  90 02de C89487E8 		.ascii	"\310\224\207\350v\222B\365\235\014\024{\0129\246\222"
  90      769242F5 
  90      9D0C147B 
  90      0A39A692 
  91 02ee 9946E661 		.ascii	"\231F\346a.\334t\2745\317\340B\320\2021=B\3173Y\334"
  91      2EDC74BC 
  91      35CFE042 
  91      D082313D 
  91      42CF3359 
  92 0303 A3741BC3 		.ascii	"\243t\033\303\311>\006\264\200\037'\300\023d\236$\023"
  92      C93E06B4 
  92      801F27C0 
  92      13649E24 
  92      13
  93 0314 4B268ECC 		.ascii	"K&\216\314,2\263\311\314!\023O\346\0312\011d\346\222"
  93      2C32B3C9 
  93      CC21134F 
  93      E6193209 
  93      64E692
  94 0327 49249344 		.ascii	"I$\223Df\036\231\371d\026\220YH&\231\314\"2\213\311"
  94      661E99F9 
  94      64169059 
  94      482699CC 
  94      22328BC9 
  95 033b 2C219342 		.ascii	",!\223B&\225\314R2\313\310,'\263\202\314J2\253\310<"
  95      2695CC52 
  95      32CBC82C 
  95      27B382CC 
  95      4A32ABC8 
  96 0350 47663599 		.ascii	"Gf5\2315d\322\270\216\351\\\230\265\\\223\014.G&W-\213"
  96      3564D2B8 
  96      8EE95C98 
  96      B55C930C 
  96      2E472657 
  97 0366 EBA8283D 		.ascii	"\353\250(=\330\222\270\221\366\252*\376\021\235\340"
  97      D892B891 
  97      F6AA2AFE 
  97      119DE0
  98 0375 1A7277EF 		.ascii	"\032rw\357L\246\036u\211H\227\260\320N\3519Xc\245M\317"
  98      4CA61E75 
ARM GAS  /tmp/cc0TKq15.s 			page 7


  98      894897B0 
  98      D04EE939 
  98      5863A54D 
  99 038a 04024EE3 		.ascii	"\004\002N\343\314]\005\225\233\030\303 HA\222\307=\260"
  99      CC5D0595 
  99      9B18C320 
  99      484192C7 
  99      3DB0
 100 039c F3224896 		.ascii	"\363\"H\226U\262N\217\0166D\021\313\214\350fdq\354\353"
 100      55B24E8F 
 100      0E364411 
 100      CB8CE866 
 100      6471ECEB 
 101 03b0 3AC88638 		.ascii	":\310\2068\004\035njq\233eh\200\226\200\320\365\024"
 101      041D6E6A 
 101      719B6568 
 101      809680D0 
 101      F514
 102 03c2 DA26438F 		.ascii	"\332&C\217\354\274\244\263\354\030\032\342CBE\241?("
 102      ECBCA4B3 
 102      EC181AE2 
 102      434245A1 
 102      3F28
 103 03d4 ADA3C48D 		.ascii	"\255\243\304\215\222\334\346*oZ\023dZg\376z|\310*\323"
 103      92DCE62A 
 103      6F5A1364 
 103      5A67FE7A 
 103      7CC82AD3 
 104 03e8 32C027A1 		.ascii	"2\300'\241iMD\\P\254#\024k\242\214\325Z\325\243\303"
 104      694D445C 
 104      50AC2314 
 104      6BA28CD5 
 104      5AD5A3C3 
 105 03fc 1E92B1FA 		.ascii	"\036\222\261\372^+\035\0242\226\011\316\204\306\232"
 105      5E2B1D14 
 105      329609CE 
 105      84C69A
 106 040b 843804ED 		.ascii	"\2048\004\355\367\364\3557J\211Qp6 \364!\012=\011\037"
 106      F7F4ED37 
 106      4A895170 
 106      3620F421 
 106      0A3D091F 
 107 041f 3737BC65 		.ascii	"77\274eb\217\\\374\333K\033\317\233\210\200\273\004"
 107      628F5CFC 
 107      DB4B1BCF 
 107      9B8880BB 
 107      04
 108 0430 7CCA0BA5 		.ascii	"|\312\013\245\027?]\370U\023\210\235\300\363\346\022"
 108      173F5DF8 
 108      5513889D 
 108      C0F3E612 
 109 0440 46453E70 		.ascii	"FE>p\202\006\375\201\225k\372\003\227P\350\017<U\252"
 109      8206FD81 
 109      956BFA03 
 109      9750E80F 
 109      3C55AA
 110 0453 FE806DE1 		.ascii	"\376\200m\341\022 \263\355\254J\221\351NA\027OA\007"
ARM GAS  /tmp/cc0TKq15.s 			page 8


 110      1220B3ED 
 110      AC4A91E9 
 110      4E41174F 
 110      4107
 111 0465 945C76AD 		.ascii	"\224\\v\255\327\235\230\317\201\256\372\037lR\200\002"
 111      D79D98CF 
 111      81AEFA1F 
 111      6C528002 
 112 0475 9FC985EB 		.ascii	"\237\311\205\353\001p\211\311*\2324[U\333\006\017\250"
 112      017089C9 
 112      2A9A345B 
 112      55DB060F 
 112      A8
 113 0486 D8086AFB 		.ascii	"\330\010j\373\321\002\227\310\264\015\265\345z@\340"
 113      D10297C8 
 113      B40DB5E5 
 113      7A40E0
 114 0495 F4A95DE4 		.ascii	"\364\251]\344H\2675ey@\303)Q\373\026\272\304Z[{[\221"
 114      48B73565 
 114      7940C329 
 114      51FB16BA 
 114      C45A5B7B 
 115 04ab 070C5856 		.ascii	"\007\014XV\265\274\036\3073l]D0\222V\365\003\362d\331"
 115      B5BC1EC7 
 115      336C5D44 
 115      309256F5 
 115      03F264D9 
 116 04bf CA2FBC8C 		.ascii	"\312/\274\214\2425eK\234l\311\221\252\012\010\335dq"
 116      A235654B 
 116      9C6CC991 
 116      AA0A08DD 
 116      6471
 117 04d1 CDD262A5 		.ascii	"\315\322b\245\005J+\223\367U\334Q\316Q\336S\261@\201"
 117      054A2B93 
 117      F755DC51 
 117      CE51DE53 
 117      B14081
 118 04e4 1364C209 		.ascii	"\023d\302\011j\225\023\364\216\273K\223\240i\210\013"
 118      6A9513F4 
 118      8EBB4B93 
 118      A069880B 
 119 04f4 FCC49B40 		.ascii	"\374\304\233@\203\363\022\324\343nR%\350a\236\310i<"
 119      83F312D4 
 119      E36E5225 
 119      E8619EC8 
 119      693C
 120 0506 6BE8A0B7 		.ascii	"k\350\240\267\242Sb\232\253\227H\320tx:\232\246\244"
 120      A253629A 
 120      AB9748D0 
 120      74783A9A 
 120      A6A4
 121 0518 13367BCA 		.ascii	"\0236{\312\276\000\351\234\201~\037\255\201h3\344\373"
 121      BE00E99C 
 121      817E1FAD 
 121      816833E4 
 121      FB
 122 0529 5BAB7F2D 		.ascii	"[\253\177-\021\3212K\337J1!\370so\002}z\230G\260\341"
ARM GAS  /tmp/cc0TKq15.s 			page 9


 122      11D1324B 
 122      DF4A3121 
 122      F8736F02 
 122      7D7A9847 
 123 053f 111A1C7B 		.ascii	"\021\032\034{&\372}\261\033)\366L\311\372\262:E\"\036"
 123      26FA7DB1 
 123      1B29F64C 
 123      C9FAB23A 
 123      45221E
 124 0552 0D6C3D33 		.ascii	"\015l=3\266^\033D\223\216\24001\210\363\205i\24201\010"
 124      B65E1B44 
 124      938EA030 
 124      3188F385 
 124      69A23031 
 125 0567 683CDEFB 		.ascii	"h<\336\373\375I\223D<\036\330\220\202\267\366\301\226"
 125      FD499344 
 125      3C1ED890 
 125      82B7F6C1 
 125      96
 126 0578 B35BACBB 		.ascii	"\263[\254\273\240\032\217K\021.\361\030\374\213Z\002"
 126      A01A8F4B 
 126      112EF118 
 126      FC8B5A02 
 127 0588 FD5F793C 		.ascii	"\375_y<\247\254\216\017\235%8`\201\013\260\013F\370"
 127      A7AC8E0F 
 127      9D253860 
 127      810BB00B 
 127      46F8
 128 059a 2C055F80 		.ascii	",\005_\200\203^;\342\036\322\013\377\204^\212!\337T"
 128      835E3BE2 
 128      1ED20BFF 
 128      845E8A21 
 128      DF54
 129 05ac 3C896F42 		.ascii	"<\211oB?9\357\271\257\033\244\223\332\027\207(\243\355"
 129      3F39EFB9 
 129      AF1BA493 
 129      DA178728 
 129      A3ED
 130 05be 1D53C817 		.ascii	"\035S\310\027\360\366bj\002\3322\037\220\303\277\375"
 130      F0F6626A 
 130      02DA321F 
 130      90C3BFFD 
 131 05ce 397C090E 		.ascii	"9|\011\016\014\310\342\352\272\275\342\342\306\254\346"
 131      0CC8E2EA 
 131      BABDE2E2 
 131      C6ACE6
 132 05dd 2B8E44C7 		.ascii	"+\216D\307_\270\350U\323\244\2479K/\376\220\273OW3\033"
 132      5FB8E855 
 132      D3A4A739 
 132      4B2FFE90 
 132      BB4F5733 
 133 05f2 43A35FAA 		.ascii	"C\243_\252\351\322aspe\342\320\370\325|\355\317\341"
 133      E9D26173 
 133      7065E2D0 
 133      F8D57CED 
 133      CFE1
 134 0604 12A99923 		.ascii	"\022\251\231#\247\312\247&~\314j.s$>\213\264\263\032"
ARM GAS  /tmp/cc0TKq15.s 			page 10


 134      A7CAA726 
 134      7ECC6A2E 
 134      73243E8B 
 134      B4B31A
 135 0617 DAB5F4DC 		.ascii	"\332\265\364\334\237aA\3612\367v=\367\004\334bph\374"
 135      9F6141F1 
 135      32F7763D 
 135      F704DC62 
 135      7068FC
 136 062a B9FFC7FF 		.ascii	"\271\377\307\377\306\377R\356\011\264\313\\r\375\264"
 136      C6FF52EE 
 136      09B4CB5C 
 136      72FDB4
 137 0639 6DBA7C41 		.ascii	"m\272|A$\367\275\302[\235A\271g\0218|\336U\363z\264"
 137      24F7BDC2 
 137      5B9D41B9 
 137      6711387C 
 137      DE55F37A 
 138 064e 1CA6D79D 		.ascii	"\034\246\327\2359\373v\255Un\213&\370\306\2076*'\014"
 138      39FB76AD 
 138      556E8B26 
 138      F8C68736 
 138      2A270C
 139 0661 82A7B5BF 		.ascii	"\202\247\265\277M/\304\3341\027\342\012\247E\377\026"
 139      4D2FC4DC 
 139      3117E20A 
 139      A745FF16 
 140 0671 4087775A 		.ascii	"@\207wZ\275\223\230(\027C@i\22204\372\203K3\217\267"
 140      BD939828 
 140      17434069 
 140      923034FA 
 140      834B338F 
 141 0686 88242ECD 		.ascii	"\210$.\315{S\303\225&\365\301\245\271\352\317\341\032"
 141      7B53C395 
 141      26F5C1A5 
 141      B9EACFE1 
 141      1A
 142 0697 95661ECB 		.ascii	"\225f\036\3132\371d\015xe\315\037\263\254\353\034R\243"
 142      32F9640D 
 142      7865CD1F 
 142      B3ACEB1C 
 142      52A3
 143 06a9 90DF86CA 		.ascii	"\220\337\206\312Zp\237,\334\223\347\243?XV2\313Z8~Y"
 143      5A709F2C 
 143      DC93E7A3 
 143      3F585632 
 143      CB5A387E 
 144 06be 9DFE1CBE 		.ascii	"\235\376\034\276#Y\311,\313Ls\313m;\320\241\313Z4fY"
 144      2359C92C 
 144      CB4C73CB 
 144      6D3BD0A1 
 144      CB5A3466 
 145 06d3 3738A481 		.ascii	"78\244\201B\336\364\266\255W\326bn\333E\301Kn\011~\362"
 145      42DEF4B6 
 145      AD57D662 
 145      6EDB45C1 
 145      4B6E097E 
ARM GAS  /tmp/cc0TKq15.s 			page 11


 146 06e8 7048B66D 		.ascii	"pH\266mX\021\213\037,\342\226\377\215\267I\304\022\026"
 146      58118B1F 
 146      2CE296FF 
 146      8DB749C4 
 146      1216
 147 06fa 11A15444 		.ascii	"\021\241TD\313\271\031\366\212H\031\263\210.\177\310"
 147      CBB919F6 
 147      8A4819B3 
 147      882E7FC8 
 148 070a EF4345A4 		.ascii	"\357CE\244\262\210\224`\021KYD\352\370Et\373\337x\207"
 148      B2889460 
 148      114B5944 
 148      EAF84574 
 148      FBDF7887 
 149 071e 442C5578 		.ascii	"D,Uxq\335\361-\256\200\325dQ\266\330\245\264\021o\333"
 149      71DDF12D 
 149      AE80D564 
 149      51B6D8A5 
 149      B4116FDB 
 150 0732 2D1BB3B4 		.ascii	"-\033\263\264\036\177'\367\206\266\335\362\373\332n"
 150      1E7F27F7 
 150      86B6DDF2 
 150      FBDA6E
 151 0741 0586467F 		.ascii	"\005\206F\177p\333\255\344\266[1\376\266\363\370s\270"
 151      70DBADE4 
 151      B65B31FE 
 151      B6F3F873 
 151      B8
 152 0752 4B6257B2 		.ascii	"KbW\262\254H\237\254Q\257\254Uc\226\325\347\357\344"
 152      AC489FAC 
 152      51AFAC55 
 152      6396D5E7 
 152      EFE4
 153 0764 FE5059CF 		.ascii	"\376PY\317\335'k5\206F\177\260\2545,k\365\370e\015\370"
 153      DD276B35 
 153      86467FB0 
 153      AC352C6B 
 153      F5F8650D 
 154 0779 73182459 		.ascii	"s\030$YkX\226\225\017\205\362lZ\373\254<\261\245\321"
 154      6B589695 
 154      0F85F26C 
 154      5AFBAC3C 
 154      B1A5D1
 155 078c 31EE69FF 		.ascii	"1\356i\377)\223\317zir\273\335\367\3264\035\344=\307"
 155      2993CF7A 
 155      6972BBDD 
 155      F7D6341D 
 155      E43DC7
 156 079f 61109B52 		.ascii	"a\020\233R\336\302Az\334\235\265\372\301?\035\277\274"
 156      DEC2417A 
 156      DC9DB5FA 
 156      C13F1DBF 
 156      BC
 157 07b0 8141F828 		.ascii	"\201A\370(\231.O\030\335\265\213$h-~\320\370`\037t\356"
 157      992E4F18 
 157      DDB58B24 
 157      682D7ED0 
ARM GAS  /tmp/cc0TKq15.s 			page 12


 157      F8601F74 
 158 07c5 5E2B5103 		.ascii	"^+Q\003\265\013$*\003?\035"
 158      B50B242A 
 158      033F1D
 159 07d0 41283EB0 		.ascii	"A(>\260fH\324\217\263$(\023{<\010\304\307\325L\002m"
 159      6648D48F 
 159      B3242813 
 159      7B3C08C4 
 159      C7D54C02 
 160 07e5 7737EF9D 		.ascii	"w7\357\235+QY\362Cp\244\354\263:\213\374\020\000\334"
 160      2B5159F2 
 160      4370A4EC 
 160      B33A8BFC 
 160      1000DC
 161 07f8 0B20F1B9 		.ascii	"\013 \361\2718\213E\331\351\237\231[x\262~\373\254\220"
 161      388B45D9 
 161      E99F995B 
 161      78B27EFB 
 161      AC90
 162 080a E74285FE 		.ascii	"\347B\205\376\325\001t\343G(5!\301\261|\303\306\365"
 162      D50174E3 
 162      47283521 
 162      C1B17CC3 
 162      C6F5
 163 081c 1B335E78 		.ascii	"\0333^x)\361\347\011\211\011\211\016G\376&\307\206u"
 163      29F1E709 
 163      8909890E 
 163      47FE26C7 
 163      8675
 164 082e B98E82FC 		.ascii	"\271\216\202\374\302\242M\216\027^L\237\227\344HK[\341"
 164      C2A24D8E 
 164      175E4C9F 
 164      97E4484B 
 164      5BE1
 165 0840 5895B93A 		.ascii	"X\225\271:\343wI4\364R\001^\271\271\331\011\277Q4Bi"
 165      E3774934 
 165      F452015E 
 165      B9B9D909 
 165      BF513442 
 166 0855 79EB36FD 		.ascii	"y\3536\375V\313\313\317\316\021\3537\026i\353r\213\012"
 166      56CBCBCF 
 166      CE11EB37 
 166      1669EB72 
 166      8B0A
 167 0867 0D05AF14 		.ascii	"\015\005\257\024d\027\232\3627\025\344\344d\027\032"
 167      64179AF2 
 167      3715E4E4 
 167      64171A
 168 0876 F38B7E5F 		.ascii	"\363\213~_\220Sh H\241\231\306\211\241\346%\252yIj\336"
 168      90536820 
 168      48A199C6 
 168      89A1E625 
 168      AA79496A 
 169 088b B3FF0326 		.ascii	"\263\377\003&*\332q"
 169      2ADA71
 170              		.text
 171              		.section	.gnu.lto_.symbol_nodes.3937bb8640be76bc,"",%progbits
ARM GAS  /tmp/cc0TKq15.s 			page 13


 172 0000 789C6361 		.ascii	"x\234ca`dPc\000\002\246\023L\365\014\014\023\31610\000"
 172      60645063 
 172      0002A613 
 172      4CF50C0C 
 172      13CE3130 
 173 0015 A9550D8A 		.ascii	"\251U\015\212@\221\223L\365\214(\"\014\000\274\363\011"
 173      4091934C 
 173      F58C2822 
 173      0C00BCF3 
 173      09
 174 0026 14       		.ascii	"\024"
 175              		.text
 176              		.section	.gnu.lto_.refs.3937bb8640be76bc,"",%progbits
 177 0000 789C6361 		.ascii	"x\234ca`\004B \000\000\0009\000\007"
 177      60044220 
 177      00000039 
 177      0007
 178              		.text
 179              		.section	.gnu.lto_.decls.3937bb8640be76bc,"",%progbits
 180 0000 789CA556 		.ascii	"x\234\245ViLTW\024~\347\335A\206aF\014\322\306\0374"
 180      694C5457 
 180      147EE7DD 
 180      41866146 
 180      0CD2C61F 
 181 0015 216482F3 		.ascii	"!d\202\363G&h\323\244\177\332\264\200K\212\205\014j"
 181      472668D3 
 181      A47FDAB4 
 181      804B8A85 
 181      0C6A
 182 0027 63D2748A 		.ascii	"c\322t\212@eR\2660C\033\377=\201\202K\215\016%\212X"
 182      406552B6 
 182      30431BFF 
 182      3D81824B 
 182      8D0E258A 
 183 003c 05716511 		.ascii	"\005qe\021p\241\212 \216\210,\"\212\340\216\013.\210"
 183      70A18A20 
 183      8E882C22 
 183      8AE08E0B 
 183      2E88
 184 004e E2C6220A 		.ascii	"\342\306\"\012\012\241\347\276\373f\336\2003I\227\227"
 184      0AA1E7BE 
 184      FB66DE80 
 184      33499797 
 185 005e 9C79F7DC 		.ascii	"\234y\367\334\371\356\371\276s\356y\367=\005\007\034"
 185      F9EEF9BE 
 185      73EE79F7 
 185      3D05071C 
 186 006e BD42BD39 		.ascii	"\275B\2759\356\026\016\353p<\211\027\301\373\012N\276"
 186      EE160EEB 
 186      703C8917 
 186      C1FB0A4E 
 186      BE
 187 007f 78B44368 		.ascii	"x\264Ch\343\334\207\027\235\007'<Hs\323/\272\326[\302"
 187      E3DC8717 
 187      9D07273C 
 187      4873D32F 
 187      BAD65BC2 
ARM GAS  /tmp/cc0TKq15.s 			page 14


 188 0093 F9A2F9A1 		.ascii	"\371\242\371\241\215\241\235B;\201V\2156\027-\012m\004"
 188      8DA19D42 
 188      3B81568D 
 188      36172D0A 
 188      6D04
 189 00a5 ED0CDA0C 		.ascii	"\355\014\332\014\264Wh/\320\236\243=A\033B\033\224x"
 189      B457682F 
 189      D09EA33D 
 189      411B421B 
 189      9478
 190 00b7 5CE999E0 		.ascii	"\\\351\231\340\241\264\263\374wM7\334\004\340\000f\001"
 190      A1B4B3FC 
 190      774D37DC 
 190      04E00066 
 190      01
 191 00c8 DEA43C39 		.ascii	"\336\244<9:#\335\351\000\230\303\333u\203#\003i \302"
 191      3A23DDE9 
 191      0098C3DB 
 191      75832303 
 191      6920C2
 192 00db 81E3453C 		.ascii	"\201\343E<8\3751\005'\326L\274\344)p\\v$L\015J\243\312"
 192      38FD3105 
 192      27D64CBC 
 192      E429705C 
 192      76244C0D 
 193 00f2 2EFABCBC 		.ascii	".\372\274\274\300)\236\244^\342\007gZ14q$]\276\275\327"
 193      C0299EA4 
 193      5EE20767 
 193      5A313471 
 193      245DBEBD 
 194 0107 8B604C1C 		.ascii	"\213`L\034\337\033;\2700\270\\\300k\213 \360:\2712\227"
 194      DF1B3BB8 
 194      30B85CC0 
 194      6B8B20F0 
 194      3AB93297 
 195 011b B3AAFE24 		.ascii	"\263\252\376$\257y\360U\201\002\335\301\366\202\207"
 195      AF79F055 
 195      8102DDC1 
 195      F68287
 196 012a 33D1F553 		.ascii	"3\321\365SA\000\272\023\255;\012\3709[\305u\231B\200"
 196      4100BA13 
 196      AD3B0AF8 
 196      395BC575 
 196      994280
 197 013d 02567C0C 		.ascii	"\002V|\014e\340\017\245\340\217l\3450\007\177W)X\244"
 197      65E00FA5 
 197      E08F6CE5 
 197      30077F57 
 197      2958A4
 198 0150 A1EC9B47 		.ascii	"\241\354\233G\025\201EBU\225\3203\274W\2755Sh\301e\001"
 198      15814542 
 198      5595D033 
 198      BC57BD35 
 198      5368C165 
 199 0165 14050781 		.ascii	"\024\005\007\201@\011\004S\2118\244\267\003\320\215"
 199      40090453 
 199      8938A4B7 
ARM GAS  /tmp/cc0TKq15.s 			page 15


 199      03D08D
 200 0174 E20F4120 		.ascii	"\342\017A \256|\261/\363\017\037\262R\024z\247\245\244"
 200      AE7CB12F 
 200      F30F1FB2 
 200      52147AA7 
 200      A5A4
 201 0186 8CEA99AB 		.ascii	"\214\352\231\253\002\232\256\017NU>\257\031\323\260"
 201      029AAE0F 
 201      4E553EAF 
 201      19D3B0
 202 0195 298AE8DC 		.ascii	")\212\350\334<\264\327\223\244\3201_f}\326\351\005:"
 202      3CB4D793 
 202      A4D0315F 
 202      667DD6E9 
 202      053A
 203 01a7 D57EAAB0 		.ascii	"\325~\252\260h\244\331_\020\224p\024TpX&\234\253\302"
 203      68A4D95F 
 203      10947014 
 203      54705826 
 203      9CABC2
 204 01ba DF758290 		.ascii	"\337u\202\220AS\360]\3149\022\200#\240\243A)\016\252"
 204      4153F05D 
 204      CC391280 
 204      23A0A341 
 204      290EAA
 205 01cd 70B21227 		.ascii	"p\262\022'\221\240d\257\265x\0069\010\"Ci\305\245&O"
 205      91A064AF 
 205      B5780639 
 205      08224369 
 205      C5A5264F 
 206 01e1 50E95C06 		.ascii	"P\351\\\006\370\313E\000QJO\327\306O\261\332\263\240"
 206      F8CB4500 
 206      514A4FD7 
 206      C64FB1DA 
 206      B3A0
 207 01f3 1AB51C93 		.ascii	"\032\265\034\223\265\2404io\332K\306\025\344\012\343"
 207      B5A03469 
 207      6FDA4BC6 
 207      15E40AE3 
 208 0203 286F2DDC 		.ascii	"(o-\334\355\355\216\243\306-\307\373\213\213\366\374"
 208      EDED8EA3 
 208      C62DC7FB 
 208      8B8BF6FC 
 209 0213 86BB0927 		.ascii	"\206\273\011'\220\344\270LRm')\252\356}\246V`/\213\010"
 209      90E4B84C 
 209      526D2729 
 209      AAEE7DA6 
 209      56602F8B 
 210 0228 DC279CCB 		.ascii	"\334'\234\313j|c\325\220\235bW\360\235\353\373v+\354"
 210      6A7C63D5 
 210      909D6257 
 210      F09DEBFB 
 210      762BEC
 211 023b E5B3E5CD 		.ascii	"\345\263\345\315\304X\247\020Y;=\226Kau\256\253Wu!\207"
 211      C458A710 
 211      593B3D96 
 211      4B6175AE 
ARM GAS  /tmp/cc0TKq15.s 			page 16


 211      AB577521 
 212 0250 173969A4 		.ascii	"\0279i\244\223 \222\332\273\312\227uU\325d^\217\206"
 212      932092DA 
 212      BBCA9775 
 212      55D5645E 
 212      8F86
 213 0262 94B2CEBC 		.ascii	"\224\262\316\274\337Q-x\251\220!\363\037\225\027W\274"
 213      DF512D78 
 213      A99021F3 
 213      1F951757 
 213      BC
 214 0273 CCEAEDF1 		.ascii	"\314\352\355\361f\321\346\240\373 \343X\213\206T\262"
 214      66D1E6A0 
 214      FB20E358 
 214      8B8654B2 
 215 0283 689BF21A 		.ascii	"h\233\362\032\032\024\244\2329{\266[s<\310I\346\224"
 215      1A14A49A 
 215      397BB65B 
 215      733CC849 
 215      E694
 216 0295 E46EA952 		.ascii	"\344n\251R\221:\346t\016\\\330\351\315\332|\026\272"
 216      913AE674 
 216      0E5CD8E9 
 216      CDDA7C16 
 216      BA
 217 02a6 E726DFDA 		.ascii	"\347&\337\332|XD\036\335\374\322\353\357\274H=\203\356"
 217      7C58441E 
 217      DDFCD2EB 
 217      EFBC483D 
 217      83EE
 218 02b8 7BF77E80 		.ascii	"{\367~\2006d\020mH\342\324\216A\254\035O\267\265\356"
 218      3664106D 
 218      48E2D48E 
 218      41AC1D4F 
 218      B7B5EE
 219 02cb 579346A9 		.ascii	"W\223F\251\240\015\371\023\216\235\304\214T:\016\232"
 219      A00DF913 
 219      8E9DC48C 
 219      543A0E9A 
 220 02db 51790B4D 		.ascii	"Qy\013M\347\"\246\023$\245\323\206\223\347\035;9\322"
 220      E722A613 
 220      24A5D386 
 220      93E71D3B 
 220      39D2
 221 02ed 3CAF8676 		.ascii	"<\257\206vK;\226\354\202\\\374 i\037\353\255\335\217"
 221      4B3B96EC 
 221      825CFC20 
 221      691FEBAD 
 221      DD8F
 222 02ff 55E412A3 		.ascii	"U\344\022\243\330\373P\250U\270\243\270\354\226\242"
 222      D8FB50A8 
 222      55B8A3B8 
 222      EC96A2
 223 030e 6B6390D8 		.ascii	"kc\220\330\220\035HqI\246h\267\367J\306hq\235\222\334"
 223      901D4871 
 223      49A668B7 
 223      F74AC668 
ARM GAS  /tmp/cc0TKq15.s 			page 17


 223      719D92DC 
 224 0322 1039147D 		.ascii	"\0209\024}\243\033\262\224\240\235\255\325\025S\226"
 224      A31BB294 
 224      A09DADD5 
 224      155396
 225 0331 9EB16B3F 		.ascii	"\236\261k?Xs\262\205\216\037\305\345\255\270\374\012"
 225      5873B285 
 225      8E1FC5E5 
 225      ADB8FC0A 
 226 0341 CC9659F5 		.ascii	"\314\226Y\365\3640h\246G\002g\025\217\012\233 \340\021"
 226      F43068A6 
 226      47026715 
 226      8F0A9B20 
 226      E011
 227 0353 EA745250 		.ascii	"\352tRP82\3025\324w\025\264\320\005Z\361\000\022\303"
 227      3832C235 
 227      D47715B4 
 227      D0055AF1 
 227      0012C3
 228 0366 DB46B3D5 		.ascii	"\333F\263\325\366\330\235.c\207\320\320\254I\3376\361"
 228      F6D89D2E 
 228      6387D0D0 
 228      AC49DF36 
 228      F1
 229 0377 F419470C 		.ascii	"\364\031G\014'\345\300\0162\305\246\374\311\021\015"
 229      27E5C00E 
 229      32C5A6FC 
 229      C9110D
 230 0386 68FD74DA 		.ascii	"h\375t\332b\0218\321D\326\012\266\014\026\256\011\303"
 230      621138D1 
 230      44D60AB6 
 230      0C16AE09 
 230      C3
 231 0397 DE003FB9 		.ascii	"\336\000?\271\265\344\260\271\322\341&`\253:)\246h\252"
 231      B5E4B0B9 
 231      D2E12660 
 231      AB3A29A6 
 231      68AA
 232 03a9 F8262ABE 		.ascii	"\370&*\276\205\212\257K\212\231\212\341\354\231T\005"
 232      858AAF4B 
 232      8A998AE1 
 232      EC995405 
 233 03b9 829C55B0 		.ascii	"\202\234U\260lF\232\374\267\013\266,\">\373\347\334"
 233      6C469AFC 
 233      B70BB62C 
 233      223EFBE7 
 233      DC
 234 03ca 1363D1B3 		.ascii	"\023c\321\263\327mk%~\250`\255{\005\334\024z\247\336"
 234      D76D6B25 
 234      7EA860AD 
 234      7B05DC14 
 234      7AA7DE
 235 03dd F565BD9B 		.ascii	"\365e\275\233u\366j\265\232\354 b3\366\266Uf(I!s\012"
 235      75F66AB5 
 235      9AEC2062 
 235      33F6B655 
 235      66284921 
ARM GAS  /tmp/cc0TKq15.s 			page 18


 236 03f3 6A5F9FF7 		.ascii	"j_\237\367`@%\272\273\332+\332<\310\036\366_mYE'OJ\230"
 236      604025BA 
 236      BBDA2BDA 
 236      3CC81EF6 
 236      5F6D5945 
 237 040b 535E33B0 		.ascii	"S^3\260\021\310a\346\014\346TZ\310\0116\3361|\347\251"
 237      11C861E6 
 237      0CE6545A 
 237      C80936DE 
 237      317CE7A9 
 238 041f 178BA043 		.ascii	"\027\213\240CwsGa\267\222=56\372\234\214\356~\224\313"
 238      77734761 
 238      B7923D35 
 238      36FA9C8C 
 238      EE7E94CB 
 239 0433 937A11AB 		.ascii	"\223z\021\253.\314\032;\342\003Z-v\015\275tZ\334\207"
 239      2ECC1A3B 
 239      E2035A2D 
 239      760DBD74 
 239      5ADC87
 240 0446 AC4CC176 		.ascii	"\254L\301v\267I-l\211\2013X\214\273X\214~\334\015G1"
 240      B7492D6C 
 240      89813358 
 240      8CBB588C 
 240      7EDC0D47 
 241 045b 6E83A31A 		.ascii	"n\203\243\032\014\234\333\354\000\333\246\203OO\001"
 241      0C9CDBEC 
 241      00DBA683 
 241      4F4F01
 242 046a E3DE4E36 		.ascii	"\343\336N6\361\254\320\335X\251\306\351\360\006\031"
 242      F1ACD0DD 
 242      58A9C6E9 
 242      F00619
 243 0479 6E95DE7B 		.ascii	"n\225\336{b\201{\021\360H\374\257_j\312\001\334\342"
 243      62817B11 
 243      F048FCAF 
 243      5F6ACA01 
 243      DCE2
 244 048b 41ACF12B 		.ascii	"A\254\361+\264\027h\317\321\372\320^\242=E{\206\366"
 244      B41768CF 
 244      D1FAD05E 
 244      A23D457B 
 244      86F6
 245 049d 046DC8D1 		.ascii	"\004m\310\321\264T\252\265Y\332f*\366\254k\3662\220"
 245      B454AAB5 
 245      59DA662A 
 245      F6AC6BF6 
 245      3290
 246 04af 53BB2DD7 		.ascii	"S\273-\327\241g:\372\336\007\350[2\372\276k\264S\325"
 246      A1673AFA 
 246      DE07E85B 
 246      32FABE6B 
 246      B453D5
 247 04c2 0664F01D 		.ascii	"\006d\360\035\327%v\016}CF?\230\216\326\313`\326\350"
 247      D725760E 
 247      7D43463F 
 247      988ED6CB 
ARM GAS  /tmp/cc0TKq15.s 			page 19


 247      60D6E8
 248 04d5 5D08C646 		.ascii	"]\010\306F\357\237\372\270\261@\327\233\234*\360\320"
 248      EF9FFAB8 
 248      B140D79B 
 248      9C2AF0D0 
 249 04e5 65282791 		.ascii	"e('\221y\362\326>v\275\265\214\027\373\312\326>z\314"
 249      79F2D63E 
 249      76BDB58C 
 249      17FBCAD6 
 249      3E7ACC
 250 04f8 839C15FB 		.ascii	"\203\234\025\373\212\357\317\336\325B@7\233\351\331"
 250      8AEFCFDE 
 250      D5424037 
 250      9BE9D9
 251 0507 D60C54CF 		.ascii	"\326\014T\317\010\256\036\226O1*\317\3156\303k\334\335"
 251      08AE1E96 
 251      4F312ACF 
 251      CD36C36B 
 251      DCDD
 252 0519 FFBAD3F4 		.ascii	"\377\272\323\364\370\037\023\366\253\324\033\034/@\221"
 252      F81F13F6 
 252      ABD41B1C 
 252      2F4091
 253 0528 5A7E48DF 		.ascii	"Z~H\337\200Z\022\201\330\343\353\363\3734\244\203\351"
 253      805A1281 
 253      D8E3EBF3 
 253      FB34A483 
 253      E9
 254 0539 2E183850 		.ascii	".\0308P\215\272\325\366w\365\367\2319\364]=\206\013"
 254      8DBAD5F6 
 254      77F5F799 
 254      39F45D3D 
 254      860B
 255 054b DECACA71 		.ascii	"\336\312\312q=\336\334\204\207Q\324;\205\341\332\346"
 255      3DDEDC84 
 255      8751D43B 
 255      85E1DAE6 
 256 055b AB9F882F 		.ascii	"\253\237\210/W\032\246\236\275\\\033\307w\266x\272\375"
 256      571AA69E 
 256      BD5C1BC7 
 256      77B678BA 
 256      FD
 257 056c 467B2F7E 		.ascii	"F{/~\243\275\003\351#-\263?\343\264\022?\322\212\350"
 257      A3BD03E9 
 257      232DB33F 
 257      E3B4123F 
 257      D28AE8
 258 057f 47DA238D 		.ascii	"G\332#\215\343#\015aP!\313\252p\376H\033\207@NcL\215"
 258      E3230D61 
 258      5021CBAA 
 258      70FE481B 
 258      87404E63 
 259 0595 49342626 		.ascii	"I4&&\306\031M\311&\213r\321\267\313\003BCB\270/\203"
 259      C6194DC9 
 259      268B72D1 
 259      B7CB0342 
 259      4342B82F 
ARM GAS  /tmp/cc0TKq15.s 			page 20


 260 05aa 83F5A109 		.ascii	"\203\365\241\011\246U\246\310hc\310\347\301!\301!z}"
 260      A655A6C8 
 260      6863C8E7 
 260      C121C121 
 260      7A7D
 261 05bc 8A599F10 		.ascii	"\212Y\237\020\223\250OMI\263\230\365\321\313\226.\230"
 261      93A84F4D 
 261      49B398F5 
 261      D1CB962E 
 261      98
 262 05cd AF8F8808 		.ascii	"\257\217\210\010\323/\212Z\022\371\313|\372\227=Tp,"
 262      D32F8A5A 
 262      12F9CB7C 
 262      FA973D54 
 262      702C
 263 05df F79123AC 		.ascii	"\367\221#\2549\336\262:-%=5)%.^e4\246\233\222-\013\346"
 263      39DEB23A 
 263      2D253D35 
 263      29252E5E 
 263      6534A69B 
 264 05f7 1B2DF3F4 		.ascii	"\033-\363\364\351\3464\275)961=.^\237\034\377k\242i"
 264      E9E634BD 
 264      29393631 
 264      3D2E5E9F 
 264      1CFF6BA2 
 265 060c 953E2926 		.ascii	"\225>)&6\301\224\034\2577\306\305\377\024\223\236h1"
 265      36C1941C 
 265      AF37C6C5 
 265      FF14939E 
 265      6831
 266 061e 5AD6A4C6 		.ascii	"Z\326\244\306\233\203\0238\245}Y\240\253e\3465f\275"
 266      9B831338 
 266      A57D59A0 
 266      AB65E635 
 266      66BD
 267 0630 D16C8943 		.ascii	"\321l\211C\014\305\232R(\227\321\362\377rH\340\324\246"
 267      0CC59A52 
 267      2897D1F2 
 267      FF7248E0 
 267      D4A6
 268 0642 148A4B8A 		.ascii	"\024\212K\2121\377l\264(\276Zh\210\360\210\210\014\375"
 268      31FF6CB4 
 268      28BE5A68 
 268      88F08888 
 268      0CFD
 269 0654 C6A0F83A 		.ascii	"\306\240\370:\332`\200\357`\261Glb|L\232\224T\310gF"
 269      DA6080EF 
 269      60B1476C 
 269      627C4C9A 
 269      9454C867 
 270 0669 8BD23E20 		.ascii	"\213\322> \230\365\027\377\232\336lI\302\034W\247\232"
 270      98F517FF 
 270      9ADE6C49 
 270      C21C57A7 
 270      9A
 271 067a 52909D44 		.ascii	"R\220\235D\206\031\310\2220\203G\324\362\2500\203gd"
 271      8619C892 
ARM GAS  /tmp/cc0TKq15.s 			page 21


 271      308347D4 
 271      F2A83083 
 271      6764
 272 068c 74547878 		.ascii	"tTxx\230aF\344\262\225Q\341\006\217\245\221a\341\006"
 272      986146E4 
 272      B29551E1 
 272      068FA591 
 272      61E106
 273 069f AA69B15A 		.ascii	"\252i\261Z^e\264\250\230dS\234\321\3627\225\206\314"
 273      5E65B4A8 
 273      9864539C 
 273      D1F23795 
 273      86CC
 274 06b1 CE       		.ascii	"\316"
 275              		.text
 276              		.section	.gnu.lto_.symtab.3937bb8640be76bc,"",%progbits
 277 0000 5F70616C 		.ascii	"_pal_lld_init\000"
 277      5F6C6C64 
 277      5F696E69 
 277      7400
 278 000e 00       		.ascii	"\000"
 279 000f 00       		.ascii	"\000"
 280 0010 00       		.ascii	"\000"
 281 0011 00000000 		.ascii	"\000\000\000\000\000\000\000\000"
 281      00000000 
 282 0019 AD000000 		.ascii	"\255\000\000\000"
 283 001d 5F70616C 		.ascii	"_pal_lld_setgroupmode\000"
 283      5F6C6C64 
 283      5F736574 
 283      67726F75 
 283      706D6F64 
 284 0033 00       		.ascii	"\000"
 285 0034 00       		.ascii	"\000"
 286 0035 00       		.ascii	"\000"
 287 0036 00000000 		.ascii	"\000\000\000\000\000\000\000\000"
 287      00000000 
 288 003e FC000000 		.ascii	"\374\000\000\000"
 289              		.text
 290              		.section	.gnu.lto_.opts,"",%progbits
 291 0000 272D666D 		.ascii	"'-fmath-errno' '-fsigned-zeros' '-ftrapping-math' '"
 291      6174682D 
 291      6572726E 
 291      6F272027 
 291      2D667369 
 292 0033 2D666E6F 		.ascii	"-fno-trapv' '-fno-strict-overflow' '-fno-openmp' '-"
 292      2D747261 
 292      70762720 
 292      272D666E 
 292      6F2D7374 
 293 0066 666E6F2D 		.ascii	"fno-openacc' '-mcpu=cortex-m4' '-mthumb' '-mfloat-a"
 293      6F70656E 
 293      61636327 
 293      20272D6D 
 293      6370753D 
 294 0099 62693D68 		.ascii	"bi=hard' '-mfpu=fpv4-sp-d16' '-g' '-ggdb' '-Og' '-f"
 294      61726427 
 294      20272D6D 
ARM GAS  /tmp/cc0TKq15.s 			page 22


 294      6670753D 
 294      66707634 
 295 00cc 6F6D6974 		.ascii	"omit-frame-pointer' '-falign-functions=16' '-ffunct"
 295      2D667261 
 295      6D652D70 
 295      6F696E74 
 295      65722720 
 296 00ff 696F6E2D 		.ascii	"ion-sections' '-fdata-sections' '-fno-common' '-flt"
 296      73656374 
 296      696F6E73 
 296      2720272D 
 296      66646174 
 297 0132 6F2700   		.ascii	"o'\000"
 298              		.text
 299              		.comm	__gnu_lto_v1,1,1
 300              		.comm	__gnu_lto_slim,1,1
 301              		.ident	"GCC: (15:5.4.1+svn241155-1) 5.4.1 20160919"
ARM GAS  /tmp/cc0TKq15.s 			page 23


DEFINED SYMBOLS
                            *ABS*:0000000000000000 hal_pal_lld.c
                            *COM*:0000000000000001 __gnu_lto_v1
                            *COM*:0000000000000001 __gnu_lto_slim

NO UNDEFINED SYMBOLS
