ARM GAS  /tmp/ccy5evdg.s 			page 1


   1              		.syntax unified
   2              		.cpu cortex-m4
   3              		.eabi_attribute 27, 1
   4              		.eabi_attribute 28, 1
   5              		.fpu fpv4-sp-d16
   6              		.eabi_attribute 20, 1
   7              		.eabi_attribute 21, 1
   8              		.eabi_attribute 23, 3
   9              		.eabi_attribute 24, 1
  10              		.eabi_attribute 25, 1
  11              		.eabi_attribute 26, 1
  12              		.eabi_attribute 30, 1
  13              		.eabi_attribute 34, 1
  14              		.eabi_attribute 18, 4
  15              		.thumb
  16              		.syntax unified
  17              		.file	"hal_st_lld.c"
  18              		.text
  19              	.Ltext0:
  20              		.section	.gnu.lto_.profile.86a10a995e2bccbf,"",%progbits
  21 0000 789C6361 		.ascii	"x\234ca`d`a`\000\222\266\012\000\001\004\000h"
  21      60646061 
  21      600092B6 
  21      0A000104 
  21      0068
  22              		.text
  23              		.section	.gnu.lto_.inline.86a10a995e2bccbf,"",%progbits
  24 0000 789C6361 		.ascii	"x\234ca`d\000\001+\006\004`b`\340\021ed`\342\273\027"
  24      60640001 
  24      2B060460 
  24      6260E011 
  24      656460E2 
  25 0016 C0C0B640 		.ascii	"\300\300\266@\236\011$\306\310\005'\030$\024\200\222"
  25      9E0924C6 
  25      C8052718 
  25      24148092 
  26 0026 2A0B6632 		.ascii	"*\013f2\301e\231y\300\272\030\000\250\263\004\362"
  26      C1659979 
  26      C0BA1800 
  26      A8B304F2 
  27              		.text
  28              		.section	.gnu.lto_.jmpfuncs.86a10a995e2bccbf,"",%progbits
  29 0000 789C6361 		.ascii	"x\234ca`d\000\001n\006\004`\002\223`q\000\001\320\000"
  29      60640001 
  29      6E060460 
  29      02936071 
  29      0001D000 
  30 0014 14       		.ascii	"\024"
  31              		.text
  32              		.section	.gnu.lto_.pureconst.86a10a995e2bccbf,"",%progbits
  33 0000 789C6361 		.ascii	"x\234ca`d`c```b\330\305\310(\005\000\003\241\000\344"
  33      60646063 
  33      60606062 
  33      D8C5C828 
  33      050003A1 
  34              		.text
  35              		.section	.gnu.lto_Vector108.86a10a995e2bccbf,"",%progbits
ARM GAS  /tmp/ccy5evdg.s 			page 2


  36 0000 789C8554 		.ascii	"x\234\205T]l\223e\024>\347}\277\376\254\035\272[\011"
  36      5D6C9365 
  36      143EE77D 
  36      BFFEAC1D 
  36      BA5B09
  37 0013 59BA8B5D 		.ascii	"Y\272\213],1\375\230\220,^\230h\306\315\022\032\315"
  37      2C31FD98 
  37      902C5E98 
  37      68C6CD12 
  37      1ACD
  38 0025 BA5BD340 		.ascii	"\272[\323@il\223\225\222v\020\270\332\313\332\202\311"
  38      696C9395 
  38      927610B8 
  38      DACBDA82 
  38      C9
  39 0036 4C4413CD 		.ascii	"LD\023\315\230@\023\015\331\206\226\321)b7\031u@\201"
  39      9840130D 
  39      D98696D1 
  39      29623719 
  39      754081
  40 0049 31B64884 		.ascii	"1\266H\204\020\027\3156p\242Y\31403j\342V\317y\333\315"
  40      1017CD36 
  40      70A259CC 
  40      30336AE2 
  40      56CF79DB 
  41 005e D1B2F95E 		.ascii	"\321\262\371^|\177\317y\316y\316yNk\000\002\237Z\013"
  41      7C7FCF79 
  41      CE79CE79 
  41      4E6B0002 
  41      9F5A0B
  42 0071 C04E7ADC 		.ascii	"\300Nz\334I\317h\001\024'&\001\216\332\205\220\303\265"
  42      49CF6801 
  42      14272601 
  42      8EDA8590 
  42      C3B5
  43 0083 A01CC67D 		.ascii	"\240\034\306}\023T\265D\243\370\331@\344\007eG\350\024"
  43      1354B544 
  43      A3F8D940 
  43      E4076547 
  43      E814
  44 0095 D2C04EFC 		.ascii	"\322\300N\374C,\013\034;>\237\025\015}\212\316\314\331"
  44      432C0B1C 
  44      3B3E9F15 
  44      0D7D8ACE 
  44      CCD9
  45 00a7 4295EACF 		.ascii	"B\225\352\317aR\002\024\204.\001\330\207\015@as\231"
  45      61520214 
  45      842E01D8 
  45      870D4061 
  45      7399
  46 00b9 950FB658 		.ascii	"\225\017\266X\023\034\346*\202\330\217V\3261\330\232"
  46      131CE62A 
  46      82D88F56 
  46      D631D89A 
  47 00c9 5385425C 		.ascii	"S\205B\\\251\345\355\247\033\034\022\222T\221/\000\213"
  47      A9E5EDA7 
  47      1B1C1292 
ARM GAS  /tmp/ccy5evdg.s 			page 3


  47      54912F00 
  47      8B
  48 00da 14C6259F 		.ascii	"\024\306%\237\010\301w9\217c\303\231\3745\0133\343R"
  48      08C17739 
  48      8F63C399 
  48      FC350B33 
  48      E352
  49 00ec 52D60F93 		.ascii	"R\326\017\223cS\266%\221\224\002\271\310\335\357O\014"
  49      6353B625 
  49      919402B9 
  49      C8DDEF4F 
  49      0C
  50 00fd 61F155F5 		.ascii	"a\361U\365(e\320\247\201w\037\347\255)<M\242$\236\303"
  50      2865D0A7 
  50      81771FE7 
  50      AD293C4D 
  50      A2249EC3 
  51 0111 6D3880DB 		.ascii	"m8\200\333\200c\273{\177| \315\264J\020b\340\247\230"
  51      8063BB7B 
  51      7F7C20CD 
  51      B44A1062 
  51      E0A798
  52 0124 C2152D19 		.ascii	"\302\025-\031?C\023\3461\376\317\261\011Y,d\024k]/\374"
  52      3F4313E6 
  52      31FECFB1 
  52      09592C64 
  52      146B5D2F 
  53 0139 997B9E93 		.ascii	"\231{\236\223#\012LS\226YLL\307\267\226b(`p!\373\367"
  53      230A4C53 
  53      96594C4C 
  53      C7B79662 
  53      28607021 
  54 014f 966200E0 		.ascii	"\226b\000\340y.\003\254]\302p-K_Z\314?\322\322\327\251"
  54      792E03AC 
  54      5DC2702D 
  54      4B5F5ACC 
  54      3FD2D2D7 
  55 0164 3ACAF3F0 		.ascii	":\312\363\360\302\346\332\006\377\323v\001\315\365]"
  55      C2E6DA06 
  55      FFD37601 
  55      CDF55D
  56 0173 1B542843 		.ascii	"\033T(C\2349\354\252a\336\267\211\013\247$\003\026d"
  56      9C39ECAA 
  56      61DEB789 
  56      0BA72403 
  56      1664
  57 0185 414FEEF4 		.ascii	"AO\356\364>|\216_\255\350\242\327\263\343w\2578\345"
  57      3E7C8E5F 
  57      ADE8A2D7 
  57      B3E377AF 
  57      38E5
  58 0197 AB7A524B 		.ascii	"\253zRK=\231\376\252\372O\224\352R3\231co\236|\360H"
  58      3D99FEAA 
  58      FA4F94EA 
  58      52339963 
  58      6F9E7CF0 
  59 01ac A9F71595 		.ascii	"\251\367\025\225\263\341\027(\311\037\374\234\364\014"
ARM GAS  /tmp/ccy5evdg.s 			page 4


  59      B3E11728 
  59      C91FFC9C 
  59      F40C
  60 01ba 959AC08B 		.ascii	"\225\232\300\213XO\244\343\277\250\313\006\347\263\241"
  60      584FA4E3 
  60      BFA8CB06 
  60      E7B3A1
  61 01c9 0BBF24EC 		.ascii	"\013\277$\354g\354\232{o\374\267\246\247\375\315\335"
  61      67EC9A7B 
  61      6FFCB7A6 
  61      A7FDCDDD 
  62 01d9 BED1A6DD 		.ascii	"\276\321\246\335-\024]Y\017]:\225\306\036+\340%FE9\272"
  62      2D145D59 
  62      0F5D3A95 
  62      C61E2BE0 
  62      25464539 
  63 01ee 7CE62324 		.ascii	"|\346#$\360+\006e98\373N7n\005\3142h\224\201j`\022Y"
  63      F02B0665 
  63      3938FB4E 
  63      376E05CC 
  63      32689481 
  64 0206 24E030C3 		.ascii	"$\3400\303\226\212\215\303\021J\014\3705\257\034\302"
  64      968A8DC3 
  64      114A0CF8 
  64      35AF1CC2 
  65 0216 495EDC8F 		.ascii	"I^\334\217SC\1779\352\316\211\224\352q%\245\235)\351"
  65      53437F39 
  65      EACE8994 
  65      EA7125A5 
  65      9D29E9
  66 0229 8723CA6E 		.ascii	"\207#\312n\320\250\3612\326i'\026\027\276\233\026\364"
  66      D0A8F132 
  66      D6692716 
  66      17BE9B16 
  66      F4
  67 023a 0547D1D0 		.ascii	"\005G\321\320-\003^\321\263\355\037\275\372Su]\272\304"
  67      2D035ED1 
  67      B3ED1FBD 
  67      FA53755D 
  67      BAC4
  68 024c AEE2D8DF 		.ascii	"\256\342\330\337\317\017\335sjv\216\331\370\015\355"
  68      CF0FDD73 
  68      6A768ED9 
  68      F80DED
  69 025b F11C0A3D 		.ascii	"\361\034\012==\200\307\030\237\351\235\374\341\205\262"
  69      3D80C718 
  69      9FE99DFC 
  69      E185B2
  70 026a AEBA2756 		.ascii	"\256\272'Vge\255\024=\246E_E\015e\263\013\323\266\316"
  70      6765AD14 
  70      3DA6455F 
  70      450D65B3 
  70      0BD3B6CE 
  71 027e 65F5B652 		.ascii	"e\365\266R5I\351(\010\233\306\361\032v\322\0029\327"
  71      3549E928 
  71      089BC6F1 
  71      1A76D202 
ARM GAS  /tmp/ccy5evdg.s 			page 5


  71      39D7
  72 0290 96E0696B 		.ascii	"\226\340ik\017\376\237\265\327\265\265k+e\243\371\344"
  72      0FFE9FB5 
  72      D7B5B56B 
  72      2B65A3F9 
  72      E4
  73 02a1 37B1764D 		.ascii	"7\261vM\256\275\322\332\233\332\332\033\214VUZ{\213"
  73      AEBDD2DA 
  73      9BDADA1B 
  73      8C56555A 
  73      7B8B
  74 02b3 C5DE64D0 		.ascii	"\305\336d\320Qi\355\031\266\366\026\203\316rk/N!\213"
  74      5169ED19 
  74      B6F61683 
  74      CE726B2F 
  74      4E218B
  75 02c6 041CDFC0 		.ascii	"\004\034\337\300\332\333zJ\023\353\254]I\315\216:W]"
  75      DADB7A4A 
  75      13EBAC5D 
  75      49CD8E3A 
  75      575D
  76 02d8 CB6BD7EE 		.ascii	"\313k\327\356h\327\312-\232\\\265\210\013\350_\253\241"
  76      68D7CA2D 
  76      9A5CB588 
  76      0BE85FAB 
  76      A1
  77 02e9 FF69D8AC 		.ascii	"\377i\330\254D\237\340N\2379\372j\342N\225\346\376+"
  77      449FE04E 
  77      9F39FA6A 
  77      E24E95E6 
  77      FE2B
  78 02fb 76E5465A 		.ascii	"v\345FZu(\237EZzJA5^q\273\315\346`ho\350u\257\257\361"
  78      75289F45 
  78      5A7A4A41 
  78      355E71BB 
  78      CDE66068 
  79 0315 6577A3BB 		.ascii	"ew\243\273\3214#13\270\247\335<\020\211v\304Lo\233g"
  79      D1342331 
  79      33B8A7DD 
  79      3C108976 
  79      C44C6F9B 
  80 032a C74BE6EE 		.ascii	"\307K\346\356\335\273\314\266\026\317\241FF|\261\016"
  80      DDBBCCB6 
  80      16CFA146 
  80      467CB10E 
  81 033a 5F7BFB3E 		.ascii	"_{\373>\267\037l{\367\304\002oDCM\317\316\342\217\204"
  81      B71F6C7B 
  81      F7C4026F 
  81      44434DCF 
  81      CEE28F84 
  82 034e C391FDA5 		.ascii	"\303\221\375\245D\257\265z\232=\207M\177\320\037\211"
  82      44AFB57A 
  82      9A3D874D 
  82      7FD01F89 
  83 035e 067C879A 		.ascii	"\006|\207\232\302\356 \354\332\224\0278\334\301,\263"
  83      C2EE20EC 
  83      DA941738 
ARM GAS  /tmp/ccy5evdg.s 			page 6


  83      DCC12CB3 
  84 036e D9E36DF1 		.ascii	"\331\343m\361\232\315D3[\366\373\333\017\356\013\230"
  84      9ACD4433 
  84      5BF6FBDB 
  84      0FEE0B98 
  85 037e FE702C14 		.ascii	"\376p,\024\363\275\345\367S\222\206\215[\210\304\350"
  85      F3BDE5F7 
  85      5392868D 
  85      5B88C4E8 
  86 038e 12EDD0F7 		.ascii	"\022\355\320\367\215#) \264\2327\030;\022\243\310\032"
  86      8D232920 
  86      B49A3718 
  86      3B12A3C8 
  86      1A
  87 039f 8FB7D5C5 		.ascii	"\217\267\325\305\315\035\210\206^t\325o\007\021\005"
  87      CD1D8886 
  87      5E74D56F 
  87      071105
  88 03ae 5B38108E 		.ascii	"[8\020\216D\217\300\277\326\012)\012"
  88      448FC0BF 
  88      D60A290A 
  89              		.text
  90              		.section	.gnu.lto_st_lld_init.86a10a995e2bccbf,"",%progbits
  91 0000 789C9D94 		.ascii	"x\234\235\224ML\023A\030\206\347\335\355\317\266\002"
  91      4D4C1341 
  91      1886E7DD 
  91      EDCFB602 
  92 0010 7AF1640F 		.ascii	"z\361d\017^\361\320\265\350AM\014\007\275\230@L\204"
  92      5EF1D0B5 
  92      E8414D0C 
  92      07BD9840 
  92      4C84
  93 0022 8B27E2CF 		.ascii	"\213'\342\317\001\022\014F\210\327\016\226\006\242\211"
  93      01120C46 
  93      88D70E96 
  93      06A289
  94 0031 E0416248 		.ascii	"\340AbHHO\006P\371U\220\002J)\202\210\010\010\212D\023"
  94      484F0650 
  94      F9559002 
  94      4A298288 
  94      08088A44 
  95 0046 40132B0A 		.ascii	"@\023+\012\232\202\365'\032\250\363\315\226\266\304"
  95      9A82F527 
  95      1AA8F3CD 
  95      96B6C4
  96 0055 0B7492CE 		.ascii	"\013t\222\316vwf\237\347\235ow\326\304\300\250]\260"
  96      7677669F 
  96      E79D6F77 
  96      D6C4C0A8 
  96      5DB0
  97 0067 30962D8E 		.ascii	"0\226-\216{\304\017*\203R3\316X\271\246\000\364\207"
  97      7BC40F2A 
  97      835233CE 
  97      58B9A600 
  97      F487
  98 0079 6B606E05 		.ascii	"k`n\005n\374P\326\024\004+C~%\263\201\213\266p\273%"
  98      6EFC50D6 
ARM GAS  /tmp/ccy5evdg.s 			page 7


  98      14042B43 
  98      7E25B381 
  98      8BB670BB 
  99 008e 8B3706E0 		.ascii	"\2137\006\340U\031\213*\222\304\320\200L&\246}h_\277"
  99      55198B2A 
  99      92C4D080 
  99      4C26A67D 
  99      685FBF
 100 00a1 996EA9A0 		.ascii	"\231n\251\240i{\215A4\302B\272\326S\001\036\215z8_\331"
 100      697B8D41 
 100      34C242BA 
 100      D653011E 
 100      8D7A385F 
 101 00b6 BF9EB95B 		.ascii	"\277\236\271[a^U(Eg\246\316B\235F\235\215:;u\214\205"
 101      615E5528 
 101      4567A6CE 
 101      429D469D 
 101      8D3A3B75 
 102 00cc C5FD9464 		.ascii	"\305\375\224dEQ\350\250\206\020\354Y\231?HD\217J\241"
 102      4551E8A8 
 102      8610EC59 
 102      993F4844 
 102      8F4AA1
 103 00df 6ABDC109 		.ascii	"j\275\301\011kD\361\252\012H^Q?\024\262\031\247<\\\305"
 103      6B44F1AA 
 103      0A485E51 
 103      3F14B219 
 103      A73C5CC5 
 104 00f3 4DE2D2D2 		.ascii	"M\342\322\322\374_\277\331\207z\021V\305\0358\320\004"
 104      FC5FBFD9 
 104      877A1156 
 104      C51D38D0 
 104      04
 105 0104 07A3B9AB 		.ascii	"\007\243\271\253\265\223\013iz3\257(\347\273\274\252"
 105      B5930B69 
 105      7A33AF28 
 105      E7BBBCAA 
 106 0114 0977E1C3 		.ascii	"\011w\341\303\272\\\014\356Ag!x~[\014\221j\270\352z"
 106      BA5C0CEE 
 106      41672178 
 106      7E5B0C91 
 106      6AB8EA7A 
 107 0128 23A36682 		.ascii	"#\243f\202\003\032\232\005E\244\251\005M\331\216\246"
 107      031A9A05 
 107      45A4A905 
 107      4DD98EA6 
 108 0138 25A16985 		.ascii	"%\241i\205.\340\204\351\201a2o\207\324&ITY\264o\016"
 108      2EE084E9 
 108      8161326F 
 108      87D42649 
 108      5459B46F 
 109 014d 4CA4D413 		.ascii	"L\244\324\023v$\270\367)\241%9\241\266%\022\210\363"
 109      7624B8F7 
 109      29A12539 
 109      A1B62512 
 109      88F3
 110 015f 20C1E994 		.ascii	" \301\351\224\371\202=7>\232\014\214-\371\331\231\345"
ARM GAS  /tmp/ccy5evdg.s 			page 8


 110      F9823D37 
 110      3E9A0C8C 
 110      2DF9D999 
 110      E5
 111 0170 B3BBEA19 		.ascii	"\263\273\352\031\350\320\214S\036\250\341\031\342\322"
 111      E8D08C53 
 111      1EA8E119 
 111      E2D2
 112 017e E45CF78C 		.ascii	"\344\\\367\214\335\020Y\360P\210\272b\242\256\357\253"
 112      DD1059F0 
 112      5088BA62 
 112      A2AEEFAB 
 113 018e D5C991BB 		.ascii	"\325\311\221\273\245J\276l\376\315\245\260\013\327\177"
 113      A54ABE6C 
 113      FECDA5B0 
 113      0BD77F
 114 019d A5D832B7 		.ascii	"\245\3302\267'\301\355\245R\330\011\023\011\207*\254"
 114      27C1EDA5 
 114      52D80913 
 114      09872AAC 
 115 01ad 31527C0D 		.ascii	"1R|\015V\271\206\251\2675\0350N\371-.\337\277\246\352"
 115      56B986A9 
 115      B7351D30 
 115      4EF92D2E 
 115      DFBFA6EA 
 116 01c1 C5618B70 		.ascii	"\305a\213p\225\323\216\310\026\257\265\206G\302\330"
 116      95D38EC8 
 116      16AFB586 
 116      47C2D8
 117 01d0 17335EAB 		.ascii	"\0273^\253\233\233U\343%{,}*\371\372\241\213\341_\301"
 117      9B9B55E3 
 117      257B2C7D 
 117      2AF9FAA1 
 117      8BE15FC1 
 118 01e4 9123C433 		.ascii	"\221#\3043\301w\010\001c\031\221\266Oq\377\266\350\003"
 118      C1770801 
 118      631991B6 
 118      4F71FFB6 
 118      E803
 119 01f6 926E227A 		.ascii	"\222n\"zP\322\227\372\332f\315\006>*\332N\014\306\014"
 119      50D297FA 
 119      DA66CD06 
 119      3E2ADA4E 
 119      0CC60C
 120 0209 E1140D4F 		.ascii	"\341\024\015O\244\301L\206!i\210\327\307\004\206\341"
 120      A4C14C86 
 120      216988D7 
 120      C70486E1 
 121 0219 8DFCCBA9 		.ascii	"\215\374\313\251\320mx*\351\342\223EC\203\3433\276\014"
 121      D06D782A 
 121      E9E29345 
 121      4383E333 
 121      BE0C
 122 022b 572B3D2A 		.ascii	"W+=*~\232\370#\320\261\317!7\3263\270\342\262pJ2\023"
 122      7E9AF823 
 122      D0B1CF21 
 122      37D633B8 
ARM GAS  /tmp/ccy5evdg.s 			page 9


 122      E2B2704A 
 123 0241 46A5CC4A 		.ascii	"F\245\314J\270\347\202\034\317\37655\334\230\304i\204"
 123      B8E7821C 
 123      CFFE3535 
 123      DC98C469 
 123      84
 124 0252 7B91840B 		.ascii	"{\221\204\013\247\210\033\2278\033\341&d\241;+\307\332"
 124      A7881B97 
 124      381BE126 
 124      64A13B2B 
 124      C7DA
 125 0264 ED46A181 		.ascii	"\355F\241\201\311\215\260\337R\243\277\224t;\321\247"
 125      C98DB0DF 
 125      52A3BF94 
 125      743BD1A7 
 126 0274 4458C22D 		.ascii	"DX\302-\302\033\350\237\226\033\210\346\373\375\313"
 126      C21BE89F 
 126      961B88E6 
 126      FBFDCB
 127 0283 EFACEE35 		.ascii	"\357\254\3565^\305i\243\330\243\264\3151\0157\215}\376"
 127      5EC569A3 
 127      D8A3B4CD 
 127      310D378D 
 127      7DFE
 128 0295 F9DE9F4E 		.ascii	"\371\336\237NQv \013\257\340\240\275\375\347\315u\315"
 128      5176200B 
 128      AFE0A0BD 
 128      FDE7CD75 
 128      CD
 129 02a6 B8A4E135 		.ascii	"\270\244\3415\034^5\215}\301\225\300Z\236\004R\013\013"
 129      1C5E358D 
 129      7DC195C0 
 129      5A9E0452 
 129      0B0B
 130 02b8 84F8C48B 		.ascii	"\204\370\304\213\275v\324\351\324\217\025\026\235-:"
 130      BD76D4E9 
 130      D48F1516 
 130      9D2D3A
 131 02c7 9957E03A 		.ascii	"\231W\340:\354t9]\272^R\252\027\236)\326/\226\\*+\325"
 131      EC74395D 
 131      BA5E52AA 
 131      179E29D6 
 131      2F965C2A 
 132 02dd F3F2730F 		.ascii	"\363\362s\017d\35199\307\365\374\023\271\227]4RPZVP"
 132      64E93939 
 132      C7F5FC13 
 132      B9975D34 
 132      52505A56 
 133 02f2 5C7CDE79 		.ascii	"\\|\336y\216\375\003\026\2135\005"
 133      8EFD0316 
 133      8B3505
 134              		.text
 135              		.section	.gnu.lto_.symbol_nodes.86a10a995e2bccbf,"",%progbits
 136 0000 789C55C8 		.ascii	"x\234U\310\313\011\2000\020\204\341\331\331`\033\321"
 136      CB098030 
 136      1084E1D9 
 136      D9601BD1 
ARM GAS  /tmp/ccy5evdg.s 			page 10


 137 0010 12AD6073 		.ascii	"\022\255`s\010\010\236\254\303B\202/\254\302c\212p\361"
 137      08089EAC 
 137      C342822F 
 137      ACC2638A 
 137      70F1
 138 0022 64E63F0C 		.ascii	"d\346?\014|\001\202\021>n4`\271\001\2775\015.;M\032"
 138      7C018211 
 138      3E6E3460 
 138      B901BF35 
 138      0D2E3B4D 
 139 0037 9183C64F 		.ascii	"\221\203\306O\200\224z\207\223\246\015\\\264\360\007"
 139      80947A87 
 139      93A60D5C 
 139      B4F007
 140 0046 F572299D 		.ascii	"\365r)\235\202\310S\215*\001\317\\#^)V\033\201"
 140      82C8538D 
 140      2A01CF5C 
 140      235E2956 
 140      1B81
 141              		.text
 142              		.section	.gnu.lto_.refs.86a10a995e2bccbf,"",%progbits
 143 0000 789C6361 		.ascii	"x\234ca`\004B \000\000\0009\000\007"
 143      60044220 
 143      00000039 
 143      0007
 144              		.text
 145              		.section	.gnu.lto_.decls.86a10a995e2bccbf,"",%progbits
 146 0000 789CCD58 		.ascii	"x\234\315X{LT\311\232\357:\325B\003\015\316\242\231"
 146      7B4C54C9 
 146      9AEF3AD5 
 146      42030DCE 
 146      A299
 147 0012 988D37D7 		.ascii	"\230\2157\327\030\263\262\233\254-\350}l\262\233\214"
 147      18B3B29B 
 147      AC2DE87D 
 147      6CB29B8C 
 148 0022 3628E4CA 		.ascii	"6(\344\312h\272\231\311\354\375c;\2108\222E\230\005"
 148      68BA99C9 
 148      ECFD633B 
 148      88389245 
 148      9805
 149 0034 9CEBE4E6 		.ascii	"\234\353\344\346\346\036\036\012\202\316\360\022\021"
 149      E61E1E0A 
 149      82CEF012 
 149      11
 150 0041 50111014 		.ascii	"P\021\020\024\021\001\037\210\370h\301\341!0\203\200"
 150      11011F88 
 150      F868C1E1 
 150      21308380 
 151 0051 28836283 		.ascii	"(\203b\203\010(\312\240\200\200\200\356WU\2479\305\351"
 151      0828CAA0 
 151      808080EE 
 151      5755A739 
 151      C5E9
 152 0063 76EEEE1F 		.ascii	"v\356\356\037\233\354\321\037\347|\247~\365;_}\365\235"
 152      9BECD11F 
 152      E77CA77E 
ARM GAS  /tmp/ccy5evdg.s 			page 11


 152      F53B5F7D 
 152      F59D
 153 0075 3A5FB55A 		.ascii	":_\265Z\205T\344\370\363\257T\252Q\265J\345\013\346"
 153      8554E4F8 
 153      F3AF54AA 
 153      51B54AE5 
 153      0BE6
 154 0087 7B3830DC 		.ascii	"{80\334\373\\%\037\213\000\347\000\347\001\345\200\013"
 154      FB5C251F 
 154      8B00E700 
 154      E701E580 
 154      0B
 155 0098 00B3CAF6 		.ascii	"\000\263\312\366 \034\255\324w5@\015z\030P\007\327\356"
 155      201CADD4 
 155      7735400D 
 155      7A185007 
 155      D7EE
 156 00aa 80A5806A 		.ascii	"\200\245\200j\302\201{\177\007p\007\224\200M\274\230"
 156      C2817B7F 
 156      07700794 
 156      804DBC98 
 157 00ba 04B84A1A 		.ascii	"\004\270J\032K\341\306\307\200e\200\277\007\254\000"
 157      4BE1C6C7 
 157      806580BF 
 157      07AC00
 158 00c9 AC44ECB9 		.ascii	"\254D\354\271\253\340\374\017\000\017\300?!\346\217"
 158      ABE0FC0F 
 158      000FC03F 
 158      21E68F
 159 00d8 F2382F69 		.ascii	"\3628/iY\375\370\013\360\376,\371\221\010\347\004$\373"
 159      59FDF80B 
 159      F0FE2CF9 
 159      9108E704 
 159      24FB
 160 00ea D601F792 		.ascii	"\326\001\367\222\020\363\353&\300\005\3605\330\377\016"
 160      10F3EB26 
 160      C005F035 
 160      D8FF0E
 161 00f9 88050C83 		.ascii	"\210\005\014\203=\015\230\000\314\002F\001s\200\027"
 161      3D0D9800 
 161      CC024601 
 161      738017
 162 0108 80118020 		.ascii	"\200\021\200 =\317^<\346\004T\334Vr\320\265\033u!\244"
 162      3DCF5E3C 
 162      E60454DC 
 162      5672D0B5 
 162      1B7521A4 
 163 011c 42E82304 		.ascii	"B\350#\004')\346*rG:\223\013\304\014A%\305\203\261\220"
 163      2729E62A 
 163      72473A93 
 163      0BC40C41 
 163      25C583B1 
 164 0131 550AD17F 		.ascii	"U\012\321\177\360_\240|\3045,\340\321\371\243\207|\013"
 164      F05FA07C 
 164      C4352CE0 
 164      D1F9A387 
 164      7C0B
ARM GAS  /tmp/ccy5evdg.s 			page 12


 165 0143 CD1F5626 		.ascii	"\315\037V&Z(JTe\023lA\356\300\351I\336K\317G\374c\251"
 165      5A284A54 
 165      65136C41 
 165      EEC0E949 
 165      DE4BCF47 
 166 015a 34B60EBA 		.ascii	"4\266\016\272\264'vV\203A\023\256\037O\237\336\264\246"
 166      B4277656 
 166      834113AE 
 166      1F4F9FDE 
 166      B4A6
 167 016c 44842359 		.ascii	"D\204#Y\024\205\345rd\356\306\225\345\340q\001\271;"
 167      1485E572 
 167      64EEC695 
 167      E5E07101 
 167      B93B
 168 017e 233598AF 		.ascii	"#5\230\257Z\262\236\270\201\271\324\031\255\000s\256"
 168      5AB29EB8 
 168      81B9D419 
 168      AD0073AE 
 169 018e 313B4B58 		.ascii	"1;KX\226A\373\305\212+\324\350\363\217\321Y\264\034"
 169      9641FBC5 
 169      8A2BD4E8 
 169      F38FD159 
 169      B41C
 170 01a0 15239040 		.ascii	"\025#\220@%h\031\374\335\256fJ#\317j-\332\225\271bn"
 170      256819FC 
 170      DDAE664A 
 170      23CF6A2D 
 170      DA95B962 
 171 01b5 9968E91E 		.ascii	"\231h\351\036\377uJ\254\330\000\335V\020\026:\2150:"
 171      FF754AAC 
 171      D800DD56 
 171      10163A8D 
 171      303A
 172 01c7 83D61017 		.ascii	"\203\326\020\027\341\222\234\212P78\177\016\255$\017"
 172      E1929C8A 
 172      5037387F 
 172      0EAD240F 
 173 01d7 3DF873EE 		.ascii	"=\370s\356bl\244\216\026=-]\311D\314c\251\370\250h\216"
 173      626CA48E 
 173      163D2D5D 
 173      C944CC63 
 173      A9F8A868 
 174 01ec 0311818A 		.ascii	"\003\021\201\212\224\312\"\245\274\310y*\362xt\254\336"
 174      94CA22A5 
 174      BCC8792A 
 174      F27874AC 
 174      DE
 175 01fd 059BA848 		.ascii	"\005\233\250H\361\313S\023\010T,\242h\271\027\277'>"
 175      F1CB5313 
 175      08542CA2 
 175      68B917BF 
 175      273E
 176 020f 7FBF3919 		.ascii	"\177\2779\031Q\177Q\231,R\206X\250P9\0258PY{\010\343"
 176      517F5199 
 176      2C528658 
 176      A8503915 
ARM GAS  /tmp/ccy5evdg.s 			page 13


 176      3850597B 
 177 0225 624415C4 		.ascii	"bD\025\304\353\335\225jI\341m\223)=6\327\227v\257\220"
 177      EBDD956A 
 177      49E16D93 
 177      293D36D7 
 177      9776AF90 
 178 0239 BB5758BB 		.ascii	"\273WX\273_\240\335\263;\372\362\005<\310\272?j8s\226"
 178      5FA0DDB3 
 178      3BFAF205 
 178      3CC8BA3F 
 178      6A387396 
 179 024d 4475B533 		.ascii	"Du\2653\"\223\266\030n\235\177Q5\355\312n\021F\333w"
 179      2293B618 
 179      6E9D7F51 
 179      35EDCA6E 
 179      1146DB77 
 180 0261 AF0B1CF1 		.ascii	"\257\013\034\361\024\245\013gS\206\333\234\220\207s"
 180      14A50B67 
 180      5386DB9C 
 180      908773
 181 0270 2109B4E5 		.ascii	"!\011\264\345H\233wJ<\031t\025rF\225\362\003W;\303\337"
 181      489B774A 
 181      3C197415 
 181      724695F2 
 181      03573BC3 
 182 0285 04518C21 		.ascii	"\004Q\214!s\341\356\253\232\237\011t\005y\020]\302C"
 182      73E1EEAB 
 182      9A9F0974 
 182      0579105D 
 182      C243
 183 0297 97E1E625 		.ascii	"\227\341\346%\270\011\3178S\220\222\347\200\313i\006"
 183      B809CF38 
 183      539092E7 
 183      80CB6906 
 184 02a7 08C5A53F 		.ascii	"\010\305\245?\3269\"g\017\273\002\327\354\0100g&\322"
 184      D6392267 
 184      0FBB02D7 
 184      EC083067 
 184      26D2
 185 02b9 D643DA7C 		.ascii	"\326C\332|\204\252\301\227\253\262/\340\032\233\365"
 185      84AAC197 
 185      ABB22FE0 
 185      1A9BF5
 186 02c8 DEDAC3A2 		.ascii	"\336\332\303\242\233\032\336\027\312\200\\\200{\345"
 186      9B1ADE17 
 186      CA805C80 
 186      7BE5
 187 02d6 B9577A84 		.ascii	"\271Wz\204\371{\327\021\275Yy\350\340K\364\301T\272"
 187      F97BD711 
 187      BD5979E8 
 187      E04BF4C1 
 187      54BA
 188 02e8 4953E906 		.ascii	"IS\351\006\222r\351U\305\361<\255\024\376\231\214\255"
 188      9272E955 
 188      C5F13CAD 
 188      14FE998C 
 188      AD
ARM GAS  /tmp/ccy5evdg.s 			page 14


 189 02f9 D1D20402 		.ascii	"\321\322\004\002\013]\224\235\270h\235\0013\235\201"
 189      0B5D949D 
 189      B8689D01 
 189      339D81
 190 0308 CADEC337 		.ascii	"\312\336\3037\235X*? \"Y\325\343w\0261[C\232G\316V\272"
 190      9D582A3F 
 190      202259D5 
 190      E3771631 
 190      5B439A47 
 191 031f B2D43693 		.ascii	"\262\3246\223\346\366\201\223qZ\326\334J\354\332\316"
 191      E6F68193 
 191      715AD6DC 
 191      4AECDACE 
 192 032f FA51354E 		.ascii	"\372Q5N\303tzz[/\211N\316\020\253\330\377Q\254\240G"
 192      C3747A7A 
 192      5B2F894E 
 192      CE10ABD8 
 192      FF51ACA0 
 193 0344 73F34CCB 		.ascii	"s\363L\313\"|\224uO\372\376R\235\364V5\020;\375jm\265"
 193      227C9475 
 193      4FFAFE52 
 193      9DF45635 
 193      103BFD6A 
 194 035a 0BCE618D 		.ascii	"\013\316a\215O\022\373j\035\360IfX\275r\227\274:\321"
 194      4F12FB6A 
 194      1DF04966 
 194      58BD7297 
 194      BC3AD1
 195 036d 3D7107E1 		.ascii	"=q\007\341S\254\261\272\362Z\2354\202\265$gF\233\217"
 195      53ACB1BA 
 195      F25A9D34 
 195      82B52467 
 195      469B8F
 196 0380 B930F323 		.ascii	"\2710\363#0/\0174\3269\263\001\211\010\354\353m\017"
 196      302F0F34 
 196      D639B301 
 196      8908ECEB 
 196      6D0F
 197 0392 3FC1C5AC 		.ascii	"?\301\305\254g\315\353\262\"ip\030\314#=\227\247\265"
 197      67CDEBB2 
 197      22697018 
 197      CC233D97 
 197      A7B5
 198 03a4 6438221B 		.ascii	"d8\"\033\016\271/\007\277\215L&\322-Gw\331P2c\012\212"
 198      0EB92F07 
 198      BF8D4C26 
 198      D22D4777 
 198      D9503263 
 199 03ba D4EEC9D2 		.ascii	"\324\356\311\322j\361\211\232N\343\217@\377\201\322"
 199      6AF1899A 
 199      4EE38F40 
 199      FF81D2
 200 03c9 DB91BBB5 		.ascii	"\333\221\273\265\023a\017ut%\012<\273\356\227\330\245"
 200      13610F75 
 200      74250A3C 
 200      BBEE97D8 
 200      A5
ARM GAS  /tmp/ccy5evdg.s 			page 15


 201 03da F9A78E38 		.ascii	"\371\247\2168\343R\346e\366\330\243g\322\214y\200Y\370"
 201      E352E665 
 201      F6D8A367 
 201      D28C7980 
 201      59F8
 202 03ec A63A5683 		.ascii	"\246:V\203+X[\332\215c-\216\37023\254\313\222;[\226"
 202      2B585BDA 
 202      8D632D8E 
 202      F83233AC 
 202      CB923B5B 
 203 0401 62EE6FC4 		.ascii	"b\356o\304WY\313\315\224\324G\010\337`\306H\334S\213"
 203      5759CBCD 
 203      94D44708 
 203      DF60C648 
 203      DC538B
 204 0414 14A06560 		.ascii	"\024\240e`\036n\032^\215kY\323\273\206\332\325\270\221"
 204      1E6E1A5E 
 204      8D6B59D3 
 204      BB86DAD5 
 204      B891
 205 0426 5DD75D3E 		.ascii	"]\327]>]\204\360\217\314x\235U7\354\214\333\231\221"
 205      5D84F08F 
 205      CC789D55 
 205      37EC8CDB 
 205      9991
 206 0438 DB967345 		.ascii	"\333\226sE\203;\231Q8\225Q\250\305\335\314\350\250\272"
 206      833B9951 
 206      389551A8 
 206      C5DDCCE8 
 206      A8BA
 207 044a 97E0822D 		.ascii	"\227\340\202-\314H(/\317t\301\375\314\210\251\356JY"
 207      CC48282F 
 207      CF74C1FD 
 207      CC88A9EE 
 207      4A59
 208 045c CC1E6A21 		.ascii	"\314\036j!v\377\251\376\\'iZ\034\300Nlk\236Dx\210\221"
 208      76FFA9FE 
 208      5C27695A 
 208      1CC04E6C 
 208      6B9E4478 
 209 0472 9B0BF3A3 		.ascii	"\233\013\363\243\235>8\021C\326\211XK\347!\361\306\353"
 209      9D3E3811 
 209      43D68958 
 209      4BE721F1 
 209      C6EB
 210 0484 E3488AAC 		.ascii	"\343H\212\254\331:\017\265\300\256\241\354g4\262C\326"
 210      D93A0FB5 
 210      C0AEA1EC 
 210      6734B243 
 210      D6
 211 0495 C826B6B7 		.ascii	"\310&\266\267D;\362\354\272_`\177\\\026]\020\257A\253"
 211      443BF2EC 
 211      BA5F607F 
 211      5C165D10 
 211      AF41AB
 212 04a8 ACC71276 		.ascii	"\254\307\022v\362\240\177\363\304\270X\321R}\302;\363"
 212      F2A07FF3 
ARM GAS  /tmp/ccy5evdg.s 			page 16


 212      C4B858D1 
 212      527DC23B 
 212      F3
 213 04b9 75BF28A6 		.ascii	"u\277(\246j\251\322\003x\357\306\321\022\371=\350\244"
 213      6AA9D203 
 213      78EFC6D1 
 213      12F93DE8 
 213      A4
 214 04ca B29EE45B 		.ascii	"\262\236\344[B;\230\337<\326\212\311\201\224\374XIf"
 214      423B98DF 
 214      3CD68AC9 
 214      8194FC58 
 214      4966
 215 04dc B97016C9 		.ascii	"\271p\026\311\354\234\355dq\307\224\336\250\2447\330"
 215      EC9CED64 
 215      71C794DE 
 215      A8A437D8 
 216 04ec D01FCAE2 		.ascii	"\320\037\312\342\375J\266N\341\310;\231\373\223\222"
 216      FD4AB64E 
 216      E1C83B99 
 216      FB9392
 217 04fb DB65A3FC 		.ascii	"\333e\243\374Zf\367*\33156\354\343\234\333\365J\372"
 217      5A66F72A 
 217      D93536EC 
 217      E39CDBF5 
 217      4AFA
 218 050d 6D6548DE 		.ascii	"meH\336\312\332\217\224\344\2076\332\231\234v\263\222"
 218      CADA8F94 
 218      E48736DA 
 218      999C76B3 
 218      92
 219 051e DEC4D153 		.ascii	"\336\304\321S\244\227M\204\365\022\015\000\343)m$|X"
 219      A4974D84 
 219      F5120D00 
 219      E3296D24 
 219      7C58
 220 0530 96D00CAC 		.ascii	"\226\320\014\254P#h\025\232\003\210\302*4\012\347I\300"
 220      50236815 
 220      9A0388C2 
 220      2A340AE7 
 220      49C0
 221 0542 0BC004E0 		.ascii	"\013\300\004\3405\340\035\340g\3000`\032\360\0360\013"
 221      35E01DE0 
 221      67C03060 
 221      1AF01E30 
 221      0B
 222 0553 1803BC01 		.ascii	"\030\003\274\001\274\004\274\002\274\005L\241Ut\235"
 222      BC04BC02 
 222      BC054CA1 
 222      55749D
 223 0562 655E4EC9 		.ascii	"e^N\311c\352\261?&.\000Y\334\220\356\330\237e\216=."
 223      63EAB13F 
 223      262E0059 
 223      DC90EED8 
 223      9F658E3D 
 224 0577 4B5BEC67 		.ascii	"K[\354g\220\225\034-\232+\266GS\351\347\310\035\015"
 224      90951C2D 
ARM GAS  /tmp/ccy5evdg.s 			page 17


 224      9A2BB647 
 224      53E9E7C8 
 224      1D0D
 225 0589 4A6C6BBA 		.ascii	"Jlk\272\243[J\351T\316\221\373\366S\231\237\2122\216"
 225      A35B4AE9 
 225      54CE91FB 
 225      F653999F 
 225      8A328E
 226 059c FEBDFD69 		.ascii	"\376\275\375ift\372\2254w\203\343\242\206\260T\322\307"
 226      6674FA95 
 226      347783E3 
 226      A286B054 
 226      D2C7
 227 05ae 4935EFE7 		.ascii	"I5\357\347\221>\3374QlX\213:\300\321VI\313\272>\242"
 227      913EDF34 
 227      516C588B 
 227      3AC0D156 
 227      49CBBA3E 
 228 05c3 169B47F7 		.ascii	"\026\233G\367\310Axb7\323y\362\254L\356\266\237\352"
 228      C8417862 
 228      37D379F2 
 228      AC4CEEB6 
 228      9FEA
 229 05d5 5C0CD2B9 		.ascii	"\\\014\322\271A\335S\262[\224\354QY\272\317\376{A\311"
 229      41DD53B2 
 229      5B94EC51 
 229      59BACFFE 
 229      7B41C9
 230 05e8 A4DA69EE 		.ascii	"\244\332i\356<\355\206\213\325\264\316\310y1tM\203<"
 230      3CED868B 
 230      D5B4CEC8 
 230      7931744D 
 230      833C
 231 05fa 96B0C05C 		.ascii	"\226\260\300\\\352[F\002\023+,A\321\302\374\207\233"
 231      EA5B4602 
 231      132B2C41 
 231      D1C2FC87 
 231      9B
 232 060b C4E90359 		.ascii	"\304\351\003Y\214b\004\217\377\363D&K\370\255\272g\202"
 232      8C62048F 
 232      FFF34426 
 232      4BF8ADBA 
 232      6782
 233 061d 3671BE18 		.ascii	"6q\276\030\242.\312+q\234\240\245\225\005\234\201\374"
 233      A22ECA2B 
 233      719CA0A5 
 233      95059C81 
 233      FC
 234 062e FDFB49B3 		.ascii	"\375\373I\263\264\304\013\334wx)\373\016\337\233\272"
 234      B4C40BDC 
 234      777829FB 
 234      0EDF9BBA 
 235 063e FE568B2F 		.ascii	"\376V\213/\323\341\253/\304<>\351\206<\226#\220B\254"
 235      D3E1AB2F 
 235      C43C3EE9 
 235      863C9623 
 235      9042AC
ARM GAS  /tmp/ccy5evdg.s 			page 18


 236 0651 A02315B7 		.ascii	"\240#\025\267\012%\011\316(^\300\326R=K\204\217\300"
 236      0A2509CE 
 236      285EC0D6 
 236      523D4B84 
 236      8FC0
 237 0663 E85FC96D 		.ascii	"\350_\311m\270\326\3203-\315F\363D\207e*\264\216~\004"
 237      B8D6D033 
 237      2DCD46F3 
 237      4487652A 
 237      B48E7E04 
 238 0677 50024483 		.ascii	"P\002D\2034\251P\242\260\034\035\020\350w\341\316\335"
 238      34A950A2 
 238      B01C1D10 
 238      E877E1CE 
 238      DD
 239 0688 E7CDDC4A 		.ascii	"\347\315\334J\217\250\366~h\337G*{tP\220Wzb\220o\322"
 239      8FA8F67E 
 239      68DF472A 
 239      7B745090 
 239      577A6290 
 240 069e CCB9ABD2 		.ascii	"\314\271\253\322\367\223|\222\316\264M\3479~\360+\364"
 240      F7937C92 
 240      CEB44DE7 
 240      397EF02B 
 240      F4
 241 06af AD207D85 		.ascii	"\255 }\205\016\261\307\215'\356\233\224\212\031G0O\017"
 241      0EB1C78D 
 241      27EE9B94 
 241      8A194730 
 241      4F0F
 242 06c1 E47CAB65 		.ascii	"\344|\253e\243\377=\230\017\276\033\033\344>\377\314"
 242      A3FF3D98 
 242      0FBE1B1B 
 242      E43EFFCC 
 243 06d1 996470E6 		.ascii	"\231dp\346;\352L\012u\206JR\203\324e]9M\032>\364\244"
 243      3BEA4C0A 
 243      75864A52 
 243      83D4655D 
 243      394D1A3E 
 244 06e7 B0961F9F 		.ascii	"\260\226\037\237*\205>\225\206~\260H\234t\303\325jV"
 244      2A853E95 
 244      867EB048 
 244      9C74C3D5 
 244      6A56
 245 06f9 D55C8A7E 		.ascii	"\325\\\212~\351\010e\241\031\266\030\327\007\276H\214"
 245      E90865A1 
 245      19B618D7 
 245      07BE488C 
 246 0709 6D3A28E6 		.ascii	"m:(\346\306\210\2370\21149\301\322\004n\177\220.\220"
 246      C6889F30 
 246      893439C1 
 246      D2046E7F 
 246      902E90
 247 071c EA70F44D 		.ascii	"\352p\364MS\012\306SL\310\\\272\377\272U\350m\323\226"
 247      530AC653 
 247      4CC85CBA 
 247      FFBA55E8 
ARM GAS  /tmp/ccy5evdg.s 			page 19


 247      6DD396
 248 072f 0CBA5749 		.ascii	"\014\272WI^Ee\016\3132\207y\231\014*S\373\246\363\234"
 248      5E45650E 
 248      CB328779 
 248      990C2A53 
 248      FBA6F39C 
 249 0743 233EB088 		.ascii	"#>\260\210\312$\346\265\327/\226d:\352\275\263*D\361"
 249      CA24E6B5 
 249      D72F9664 
 249      3AEABDB3 
 249      2A44F1
 250 0756 8028D6A8 		.ascii	"\200(\326\250\251\316\021Y\347\010\257\223Iu\012'\247"
 250      A9CE1159 
 250      E708AF93 
 250      49750A27 
 250      A7
 251 0767 92DC700E 		.ascii	"\222\334p\016\323\351il\011b2\346\361\235l\317s\222"
 251      D3E9696C 
 251      096232E6 
 251      F19D6CCF 
 251      7392
 252 0779 ED798ECA 		.ascii	"\355y\216\312\"Gy\221,*r\177\240f\007.d\032\305\347"
 252      22477991 
 252      2C2A727F 
 252      A066072E 
 252      641AC5E7 
 253 078d 8E97B9E1 		.ascii	"\216\227\271\341\213\314H\252\251\315q\200\012\034\345"
 253      8BCC48AA 
 253      A9CD7180 
 253      0A1CE5
 254 079c D04E1FA8 		.ascii	"\320N\037\250\323[{\257dk?X\222\237\020HI~\\\220J\362"
 254      D35B7BAF 
 254      646B3F58 
 254      929F1048 
 254      497E5C90 
 255 07b2 0765EF72 		.ascii	"\007e\357r\335\244\261\036\036\371b\356\015)\015D1\016"
 255      DDA4B11E 
 255      1EF962EE 
 255      0D290D44 
 255      310E
 256 07c4 2D254C94 		.ascii	"-%L\224mu\024\035\023\324\304\222"
 256      6D75141D 
 256      13D4C492 
 257 07d0 7DCDA5BE 		.ascii	"}\315\245\276NM\334\272\245\301\361\016\324\277\344"
 257      4E4DDCBA 
 257      A5C1F10E 
 257      D4BFE4
 258 07df FA9A18ED 		.ascii	"\372\232\030\355\374D\372f/\234\310\223\362\240O\362"
 258      FC44FA66 
 258      2F9CC893 
 258      F2A04FF2 
 259 07ef 42795428 		.ascii	"ByT(\357AW\205\003\316fB\235sU\325j)t\263\333\027\204"
 259      EF415785 
 259      03CE6642 
 259      9D7355D5 
 259      6A2974B3 
 260 0806 2E5F56C9 		.ascii	"._V\311\347U\012\250J\372\251\372\003j\\\306T\356&\034"
ARM GAS  /tmp/ccy5evdg.s 			page 20


 260      E7550AA8 
 260      4AFAA9FA 
 260      036A5CC6 
 260      54EE261C 
 261 081a BBE03A9F 		.ascii	"\273\340:\237\016\377\261 \035N\3112\247x\231B*\323"
 261      0EFFB120 
 261      1D4EC932 
 261      A7789942 
 261      2AD3
 262 082c D87FAEC6 		.ascii	"\330\177\256\306\015\3272\231\336\307\247_\251\255\351"
 262      0DD73299 
 262      DEC7A75F 
 262      A9ADE9
 263 083b 10FFE9C2 		.ascii	"\020\377\351\302t(\222u\212x\235\323T\307rb0\315\025"
 263      74289275 
 263      8A789DD3 
 263      54C77262 
 263      30CD15
 264 084e 3F603AF9 		.ascii	"?`:\371I\355\027\\\244Au|\271`Pgd\2253\274J1U\031\273"
 264      49ED175C 
 264      A441757C 
 264      B9605067 
 264      649533BC 
 265 0867 7D7A4C5A 		.ascii	"}zLZ\247\222\311\216\340\306\273\341;P\2472\325\222"
 265      A792C98E 
 265      E0C6BBE1 
 265      3B50A732 
 265      D592
 266 0879 96FA87D2 		.ascii	"\226\372\207\322k\234@\032\013\333\263^9\340\227\254"
 266      6B9C401A 
 266      0BDBB35E 
 266      39E097AC 
 267 0889 3137B321 		.ascii	"17\263!F\300\023\314\260n,\334\245\215E\301\025\313"
 267      46C013CC 
 267      B06E2CDC 
 267      A58D45C1 
 267      15CB
 268 089b 2CC2A223 		.ascii	",\302\242#{u\352`\037\207\223\230\221\320\033\337.1"
 268      7B75EA60 
 268      1F879398 
 268      91D01BDF 
 268      2E31
 269 08ad A788FDBE 		.ascii	"\247\210\375\276f\362\201+Na\215\357\237u\345K\325\375"
 269      66F2812B 
 269      4E618DEF 
 269      9F75E54B 
 269      D5FD
 270 08bf 28B18F54 		.ascii	"(\261\217T\365\215\272\341l\326\230R;1\346\202O0\343"
 270      F58DBAE1 
 270      6CD69852 
 270      3B31E682 
 270      4F30E3
 271 08d2 615EFA29 		.ascii	"a^\372)5c\016\021\373\330\354l\234\032\027\260\306\266"
 271      35630E11 
 271      FBD8EC6C 
 271      9C1A17B0 
 271      C6B6
ARM GAS  /tmp/ccy5evdg.s 			page 21


 272 08e4 98B40207 		.ascii	"\230\264\002\007\\\312\214\231\221\242Q\007|\205\031"
 272      5CCA8C99 
 272      91A25107 
 272      7C8519
 273 08f3 B56339AF 		.ascii	"\265c9\257\264\270\206\031\373\012:\016:\342ff\214u"
 273      B4B88619 
 273      FB0A3A0E 
 273      3AE26666 
 273      8C75
 274 0905 1FAAD3E2 		.ascii	"\037\252\323\342Nf\334nx\322\256\301\026fD\017\225\305"
 274      4E66DC6E 
 274      78D2AEC1 
 274      1666440F 
 274      95C5
 275 0917 63FC9C19 		.ascii	"c\374\234\031\257Zk\023\235\36083Z\016\244\302\373>"
 275      AF5A6B13 
 275      9DF03833 
 275      5A0EA4C2 
 275      FB3E
 276 0929 CB0CEB22 		.ascii	"\313\014\353\"\347\316\026\271\367\331\243\307\2648"
 276      E7CE16B9 
 276      F7D9A3C7 
 276      B438
 277 0937 4E43DBAE 		.ascii	"NC\333\256\345\357;\243\301\3372#\356\207C\017\2658"
 277      E5EF3BA3 
 277      C1DF3223 
 277      EE87430F 
 277      B538
 278 0949 8319A543 		.ascii	"\203\031\245C\361fG|\\\242\265L\227\270\341B\311\350"
 278      F166477C 
 278      5CA2B54C 
 278      97B8E142 
 278      C9E8
 279 095b BEA4C365 		.ascii	"\276\244\303e\354\372\344PU\332b\\\305\214\336G\203"
 279      ECFAE450 
 279      55DA625C 
 279      C58CDE47 
 279      83
 280 096c 896EB886 		.ascii	"\211n\270\206\031\373o\036\276\356\204\233\231q\333"
 280      19FB6F1E 
 280      BEEE849B 
 280      9971DB
 281 097b 02E5D53D 		.ascii	"\002\345\325=v=\234h\356\022p\0173\316T\035\352]\204"
 281      763D9C68 
 281      EE12700F 
 281      33CE541D 
 281      EA5D84
 282 098e 0799F1A4 		.ascii	"\007\231\361\2442\356\215\032\0173\343\354\354\361V"
 282      32EE8D1A 
 282      0F33E3EC 
 282      ECF156
 283 099d 273CCA8C 		.ascii	"'<\312\214\326\253\226\247nx\212\031\2151\207\254\373"
 283      D6AB96A7 
 283      6E788A19 
 283      8D3187AC 
 283      FB
 284 09ae C14C32A5 		.ascii	"\301L2\245#\031\0255\016\322f\330\011\354\347I\307\013"
ARM GAS  /tmp/ccy5evdg.s 			page 22


 284      23191535 
 284      0ED266D8 
 284      09ECE749 
 284      C70B
 285 09c0 D4788692 		.ascii	"\324x\206\222W5^8_\355&\357\015\370c\211\274K\220w\012"
 285      57355E38 
 285      5FED26EF 
 285      0DF86389 
 285      BC4B9077 
 286 09d5 478B03B3 		.ascii	"G\213\003\263\362\357\300\033\\\203h\271P\011I:\314"
 286      F2EFC01B 
 286      5C8368B9 
 286      5009493A 
 286      CC
 287 09e6 7D4ED125 		.ascii	"}N\321%AY[\354\224+\221r%\273L\260)\3219\372y%\375\234"
 287      41595BEC 
 287      942B9172 
 287      25BB4CB0 
 287      29D139FA 
 288 09fe 52BC8D63 		.ascii	"R\274\215cW+\331Omv-\034\273D\311>\313k\303\367\312"
 288      572BD94F 
 288      6D762D1C 
 288      BB44C93E 
 288      CB6BC3F7 
 289 0a13 DC2AB1C9 		.ascii	"\334*\261\311\"zM\311\276\265\240\226#\345\317\225\235"
 289      227A4DC9 
 289      BEB5A096 
 289      23E5CF95 
 289      9D
 290 0a24 AC4685CD 		.ascii	"\254F\205\315\0272K\364\371\032\325\246\374\315\344"
 290      17324BF4 
 290      F91AD5A6 
 290      FCCDE4
 291 0a33 5C69548A 		.ascii	"\\iT\212/\334\270\020_\3229_\232\224t\333\335E\017\247"
 291      2FDCB810 
 291      5FD2395F 
 291      9A9474DB 
 291      DD450FA7 
 292 0a47 5E613FE6 		.ascii	"^a?\346\234/?q\354\313\366\347\223\027\277\314\321o"
 292      9C2F3F71 
 292      ECCBF6E7 
 292      9317BFCC 
 292      D16F
 293 0a59 29E94D36 		.ascii	")\351M6\276\344p\364z%\335\246\022\235\015\222\331?"
 293      BEE470F4 
 293      7A25DDA6 
 293      129D0D92 
 293      D93F
 294 0a6b 2AD93536 		.ascii	"*\33156A\177\310\005\375\2422\350\027\026\314(\260;"
 294      417FC805 
 294      FDA232E8 
 294      1716CC28 
 294      B03B
 295 0a7d 39769592 		.ascii	"9v\225\222}E\031\2262\316\361\357\225\256\324*\331\311"
 295      7D451996 
 295      32CEF1EF 
 295      95AED42A 
ARM GAS  /tmp/ccy5evdg.s 			page 23


 295      D9C9
 296 0a8f 1CBB45C9 		.ascii	"\034\273E\311\266\335\022wp\364\253\366\023\227\037"
 296      B6DD1277 
 296      70F4ABF6 
 296      13971F
 297 0a9e 6716E779 		.ascii	"g\026\347y\203\322s\233\335y*'\336l?[<m\366\226\035"
 297      83D2739B 
 297      DD792A27 
 297      DE6C3F5B 
 297      3C6DF696 
 298 0ab3 50C7B5D3 		.ascii	"P\307\265\323Q\021:)\311G\241 \235\206R|\022\360\022"
 298      51113A29 
 298      C947A120 
 298      9D86527C 
 298      12F012
 299 0ac6 F0043006 		.ascii	"\360\0040\006\030\004<\007\364\000\306\001\217\000\317"
 299      18043C07 
 299      F400C601 
 299      8F00CF
 300 0ad5 007D8057 		.ascii	"\000}\200W\200\001\300\013\300\033@/\340!`\004\360\032"
 300      8001C00B 
 300      C01B402F 
 300      E0216004 
 300      F01A
 301 0ae7 3005E806 		.ascii	"0\005\350\006t\001\206\000O\001\235\000\013\240\037"
 301      74018600 
 301      4F019D00 
 301      0BA01F
 302 0af6 F018701F 		.ascii	"\360\030p\037\360\000\3603\340'\300\204`\335\223\222"
 302      F000F033 
 302      E027C084 
 302      60DD9392 
 303 0b06 57A1827B 		.ascii	"W\241\202{\025n\333\237\026>\320o\271\204j\265\237P"
 303      156EDB9F 
 303      163ED06F 
 303      B9846AB5 
 303      9F50
 304 0b18 5CE4AE72 		.ascii	"\\\344\256r\221\273\251d\333l\371\3079v\251\375\265"
 304      91BBA964 
 304      DB6CF9C7 
 304      3976A9FD 
 304      B5
 305 0b29 8ADF398E 		.ascii	"\212\3379\216=\361\215\206X\023\232b\353\010Z'\006|"
 305      3DF18D86 
 305      58139A62 
 305      EB085A27 
 305      067C
 306 0b3b 5363C9D6 		.ascii	"Sc\311\326\221\210\325\331\177O\370q]\343\236}\303\276"
 306      9188D5D9 
 306      7F4FF871 
 306      5DE39E7D 
 306      C3BE
 307 0b4d A73CFD1D 		.ascii	"\247<\375\035\027\206\037\354\247'7\260\014N\374\216"
 307      17861FEC 
 307      A72737B0 
 307      0C4EFC8E 
 308 0b5d FDD58963 		.ascii	"\375\325\211cOq\354{\366\227U\336\225\213\034\275\306"
ARM GAS  /tmp/ccy5evdg.s 			page 24


 308      4F71EC7B 
 308      F69755DE 
 308      958B1CBD 
 308      C6
 309 0b6e FEFAC18B 		.ascii	"\376\372\301\213s\216\337U\262m\366\31078\355\353\366"
 309      738EDF55 
 309      B26DF6C8 
 309      3738EDEB 
 309      F6
 310 0b7f D76CFE7B 		.ascii	"\327l\376{\300i\267\331\325\266n{'JJ\036\271\340[Nt"
 310      C069B7D9 
 310      D5B66E7B 
 310      274A4A1E 
 310      B9E05B4E 
 311 0b94 DB5BDED6 		.ascii	"\333[\336\326W\242EK<\354\276>h\026\336\232\377\257"
 311      57A2454B 
 311      3CECBE3E 
 311      6816DE9A 
 311      FFAF
 312 0ba6 6F10CBC3 		.ascii	"o\020\313\303\231\001\272Q\237\001'\337\3125&\311J:"
 312      9901BA51 
 312      9F0127DF 
 312      CA3526C9 
 312      4A3A
 313 0bb8 D699EFF2 		.ascii	"\326\231\357\362\332\234\371=\333\314\202\355\362\234"
 313      DA9CF93D 
 313      DBCC82ED 
 313      F29C
 314 0bc6 B4679BA3 		.ascii	"\264g\233\243{\266\351\266o\367-\302-N\254H{TV\246\301"
 314      7BB6E9B6 
 314      6FF72DC2 
 314      2D4EAC48 
 314      7B5456A6 
 315 0bdb 1DCC98EB 		.ascii	"\035\314\230\353\277iq\302\335\324pHo>\372NK\313\014"
 315      BF6971C2 
 315      DDD47048 
 315      6F3EFA4E 
 315      4BCB0C
 316 0bee 8F252CF6 		.ascii	"\217%,\366)\367\227\312\301\177\017n\354\307\277\360"
 316      29F797CA 
 316      C17F0F6E 
 316      ECC7BFF0 
 317 0bfe 335FEAFD 		.ascii	"3_\352\375\371\037(\332\354r\371$H\227\311\357\224d"
 317      F91F28DA 
 317      EC72F924 
 317      4897C9EF 
 317      9464
 318 0c10 9B373E43 		.ascii	"\2337>C&\213\330.\231\177\205\347:\351\217?\300\342"
 318      268BD82E 
 318      997F85E7 
 318      3AE98F3F 
 318      C0E2
 319 0c22 DFE00589 		.ascii	"\337\340\005\211 \377\034N\264H\026\354\303\036(\032"
 319      20FF1C4E 
 319      B44816EC 
 319      C31E281A 
 320 0c32 AF423180 		.ascii	"\257B1\200X@\034\236\377i\"\263\177\316\202p\037\313"
ARM GAS  /tmp/ccy5evdg.s 			page 25


 320      58401C9E 
 320      FF6922B3 
 320      7FCE8270 
 320      1FCB
 321 0c44 ABE765D1 		.ascii	"\253\347e\321G\2602\257\346\177=:\000*\177K\2219y\364"
 321      47B032AF 
 321      E67F3D3A 
 321      002A7F4B 
 321      913979F4 
 322 0c58 08224E26 		.ascii	"\010\"N&\000\031\352_\353\374\022\237\3513\257\232G"
 322      0019EA5F 
 322      EBFC129F 
 322      E933AF9A 
 322      47
 323 0c69 8A5CF8F9 		.ascii	"\212\\\370\371M\300\374\374&b6\277p\006r\371\340T\314"
 323      4DC0FCFC 
 323      266236BF 
 323      700672F9 
 323      E054CC
 324 0c7c 82DF4E6E 		.ascii	"\202\337Nn.\330\300'Idrv\372<8(*<\302s\355\3575\233"
 324      2ED8C027 
 324      49647276 
 324      FA3C3828 
 324      2A3CC273 
 325 0c94 3FFD6C85 		.ascii	"?\375l\205\336\323S\365ok\326\350\364\273B\266\207l"
 325      DED353F5 
 325      6F6BD6E8 
 325      F4BB42B6 
 325      876C
 326 0ca6 359A3CFF 		.ascii	"5\232<\377e\215\347\032O\235.<R\267+0T\367UxDT\244\316"
 326      658DE71A 
 326      4F9D2E3C 
 326      52B72B30 
 326      54F75578 
 327 0cbe 18E0BFCE 		.ascii	"\030\340\277\316K\267e\213\267.\300\317\377kO\322b\212"
 327      4BB7658B 
 327      B72EC0CF 
 327      FF6B4FD2 
 327      628A
 328 0cd0 8C328586 		.ascii	"\2142\205\206\356X\023\244raW\246\220\260\220(w\023"
 328      EE5813A4 
 328      726157A6 
 328      90B09028 
 328      7713
 329 0ce2 E9600A89 		.ascii	"\351`\012\211\370/S\360W!\241\341_\356\011\376\235}"
 329      F82F53F0 
 329      5721A1E1 
 329      5FEE09FE 
 329      9D7D
 330 0cf4 F1A0F0DD 		.ascii	"\361\240\360\335\273\303\303$\375\015\006\177\275\377"
 330      BBC3C324 
 330      FD0D067F 
 330      BDFF
 331 0d02 5E5DD0AE 		.ascii	"^]\320\256\240\360\210`\323\327\277\333\275f\227\312"
 331      A0F08860 
 331      D3D7BFDB 
 331      BD6697CA 
ARM GAS  /tmp/ccy5evdg.s 			page 26


 332 0d12 3D6897F1 		.ascii	"=h\227\361\233\310\200\220\335\301\021\276\201a;B\203"
 332      9BC88090 
 332      DDC111BE 
 332      81613B42 
 332      83
 333 0d23 23FCFED1 		.ascii	"#\374\376\321\276TD\224.$,(t\317\216`P\210\374&\022"
 333      BE544494 
 333      2E242C28 
 333      74CF8E60 
 333      5088FC26 
 334 0d38 3A7F14F6 		.ascii	":\177\024\366uH\220OX\340\366\320`6\\g\223iOHX\324:"
 334      7548904F 
 334      58E0F6D0 
 334      60365C67 
 334      93694F48 
 335 0d4f 2F53D43F 		.ascii	"/S\324?\353\366DF\314\367\010\013\376Sh\310v\335\356"
 335      EBF64446 
 335      CCF7080B 
 335      FE5368C8 
 335      76DDEE
 336 0d62 C0A05D21 		.ascii	"\300\240]!a\301:\323\216\340\235\201{B\243LQ\337|\025"
 336      61C13AD3 
 336      8EE09D81 
 336      7B42A34C 
 336      51DF7C15 
 337 0d76 4C9434D6 		.ascii	"L\2244\326n+\355u\203\247\351 \022;\200\003\334\337"
 337      6E2BED75 
 337      83A7E920 
 337      123B8003 
 337      DCDF
 338 0d88 FCAD384A 		.ascii	"\374\2558J\203\226\206K|\204^\213\364z\177\303:a\253"
 338      8396864B 
 338      7C845E8B 
 338      F47A7FC3 
 338      3A61AB
 339 0d9b 41EDEDBF 		.ascii	"A\355\355\277\301\200\275\365\006\365F\357\000\003\326"
 339      C180BDF5 
 339      06F546EF 
 339      0003D6
 340 0daa EB0DD800 		.ascii	"\353\015\330\000\330`0\340mF=\326\177\032\240\326\353"
 340      D86030E0 
 340      6D463DD6 
 340      7F1AA0D6 
 340      EB
 341 0dbb 7D0C94EF 		.ascii	"}\014\224\357E\377zb\237\315\006\301\010=\375|\014j"
 341      45FF7A62 
 341      9FCD06C1 
 341      083DFD7C 
 341      0C6A
 342 0dcd A33FB0F5 		.ascii	"\243?\260\365\006/\200'0\2770\374\353\377v^#\243v\223"
 342      062F8027 
 342      30BF30FC 
 342      EBFF765E 
 342      23A37693 
 343 0de1 A18690F8 		.ascii	"\241\206\220\370\273\314\033\246(u\320\256\300\010\367"
 343      BBCC1BA6 
 343      2875D0AE 
ARM GAS  /tmp/ccy5evdg.s 			page 27


 343      C008F7
 344 0df0 F0C8C050 		.ascii	"\360\310\300P\230\222-\341A\377\271)\"|\267\237\321"
 344      98922DE1 
 344      41FFB929 
 344      227CB79F 
 344      D1
 345 0e01 F0810921 		.ascii	"\360\201\011!\017 d23\344L&\204\316&\327\325\235&J("
 345      0F206432 
 345      33E44C26 
 345      84CE26D7 
 345      D59D264A 
 346 0e16 DC30ED84 		.ascii	"\3340\355\204;\246\220\310\010\247\371[\256&Sdp\224"
 346      3BA690C8 
 346      08A7F95B 
 346      AE265364 
 346      7094
 347 0e28 69E306A3 		.ascii	"i\343\006\243\3176\203\237k`\350\237\002\277\211\204"
 347      CF36839F 
 347      6B60E89F 
 347      02BF8984 
 348 0e38 040B8529 		.ascii	"\004\013\205)\362\376\305|\012\336\033E\302\253\323"
 348      F2FEC57C 
 348      0ADE1B45 
 348      C2ABD3
 349 0e47 FB1BFD8C 		.ascii	"\373\033\375\214:=\244\223\316\317\232\033\273#C\"M"
 349      3A3DA493 
 349      CECF9A1B 
 349      BB234322 
 349      4D
 350 0e58 5F069198 		.ascii	"_\006\221\230/!nm]\230]K\245\361}\026\026\312\271I\375"
 350      2F216E6D 
 350      5D985D4B 
 350      A5F17D16 
 350      16CAB949 
 351 0e6d 5E706B29 		.ascii	"^pk)usO\330\002\337]\270\233\032\375\0376o\010\360\371"
 351      75734FD8 
 351      02DF5DB8 
 351      9B1AFD1F 
 351      366F08F0 
 352 0e82 D4E0E8AD 		.ascii	"\324\340\350\255\377\203~\323f\203\363\266-[\214\033"
 352      FF837ED3 
 352      6683F3B6 
 352      2D5B8C1B 
 353 0e92 FCAC977E 		.ascii	"\374\254\227~^Fr\271\310h\324o68\031|\214>\206\317}"
 353      5E4672B9 
 353      C868D46F 
 353      3638197C 
 353      8C3E86CF 
 354 0ea7 BC7F8BF5 		.ascii	"\274\177\213\365F2\363z\371\326o\2346l\333\350\265e"
 354      4632F37A 
 354      F9D66F9C 
 354      366CDBE8 
 354      B565
 355 0eb9 1B48912B 		.ascii	"\033H\221+Ovem]\357\264\301w\343:\251\325w\236\347\253"
 355      4F76656D 
 355      5DEFB4C1 
 355      77E33AA9 
ARM GAS  /tmp/ccy5evdg.s 			page 28


 355      D5779EE7 
 356 0ece E4AD7324 		.ascii	"\344\255s$*\304\035\242\301\267x9\022\005\332\342+1"
 356      2AC41DA2 
 356      C1B77839 
 356      1205DAE2 
 356      2B31
 357 0ee0 7C17323C 		.ascii	"|\0272<5\244\257\301\030` \027\236\344b\276m\255\206"
 357      35A4AFC1 
 357      18602017 
 357      9EE462BE 
 357      6DAD86
 358 0ef3 F4666DBE 		.ascii	"\364fm\276V\222/#a\275\237AM\006\351\010\343%gAo\320"
 358      56922F23 
 358      61BD9F41 
 358      4D06E908 
 358      E3256741 
 359 0f09 48D1F0FA 		.ascii	"H\321\360\372@Zr3h\014`\251\271i\375\336\275,)w\256"
 359      405A7233 
 359      680C60A9 
 359      B969FDDE 
 359      BD2C2977 
 360 0f1e 5FFFDBBD 		.ascii	"_\377\333\275{IZ\032\364zS\000\274\234\336\301;\035"
 360      7B495A1A 
 360      F47A5300 
 360      BC9CDEC1 
 360      3B1D
 361 0f30 884F9BFE 		.ascii	"\210O\233\376\350\340\347\255\337\352\355C,\257M\177"
 361      E8E0E7AD 
 361      DFEAED43 
 361      2CAF4D7F 
 362 0f40 74F3DEB8 		.ascii	"t\363\336\270\331_\377\231\225\363\337Rp0_"
 362      D95FFF99 
 362      95F3DF52 
 362      70305F
 363              		.text
 364              		.section	.gnu.lto_.symtab.86a10a995e2bccbf,"",%progbits
 365 0000 56656374 		.ascii	"Vector108\000"
 365      6F723130 
 365      3800
 366 000a 00       		.ascii	"\000"
 367 000b 00       		.ascii	"\000"
 368 000c 00       		.ascii	"\000"
 369 000d 00000000 		.ascii	"\000\000\000\000\000\000\000\000"
 369      00000000 
 370 0015 AD000000 		.ascii	"\255\000\000\000"
 371 0019 73745F6C 		.ascii	"st_lld_init\000"
 371      6C645F69 
 371      6E697400 
 372 0025 00       		.ascii	"\000"
 373 0026 00       		.ascii	"\000"
 374 0027 00       		.ascii	"\000"
 375 0028 00000000 		.ascii	"\000\000\000\000\000\000\000\000"
 375      00000000 
 376 0030 AF000000 		.ascii	"\257\000\000\000"
 377 0034 5F706F72 		.ascii	"_port_irq_epilogue\000"
 377      745F6972 
 377      715F6570 
ARM GAS  /tmp/ccy5evdg.s 			page 29


 377      696C6F67 
 377      756500
 378 0047 00       		.ascii	"\000"
 379 0048 02       		.ascii	"\002"
 380 0049 00       		.ascii	"\000"
 381 004a 00000000 		.ascii	"\000\000\000\000\000\000\000\000"
 381      00000000 
 382 0052 B1000000 		.ascii	"\261\000\000\000"
 383 0056 63685379 		.ascii	"chSysTimerHandlerI\000"
 383      7354696D 
 383      65724861 
 383      6E646C65 
 383      724900
 384 0069 00       		.ascii	"\000"
 385 006a 02       		.ascii	"\002"
 386 006b 00       		.ascii	"\000"
 387 006c 00000000 		.ascii	"\000\000\000\000\000\000\000\000"
 387      00000000 
 388 0074 B3000000 		.ascii	"\263\000\000\000"
 389 0078 6E766963 		.ascii	"nvicEnableVector\000"
 389      456E6162 
 389      6C655665 
 389      63746F72 
 389      00
 390 0089 00       		.ascii	"\000"
 391 008a 02       		.ascii	"\002"
 392 008b 00       		.ascii	"\000"
 393 008c 00000000 		.ascii	"\000\000\000\000\000\000\000\000"
 393      00000000 
 394 0094 C0000000 		.ascii	"\300\000\000\000"
 395              		.text
 396              		.section	.gnu.lto_.opts,"",%progbits
 397 0000 272D666D 		.ascii	"'-fmath-errno' '-fsigned-zeros' '-ftrapping-math' '"
 397      6174682D 
 397      6572726E 
 397      6F272027 
 397      2D667369 
 398 0033 2D666E6F 		.ascii	"-fno-trapv' '-fno-strict-overflow' '-fno-openmp' '-"
 398      2D747261 
 398      70762720 
 398      272D666E 
 398      6F2D7374 
 399 0066 666E6F2D 		.ascii	"fno-openacc' '-mcpu=cortex-m4' '-mthumb' '-mfloat-a"
 399      6F70656E 
 399      61636327 
 399      20272D6D 
 399      6370753D 
 400 0099 62693D68 		.ascii	"bi=hard' '-mfpu=fpv4-sp-d16' '-g' '-ggdb' '-Og' '-f"
 400      61726427 
 400      20272D6D 
 400      6670753D 
 400      66707634 
 401 00cc 6F6D6974 		.ascii	"omit-frame-pointer' '-falign-functions=16' '-ffunct"
 401      2D667261 
 401      6D652D70 
 401      6F696E74 
 401      65722720 
ARM GAS  /tmp/ccy5evdg.s 			page 30


 402 00ff 696F6E2D 		.ascii	"ion-sections' '-fdata-sections' '-fno-common' '-flt"
 402      73656374 
 402      696F6E73 
 402      2720272D 
 402      66646174 
 403 0132 6F2700   		.ascii	"o'\000"
 404              		.text
 405              		.comm	__gnu_lto_v1,1,1
 406              		.comm	__gnu_lto_slim,1,1
 407              		.ident	"GCC: (15:5.4.1+svn241155-1) 5.4.1 20160919"
ARM GAS  /tmp/ccy5evdg.s 			page 31


DEFINED SYMBOLS
                            *ABS*:0000000000000000 hal_st_lld.c
                            *COM*:0000000000000001 __gnu_lto_v1
                            *COM*:0000000000000001 __gnu_lto_slim

NO UNDEFINED SYMBOLS
