ARM GAS  /tmp/ccdinl8r.s 			page 1


   1              		.syntax unified
   2              		.cpu cortex-m4
   3              		.eabi_attribute 27, 1
   4              		.eabi_attribute 28, 1
   5              		.fpu fpv4-sp-d16
   6              		.eabi_attribute 20, 1
   7              		.eabi_attribute 21, 1
   8              		.eabi_attribute 23, 3
   9              		.eabi_attribute 24, 1
  10              		.eabi_attribute 25, 1
  11              		.eabi_attribute 26, 1
  12              		.eabi_attribute 30, 1
  13              		.eabi_attribute 34, 1
  14              		.eabi_attribute 18, 4
  15              		.thumb
  16              		.syntax unified
  17              		.file	"hal_pal.c"
  18              		.text
  19              	.Ltext0:
  20              		.section	.gnu.lto_.profile.372e46e70418c938,"",%progbits
  21 0000 789C6361 		.ascii	"x\234ca`d`a`\000\222\0322\000\000\326\000O"
  21      60646061 
  21      6000921A 
  21      320000D6 
  21      004F
  22              		.text
  23              		.section	.gnu.lto_.inline.372e46e70418c938,"",%progbits
  24 0000 789C6361 		.ascii	"x\234ca`d\000\001w\006\004`f`\340\344`d`\342\\\341\306"
  24      60640001 
  24      77060460 
  24      6660E0E4 
  24      606460E2 
  25 0017 C079C38C 		.ascii	"\300y\303\214\011$\306\310\300\307\013\024\022\3361"
  25      0924C6C8 
  25      C0C70B14 
  25      12DE31
  26 0026 85112EC6 		.ascii	"\205\021.\306\304\300-\014\024c\355P\207\013\261\360"
  26      C4C02D0C 
  26      1463ED50 
  26      870BB1F0 
  27 0036 02B54FF0 		.ascii	"\002\265O\360\003A\006\0009\322\011\252"
  27      03410600 
  27      39D209AA 
  28              		.text
  29              		.section	.gnu.lto_.jmpfuncs.372e46e70418c938,"",%progbits
  30 0000 789C6361 		.ascii	"x\234ca`d\000\001\036\006\004`\006b\240(\023\210\015"
  30      60640001 
  30      1E060460 
  30      0662A028 
  30      13880D
  31 0013 00021400 		.ascii	"\000\002\024\000\030"
  31      18
  32              		.text
  33              		.section	.gnu.lto_.pureconst.372e46e70418c938,"",%progbits
  34 0000 789C6361 		.ascii	"x\234ca`d`g```f\220b\224b\222\004\000\001\253\000`"
  34      60646067 
  34      60606066 
ARM GAS  /tmp/ccdinl8r.s 			page 2


  34      90629462 
  34      92040001 
  35              		.text
  36              		.section	.gnu.lto_palReadBus.372e46e70418c938,"",%progbits
  37 0000 789C8D90 		.ascii	"x\234\215\220OHTQ\024\306\317w\317\233\367\336\330("
  37      4F485451 
  37      14C6CF77 
  37      CF9BF7DE 
  37      D828
  38 0012 EE7321B8 		.ascii	"\356s!\2700\021\336c\226\255\335\270\013\014\332\212"
  38      3011DE63 
  38      96ADDDB8 
  38      0B0CDA8A 
  39 0022 4AA02028 		.ascii	"J\240 (\015\255\275\316\233\027\272\211\\X\221\251\264"
  39      0DADBDCE 
  39      9B17BA89 
  39      5C5891A9 
  39      B4
  40 0033 10B3F27F 		.ascii	"\020\263\362\177Y\270\012\203\204 E7\256BQp\321\312"
  40      59B80A83 
  40      84204537 
  40      AE425170 
  40      D1CA
  41 0045 191337E5 		.ascii	"\031\0237\345t\316\233\011\206V^\270\367\234\373\347"
  41      74CE9B09 
  41      86565EB8 
  41      F79CFBE7 
  42 0055 FCCEF75D 		.ascii	"\374\316\367]\207@:\356\031\242@\342M\231`\202y\262"
  42      87403AEE 
  42      19A240E2 
  42      4D996082 
  42      79B2
  43 0067 4334EA1B 		.ascii	"C4\352\033@\023\353\203F\014Fpa\376\030\354\025V^\362"
  43      4013EB83 
  43      460C4670 
  43      61FE18EC 
  43      15565EF2 
  44 007b 2F13CB33 		.ascii	"/\023\3133G\266\305\357/N\032t\0134\313v\312\356\217"
  44      47B6C5EF 
  44      2F4E1A74 
  44      0B34CB76 
  44      CAEE8F
  45 008e 7B6DF3D6 		.ascii	"{m\363\326\346\355\321\334\361\360D\024w\306l\250l\010"
  45      E6EDD1DC 
  45      F1F04414 
  45      77C66CA8 
  45      6C08
  46 00a0 AFD18479 		.ascii	"\257\321\204y4i\213\005\264\311\333x\357\331#\346v\220"
  46      34698B05 
  46      B4C9DB78 
  46      EFD923E6 
  46      7690
  47 00b2 E43F0E8F 		.ascii	"\344?\016\217\026\374\3269\255\263\323\367m:f\306\033"
  47      16FCD639 
  47      ADB3D3F7 
  47      6D3A66C6 
  47      1B
ARM GAS  /tmp/ccdinl8r.s 			page 3


  48 00c3 706D9D1C 		.ascii	"pm\235\034\021\336\242U\237\037\257^M\326\273\005+\243"
  48      11DEA255 
  48      9F1FAF5E 
  48      4DD6BB05 
  48      2BA3
  49 00d5 799C49F9 		.ascii	"y\234I\371\202}\007W\375,w}\266\345rd\355\307\354\343"
  49      827D0757 
  49      FD2C777D 
  49      B6E57264 
  49      EDC7ECE3 
  50 00e9 96B49890 		.ascii	"\226\264\230\220\"\226r\307\221%\225\222\305u5\363t"
  50      229672C7 
  50      91259592 
  50      C57535F3 
  50      74
  51 00fa F149F5D1 		.ascii	"\361I\365\321\231L\365Z4F#\237\"\277Y\374\372\212\225"
  51      994CF55A 
  51      3446239F 
  51      22BF59FC 
  51      FA8A95
  52 010d 19314BCB 		.ascii	"\0311K\313\247\361\326\256\247F9\021|\271\375m,3\213"
  52      A7F1D6AE 
  52      A7463911 
  52      7CB9FD6D 
  52      2C338B
  53 0120 69C4EC45 		.ascii	"i\304\354El\260\250\316\344|\346\371\247\363\206p\321"
  53      6CB0A8CE 
  53      E47CE6F9 
  53      A7F38670 
  53      D1
  54 0131 36C6EC63 		.ascii	"6\306\354c\011\263\270Ri\204e\204t\212\255MT\210N-1"
  54      09B3B852 
  54      69846584 
  54      748AAD4D 
  54      54884E2D 
  55 0146 FD3FB14E 		.ascii	"\375?\261NZb\245J<(\225\276d\204X\220\213\033XM\220"
  55      5A62A54A 
  55      3C2895BE 
  55      64845890 
  55      8B1B584D 
  56 015b 6A136B09 		.ascii	"j\023k\0112\377\017\231\272\236\252\014\326\023D\362"
  56      32FF0F99 
  56      BA9EAA0C 
  56      D61344F2 
  57 016b 63EF1344 		.ascii	"c\357\023DTr+\010\025&\240Z\252w=j=>$TV\352F\205\372"
  57      54722B08 
  57      1526A05A 
  57      AA773D6A 
  57      3D3E2454 
  58 0184 BB4AF513 		.ascii	"\273J\365\023\260G?a\252\007\372#gbB~Zd\334\012\202"
  58      B0473F61 
  58      AA07FA23 
  58      6762427E 
  58      5A64DC0A 
  59 0199 B0A37FA0 		.ascii	"\260\243\177\240w\340\316\335\356\354\355 \033d\303"
  59      77E0CEDD 
  59      EEECED20 
ARM GAS  /tmp/ccdinl8r.s 			page 4


  59      1B64C3
  60 01a8 702817F6 		.ascii	"p(\027\366\367\014\206\271\007}\032\273\207{\006\203"
  60      F70C86B9 
  60      077D1ABB 
  60      877B0683 
  61 01b8 3EE2DE87 		.ascii	">\342\336\207\271\277G\261\304\302"
  61      B9BF47B1 
  61      C4C2
  62              		.text
  63              		.section	.gnu.lto_palWriteBus.372e46e70418c938,"",%progbits
  64 0000 789C8D52 		.ascii	"x\234\215RKk\023Q\024\276\337\275\223\311\244y\264{"
  64      4B6B1351 
  64      14BEDFBD 
  64      93C9A479 
  64      B47B
  65 0012 8B64536A 		.ascii	"\213dSj\0212\006t\341Zp+\350\017(M\025Z((Fq\3311\311"
  65      11320674 
  65      E15A702B 
  65      E80F284D 
  65      155A2828 
  66 002b 54A51B17 		.ascii	"T\245\033\027\332\372h\015(\322F\255M}\266Ua\250hA|"
  66      DAFA680D 
  66      28D246AD 
  66      4D7DB655 
  66      61A86841 
  67 0040 55517121 		.ascii	"UQq!\226\252]\270\260\017\255va\023\317\271\023%f\325"
  67      96AA5DB8 
  67      B00FAD76 
  67      6113CFB9 
  67      132566D5 
  68 0054 81B9F79E 		.ascii	"\201\271\367\236s\317\371\316\367\235{\014\001\301\337"
  68      73CFF9CE 
  68      F79D7B0C 
  68      01C1DF
  69 0063 2925C436 		.ascii	")%\3046\3327\320\017% O>\027\342\250%\001>8\026D\267"
  69      DA37D00F 
  69      25204F3E 
  69      17E2A825 
  69      013E3816 
  70 0079 443756E4 		.ascii	"D7V\344\232\304\324\261\371\011\3312\344\3207\373\350"
  70      9AC4D4B1 
  70      F909D932 
  70      E4D037FB 
  70      E8
  71 008a DB1667D8 		.ascii	"\333\026g\330\203K\351e\251\221\004\206\320BQ3\271\342"
  71      834BE965 
  71      A9910486 
  71      D0425133 
  71      B9E2
  72 009c 80FA215D 		.ascii	"\200\372!]\005\030d.=;\367)\306\246D\234Lw\246\277G"
  72      0518642E 
  72      3D3BF729 
  72      C6A6449C 
  72      4C77A6BF 
  73 00b1 A9CD1074 		.ascii	"\251\315\020t\376\360q\266`5_v\234\214\343\224\367:"
  73      FEF071B6 
  73      60355F76 
ARM GAS  /tmp/ccdinl8r.s 			page 5


  73      9C8CE394 
  73      F73A
  74 00c3 2157295C 		.ascii	"!W)\\\201\"<\024\320\210a4\012r\011\\E3E\017\226.N\207"
  74      81223C14 
  74      D0886134 
  74      0A72095C 
  74      4533450F 
  75 00db 95AD3327 		.ascii	"\225\2553'\362\003\005\263\222\371z\037g\032\270V\233"
  75      F20305B3 
  75      92F97A1F 
  75      671AB856 
  75      9B
  76 00ec 69088CA0 		.ascii	"i\010\214\240\231\303\347\306J\247\243f\216\211\307"
  76      99C3E7C6 
  76      4AA7A366 
  76      8E89C7
  77 00fb 4FFC658C 		.ascii	"O\374e\214\3530\251\007\240\373\367/\213\2751\265UC"
  77      EB30A907 
  77      A0FBF72F 
  77      8BBD31B5 
  77      5543
  78 010d BB6FFA37 		.ascii	"\273o\37276]bdo\3551\316:^.\356\252\000F\377G\327z\213"
  78      365D6264 
  78      6FED31CE 
  78      3A5E2EEE 
  78      AA0046FF 
  79 0125 681ADDED 		.ascii	"h\032\335\3559\345r\326\361V\314\205\325\005\253\036"
  79      39E572D6 
  79      F156CC85 
  79      D505AB1E 
  80 0135 E09A92AA 		.ascii	"\340\232\222\252\233\006\230x\200\217&/AZ\202\026/!"
  80      9B069878 
  80      808F262F 
  80      415A8216 
  80      2F21
  81 0147 36EB7809 		.ascii	"6\353x\011\363\022\321HQ:ZB,\0225\356\374\222\224\274"
  81      F312D148 
  81      513A5A42 
  81      2C1235EE 
  81      FC9294BC 
  82 015b AB79644A 		.ascii	"\253ydJ=?\317\2335*8C+ \032c0\263Jf\025\004\005O\302"
  82      3D3FCF9B 
  82      352A3843 
  82      2B201A63 
  82      30B34A66 
  83 0174 B70394D0 		.ascii	"\267\003\224\320\347N\275\010r\353\225V\366k\372\311"
  83      E74EBD08 
  83      72EB9556 
  83      F66BFAC9 
  84 0184 F1481E83 		.ascii	"\361H\036\203\364h\241,5\354\006\353 \377\2053\343\337"
  84      F468A12C 
  84      35EC06EB 
  84      20FF8533 
  84      E3DF
  85 0196 63F688D3 		.ascii	"c\366\210\323\340\252:\334D\036%\375\240\270\005\233"
  85      E0AA3ADC 
  85      441E25FD 
ARM GAS  /tmp/ccdinl8r.s 			page 6


  85      A0B8059B 
  86 01a6 10B3BF4D 		.ascii	"\020\263\277M\037\321/\022\250.\022\\\037j\030\2675"
  86      1FD12F12 
  86      A82E125C 
  86      1F6A18B7 
  86      35
  87 01b7 2A4F1CEE 		.ascii	"*O\034\356\370\250}\025T\313Gy\265\370t0\314T\203h\300"
  87      F8A87D15 
  87      54CB4779 
  87      B5F87430 
  87      CC548368 
  88 01cc 5D82A090 		.ascii	"]\202\240\220\305JHH\327\266\252\271\324\221Z\237\313"
  88      C54A4848 
  88      D7B6AAB9 
  88      D4915A9F 
  88      CB
  89 01dd BFA8B0F6 		.ascii	"\277\250\260\366\006\331\265ZqEtnX\314A\262\203{F\316"
  89      06D9B55A 
  89      7145746E 
  89      58CC41B2 
  89      837B46CE 
  90 01f1 6A01D1F5 		.ascii	"j\001\321\365\011\210`\\\013\320c3\241\005L\365i\210"
  90      0988605C 
  90      0BD06333 
  90      A1054CF5 
  90      6988
  91 0203 EA2E476B 		.ascii	"\352.Gk\273\034\243\002\230\254\300\275[^~\030!\270"
  91      BB1CA302 
  91      98ACC0BD 
  91      5B5E7E18 
  91      21B8
  92 0215 1C5DD4E3 		.ascii	"\034]\324\343\236\306\243Q\344\253\336\317_\336\006"
  92      9EC6A351 
  92      E4ABDECF 
  92      5FDE06
  93 0224 2A570DB8 		.ascii	"*W\015\270\017\273$\015\256\364\0006\363\375\212\214"
  93      0FBB240D 
  93      AEF40036 
  93      F3FD8A8C 
  94 0234 57DEE93F 		.ascii	"W\336\351?\266\340\011\001O\006q\331\224H\330;::S\235"
  94      B6E00901 
  94      4F0671D9 
  94      9448D83B 
  94      3A3A539D 
  95 0248 BBF6B426 		.ascii	"\273\366\264&\267'\222\211\244m\357O\333\035m]v\372"
  95      B7279289 
  95      A46DEF4F 
  95      DB1D6D5D 
  95      76FA
  96 025a 603BEFAD 		.ascii	"`;\357\255\007\332\272\022\355B\245\016\247\215T\347"
  96      07DABA12 
  96      ED42A50E 
  96      A78D54E7 
  97 026a A1348EFC 		.ascii	"\2414\216\374\001E\020%\247"
  97      01451025 
  97      A7
  98              		.text
ARM GAS  /tmp/ccdinl8r.s 			page 7


  99              		.section	.gnu.lto_palSetBusMode.372e46e70418c938,"",%progbits
 100 0000 789C8D90 		.ascii	"x\234\215\220KHTa\024\307\317\377;w\356\235\311\007"
 100      4B485461 
 100      14C7CFFF 
 100      3B77EE9D 
 100      C907
 101 0012 EE7521B4 		.ascii	"\356u!\264\030%\270\267\213\253\326-Z\032\265i'\276"
 101      1825B8B7 
 101      8BABD62D 
 101      5A1AB569 
 101      27BE
 102 0024 40C1301A 		.ascii	"@\3010\032Z\317\327\214\327l\023\201\364 ,W\203Z\371"
 102      5ACFD78C 
 102      D76C1381 
 102      F4202C57 
 102      835AF9
 103 0037 CA8C2688 		.ascii	"\312\214&\210\0067AQ\341Z$)\220\210\220\031\264\202"
 103      06374151 
 103      E15A2429 
 103      90889019 
 103      B482
 104 0049 40A7733E 		.ascii	"@\247s>kQ+\017|O\316\377w\316\371{\004\3228k\210\272"
 104      6B512B0F 
 104      7C4FCEFF 
 104      77CEF97B 
 104      04D2386B 
 105 005f E46C9505 		.ascii	"\344l\225\005&\230\233\357\211\256\246\015\240\027\233"
 105      26989BEF 
 105      89AEA60D 
 105      A0179B
 106 006e 06E50DF2 		.ascii	"\006\345\015\362\370n\366\015\326\256m\227M\347\214"
 106      F86EF60D 
 106      D6AE6D97 
 106      4DE78C
 107 007d 95D82AFD 		.ascii	"\225\330*\375:ig+H\230\250n\034\2110\203N\311Z\037["
 107      3A69672B 
 107      4898A86E 
 107      1C893083 
 107      4EC95A1F 
 108 0092 9AE23D93 		.ascii	"\232\342=\2230\340\311\263\366\356\336\347f}\032\264"
 108      30E0C9B3 
 108      F6EEDEE7 
 108      667D1AB4 
 109 00a2 CB3359BF 		.ascii	"\3133Y\2773\316|\002$\367\315\217[s\351l\311\332\202"
 109      33CE7C02 
 109      24F7CD8F 
 109      5B73E96C 
 109      C9DA82
 110 00b5 B5938336 		.ascii	"\265\223\2036\2230\343!Xx\230C\033f\321F\362Ex\204\254"
 110      9330E321 
 110      58789843 
 110      1B66D146 
 110      F2457884 
 111 00ca 64EFAE94 		.ascii	"d\357\256\224&\0338r\312\2677^^\370#|\345\204\036\036"
 111      261B3872 
 111      CAB7375E 
 111      5EF8237C 
ARM GAS  /tmp/ccdinl8r.s 			page 8


 111      E5841E1E 
 112 00de FF2FF408 		.ascii	"\377/\364\010\363\310j\366\247\345\203[M\376\230\366"
 112      F3C86AF6 
 112      A7E5835B 
 112      4DFE98F6 
 113 00ee DD7EFD6F 		.ascii	"\335~\375o\303X\200\257\026,\236\253\330z\275h\355F"
 113      C35880AF 
 113      162C9EAB 
 113      D87ABD68 
 113      ED46
 114 0100 BC733C23 		.ascii	"\274s<#sK5\026y\312\223\315O\311\026\370z\013\340pT"
 114      734B3516 
 114      79CA93CD 
 114      4FC916F8 
 114      7A0BE070 
 115 0115 15B15A53 		.ascii	"\025\261ZS3FO\336F\341E\355G\254\270\"\263T\273\235"
 115      33464FDE 
 115      46E145ED 
 115      47ACB822 
 115      B354BB9D 
 116 0129 AC7D0874 		.ascii	"\254}\010t`v\255\376|\375f\242q\032\367\305\252tQLX"
 116      6076ADFE 
 116      7CFD66A2 
 116      711AF7C5 
 116      AA74514C 
 117 013e 94E6F4FF 		.ascii	"\224\346\364\377\301\335\347\273\315\321\274mI8\203"
 117      C1DDE7BB 
 117      CDD1BC6D 
 117      493883
 118 014d 254CE3C0 		.ascii	"%L\343\300\331\210eD\244L\034\022\275\243!\216\341\211"
 118      D9886544 
 118      A44C1C12 
 118      BDA3218E 
 118      E189
 119 015f 43E84458 		.ascii	"C\350DX\371\027\221:\032\242\001O\035\302\231\263\352"
 119      F917913A 
 119      1AA2014F 
 119      1DC299B3 
 119      EA
 120 0170 10C5AA7F 		.ascii	"\020\305\252\177\210\320F\004D_\340>TY.\177\333\010"
 120      88D04604 
 120      445FE03E 
 120      54592E7F 
 120      DB08
 121 0182 F2FB76C2 		.ascii	"\362\373v\302\252\270\261\256\245\361\014y\022\027\234"
 121      AAB8B1AE 
 121      A5F10C79 
 121      12179C
 122 0191 2048B889 		.ascii	" H\270\211\276\242P\331<\3434\032U\311\022\323\244D"
 122      BEA250D9 
 122      3CE3341A 
 122      55C912D3 
 122      A444
 123 01a3 471846A7 		.ascii	"G\030F\247\207\206\373\206\273\317\367\304\247\3028"
 123      8786FB86 
 123      BBCFF7C4 
 123      A7C238
ARM GAS  /tmp/ccdinl8r.s 			page 9


 124 01b2 8CA36834 		.ascii	"\214\243h4\027\015\365\216D\271\313\375z\366\\\352\035"
 124      170DF58E 
 124      44B9CBFD 
 124      7AF65CEA 
 124      1D
 125 01c3 09FB89FB 		.ascii	"\011\373\211\373\256\344\274\213\243\003\203\277\001"
 125      AEE4BC8B 
 125      A30383BF 
 125      01
 126 01d0 E88DC811 		.ascii	"\350\215\310\021"
 127              		.text
 128              		.section	.gnu.lto_.symbol_nodes.372e46e70418c938,"",%progbits
 129 0000 789C6361 		.ascii	"x\234ca`d\010d\000\002\246\023L\365\014\014\023\316"
 129      60640864 
 129      0002A613 
 129      4CF50C0C 
 129      13CE
 130 0012 313000A9 		.ascii	"10\000\251U\015\212@\221\223L\365\214\250\"\247\230"
 130      550D8A40 
 130      91934CF5 
 130      8CA822A7 
 130      98
 131 0023 EA995044 		.ascii	"\352\231PD\030\3172\3253\203E\030\030\032\032\024\030"
 131      18CF32D5 
 131      33834518 
 131      181A1A14 
 131      18
 132 0034 18989998 		.ascii	"\030\230\231\230\031\226<\374\307\310\000\000G\323\024"
 132      19963CFC 
 132      C7C80000 
 132      47D314
 133 0043 12       		.ascii	"\022"
 134              		.text
 135              		.section	.gnu.lto_.refs.372e46e70418c938,"",%progbits
 136 0000 789C6361 		.ascii	"x\234ca`\004B \000\000\0009\000\007"
 136      60044220 
 136      00000039 
 136      0007
 137              		.text
 138              		.section	.gnu.lto_.decls.372e46e70418c938,"",%progbits
 139 0000 789C9D58 		.ascii	"x\234\235XkP\024\331\025\356\333w\006\307a\006\015\352"
 139      6B5014D9 
 139      15EEDB77 
 139      06C76106 
 139      0DEA
 140 0012 C6CAE2C6 		.ascii	"\306\312\342\306\262P\371\2210A\2666\233\252TbV\320"
 140      B250F991 
 140      3041B636 
 140      9BAA5462 
 140      56D0
 141 0024 75A3190B 		.ascii	"u\243\031\013\335\335JU\222\011\002\256TP,fHj\177\245"
 141      DDDD4A55 
 141      920902AE 
 141      54502C66 
 141      486A7FA5 
 142 0038 7908C2AA 		.ascii	"y\010\302\2520\200\200\270(\017EA\004DPYTf}\000\212"
 142      308080B8 
ARM GAS  /tmp/ccdinl8r.s 			page 10


 142      280F4541 
 142      04445059 
 142      54667D00 
 143 004d 288B2222 		.ascii	"(\213\"\"* \370~\361Ry8\222s\357\355\231n\306\0317I"
 143      2A20F87E 
 143      F1527938 
 143      9273EFED 
 143      996EC619 
 144 0063 EBA5FBDC 		.ascii	"\353\245\373\334>\217\357|\347\334\276\335\243\340\020"
 144      3E8FEF7C 
 144      E7DCBEDD 
 144      A3E010
 145 0072 478EE419 		.ascii	"G\216\344\031\034\027\307s\\\006\210\023p(`\356\013"
 145      1C17C773 
 145      5C068813 
 145      702860EE 
 145      0B
 146 0083 4E3A88AC 		.ascii	"N:\210\254\202{Z\030\263`\274\217\270\267\016r\337\003"
 146      827B5A18 
 146      B360BC8F 
 146      B8B70E72 
 146      DF03
 147 0095 CE9E3066 		.ascii	"\316\2360f\3028\016C\011s\375p^\010CO\374\200\354\005"
 147      C2380E43 
 147      0973FD70 
 147      5E08434F 
 147      FC80EC05 
 148 00a9 630E8CE7 		.ascii	"c\016\214\347 \237\200\361\001\\\377\034\261\030o`\364"
 148      209F80F1 
 148      015CFF1C 
 148      B1186F60 
 148      F4
 149 00ba 106720BF 		.ascii	"\020g \277f'\352\227\234}\035b\022,?\021q\332b\222x"
 149      6627EA97 
 149      9C7D1D62 
 149      122C3F11 
 149      71DA6292 
 150 00cf 246E952C 		.ascii	"$n\225,f\277\030\227\304\370\300!\3765\021\203\222c"
 150      66BF1897 
 150      C4F8C021 
 150      FE351183 
 150      9263
 151 00e1 F1482082 		.ascii	"\361H \202\241\027F\233\030_+\306\367w\210?K\314\327"
 151      A117469B 
 151      185F2BC6 
 151      F777883F 
 151      4BCCD7
 152 00f4 31FE7417 		.ascii	"1\376t\0279\333\342\177\010\343g0\260\230\257-.\317"
 152      39DBE27F 
 152      08E36730 
 152      B098AF2D 
 152      2ECF
 153 0106 49DC9250 		.ascii	"I\334\222P\277u\210g\345QIk\351Vm'\352@\210Ch:B\242"
 153      BF758867 
 153      E551496B 
 153      E9566D27 
 153      EA408843 
ARM GAS  /tmp/ccdinl8r.s 			page 11


 154 011e 26B147EC 		.ascii	"&\261G\354J\234BL\340E\327\242\226\335!\242\377\340"
 154      4A9C424C 
 154      E045D7A2 
 154      96DD21A2 
 154      FFE0
 155 0130 3F4FF591 		.ascii	"?O\365\221\354\306$=\332\013\364\220\246\220\375\260"
 155      ECC6243D 
 155      DA0BF490 
 155      A690FDB0 
 156 0140 69A2C94E 		.ascii	"i\242\311N\211WI\004\231\227\014d\376D\364b|$\017K]"
 156      89574904 
 156      99970C64 
 156      FE44F462 
 156      7C240F4B 
 157 0155 635BD23D 		.ascii	"c[\322=\255'\254*\014>\341\272k\364\300R\337R\001\216"
 157      AD27AC2A 
 157      0C3EE1BA 
 157      6BF4C052 
 157      DF52018E 
 158 0169 5441E0E7 		.ascii	"TA\340\347H\314\374\020_\361-\036\346\221\247\032)@"
 158      48CCFC10 
 158      5FF12D1E 
 158      E691A71A 
 158      2940
 159 017b 1C68CEE9 		.ascii	"\034h\316\351\365\000q\246\032\315\0051\247v\370\202"
 159      F50071A6 
 159      1ACD0531 
 159      A776F882 
 160 018b 92DD5581 		.ascii	"\222\335U\2018QT\221\244\302\357Q\217\267\032\213\017"
 160      38515491 
 160      A4C2EF51 
 160      8FB71A8B 
 160      0F
 161 019c 12C3856A 		.ascii	"\022\303\205jDpM\203\251\362'5\243Z6E4ZS\006\367N\301"
 161      44704D83 
 161      A9F22735 
 161      A35A3645 
 161      345A5306 
 162 01b3 EF936BFE 		.ascii	"\357\223k\376\240\371q\353T\344\243.\"\020\272s\367"
 162      A0F971EB 
 162      54E4A32E 
 162      2210BA73 
 162      F7
 163 01c4 696A0461 		.ascii	"ij\004a:\252DjT\2010*F\276\004\375B5\374\335\"\010\261"
 163      3AAA446A 
 163      5481302A 
 163      46BE04FD 
 163      4235FCDD 
 164 01db 426A9CE0 		.ascii	"Bj\234\340\371)\207\016\"/T\202\2748t\030\371\020\257"
 164      F929870E 
 164      222F5482 
 164      BC387418 
 164      F910AF
 165 01ee 440F95C3 		.ascii	"D\017\225\303d\031LB\204\342\275\346\0027\274\206F("
 165      64194C42 
 165      84E2BDE6 
 165      0237BC86 
ARM GAS  /tmp/ccdinl8r.s 			page 12


 165      4628
 166 0200 29BB5C3F 		.ascii	")\273\\?\005\251}\234\332W;\261gP\306\023>,%P\252\000"
 166      05A97D9C 
 166      DA573BB1 
 166      6750C613 
 166      3E2C2550 
 167 0216 CA11090A 		.ascii	"\312\021\011\012 c\374\304\237}i\326b\001\321\030\255"
 167      2063FCC4 
 167      9F7D69D6 
 167      6201D118 
 167      AD
 168 0227 49F7F315 		.ascii	"I\367\363\025\366,j\223\003\0137\003\233\3508\330\036"
 168      F62C6A93 
 168      030B3703 
 168      9BE838D8 
 168      1E
 169 0238 956CAB90 		.ascii	"\225l\253\220\313<\2169\317\243m`0\323\0037\323 \366"
 169      CB3C8E39 
 169      CFA36D60 
 169      30D30337 
 169      D320F6
 170 024b 1278B212 		.ascii	"\022x\262\022TLdtk\361Uv\257\247\245Z\230\252\006\327"
 170      544C6474 
 170      6BF15576 
 170      AFA7A55A 
 170      98AA06D7 
 171 025f 71FF558A 		.ascii	"q\377U\212`\361,\376n\267;\3636\033\304;\261U\215Z\334"
 171      60F12CFE 
 171      6EB73BF3 
 171      361BC43B 
 171      B1558D5A 
 172 0274 C1BC6DCB 		.ascii	"\301\274m\3138}Z\201\273\230P\270\323\234\250\304}L"
 172      387D5A81 
 172      BB9850B8 
 172      D39CA8C4 
 172      7D4C
 173 0286 284E4BAD 		.ascii	"(NK\255P\343{Lh\355\277\230\353\316zb:\210\347&^Y\246"
 173      50E37B4C 
 173      68EDBF98 
 173      EBCE7A62 
 173      3A88E726 
 174 029d 318F3C88 		.ascii	"1\217<\210\331%\355cS\361\003\246\272ol\274\2374\305"
 174      D925ED63 
 174      53F103A6 
 174      BA6F6CBC 
 174      9F34C5
 175 02b0 02D21458 		.ascii	"\002\322\024X\326\022\013XK\3245\235/\322\340g\"\233"
 175      D6120B58 
 175      4BD4359D 
 175      2FD2E067 
 175      229B
 176 02c2 A7B3ADEE 		.ascii	"\247\263\255\356\266\212AFj\037\016\235\006\344gH:\347"
 176      B68A4146 
 176      6A1F0E9D 
 176      06E46748 
 176      3AE7
 177 02d4 219D0562 		.ascii	"!\235\005b:\3650y\316^\261\334\247\237\305\011P\220"
ARM GAS  /tmp/ccdinl8r.s 			page 13


 177      3AF53079 
 177      CE5EB1DC 
 177      A79FC509 
 177      5090
 178 02e6 4660BD41 		.ascii	"F`\275Ab}\201X\260S\346\316{j<\312B\354\355\025j\025"
 178      627D8158 
 178      B053E6CE 
 178      7B6A3CCA 
 178      42ECED15 
 179 02fc AE425C74 		.ascii	"\256B\\t\031b<a\001m\212&\010qA\012\321hk\212\330\221"
 179      19623C61 
 179      016D8A26 
 179      0871410A 
 179      D1686B8A 
 180 0312 82132A1C 		.ascii	"\202\023*\034K\227\226\342\376Hr\274\012y\317\360\366"
 180      4B9796E2 
 180      FE4872BC 
 180      0A79CFF0 
 180      F6
 181 0323 292051BA 		.ascii	") Q\272s[\377fNL\020Z\376N\315\317\202\371e4C\212\252"
 181      735BFF66 
 181      4E4C105A 
 181      FE4ECDCF 
 181      82F96534 
 182 033a F3E22806 		.ascii	"\363\342(\006\360d\246\353\321\002\311\360R!9\252\016"
 182      F064A6EB 
 182      D102C9F0 
 182      522139AA 
 182      0E
 183 034b 11D10F80 		.ascii	"\021\321\017\200\257\005y\243K\310\233\256V\352\336"
 183      AF0579A3 
 183      4BC89BAE 
 183      56EADE
 184 035a 3292A0B1 		.ascii	"2\222\240\261\371nv\352\333\217\270\246yX^\325\363\202"
 184      F96E76EA 
 184      DB8FB8A6 
 184      79585ED5 
 184      F382
 185 036c A0223A9C 		.ascii	"\240\":\234\230\003[\365\212m\331\023/\264\310{\246"
 185      98035BF5 
 185      8A6DD913 
 185      2FB4C87B 
 185      A6
 186 037d 8F770155 		.ascii	"\217w\001U\264\326\343\030\301\022\313\334}\017n\257"
 186      B4D6E318 
 186      C112CBDC 
 186      7D0F6EAF 
 187 038d A099526B 		.ascii	"\240\231RkIn\323(bB\277B\216\230h\023\304W\001q\033"
 187      496ED328 
 187      6242BF42 
 187      8E986813 
 187      C4570171 
 188 03a2 206E1511 		.ascii	" n\025\0213\024C\011\036\004\005(\311Q\260l^\324{\355"
 188      33144309 
 188      1E040528 
 188      C951B06C 
 188      5ED47BED 
ARM GAS  /tmp/ccdinl8r.s 			page 14


 189 03b6 142CF198 		.ascii	"\024,\361\230\256?\213\353\300@z\302\226\254\363x& "
 189      AE3F8BEB 
 189      C0407AC2 
 189      96ACF378 
 189      2620
 190 03c8 88718D80 		.ascii	"\210q\215\200\233\024^\326\273\236\254w\343\317\264"
 190      9B145ED6 
 190      BB9EAC77 
 190      E3CFB4
 191 03d7 556BF039 		.ascii	"Uk\3609\366L\274\333T\036\253\302\347\231\260\273\271"
 191      F64CBCDB 
 191      541EABC2 
 191      E799B0BB 
 191      B9
 192 03e8 AC49899B 		.ascii	"\254I\211\233\231P{\260\254\225\307W\230PZ\323\377\015"
 192      99507BB0 
 192      AC95C757 
 192      98505AD3 
 192      FF0D
 193 03fa C29D4C18 		.ascii	"\302\235L\030H,7\341;\354z\327\320\255\207S\231o\037"
 193      482C37E1 
 193      3BEC7AD7 
 193      D0AD8753 
 193      996F1F
 194 040d 10535AF6 		.ascii	"\020SZ\366t\252\3302\261\220\2051\222\337\227\306\343"
 194      74AAD832 
 194      B1908531 
 194      92DF97C6 
 194      E3
 195 041e 075457B3 		.ascii	"\007TW\263'~\264r\032\362\366\2066!\207\2177\020\037"
 195      277EB472 
 195      1AF2F686 
 195      3621878F 
 195      37101F
 196 0431 1F27586E 		.ascii	"\037'Xn\327k\204\324`t\002\262\357\200\354\373\200~"
 196      D76B84D4 
 196      607402B2 
 196      EF80ECFB 
 196      807E
 197 0443 7BF6EDC8 		.ascii	"{\366\355\310\236>SNk\260+\327:*\1777I\031\2129Q\317"
 197      9E3E534E 
 197      6BB02BD7 
 197      3A2A7F37 
 197      49198A39 
 198 0459 3366AF01 		.ascii	"3f\257\0015u\216\352'%u\263\270+PF\273@\3416\275\327"
 198      35758EEA 
 198      272575B3 
 198      B82B5046 
 198      BB40E136 
 199 046f 2776E123 		.ascii	"'v\341#\250\351c \365!\214\3730\356\301\350\201\361"
 199      A8E96320 
 199      F5218CFB 
 199      30EEC1E8 
 199      81F1
 200 0481 00462F8C 		.ascii	"\000F/\214\2730\356\300xb\357R\002\325\334 \326\225"
 200      BB30EEC0 
 200      7862EF52 
ARM GAS  /tmp/ccdinl8r.s 			page 15


 200      02D5DC20 
 200      D695
 201 0493 803DE53C 		.ascii	"\200=\345<\372A$\245vS\342\341\206\243v\351[\3327$\355"
 201      FA4124A5 
 201      7653E2E1 
 201      86A376E9 
 201      5BDA3724 
 202 04a8 4EE7DA32 		.ascii	"N\347\3322\326\372%\345\353\316)\226\273\276.i\337t"
 202      D6FA25E5 
 202      EBCE2996 
 202      BBBE2E69 
 202      DF74
 203 04ba D4D649CA 		.ascii	"\324\326I\312\254\263\257\2002tv\337\344\365\305\034"
 203      ACB3AF80 
 203      327476DF 
 203      E4F5C51C 
 204 04ca B5D7CB18 		.ascii	"\265\327\313\030\270\345\324\225\014d\206T\332n\347"
 204      B8E5D495 
 204      0C648654 
 204      DA6EE7
 205 04d9 A56571A1 		.ascii	"\245eq\241\257,\315#UJ\374\224\366\025\377(aw#F>3\030"
 205      AF2CCD23 
 205      554AFC94 
 205      F615FF28 
 205      61772346 
 206 04f0 9EAC0644 		.ascii	"\236\254\006D\360<\007\353\247\322c\213\300sQf\364\014"
 206      F03C07EB 
 206      A7D2638B 
 206      C0735166 
 206      F40C
 207 0502 AAFBFF56 		.ascii	"\252\373\377V\232<\357G\205\"\265&\331\276\325\321\320"
 207      9A3CEF47 
 207      8522B526 
 207      D9BED5D1 
 207      D0
 208 0513 D2AAEC47 		.ascii	"\322\252\354G\032\021\004\350\036K\312\276\257\305c"
 208      1A1104E8 
 208      1E4BCABE 
 208      AFC563
 209 0522 0C774EFF 		.ascii	"\014wN\377\376j\300\255\021w\322\013\177\211K$;\351"
 209      FE6AC0AD 
 209      1177D20B 
 209      7F894B24 
 209      3BE9
 210 0534 10180C48 		.ascii	"\020\030\014H\310\301\036N.\334\243A\300;)\302\370\203"
 210      C8C11E4E 
 210      2EDCA341 
 210      C03B29C2 
 210      F883
 211 0546 8C0EC416 		.ascii	"\214\016\304\026\244\206<\245k;\314\323\330\202\354"
 211      A4863CA5 
 211      6B3BCCD3 
 211      D882EC
 212 0555 26B787D3 		.ascii	"&\267\207\323oty\340\315x\322\353\213\376\355\327\027"
 212      6F7479E0 
 212      CD78D2EB 
 212      8BFEEDD7 
ARM GAS  /tmp/ccdinl8r.s 			page 16


 212      17
 213 0566 3DDBAB9E 		.ascii	"=\333\253\236\264\\\276\202\360V\314x>Y\325\254t\365"
 213      B45CBE82 
 213      F056CC78 
 213      3E59D5AC 
 213      74F5
 214 0578 76310E40 		.ascii	"v1\016@\364\342F2\002\223\257\354\033\311P\316Gud#\031"
 214      F4E24632 
 214      0293AFEC 
 214      1BC950CE 
 214      47756423 
 215 058d 83BA8E4A 		.ascii	"\203\272\216Jy\351\331>\242\274\232\224}SA\267\016o"
 215      79E9D93E 
 215      A2BC9A94 
 215      7D5341B7 
 215      0E6F
 216 059f B6777475 		.ascii	"\266wtu\006\244\357O \235@\336)\016\201\205\325E\003"
 216      06A4EF4F 
 216      209D40DE 
 216      290E8185 
 216      D54503
 217 05b2 4E2AE70B 		.ascii	"N*\347\013P\030\246\214[\305ZN\000\2447P\253\3270\004"
 217      5018A68C 
 217      5BC55A4E 
 217      00A43750 
 217      ABD73004 
 218 05c6 5EBE7FBC 		.ascii	"^\276\177\274l\242\235F\230\256q\352_\266\177t5\321"
 218      6CA29D46 
 218      98AE71EA 
 218      5FB67F74 
 218      35D1
 219 05d8 FEB63AF6 		.ascii	"\376\266:\3667\361\263\353\222\330\337$\267\227\216"
 219      37F1B3EB 
 219      92D8DF24 
 219      B7978E
 220 05e7 9E64AB10 		.ascii	"\236d\253\020\250\034-\036\032\306\270\217Q\031_\321"
 220      A81C2D1E 
 220      1AC6B88F 
 220      51195FD1 
 221 05f7 3222B56C 		.ascii	"2\"\265l\356%\332\262q\374\014\024\303\333\011\262\276"
 221      EE25DAB2 
 221      71FC0C14 
 221      C3DB09B2 
 221      BE
 222 0608 DDB2B61C 		.ascii	"\335\262\266\034Q,\357\363\3164!\336\375\243\343'\334"
 222      512CEFF3 
 222      CE3421DE 
 222      FDA3E327 
 222      DC
 223 0619 6788E616 		.ascii	"g\210\346\026\227\346\2343\333\254\372\366{\274\274"
 223      97E69C33 
 223      DBACFAF6 
 223      7BBCBC
 224 0628 A5E37979 		.ascii	"\245\343yyKo\3465\242b\375\213\253\347\264\012\236\315"
 224      4B6FE635 
 224      A262FD8B 
 224      ABE7B40A 
ARM GAS  /tmp/ccdinl8r.s 			page 17


 224      9ECD
 225 063a A1B50AFA 		.ascii	"\241\265\012\372\232m\031\316A\2633\305]r\256\202\226"
 225      9A6D19CE 
 225      41B333C5 
 225      5D72AE82 
 225      96
 226 064b 51324EE4 		.ascii	"Q2N\344g\303\337\004^\301<\230\317\354\366\236\227'"
 226      67C3DF04 
 226      5EC13C98 
 226      CFECF69E 
 226      9727
 227 065d E45508DD 		.ascii	"\344U\010\335\325]\001=\205P\370\030AXL\365\320\001"
 227      D55D013D 
 227      8550F818 
 227      41584CF5 
 227      D001
 228 066f A95DE092 		.ascii	"\251]\340\222\234\366\303\303\216C[\370y`\272?;\256"
 228      9CF6C3C3 
 228      8E435BF8 
 228      7960BA3F 
 228      3BAE
 229 0681 C91DA72B 		.ascii	"\311\035\247+h\247v\234N\275\345A\221\220p\014IQ\266"
 229      68A7769C 
 229      4EBDE541 
 229      9190700C 
 229      4951B6
 230 0694 A5C0C38E 		.ascii	"\245\300\303\216.\231\247\223\346}q\015\0329\274/\336"
 230      2E99A793 
 230      E67D710D 
 230      1A39BC2F 
 230      DE
 231 06a5 93A1DB4A 		.ascii	"\223\241\333J\321}cCg\031\034oT1x\226\027\011\230\024"
 231      D17D6343 
 231      67191C6F 
 231      54317896 
 231      17099814 
 232 06b9 5B206B14 		.ascii	"[ k\024\324P\222T*\270\224\300m\243\340\254\267{\007"
 232      D4509254 
 232      2AB894C0 
 232      6DA3E0AC 
 232      B77B07
 233 06cc 79BC8781 		.ascii	"y\274\207\201+i.~\255\300\207\250\300\227\236\337\223"
 233      2B692E7E 
 233      ADC087A8 
 233      C0979EDF 
 233      93
 234 06dd EFEE6A19 		.ascii	"\357\356j\031\231yW/\351\265\027\226\2617\355T^\215"
 234      9979572F 
 234      E9B51796 
 234      B137ED54 
 234      5E8D
 235 06ef 52788737 		.ascii	"Rx\2077m\010\222W}\367\261\206fK4\030\003\227\255\225"
 235      6D089257 
 235      7DF7B186 
 235      664B3418 
 235      0397AD95 
 236 0703 E7547606 		.ascii	"\347Tv\006\322\030\003\337\247\364\325c\227\014dP\006"
ARM GAS  /tmp/ccdinl8r.s 			page 18


 236      D21803DF 
 236      A7F4D563 
 236      970C6450 
 236      06
 237 0714 D26D0C34 		.ascii	"\322m\0144\265t\275q\267\027\310\324S)\010I`\250 zh"
 237      B574BD71 
 237      B717C8D4 
 237      53290849 
 237      60A8207A 
 238 0729 BB0463BB 		.ascii	"\273\004c\273\234\202\035\224\202\247\373\342\322\247"
 238      9C821D94 
 238      82A7FBE2 
 238      D2A7
 239 0737 E1A38C02 		.ascii	"\341\243\214\002g\350*.&\362\366\222e1p\327R\332\346"
 239      67E82A2E 
 239      26F2F692 
 239      653170D7 
 239      52DAE6
 240 074a D039B238 		.ascii	"\3209\2628\263\331\334\331\327\271\215S\\\002\316\241"
 240      B3D9DCD9 
 240      D7B98D53 
 240      5C02CEA1 
 241 075a 8077DA00 		.ascii	"\200w\332\000\027$\014\364h\000p7\345,:\2610\301\222"
 241      17240CF4 
 241      68007037 
 241      E52C3AB1 
 241      30C192
 242 076d 8AA816CA 		.ascii	"\212\250\026\312\224\340f\362\354\023\021\355\242P\217"
 242      94E066F2 
 242      EC1311ED 
 242      A2508F
 243 077c D51D4D43 		.ascii	"\325\035MC\266\206O}\3073\034}\313\223\307jfY\326O]"
 243      B6864F7D 
 243      C7331C7D 
 243      CB93C76A 
 243      6659D64F 
 244 0791 A93B3C93 		.ascii	"\251;<\223Q.\2658\332\371\374\016Vo\261\233\374\310"
 244      512EB538 
 244      DAF9FC0E 
 244      566FB19B 
 244      FCC8
 245 07a3 A313EDE6 		.ascii	"\243\023\355\346\325`\365\272/\261y\212s+g\237Qh\017"
 245      D560F5BA 
 245      2FB1798A 
 245      732B679F 
 245      51680F
 246 07b6 B5BA3A90 		.ascii	"\265\272:\220<\013_d\274\267w\304\327\210\373\201;I"
 246      3C0B5F64 
 246      BCB777C4 
 246      D788FB81 
 246      3B49
 247 07c8 B46747DD 		.ascii	"\264gG\335T\266\037\\"
 247      54B61F5C 
 248 07d0 27B7F39B 		.ascii	"'\267\363\233\2072\325\370\006\323\265\366\267X5L\227"
 248      8732D5F8 
 248      06D3B5F6 
 248      B758354C 
ARM GAS  /tmp/ccdinl8r.s 			page 19


 248      97
 249 07e1 B8496BBB 		.ascii	"\270Ik\273\324\254&\301\005\361)\340)_\307\373x\350"
 249      D4AC26C1 
 249      05F129E0 
 249      295FC7FB 
 249      78E8
 250 07f3 3B785AA2 		.ascii	";xZ\242\275<\373~\03399\246\301\275\324\223\342HlW\276"
 250      BD3CFB7E 
 250      1B3939A6 
 250      C1BDD493 
 250      E2486C57 
 251 0808 07F2F142 		.ascii	"\007\362\361B\240\216\330\247\"\371\346\346P\011\024"
 251      A08ED8A7 
 251      22F9E6E6 
 251      500914
 252 0817 BF48E41E 		.ascii	"\277H\344\036\216\034\001\334\367\377\233L\303\265\212"
 252      8E1C01DC 
 252      F7FF9B4C 
 252      C3B58A
 253 0826 9E69B6FD 		.ascii	"\236i\266\375\005\202\333l\016\371{\241_AZ\373aU\224"
 253      0582DB6C 
 253      0EF97BA1 
 253      5F415AFB 
 253      615594
 254 0839 D078C5BC 		.ascii	"\320x\305\274\027:\300\002f\345\265\017)=SE\337\213"
 254      173AC002 
 254      66E5B50F 
 254      293D5345 
 254      DF8B
 255 084b 11F55D00 		.ascii	"\021\365]\000\367\363y\272E\360\2366\224D\373F\303\305"
 255      F7F379BA 
 255      45F09E36 
 255      9444FB46 
 255      C3C5
 256 085d 7837B5E8 		.ascii	"x7\265\350;\365\307|\3578y\374\257r\327\245\357r]\371"
 256      3BF5C77C 
 256      EF3879FC 
 256      AF72D7A5 
 256      EF725DF9 
 257 0871 BC612B9E 		.ascii	"\274a+\236_(\264\344\221%\022x8\326\"\304-F\207xOT\010"
 257      5F28B4E4 
 257      91251278 
 257      38D622C4 
 257      2D468778 
 258 0888 0D07CF2A 		.ascii	"\015\007\317*\231i\036\314\254\001\036\312\370\371\344"
 258      99691ECC 
 258      AC011ECA 
 258      F8F9E4
 259 0897 A78557A7 		.ascii	"\247\205W\247\3060~ \256\220\261\366\272\251.\351\256"
 259      C6307E20 
 259      AE90B1F6 
 259      BAA92EE9 
 259      AE
 260 08a8 B0D19DCF 		.ascii	"\260\321\235\317\020>\215\253\310\231\346\230\275\264"
 260      103E8DAB 
 260      C899E698 
 260      BDB4
ARM GAS  /tmp/ccdinl8r.s 			page 20


 261 08b6 071EA610 		.ascii	"\007\036\246\020+l\020o\325\324\324{8&\344R\373\364"
 261      2B6C106F 
 261      D5D4D47B 
 261      3826E452 
 261      FBF4
 262 08c8 768BD58D 		.ascii	"v\213\325\215%d\031Y\272\245\002\012S)f\003\0177\231"
 262      25641959 
 262      BAA5020A 
 262      53296603 
 262      0F3799
 263 08db 5DB998CD 		.ascii	"]\271\230\315\021\232\315\231#\317\207\221|\327 kN\312"
 263      119ACD99 
 263      23CF8791 
 263      7CD7206B 
 263      4ECA
 264 08ed A08AED1A 		.ascii	"\240\212\355\032\344L>\034\006G\313T\370\245\330x7c"
 264      E44C3E1C 
 264      0647CB54 
 264      F8A5D878 
 264      3763
 265 08ff DEF0ACF1 		.ascii	"\336\360\254\361<\310O,\017;\012\305&\355\247\237\345"
 265      3CC84F2C 
 265      0F3B0AC5 
 265      26EDA79F 
 265      E5
 266 0910 8F6ACE88 		.ascii	"\217j\316\210\277\300h\311\307HoC\272\326%Q56\242\216"
 266      BFC068C9 
 266      C7486F43 
 266      BAD62551 
 266      3536A28E 
 267 0924 33A2F2CA 		.ascii	"3\242\362\312\353b\265\216D\035\203\202\034\245\005"
 267      EB62B58E 
 267      441D8382 
 267      1CA505
 268 0933 F98EA65E 		.ascii	"\371\216\246^cK=f_J\362[D\271\324\276v\301zA!\022um"
 268      634B3D66 
 268      5F4AF25B 
 268      44B9D4BE 
 268      76C17A41 
 269 094b 1925AA56 		.ascii	"\031%\252V$\012\036\2012\273j\221\250\023\374|N\275"
 269      240A1E81 
 269      32BB6A91 
 269      A813FC7C 
 269      4EBD
 270 095d 29382228 		.ascii	")8\"(,8\364\223h\243j\331\237>\237\273\304\317\217S"
 270      2C38F493 
 270      68A36AD9 
 270      9F3E9FBB 
 270      C4CF8F53 
 271 0971 6C0836FE 		.ascii	"l\0106\376Cm0D\207o4\371/2\230~\251\2136F\351\3027\206"
 271      436D3044 
 271      876F34F9 
 271      2F32987E 
 271      A98B3646 
 272 0989 44448786 		.ascii	"DD\207\206\3516\206\375+\"|\255nCp\310\372\360\215a"
 272      E93686FD 
 272      2B227CAD 
ARM GAS  /tmp/ccdinl8r.s 			page 21


 272      6E4370C8 
 272      FAF08D61 
 273 099d 3A4368D8 		.ascii	":Ch\330\272\340\350\010\223\301\364\365\2460\243\357"
 273      BAE0E808 
 273      93C1F4F5 
 273      A630A3EF 
 274 09ad 7A4E6533 		.ascii	"zNe3\233\347\314\314\370\265Qg0\232BA\007t5\341\221"
 274      9BE7CCCC 
 274      F8B55167 
 274      309A4241 
 274      077435E1 
 275 09c2 9B22A34C 		.ascii	"\233\"\243L$\236\301\364{__\335\222\365\341k\303\365"
 275      249EC1F4 
 275      7B5F5FDD 
 275      92F5E16B 
 275      C3F5
 276 09d4 AB0D7EBF 		.ascii	"\253\015~\277\361\365\363\365\323\351\"\215\272\365"
 276      F1F5F3F5 
 276      D3E9228D 
 276      BAF5
 277 09e2 C1113AA2 		.ascii	"\301\021:\242d\324\255^\263\322\177\221n\305\212\000"
 277      64D4AD5E 
 277      B3D27F91 
 277      6EC58A00 
 278 09f2 DDB255CB 		.ascii	"\335\262U\313\365\377\\Dn\031\000\277!\"\"\024\234\271"
 278      F5FF5C44 
 278      6E1900BF 
 278      21222214 
 278      9CB9
 279 0a04 11ADF050 		.ascii	"\021\255\360P\305\037\226\006\255P\256\320/\371c\220"
 279      C51F9606 
 279      AD50AED0 
 279      2FF96390 
 280 0a14 E293D541 		.ascii	"\342\223\325AA\350K\364\2512$\",8JL\311\357#\203Ie\273"
 280      41E84BF4 
 280      A9322422 
 280      2C384A4C 
 280      C9EF2383 
 281 0a2b C0C630D3 		.ascii	"\300\3060\323\357\376\347\300F\323\006\310\360\253M"
 281      EFFEE7C0 
 281      46D306C8 
 281      F0AB4D
 282 0a3a E1911017 		.ascii	"\341\221\020\027\353\003\202\360\362\200 \345\252\317"
 282      EB0382F0 
 282      F28020E5 
 282      AACF
 283 0a48 5705044D 		.ascii	"W\005\004M\321\257^\025\030\030\020\344\246_\363\347"
 283      D1AF5E15 
 283      181810E4 
 283      A65FF3E7 
 284 0a58 558141CA 		.ascii	"U\201A\312\225\372\200\300 \202\351S\215de0\251Y\346"
 284      95FA80C0 
 284      2082E953 
 284      8D646530 
 284      A959E6
 285 0a6b E1A10693 		.ascii	"\341\241\006\223[\344\272u\200BC \031\326\005\033M\037"
 285      5BE4BA75 
ARM GAS  /tmp/ccdinl8r.s 			page 22


 285      80424320 
 285      19D6051B 
 285      4D1F
 286 0a7d 1B4C739C 		.ascii	"\033Ls\234rg\243\355\027\256\001\333LDj@Y\271\\\017"
 286      7267A3ED 
 286      17AE01DB 
 286      4C446A40 
 286      59B95C0F 
 287 0a91 C5F5716D 		.ascii	"\305\365qmb\214\012\261\253\207p\356p\3722*\334\024"
 287      628C0AB1 
 287      AB8770EE 
 287      70FA322A 
 287      DC14
 288 0aa3 06465AB8 		.ascii	"\006FZ\270^\035f\202\253\225\221\241a\252\360\310\015"
 288      5E1D6682 
 288      AB9591A1 
 288      61AAF0C8 
 288      0D
 289 0ab4 70329866 		.ascii	"p2\230f\331H7\000\354\257\242\"\2437\221y\255\301\260"
 289      D9483700 
 289      ECAFA222 
 289      A3379179 
 289      ADC1B0
 290 0ac7 2E7A6388 		.ascii	".zc\210\301\340\373\261\377\242E*\233\244\010Y\037\034"
 290      C1E0FBB1 
 290      FFA2452A 
 290      9BA40859 
 290      1F1C
 291 0ad9 35E9DEAF 		.ascii	"5\351\336\257\345\222\277\377\177\000N\326u\274"
 291      E592BFFF 
 291      7F004ED6 
 291      75BC
 292              		.text
 293              		.section	.gnu.lto_.symtab.372e46e70418c938,"",%progbits
 294 0000 70616C52 		.ascii	"palReadBus\000"
 294      65616442 
 294      757300
 295 000b 00       		.ascii	"\000"
 296 000c 00       		.ascii	"\000"
 297 000d 00       		.ascii	"\000"
 298 000e 00000000 		.ascii	"\000\000\000\000\000\000\000\000"
 298      00000000 
 299 0016 08010000 		.ascii	"\010\001\000\000"
 300 001a 70616C57 		.ascii	"palWriteBus\000"
 300      72697465 
 300      42757300 
 301 0026 00       		.ascii	"\000"
 302 0027 00       		.ascii	"\000"
 303 0028 00       		.ascii	"\000"
 304 0029 00000000 		.ascii	"\000\000\000\000\000\000\000\000"
 304      00000000 
 305 0031 0D010000 		.ascii	"\015\001\000\000"
 306 0035 70616C53 		.ascii	"palSetBusMode\000"
 306      65744275 
 306      734D6F64 
 306      6500
 307 0043 00       		.ascii	"\000"
ARM GAS  /tmp/ccdinl8r.s 			page 23


 308 0044 00       		.ascii	"\000"
 309 0045 00       		.ascii	"\000"
 310 0046 00000000 		.ascii	"\000\000\000\000\000\000\000\000"
 310      00000000 
 311 004e 15010000 		.ascii	"\025\001\000\000"
 312 0052 5F70616C 		.ascii	"_pal_lld_setgroupmode\000"
 312      5F6C6C64 
 312      5F736574 
 312      67726F75 
 312      706D6F64 
 313 0068 00       		.ascii	"\000"
 314 0069 02       		.ascii	"\002"
 315 006a 00       		.ascii	"\000"
 316 006b 00000000 		.ascii	"\000\000\000\000\000\000\000\000"
 316      00000000 
 317 0073 1B010000 		.ascii	"\033\001\000\000"
 318              		.text
 319              		.section	.gnu.lto_.opts,"",%progbits
 320 0000 272D666D 		.ascii	"'-fmath-errno' '-fsigned-zeros' '-ftrapping-math' '"
 320      6174682D 
 320      6572726E 
 320      6F272027 
 320      2D667369 
 321 0033 2D666E6F 		.ascii	"-fno-trapv' '-fno-strict-overflow' '-fno-openmp' '-"
 321      2D747261 
 321      70762720 
 321      272D666E 
 321      6F2D7374 
 322 0066 666E6F2D 		.ascii	"fno-openacc' '-mcpu=cortex-m4' '-mthumb' '-mfloat-a"
 322      6F70656E 
 322      61636327 
 322      20272D6D 
 322      6370753D 
 323 0099 62693D68 		.ascii	"bi=hard' '-mfpu=fpv4-sp-d16' '-g' '-ggdb' '-Og' '-f"
 323      61726427 
 323      20272D6D 
 323      6670753D 
 323      66707634 
 324 00cc 6F6D6974 		.ascii	"omit-frame-pointer' '-falign-functions=16' '-ffunct"
 324      2D667261 
 324      6D652D70 
 324      6F696E74 
 324      65722720 
 325 00ff 696F6E2D 		.ascii	"ion-sections' '-fdata-sections' '-fno-common' '-flt"
 325      73656374 
 325      696F6E73 
 325      2720272D 
 325      66646174 
 326 0132 6F2700   		.ascii	"o'\000"
 327              		.text
 328              		.comm	__gnu_lto_v1,1,1
 329              		.comm	__gnu_lto_slim,1,1
 330              		.ident	"GCC: (15:5.4.1+svn241155-1) 5.4.1 20160919"
ARM GAS  /tmp/ccdinl8r.s 			page 24


DEFINED SYMBOLS
                            *ABS*:0000000000000000 hal_pal.c
                            *COM*:0000000000000001 __gnu_lto_v1
                            *COM*:0000000000000001 __gnu_lto_slim

NO UNDEFINED SYMBOLS
