ARM GAS  /tmp/cc6CL0wU.s 			page 1


   1              		.syntax unified
   2              		.cpu cortex-m4
   3              		.eabi_attribute 27, 1
   4              		.eabi_attribute 28, 1
   5              		.fpu fpv4-sp-d16
   6              		.eabi_attribute 20, 1
   7              		.eabi_attribute 21, 1
   8              		.eabi_attribute 23, 3
   9              		.eabi_attribute 24, 1
  10              		.eabi_attribute 25, 1
  11              		.eabi_attribute 26, 1
  12              		.eabi_attribute 30, 1
  13              		.eabi_attribute 34, 1
  14              		.eabi_attribute 18, 4
  15              		.thumb
  16              		.syntax unified
  17              		.file	"hal_lld.c"
  18              		.text
  19              	.Ltext0:
  20              		.section	.gnu.lto_.profile.5bc3bc4569fa1610,"",%progbits
  21 0000 789C6361 		.ascii	"x\234ca`d`c`\000\222s\030\333\031\001\004\026\0012"
  21      60646063 
  21      60009273 
  21      18DB1901 
  21      04160132 
  22              		.text
  23              		.section	.gnu.lto_.inline.5bc3bc4569fa1610,"",%progbits
  24 0000 789C6361 		.ascii	"x\234ca`d\000\001o\006\004`f`\340\347cd`\222X\260\225"
  24      60640001 
  24      6F060460 
  24      6660E0E7 
  24      63646092 
  25 0017 91816D81 		.ascii	"\221\201m\201<\023H\220\221A\305\024(f\267\341\0113"
  25      3C134890 
  25      9141C514 
  25      2866B7E1 
  25      0933
  26 0029 428C0B46 		.ascii	"B\214\013F01\334b8\304\014\224_\307\270\355\252\031"
  26      3031DC62 
  26      38C40C94 
  26      5FC7B8ED 
  26      AA19
  27 003b 5C010300 		.ascii	"\\\001\003\000\203\242\012\223"
  27      83A20A93 
  28              		.text
  29              		.section	.gnu.lto_.jmpfuncs.5bc3bc4569fa1610,"",%progbits
  30 0000 789C6361 		.ascii	"x\234ca`d\000\001^\006\004`\006b\260(\023\020\003\000"
  30      60640001 
  30      5E060460 
  30      0662B028 
  30      13100300 
  31 0014 02410019 		.ascii	"\002A\000\031"
  32              		.text
  33              		.section	.gnu.lto_.pureconst.5bc3bc4569fa1610,"",%progbits
  34 0000 789C6361 		.ascii	"x\234ca`d`g```f\220b\224b\222\002\000\001\254\000a"
  34      60646067 
  34      60606066 
ARM GAS  /tmp/cc6CL0wU.s 			page 2


  34      90629462 
  34      92020001 
  35              		.text
  36              		.section	.gnu.lto_hal_lld_backup_domain_init.5bc3bc4569fa1610,"",%progbits
  37 0000 789C9D92 		.ascii	"x\234\235\222Mh\023Q\020\307g\336{\3314Ic=\327\202\202"
  37      4D681351 
  37      10C767DE 
  37      7BD93449 
  37      633DD782 
  38 0015 A75E7689 		.ascii	"\247^v\211\366\242H.\202\236D\260\336\213\037\207\026"
  38      F6A2482E 
  38      829E44B0 
  38      DE8B1F87 
  38      16
  39 0026 0215EBA1 		.ascii	"\002\025\353\241\267\276\230l\025/\352\301\364b\215"
  39      B7BE986C 
  39      152FEAC1 
  39      F4628D
  40 0035 1EA435DA 		.ascii	"\036\2445\332\264\325\372\221\26451X\244(\255\007=U"
  40      B4D5FA91 
  40      B4353158 
  40      A428AD07 
  40      3D55
  41 0047 304A08A2 		.ascii	"0J\010\242\010\211FTj\273\276\331\267\032OB\273\220"
  41      08894654 
  41      6ABBBED9 
  41      B71A4F42 
  41      BB90
  42 0059 D9ECBED9 		.ascii	"\331\354\276\331\377o\3763#\000\201\256\014\007\330"
  42      FF6FFE33 
  42      230081AE 
  42      0C07D8
  43 0068 A7EE5DEA 		.ascii	"\247\356]\352\207>@vi\011 \336\302\030_\214\202\014"
  43      873E4076 
  43      690920DE 
  43      C2185F8C 
  43      820C
  44 007a 8A676D20 		.ascii	"\212gm [9\012\375Z \322\037\331\2020\304\270\300!\374"
  44      5B390AFD 
  44      5A20D21F 
  44      D98230C4 
  44      B8C021FC 
  45 008e C6D61896 		.ascii	"\306\326\030\226\316Us\254sL\252\253\274\260\262E\216"
  45      CE5573AC 
  45      734CAAAB 
  45      BCB0B245 
  45      8E
  46 009f 17D156BA 		.ascii	"\027\321V\272\016s\021\200c\330\011*\355\375\364\372"
  46      0E731180 
  46      63D8092A 
  46      EDFDF4FA 
  47 00af 95B091A4 		.ascii	"\225\260\221\244\264\035\372\020\307\321\240:&\217\024"
  47      B41DFA10 
  47      C7D1A03A 
  47      268F14
  48 00be A5E324A4 		.ascii	"\245\343$\244\234\217<\337\031\346`+\"\005\203\202\237"
  48      9C8F3CDF 
ARM GAS  /tmp/cc6CL0wU.s 			page 3


  48      19E6602B 
  48      22058382 
  48      9F
  49 00cf 42904288 		.ascii	"B\220B\210\002@M}Je\324\031\243;\257b)_\237\333Fb\011"
  49      02404D7D 
  49      4A65D419 
  49      A33BAF62 
  49      295F9FDB 
  50 00e6 CE152865 		.ascii	"\316\025(e\227\226\375\015fs\206\304\275\261\226\314"
  50      9796FD0D 
  50      667386C4 
  50      BDB196CC 
  51 00f6 06F4A32C 		.ascii	"\006\364\243,\307\245P\257\256\275x\3634\230\306QU'"
  51      C7A550AF 
  51      AEBD78F3 
  51      3498C651 
  51      5527
  52 0108 C70C76E0 		.ascii	"\307\014v\340-\354\000\312]Z\276\320\360[\0232\031\227"
  52      2DEC00CA 
  52      5D5ABED0 
  52      F05B1332 
  52      1997
  53 011a 5B6DE5F0 		.ascii	"[m\345\3606\246q\335\365\201w\320\202*&~\030\032$4+"
  53      36A671DD 
  53      F58177D0 
  53      822A267E 
  53      181A2434 
  54 012f FBA17035 		.ascii	"\373\241p5H\342\210\222\341\204\222Q\345\244\220r6\302"
  54      48E28892 
  54      E1849251 
  54      E5A49072 
  54      36C2
  55 0141 C9363993 		.ascii	"\31169\223h)u\222\311_\216j\226\361\257)\237k*9\272"
  55      68297592 
  55      C95F8E6A 
  55      96F1AF29 
  55      9F6B2A39 
  56 0156 500DE847 		.ascii	"P\015\350GY;\357\232\372\364v5\347\3230\003\247\025"
  56      593BEF9A 
  56      FAF47635 
  56      E7D33003 
  56      A715
  57 0168 6CCA837D 		.ascii	"l\312\203}I\275,\267\022\014\011u\327EQ\333\361\236"
  57      49BD2CB7 
  57      120C0975 
  57      D74551DB 
  57      F19E
  58 017a B6F46BF8 		.ascii	"\266\364k\370\025\323 \277fUnV\256\007<S\006\316(\231"
  58      15D320BF 
  58      66556E56 
  58      AE073C53 
  58      06CE2899 
  59 018e 77985C49 		.ascii	"w\230\\I\264{I*c\344\363\317v/A\340}\342\000\015\204"
  59      B47B492A 
  59      63E4F3CF 
  59      762F41E0 
  59      7DE2000D 
ARM GAS  /tmp/cc6CL0wU.s 			page 4


  60 01a3 C36294E6 		.ascii	"\303b\224\346\321\230*l\367Z\360\247\2528\315=\002\377"
  60      D1982A6C 
  60      F75AF0A7 
  60      AA38CD3D 
  60      02FF
  61 01b5 AFED41B3 		.ascii	"\257\355A\263\266\207h\251\343\314\367\364WA \201R\221"
  61      B68768A9 
  61      E3CCF7F4 
  61      57412081 
  61      5291
  62 01c7 1EE9FE36 		.ascii	"\036\351\3766j\233\223\3175\345\363\256\374\337\246"
  62      6A9B93CF 
  62      35E5F3AE 
  62      FCDFA6
  63 01d6 0A049C75 		.ascii	"\012\004\234um\324\231hnU\345\011\327\236\203\033\031"
  63      6DD49968 
  63      6E55E509 
  63      D79E831B 
  63      19
  64 01e7 E69C8B71 		.ascii	"\346\234\213q\027|\336\353\260\2674!\2554sq\366uX\267"
  64      177CDEEB 
  64      B0B73421 
  64      AD347371 
  64      F67558B7 
  65 01fb CF59759C 		.ascii	"\317Yu\2346|\274\331\275)4QE\332\233\020|\304\263\305"
  65      367CBCD9 
  65      BD293451 
  65      45DA9B10 
  65      7CC4B3C5 
  66 020f 9183A4E3 		.ascii	"\221\203\244\343\316\244\246\354*;*c\257iZ\373{\373"
  66      CEA4A6EC 
  66      2A3B2A63 
  66      AF695AFB 
  66      7BFB
  67 0221 8EF71DEE 		.ascii	"\216\367\035\356\356\211\3541#f\304\262\372\007\254"
  67      EE89EC31 
  67      2366C4B2 
  67      FA07AC
  68 0230 DE6331EB 		.ascii	"\336c1\353T\377\3513\003V\367\321C\273w\351x\240kp\220"
  68      54FFE933 
  68      0356F7D1 
  68      43BB77E9 
  68      78A06B70 
  69 0245 4E7A62B1 		.ascii	"Nzb\261\223\346\011\370\015\031NKG"
  69      93E609F8 
  69      0D194E4B 
  69      47
  70              		.text
  71              		.section	.gnu.lto_hal_lld_init.5bc3bc4569fa1610,"",%progbits
  72 0000 789C9D96 		.ascii	"x\234\235\226KL\023Q\024\206\357\231iK+\224\012\201"
  72      4B4C1351 
  72      1486EF99 
  72      694B2B94 
  72      0A81
  73 0012 10281012 		.ascii	"\020(\020\022\343\202M\207\252\033\215;\023\027&\306"
  73      E3824D87 
  73      AA1B8D3B 
ARM GAS  /tmp/cc6CL0wU.s 			page 5


  73      131726C6 
  74 0022 44DC131F 		.ascii	"D\334\023\037\013HH0\302\202]/\226F6&\272\260;\302\022"
  74      0B484830 
  74      C2825D2F 
  74      96463626 
  74      BAB03BC2 
  75 0037 2A62C507 		.ascii	"*b\305\007\332\372*\025\020_<D\361\201\010\"i\214\220"
  75      DAFA2A15 
  75      105F3C44 
  75      F1810822 
  75      698C90
  76 004a 88A28922 		.ascii	"\210\242\211\"\355x\317\334inKb\322\231\233\364\237"
  76      ED78CFDC 
  76      696E4B62 
  76      D2999BF4 
  76      9F
  77 005b B673F29D 		.ascii	"\266s\362\235\377\334s\317d,\004\010.\257\203\220\375"
  77      FFDC73CF 
  77      642C0408 
  77      2EAF8390 
  77      FD
  78 006c ECEA661F 		.ascii	"\354\352f\037\220\011H\027&\010\351\260K\000\370\205"
  78      90094817 
  78      2608E9B0 
  78      4B00F885 
  79 007c DA81F824 		.ascii	"\332\201\370$\360\301/))A\374\\\"\"\325\366R\266\026"
  79      F0C12F29 
  79      2941FC5C 
  79      2222D5F6 
  79      52B616
  80 008f 4737EA68 		.ascii	"G7\352h_\014\0022!\252\244\221\010\364B-aaK\203\251"
  80      5F0C0232 
  80      21AAA491 
  80      08F4422D 
  80      61614B83 
  81 00a4 4B4E5B27 		.ascii	"KN['\206\325\360\233\320\0076L\027>\032\243\252\352"
  81      86D5F09B 
  81      D007364C 
  81      173E1AA3 
  81      AAEA
  82 00b6 A774BD2E 		.ascii	"\247t\275.\264s\207D\0022K\311\304\212bC\261\2438P\362"
  82      B4738744 
  82      02324BC9 
  82      C48A6243 
  82      B1A33850 
  83 00cb 519C2885 		.ascii	"Q\234(\205(.\224\"\224b\224\022\224R\2242\224r\224\012"
  83      282E9422 
  83      94629412 
  83      94529432 
  83      9472940A 
  84 00df 14374A15 		.ascii	"\0247J\025J5J\015\012!k\314\005\326\363]\222\360*' "
  84      4A354A0D 
  84      0A216BCC 
  84      05D6F35D 
  84      92F02A27 
  85 00f4 1E1DDCF4 		.ascii	"\036\035\334\364\242/\277\214\245\005\003\361\311\274"
  85      A22FBF8C 
ARM GAS  /tmp/cc6CL0wU.s 			page 6


  85      A50503F1 
  85      C9BC
  86 0102 9F524096 		.ascii	"\237R@\226\000K\350\354\036M8\370O\272\326E-\354\257"
  86      004BE8EC 
  86      1E4D38F8 
  86      4FBAD645 
  86      2DECAF
  87 0115 9585BF11 		.ascii	"\225\205\277\021k\017t\263\222e\270\014\225\020\202"
  87      6B0F74B3 
  87      9265B80C 
  87      951082
  88 0124 4A82B13F 		.ascii	"J\202\261?\202S\213\005\312\000\355\354\240\333\003"
  88      82538B05 
  88      CA00EDEC 
  88      A0DB03
  89 0133 B205FAA1 		.ascii	"\262\005\372\241\007R\332\226\300\025PH\002\374\277"
  89      0752DA96 
  89      C0155048 
  89      02FCBF
  90 0142 6D3C91CC 		.ascii	"m<\221\314s-}[\331\220\021\016@S\252\352\202\001Fb\216"
  90      732D7D5B 
  90      D990110E 
  90      4053AAEA 
  90      82014662 
  91 0157 82806146 		.ascii	"\202\200aFR]\025\251\302\240\260\004\210\211\002\317"
  91      525D15A9 
  91      C2A0B004 
  91      888902CF 
  92 0167 663542BA 		.ascii	"f5B\272&H\203\334\364\246nZ'\205\003\313!;7\255\002"
  92      264883DC 
  92      F4A66E5A 
  92      278503CB 
  92      213B37AD 
  93 017c 5C37EBF8 		.ascii	"\\7\353\370\206\310s\023\035\3332\035\333s\"\001rn\011"
  93      86C87313 
  93      1DDB321D 
  93      DB732201 
  93      726E09
  94 018f CE90E637 		.ascii	"\316\220\3467\036\275\230\3241\016#\206nk <\234p\207"
  94      1EBD98D4 
  94      310E2386 
  94      6E6B203C 
  94      9C7087
  95 01a2 83DA8CD6 		.ascii	"\203\332\214\326\024\021\210((,`~<\324\2577XU\261\301"
  95      14118828 
  95      282C607E 
  95      3CD4AF37 
  95      5855B1C1 
  96 01b6 77F976A5 		.ascii	"w\371v\245\353\3147B\277'\350\367M\032| \020\0175\203"
  96      EBCC3742 
  96      BF27E8F7 
  96      4D1A7C20 
  96      100F3583 
  97 01ca E1D5C81F 		.ascii	"\341\325\310\037'7H \226m\316\231{\023\206\0057\236"
  97      27374820 
  97      966DCE99 
  97      7B138605 
ARM GAS  /tmp/cc6CL0wU.s 			page 7


  97      379E
  98 01dc 6E424AC7 		.ascii	"nBJ\307\024\0321\370H\003iO\212\221\354\221qq\322\371"
  98      141A31F8 
  98      4803694F 
  98      8A91EC91 
  98      7171D2F9 
  99 01f0 E4C270C6 		.ascii	"\344\302p\306\216\026\302\250\331\0038&R=\306\003\350"
  99      8E16C2A8 
  99      D9033826 
  99      523DC603 
  99      E8
 100 0201 CAACBDC8 		.ascii	"\312\254\275\310\010i\\\220\236d\217L1'\215E7\326\013"
 100      08695C90 
 100      9E648F4C 
 100      31278D45 
 100      37D60B
 101 0214 F439670B 		.ascii	"\3649g\013\340\251Y\323\317D\252\347h\2728\323tI\356"
 101      E0A959D3 
 101      CF44AAE7 
 101      68BA38D3 
 101      7449EE
 102 0227 0D7B2138 		.ascii	"\015{!8\023z\303\246\323\015+5bhR\003\311\010\2322y"
 102      137AC3A6 
 102      D30D2B35 
 102      62685203 
 102      C9089A32 
 103 023c 28A705E2 		.ascii	"(\247\005\342%([G\244\314\010jF\240^\231t\363Z f\231"
 103      25285B47 
 103      A4CC086A 
 103      46A05E99 
 103      74F35A20 
 104 0252 9B2D3351 		.ascii	"\233-3Q\236\373\026\277\021\240\267\351\231\030\221"
 104      9EFB16BF 
 104      11A0B7E9 
 104      991891
 105 0261 38A6C288 		.ascii	"8\246\302\210\243w\032\310\202\240\367\3313\341f$\363"
 105      A3771AC8 
 105      82A0F7D9 
 105      33E16624 
 105      F3
 106 0272 67694E70 		.ascii	"giNp?\340Yrg\026Ze\2044\257\221\254H\372\230\355\260"
 106      3FE05972 
 106      67165A65 
 106      8434AF91 
 106      AC48FA98 
 107 0288 9A91CC3B 		.ascii	"\232\221\314;\\\020\334EtX\235\351\260&\367V|\022\234"
 107      5C10DC45 
 107      74589DE9 
 107      B026F756 
 107      7C129C
 108 029b 25E6EF0B 		.ascii	"%\346\357\013\370c\301mH\301\320Hdu.\317\227\244]\024"
 108      F863C16D 
 108      48C1D048 
 108      64752ECF 
 108      97A45D14 
 109 02af 935A557C 		.ascii	"\223ZU|\214\301g\360\261\367\005\233\026:\364\377P6"
 109      8CC167F0 
ARM GAS  /tmp/cc6CL0wU.s 			page 8


 109      B1F7059B 
 109      163AF4FF 
 109      5036
 110 02c1 40B0AC87 		.ascii	"@\260\254\207~\205\263\261\231CZ(\2565\306a/\030,b\237"
 110      7E85B3B1 
 110      99435A28 
 110      AE35C661 
 110      2F182C62 
 111 02d6 C7A31C68 		.ascii	"\307\243\034hl:\321t\244\276\301\273\327\343\365x\025"
 111      6C3AD174 
 111      A4BEC1BB 
 111      D7E3F578 
 111      15
 112 02e7 A5A55569 		.ascii	"\245\245Ui<\336\254\234n9\323\326\252\324\037;\274{"
 112      3CDEAC9C 
 112      6E39D3D6 
 112      AAD41F3B 
 112      BC7B
 113 02f9 17D7837B 		.ascii	"\027\327\203{\332\333\361NCs\363)\317I\362\017\315\326"
 113      DADBF14E 
 113      4373F329 
 113      CF49F20F 
 113      CDD6
 114 030b 01A7     		.ascii	"\001\247"
 115              		.text
 116              		.section	.gnu.lto_stm32_clock_init.5bc3bc4569fa1610,"",%progbits
 117 0000 789C9D58 		.ascii	"x\234\235XilT\327\025~\347\316\276\017\3367\274\020"
 117      696C54D7 
 117      157EE7CE 
 117      BE0FDE37 
 117      BC10
 118 0012 12040D1E 		.ascii	"\022\004\015\036\234\202\004\015\240\214\210\362\257"
 118      9C82040D 
 118      A08C88F2 
 118      AF
 119 001f AAD454FD 		.ascii	"\252\324T\375\033\265Di\242\"\245J\252*\377\362\354"
 119      1BB54469 
 119      A222A54A 
 119      AA2AFFF2 
 119      EC
 120 0030 19134A69 		.ascii	"\031\023JiC\250C\211\033\003!$@\010^\200&\330$`\360"
 120      43A84389 
 120      1B032124 
 120      40085E80 
 120      26D82460 
 121 0045 06066CF6 		.ascii	"\006\006l\3664\340\006\263\031J\034\3541f\330\274\364"
 121      34E006B3 
 121      194A1CEC 
 121      3166D8BC 
 121      F4
 122 0056 9E7BEE9B 		.ascii	"\236{\356\233;\036\324hf\346\307y\363\356y\363\235\357"
 122      3B1ED468 
 122      66E6C779 
 122      F3EE79F3 
 122      9DEF
 123 0068 7EE7DCF3 		.ascii	"~\347\334\363\356\035\263\006\032~\002\331\232\366<"
 123      EE1DB306 
ARM GAS  /tmp/cc6CL0wU.s 			page 9


 123      1A7E02D9 
 123      9AF63C
 124 0077 BFF6F25B 		.ascii	"\277\366\362[\230\241\001[\333\243i\225v\006&\372bb"
 124      98A1015B 
 124      DBA36995 
 124      760626FA 
 124      6262
 125 0089 656BBA34 		.ascii	"ek\2724Mw\232\3036Mw\227\321x\320\014\026\362[X)\371"
 125      4D779AC3 
 125      364D7797 
 125      D178D00C 
 125      16F25B58 
 126 009f ADC25F4A 		.ascii	"\255\302_J\343A+\330\310oc%\344\267\013\177\011\215"
 126      E3412BD8 
 126      C86F6325 
 126      E4B70B7F 
 126      098D
 127 00b1 07EDE020 		.ascii	"\007\355\340 \277\203\025\223\337)\374\3054\036t\202"
 127      BF831593 
 127      DF29FCC5 
 127      341E7482 
 128 00c1 8BFC2E36 		.ascii	"\213\374.6\235\374n\341\237N\343A7\344\341\025\362X"
 128      9DFC6EE1 
 128      9F4EE341 
 128      37E4E115 
 128      F258
 129 00d3 11B93DC2 		.ascii	"\021\271=\302]D\303A\017x\351\347^VH~\237\360\027\322"
 129      5D44C341 
 129      0F78E9E7 
 129      5E56487E 
 129      9FF017D2 
 130 00e7 78D0077E 		.ascii	"x\320\007~\362\373Y\001\371\247\011\177\001\215\007"
 130      F2FB5901 
 130      F9A7097F 
 130      018D07
 131 00f6 A7B18CE1 		.ascii	"\247\261\214\341l>\232\265y!\037\315`\231qw\231\220"
 131      6C3E9AB5 
 131      79211FCD 
 131      60997177 
 131      9990
 132 0108 4DBFCD32 		.ascii	"M\277\3152\276dC\016}\311a\371\204\226+\320\362i<\230"
 132      BE64430E 
 132      7DC961F9 
 132      84962BD0 
 132      F2693C98 
 133 011c 0B8057DD 		.ascii	"\013\200W\335\016\332\333\314Tf\266\224Zm%vG\261\323"
 133      0EDADBCC 
 133      5466B694 
 133      5A6D2576 
 133      47B1D3
 134 012f 35DD9D57 		.ascii	"5\335\235W\344\361\026\372\374\005\32322\263\262s\362"
 134      E4F116FA 
 134      FC05D332 
 134      32B3B273 
 134      F2
 135 0140 73E16DA7 		.ascii	"s\341m\247I\243\217E^m\362\352\220W\227\274\346\311"
 135      49A38F45 
ARM GAS  /tmp/cc6CL0wU.s 			page 10


 135      5E6DF2EA 
 135      905797BC 
 135      E6C9
 136 0152 AB575EFD 		.ascii	"\253W^\375\362\232#\257w\3318\203\303\357\0144\263\331"
 136      F29A23AF 
 136      77D93883 
 136      C3EF0C34 
 136      B3D9
 137 0164 DB74FEE9 		.ascii	"\333t\376\351\357\250\257\320\267\267B5\0170\311\350"
 137      EFA8AFD0 
 137      B7B74235 
 137      0F30C9E8 
 138 0174 19D806B3 		.ascii	"\031\330\006\2635\376\330\225\246\211\367=\3260>VJN"
 138      35FED895 
 138      A689F73D 
 138      D6303E56 
 138      4A4E
 139 0186 D80E562C 		.ascii	"\330\016V,\221\206_\266\352\223\223!]\1774\357\203\237"
 139      91865FB6 
 139      EA939321 
 139      5D7F34EF 
 139      839F
 140 0198 3C6FD1AA 		.ascii	"<o\321\252M`EcG\343@\343D\343B\343A\343E\343C\343G\223"
 140      4D604563 
 140      47E340E3 
 140      44E342E3 
 140      41E345E3 
 141 01b0 89260B4D 		.ascii	"\211&\013M\016\232\\4yh\362\321\024\242)BS\214\246\004"
 141      0E9A5C34 
 141      7968F2D1 
 141      14A22942 
 141      538CA604 
 142 01c4 4D199A19 		.ascii	"M\031\232\031h\236@3\023\315Shf\241\231\215f\016\232"
 142      689E4033 
 142      13CD5368 
 142      66A1998D 
 142      660E9A
 143 01d7 A7D1CC45 		.ascii	"\247\321\314E\023@3\017\315|4\013\320,D\263\010\315"
 143      1340330F 
 143      CD7C340B 
 143      D02C44B3 
 143      08CD
 144 01e9 B36816A3 		.ascii	"\263h\026\243Y\202f)\232\347\320\004\321,C\243i\303"
 144      59826629 
 144      9AE7D004 
 144      D12C43A3 
 144      69C3
 145 01fb 7CCE3C69 		.ascii	"|\316<i\021\306\370\3054\000\207G\207\257UYP\004\256"
 145      11C6F8C5 
 145      34008747 
 145      87AF5559 
 145      5004AE
 146 020e CEFAEAC3 		.ascii	"\316\372\352\303\275\266QVmb\200b\205\353:\006\034t"
 146      BDB65156 
 146      6D628062 
 146      85EB3A06 
 146      1C74
ARM GAS  /tmp/cc6CL0wU.s 			page 11


 147 0220 AB0FAFD2 		.ascii	"\253\017\257\322\315|\350\373K\217\232-\233\240\256"
 147      CD7CE8FB 
 147      4B8F9A2D 
 147      9BA0AE
 148 022f 1215F454 		.ascii	"\022\025\364T\233L\360\031\024\301\016>5\374\301\310"
 148      9B4CF019 
 148      14C10E3E 
 148      35FCC1C8 
 149 023f FA93FDEE 		.ascii	"\372\223\375\356\300.=\314\2657\303N\330\004\023B\177"
 149      C02E3DCC 
 149      B537C34E 
 149      D8041342 
 149      7F
 150 0250 F81C02DC 		.ascii	"\370\034\002\334\375\345\271\332n\013\342\231\001\177"
 150      FDE5B9DA 
 150      6E0BE299 
 150      017F
 151 025e 0EB08BFF 		.ascii	"\016\260\213\377\016)4\336\330mJ\244`\021\024>\032\017"
 151      0E2934DE 
 151      D86D4AA4 
 151      6011143E 
 151      1A0F
 152 0270 D73BE856 		.ascii	"\327;\350V\357\257\024\0246\036\357kw\306Q\260B\003"
 152      EFAF1414 
 152      361EEF6B 
 152      77C651B0 
 152      4203
 153 0282 A7502F29 		.ascii	"\247P/)\364\364\256\036\265\305(4\012\012\230^h\022"
 153      F4F4AE1E 
 153      B5C52834 
 153      0A0A985E 
 153      6812
 154 0294 14A23BEE 		.ascii	"\024\242;\356\356\367\030\024\030\354&\002-\221\333"
 154      EEF71814 
 154      18EC2602 
 154      2D91DB
 155 02a3 442064B2 		.ascii	"D d\262\304M\022\376\357\374*u?B\354\021\360\242\212"
 155      C44D12FE 
 155      EFFC2A75 
 155      3F42EC11 
 155      F0A28A
 156 02b6 F6F2E40C 		.ascii	"\366\362\344\014@\350\276\225`$\322\336\366\256\225"
 156      40E8BE95 
 156      6024D2DE 
 156      F6AE95
 157 02c5 760C07FC 		.ascii	"v\014\007\374\363/\012\266\036\344T\223\016\363\205"
 157      F32F0AB6 
 157      1EE45493 
 157      0EF385
 158 02d4 0AF32504 		.ascii	"\012\363%\00488\377\026a&\215/6\314`K\323\320\210do"
 158      3838FF16 
 158      61268D2F 
 158      36CC604B 
 158      D3D08864 
 159 02e9 4F0A5648 		.ascii	"O\012VH\263O\2016\023\367\261\225\327\030\3018\010\251"
 159      B34F8136 
 159      13F7B195 
ARM GAS  /tmp/cc6CL0wU.s 			page 12


 159      D718C138 
 159      08A9
 160 02fb 63F25EAB 		.ascii	"c\362^\253\217\3303h\341(\227!|!\364\212|\206?\3200"
 160      8FD83368 
 160      E1289721 
 160      7C21F48A 
 160      7C863FD0 
 161 0310 D8FCC043 		.ascii	"\330\374\300C\017h\260\037\303hXae\032\357\016\020a"
 161      0F68B01F 
 161      C3685861 
 161      651AEF0E 
 161      1061
 162 0322 6659622D 		.ascii	"fYb-M\321\323\222\2403\225y\177%(b\233\200\257%E)\257"
 162      4DD1D392 
 162      A0339579 
 162      7F252862 
 162      9B80AF25 
 163 0339 8B900E44 		.ascii	"\213\220\016D\253\377D\341\307&''}p ]\205\017\252H\255"
 163      ABFF44E1 
 163      C7262727 
 163      7D70205D 
 163      850FAA48 
 164 034e A8B04B28 		.ascii	"\250\260K(l\211)\034\211^\221\023\360$\257\360!\005"
 164      6C89291C 
 164      895E9113 
 164      F024AFF0 
 164      2105
 165 0360 7AD85078 		.ascii	"z\330PxP*\354%\244G7k\276\005\232\201\033\332H\341\213"
 165      502AEC25 
 165      A447376B 
 165      BE059A81 
 165      1BDA48E1 
 166 0375 86C2DE38 		.ascii	"\206\302\3368IK\245\244VC\322\310\230Q\261\276T&\332"
 166      494BA5A4 
 166      5643D2C8 
 166      9851B1BE 
 166      5426DA
 167 0388 AEB2DE31 		.ascii	"\256\262\3361UR?!5\034\255\356\222\214\036\000t\246"
 167      55523F21 
 167      351CADEE 
 167      928C1E00 
 167      74A6
 168 039a 2B68978A 		.ascii	"+h\227\212s\004\005\365\323:\037?mJ@J\246\221\034UB"
 168      730405F5 
 168      D33A1F3F 
 168      6D4A404A 
 168      A6911C55 
 169 03af 768B551C 		.ascii	"v\213U\034k\022f^w\307\344\032nj\337#\025\311L\205\351"
 169      6B12665E 
 169      77C7E41A 
 169      6E6ADF23 
 169      15C94C85 
 170 03c4 71C5F4C4 		.ascii	"q\305\364\304\3245\234EH#\227.UyI\021]\317\202\236t"
 170      D4359C45 
 170      4823972E 
 170      55794911 
 170      5DCF829E 
ARM GAS  /tmp/cc6CL0wU.s 			page 13


 171 03d9 25E95581 		.ascii	"%\351U\201N\242$Y\242\306l\252\306:\257J\3769\311\327"
 171      4EA22459 
 171      A2C66CAA 
 171      C63AAF4A 
 171      FE39C9D7 
 172 03ed D829057A 		.ascii	"\330)\005z\332\250\261>Yc\271\204\324\266qc\230\031"
 172      DAA8B13E 
 172      5963B984 
 172      D4B67163 
 172      9819
 173 03ff FCED7026 		.ascii	"\374\355p&a\035\347\306UY\211\2542{\254\312N\264INy"
 173      611DE7C6 
 173      555989AC 
 173      327BACCA 
 173      4EB4494E 
 174 0414 A94CF5AC 		.ascii	"\251L\365\254`eFV\347\246j\232\317\221\322o\204\347"
 174      60654656 
 174      E7A66A9A 
 174      CF91D26F 
 174      84E7
 175 0426 15EE3728 		.ascii	"\025\3567(a\276\220\320\241\032a\217!aa\362\022\376"
 175      61BE90D0 
 175      A11A618F 
 175      216161F2 
 175      12FE
 176 0438 5B817E9B 		.ascii	"[\201~\233\330\010\2138\322c\235\257(N\261b\251\230"
 176      D8088B38 
 176      D2639DAF 
 176      284EB162 
 176      A998
 177 044a D3789B36 		.ascii	"\323x\2336\236\013Y\322(\361\013\202\004\356\204\340"
 177      9E0B59D2 
 177      28F10B82 
 177      04EE84E0 
 178 045a A228F1FB 		.ascii	"\242(\361\373\225C\027|T\342\341#\3723\320gT\371y\243"
 178      9543177C 
 178      54E2E123 
 178      FA33D067 
 178      54F979A3 
 179 046e CA8B5351 		.ascii	"\312\213SQ\356?\252N\276\233\232\221\022B:u\375a\257"
 179      EE3FAA4E 
 179      BE9B9A91 
 179      12423A75 
 179      FD61AF
 180 0481 C3A8125E 		.ascii	"\303\250\022^&\227\322\315Q\277\212t\031sT\"r\344R9"
 180      2697D2CD 
 180      51BF8A74 
 180      19735422 
 180      72E45239 
 181 0495 EA337254 		.ascii	"\3523rT\026\3672\207\037\177\217_\021\240\370\336\203"
 181      16F73287 
 181      1F7F8F5F 
 181      11A0F8DE 
 181      83
 182 04a6 AB89399A 		.ascii	"\253\2119\232AH\027\273\367\235\265\031\023\000\270"
 182      414817BB 
 182      F79DB519 
ARM GAS  /tmp/cc6CL0wU.s 			page 14


 182      1300B8
 183 04b5 9690B419 		.ascii	"\226\220\264\031qI\233.\2226\314\334\230\264\010\313"
 183      71499B2E 
 183      9236CCDC 
 183      98B408CB 
 184 04c5 436E20B8 		.ascii	"Cn \270\015\336\221\334\236H\276~\256\253\011\017$r"
 184      0DDE91DC 
 184      9E48BE7E 
 184      AEAB090F 
 184      2472
 185 04d7 9B4948C7 		.ascii	"\233IH\307&\327\014Yb\342\372\341F\002\271\231q\344"
 185      26D70C59 
 185      62E2FAE1 
 185      4602B999 
 185      71E4
 186 04e9 8A644579 		.ascii	"\212dEyb\0255\264'\235\212\272)h\341\236\032\376+*\352"
 186      621535B4 
 186      279D8ABA 
 186      2968E19E 
 186      1AFE2B2A 
 187 04fe C4C4683B 		.ascii	"\304\304h;\223\025\325\037\336b\206[FI\215\032%\365"
 187      9315D51F 
 187      DE62865B 
 187      46498D1A 
 187      25F5
 188 0510 542A89FE 		.ascii	"T*\211\376^\315{pjI\315\"\244\301\363\015\267\255\261"
 188      5ECD7B70 
 188      6A49CD22 
 188      A4C1F30D 
 188      B7ADB1
 189 0523 5997C20F 		.ascii	"Y\227\302\017\351\226\324m\025i\010Kj\226()\257\352"
 189      E996D46D 
 189      1569084B 
 189      6A962829 
 189      AFEA
 190 0535 9C778DB4 		.ascii	"\234w\215\264\315N>m\303\0124\222\230\2669\204T\037"
 190      CD4E3E6D 
 190      C30A3492 
 190      98B63984 
 190      541F
 191 0547 6DDBA1D2 		.ascii	"m\333\241\322\326\252\301HB\336\346\304\345\255P\346"
 191      D6AAC148 
 191      42DEE6C4 
 191      E5AD50E6 
 192 0557 CD17DB57 		.ascii	"\315\027\333W\217\245\225\267;\202\227\035y\215\212"
 192      8FA595B7 
 192      3B82971D 
 192      798D8A
 193 0566 BC6D3AB4 		.ascii	"\274m:\264u\004\214\274\255\331l\206\273\306\246u\334"
 193      75048CBC 
 193      ADD96C86 
 193      BBC6A675 
 193      DC
 194 0577 C8DBD3A9 		.ascii	"\310\333\323\251\250\031U\023\27775os\011\251\263\345"
 194      A8195513 
 194      BF37356F 
 194      7309A9B3 
ARM GAS  /tmp/cc6CL0wU.s 			page 15


 194      E5
 195 0588 E11D776C 		.ascii	"\341\035wl\332|-\335O7q\017T\250\207\230\270\271\"q"
 195      DA7C2DDD 
 195      4F37710F 
 195      54A88798 
 195      B8B92271 
 196 059c 7ED50B26 		.ascii	"~\325\013&\215\304\005\222O\334#\005:\226\230\270y\204"
 196      8DC40592 
 196      4FDC2305 
 196      3A9698B8 
 196      7984
 197 05ae D4BA2D1A 		.ascii	"\324\272-\032U\315\214\357\363\307\023\0227/.q\0052"
 197      55CD8CEF 
 197      F3C71312 
 197      372F2E71 
 197      0532
 198 05c0 71D3620B 		.ascii	"q\323b\013\256\363l:\273\224\011\265K\231\024\211\333"
 198      AEF36C3A 
 198      BB9409B5 
 198      4B991489 
 198      DB
 199 05d1 16AEAD77 		.ascii	"\026\256\255w\313\263\306\366-:\267|q_\201\252\3263"
 199      CBB3C6F6 
 199      2D3AB77C 
 199      715F81AA 
 199      D633
 200 05e3 EB70A775 		.ascii	"\353p\247u*\334\370\241\011\3356\300cM\344D\355U\261"
 200      2ADCF8A1 
 200      09DD36C0 
 200      634DE444 
 200      ED55B1
 201 05f6 CDB04329 		.ascii	"\315\260C)\366\277\2723\003f\323\022q\010\232\270\321"
 201      F6BFBA33 
 201      0366D312 
 201      71089AB8 
 201      D1
 202 0607 7D803DF9 		.ascii	"}\200=\371\261\256W\351\372n\236\220pi\265\311\001!"
 202      B1AE57E9 
 202      FA6E9E90 
 202      7069B5C9 
 202      0121
 203 0619 66E20758 		.ascii	"f\342\007X\250bEP\311h2\011\007\\\010\263'\305\371\226"
 203      A8624550 
 203      C9683209 
 203      075C08B3 
 203      27C5F996 
 204 062d 53AA6656 		.ascii	"S\252fV\274\215\337<9\370\346i\245\244\364\315io\334"
 204      BC8DDF3C 
 204      39F8E669 
 204      A5A4F4CD 
 204      696FDC
 205 0640 23C3A1BD 		.ascii	"#\303\241\275uVz\204\343\230\341\035\371T_\206\361\220"
 205      75567A84 
 205      E398E11D 
 205      F9545F86 
 205      F190
 206 0652 18C29A68 		.ascii	"\030\302\232h\272\276\325\202\203\211bUh?\256\326*\206"
ARM GAS  /tmp/cc6CL0wU.s 			page 16


 206      BABED582 
 206      83896255 
 206      683FAED6 
 206      2A86
 207 0664 6AE1511F 		.ascii	"j\341Q\037\376\314P\255\241\360'?8)g!\214\271\232\002"
 207      FECC50AD 
 207      A1F0273F 
 207      38296721 
 207      8CB99A02 
 208 0678 8C0EDFAE 		.ascii	"\214\016\337\256Ig\031\375E\340;\021\177\015\013\250"
 208      496719FD 
 208      45E03B11 
 208      7F0D0BA8 
 209 0688 4D62F49A 		.ascii	"Mb\364\232\254\270\371\361R8\205\316\253C\207v\333\351"
 209      ACB8F9F1 
 209      523885CE 
 209      AB438776 
 209      DBE9
 210 069a 566F5DAB 		.ascii	"Vo]\253{\371\320\311\357\366\235\227\357'\027\374\215"
 210      7BF9D0C9 
 210      EFF69D97 
 210      EF2717FC 
 210      8D
 211 06ab 4BFD5746 		.ascii	"K\375WF\321\276\2703\362\256\212\366\256\210\206\247"
 211      D1BEB833 
 211      F2AE8AF6 
 211      AE8886A7 
 212 06bb 0658CB02 		.ascii	"\006X\313\002Tj\005*\316\3216\275Yn!\337;R\311\353\361"
 212      546A052A 
 212      CED136BD 
 212      596E21DF 
 212      3B52C9EB 
 213 06d0 3D99B008 		.ascii	"=\231\260\010\313\320\306@\254\205\313\345\364\374\202"
 213      CBD0C640 
 213      AC85CBE5 
 213      F4FC82
 214 06df 785E6EC1 		.ascii	"x^n\301\253\262\371\253\032\013\335\352\027B\202\327"
 214      ABB2F9AB 
 214      1A0BDDEA 
 214      174282D7 
 215 06ef A90D5597 		.ascii	"\251\015U\227\355\304\313\003\177\347\274\326I^\267"
 215      EDC4CB03 
 215      7FE7BCD6 
 215      495EB7
 216 06fe 7A3E3DE8 		.ascii	"z>=\350\342\274j\270\307\0135\202\227\033y\275o\360"
 216      E2BC6AB8 
 216      C70B3582 
 216      971B79BD 
 216      6FF0
 217 0710 6A612AD0 		.ascii	"ja*\320?o\3255\310\003\334\241\360\301UfX\037#\226\251"
 217      3F6FD535 
 217      C803DCA1 
 217      F0C15566 
 217      581F2396 
 218 0725 7569D4C7 		.ascii	"ui\324\307\242\341\307\376\037\360\011^7\033\273\036"
 218      A2E1C7FE 
 218      1FF0095E 
ARM GAS  /tmp/cc6CL0wU.s 			page 17


 218      371BBB1E 
 219 0735 7AE856BF 		.ascii	"z\350V\277O\377\017tm\320\233b\207s\374\177\302\017"
 219      4FFF0F74 
 219      6DD09B62 
 219      8773FC7F 
 219      C20F
 220 0747 1B38BB7F 		.ascii	"\0338\273\177Hv\341hW\2155\246\332\007\202\235\007\331"
 220      4876E168 
 220      578D35A6 
 220      DA07829D 
 220      07D9
 221 0759 D58A1AD8 		.ascii	"\325\212\032\330\271\256#Kv:\316MP\211\260,\355k+\021"
 221      B9AE234B 
 221      763ACE4D 
 221      5089B02C 
 221      ED6B2B11 
 222 076d B9172392 		.ascii	"\271\027#\222R\230\017U\230:\021\246\263\262\366\230"
 222      52980F55 
 222      983A11A6 
 222      B3B2F698 
 223 077d F126F4C2 		.ascii	"\361&\364\302F\031';vZm?'kda*\315n\023\213\255\377\315"
 223      4619273B 
 223      765A6D3F 
 223      276B6461 
 223      2ACD6E13 
 224 0795 6C4A5F5D 		.ascii	"lJ_]\304\221\304.2\255&\372\221\302\335\302x\023]$\330"
 224      C491C42E 
 224      32AD26FA 
 224      91C2DDC2 
 224      78135D24 
 225 07aa E6A8B75F 		.ascii	"\346\250\267_\373uI\367\331\344\233\350\307\012t+K8"
 225      FB7549F7 
 225      D9E49BE8 
 225      C70A742B 
 225      4B38
 226 07bc 9B2EE648 		.ascii	"\233.\346H\217\035F\027s\210\332\375\243\335\362}h\207"
 226      8F1D4617 
 226      7388DAFD 
 226      A3DDF27D 
 226      6887
 227 07ce 4F98     		.ascii	"O\230"
 228 07d0 D140F365 		.ascii	"\321@\363e\003\315\215\011x|\001\375hI*\363\374TP\362"
 228      03CD8D09 
 228      787C01FD 
 228      68492AF3 
 228      FC5450F2 
 229 07e4 8A3FEBA6 		.ascii	"\212?\353\246\352\267\224#\211\015]Z\372mW\270;P\277"
 229      EAB79423 
 229      890D5D5A 
 229      FA6D57B8 
 229      3B50BF
 230 07f7 A5A21100 		.ascii	"\245\242\021\000A?\227\012\322g\002\311\207H;\2472\014"
 230      413F970A 
 230      D26702C9 
 230      87483BA7 
 230      320C
 231 0809 72A4F419 		.ascii	"r\244\364\031~\256pw!\303`<\303e\311'\265^\3414p~\267"
ARM GAS  /tmp/cc6CL0wU.s 			page 18


 231      7EAE7077 
 231      21C3603C 
 231      C365C927 
 231      B55EE134 
 232 0820 78C7DEF3 		.ascii	"x\307\336\363k\352\377\"Q\300\023\304\337\233?+/\017"
 232      6BEAFF22 
 232      51C013C4 
 232      DF9B3F2B 
 232      2F0F
 233 0832 2C7BF5B5 		.ascii	",{\365\265\337\276\366\213\027_\252XT^Q^\021\010\274"
 233      DFBEF68B 
 233      175FAA58 
 233      545E515E 
 233      1108BC
 234 0845 FE66E0D5 		.ascii	"\376f\340\325\337\254\010\374\341\3657\376\370f\340"
 234      DFAC08FC 
 234      E1F537FE 
 234      F866E0
 235 0854 C55FFDFC 		.ascii	"\305_\375\374\247\317\220}a\376[o\241\347\245\025+^"
 235      A7CF907D 
 235      61FE5B6F 
 235      A1E7A515 
 235      2B5E
 236 0866 2E5FAED9 		.ascii	"._\256\331^^\376\373\345\257\374\356\215\377\001\344"
 236      5E5EFEFB 
 236      E5AFFCEE 
 236      8DFF01E4 
 237 0876 A12FAE   		.ascii	"\241/\256"
 238              		.text
 239              		.section	.gnu.lto_.symbol_nodes.5bc3bc4569fa1610,"",%progbits
 240 0000 789C55CC 		.ascii	"x\234U\314\315\015@`\020\204\341wwi@\003\350M\037\337"
 240      CD0D4060 
 240      1084E177 
 240      77694003 
 240      E84D1FDF 
 241 0014 5281E840 		.ascii	"R\201\350@\342B%\376\242\022E\330H\034\314e\222g\222"
 241      E24225FE 
 241      A21245D8 
 241      481CCC65 
 241      926792
 242 0027 C9101A22 		.ascii	"\311\020\032\"\272i\202\376\202\250\331G\267\260]\223"
 242      BA6982FE 
 242      82A8D947 
 242      B7B05D93 
 243 0037 7CB6781D 		.ascii	"|\266x\035rh\322\237\344\253\322\026q \247&{'p\257\300"
 243      7268D29F 
 243      E4ABD216 
 243      7120A726 
 243      7B2770AF 
 244 004c 04BAE12E 		.ascii	"\004\272\341.M2\246h\036\005\342\030k"
 244      4D32A668 
 244      1E05E218 
 244      6B
 245              		.text
 246              		.section	.gnu.lto_.refs.5bc3bc4569fa1610,"",%progbits
 247 0000 789C6361 		.ascii	"x\234ca`\004B \000\000\0009\000\007"
 247      60044220 
ARM GAS  /tmp/cc6CL0wU.s 			page 19


 247      00000039 
 247      0007
 248              		.text
 249              		.section	.gnu.lto_.decls.5bc3bc4569fa1610,"",%progbits
 250 0000 789CCD58 		.ascii	"x\234\315XkPTI\226\256\274YP<\012t\321\2311&\210\031"
 250      6B505449 
 250      96AEBC59 
 250      503C0A74 
 250      D1993126 
 251 0016 B7D7D966 		.ascii	"\267\327\331f\177,\325\2503\333\273\261\023\321X\210"
 251      7F2CD5A8 
 251      33DBBBB1 
 251      13D15888 
 252 0026 10DD4E1B 		.ascii	"\020\335N\033Uv\357\356\374\030\326F\214&\332G\217`"
 252      5576EFEE 
 252      FC18D646 
 252      8C26DA47 
 252      8F60
 253 0038 ACFD6363 		.ascii	"\254\375cc/\210\212\250-\217\342\251\210\002\212\010"
 253      2F888AA8 
 253      2D8FE2A9 
 253      88028A08 
 254 0048 42292220 		.ascii	"B)\" \010\245\"\212\017TP\221\006\021\005iZ\036\315"
 254      08A5228A 
 254      0F545091 
 254      06110569 
 254      5A1ECD
 255 005b 43691FA0 		.ascii	"Ci\037\240{2\363\336\272Y\227KO\317\237\215-\370\352"
 255      7B32F3DE 
 255      BA59974B 
 255      4FCF9F8D 
 255      2DF8EA
 256 006e DE53F9E5 		.ascii	"\336S\371\345\227'O\236\314\233y\365:\244#\037\333\257"
 256      97274F9E 
 256      CC9B79F5 
 256      3AA4231F 
 256      DBAF
 257 0080 75BA0B58 		.ascii	"u\272\013X\247\333\003\346[\370\350\341\267Ou\312\207"
 257      A7DB03E6 
 257      5BF8E8E1 
 257      B74F75CA 
 257      87
 258 0091 D82700E5 		.ascii	"\330'\000\345\200\223\200\012\000\251Y\257s\375\020"
 258      8093800A 
 258      00A959AF 
 258      73FD10
 259 00a0 8E41AAFB 		.ascii	"\216A\252\373.\340\032\240\031\340\000\004@\205\277"
 259      2EE01AA0 
 259      19E00004 
 259      4085BF
 260 00af 074033BA 		.ascii	"\007@3\272\313\244>\334_\222tN\350f~\312UZr}\242\365"
 260      CBA43EDC 
 260      5F92744E 
 260      E8667ECA 
 260      555A727D 
 261 00c5 0F702D85 		.ascii	"\017p-\205\253;\340Wp\357\007\3705\300\003\360\267\000"
 261      AB3BE057 
ARM GAS  /tmp/cc6CL0wU.s 			page 20


 261      70EF07F8 
 261      35C003F0 
 261      B700
 262 00d7 BDD44EB9 		.ascii	"\275\324N\271\244]\241\241O\372\3617\263\350\313~\373"
 262      A45DA1A1 
 262      4FFAF137 
 262      B3E8CB7E 
 262      FB
 263 00e8 01E603CE 		.ascii	"\001\346\003\316\002\376\011\312~\013\210\007\210\200"
 263      02FE09CA 
 263      7E0B8807 
 263      8880
 264 00f6 DF033201 		.ascii	"\337\0032\001\351\200\271:\326.\351\327\"\270.\000x"
 264      E980B93A 
 264      D62EE9D7 
 264      22B82E00 
 264      78
 265 0107 03DE91FA 		.ascii	"\003\336\221\372(\020\177\000\277\004,\004\004\002\376"
 265      28107F00 
 265      BF042C04 
 265      0402FE
 266 0116 1B900230 		.ascii	"\033\220\0020\002\346!\026\207\223\032~N\013\350xk\351"
 266      02E62116 
 266      87931A7E 
 266      4E0BE878 
 266      6BE9
 267 0128 1E9F4ED4 		.ascii	"\036\237N\324\001!Ch.B\022\233\005\021IWr\203\230!\350"
 267      01214368 
 267      2E42129B 
 267      05114957 
 267      72839821 
 268 013d A4B83216 		.ascii	"\244\2702\026\222\245\020\375\203\177\201\362\021W\340"
 268      92A510FD 
 268      837F81F2 
 268      1157E0
 269 014c C2A33940 		.ascii	"\302\2439@?\312O\310\371\221\231\310U\024\321^\312&"
 269      3FCA4FC8 
 269      F99199C8 
 269      5514D15E 
 269      CA26
 270 015e D8825281 		.ascii	"\330\202R\201\323\223\274\227\332G|\263T\032\313\235"
 270      D393BC97 
 270      DA477CB3 
 270      541ACB9D 
 271 016e CEBD9F5F 		.ascii	"\316\275\237_/`\320\204\373\207/\217\205\006\226\212"
 271      2F60D084 
 271      FB872F8F 
 271      8506968A 
 272 017e F0491645 		.ascii	"\360I\026E\341\367Jdn'\330\017\340g\002\362\363Bz0\307"
 272      E1F74A64 
 272      6E27D80F 
 272      E06702F2 
 272      F3427A30 
 273 0193 6EE4F4FA 		.ascii	"n\344\364\372\2029\337\013-\004s\272y\177\216\260 \203"
 273      8239DF0B 
 273      2D0473BA 
 273      797F8EB0 
ARM GAS  /tmp/cc6CL0wU.s 			page 21


 273      2083
 274 01a5 D6DB262E 		.ascii	"\326\333&.\324\243O\177\216J\220?:\216\374\241\265R"
 274      D4A34F7F 
 274      8E4A903F 
 274      3A8EFCA1 
 274      B552
 275 01b7 B400BE3F 		.ascii	"\264\000\276?\3233\245}%\0237\364\357\034\022\035v\261"
 275      D333A57D 
 275      251337F4 
 275      EF1C121D 
 275      76B1
 276 01c9 27B7E68B 		.ascii	"'\267\346\213\224m\342\025\250\266\220\260\3201\204"
 276      946DE215 
 276      A8B690B0 
 276      D03184
 277 01d8 51310A24 		.ascii	"Q1\012$.\302-\271\024\241Np\376\004z\007jf\037\334g"
 277      2EC22DB9 
 277      14A14E70 
 277      FE047A07 
 277      6A661FDC 
 278 01ed C7780D75 		.ascii	"\307x\015u\364t\365\310n/P9d\027\035ww\342l\321\221"
 278      F474F5C8 
 278      6E2F5039 
 278      64171D77 
 278      77E26CD1 
 279 0202 002A0255 		.ascii	"\000*\002U)ST\312x\225r\252\"\016\324v\315\301\033\251"
 279      295354CA 
 279      789572AA 
 279      220ED476 
 279      CDC11BA9 
 280 0216 CABEA637 		.ascii	"\312\276\2467i>\222\312\263\253F19N\024?\240\032vE\303"
 280      693E92CA 
 280      B3AB4631 
 280      394E143F 
 280      A01A7645 
 281 022b CE6B9CA4 		.ascii	"\316k\234\244\032\273\007_\355C\370\177\230F^\361\035"
 281      1ABB075F 
 281      ED43F87F 
 281      98465EF1 
 281      1D
 282 023c 6FD0E811 		.ascii	"o\320\350\021\305\236\274\244\225\011\005;\034\311\210"
 282      C59EBCA4 
 282      9509053B 
 282      1CC988
 283 024b 761A9D52 		.ascii	"v\032\235RDN!\026oTA\005\036\\).!\341|\327\013\221\321"
 283      444E2116 
 283      6F544105 
 283      1E5C292E 
 283      21E17CD7 
 284 0262 9A033F95 		.ascii	"\232\003?\225\017\325\274\364a?\021\331\326}\343\205"
 284      0FD5BCF4 
 284      613F11D9 
 284      D67DE385 
 285 0272 06DC8888 		.ascii	"\006\334\210\210!\224\244\014\266z\242\000\257\243$"
 285      2194A40C 
 285      B67AA200 
 285      AFA324
ARM GAS  /tmp/cc6CL0wU.s 			page 22


 286 0281 C23D0D2D 		.ascii	"\302=\015-!);Ig\253\221\027:\243\264\361\256\027|'\212"
 286      21293B49 
 286      67AB9117 
 286      3AA3B4F1 
 286      AE177C27 
 287 0296 623C1904 		.ascii	"b<\031\004\2770\235s\010P\025\012 \272\204\207*\341"
 287      BF309D73 
 287      0850150A 
 287      20BA8487 
 287      2AE1
 288 02a8 C7D3F023 		.ascii	"\307\323\360#\264Q\\\230\222\357\216\247Y\033\307\313"
 288      B4515C98 
 288      92EF8EA7 
 288      591BC7CB 
 289 02b8 6E361990 		.ascii	"n6\031\220W\200\246@\255\206\000s&7u)\344\313\\t\026"
 289      5780A640 
 289      AD860073 
 289      26377529 
 289      E4CB5C74 
 290 02cd 7CA9517C 		.ascii	"|\251Q|\001\327\330p\357o<\332c\204n\221r1\361n#\371"
 290      01D7D870 
 290      EF6F3CDA 
 290      63846E91 
 290      7231F16E 
 291 02e3 CD5EF8E4 		.ascii	"\315^\370\344\357p1\313\270G\225\227\322\015\277)\020"
 291      EF7031CB 
 291      B8479597 
 291      D20DBF29 
 291      10
 292 02f4 0FE583D6 		.ascii	"\017\345\203\3269\013\244C\030\345\236cZ\\\032\221_"
 292      390BA443 
 292      18E59E63 
 292      5A5C1A91 
 292      5F
 293 0305 EA8833F5 		.ascii	"\352\2103\365\3507P\361\326\331\236'\276\270FR\271U"
 293      E83750F1 
 293      D6D99E27 
 293      BEB84652 
 293      B955
 294 0317 297A7A81 		.ascii	")zz\201\353\333~\222\353P#\247\366\331U7\226\320\036"
 294      EBDB7E92 
 294      EB5023A7 
 294      F6D95537 
 294      96D01E
 295 032a 60568D94 		.ascii	"`V\215\224T\371\260\204v\220\342\314\232\307\243\276"
 295      54F9B084 
 295      7690E2CC 
 295      9AC7A3BE 
 296 033a B88EAAEB 		.ascii	"\270\216\252\353\007.\\\257\367@\363\026\005,J\241)"
 296      072E5CAF 
 296      F740F316 
 296      052C4AA1 
 296      29
 297 034b EE1045A4 		.ascii	"\356\020E\244\327\241\013\240v\236\272\326\210\346Q"
 297      D7A10BA0 
 297      769EBAD6 
 297      88E651
ARM GAS  /tmp/cc6CL0wU.s 			page 23


 298 035a 679BA0AD 		.ascii	"g\233\240\255\313h\021\272\204\026\321\321\316\027\023"
 298      CB6811BA 
 298      8416D1D1 
 298      CE1713
 299 0369 B6893D29 		.ascii	"\266\211=)\031[\262Z\373D1\325\210\034\320\263\213\320"
 299      195BB25A 
 299      FB4431D5 
 299      881CD0B3 
 299      8BD0
 300 037b 0F52C1E9 		.ascii	"\017R\301\351\241\211H\224\020!\026SGCo\030$\"\",\235"
 300      A1894894 
 300      10211653 
 300      47436F18 
 300      2422222C 
 301 0390 1450A79A 		.ascii	"\024P\247\232\243\2557,\025\346\314{T\253AS+\310\237"
 301      A3AD372C 
 301      15E6CC7B 
 301      54AB4153 
 301      2BC89F
 302 03a3 C53EE754 		.ascii	"\305>\347Tc\203\001O\323N\010\335\311\243\357\243y\001"
 302      6383014F 
 302      D34E08DD 
 302      C9A3EFA3 
 302      7901
 303 03b5 9A3D4057 		.ascii	"\232=@W\301\361\331:\301|j\357] \212\036\250\031HW\224"
 303      C1F1D93A 
 303      C17C6AEF 
 303      5D208A1E 
 303      A8194857 
 304 03ca 61261ED2 		.ascii	"a&\036\322\246\032\273\342n\353\215I\316\334\241De\354"
 304      A61ABBE2 
 304      6EEB8D49 
 304      CEDCA144 
 304      65EC
 305 03dc AE2123CD 		.ascii	"\256!#\315~\270\002y\242\361\330\304\034\026\373d\004"
 305      7EB80279 
 305      A2F1D8C4 
 305      1C16FB64 
 305      04
 306 03ed 76FD9BC1 		.ascii	"v\375\233\301\253\336x\027\246CYz\343r\227\264\322$"
 306      ABDE7817 
 306      A643597A 
 306      E37297B4 
 306      D224
 307 03ff 92C2A36D 		.ascii	"\222\302\243m9c\3568\225\025\036\312\272\022/\340\034"
 307      3963EE38 
 307      95151ECA 
 307      BA122FE0 
 307      1C
 308 0410 669CE96F 		.ascii	"f\234\351on\362bL\2210\013\253{\246\020>\302\012\035"
 308      6EF2624C 
 308      91300BAB 
 308      7BA6103E 
 308      C20A1D
 309 0423 4D7B8611 		.ascii	"M{\206\021\2663#\361\321\3166\211\371\202\330o/\374"
 309      B63323F1 
 309      D1CE3689 
ARM GAS  /tmp/cc6CL0wU.s 			page 24


 309      F982D86F 
 309      2FFC
 310 0435 70DF079F 		.ascii	"p\337\007\237a\205\327\217\026\304\321\334\021%\327"
 310      6185D78F 
 310      16C4D1DC 
 310      1125D7
 311 0444 81A5787E 		.ascii	"\201\245x~\217$2\204\025\275G\323&\251~\374 \362K\226"
 311      8F243284 
 311      15BD47D3 
 311      26A97EFC 
 311      20F24B96 
 312 0458 82F8819E 		.ascii	"\202\370\201\236\346\252\222\010\355\310O\256C\333\371"
 312      E6AA9208 
 312      EDC84FAE 
 312      43DBF9
 313 0467 AEA3C093 		.ascii	"\256\243\300\223\265;J\354\224\213\317'\274\261\203"
 313      B53B4AEC 
 313      948BCF27 
 313      BCB183
 314 0476 B5DB956F 		.ascii	"\265\333\225o;\242g\205\003t\035\236\232J\320\343K\254"
 314      3BA26785 
 314      03741D9E 
 314      9A4AD0E3 
 314      4BAC
 315 0488 30BEB623 		.ascii	"0\276\266#E\012Q\017]\016\342\323\012\335\361MV\370"
 315      450A510F 
 315      5D0EE2D3 
 315      0ADDF14D 
 315      56F8
 316 049a 7AA468D4 		.ascii	"z\244h\324\035w0\243\352Qz\203\324\306}b_\23480f\304"
 316      1D7730A3 
 316      EA517A83 
 316      D4C67D62 
 316      5F9C3830 
 317 04b0 BDAC707B 		.ascii	"\275\254p{\341\235=\006<\314\214\266\376\303\011F\306"
 317      E19D3D06 
 317      3CCC8CB6 
 317      FEC30946 
 317      C6
 318 04c1 BC45EC89 		.ascii	"\274E\354\211\316\275MF\374\003+l\274\322\333\346\201"
 318      CEBD4D46 
 318      FC032B6C 
 318      BCD2DBE6 
 318      81
 319 04d2 E3F4D4D8 		.ascii	"\343\364\324\330}\251\262I\032\203+\304\216\033\260"
 319      7DA9B249 
 319      1A832BC4 
 319      8E1BB0
 320 04e1 EFC47837 		.ascii	"\357\304x7+\224\247\212\2374U\306n]L\362\304\351\254"
 320      2B94A78A 
 320      9F3455C6 
 320      6E5D4CF2 
 320      C4E9AC
 321 04f4 F0C6AED4 		.ascii	"\360\306\256\324t\001\3472\343X\377\201\257\245\006"
 321      7401E732 
 321      E358FF81 
 321      AFA506
ARM GAS  /tmp/cc6CL0wU.s 			page 25


 322 0503 DF27D1D8 		.ascii	"\337'\321\330?\232k\304GXY]\301\366b\017\\\316\214\332"
 322      3F9A6BC4 
 322      4758595D 
 322      C1F6620F 
 322      5CCE8CDA 
 323 0517 AABA2669 		.ascii	"\252\272&i2\276\007fB\313\336.#\256bee\003;\035\006"
 323      32BE0766 
 323      42CBDE2E 
 323      23AE6265 
 323      65033B1D 
 324 052c DCC08CFD 		.ascii	"\334\300\214\375\023\017\276\223:\033@Dn\274,\365\305"
 324      130FBE93 
 324      3A1B4044 
 324      6EBC2CF5 
 324      C5
 325 053d 975999FC 		.ascii	"\227Y\231\374L\362c\317\244\272\316J\023\276\315\212"
 325      4CF263CF 
 325      A4BACE4A 
 325      13BECD8A 
 326 054d 0E0FD4A4 		.ascii	"\016\017\324\244\315\301\3370c$\341I\2177\343- K\307"
 326      CDC1DF30 
 326      6324E149 
 326      8F37E32D 
 326      204BC7
 327 0560 836F937C 		.ascii	"\203o\223|q/+\333\321\220~\316\023\0173\243u\364z\256"
 327      712F2BDB 
 327      D1907ECE 
 327      130F33A3 
 327      75F47AAE 
 328 0574 449C4B22 		.ascii	"D\234K\"\324\323\215\360$+\032Lrt\010\370-3\212k\366"
 328      D4D38DF0 
 328      242B1A4C 
 328      727408F8 
 328      2D338A6B 
 329 0589 3E72C389 		.ascii	">r\303\211n\324\350\255J\230\324\343=\314(\231:x\313"
 329      6ED4E8AD 
 329      4A98D4E3 
 329      3DCC2899 
 329      3A78CB
 330 059c 13A730A3 		.ascii	"\023\2470\2439~o\221\024\215,\222\256#\031\247.\270"
 330      397E6F91 
 330      148D2C92 
 330      AE2319A7 
 330      2EB8
 331 05ae 4B4B8E27 		.ascii	"KK\216'\330Ow\037,\324\343lJ^\324\\Q^\353\213\026i}"
 331      D84F771F 
 331      2CD4E36C 
 331      4A5ED45C 
 331      515EEB8B 
 332 05c5 E691AF00 		.ascii	"\346\221\257\000\247\311V\205\216~nU\350\200\011\232"
 332      A7C95685 
 332      8E7E6E55 
 332      E880099A 
 333 05d5 2170ABC2 		.ascii	"!p\253\302}\344\\\026\030}t\035ybb\312nU\263o#eAb\364"
 333      7DE45C16 
 333      187D741D 
 333      796262CA 
ARM GAS  /tmp/cc6CL0wU.s 			page 26


 333      6E55B36F 
 334 05ee 718E7E4B 		.ascii	"q\216~KMoQ\213\267r\354n5\273K\315\236\344\3307\324"
 334      4D6F518B 
 334      B772EC6E 
 334      35BB4BCD 
 334      9EE4D837 
 335 0603 ECEB3C1B 		.ascii	"\354\353<\033\326\026\307-\211M\246]\217\232\375\320"
 335      D616C72D 
 335      894DA65D 
 335      8F9AFDD0 
 336 0613 C571B26A 		.ascii	"\305q\262jU\257\213\243t\230\227\250_\242;\027\275'"
 336      55AF8BA3 
 336      749897A8 
 336      5FA23B17 
 336      BD27
 337 0625 6A57B238 		.ascii	"jW\2628W&\324\342\343\256\342\340\213\215\363eRM\177"
 337      5726D4E2 
 337      E3AEE2E0 
 337      8B8DF365 
 337      524D7F
 338 0638 3E2388DD 		.ascii	">#\210\335\234z\233v\3149_\276\341\330\027\265\307\223"
 338      9C7A9B76 
 338      CC395FBE 
 338      E1D817B5 
 338      C793
 339 064a 173FC3D1 		.ascii	"\027?\303\321\007\324\364og\320\017p\364\357\325\364"
 339      07D4F46F 
 339      67D00F70 
 339      F4EFD5F4 
 340 065a 61B52F53 		.ascii	"a\265/S\221\012\373\265\232}~F\320\273\270\240\337U"
 340      910AFBB5 
 340      9A7D7E46 
 340      D0BBB8A0 
 340      DF55
 341 066c 07FD8ECB 		.ascii	"\007\375\216\313\210\002\373\036\307\356T\263\277Q\273"
 341      8802FB1E 
 341      C7EE54B3 
 341      BF51BB
 342 067b 62E71C1F 		.ascii	"b\347\034\037R\273\362T\315N\346\330/\325\354\0273\242"
 342      52BBF254 
 342      CD4EE6D8 
 342      2FD5EC17 
 342      33A2
 343 068d 7287A33F 		.ascii	"r\207\243?\320N\\\276\2379\234\347cj\317G\325\276\244"
 343      D04E5CBE 
 343      9F399CE7 
 343      636ACF47 
 343      D5BEA4
 344 06a0 72E23F68 		.ascii	"r\342?hg\013e\247H\273o\372\200~\013\2047\264\214\320"
 344      670B65A7 
 344      48BB6FFA 
 344      807E0B84 
 344      37B48CD0 
 345 06b4 C9D379BF 		.ascii	"\311\323y\277\020\200\012\205E(\037\220\005\370\032"
 345      10800A85 
 345      45281F90 
 345      05F81A
ARM GAS  /tmp/cc6CL0wU.s 			page 27


 346 06c3 7010900A 		.ascii	"p\020\220\012H\007\354\002\344\001\022\0016\300^\300"
 346      4807EC02 
 346      E4011201 
 346      36C05EC0 
 347 06d3 01400A20 		.ascii	"\001@\012 \023p\030\260\007\260\023\220\015\310\005"
 347      137018B0 
 347      07B01390 
 347      0DC805
 348 06e2 14007600 		.ascii	"\024\000v\000\022\000i\200d@\034`7`\037 \011\020\017"
 348      12006980 
 348      64401C60 
 348      37601F20 
 348      09100F
 349 06f5 D806C801 		.ascii	"\330\006\310\001l\007\034\022\344-\016\231\012\247\270"
 349      6C071C12 
 349      E42D0E99 
 349      0AA7B8
 350 0704 A930A83D 		.ascii	"\2510\250=,|\240_q\0115\245\235P\\\344\316r\221\353"
 350      2C7CA05F 
 350      710935A5 
 350      9D505CE4 
 350      CE7291EB 
 351 0718 53B31FAB 		.ascii	"S\263\037\253\331\3178\366M\355\265\212\337kMH{-\240"
 351      D9CF38F6 
 351      4DEDB58A 
 351      DF6B4D48 
 351      7B2DA0
 352 072b CDDC6BE5 		.ascii	"\315\334k\345\361\253\352\210\366<\341\373U\307\265"
 352      F1ABEA88 
 352      F63CE1FB 
 352      55C7B5
 353 073a DDABED29 		.ascii	"\335\253\355)O\177\303\205\341\225vzr\035\313\340\304"
 353      4F7FC385 
 353      E195767A 
 353      721DCBE0 
 353      C4
 354 074b 9F69AF4E 		.ascii	"\237i\257N\034\373\005\307\026\005\315e\225w\3454G\377"
 354      1CFB05C7 
 354      1605CD65 
 354      9577E534 
 354      47FF
 355 075d 4E7BFDE0 		.ascii	"N{\375\340\3059\307\247\325l\223Z\273\236\323~\244\275"
 355      C539C7A7 
 355      D56C935A 
 355      BB9ED37E 
 355      A4BD
 356 076f 66F3CF03 		.ascii	"f\363\317\003N\273AS[\336\336>/-}\340\215\363\351\003"
 356      4EBB4153 
 356      5BDEDE3E 
 356      2F2D7DE0 
 356      8DF3E903 
 357 0783 5338D9FA 		.ascii	"S8\331\372\270\324\350\334\337\252\246\017*\202Y\363"
 357      B8D4E8DC 
 357      DFAAA60F 
 357      2A8259F3 
 358 0793 FF7506B1 		.ascii	"\377u\006\261<|\335O\367\327G\301\311#\202s\177M\262"
 358      3C7CDD4F 
ARM GAS  /tmp/cc6CL0wU.s 			page 28


 358      F7D747C1 
 358      C9238273 
 358      7F4DB2
 359 07a6 92F6F5F5 		.ascii	"\222\366\365\365\276\374V/~\177}T\340\367\327\307\004"
 359      BEFC562F 
 359      7E7F7D54 
 359      E0F7D7C7 
 359      04
 360 07b7 B6BF862B 		.ascii	"\266\277\206+\331\367w\034\270\346\301\223\311aT!\027"
 360      D9F7771C 
 360      B8E6C193 
 360      C9615421 
 360      17
 361 07c8 4BE4624A 		.ascii	"K\344bJ~\331\372\365"
 361      7ED9FAF5 
 362 07d0 76375CC6 		.ascii	"v7\\\306\366(\027\037\330\355\036\270\322\315e\177="
 362      F628171F 
 362      D8ED1EB8 
 362      D2CD657F 
 362      3D
 363 07e1 5FDA5F4F 		.ascii	"_\332_O\3675\364x\342:Z\350n\273\236\375\306H7(\001"
 363      F735F478 
 363      E23A5AE8 
 363      6EBB9EFD 
 363      C6483728 
 364 07f6 F3D8C0A5 		.ascii	"\363\330\300\245\264\317WF\256\004\372P\241=r\322r\330"
 364      B4CF5746 
 364      AE04FA50 
 364      A13D72D2 
 364      72D8
 365 0808 0EC7ED35 		.ascii	"\016\307\3555\316Q\236\311\3453\310\246\220\217\253"
 365      CE519EC9 
 365      E533C8A6 
 365      908FAB
 366 0817 85672C17 		.ascii	"\205g,\027\031\012\371\2046\231\237\377\323\367\214"
 366      190AF984 
 366      36999FFF 
 366      D3F78C
 367 0826 24EE15AE 		.ascii	"$\356\025\256\323\337%\213J\005\177i6VH)t\012R\250\014"
 367      D3DF258B 
 367      4A057F69 
 367      36564829 
 367      740A52A8 
 368 083b 86B01C60 		.ascii	"\206\260\034`\007\234\224\206\022\202\224\3257\015\373"
 368      079C9486 
 368      128294D5 
 368      370DFB
 369 084a 928B2C29 		.ascii	"\222\213,)\237\332\3432\261:)e9t\006T\376\222\"s2;\023"
 369      9FDAE332 
 369      B13A2965 
 369      39740654 
 369      FE922273 
 370 0861 11272B81 		.ascii	"\021'+\201|ZI\216\01299\316:F\212\274\371\361\256tI"
 370      7C5A498E 
 370      0A3939CE 
 370      3A468ABC 
 370      F9F1AE74 
ARM GAS  /tmp/cc6CL0wU.s 			page 29


 371 0876 8E2A69BC 		.ascii	"\216*i\274\253\350x\217M\345VI[\350\371dP\037&'\033"
 371      ABE8788F 
 371      4DE55649 
 371      5BE8F964 
 371      501F2627 
 372 088b D8201F22 		.ascii	"\330 \037\"\203\334\236Uw\335k\326\323\320YA:\015\035"
 372      83DC9E55 
 372      77DD6BD6 
 372      D3D05941 
 372      3A0D1D
 373 089e 67A7E8A9 		.ascii	"g\247\350\251\311\312)7\3518$\312\307\241\032\350`\265"
 373      C9CA2937 
 373      E93824CA 
 373      C7A11AE8 
 373      60B5
 374 08b0 40E8B582 		.ascii	"@\350\265\202\237\\\211\260+[\333'=q+\313\256\266\233"
 374      9F5C89B0 
 374      2B5BDB27 
 374      3D712BCB 
 374      AEB69B
 375 08c3 A5435EF2 		.ascii	"\245C^\362\221=\371\247\034\331\267\275\272\235`\344"
 375      913DF9A7 
 375      1CD9B7BD 
 375      BA9D60E4 
 376 08d3 1B3B27FC 		.ascii	"\033;'\374Hc\265M\255\315\010\267\263\306.\214\333\345"
 376      4863B54D 
 376      ADCD08B7 
 376      B3C62E8C 
 376      DBE5
 377 08e5 BD37390F 		.ascii	"\27579\017gv\237yi\234\265\223\347\345N:\004\332nV|"
 377      67769F79 
 377      699CB593 
 377      E7E54E3A 
 377      04DA6E56 
 378 08fa 61915EDD 		.ascii	"a\221^\335I%).\320v\317\313\355&t\235?:\303\313Y\331"
 378      4925292E 
 378      D076CFCB 
 378      ED26749D 
 378      3F3AC3CB 
 379 0910 FD6F2AAE 		.ascii	"\375o*\256\032p\027\3632-\365\305U\017\334\303\214\211"
 379      1A7017F3 
 379      322DF5C5 
 379      550FDCC3 
 379      8C89
 380 0922 92D123EE 		.ascii	"\222\321#\356\270\217\031\365iEi\006\376\330IDg=vf\275"
 380      B88F19F5 
 380      69456906 
 380      FED84944 
 380      673D7666 
 381 0937 3CFCD407 		.ascii	"<\374\324\007\017\260\252\303#S\345\276xX:\220\224\236"
 381      0FB0AAC3 
 381      2353E5BE 
 381      78583A90 
 381      949E
 382 0949 6FF1C6E3 		.ascii	"o\361\306\343\314\230J\316\253\360\304/\244\010\025"
 382      CC984ACE 
 382      ABF0C42F 
ARM GAS  /tmp/cc6CL0wU.s 			page 30


 382      A40815
 383 0958 1C4CF5C4 		.ascii	"\034L\365\304\323\314x\233\234\230m\300\361\356\324"
 383      D3CC789B 
 383      9C986DC0 
 383      F1EED4
 384 0967 B0B5D80A 		.ascii	"\260\265\330\012\274\361Nf\274\036\260u \026H#wL\235"
 384      BCF14E66 
 384      BC1EB075 
 384      20164823 
 384      774C9D
 385 097a 2F1D53CB 		.ascii	"/\035S\313&\277\316\364\306{\031\267\275#\241F\342z"
 385      26BFCEF4 
 385      C67B19B7 
 385      BD23A146 
 385      E27A
 386 098c 93B3FBAB 		.ascii	"\223\263\373\253\366\206\331\317\331mr\320[Y\320\313"
 386      F686D9CF 
 386      D96D72D0 
 386      5B59D0CB 
 387 099c B7F7157B 		.ascii	"\267\367\025{@e\177/X\305\271\327c\376\354\365\330i"
 387      40657F2F 
 387      58C5B9D7 
 387      63FEECF5 
 387      D869
 388 09ae C7C4093D 		.ascii	"\307\304\011=N\241\015\011\267+:.\361\257\307~UM\336"
 388      4EA10D09 
 388      B72B3A2E 
 388      F1AFC77E 
 388      554DDE
 389 09c1 48DD8710 		.ascii	"H\335\207\020\335Sf\213\277\363\355\330h\276\350\276"
 389      DD53668B 
 389      BFF3EDD8 
 389      68BEE8BE 
 390 09d1 408796D0 		.ascii	"@\207\226\3203=j\207\231\347/%\333]\030\246;\254\375"
 390      333D6A87 
 390      99E72F25 
 390      DB5D18A6 
 390      3BACFD
 391 09e4 E2BC638D 		.ascii	"\342\274c\215>x?k`\3306\230\210\235\015\344\246\372"
 391      3E783F6B 
 391      60D83698 
 391      889D0DE4 
 391      A6FA
 392 09f6 9790063A 		.ascii	"\227\220\006:\241\201\016\245\201\373\302,-|\243\335"
 392      A1810EA5 
 392      81FBC22C 
 392      2D7CA3DD 
 393 0a06 8223CF96 		.ascii	"\202#\317\226\344\253$\012\242z\267\240\374&M\347.\232"
 393      E4AB240A 
 393      A27AB7A0 
 393      FC264DE7 
 393      2E9A
 394 0a18 286D72A2 		.ascii	"(mr\242\034\336U\221,M\227\237\244\336\221\237}b\016"
 394      1CDE5591 
 394      2C4D979F 
 394      A4DE919F 
 394      7D620E
ARM GAS  /tmp/cc6CL0wU.s 			page 31


 395 0a2b AFFEE0C7 		.ascii	"\257\376\340\307\324\317\265v}\200\013\330\260=o\351"
 395      D4CFB576 
 395      7D800BD8 
 395      B03D6FE9 
 396 0a3b 82A77411 		.ascii	"\202\247t\0213\022\2565\027\031p\0113\206\212o\\q\307"
 396      3312AE35 
 396      17197009 
 396      33868A6F 
 396      5C71C7
 397 0a4e 2799D1D7 		.ascii	"'\231\321\327\377\252\032\3433\3148:\224\277\327\023"
 397      FFAA1AE3 
 397      33CC383A 
 397      94BFD713 
 398 0a5e D74A75FA 		.ascii	"\327Ju\372FZ\244s\363\0362t\257G\317\334\221\223\204"
 398      465AA473 
 398      F31E3274 
 398      AF47CFDC 
 398      919384
 399 0a71 BC6B7BFA 		.ascii	"\274k{\372\374\311[\017|\236\222\177\361893\203=G\346"
 399      FCC95B0F 
 399      7C9E927F 
 399      F1383933 
 399      833D47E6 
 400 0a85 B99C7203 		.ascii	"\271\234r\003\234g\333\236\274\311\177\377\376\216\362"
 400      9C67DB9E 
 400      BCC97FFF 
 400      FE8EF2
 401 0a94 FEAC1742 		.ascii	"\376\254\027B>\364\243\217\213\214n\347\023\340\272"
 401      3EF4A38F 
 401      8B8C6EE7 
 401      13E0BA
 402 0aa3 9A3C3A63 		.ascii	"\232<:c\353\363\242\323\311~\254f\317x\270\034T\244"
 402      EBF3A2D3 
 402      C97EAC66 
 402      CF78B81C 
 402      54A4
 403 0ab5 AFA8C9FC 		.ascii	"\257\250\311\374>\327e\305\357\207\260?\241a\037\222"
 403      3ED765C5 
 403      EF87B03F 
 403      A1611F92 
 404 0ac5 96FB5730 		.ascii	"\226\373W0hp\312G\003\200\247\200a\300(\340{\300K\300"
 404      6870CA47 
 404      0380A780 
 404      61C028E0 
 404      7BC04BC0 
 405 0ad9 24E019E0 		.ascii	"$\340\031\340;\300\030\3409\340\007\300 `\012\360\006"
 405      3BC018E0 
 405      39E007C0 
 405      20600AF0 
 405      06
 406 0aea 3002780D 		.ascii	"0\002x\015\030\007L\000^\010\334KG\307+\245W\217\264"
 406      18074C00 
 406      5E08DC4B 
 406      47C72BA5 
 406      578FB4
 407 0afd 7B25C7C0 		.ascii	"{%\307\300F\266\177\254[dUiT\263\237\314\334\267*\332"
 407      46B67FAC 
ARM GAS  /tmp/cc6CL0wU.s 			page 32


 407      5B645569 
 407      54B39FCC 
 407      DCB72ADA 
 408 0b11 0FD5EC99 		.ascii	"\017\325\354\231\247\252)\205\335\243\315\346\217\340"
 408      A7AA2985 
 408      DDA3CDE6 
 408      8FE0
 409 0b1f 4A7CAFA9 		.ascii	"J|\257\251\311.\347R\033\234\275\252\377D\270\365\202"
 409      C92EE752 
 409      1B9CBDAA 
 409      FF44B8F5 
 409      82
 410 0b30 1FAA93B8 		.ascii	"\037\252\223\270\362\323\300\3655\003y\204\236\245\\"
 410      F2D3C0F5 
 410      35037984 
 410      9EA55C
 411 0b3f 7846D0A3 		.ascii	"xF\320\243\272\013w\346i\332\246xqC;\2018\227s\024\362"
 411      BA0B77E6 
 411      69DAA678 
 411      71433B81 
 411      38977314 
 412 0b54 556D9779 		.ascii	"Um\227y\351T\205\335\242f\217\317`\037P\330\315\332"
 412      E95485DD 
 412      A2668FCF 
 412      601F50D8 
 412      CDDA
 413 0b66 E9C63952 		.ascii	"\351\3069R\247\220\277U\223]_\322@\354\222\377$\332"
 413      A790BF55 
 413      935D5FD2 
 413      40EC92FF 
 413      24DA
 414 0b78 FF137543 		.ascii	"\377\023uC<nK\\yq\340\017\243l\3731\326I\367HC\352#"
 414      3C6E4B5C 
 414      7971E00F 
 414      A36CFB31 
 414      D649F748 
 415 0b8f 121983AA 		.ascii	"\022\031\203\252\203?c\247\340\213 \325 I9\2678\217"
 415      833F63A7 
 415      E08B20D5 
 415      204939B7 
 415      388F
 416 0ba1 D54366A7 		.ascii	"\325Cf\247\303p\031\270M\022\327ybv9e\220\244|\326\351"
 416      C37019B8 
 416      4D12D779 
 416      62763965 
 416      90A47CD6 
 417 0bb6 4CCA3ECD 		.ascii	"L\312>\3159\317qO)\011|I;\201\345SC\313\303\364\026"
 417      39CF714F 
 417      29097C49 
 417      3B81E553 
 417      43CBC3F4 
 418 0bcb 3DDE6DA0 		.ascii	"=\336m\240\013\273\255\373\333\273\276\352\015\232<"
 418      0BBBADFB 
 418      DBBBBEEA 
 418      0D9A3C
 419 0bda 5D511C0E 		.ascii	"]Q\034\016\370?\231\261\322[\377n\272\311\023\361<\364"
 419      F83F99B1 
ARM GAS  /tmp/cc6CL0wU.s 			page 33


 419      D25BFF6E 
 419      BAC913F1 
 419      3CF4
 420 0bec 5679AA0C 		.ascii	"Vy\252\014\311\233<[C\375u\037~\223G\210\312\3633\036"
 420      C99B3C5B 
 420      43FD751F 
 420      7E934788 
 420      CAF3331E 
 421 0c00 B34D1E5C 		.ascii	"\263M\036\\\201|o87\325\015\333h'\321xN\323\240\027"
 421      817C6F38 
 421      37D50DDB 
 421      6827D178 
 421      4ED3A017 
 422 0c14 CE61C6FE 		.ascii	"\316a\306\376\262\343\011\030\3472\243\253.\256\321"
 422      B2E30918 
 422      E732A3AB 
 422      2EAED1
 423 0c23 171F61C6 		.ascii	"\027\037a\306\243\274\370>7|\234\031\325\347\206\027"
 423      A3BCF83E 
 423      377C9C19 
 423      D5E78617 
 424 0c33 B325DC9F 		.ascii	"\263%\334\237l0\037\2149\274\245\025\234\254\350y\203"
 424      6C301F8C 
 424      39BCA515 
 424      9CACE879 
 424      83
 425 0c44 033DDEB8 		.ascii	"\003=\336\270\214R=Of\247\332|\345\025<@Z\263S\356\255"
 425      8C523D4F 
 425      66A7DA7C 
 425      E5153C40 
 425      5AB353EE 
 426 0c59 CB38B243 		.ascii	"\3138\262CN\307\355\030\243}\370\307\326\325\003\312"
 426      4EC7ED18 
 426      A37DF8C7 
 426      D6D503CA 
 427 0c69 2291A04D 		.ascii	"\"\221\240M\346\247\205]aoS\263g.@Y\012{\207\232\315"
 427      E6A7855D 
 427      616F53B3 
 427      672E4059 
 427      0A7B879A 
 428 0c7e 3D3B5C72 		.ascii	"=;\\r`\027\366G\211\230\024\022:I\200TH\206\024\014"
 428      6017F647 
 428      89981412 
 428      3A498054 
 428      4886140C 
 429 0c92 C745C06E 		.ascii	"\307E\300n\300\036@\032`/ \031\363K\357)\245\275$u{"
 429      C01E401A 
 429      602F2019 
 429      F34BEF29 
 429      A5BD2475 
 430 0ca7 CFD51DCF 		.ascii	"\317\325\035\317P\310;5\235\343\346a\032\233\207\300"
 430      50C83B35 
 430      9DE3E661 
 430      1A9B87C0 
 431 0cb7 D17855D1 		.ascii	"\321xU\3219\337\365\334\254\021\024y\012\354\350\020"
 431      39DFF5DC 
 431      AC111479 
ARM GAS  /tmp/cc6CL0wU.s 			page 34


 431      0AECE810 
 432 0cc7 EF7BE34A 		.ascii	"\357{\343Ji\012\334v\014\315QO\001\271\373(\003z\375"
 432      690ADC76 
 432      0CCD514F 
 432      01B9FB28 
 432      037AFD
 433 0cda D7448039 		.ascii	"\327D\2009Z\331IS9\035*\332\2603\225\211\337\264\375"
 433      5AD94953 
 433      391D2ADA 
 433      B0339589 
 433      DFB4FD
 434 0ced 5DDBBFDF 		.ascii	"]\333\277\337\346r\230MwI\345L)\225\311\365\227\237"
 434      E672984D 
 434      7749E54C 
 434      2995C9F5 
 434      979F
 435 0cff AF591FB1 		.ascii	"\257Y\037\261~\375\332\210\317\326D~\261\345\313\210"
 435      7EFDDA88 
 435      CFD6447E 
 435      B1E5CB88 
 436 0d0f B59B36AC 		.ascii	"\265\2336\254\211\336\030\021\2751:\326c\305\037>Yh"
 436      89DE1811 
 436      BD313AD6 
 436      63C51F3E 
 436      5968
 437 0d21 0E0AD2FD 		.ascii	"\016\012\322\375K`\240\311\374y\364g\321\037[#\202\376"
 437      4B60A0C9 
 437      FC79F467 
 437      D11F5B23 
 437      82FE
 438 0d33 39302830 		.ascii	"90(0\310d\332\024c\202\232\246/7m\216\2151YW\257\\\262"
 438      C864DA14 
 438      63829AA6 
 438      2F376D8E 
 438      8D315957 
 439 0d4a 987D872E 		.ascii	"\230}\207.\335\272\325$i\006F\352\214\262<\021\234\033"
 439      DDBAD524 
 439      690646EA 
 439      8CB23C11 
 439      9C1B
 440 0d5c 13BB61C9 		.ascii	"\023\273a\311\342\210\310\365\233\"\277\240?\030\242"
 440      E288C8F5 
 440      9B22BFA0 
 440      3F18A2
 441 0d6b 37FF391C 		.ascii	"7\3779\034\256\377\372\3276\300\204\242c6\007~\256\363"
 441      AEFFFAD7 
 441      36C084A2 
 441      6336077E 
 441      AEF3
 442 0d7d 8A88D812 		.ascii	"\212\210\330\022\2751\026\354\330\1774m\211\331l\212"
 442      BD3116EC 
 442      D87F346D 
 442      89D96C8A 
 443 0d8d DE18B97E 		.ascii	"\336\030\271~\313\332(\323\306\250\377Z\037\375\231"
 443      CBDA28D3 
 443      C6A8FF5A 
 443      1FFD99
ARM GAS  /tmp/cc6CL0wU.s 			page 35


 444 0d9c 69C39AC8 		.ascii	"i\303\232\310\317\2437F\231\"\326F\255[\263e}lD\354"
 444      CFA33746 
 444      9922D646 
 444      AD5BB365 
 444      7D6C44EC 
 445 0db0 575F46C5 		.ascii	"W_F\305@E\017\271\332;Z\325b\276\2121E\304\304\256\005"
 445      40450FB9 
 445      DA3B5AD5 
 445      62BE8A31 
 445      45C4C4AE 
 446 0dc5 0E70E758 		.ascii	"\016p\347X\277\212\211\215\332`\336\2649\312L\334\027"
 446      BF8A898D 
 446      DA60DEB4 
 446      39CA4CDC 
 446      17
 447 0dd6 CC166CB6 		.ascii	"\314\026l\266Zfq<r\323\206\015\2336\232\242\266\306"
 447      5A66713C 
 447      72D3860D 
 447      9B369AA2 
 447      B6C6
 448 0de8 82CF6AB7 		.ascii	"\202\317j\267\327-]\372\273\255[A\323{\325\277Y\"V\203"
 448      D72D5DFA 
 448      BBAD5B41 
 448      D37BD5BF 
 448      59225683 
 449 0dfc 332151EB 		.ascii	"3!Q\353<\314\037\256\010^\275\374\017\026C\210\371C"
 449      3CCC1FAE 
 449      085EBDFC 
 449      0F164388 
 449      F943
 450 0e0e 73E80A8B 		.ascii	"s\350\012\213\327\252\217>\262\006\207\313\267\341\213"
 450      D7AA8F3E 
 450      B20687CB 
 450      B7E18B
 451 0e1d ADE4D6CD 		.ascii	"\255\344\326\315j5\257\260xZ\226[\227[>]\036\362;\375"
 451      6A35AFB0 
 451      785A965B 
 451      975B3E5D 
 451      1EF23BFD 
 452 0e31 B210B362 		.ascii	"\262\020\263b\376\3263x\325\262\305\037\255\002\031"
 452      FED63378 
 452      D5B2C51F 
 452      AD0219
 453 0e40 7217C4EE 		.ascii	"r\027\304\356\344\322\245\236\301a\313\226H\245aN^\230"
 453      E4D2A59E 
 453      C161CB96 
 453      48A5614E 
 453      5E98
 454 0e52 9AB7C440 		.ascii	"\232\267\304@T\210+D\203/Yl \012\264$Lb\204\2712\202"
 454      54882B44 
 454      832F596C 
 454      200AB424 
 454      4C6284B9 
 455 0e68 3C485D8B 		.ascii	"<H]\213u\265\205\334\004\221\033g\331{\036\2446+\013"
 455      75B585DC 
 455      04911B67 
 455      D97B1EA4 
ARM GAS  /tmp/cc6CL0wU.s 			page 36


 455      362B0B
 456 0e7b 9349618C 		.ascii	"\223Ia\214\204\315\341\026=\351\240\001\372J\256\036"
 456      84CDE116 
 456      3DE9A001 
 456      FA4AAE1E 
 457 0e8b 5218167B 		.ascii	"R\030\026{[\314f9H\356D3\364\217\356\341!\346\217C\226"
 457      5BCC6639 
 457      48EE4433 
 457      F48FEEE1 
 457      21E68F43 
 458 0ea0 136B71E8 		.ascii	"\023kq\350\037}C\226\255Xi\376D\346\350\303\255\301"
 458      1F7D4396 
 458      AD5869FE 
 458      44E6E8C3 
 458      ADC1
 459 0eb2 16FDCA95 		.ascii	"\026\375\312\225\241\026\034\034b\301!p]\025j\321\007"
 459      A1161C1C 
 459      62C12170 
 459      5D156AD1 
 459      07
 460 0ec3 875A2DFA 		.ascii	"\207Z-\372e\241\301\0267(\002B\010\261\303\310\227\031"
 460      65A1C116 
 460      37280242 
 460      08B1C3C8 
 460      9719
 461 0ed5 BEDCAC61 		.ascii	"\276\334\254a0\230\330\032\266\312\223%\323\373\021"
 461      3098D81A 
 461      B6CA9325 
 461      D3FB11
 462 0ee4 B106E98A 		.ascii	"\261\006\351\212\3150\324V\263\305-8\334b\266\350?]"
 462      CD30D456 
 462      B3C52D38 
 462      DC62B6E8 
 462      3F5D
 463 0ef6 FDB1451F 		.ascii	"\375\261E\037\016l7\363\252O\302C\340;\330l1\377\305"
 463      0E6C37F3 
 463      AA4FC243 
 463      E03BD86C 
 463      31FFC5
 464 0f09 3408B6AC 		.ascii	"4\010\266\2544\231WZ\303\255&\222B\246p)\327\"\301\210"
 464      3499575A 
 464      C3AD2692 
 464      42A67029 
 464      D722C188 
 465 0f1d 88DCB094 		.ascii	"\210\334\260\224d\243\325\274\214v\302\355\343U\253"
 465      64A3D5BC 
 465      8C76C2ED 
 465      E355AB
 466 0f2c CD16C16A 		.ascii	"\315\026\301j1\300\315\207\313\377\303\242'_\030\232"
 466      31C0CD87 
 466      CBFFC3A2 
 466      275F189A 
 467 0f3c 71A72541 		.ascii	"q\247%A>\241\037\005[\303\344\016\377/\255\201\025\240"
 467      3EA11F05 
 467      5BC3E40E 
 467      FF2FAD81 
 467      15A0
ARM GAS  /tmp/cc6CL0wU.s 			page 37


 468              		.text
 469              		.section	.gnu.lto_.symtab.5bc3bc4569fa1610,"",%progbits
 470 0000 68616C5F 		.ascii	"hal_lld_init\000"
 470      6C6C645F 
 470      696E6974 
 470      00
 471 000d 00       		.ascii	"\000"
 472 000e 00       		.ascii	"\000"
 473 000f 00       		.ascii	"\000"
 474 0010 00000000 		.ascii	"\000\000\000\000\000\000\000\000"
 474      00000000 
 475 0018 AF000000 		.ascii	"\257\000\000\000"
 476 001c 73746D33 		.ascii	"stm32_clock_init\000"
 476      325F636C 
 476      6F636B5F 
 476      696E6974 
 476      00
 477 002d 00       		.ascii	"\000"
 478 002e 00       		.ascii	"\000"
 479 002f 00       		.ascii	"\000"
 480 0030 00000000 		.ascii	"\000\000\000\000\000\000\000\000"
 480      00000000 
 481 0038 B1000000 		.ascii	"\261\000\000\000"
 482 003c 53797374 		.ascii	"SystemCoreClock\000"
 482      656D436F 
 482      7265436C 
 482      6F636B00 
 483 004c 00       		.ascii	"\000"
 484 004d 00       		.ascii	"\000"
 485 004e 00       		.ascii	"\000"
 486 004f 00000000 		.ascii	"\000\000\000\000\000\000\000\000"
 486      00000000 
 487 0057 BE000000 		.ascii	"\276\000\000\000"
 488 005b 69727149 		.ascii	"irqInit\000"
 488      6E697400 
 489 0063 00       		.ascii	"\000"
 490 0064 02       		.ascii	"\002"
 491 0065 00       		.ascii	"\000"
 492 0066 00000000 		.ascii	"\000\000\000\000\000\000\000\000"
 492      00000000 
 493 006e B3000000 		.ascii	"\263\000\000\000"
 494              		.text
 495              		.section	.gnu.lto_.opts,"",%progbits
 496 0000 272D666D 		.ascii	"'-fmath-errno' '-fsigned-zeros' '-ftrapping-math' '"
 496      6174682D 
 496      6572726E 
 496      6F272027 
 496      2D667369 
 497 0033 2D666E6F 		.ascii	"-fno-trapv' '-fno-strict-overflow' '-fno-openmp' '-"
 497      2D747261 
 497      70762720 
 497      272D666E 
 497      6F2D7374 
 498 0066 666E6F2D 		.ascii	"fno-openacc' '-mcpu=cortex-m4' '-mthumb' '-mfloat-a"
 498      6F70656E 
 498      61636327 
 498      20272D6D 
ARM GAS  /tmp/cc6CL0wU.s 			page 38


 498      6370753D 
 499 0099 62693D68 		.ascii	"bi=hard' '-mfpu=fpv4-sp-d16' '-g' '-ggdb' '-Og' '-f"
 499      61726427 
 499      20272D6D 
 499      6670753D 
 499      66707634 
 500 00cc 6F6D6974 		.ascii	"omit-frame-pointer' '-falign-functions=16' '-ffunct"
 500      2D667261 
 500      6D652D70 
 500      6F696E74 
 500      65722720 
 501 00ff 696F6E2D 		.ascii	"ion-sections' '-fdata-sections' '-fno-common' '-flt"
 501      73656374 
 501      696F6E73 
 501      2720272D 
 501      66646174 
 502 0132 6F2700   		.ascii	"o'\000"
 503              		.text
 504              		.comm	__gnu_lto_v1,1,1
 505              		.comm	__gnu_lto_slim,1,1
 506              		.ident	"GCC: (15:5.4.1+svn241155-1) 5.4.1 20160919"
ARM GAS  /tmp/cc6CL0wU.s 			page 39


DEFINED SYMBOLS
                            *ABS*:0000000000000000 hal_lld.c
                            *COM*:0000000000000001 __gnu_lto_v1
                            *COM*:0000000000000001 __gnu_lto_slim

NO UNDEFINED SYMBOLS
