ARM GAS  /tmp/ccVxJrKp.s 			page 1


   1              		.syntax unified
   2              		.cpu cortex-m4
   3              		.eabi_attribute 27, 1
   4              		.eabi_attribute 28, 1
   5              		.fpu fpv4-sp-d16
   6              		.eabi_attribute 20, 1
   7              		.eabi_attribute 21, 1
   8              		.eabi_attribute 23, 3
   9              		.eabi_attribute 24, 1
  10              		.eabi_attribute 25, 1
  11              		.eabi_attribute 26, 1
  12              		.eabi_attribute 30, 1
  13              		.eabi_attribute 34, 1
  14              		.eabi_attribute 18, 4
  15              		.thumb
  16              		.syntax unified
  17              		.file	"hal_qei_lld.c"
  18              		.text
  19              	.Ltext0:
  20              		.section	.gnu.lto_.profile.a0871edf95e424db,"",%progbits
  21 0000 789C6361 		.ascii	"x\234ca`d`e`\000\222\315\2149\000\002u\000\374"
  21      60646065 
  21      600092CD 
  21      8C390002 
  21      7500FC
  22              		.text
  23              		.section	.gnu.lto_.inline.a0871edf95e424db,"",%progbits
  24 0000 789C6361 		.ascii	"x\234ca`d\000\201|\006\004`e`\340\224bd`bY \317\300"
  24      60640081 
  24      7C060460 
  24      6560E094 
  24      62646062 
  25 0018 B6409E09 		.ascii	"\266@\236\011$\306\304\315\000T\011!\231\031N2(\003"
  25      24C6C4CD 
  25      00540921 
  25      99194E32 
  25      2803
  26 002a 39757B57 		.ascii	"9u{W13\210L/\005+`a\220\342\000\212\351\034\011c\340"
  26      3133884C 
  26      2F052B60 
  26      6190E200 
  26      8AE91C09 
  27 0040 68D26282 		.ascii	"h\322b\202\230\303\312\002\024b\336!\316\300\336\241"
  27      98C3CA02 
  27      1462DE21 
  27      CEC0DEA1 
  28 0050 0E1662C3 		.ascii	"\016\026b\303\024b\000\000\255c\013\236"
  28      14620000 
  28      AD630B9E 
  29              		.text
  30              		.section	.gnu.lto_.jmpfuncs.a0871edf95e424db,"",%progbits
  31 0000 789C6361 		.ascii	"x\234ca`d\000\001a\006\004`\005\223\314\014\014,`6\033"
  31      60640001 
  31      61060460 
  31      0593CC0C 
  31      0C2C6036 
  32 0015 90030004 		.ascii	"\220\003\000\004\036\0000"
ARM GAS  /tmp/ccVxJrKp.s 			page 2


  32      1E0030
  33              		.text
  34              		.section	.gnu.lto_.pureconst.a0871edf95e424db,"",%progbits
  35 0000 789C6361 		.ascii	"x\234ca`d\340f```e\220`\226b\221b\225b\223\002\000\004"
  35      6064E066 
  35      60606065 
  35      90609662 
  35      91629562 
  36 0018 1400A8   		.ascii	"\024\000\250"
  37              		.text
  38              		.section	.gnu.lto_qei_lld_init.a0871edf95e424db,"",%progbits
  39 0000 789C6361 		.ascii	"x\234ca`d\000\201j&\006\006\007 -\015\304\214\314\014"
  39      60640081 
  39      6A260606 
  39      07202D0D 
  39      C48CCC0C 
  40 0014 8C4C13CE 		.ascii	"\214L\023\316104r012\202\030\015\034\214\014\365L\214"
  40      31303472 
  40      30313282 
  40      180D1C8C 
  40      0CF54C8C 
  41 0028 F58C5F99 		.ascii	"\365\214_\231\37621\036j\177\266\223Isy\003\020<8\372"
  41      FE32311E 
  41      6A7FB693 
  41      49737903 
  41      103C38FA 
  42 003c CDA061C5 		.ascii	"\315\240a\305\001\306Vf\006\206\377L`\223\030\030\227"
  42      01C65666 
  42      0686FF4C 
  42      60931818 
  42      97
  43 004d 336A3200 		.ascii	"3j2\000\225=\332\370o*/[\013H\231\002D\222q\005#\033"
  43      953DDAF8 
  43      6F2A2F5B 
  43      0B489902 
  43      44927105 
  44 0063 C8BAF541 		.ascii	"\310\272\365A\007\032\376\377onh\370l0_\225\215\201"
  44      071AFEFF 
  44      6F6E68F8 
  44      6C305F95 
  44      8D81
  45 0075 E1035012 		.ascii	"\341\003P\022d\315G&&\020\315\374\202\261\345\300\315"
  45      64CD4726 
  45      2610CDFC 
  45      82B1E5C0 
  45      CD
  46 0086 E38C20E5 		.ascii	"\343\214 \345 \203v\356|s\233\275\376oCGC\203@+3\343"
  46      208376EE 
  46      7C739BBD 
  46      FE6F4347 
  46      4383402B 
  47 009c 7F26A019 		.ascii	"\177&\240\031\214+\031\353Ar\323Z\017\235g\377\302\324"
  47      8C2B19EB 
  47      4172D35A 
  47      0F9D67FF 
  47      C2D4
  48 00ae CA0C14C4 		.ascii	"\312\014\024\304P\312\324\011t\026H\370\325\231\253"
ARM GAS  /tmp/ccVxJrKp.s 			page 3


  48      50CAD409 
  48      741648F8 
  48      D599AB
  49 00bd 47B8E633 		.ascii	"G\270\3463\316ml\000\21333\256\006\372e\025\243\014"
  49      CE6D6C00 
  49      8B3333AE 
  49      06FA6515 
  49      A30C
  50 00cf 5872C1AF 		.ascii	"Xr\301\257\237Wy\200z8@\206\254a\234\017\261\227q-c"
  50      9F577980 
  50      7A384086 
  50      AC619C0F 
  50      B197712D 
  51 00e4 7D2B330B 		.ascii	"}+3\013\3033\306\246/\037\276]d\006\011\222`\301:$\013"
  51      C333C6A6 
  51      2F1FBE5D 
  51      64060992 
  51      60C13A24 
  52 00f9 FA766CE8 		.ascii	"\372vl\350\344\320_\013\012\210\006\303VfV\306\365@"
  52      E4D05F0B 
  52      0A8806C3 
  52      566656C6 
  52      F540
  53 010b 4BFE8143 		.ascii	"K\376\201C\213q\003\243>P\305\271\265\337?p\201|\301"
  53      8B7103A3 
  53      3E50C5B9 
  53      B5DF3F70 
  53      817CC1
  54 011e CA0852C4 		.ascii	"\312\010R\304\302\270\021\250\025\024\012_\011\204\302"
  54      C2B811A8 
  54      15140A5F 
  54      0984C2
  55 012d 26482860 		.ascii	"&H(`\270\212\021\273\2536\343\362\366\026\270\267\267"
  55      B88A11BB 
  55      AB36E3F2 
  55      F616B8B7 
  55      B7
  56 013e 2279FB2F 		.ascii	"\"y\373/no\343\260`\033>ooGx{\007\330\333\363\027\337"
  56      6E6FE3B0 
  56      601B3E6F 
  56      6F47787B 
  56      07D8DBF3 
  57 0154 5C00F376 		.ascii	"\\\000\363v\007\310\333;\201Z_16\035\330\357\005v\014"
  57      07C8DB3B 
  57      815A5F31 
  57      361DD8EF 
  57      05760C
  58 0167 087C00FA 		.ascii	"\010|\000\372\023\230&\200\332\354\364\364\364\2353"
  58      13982680 
  58      DAECF4F4 
  58      F49D33
  59 0176 329332FD 		.ascii	"2\2232\375\203\343\015-\365\014\365\014\365\365\363"
  59      83E30D2D 
  59      F50CF50C 
  59      F5F5F3
  60 0185 8BF53312 		.ascii	"\213\3653\022s\364\013\362\213J\212\365\203C|\215\215"
  60      73F40BF2 
ARM GAS  /tmp/ccVxJrKp.s 			page 4


  60      8B4A8AF5 
  60      83437C8D 
  60      8D
  61 0196 F47D7C5C 		.ascii	"\364}|\\\364C<}\313\014A2\361\205\251\231\36199)z\311"
  61      F4433C7D 
  61      CB0C4132 
  61      F185A999 
  61      F1393929 
  62 01ac 0C00F756 		.ascii	"\014\000\367V\372p"
  62      FA70
  63              		.text
  64              		.section	.gnu.lto_qei_lld_start.a0871edf95e424db,"",%progbits
  65 0000 789C9D98 		.ascii	"x\234\235\230{PTU\034\307\357\357\334}?\021\004\222"
  65      7B505455 
  65      1CC7EFEF 
  65      DC7D3F11 
  65      0492
  66 0012 41074747 		.ascii	"A\007GG\324\261\275\":\304(:N\365G3YS\372\277\223\331"
  66      D4B1BD22 
  66      3AC4283A 
  66      4EF54733 
  66      5953FABF 
  67 0028 8CCE38A3 		.ascii	"\214\3168\243i\323\277\\X\020(+\313$\037\240X\032\232"
  67      69D3BF5C 
  67      5810282B 
  67      CB241FA0 
  67      581A9A
  68 003b F958D414 		.ascii	"\371X\324\024\312$|\254\017\024MI\363\011jXj\012\210"
  68      CA247CAC 
  68      0F144D49 
  68      F3096A58 
  68      6A0A88
  69 004e F940D8CE 		.ascii	"\371@\330\316\357\234{\367\354\"\353\334\205\031\276"
  69      EF9C7BF7 
  69      EC22EBDC 
  69      8519BE
  70 005d DC7BF6EC 		.ascii	"\334{\366\354\367\3679\277\363\373\335\007&\011$\374"
  70      F7F739BF 
  70      F3FBDD07 
  70      260924FC 
  71 006d A94994A4 		.ascii	"\251I\224\244\327\351\337\375\364\027\022$ \313OIR\201"
  71      D7E9DFFD 
  71      F4171224 
  71      20CB4F49 
  71      5281
  72 007f 8D10B93D 		.ascii	"\215\020\271=YR\035\326\252W$\325%\023\323e'=3\357n"
  72      59521DD6 
  72      AA5724D5 
  72      2513D365 
  72      273D33EF 
  73 0094 90E8A909 		.ascii	"\220\350\251\011\314|\226\231X\330\270\225\217[\300"
  73      CC7C9699 
  73      58D8B895 
  73      8F5BC0
  74 00a3 CAC7ADC4 		.ascii	"\312\307\255\304V\232I\307\235\250.\033\2613/\007\363"
  74      569A49C7 
  74      9DA82E1B 
ARM GAS  /tmp/ccVxJrKp.s 			page 5


  74      B1332F07 
  74      F3
  75 00b4 B2838B4F 		.ascii	"\262\203\213Or\350\007N\375\300E\334A/\235\35096\225"
  75      72E8074E 
  75      FDC045DC 
  75      412F9DE8 
  75      393695
  76 00c7 4E748397 		.ascii	"Nt\203\227\017{\364\003/\000\036\2506\220\362\211l2"
  76      0F7BF403 
  76      2F001EA8 
  76      3690F289 
  76      6C32
  77 00d9 5BAC36BB 		.ascii	"[\2546\273\303\351r{\274\220\017\017I\017\201\206\222"
  77      C3E9727B 
  77      BC900F0F 
  77      490F8186 
  77      92
  78 00ea B65A32A6 		.ascii	"\266Z2\246Z\245?-\305\333\263\324\315\365P,KR\210\260"
  78      5AA53F2D 
  78      C5DBB3D4 
  78      CDF5502C 
  78      4B5288B0 
  79 00fe B54A500D 		.ascii	"\265JP\015c\350\2543E;+\344.R,\003\230\350i\307\311"
  79      63E8AC33 
  79      453B2BE4 
  79      2E522C03 
  79      98E869C7 
  80 0113 35373C78 		.ascii	"57<xJ \203\236VtU\355\001y:H\3648Xu4`\316\334\244\252"
  80      4A20839E 
  80      567455ED 
  80      01793A48 
  80      F4385875 
  81 012d 85AA1A9A 		.ascii	"\205\252\032\232\253\332\213e\031~\000\231\372\301\026"
  81      ABDA8B65 
  81      197E0099 
  81      FAC116
  82 013c 4887CD90 		.ascii	"H\207\315\220.\321!\011\266B&N\277\036\350]\351\266"
  82      2ED12109 
  82      B642264E 
  82      BF1EE85D 
  82      E9B6
  83 014e 1461F88C 		.ascii	"\024a\370\2142=.\374\010\026\314\365\216w\353\325P\310"
  83      323D2EFC 
  83      0816CCF5 
  83      8E77EBD5 
  83      50C8
  84 0160 AFAA6BB3 		.ascii	"\257\252k\263\366gN\267\000~\311J\277n\262Q1\333Q\234"
  84      F6674EB7 
  84      007EC94A 
  84      BF6EB251 
  84      31DB519C 
  85 0174 282E140F 		.ascii	"(.\024\017\212\027%\001%\021%\011%\031%\005%\025e\010"
  85      8A172501 
  85      25112509 
  85      25192505 
  85      25156508 
  86 0188 4A1A0A92 		.ascii	"J\032\012\222\230\207\242\014C\311@\031\2162\002e$\025"
ARM GAS  /tmp/ccVxJrKp.s 			page 6


  86      9887A20C 
  86      43C94019 
  86      8E320265 
  86      2415
  87 019a CB2894D1 		.ascii	"\313(\224\321(cQ\306\241\370P\024\2342\036e\002\025"
  87      286351C6 
  87      A1F85014 
  87      9C321E65 
  87      0215
  88 01ac 6B3615DB 		.ascii	"k6\025\333D*\366I\370i\016J.\312d\374t\012\025G\036"
  88      442AF649 
  88      F8690E4A 
  88      2ECA64FC 
  88      740A1547 
  89 01c1 9E4E4391 		.ascii	"\236NC\221\244v\272J\334\227\016B\360\257\334\006\205"
  89      A476BA4A 
  89      DC970E42 
  89      F0AFDC06 
  89      85
  90 01d2 7581AB35 		.ascii	"u\201\25352.\334/[i^\312\213\033\232\254\230a\231e\365"
  90      322EDC2F 
  90      5B695ECA 
  90      8B1B9AAC 
  90      98619965 
  91 01e7 51F078A9 		.ascii	"Q\360x\251k=T\322\275q\372e\013l\243i\304\361M7\013"
  91      6B3D54D2 
  91      BD71FA65 
  91      0B6CA369 
  91      C4F14D37 
  92 01fc B75B9597 		.ascii	"\267[\225\227\213e\027l\207\365\320\313v\015v\200\""
  92      8B65176C 
  92      87F5D0CB 
  92      760D7680 
  92      22
  93 020d B542D145 		.ascii	"\265B\321E\177\2320\334S\322\030p\240\241\013\000v\342"
  93      7F9A30DC 
  93      53D21870 
  93      A0A10B00 
  93      76E2
  94 021f D7258C2F 		.ascii	"\327%\214/K\355\3112\233\273\267\374%>\333Bg\327\326"
  94      4BEDC932 
  94      9BBBB7FC 
  94      253EDB42 
  94      67D7D6
  95 0232 DEBD64CD 		.ascii	"\336\275d\315\357QKU5\2012\224Q\012\014w\273\261\371"
  95      EF514B55 
  95      35813294 
  95      510A0C77 
  95      BBB1F9
  96 0245 90836214 		.ascii	"\220\203b\024\250l\334\011\001ZF:K\325\323'\315.\376"
  96      A86CDC09 
  96      015A463A 
  96      4BD5D327 
  96      CD2EFE
  97 0258 1D351BC1 		.ascii	"\0355\033\301k(\021\245\331\005\371Z0\223\264Q\246k"
  97      6B2811A5 
  97      D905F95A 
ARM GAS  /tmp/ccVxJrKp.s 			page 7


  97      3093B451 
  97      A66B
  98 026a 6DA80BDC 		.ascii	"m\250\013\334Z\314c\331\"\227\352fK-\252<\334f\347\247"
  98      5ACC63D9 
  98      2297EA66 
  98      4B2DAA3C 
  98      DC66E7A7 
  99 027e 6A7BA98A 		.ascii	"j{\251\212\345v\347Zw\255\231\257\336\003{h\025\355"
  99      E576E75A 
  99      77AD99AF 
  99      DE037B68 
  99      15ED
 100 0290 D6427696 		.ascii	"\326Bv\226\237nq)\333\324\242\002\304\361\302O,\007"
 100      9F6E7129 
 100      DBD4A202 
 100      C4F1C24F 
 100      2C07
 101 02a2 583AB097 		.ascii	"X:\260\227\346\240\015\374\217-<\220\235\307\332}(\270"
 101      E6A00DFC 
 101      8F2D3C90 
 101      9DC7DA7D 
 101      28B8
 102 02b4 D486E666 		.ascii	"\324\206\346f\232\205}\324\205\322\224\003N\211'L\255"
 102      9A857DD4 
 102      85D29403 
 102      4E89274C 
 102      AD
 103 02c5 0853070A 		.ascii	"\010S\007\0125G\233:\340\221\234\3618\375\314\234X\315"
 103      35479B3A 
 103      E0919CF1 
 103      38FDCC9C 
 103      58CD
 104 02d7 FFC2819F 		.ascii	"\377\302\201\237i\300.\356t\365\304\262n\017\007\356"
 104      69C02EEE 
 104      74F5C4B2 
 104      6E0F07EE 
 105 02e7 0D85425E 		.ascii	"\015\205B^\330?P\350_E\250\003\010\355\212\204\366\030"
 105      D83F50E8 
 105      5F45A803 
 105      08ED8A84 
 105      F618
 106 02f9 7202F4A9 		.ascii	"r\002\364\251\027>\2771\344\206\2723\267\010\267\361"
 106      173EBF31 
 106      E486BA33 
 106      B708B7F1 
 107 0309 C603D4C0 		.ascii	"\306\003\324\300\214d4:\030\275Y\011\324i\340\273sH"
 107      8C64343A 
 107      18BD5909 
 107      D469E0BB 
 107      7348
 108 031b F81EC685 		.ascii	"\370\036\306\205&D.41\036\247#\302)\030\275;I\324i\340"
 108      26442E34 
 108      311EA723 
 108      C22918BD 
 108      3B49D469 
 109 0330 5B7154F8 		.ascii	"[qT\370\036C\302\244H\302d\343[q\\\370\234\240|\330"
 109      1E43C2A4 
ARM GAS  /tmp/ccVxJrKp.s 			page 8


 109      48C264E3 
 109      5B715CF8 
 109      9CA07CD8 
 110 0344 62E6703F 		.ascii	"b\346p?\337\177a?\223\376\373\271\361E\375|\222\367"
 110      DF7F613F 
 110      93FEFBB9 
 110      F145FD7C 
 110      92F7
 111 0356 F3A9703F 		.ascii	"\363\251p?[\302\375|O\353\347\224x\322\320$\332\350"
 111      5BC2FD7C 
 111      4FEBE794 
 111      78D2D024 
 111      DAE8
 112 0368 747401A4 		.ascii	"tt\001\244r\247\303\241G\365^^\374\364\0264\320l\377"
 112      72A7C3A1 
 112      47F55E5E 
 112      FCF41634 
 112      D06CFF
 113 037b 2EC29CC5 		.ascii	".\302\234\305l\247Ff{H<N\347D\3517G\327C\032w\2529\350"
 113      6CA74666 
 113      7B483C4E 
 113      E744E937 
 113      47D7431A 
 114 0393 DFE0E4C0 		.ascii	"\337\340\344\300=\254[\377\030(\364y\021\352\002B\247"
 114      3DAC5BFF 
 114      1828F479 
 114      11EA0242 
 114      A7
 115 03a4 4542A71B 		.ascii	"EB\247\033/\221?\205\317E\275[\357i\335:4\036\240K\242"
 115      2F913F85 
 115      CF45BD5B 
 115      EF69DD3A 
 115      341EA04B 
 116 03b9 D62E476F 		.ascii	"\326.Go\3260\3524\360\335\271\"|\257\342B\207E.4#\036"
 116      D630EA34 
 116      F0DDB922 
 116      7CAFE242 
 116      87452E34 
 117 03cf A76BC2A9 		.ascii	"\247k\302\251%zw\206S\247\201oE\253\360\275\216\204"
 117      257A7786 
 117      53A7816F 
 117      45ABF0BD 
 117      8E84
 118 03e1 C3230947 		.ascii	"\303#\011G\030\337\212\033\302\347\246\326\255\326\360"
 118      18DF8A1B 
 118      C2E7A6D6 
 118      ADD6F0
 119 03f0 DDFFCC11 		.ascii	"\335\377\314\021\355\346?\322\310\335\336\002\17713"
 119      EDE63FD2 
 119      C8DDDE02 
 119      7F3133
 120 03ff 139AB5F1 		.ascii	"\023\232\265\361}\355jI\326V\026\276\241Z\242\236\035"
 120      7DED6A49 
 120      D65616BE 
 120      A15AA29E 
 120      1D
 121 0410 B0C9557C 		.ascii	"\260\311U|(\241\227\327\221pK\363<\337\331yP0\376\315"
ARM GAS  /tmp/ccVxJrKp.s 			page 9


 121      28A197D7 
 121      91704BF3 
 121      3CDFD979 
 121      5030FECD 
 122 0424 6CCD68FB 		.ascii	"l\315h\373\017(\221^^\220\3406K!}T\011.\341\260\243"
 122      0F28915E 
 122      5E90E036 
 122      4B217D54 
 122      092EE1B0 
 123 0439 8CC1DE11 		.ascii	"\214\301\336\021\260w\373\302\366G7*\006\335\277\314"
 123      B077FBC2 
 123      F647372A 
 123      06DDBFCC 
 124 0449 C7823EF7 		.ascii	"\307\202>\367@\011\343t\3508\243\215\341\334\0278\355"
 124      4009E374 
 124      E838A38D 
 124      E1DC1738 
 124      ED
 125 045a 467046C7 		.ascii	"FpF\307\300\351`>V\364\351\214\300\0114j8c\215\341<"
 125      C0E9603E 
 125      56F4E98C 
 125      C009346A 
 125      38638DE1 
 126 046f 10385D46 		.ascii	"\0208]Fp\306\306\300y\310|l\350\363_dvt\234q\306p\036"
 126      70C6C6C0 
 126      79C87C6C 
 126      E8F35F64 
 126      76749C71 
 127 0486 099CC746 		.ascii	"\011\234\307Fp\306\305\300y\302|\354\350\363\224\225"
 127      70C6C5C0 
 127      79C27CEC 
 127      E8F39495 
 128 0496 52DD85E6 		.ascii	"R\335\205\346\034^I\241\220\014\335z\266N\371\265\312"
 128      1C5E49A1 
 128      900CDD7A 
 128      B64EF9B5 
 128      CA
 129 04a7 F719E37B 		.ascii	"\367\031\343{&\370z\264+Zk\012wP\242\035(\234\357y8"
 129      26F87AB4 
 129      2B5A6B0A 
 129      7750A21D 
 129      289CEF79 
 130 04bc ADAB7B99 		.ascii	"\255\253{\231\215\003mB\321\327\263\361\334\250zYI\245"
 130      8D036D42 
 130      D1D7B3F1 
 130      DCA87A59 
 130      49A5
 131 04ce 76F32920 		.ascii	"v\363) \240\222\350\253\207\3210\005$\034\246\220\320"
 131      A092E8AB 
 131      87D13005 
 131      241CA690 
 131      D0
 132 04df 8BC778BE 		.ascii	"\213\307x\276\350\246]\332\242'\030Y\264\025\374\314"
 132      E8A65DDA 
 132      A2271859 
 132      B415FCCC 
 133 04ef C6893645 		.ascii	"\306\2116EDa\036\255\311\334!;\262K\255}\337\026\006"
ARM GAS  /tmp/ccVxJrKp.s 			page 10


 133      44611EAD 
 133      C9DC213B 
 133      B24BAD7D 
 133      DF1606
 134 0502 D110504C 		.ascii	"\321\020PL\270\341\272U\373\036x(\034%K\204\245\314"
 134      B8E1BA55 
 134      FB1E7828 
 134      1C254B84 
 134      A5CC
 135 0514 D2859625 		.ascii	"\322\205\226%$\372}!\3122\2216~)\321\337\027lRi&\273"
 135      24FA7D21 
 135      CA329136 
 135      7E29D1DF 
 135      176C5269 
 136 052a 6075349D 		.ascii	"`u4\2355\363\331\023\215EL\2022\026\321\215\021?\321"
 136      35F3D913 
 136      8D454C82 
 136      3216D18D 
 136      113FD1
 137 053d 23CE111E 		.ascii	"#\316\021\036\3417\224$\372l\376i8\242]z\354\340/H\347"
 137      E1379424 
 137      FA6CFE69 
 137      38A25D7A 
 137      ECE02F48 
 138 0552 F4A4E518 		.ascii	"\364\244\345\030\253\224e$\\)\237\021\255\222S\373\253"
 138      AB946524 
 138      5C299F11 
 138      AD9253FB 
 138      AB
 139 0563 E4777825 		.ascii	"\344wx%\347\304\250\344\317\231\217\007}\276 X\032e"
 139      E7C4A8E4 
 139      CF998F07 
 139      7DBE2058 
 139      1A65
 140 0575 15ABB76A 		.ascii	"\025\253\267j\027E\031\2263\322\016\272\307\313\323"
 140      17451996 
 140      33D20EBA 
 140      C7CBD3
 141 0584 3967B3CE 		.ascii	"9g\263\3169\311\030\347\227\202\363+#\234\223bp\256"
 141      39C918E7 
 141      9782F32B 
 141      239C9362 
 141      70AE
 142 0596 109C5F33 		.ascii	"\020\234_3\316pF\2754\243+5N\247\276\203\201\363+4\316"
 142      CE7046BD 
 142      34A32B35 
 142      4EA7BE83 
 142      81F32B34 
 143 05ab 5C639CE5 		.ascii	"\\c\234\345\202\363\033\2353\245?\316<\316\231\033\203"
 143      82F31B9D 
 143      33A53FCE 
 143      3CCE991B 
 143      83
 144 05bc 7395E05C 		.ascii	"s\225\340\\M\2240\230+|3\354\270\254gp\262\261\366X"
 144      4D943098 
 144      2B7C33EC 
 144      B8AC6770 
ARM GAS  /tmp/ccVxJrKp.s 			page 11


 144      B2B1F658 
 145 05d0 23DA636D 		.ascii	"#\332cm\237\366\230\362\\uN\356\257:\007C\005\363\360"
 145      9FF698F2 
 145      5C754EEE 
 145      AF3A0743 
 145      05F3F0
 146 05e3 A247659F 		.ascii	"\242Ge\237~\230\022\231\313\3014\227\353\302\325\351"
 146      7E981299 
 146      CBC13497 
 146      EBC2D5E9 
 147 05f3 96825E9E 		.ascii	"\226\202^\236\315+z6\363\214es\275\310f\225\221l\346"
 147      CD2B7A36 
 147      F38C6573 
 147      BDC86695 
 147      916CE6
 148 0606 C5C8E606 		.ascii	"\305\310\346\006\346\223\200>\337\262]/\271\264\245"
 148      E693803E 
 148      DFB25D2F 
 148      B9B4A5
 149 0615 DCCB773D 		.ascii	"\334\313w=\011\276\323\222\353\221\216M\325\376\315"
 149      09BED392 
 149      EB918E4D 
 149      D5FECD
 150 0624 A0734E33 		.ascii	"\240sN3\306\271Qpn2\3029-\006\347\367\202\263\232q\326"
 150      C6B95170 
 150      6E32C239 
 150      2D06E7F7 
 150      82B39A71 
 151 0639 1D081E77 		.ascii	"\035\010\036ws\316A\260Y\343\364\262\"\270\015\205\365"
 151      73CE41B0 
 151      59E3F4B2 
 151      22B80D85 
 151      F5
 152 064a DD6F6110 		.ascii	"\335oa\020\226\346v\372\364N\207\351S\354T\237Oyu\336"
 152      96E676FA 
 152      F44E87E9 
 152      53EC549F 
 152      4F7975DE 
 153 065e FC39F3DF 		.ascii	"\3749\363\337\2369;+\327\227\345\313R\224\205K\224y"
 153      9E393B2B 
 153      D797E5CB 
 153      5294854B 
 153      9479
 154 0670 EF2D5016 		.ascii	"\357-P\026-\\\374\321\022e\346\254\031\331\023\2247"
 154      2D5CFCD1 
 154      1265E6AC 
 154      19D91394 
 154      37
 155 0681 DF7C4D99 		.ascii	"\337|M\231\365\306\214\217\263\360\223\331\037~0\177"
 155      F5C68C8F 
 155      B3F093D9 
 155      1F7E307F 
 156 0691 F6820573 		.ascii	"\366\202\005s}\357K&z\270\350\177\213\247\"6"
 156      7DEF4B26 
 156      7AB8E87F 
 156      8BA72236 
 157              		.text
ARM GAS  /tmp/ccVxJrKp.s 			page 12


 158              		.section	.gnu.lto_qei_lld_stop.a0871edf95e424db,"",%progbits
 159 0000 789C9D54 		.ascii	"x\234\235TKHTQ\030>\377=\3671\257tH\224\210\004w\342"
 159      4B485451 
 159      183EFF3D 
 159      F731AF74 
 159      48948804 
 160 0016 A2B94DAD 		.ascii	"\242\271M\255Z\030D\265\010\214\240\332\206T\006\012"
 160      5A1844B5 
 160      088CA0DA 
 160      8654060A 
 161 0026 8296D1D6 		.ascii	"\202\226\321\326\2433C\006.\204H\250\024m!\366\324F"
 161      A3334306 
 161      2E8448A8 
 161      146D21F6 
 161      D446
 162 0038 2B1BB3B4 		.ascii	"+\033\263\264\361\231Z\332\213\240\2427.\312\205O\242"
 162      F1995ADA 
 162      8BA0A237 
 162      2ECA854F 
 162      A2
 163 0049 749CFEFF 		.ascii	"t\234\376\377\334\251;B\204za\376{\317\231s\276\357"
 163      DCA93B42 
 163      847A61FE 
 163      7BCF9973 
 163      BEEF
 164 005b FBBFF371 		.ascii	"\373\277\363qT\006\214\236\032\235\261=\370>\214?p0"
 164      54068C9E 
 164      1A9DB13D 
 164      F83E8C3F 
 164      7030
 165 006d 506A9E32 		.ascii	"Pj\2362V\341P\024>\220\311\204\313\030\336\302\204\207"
 165      56E15014 
 165      3E90C984 
 165      CB18DEC2 
 165      8487
 166 007f 2BEA3B37 		.ascii	"+\352;7\216\264\333Q\206C\0254k\225\246\350\263^ZU\237"
 166      8EB4DB51 
 166      86431534 
 166      6B95A6E8 
 166      B35E5A55 
 167 0094 8BD33A18 		.ascii	"\213\323:\030\326\264\001@\037\302\001\254\\\341\252"
 167      D6B40140 
 167      1FC201AC 
 167      5CE1AA
 168 00a3 A61B500E 		.ascii	"\246\033P\016\363JL\201\350\231\211\210\222\323,\360"
 168      F34A4C81 
 168      E8998988 
 168      92D32CF0 
 169 00b3 F9D83FEB 		.ascii	"\371\330?\353\027Wz \304\031\213+R\013\203f\310\301"
 169      17577A20 
 169      C4198B2B 
 169      520B8366 
 169      C8C1
 170 00c5 55CF82B7 		.ascii	"U\317\202\267\352\370\234\022\342\000*\016\247\237\\"
 170      EAF89C12 
 170      E2002A0E 
 170      A79F5C
ARM GAS  /tmp/ccVxJrKp.s 			page 13


 171 00d4 FC924243 		.ascii	"\374\222BC\005\262pX7\327x\007\370N`\370=\3308\024\326"
 171      05B27058 
 171      37D77807 
 171      F84E60F8 
 171      3DD83814 
 172 00e9 B29B84A8 		.ascii	"\262\233\204\250\024\"V \234!\316\341\032p\304\203\253"
 172      14225620 
 172      9C21CEE1 
 172      1A70C483 
 172      AB
 173 00fa B009AEC0 		.ascii	"\260\011\256\300&\206S\014\256C6-\377\034^:\277N\017"
 173      2686530C 
 173      AE43362D 
 173      FF1C5E3A 
 173      BF4E0F
 174 010d 127D9645 		.ascii	"\022}\226E\0127@'#Z\017\364\210x< \304\005\377\245\234"
 174      0A374027 
 174      235A0FF4 
 174      88783C20 
 174      C405FFA5 
 175 0122 0C156887 		.ascii	"\014\025h\207\206{U\035\213\346\300\242;\251\270\251"
 175      867B551D 
 175      8BE6C0A2 
 175      3BA9B8A9 
 176 0132 78A8A450 		.ascii	"x\250\244PI\245\342\245\262\236J\032\225t*\214M!<\271"
 176      49A5E2A5 
 176      B29E4A1A 
 176      95742A8C 
 176      4D213CB9 
 177 0146 30AD28F4 		.ascii	"0\255(\364\346\023P\331\031\236l\347\304\030\340\032"
 177      E61350D9 
 177      199E6CE7 
 177      C418E01A 
 178 0156 AAA90D45 		.ascii	"\252\251\015E\307\014\352\213\313^~\014\016Wy\032\240"
 178      C70CEA8B 
 178      CB5E7E0C 
 178      0E57791A 
 178      A0
 179 0167 1E1D3102 		.ascii	"\036\0351\002\\\205\233(\236\346\233\276V\266\030\346"
 179      5C859B28 
 179      9EE69BBE 
 179      56B618E6 
 180 0177 E6107740 		.ascii	"\346\020w@\0134\300\222\364\012Z\301d\237 \370&\260"
 180      0B34C092 
 180      F40A5AC1 
 180      649F20F8 
 180      26B0
 181 0189 D106EC6A 		.ascii	"\321\006\354j\250\276\352\"@\007(p\213\2663\342\347"
 181      A8BEEA22 
 181      40072870 
 181      8BB633E2 
 181      E7
 182 019a 6C2053D2 		.ascii	"l S\322OO\236K\320\353+\341\323 ,\371\310\037hC\276"
 182      4F4F9E4B 
 182      D0EB2BE1 
 182      D3202CF9 
 182      C81F6843 
ARM GAS  /tmp/ccVxJrKp.s 			page 14


 183 01af 0988CE35 		.ascii	"\011\210\3165f\020B\262zm\231\372\01227\027-p\"\013"
 183      661042B2 
 183      7A6D99FA 
 183      0A323717 
 183      2D70220B 
 184 01c3 B427305F 		.ascii	"\264'0_\317\314\364z\314\233\"\210d.\270-a\245\375w"
 184      CFCCF47A 
 184      CC9B2288 
 184      642EB82D 
 184      61A5FD77 
 185 01d7 C04CC672 		.ascii	"\300L\306r\001\203\273\270Gvv\275a\203\245\226B\020"
 185      0183BBB8 
 185      477676BD 
 185      6183A596 
 185      4210
 186 01e9 894CBE35 		.ascii	"\211L\2765\312c\242J\010/:v\026SC\300\337F_\365\271"
 186      CA63A24A 
 186      082F3A76 
 186      165343C0 
 186      DF465FF5 
 187 01fe 12B4386F 		.ascii	"\022\2648o@\007F\355O'\215\277~\276\362X{\3046\262\371"
 187      400746ED 
 187      4F278DBF 
 187      7EBEF258 
 187      7BC436B2 
 188 0213 1E122369 		.ascii	"\036\022#i\004\312\023\326\250\254CEk\242\235\323\363"
 188      04CA13D6 
 188      A8AC4345 
 188      6BA29DD3 
 188      F3
 189 0224 65169723 		.ascii	"e\026\227#Y\216[\266\026\254\357\237pZC1U%H\315\367"
 189      598E5BB6 
 189      16ACEF9F 
 189      705A4331 
 189      552548CD 
 190 0239 0F0B11CD 		.ascii	"\017\013\021\315\362\316\003\3671i\235\011\312\231\332"
 190      F2CE03F7 
 190      31699D09 
 190      CA99DA
 191 0248 F18FB2D1 		.ascii	"\361\217\262\321\012\222\343\202.\331*\211\205\007\322"
 191      0A92E382 
 191      2ED92A89 
 191      8507D2
 192 0257 C1C0A26E 		.ascii	"\301\300\242n\0219-\256\367#\325\0132\334:,\305\343"
 192      11392DAE 
 192      F723D50B 
 192      32DC3A2C 
 192      C5E3
 193 0269 F1547888 		.ascii	"\361Tx\210H\250\250\026\022>\257\230\252\333\246\352"
 193      48A8A816 
 193      123EAF98 
 193      AADBA6EA 
 194 0279 01130908 		.ascii	"\001\023\011\010\246\023,6\367j\220\036I$\225\220\242"
 194      A6132C36 
 194      F76A901E 
 194      49249590 
 194      A2
ARM GAS  /tmp/ccVxJrKp.s 			page 15


 195 028a CB457B10 		.ascii	"\313E{\020i\355\012{m\334>R\350IV\230\262\"$\231\237"
 195      69ED0A7B 
 195      6DDC3E52 
 195      E8495698 
 195      B2222499 
 196 029f 7E1B6700 		.ascii	"~\033g\000\365\321Aj\224q\231\232\356\377\246\006\376"
 196      F5D1416A 
 196      9471999A 
 196      EEFFA606 
 196      FE
 197 02b0 9D9AC1FF 		.ascii	"\235\232\301\377\245f\310J\315\343\277\251\321Y\233"
 197      A566C84A 
 197      CDE3BFA9 
 197      D1599B
 198 02bf 2E53135E 		.ascii	".S\023^L\244&u56\014\333\0075\262\334^\257\205\324\326"
 198      4CA42675 
 198      35360CDB 
 198      0735B2DC 
 198      5EAF85D4 
 199 02d4 1BB8ECB6 		.ascii	"\033\270\354\2662\021\223\231\030]\253\343Ol\252\247"
 199      32119399 
 199      185DABE3 
 199      4F6CAAA7 
 200 02e4 E4B837D9 		.ascii	"\344\2707\331\361\365\253A\032\263=\037_.:\015\221\326"
 200      F1F5AB41 
 200      1AB33D1F 
 200      5F2E3A0D 
 200      91D6
 201 02f6 AEF0998D 		.ascii	"\256\360\231\215\373\234\024\246%+L_y&^\3308/\023\231"
 201      FB9C14A6 
 201      252B4C5F 
 201      79265ED8 
 201      382F1399 
 202 030a 30E4BDFB 		.ascii	"0\344\275\373\015*{:\016\020\236<\275)\274\316p\032"
 202      0D2A7B3A 
 202      0E109E3C 
 202      BD29BCCE 
 202      701A
 203 031c 2F9F1D3E 		.ascii	"/\237\035>\237\271\253\260\350h\321\376\203\371\376"
 203      9FB9ABB0 
 203      E868D1FE 
 203      83F9FE
 204 032b ED3EBFCF 		.ascii	"\355>\277\317o\232%ef\341\221b\263\264\344\344\2512"
 204      6F9A2565 
 204      66E19162 
 204      B3B4E4E4 
 204      A932
 205 033d F3E0A17D 		.ascii	"\363\340\241}\333\266\232yy\273\315C{\367\235\366\323"
 205      DBB69A79 
 205      79BBCD43 
 205      7BF79DF6 
 205      D3
 206 034e 3FF9278E 		.ascii	"?\371'\216\027\345\027\027\027\370\2161\025?K\177\003"
 206      17E51717 
 206      17F88E31 
 206      153F4B7F 
 206      03
ARM GAS  /tmp/ccVxJrKp.s 			page 16


 207 035f E3FF424F 		.ascii	"\343\377BO"
 208              		.text
 209              		.section	.gnu.lto_qei_lld_enable.a0871edf95e424db,"",%progbits
 210 0000 789C5590 		.ascii	"x\234U\220=HcA\020\307\367\277\373b\364\320\353\254"
 210      3D486341 
 210      10C7F7BF 
 210      FB62F4D0 
 210      EBAC
 211 0012 2E453A49 		.ascii	".E:I\341[\236V6\302\241\026\007\006!\332\007\277\300"
 211      E15B9E56 
 211      36C2A116 
 211      070621DA 
 211      07BFC0
 212 0025 40404FC5 		.ascii	"@@O\305\3265\311CK-\274\3420$M\210\337\361\335a\241"
 212      D635C943 
 212      4B2DBCE2 
 212      30244D88 
 212      DFF1DD61 
 213 003a 55888572 		.ascii	"U\210\205r\370\301U\226w\250\244\260R\211Xin\346\235"
 213      F8C15596 
 213      77A8A4B0 
 213      52895869 
 213      6EE69D
 214 004d 852E3C66 		.ascii	"\205.<ffw\3467\377\377\263\004\004\237,\205>\212\237"
 214      6677E637 
 214      FFFFB304 
 214      049F2C85 
 214      3E8A9F
 215 0060 E8831290 		.ascii	"\350\203\022\220\313\347B,4J\200\023\323\0101/1\217"
 215      CBE7422C 
 215      344A8013 
 215      D308312F 
 215      318F
 216 0072 47F92C51 		.ascii	"G\371,QY\254\036\310H\321\320\371\353nu\230\3652\\%"
 216      59AC1EC8 
 216      48D1D0F9 
 216      EB6E7598 
 216      F5325C25 
 217 0086 445DFA24 		.ascii	"D]\372$\201\"\"\324\365;\263\267\246j\322U\200E\345"
 217      812222D4 
 217      F53BB3B7 
 217      A66AD255 
 217      8045E5
 218 0099 FDD9F7EB 		.ascii	"\375\331\367\353\217\\J\204\251\\\253\345\367\241>C"
 218      8F5C4A84 
 218      A95CABE5 
 218      F7A13E43 
 219 00a9 507E9C3F 		.ascii	"P~\234?\361\002m\005cR\306\254\214\233&W)lB\021\017"
 219      F1026D05 
 219      6352C6AC 
 219      8C9B2657 
 219      296C4211 
 220 00be 1B08611D 		.ascii	"\033\010a\035!AW\002[h\343\366+\357e\265\245!\303\353"
 220      21415702 
 220      5B68E3F6 
 220      2BEF65B5 
 220      A521C3EB 
ARM GAS  /tmp/ccVxJrKp.s 			page 17


 221 00d2 C3FF9762 		.ascii	"\303\377\227b\033\015l\243\024+\233z=mL\326)E\002\244"
 221      1B0D6CA3 
 221      142B9B7A 
 221      3D6D4CD6 
 221      294502A4 
 222 00e6 9D2614CD 		.ascii	"\235&\024\315ZB\334Q\037;\271\227\222\243\252\"u\350"
 222      5A42DC51 
 222      1F3BB997 
 222      92A3AA22 
 222      75E8
 223 00f8 5DCEF264 		.ascii	"]\316\362dZ)\242~s+\027A\326\247|MO\307\277\226\232"
 223      5A29A27E 
 223      732B1741 
 223      D6A77C4D 
 223      4FC7BF96 
 224 010d 73C892B3 		.ascii	"s\310\222\263@\2324\357\220\010\276/\334\244v\203\272"
 224      409A34EF 
 224      9008BE2F 
 224      DCA47683 
 224      BA
 225 011e 9D98D845 		.ascii	"\235\230\330E\016/\276g\224\240E\025\225Z\276\225\201"
 225      0E2FBE67 
 225      94A04515 
 225      955ABE95 
 225      81
 226 012f 6F69D63B 		.ascii	"oi\326;\332\002\213\356\"E\274\024{\257\314\313\207"
 226      DA028BEE 
 226      2245BC14 
 226      7BAFCCCB 
 226      87
 227 0140 87A366BD 		.ascii	"\207\243f\275c2\264,\010\317\307\262\035\374\200\246"
 227      6332B42C 
 227      08CFC7B2 
 227      1DFC80A6 
 228 0150 E7FDC553 		.ascii	"\347\375\305S\357\003\263\202\000~\322\314-R\345?1\336"
 228      EF03B382 
 228      007ED2CC 
 228      2D52E53F 
 228      31DE
 229 0162 E4FFEF3B 		.ascii	"\344\377\357;j&K\244\244\333\266u\317Db$10\030w\272"
 229      6A264BA4 
 229      A4DBB675 
 229      CF446224 
 229      31301877 
 230 0177 6CC776B4 		.ascii	"l\307v\264\236\234\321\023\303I=59=;\243\007\207\242"
 230      9E9CD113 
 230      C3493D35 
 230      393D3BA3 
 230      0787A2
 231 018a 9D1DBABF 		.ascii	"\235\035\272\277\277W\017}\211\3169\374\022\377:\236"
 231      BF570F7D 
 231      89CE39FC 
 231      12FF3A9E 
 232 019a 88279363 		.ascii	"\210'\223c\366\250\260(\235\372\007\246\266\237\320"
 232      F6A8B028 
 232      9DFA07A6 
 232      B69FD0
ARM GAS  /tmp/ccVxJrKp.s 			page 18


 233              		.text
 234              		.section	.gnu.lto_qei_lld_disable.a0871edf95e424db,"",%progbits
 235 0000 789C5590 		.ascii	"x\234U\220?H[Q\024\306\317w\357\213\261\020\273u\322"
 235      3F485B51 
 235      14C6CF77 
 235      EF8BB110 
 235      BB75D2
 236 0013 C14D32F8 		.ascii	"\301M2\370./\235\262\010\322:\024\022\204\306=\250\025"
 236      2E2F9DB2 
 236      08D23A14 
 236      1284C63D 
 236      A815
 237 0025 0C04A235 		.ascii	"\014\004\2425\270zM\362\320\261P\332\202(\311\"\332"
 237      B87A4DF2 
 237      D0B150DA 
 237      8228C922 
 237      DA
 238 0036 D67F511C 		.ascii	"\326\177Q\034\354\024\322!bi\213S\327\2426C'\225\024"
 238      EC14D221 
 238      62698B53 
 238      D7A23643 
 238      279514
 239 0049 278DE7BC 		.ascii	"'\215\347\274:\350\205\3139\347\276s~\347\373\236C "
 239      3AE885CB 
 239      39E7BE73 
 239      7EE7FB9E 
 239      4320
 240 005b 392B1C86 		.ascii	"9+\034\2068v\363\205&\2507?\210\346;\025 \211\355\004"
 240      3876F385 
 240      26A8373F 
 240      88E63B15 
 240      2089ED04 
 241 006f CD29CCE1 		.ascii	"\315)\314\341\237\272V\250/4\017Tt\315\362\371\355\357"
 241      9FBA56A8 
 241      2F340F54 
 241      74CDF2F9 
 241      EDEF
 242 0081 C6EC7A0D 		.ascii	"\306\354z\015\276&j\253\200DXC\224\273\216K;\313\272"
 242      BE266AAB 
 242      80445843 
 242      94BB8E4B 
 242      3BCBBA
 243 0094 A57C0D38 		.ascii	"\245|\0158\\^|_:},\245B/\227\313\255\312>\364 \210\363"
 243      5C5E7C5F 
 243      3A7D2CA5 
 243      422F97CB 
 243      ADCA3EF4 
 244 00ab 46E5B01A 		.ascii	"F\345\260\032\352[\265\266`\355\333\011\373\310\327"
 244      EA5BB5B6 
 244      60EDDB09 
 244      FBC8D7
 245 00ba 1A9FA099 		.ascii	"\032\237\240\231\207\217\350\301:z\210\237\010\237\321"
 245      878FE8C1 
 245      3A7A889F 
 245      089FD1
 246 00c9 27ED27D5 		.ascii	"'\355'\325\233w]\035%Y\337\373\177)6\320!6\266_\326"
 246      9B775D1D 
ARM GAS  /tmp/ccVxJrKp.s 			page 19


 246      2559DFFB 
 246      7F2936D0 
 246      2136B65F 
 247 00de 6CBB5DB4 		.ascii	"l\273]\264\266\354}\213\206X;Oh\236u\210\316\271O\234"
 247      B6EC7D8B 
 247      86583B4F 
 247      689E7588 
 247      CEB94F9C 
 248 00f2 5C282551 		.ascii	"\\(%Q7Q\370R\375\223\227\311\242\326L}\357\327\177\206"
 248      3751F852 
 248      FD9397C9 
 248      A2D64C7D 
 248      EFD77F86 
 249 0106 459F0E34 		.ascii	"E\237\0164]5\216\026#e\254\260\263P\2215o\262\010y_"
 249      5D358E16 
 249      2365ACB0 
 249      B3509135 
 249      6FB20879 
 250 011b 3D2B6C85 		.ascii	"=+l\205M?3\261\2052n\002\317\330\206\241&\352\255\312"
 250      4D3F33B1 
 250      85326E02 
 250      CFD886A1 
 250      26EAADCA 
 251 012f 1301DEA7 		.ascii	"\023\001\336\2479\017h\363\":\316\212d)v\356\230\277"
 251      390F68F3 
 251      223ACE8A 
 251      642976EE 
 251      98BF
 252 0141 2E2FBF46 		.ascii	"./\277F\314\246-\361\2620\252\001V\354`\027\346>+\014"
 252      CCA62DF1 
 252      B230AA01 
 252      56EC6017 
 252      E63E2B0C 
 253 0155 C21ECFFC 		.ascii	"\302\036\317\374E\241\366!%\233\202\377}\316\315l\211"
 253      45A1F621 
 253      259B82FF 
 253      7DCECD6C 
 253      89
 254 0166 950CB8AE 		.ascii	"\225\014\270\256y6\231\031\313\014\247\322^\334\365"
 254      79369919 
 254      CB0CA7D2 
 254      5EDCF5
 255 0175 5CCF98DC 		.ascii	"\\\317\230\334\214\231\034\315\232\251\334\353\374\214"
 255      8C991CCD 
 255      9AA9DCEB 
 255      FC8C
 256 0183 498D249F 		.ascii	"I\215$\237\306L\"\361\334\214\274H\316z\362%==\221I"
 256      C64C22F1 
 256      DC8CBC48 
 256      CE7AF225 
 256      3D3D9149 
 257 0197 67B3AFDC 		.ascii	"g\263\257\334qr8\235\272\005\312\007\237\255"
 257      7172389D 
 257      BA05CA07 
 257      9FAD
 258              		.text
 259              		.section	.gnu.lto_.symbol_nodes.a0871edf95e424db,"",%progbits
ARM GAS  /tmp/ccVxJrKp.s 			page 20


 260 0000 789C558A 		.ascii	"x\234U\212\273\025\302@\020\003gu\276GN\005v\245{T`"
 260      BB15C240 
 260      10036775 
 260      BE474E05 
 260      76A57B54 
 261 0015 8A704425 		.ascii	"\212pD%\376\200i\201\200:x\254\235\255\222\321\033\251"
 261      FE806981 
 261      803A78AC 
 261      9DAD92D1 
 261      1BA9
 262 0027 C3188968 		.ascii	"\303\030\211h\225\303}\207\300\243\015Pgq\273\306T\027"
 262      95C37D87 
 262      C0A30D50 
 262      6771BBC6 
 262      5417
 263 0039 D959B4C9 		.ascii	"\331Y\264\311-}\364\224+\233\227\274d\263\313\273d\354"
 263      2D7DF494 
 263      2B9B97BC 
 263      64B3CBBB 
 263      64EC
 264 004b 2DAFA781 		.ascii	"-\257\247\201\326z(\\\230>?;\370\015\362\007\202\316"
 264      D67A285C 
 264      983E3F3B 
 264      F80DF207 
 264      82CE
 265 005d 22E6     		.ascii	"\"\346"
 266              		.text
 267              		.section	.gnu.lto_.refs.a0871edf95e424db,"",%progbits
 268 0000 789C0DC6 		.ascii	"x\234\015\306\261\001\000 \010\304\300|\300\322\206"
 268      B1010020 
 268      08C4C07C 
 268      C0D286
 269 000f 05DC7F4B 		.ascii	"\005\334\177K\271\352\232\360\200\306,\265b[\246tv9"
 269      B9EA9AF0 
 269      80C62CB5 
 269      625BA674 
 269      7639
 270 0021 7AF9099E 		.ascii	"z\371\011\236\000\177"
 270      007F
 271              		.text
 272              		.section	.gnu.lto_.decls.a0871edf95e424db,"",%progbits
 273 0000 789CCD5A 		.ascii	"x\234\315Z\011PTI\232\256|Y\024UE\001=\330=al\0203\035"
 273      09505449 
 273      9AAE7C59 
 273      14554501 
 273      3DD83D61 
 274 0018 1DDD21BB 		.ascii	"\035\335!\273\333+\242n\357l\304\356NcA\013\321^]\320"
 274      DB2BA26E 
 274      EF6CC4EE 
 274      4E63410B 
 274      D15E5DD0 
 275 002c 76EFCEEC 		.ascii	"v\357\316\354V#\342\312\016B\257\226=\366\306Foq(\210"
 275      5623E2CA 
 275      0E42AF96 
 275      3DF6C646 
 275      6F712888 
 276 0040 17978088 		.ascii	"\027\227\200\210\027\240\200\"r\010\036 \026\036(\012"
ARM GAS  /tmp/ccVxJrKp.s 			page 21


 276      17A08022 
 276      72081E20 
 276      161E280A 
 277 0050 8A202A02 		.ascii	"\212 *\002\312%b\323\255\\^x\355\237\231\357\361\262"
 277      CA2562D3 
 277      AD5C5E78 
 277      ED9F99EF 
 277      F1B2
 278 0062 AE9E99DD 		.ascii	"\256\236\231\335\330\210-\375\253\336\377\362\313\357"
 278      D8882DFD 
 278      ABDEFFF2 
 278      CBEF
 279 0070 FFF3CFCC 		.ascii	"\377\363\317\314\377e\346C\251@\012\362y4C\241\360s"
 279      FF65E643 
 279      A9400AF2 
 279      793443A1 
 279      F073
 280 0082 5128960B 		.ascii	"Q(\226\013\012\305\033\370\250\340\336R\205\374!\372"
 280      0AC51BF8 
 280      A8E0DE52 
 280      85FC21FA 
 281 0092 61907500 		.ascii	"a\220u\000\377\017\220\377\004\371\016\304\014\002U"
 281      FF0F90FF 
 281      04F90EC4 
 281      0C0255
 282 00a1 1471F09B 		.ascii	"\024q\360\233\200\024V\237\303b=\302\023\001e\377\004"
 282      8014569F 
 282      C3623DC2 
 282      130165FF 
 282      04
 283 00b2 F21B9015 		.ascii	"\362\033\220\025 _\202\020\370o\305\372\004\373S\\\304"
 283      205F8210 
 283      F86FC5FA 
 283      04FB535C 
 283      C4
 284 00c3 EE3B2297 		.ascii	"\356;\"\227\027\310\333\012\306\347\012\002\256S>#\310"
 284      17C8DB0A 
 284      C6E70A02 
 284      AE533E23 
 284      C8
 285 00d4 7DB8EE06 		.ascii	"}\270\356\006iS0[n 7A\332A\274A\276\000\371\012\344"
 285      6953305B 
 285      6E203741 
 285      DA41BC41 
 285      BE00F90A 
 286 00e9 164807C8 		.ascii	"\026H\007\310m\220\237\001v-\374\266\200T\202\\A\314"
 286      6D909F01 
 286      762DFCB6 
 286      8054825C 
 286      41CC
 287 00fb AF79209F 		.ascii	"\257y \237\201\374\032$\000d!H0\310\277\200\254\002"
 287      81FC1A24 
 287      00642148 
 287      30C8BF80 
 287      AC02
 288 010d 89020905 		.ascii	"\211\002\011\005\371\035\210Al\017\361\023\303\357\003"
 288      F91D8841 
ARM GAS  /tmp/ccVxJrKp.s 			page 22


 288      6C0FF113 
 288      C3EF03
 289 011c E4B81D24 		.ascii	"\344\270\035$v\356N\332\361\245\330\026\311\357/D\237"
 289      76EE4EDA 
 289      F1A5D816 
 289      C9EF2F44 
 289      9F
 290 012d 25FF5D44 		.ascii	"%\377]D?%\337$\177\221\310\353,v\244\257\324\016l~)"
 290      3F25DF24 
 290      7F91C8EB 
 290      2C76A4AF 
 290      D40E6C7E 
 291 0142 F6876447 		.ascii	"\366\207dGP\310\334H\254g\373\371\356\177\310\365\235"
 291      50C8DC48 
 291      AC67FBF9 
 291      EE7FC8F5 
 291      9D
 292 0153 03AE5702 		.ascii	"\003\256W\002:\330Z\262\331\275\023u \244@\350-\204"
 292      3AD85AB2 
 292      D9BD1375 
 292      20A440E8 
 292      2D84
 293 0165 44347CC8 		.ascii	"D4|\310\035\361\227\\ \246\010\364[!\241\246H\021\375"
 293      1DF1975C 
 293      20A608F4 
 293      5B21A1A6 
 293      4811FD
 294 0178 07FF058A 		.ascii	"\007\377\005\212G\\\201\025\216\216m\372\221o\241\251"
 294      475C8115 
 294      8E8E6DFA 
 294      916FA1A9 
 295 0188 8F8444D6 		.ascii	"\217\204D\326\244\204UVA\027\344\012\034\237\350\275"
 295      A4845556 
 295      4117E40A 
 295      1C9FE8BD 
 296 0198 681FF166 		.ascii	"h\037\361f)5\226\032]3Z\037\215\201\022.\357>/\372d"
 296      2935961A 
 296      5D335A1F 
 296      8D81122E 
 296      EF3E2FFA 
 297 01ad 6689193E 		.ascii	"f\211\031>)f\263\360K90\327\022\312r\361\204\200\274"
 297      2966B3F0 
 297      4B3930D7 
 297      12CA72F1 
 297      8480BC
 298 01c0 B44809EA 		.ascii	"\264H\011\352hsN\277\007\250ok\321\273\240\276j\334"
 298      68734EBF 
 298      07A86F6B 
 298      D1BBA0BE 
 298      6ADC
 299 01d2 99234CCF 		.ascii	"\231#L\317\244\365\342\315\357*\321\322\237\243C\310"
 299      A4F5E2CD 
 299      EF2AD1D2 
 299      9FA343C8 
 300 01e2 1B1D44DE 		.ascii	"\033\035D\336`\254\004M\207\357eJ\3064\260\177\374\262"
 300      60AC044D 
 300      87EF654A 
ARM GAS  /tmp/ccVxJrKp.s 			page 23


 300      C634B07F 
 300      FCB2
 301 01f4 DB7B7BCD 		.ascii	"\333{{\315{\313\314=\243C\036\231\361\346\213P\355]"
 301      7BCBCC3D 
 301      A3431E99 
 301      F1E68B50 
 301      ED5D
 302 0206 82424508 		.ascii	"\202BE\010\243b4\223x\010\227\344\247\020u\202\357\207"
 302      A3623493 
 302      780897E4 
 302      A7107582 
 302      EF87
 303 0218 D17BC487 		.ascii	"\321{\304\207\352\202a\025\376\202:\232S3q\311\205\371"
 303      EA826115 
 303      FE823A9A 
 303      533371C9 
 303      85F9
 304 022a A306F5C1 		.ascii	"\243\006\365\301\353#\367\2258\202\026UY\312\017\250"
 304      EB23F795 
 304      38821655 
 304      59CA0FA8 
 305 023a 7014BD6E 		.ascii	"p\024\275n\177iI\306\370\033z]s\254\266\301\205\371"
 305      7F6949C6 
 305      F81B7A5D 
 305      73ACB6C1 
 305      85F9
 306 024c 3C0BD4F3 		.ascii	"<\013\324\363o\236Z<\031\203\000j\353H\323.7V\372\026"
 306      6F9E5A3C 
 306      1983006A 
 306      EB48D32E 
 306      3756FA16 
 307 0260 A8A90DF7 		.ascii	"\250\251\015\367J48\001\321\232\375yW\362\005(\233\256"
 307      4A343801 
 307      D19AFD79 
 307      57F20528 
 307      9BAE
 308 0272 45105862 		.ascii	"E\020Xb\335\322\362\317L7\233\277\003\275\262s\242X"
 308      DDD2F2CF 
 308      4C379BBF 
 308      03BDB273 
 308      A258
 309 0284 C049142D 		.ascii	"\300I\024-to/~\252BZ\237$\022\016s\274Y\353\243@U\020"
 309      746F2F7E 
 309      AA425A9F 
 309      24120E73 
 309      BC59EBA3 
 310 029b 8CA3100C 		.ascii	"\214\243\020\014T\203|H5\322Ht\034n\036\203\233\007"
 310      54837C48 
 310      35D24874 
 310      1C6E1E83 
 310      9B07
 311 02ad 08AEA7FD 		.ascii	"\010\256\247\375\322\207\307\315\346\267\320I\244E'"
 311      D287C7CD 
 311      E6B7D049 
 311      A44527
 312 02bc E4384CD7 		.ascii	"\3448L\327\262\260Ue7\247{`\0133\2615\247#_\347\314"
 312      B2B05565 
ARM GAS  /tmp/ccVxJrKp.s 			page 24


 312      37A77B60 
 312      0B33B135 
 312      A7235FE7 
 313 02d1 449D5313 		.ascii	"D\235S\023\345[\337?DL\234\002\023\265\262\011\260\310"
 313      E55BDF3F 
 313      444C9C02 
 313      13B5B209 
 313      B0C8
 314 02e3 6C5C18D8 		.ascii	"l\\\030\330\375@\213\207\231\215\214{UuJg6\352\235\332"
 314      FD408B87 
 314      998D8C7B 
 314      55754A67 
 314      36EA9DDA 
 315 02f7 E8D866CA 		.ascii	"\350\330f\312X\017c\007Y\300\310i\331\310)\311\310\325"
 315      580F6307 
 315      59C0C869 
 315      D9C829C9 
 315      C8D5
 316 0309 AE1F3294 		.ascii	"\256\0372\224\270\222\215\267\207\011\367z\304\250O"
 316      B8928DB7 
 316      8709F77A 
 316      C4A84F
 317 0318 0775474E 		.ascii	"\007uGN\356,|\214\025\035Y?P\254\206\"o\010:\211\371"
 317      EE2C7C8C 
 317      151D593F 
 317      50AC8622 
 317      6F083A89 
 318 032d 911F4E3C 		.ascii	"\221\037N<wg:)NI\030Kw\301\026\206\335\223w\367\232"
 318      77673A29 
 318      4E49184B 
 318      77C11686 
 318      DD9377F7 
 319 0342 A01414E8 		.ascii	"\240\024\024\350\002\030\374\013obGH\356z\321\345\206"
 319      0218FC0B 
 319      6F624748 
 319      EE7AD1E5 
 319      86
 320 0353 D43E1BCC 		.ascii	"\324>\033\314\3468\363H\\\234j\272\002\315\361F\263"
 320      E638F348 
 320      5C9C6ABA 
 320      02CDF146 
 320      B3
 321 0364 C8886C44 		.ascii	"\310\210lDj\342\027\272\004\315\270\210\224\250\001"
 321      6AE217BA 
 321      04CDB888 
 321      94A801
 322 0373 9A705EEE 		.ascii	"\232p^\356\211\314\245\275\361\244\011\000S\210\376"
 322      89CCA5BD 
 322      F1A40900 
 322      5388FE
 323 0382 8BD3202B 		.ascii	"\213\323 +\2774\037\3417\324\252\320\270\267g\330\035"
 323      BF341FE1 
 323      37D4AAD0 
 323      B8B767D8 
 323      1D
 324 0393 F9A8692D 		.ascii	"\371\250i-\313\363\006\030\014j\324\014\324\227\345"
 324      CBF30618 
ARM GAS  /tmp/ccVxJrKp.s 			page 25


 324      0C6AD40C 
 324      D497E5
 325 03a2 66130A85 		.ascii	"f\023\012\205\302\336\007\324\004\246\235\271A\"1\361"
 325      C2DE07D4 
 325      04A69DB9 
 325      412231F1 
 326 03b2 E801C25B 		.ascii	"\350\001\302[0m\336\316\330\374\002O\234\301\224[I\233"
 326      306DDECE 
 326      D8FC024F 
 326      9CC1945B 
 326      499B
 327 03c4 2BD4A4AD 		.ascii	"+\324\244\255W\301\312_z\263\264uug\266\012\0270@\372"
 327      57C1CA5F 
 327      7AB3B475 
 327      7567B60A 
 327      173040FA 
 328 03d8 D5FE6C17 		.ascii	"\325\376l\027\002\270F\203\201Z\220\222x[\272\2435W"
 328      02B84683 
 328      815A9092 
 328      785BBAA3 
 328      3557
 329 03ea E5241E6D 		.ascii	"\345$\036m\242#\327\301\221V\273xtl\213\032\240\361"
 329      A223D7C1 
 329      9156BB78 
 329      746C8B1A 
 329      A0F1
 330 03fc 68B38BC7 		.ascii	"h\263\213\307\345\216\306\247*\\E\015\013\333\016V\227"
 330      E58EC6A7 
 330      2A5C450D 
 330      0BDB0E56 
 330      97
 331 040d BA4CC5E3 		.ascii	"\272L\305\343X\033\215\307M\240n\227\343\321\346,\036"
 331      581B8DC7 
 331      4DA06E97 
 331      E3D1E62C 
 331      1E
 332 041e 37C0B433 		.ascii	"7\300\26437Hb\232\330\261\336\015\327\263\026\266=~"
 332      3748629A 
 332      D8B1DE0D 
 332      D7B316B6 
 332      3D7E
 333 0430 D4ADC64D 		.ascii	"\324\255\306ML\351\036\254\370s\322\332\0169\034\315"
 333      4CE91EAC 
 333      F873D2DA 
 333      0E391CCD 
 334 0440 C3FDF16A 		.ascii	"\303\375\361j\334\311\3127\225o\335\245#\200N\026\216"
 334      DCC9CA37 
 334      956FDDA5 
 334      23804E16 
 334      8E
 335 0451 DB2C1C6F 		.ascii	"\333,\034o\236\224\345h\235\204\243[\364\343\016\370"
 335      9E94E568 
 335      9D84A35B 
 335      F4E30EF8 
 336 0461 D1651B0E 		.ascii	"\321e\033\016Kj\272'iX\267]0v\214>\256\363\300\303,"
 336      4B6ABA27 
 336      6958B75D 
ARM GAS  /tmp/ccVxJrKp.s 			page 26


 336      30768C3E 
 336      AEF3C0C3 
 337 0476 18298713 		.ascii	"\030)\207\023\343=\247\202\221\305\202\321\013\304w"
 337      E33DA782 
 337      91C582D1 
 337      0BC477
 338 0485 E560743B 		.ascii	"\345`t;\013F\017\030v\346\004\030\032\257\334\237\356"
 338      0B460F18 
 338      76E60418 
 338      1AAFDC9F 
 338      EE
 339 0496 865FB0F6 		.ascii	"\206_\260\366\015\346\235z\245\306f%U\016&l\212w'\215"
 339      0DE69D7A 
 339      A5C66625 
 339      550E266C 
 339      8A77278D 
 340 04aa ED97A3B1 		.ascii	"\355\227\243\261\276.\367\244\013Nc\200\232\241\311"
 340      BE2EF7A4 
 340      0B4E6380 
 340      9AA1C9
 341 04b9 0D1E0470 		.ascii	"\015\036\004p\217Ec\200E#\371`\333\250\322I4\356\213"
 341      8F456380 
 341      4523F960 
 341      DBA8D249 
 341      34EE8B
 342 04cc 8E0C8123 		.ascii	"\216\014\201#\203v\321\030M\243\321\270o\027\215W%\327"
 342      8376D118 
 342      4DA3D1B8 
 342      6F178D57 
 342      25D7
 343 04de EA75F800 		.ascii	"\352u\370\0005+\324\246\335\312\301\016\371\3210\320"
 343      352BD4A6 
 343      DDCAC10E 
 343      F9D130D0 
 344 04ee FEB489A7 		.ascii	"\376\264\211\247\2554x\337\003\350\201\034\274\3734"
 344      AD3478DF 
 344      03E8811C 
 344      BCFB34
 345 04fd 785CE6F6 		.ascii	"x\\\346\366b\231\273z\260\261A\313R\212\231\344\215"
 345      6299BB7A 
 345      B0B141CB 
 345      528A99E4 
 345      8D
 346 050e CA91DB7F 		.ascii	"\312\221\333\177\206\313X\353\327o9\234E\312T$\221\277"
 346      86CB58EB 
 346      D76F399C 
 346      45CA5424 
 346      91BF
 347 0520 79E34A1E 		.ascii	"y\343J\036G#\223\325Jv\213\030[\007\267v\355\350*\367"
 347      472393D5 
 347      4A768B18 
 347      5B07B776 
 347      EDE82AF7 
 348 0534 C0B5CCF3 		.ascii	"\300\265\314\363\242\311}q\256R\032\204\207\233W\220"
 348      A2C97D71 
 348      AE521A84 
 348      879B5790 
ARM GAS  /tmp/ccVxJrKp.s 			page 27


 349 0544 62EAD186 		.ascii	"b\352\321\206\306\301_\225\230\006G\340\346#.\233\377"
 349      C6C15F95 
 349      980647E0 
 349      E6232E9B 
 349      FF
 350 0555 9A66F331 		.ascii	"\232f\3631\310\202\243\262\323*1\011\216=\0379\252\304"
 350      C882A3B2 
 350      D32A3109 
 350      8E3D1F39 
 350      AAC4
 351 0567 0DCCC49D 		.ascii	"\015\314\304\235\344[\007<\234\231x\342\324D\371\326"
 351      E45B073C 
 351      9C9978E2 
 351      D444F9D6 
 352 0577 99349B3F 		.ascii	"\2314\233?\006\023\023\262\2111)\321\246\225\345'!|"
 352      061313B2 
 352      893129D1 
 352      A695E527 
 352      217C
 353 0589 85D96839 		.ascii	"\205\331h9\237Y\256rf\343\271S\033\035W\277a\331\374"
 353      9F59AE72 
 353      66E3B953 
 353      1B1D57BF 
 353      61D9FC
 354 059c 1918792A 		.ascii	"\031\030y*\033y,\031\331;p\257\235d^\005E,#\203\011"
 354      1B792C19 
 354      D93B70AF 
 354      9D645E05 
 354      452C2383 
 355 05b1 553F3B75 		.ascii	"U?;uW\203;X\310cs\333\372\005\334\317\224\356]\217\306"
 355      57833B58 
 355      C86373DB 
 355      FA05DCCF 
 355      94EE5D8F 
 356 05c6 95788829 		.ascii	"\225x\210)\245?\036\237\320\340\207L\311:X\331I\263"
 356      A53F1E9F 
 356      D0E0874C 
 356      C93A58D9 
 356      49B3
 357 05d8 DA6B30F2 		.ascii	"\332k0\362!\033\270\322\023z\011{Bo\353}S$\340\347b"
 357      211BB8D2 
 357      137A097B 
 357      426FEB7D 
 357      5324E0E7 
 358 05ed E5471531 		.ascii	"\345G\0251\004\036+`d\026\274\341\021AM\327'\034l\303"
 358      041E2B60 
 358      6416BCE1 
 358      11414DD7 
 358      271C6CC3 
 359 0601 38DE8562 		.ascii	"8\336\205b\032G6\324\252\010(^ \223\001\305\011\024"
 359      1A4736D4 
 359      AA08285E 
 359      209301C5 
 359      0914
 360 0613 33505F71 		.ascii	"3P_qN\21373\314\306\015Oj1\301\254\027\350|H\240\030"
 360      4E8B3733 
 360      CCC60D4F 
ARM GAS  /tmp/ccVxJrKp.s 			page 28


 360      6A31C1AC 
 360      17E87C48 
 361 0629 E1D5F5A1 		.ascii	"\341\325\365\241\002O'\363!Q`\2035I\360A\033\004\273"
 361      024F27F3 
 361      21516083 
 361      3549F041 
 361      1B04BB
 362 063c 87C78DB9 		.ascii	"\207\307\215\271\273I\257\000\312fBdn\336\371P\300Y"
 362      BB49AF00 
 362      CA664264 
 362      6EDEF950 
 362      C059
 363 064e 2EECD9F1 		.ascii	".\354\331\361d\350\262\307Tz\350v\207\020o\002\336\215"
 363      64E8B2C7 
 363      547AE876 
 363      87106F02 
 363      DE8D
 364 0660 C2548809 		.ascii	"\302T\210\011\201\303\344\220\014v\235\371\000f\366"
 364      81C3E490 
 364      0C769DF9 
 364      0066F6
 365 066f 5576FF88 		.ascii	"Uv\377\210q\036k\336\213\241\214\016\304\346\206\016"
 365      711E6BDE 
 365      8BA18C0E 
 365      C4E6860E 
 366 067f D4B89A8E 		.ascii	"\324\270\232\216TO67zH\361\206\233u\225\030\2270\354"
 366      544F3637 
 366      7A48F186 
 366      9B759518 
 366      9730EC
 367 0692 B1DEEDA7 		.ascii	"\261\336\355\2475\014{\213\352\017\017\035sg`\013\315"
 367      350C7B8B 
 367      EA0F0F1D 
 367      7367600B 
 367      CD
 368 06a3 BA83FB12 		.ascii	"\272\203\373\022t\254\274\205\350go\\\030Q\3422V\271"
 368      74ACBC85 
 368      E8676F5C 
 368      1851E232 
 368      56B9
 369 06b5 FB62F121 		.ascii	"\373b\361!\262>\234\301f\226'\367\300\236\301\036\330"
 369      B23E9CC1 
 369      669627F7 
 369      C09EC11E 
 369      D8
 370 06c6 ADDBC60A 		.ascii	"\255\333\306\012\\q5k\376\241\324\341V\015\362\321J"
 370      5C71356B 
 370      FEA1D4E1 
 370      560DF2D1 
 370      4A
 371 06d7 93252035 		.ascii	"\223% 5\221\214\262lA\2132\345\020\314 \203,\211D\300"
 371      918CB26C 
 371      418B32E5 
 371      10CC2083 
 371      2C8944C0 
 372 06eb 76C46641 		.ascii	"v\304fA\273g\210#v;t\177\206@\333^\\\220\232\247\302"
 372      BB678823 
ARM GAS  /tmp/ccVxJrKp.s 			page 29


 372      763B747F 
 372      8640DB5E 
 372      5C909AA7 
 373 0700 F5CCC6C1 		.ascii	"\365\314\306\301\322\253\015\342\314\265'\330\351\200"
 373      D2AB0DE2 
 373      CCB527D8 
 373      E980
 374 070e 409A5673 		.ascii	"@\232VsKH\007\346\200/;d_\3005\326\215\275-Uf\2156\211"
 374      4B4807E6 
 374      802F3B64 
 374      5FC035D6 
 374      8DBD2D55 
 375 0726 2C89FE18 		.ascii	",\211\376\030R\250\321\324\364\242\331\005_b\201\332"
 375      52A8D1D4 
 375      F4A2D905 
 375      5F6281DA 
 376 0736 74BEAA41 		.ascii	"t\276\252A\\H_$z\306\311\2635n\270\231\025\366'\367"
 376      5C485F24 
 376      7AC6C9B3 
 376      356EB899 
 376      15F627F7 
 377 074a 9D55E156 		.ascii	"\235U\341V\261?\304\370{\211\361\337\323\371\370\022"
 377      B13FC4F8 
 377      7B89F1DF 
 377      D3F9F812 
 378 075a C2375CAC 		.ascii	"\3027\\\254\026\263^l1{\252\265\353c\334\311\212\316"
 378      16B35E6C 
 378      317BAAB5 
 378      EB63DCC9 
 378      8ACE
 379 076c 8C95158A 		.ascii	"\214\225\025\212\375\204\311\314\272S\375\\\247\225"
 379      FD84C9CC 
 379      BA53FD5C 
 379      A795
 380 077a E73DB92F 		.ascii	"\347=\271/\257\315\017\220f!_o\264\237\371\232\035W"
 380      AFCD0F90 
 380      66215F6F 
 380      B49FF99A 
 380      1D57
 381 078c 50A8F44A 		.ascii	"P\250\364J\021w\000\037+i\030~\004\370\017\024^(xI\225"
 381      1177001F 
 381      2B69187E 
 381      04F80F14 
 381      5E287849 
 382 07a1 087AE87A 		.ascii	"\010z\350zG\262\300\243s\177\012]\232\277?K\213\357"
 382      47B2C0A3 
 382      737F0A5D 
 382      9ABF3F4B 
 382      8BEF
 383 07b3 322F778E 		.ascii	"2/w\216w?\020G\233\017\250\007\236\324\300#\273\237"
 383      773F1047 
 383      9B0FA807 
 383      9ED4C023 
 383      BB9F
 384 07c5 95A5D7ED 		.ascii	"\225\245\327\355jv\305\367\231\"m"
 384      6A76C5F7 
 384      99226D
ARM GAS  /tmp/ccVxJrKp.s 			page 30


 385 07d0 35BCD856 		.ascii	"5\274\330V#\356\346<<\314JN\247\246u#\374\310\305j%"
 385      23EEE63C 
 385      3CCC4A4E 
 385      A7A67523 
 385      FCC8C56A 
 386 07e5 E9C55692 		.ascii	"\351\305V\222\333/\017\317\300\023\254\350\365\305\263"
 386      DB2F0FCF 
 386      C013ACE8 
 386      F5C5B3
 387 07f4 33F024BB 		.ascii	"3\360$\273n\250.*D\330\254\242\312XN\303\260\026'0e"
 387      6EA82E2A 
 387      44D8ACA2 
 387      CA584EC3 
 387      B0162730 
 388 0809 6F6BEE71 		.ascii	"ok\356q5Nd\312\201g\231\007tx3S\256\237hOr\303\251L"
 388      354E64CA 
 388      81679907 
 388      74783353 
 388      AE9F684F 
 389 0821 492A2FCF 		.ascii	"I*/\317v\303\333\231\"\315'/q>\015\354\037\330\253\021"
 389      76C3DB99 
 389      22CD272F 
 389      713E0DEC 
 389      1FD8AB11 
 390 0835 9F3D2AD0 		.ascii	"\237=*\320\223[\233 i\356`\340\246\003\371\261\032\247"
 390      935B9B20 
 390      69EE60E0 
 390      A603F9B1 
 390      1AA7
 391 0847 1D512B75 		.ascii	"\035Q+u\304,\332\017\311uc\273\221\030Y\213\324\017"
 391      C42CDA0F 
 391      C97563BB 
 391      9118598B 
 391      D40F
 392 0859 A930A68E 		.ascii	"\2510\246\216P\364)\032\331Z)\262\311m\315\261\256<"
 392      50F4291A 
 392      D95A29B2 
 392      C96DCDB1 
 392      AE3C
 393 086b 3AF727D0 		.ascii	":\367'\320?/\213-HT\243\367\245\3174\366\343C\277\363"
 393      3F2F8B2D 
 393      4854A3F7 
 393      A5CF34F6 
 393      E343BFF3 
 394 087f CC09F1E6 		.ascii	"\314\011\361\346\236Wc\037'\345_\331l\336{\006Q\252"
 394      9E57631F 
 394      27E55FD9 
 394      6CDE7B06 
 394      51AA
 395 0891 12980717 		.ascii	"\022\230\007\027\205i\362H?(\020^?\370R\320\032\226"
 395      8569F248 
 395      3F28105E 
 395      3FF852D0 
 395      1A96
 396 08a3 277775E6 		.ascii	"'wu\346\2240\012\256\264\005\263\301p\010\311\350\334"
 396      94300AAE 
 396      B405B3C1 
ARM GAS  /tmp/ccVxJrKp.s 			page 31


 396      7008C9E8 
 396      DC
 397 08b4 653BCC96 		.ascii	"e;\314\226\004L\341{l\341\273\005[x\227L~\334\026\355"
 397      044CE17B 
 397      6CE1BB05 
 397      5B78974C 
 397      7EDC16ED 
 398 08c8 6BE3C86B 		.ascii	"k\343\310k\031[j\213=l\307<&\243\253l\321G\354\334\336"
 398      195B6A8B 
 398      3D6CC73C 
 398      26A3AB6C 
 398      D147ECDC 
 399 08dd CDB9BDCB 		.ascii	"\315\271\275\313\026\236f\033\222I\231\273\334\026\\"
 399      169E661B 
 399      924999BB 
 399      DC165C
 400 08ec 66E74936 		.ascii	"f\347I6\307\235g\013\337\307\301S\305\331f\206'\036"
 400      C79D670B 
 400      DFC7C153 
 400      C5D96686 
 400      271E
 401 08fe 3A097D7C 		.ascii	":\011}|\202\026\022<y\"\\\205\034tFx\037]\003\271\016"
 401      8216123C 
 401      79225C85 
 401      1C744678 
 401      1F5D03B9 
 402 0913 720EE432 		.ascii	"r\016\3442\210\005\244\021\244\001\244\025\344,\310"
 402      8805A411 
 402      A401A415 
 402      E42CC8
 403 0922 69906690 		.ascii	"i\220f\2206\220\026\220\013 \227@\352A\316\203\\\001"
 403      36901690 
 403      0B209740 
 403      EA41CE83 
 403      5C01
 404 0934 6912DEA7 		.ascii	"i\022\336\247\0170\346\3453\271M\025\216\333\304\005"
 404      0F30E6E5 
 404      33B94D15 
 404      8EDBC405 
 405 0944 20876BD2 		.ascii	" \207k\322^\307\275\314\241'd\352\243\216G\220\004\216"
 405      5EC7BDCC 
 405      A12764EA 
 405      A38E4790 
 405      048E
 406 0956 355B2A96 		.ascii	"5[*\226\305R\352:\301\013\325\210hi\274\243\024[\352"
 406      C552EA3A 
 406      C10BD588 
 406      6869BCA3 
 406      145BEA
 407 0969 34CE9143 		.ascii	"4\316\221C\216\2072\337\025e\034<\335q738{xw\202\343"
 407      8E8732DF 
 407      15651C3C 
 407      DD713733 
 407      387B7877 
 408 097f B03C0514 		.ascii	"\260<\005\024\377\300g~f\365\005\245\233\315\027g\241"
 408      FFC0677E 
 408      66F505A5 
ARM GAS  /tmp/ccVxJrKp.s 			page 32


 408      9BCD1767 
 408      A1
 409 0990 2270B440 		.ascii	"\"p\264@\344\222\022$\312\2673}G\016\3021\207#\235\007"
 409      E4921224 
 409      CAB7337D 
 409      470EC231 
 409      87239D07 
 410 09a4 BF94C147 		.ascii	"\277\224\301G\034\017u.\006\031\\\243\212m\321\371\266"
 410      1C0F752E 
 410      06195CA3 
 410      8A6DD1F9 
 410      B6
 411 09b5 E81199BA 		.ascii	"\350\021\231\272\332\361\274\240`\362\340o\272Q\344"
 411      DAF1BCA0 
 411      60F2E06F 
 411      BA51E4
 412 09c4 813B698A 		.ascii	"\201;i\212\023r\177\030\252U#\237i,0U}\323\351\016\020"
 412      13727F18 
 412      AA55239F 
 412      692C3055 
 412      7DD3E90E 
 413 09d9 2AB7CB0F 		.ascii	"*\267\313\017R\022''\243\030\335\200\301\373\177=\220"
 413      52122727 
 413      A318DD80 
 413      C1FB7F3D 
 413      90
 414 09ea 490EAF6F 		.ascii	"I\016\257ox \350\222\247\326\005\324E9\025\337\022t"
 414      7820E892 
 414      A7D605D4 
 414      453915DF 
 414      1274
 415 09fc 0CF8CBE2 		.ascii	"\014\370\313\342\262\375\211\030)u\323 I\262/\335t\037"
 415      B2FD8918 
 415      2975D320 
 415      49B22FDD 
 415      741F
 416 0a0e 315DEAA6 		.ascii	"1]\352\246+} u\372\370\220\305\357mAG\026\277\034e\247"
 416      2B7D2075 
 416      FAF890C5 
 416      EF6D4147 
 416      16BF1C65 
 417 0a23 15E56D46 		.ascii	"\025\345mFi\325\352\255\320\352-\244\325O\241\245\335"
 417      69D5EAAD 
 417      D0EA2DA4 
 417      D54FA1A5 
 417      DD
 418 0a34 62AB9FC0 		.ascii	"b\253\237\300\365c\360v\002\344\016H\327\324\364\003"
 418      F563F076 
 418      02E40E48 
 418      D7D4F403 
 419 0a44 66588E2F 		.ascii	"fX\216/\030,\334@z\006|D\333 \250\335Nz\306\261\245"
 419      182CDC40 
 419      7A067C44 
 419      DB20A8DD 
 419      4E7AC6B1 
 420 0a59 CD628D3F 		.ascii	"\315b\215?h\311\222v\233\016\200\273`\246\014\331\230"
 420      68C99276 
ARM GAS  /tmp/ccVxJrKp.s 			page 33


 420      9B0E80BB 
 420      60A60CD9 
 420      98
 421 0a6a E10622D7 		.ascii	"\341\006\"\327\340\036\253\006\337\265j\260\205\272"
 421      E01EAB06 
 421      DFB56AB0 
 421      85BA
 422 0a78 3135EEC7 		.ascii	"15\356\307\300t\037s\003\356\202\355\037@\206A\276\007"
 422      C0741F73 
 422      03EE82ED 
 422      1F408641 
 422      BE07
 423 0a8a 79003204 		.ascii	"y\0002\004\322\017\322k\345\323\251,w6\206\037\201W"
 423      D20FD26B 
 423      E5D3A92C 
 423      7736861F 
 423      8157
 424 0a9c 0FC1AB3E 		.ascii	"\017\301\253>g\351\332\252\365\362zD\264\211\036\202"
 424      67E9DAAA 
 424      F5F27A44 
 424      B4891E82 
 425 0aac FD3FDEEC 		.ascii	"\375?\336\354\256\233\277`f\007\300l\271c\263~6\301"
 425      AE9BBF60 
 425      6607C06C 
 425      B963B37E 
 425      36C1
 426 0abe 1814A6CB 		.ascii	"\030\024\246\313\220\373`\356\036\324e\023\300\011J"
 426      90FB60EE 
 426      1ED46513 
 426      C0094A
 427 0acd C1419C1D 		.ascii	"\301A\234\035\244\002\036\276;\004\245\224{z\3323\003"
 427      A4021EBE 
 427      3B04A594 
 427      7B7ADA33 
 427      03
 428 0ade 63E9FE8C 		.ascii	"c\351\376\214\370V!\357\317\356\321\360\347\211\307"
 428      F85621EF 
 428      CFEED1F0 
 428      E789C7
 429 0aed 37CBDB13 		.ascii	"7\313\333\0237\230[\276\242Gr\325b\003\246\216\362h"
 429      37985BBE 
 429      A24772D5 
 429      6203A68E 
 429      F268
 430 0aff 6F568A69 		.ascii	"oV\212i\205L\333\221L\235\004>\343\020,\345 \022\234"
 430      854CDB91 
 430      4C9D043E 
 430      E3102CE5 
 430      20129C
 431 0b12 961B6EE6 		.ascii	"\226\033n\346\262\257\350\251\3279\021,nS(\364,\007"
 431      B2AFE8A9 
 431      D739112C 
 431      6E5328F4 
 431      2C07
 432 0b24 DDCDA0E4 		.ascii	"\335\315\240\344@\350\212\003h\025\007\315dPr\\r\313"
 432      40E88A03 
 432      681507CD 
ARM GAS  /tmp/ccVxJrKp.s 			page 34


 432      6450725C 
 432      72CB
 433 0b36 01748E8C 		.ascii	"\001t\216\214|\335F\221\344l\240\317\001\322ON\323O"
 433      7CDD4691 
 433      E46CA0CF 
 433      01D24F4E 
 433      D34F
 434 0b48 DB689AEE 		.ascii	"\333h\232\356\263N\323\\o\214X\365\306#6\200\235u\305"
 434      B34ED35C 
 434      6F8C58F5 
 434      C6233680 
 434      9D75C5
 435 0b5b 08ED8A51 		.ascii	"\010\355\212Q\332\025R\002\230\204\321\306l]\273IO,"
 435      DA155202 
 435      9884D1C6 
 435      6C5DBB49 
 435      4F2C
 436 0b6d C6C19B17 		.ascii	"\306\301\233\027r\247\364\331g>GS\342O\031\236`\353"
 436      72A7F4D9 
 436      673E4753 
 436      E24F199E 
 436      60EB
 437 0b7f C5CD5F64 		.ascii	"\305\315_d\233-q\230v\330Kq\256Zw\030\037\332\261\233"
 437      9B2D7198 
 437      76D84B71 
 437      AE5A7718 
 437      1FDAB19B 
 438 0b93 346064B3 		.ascii	"4`d\263\371J\004;\011Xg\026\015X\267u\300\244]\356\337"
 438      F94A043B 
 438      09586716 
 438      0D58B775 
 438      C0A45DEE 
 439 0ba8 9F249B24 		.ascii	"\237$\233$\222\3456\313\271\275\233\266\0202\354\361"
 439      92E536CB 
 439      B9BD9BB6 
 439      1032ECF1 
 440 0bb8 FAD39795 		.ascii	"\372\323\227\225\322!\177\317;S\207\374d\304\227\312"
 440      D2217FCF 
 440      3B5387FC 
 440      64C497CA 
 441 0bc8 1129E50F 		.ascii	"\021)\345\017\371\237\011\344\220?~\327\376\"X\373\263"
 441      F99F09E4 
 441      903F7ED7 
 441      FE2258FB 
 441      B3
 442 0bd9 25737C53 		.ascii	"%s|S\321o\031\213%\367*$\244X\330dP\216\347\262M\270"
 442      D16F198B 
 442      25F72A24 
 442      A458D864 
 442      508EE7B2 
 443 0bef 94392629 		.ascii	"\2249&)\307\245\270\264\265x\202QL\326>i\326\212\034"
 443      C7A5B8B4 
 443      B5788251 
 443      4CD63E69 
 443      D68A1C
 444 0c02 B75A798E 		.ascii	"\267Zy\216\0272\307\013\236\343%\345({~l\237\012\307"
 444      1732C70B 
ARM GAS  /tmp/ccVxJrKp.s 			page 35


 444      9EE325E5 
 444      287B7E6C 
 444      9F0AC7
 445 0c15 BB5292BE 		.ascii	"\273R\222\276\334\222qA$Ii\343I^\311$\257x\222\327\224"
 445      DC927141 
 445      244969E3 
 445      495EC924 
 445      AF7892D7 
 446 0c2a A477DBCB 		.ascii	"\244w\333\313\\W\234\316H\322\317\274\366\005\216\036"
 446      5C579CCE 
 446      48D2CFBC 
 446      F6058E1E 
 447 0c3a 3A6D17C7 		.ascii	":m\027\307\345o\260\244 :\247\321\033\231\344\215\300"
 447      E56FB0A4 
 447      203AA7D1 
 447      1B99E48D 
 447      C0
 448 0c4b 5ECB2033 		.ascii	"^\313 3&\004\337?8]\350\206\3671\202\253\271\035;5\037"
 448      2604DF3F 
 448      385DE886 
 448      F73182AB 
 448      B91D3B35 
 449 0c60 E49B7B80 		.ascii	"\344\233{\200d\264\35070\220\330c&\026\323\352Si^A\356"
 449      64B4E837 
 449      3090D863 
 449      2616D3EA 
 449      53695E41 
 450 0c75 C0771CFE 		.ascii	"\300w\034\376\200\354\321nn\254\324\340BF\221\326\327"
 450      80ECD16E 
 450      6EACD4E0 
 450      424691D6 
 450      D7
 451 0c86 91A86514 		.ascii	"\221\250e\024\226\011\027\263\206\326\217\267\253\037"
 451      960917B3 
 451      86D68FB7 
 451      AB1F
 452 0c94 4FEB27D0 		.ascii	"O\353'\320\372\343\347\212\306\305=N\0129O\253{=|\311"
 452      FAE3E78A 
 452      C6C53D4E 
 452      0A394FAB 
 452      7B3D7CC9 
 453 0ca8 0D1F667C 		.ascii	"\015\037f|%\315\027\272\304\335l\022)<\320\2263\252"
 453      25CD17BA 
 453      C4DD6C12 
 453      293CD096 
 453      33AA
 454 0cba C2D5AC70 		.ascii	"\302\325\254po\366\3058\001\3271E:\226\363\022\217\345"
 454      6FF6C538 
 454      01D73145 
 454      3A96F312 
 454      8FE5
 455 0ccc 0A8EF7C0 		.ascii	"\012\216\367\300`md\205\226\206\315?\"|\235)I\275\211"
 455      606D6485 
 455      9686CD3F 
 455      227C9D29 
 455      49BD89
 456 0cdf 6D22F219 		.ascii	"m\"\362\031\321\337\234yz\313\035\337f\205o\036t\344"
ARM GAS  /tmp/ccVxJrKp.s 			page 36


 456      D1DF9C79 
 456      7ACB1DDF 
 456      66856F1E 
 456      74E4
 457 0cf1 8BDBC611 		.ascii	"\213\333\306\021znt\242o\304\003\017\260\302\324\263"
 457      7A6E74A2 
 457      6FC4030F 
 457      B0C2D4B3 
 458 0d01 8FC7DDF0 		.ascii	"\217\307\335\360\020S\272\3622\366+\031r\210\350\273"
 458      1053BAF2 
 458      32F62B19 
 458      7288E8BB 
 459 0d11 5EBE4C50 		.ascii	"^\276LP\342\037Yak\\z\201\012?e\312\213\207\205#*\034"
 459      E21F5961 
 459      6B5C7A81 
 459      0A3F65CA 
 459      8B878523 
 460 0d27 ABA6CAD9 		.ascii	"\253\246\312\331\361\334Q\035\336\304\224\365\005\327"
 460      F1DC511D 
 460      DEC494F5 
 460      05D7
 461 0d35 37BBE2ED 		.ascii	"7\273\342\355L\031\357\334\322\240\303{\230r\356b\177"
 461      4C19EFDC 
 461      D2A0C37B 
 461      9872EE62 
 461      7F
 462 0d46 9B1A1733 		.ascii	"\233\032\0273%v\250,\021\343J\246\214\266\234M\326\340"
 462      2576A82C 
 462      11E34AA6 
 462      8CB69C4D 
 462      D6E0
 463 0d58 534C69DE 		.ascii	"SLi\336\230\266]\300\347\231R4\230\273U\334\230\377"
 463      98B65DC0 
 463      E7995234 
 463      98BB55DC 
 463      98FF
 464 0d6a 8A3465E7 		.ascii	"\2124e\347\310.\035nfe\265\371\353\213\325\370&S\022"
 464      C82E1D6E 
 464      6665B5F9 
 464      EB8BD5F8 
 464      265312
 465 0d7d AE6CE9D2 		.ascii	"\256l\351\322\341\273L)\035J\264\300\204\020a\315\317"
 465      E1BB4C29 
 465      1D4AB4C0 
 465      841061CD 
 465      CF
 466 0d8e 4B3CF023 		.ascii	"K<\360#Q\351\254\362\305\317\331\365\276\241\023\351"
 466      51E9ACF2 
 466      C5CFD9F5 
 466      BEA113E9 
 467 0d9e 9E384E43 		.ascii	"\2368NC\225\336\356\373\311\036x\023S6\234\336~J\203"
 467      95DEEEFB 
 467      C91E7813 
 467      53369CDE 
 467      7E4A83
 468 0db1 B733E55C 		.ascii	"\2673\345\\\317\035\204w\263\353\341dK\207\200\013\231"
 468      CF1D8477 
ARM GAS  /tmp/ccVxJrKp.s 			page 37


 468      B3EBE164 
 468      4B87800B 
 468      99
 469 0dc2 527C624B 		.ascii	"R|bK\257\013.cJ\377\261\204'J|\224)\207^\356n\321\340"
 469      AF0B2E63 
 469      4AFFB184 
 469      274A7C94 
 469      29875EEE 
 470 0dd9 134C6939 		.ascii	"\023Li9\331s\317\003\3273\2451n\213t\320\220M\272\364"
 470      D973CF03 
 470      D733A531 
 470      6E8B74D0 
 470      904DBAF4 
 471 0ded 6166C519 		.ascii	"af\305\031\225x`\244!\203w\323\356\002%>G\301\3577V"
 471      957860A4 
 471      218377D3 
 471      EE02253E 
 471      47C1EF37 
 472 0e02 1EA9F190 		.ascii	"\036\251\361\2207\235\374g\232\274\375\224\267\2405"
 472      379DFC67 
 472      9ABCFD94 
 472      B7A035
 473 0e11 A56139F9 		.ascii	"\245a9\371\227\344-h*\014\322\363\230{\360n\303\266"
 473      97E42D68 
 473      2A0CD2F3 
 473      987BF06E 
 473      C3B6
 474 0e23 6BD615F2 		.ascii	"k\326\025\362\012w\223-:\031\333m\3758\370F[x\242-y"
 474      0A77932D 
 474      3A19DB6D 
 474      FD38F846 
 474      5B78A22D 
 475 0e38 2B87DE6E 		.ascii	"+\207\336n\213>a\267\033\346\320\033l\321\353yn\372"
 475      8B3E61B7 
 475      1BE6D01B 
 475      6CD1EB79 
 475      6EFA
 476 0e4a 0C15D164 		.ascii	"\014\025\321d\213\237i\213N\261\332#\220\274||\005\333"
 476      8B9F698B 
 476      4EB1DA23 
 476      90BC7C7C 
 476      05DB
 477 0e5c FBC0AE1E 		.ascii	"\373\300\256\036\345\210\360\251\275\217\335\266*\233"
 477      E588F0A9 
 477      BD8FDDB6 
 477      2A9B
 478 0e6a 7325DF96 		.ascii	"s%\337\226\334zCL|\311\340|\331o\013\267\337\265\336"
 478      DC7A434C 
 478      7CC9E07C 
 478      D96F0BB7 
 478      DFB5DE
 479 0e7d E1D8373B 		.ascii	"\341\3307;\2169\347\313m\016\235\342\270?y\362j\016"
 479      8E39E7CB 
 479      6D0E9DE2 
 479      B83F79F2 
 479      6A0E
 480 0e8f BED316BE 		.ascii	"\276\323\026\276\317\316\227\\\016\276\317\026n\267"
ARM GAS  /tmp/ccVxJrKp.s 			page 38


 480      CFCE975C 
 480      0EBECF16 
 480      6EB7
 481 0e9d C37919CE 		.ascii	"\303y\031\316\355\207l\321\326[\177\022\364..\350[m"
 481      ED876CD1 
 481      D65B7F12 
 481      F42E2EE8 
 481      5B6D
 482 0eaf 83BEC5AA 		.ascii	"\203\276\305\252G\001}\203C\247\333\242\323l\303R\306"
 482      47017D83 
 482      43A7DBA2 
 482      D36CC352 
 482      C6
 483 0ec0 39BEC7D6 		.ascii	"9\276\307\326\225]\266\350\024\016]h\213\266?j\271\316"
 483      955DB6E8 
 483      140E5D68 
 483      8BB63F6A 
 483      B9CE
 484 0ed2 C1331C0F 		.ascii	"\3013\034\017\\\276\2359\234\347y\266\236\333\235\372"
 484      5CBE9D39 
 484      9CE779B6 
 484      9EDB9DFA 
 485 0ee2 A471E407 		.ascii	"\244q\344\007\034\217\026\373\335H)\366F\207i\253\010"
 485      1C8F16FB 
 485      DD4829F6 
 485      468769AB 
 485      08
 486 0ef3 9CBEFFC4 		.ascii	"\234\276\377\304>\250\015\303V\017\344\002\310)\220"
 486      3EA80DC3 
 486      560FE402 
 486      C82990
 487 0f02 66907A90 		.ascii	"f\220z\220s \307A\256\200\034\0039\013R\013r\031\304"
 487      7320C741 
 487      AE801C03 
 487      390B520B 
 487      7219C4
 488 0f15 02D200D2 		.ascii	"\002\322\000\322\002R\003R\015r\021\244\011\244\025"
 488      02520352 
 488      0D7211A4 
 488      09A415
 489 0f24 A40AA412 		.ascii	"\244\012\244\022\344\014\310i\2202\220\223 u '@\312"
 489      E40CC869 
 489      90329093 
 489      20752027 
 489      40CA
 490 0f36 412A401A 		.ascii	"A*@\032A\216\202\\\305\374\272\277\202\233\012\273\035"
 490      418E825C 
 490      C5FCBABF 
 490      829B0ABB 
 490      1D
 491 0f47 770B1FE8 		.ascii	"w\013\037\350In@\035t<\240\270\310\235\344\"\267\303"
 491      496E401D 
 491      743CA0B8 
 491      C89DE422 
 491      B7C3
 492 0f59 166D7794 		.ascii	"\026mw\2244\301\241\223\034\347*\376Db\274?\010\026"
 492      34C1A193 
ARM GAS  /tmp/ccVxJrKp.s 			page 39


 492      1CE72AFE 
 492      4462BC3F 
 492      0816
 493 0f6b 2888C06C 		.ascii	"(\210\300l\216$\200k\317`PZ<9\222\240\3072\216\347\011"
 493      8E24806B 
 493      CF60505A 
 493      3C3992A0 
 493      C7328EE7 
 494 0f80 DFAE5ACE 		.ascii	"\337\256Z\316v\266cOy\370k.\014E\216\207'\327\260L\216"
 494      76B6634F 
 494      79F86B2E 
 494      0C458E87 
 494      27D7B04C 
 495 0f95 BCC07176 		.ascii	"\274\300qv\342\320\3178\364\021\307"
 495      E2D0CF38 
 495      F411C7
 496 0fa0 699577E5 		.ascii	"i\225w\345(\007\317u\234?xr\316\361C\266h\273\263\227"
 496      2807CF75 
 496      9C3F7872 
 496      CEF143B6 
 496      68BBB397 
 497 0fb4 3A8E3BCB 		.ascii	":\216;\313q\316\346\237\007\034w\211Cn\3518\345qII\267"
 497      71CEE69F 
 497      071C7789 
 497      436EE938 
 497      E5714949 
 498 0fc9 1B4EA6AF 		.ascii	"\033N\246\257L\204\362\326\276\022\035\232\346\343p"
 498      4C84F2D6 
 498      BE121D9A 
 498      E6E370
 499 0fd8 FAA01B30 		.ascii	"\372\240\0330k\376\277\316 6\016_\014\322\003\240vp"
 499      6BFEBFCE 
 499      20360E5F 
 499      0CD203A0 
 499      7670
 500 0fea F23A9E5A 		.ascii	"\362:\236Z\342\222QI\333\372b[^\253\226?\206i\347\302"
 500      E2925149 
 500      DBFA625B 
 500      5EAB963F 
 500      8669E7C2 
 501 0ffe A240     		.ascii	"\242@"
 502 1000 3731DD81 		.ascii	"71\335\201\221_\000oi\253\316\365P\213\257\303\322\034"
 502      915F006F 
 502      69ABCEF5 
 502      508BAFC3 
 502      D21C
 503 1012 BF3F5658 		.ascii	"\277?VX\275<F\2670\371\323\240\302\035\2477\272;\252"
 503      BD3C46B7 
 503      30F9D3A0 
 503      C21DA737 
 503      BA3BAA
 504 1025 C8BD6457 		.ascii	"\310\275dWX\275aG\035\264\342db\341S\207\025\271?UP"
 504      58BD6147 
 504      1DB4E264 
 504      62E15387 
 504      15B93F55 
 505 103a 58FD9D02 		.ascii	"X\375\235\002\272M+\346<\255\233\3048\223\275\366z\325"
ARM GAS  /tmp/ccVxJrKp.s 			page 40


 505      BA4D2BE6 
 505      3CAD9BC4 
 505      3893BDF6 
 505      7AD5
 506 104c 15FB5A60 		.ascii	"\025\373Z`\213$\017n\375\372\266\270~\335\327<\236\251"
 506      8B240F6E 
 506      FDFAB6B8 
 506      7EDDD73C 
 506      9EA9
 507 105e C5050C9B 		.ascii	"\305\005\014\233\377\375\211\263\342K\035w\262\270\356"
 507      FFFD89B3 
 507      E24B1D77 
 507      B2B8EE
 508 106d BF90EEEE 		.ascii	"\277\220\356\356\364\205A\017\026_\030\334\305\364\215"
 508      F485410F 
 508      165F18DC 
 508      C5F48D
 509 107c 41FBB353 		.ascii	"A\373\263S\223:|\2302)+\343\356\356\363@>\336\010\340"
 509      933A7C98 
 509      32292BE3 
 509      EEEEF340 
 509      3EDE08E0 
 510 1090 88BD6523 		.ascii	"\210\275e#\177\320\245@\367\260\026\365b,f\004E\216"
 510      7FD0A540 
 510      F7B016F5 
 510      622C6604 
 510      458E
 511 10a2 19E847FE 		.ascii	"\031\350G\376\213\334\206k5\375\245\357\313F\362\314"
 511      8BDC866B 
 511      35FDA5EF 
 511      CB46F2CC 
 512 10b2 5C8BFB60 		.ascii	"\\\213\373`x\335\243\366\006`\364\3653\203{\217\234"
 512      78DDA3F6 
 512      0660F4F5 
 512      33837B8F 
 512      9C
 513 10c3 8E73975F 		.ascii	"\216s\227_\376 \312\335\015\345]t&\016b/\311K\202\276"
 513      FE20CADD 
 513      0DE55D74 
 513      260E622F 
 513      C94B82BE 
 514 10d7 7DA12941 		.ascii	"}\241)A\245\025\271S\376\020w\354\376m\311\036<\367"
 514      A515B953 
 514      FE1077EC 
 514      FE6DC91E 
 514      3CF7
 515 10e9 FD9FE26E 		.ascii	"\375\237\342n\253h\031$\273\232\026\330\030\215\014"
 515      AB681924 
 515      BB9A16D8 
 515      188D0C
 516 10f8 BC13BBD7 		.ascii	"\274\023\273\327\022\373.\032\302^\350\016\214:\330"
 516      12FB2E1A 
 516      C25EE80E 
 516      8C3AD8
 517 1107 5672353B 		.ascii	"Vr5;\341N(\304\341\001\376@\241\373\367\210HcT\324r"
 517      E14E28C4 
 517      E101FE40 
ARM GAS  /tmp/ccVxJrKp.s 			page 41


 517      A1FBF788 
 517      486354D4 
 518 111c 636474A4 		.ascii	"cdt\244I=\177\321\347\357\352\375\374\024\3770s\246"
 518      493D7FD1 
 518      E7EFEAFD 
 518      FC14FF30 
 518      73A6
 519 112e AF7E65E4 		.ascii	"\257~e\344\262\310\305!F\277\277\235\3517\323\317\327"
 519      B2C8C521 
 519      46BFBF9D 
 519      E937D3CF 
 519      D7
 520 113f 37668DEF 		.ascii	"7f\215\357\312\260(\337\257cV\233\326\370\206\204.\234"
 520      CAB028DF 
 520      AF63569B 
 520      D6F88684 
 520      2E9C
 521 1151 33DB77C1 		.ascii	"3\333w\301\202\000\337\320\340\205\337\370\221\022\243"
 521      8200DFD0 
 521      E085DFF8 
 521      9112A3
 522 1160 C834335C 		.ascii	"\31043\\\341.\221\2561\205\2556\251\302c\242WD\376\253"
 522      E12E91AE 
 522      3185AD36 
 522      A9C263A2 
 522      5744FEAB 
 523 1174 263AC614 		.ascii	"&:\306\024\271\342[c\3702R\034\036\026\025\265,,\374"
 523      B9E25B63 
 523      F832521C 
 523      1E1615B5 
 523      2C2CFC
 524 1187 7746135E 		.ascii	"wF\023^\025\266Nc\004\373&\277\217\214\246\277\362]"
 524      15B64E63 
 524      04FB26BF 
 524      8F8CA6BF 
 524      F25D
 525 1199 BB66B56F 		.ascii	"\273f\265odtx\324\332\345\021\276\321\021\277\217\212"
 525      647478D4 
 525      DAE511BE 
 525      D111BF8F 
 525      8A
 526 11aa 5CE6BB2A 		.ascii	"\\\346\273*,|edt\204\257qy\304\212\260\265Q&\243\351"
 526      2C7C6564 
 526      7484AF71 
 526      79C48AB0 
 526      B55126A3 
 527 11bf DBAF23D6 		.ascii	"\333\257#\326\314\\\251p\025k\275\347\250\326\232o\327"
 527      CC5CA970 
 527      156BBDE7 
 527      A8D69A6F 
 527      D7
 528 11d0 F88207CB 		.ascii	"\370\202\007\313\001\003P51\032\015U\377Wm[\251\300"
 528      01035035 
 528      311A0D55 
 528      FF576D5B 
 528      A9C0
 529 11e2 AB22A3D5 		.ascii	"\253\"\243\3251\337D\254^\021\025\363\373\237}\026\030"
ARM GAS  /tmp/ccVxJrKp.s 			page 42


 529      31DF44AC 
 529      5E1115F3 
 529      FB9F7D16 
 529      18
 530 11f3 6C5CBC34 		.ascii	"l\\\2744\320\360\311\202\305_\030\2770\370/\371\320"
 530      D0F0C982 
 530      C55F18BF 
 530      30F82FF9 
 530      D0
 531 1204 39BBE49E 		.ascii	"9\273\344\236\310\007\\$\020\022\225\321\244Z\036\271"
 531      C8075C24 
 531      101295D1 
 531      A45A1EB9 
 532 1214 3A32FA1B 		.ascii	":2\372\033O\302\031\020l\010^\264\324\030j\370<\360"
 532      4FC21910 
 532      6C085EB4 
 532      D4186AF8 
 532      3CF0
 533 1226 2D4EFFC4 		.ascii	"-N\377\304\177AH\240\033\324bP\243I\273:bML\324ZSdL"
 533      7F4148A0 
 533      1BD46250 
 533      A349BB3A 
 533      624D4CD4 
 534 123e B407C1CD 		.ascii	"\264\007\301\315[\034\032d\014\014\230\037\030BiB\202"
 534      5B1C1A64 
 534      0C0C981F 
 534      18426942 
 534      82
 535 124f 17CD5F10 		.ascii	"\027\315_\020HoxB-\031l4)W\305,\217\240\376/\\\034\020"
 535      486F7842 
 535      2D196C34 
 535      2957C52C 
 535      8FA0FE2F 
 536 1266 480CE817 		.ascii	"H\014\350\027,\326\177:m\352\316g\237\373\007\030\374"
 536      2CD67F3A 
 536      6DEACE67 
 536      9FFB0718 
 536      FC
 537 1277 433F3704 		.ascii	"C?7\004j\240*A\033MnS\336\206/c}6g\266\321\344*\376"
 537      6AA02A41 
 537      1B4D6E53 
 537      DE862F63 
 537      7D3667B6 
 538 128f 6A896311 		.ascii	"j\211c\021Q\2460\243I\0034z\332\355\312\250\2605&\027"
 538      51A630A3 
 538      4903347A 
 538      DAEDCAA8 
 538      B0352617 
 539 12a3 1808A608 		.ascii	"\030\010\246\010-\341\366\327\207\006/\015$\345FC\240"
 539      2DE1F6D7 
 539      87062F0D 
 539      24E54643 
 539      A0
 540 12b4 7FC03FAA 		.ascii	"\177\300?\252\251\237\241\213\227\320\322\317\027\005"
 540      A99FA18B 
 540      97D0D2CF 
 540      1705
ARM GAS  /tmp/ccVxJrKp.s 			page 43


 541 12c2 2F0A0E25 		.ascii	"/\012\016%D\264\006#\012X\035\011f\261)r\225\213^\277"
 541      44B40623 
 541      0A581D09 
 541      66B12972 
 541      958B5EBF 
 542 12d6 D030476B 		.ascii	"\3200Gk4\256\025M\252\245\013a\261A\031\260\320\337"
 542      34AE154D 
 542      AAA50B61 
 542      B14119B0 
 542      D0DF
 543 12e8 8003F406 		.ascii	"\200\003\364\006\345\274\200P\003\326\353\015\330\000"
 543      E5BC8050 
 543      03D6EB0D 
 543      D800
 544 12f6 E26F30E0 		.ascii	"\342o0\340%!z\254_\024\252\324\353\003\015\224c6\375"
 544      25217AAC 
 544      5F14AAD4 
 544      EB030D94 
 544      6336FD
 545 1309 F6C381F3 		.ascii	"\366\303\201\363\015B\010\324\014\0164(C\026\002Zo\230"
 545      0D4208D4 
 545      0C0E3428 
 545      4316025A 
 545      6F98
 546 131b 0DE207C8 		.ascii	"\015\342\007\310/\015\177\367\247\216\2245\246U\304"
 546      2F0D7FF7 
 546      A78E9435 
 546      A655C4
 547 132a 97C855D0 		.ascii	"\227\310U\320\267nS\212\321\244\223\347C\314\327\036"
 547      B76E538A 
 547      D1A493E7 
 547      43CCD71E 
 548 133a 9212111D 		.ascii	"\222\022\021\035\266,*\302SR\227G\256!:\031\023\213"
 548      B62C2AC2 
 548      53529747 
 548      AE213A19 
 548      138B
 549 134c 97FD5B44 		.ascii	"\227\375[D\270)\030f\244\013i\376l\372=G\255\377t\276"
 549      B8291866 
 549      A40B69FE 
 549      6CFA3D47 
 549      ADFF74BE 
 550 1360 7F68E022 		.ascii	"\177h\340\"\203k\200\376S\375'\363\015\332%\013\026"
 550      836B80FE 
 550      53FD27F3 
 550      0DDA250B 
 550      16
 551 1371 84F8074B 		.ascii	"\204\370\007K\227\301\263C\310\245KH\210~\276Ac\010"
 551      97C1B343 
 551      C8A54B48 
 551      887EBE41 
 551      6308
 552 1383 0C09342C 		.ascii	"\014\0114,\015\014\370\010\353CHD\364\362\255\277\326"
 552      0D0CF808 
 552      EB434844 
 552      F4F2ADBF 
 552      D6
ARM GAS  /tmp/ccVxJrKp.s 			page 44


 553 1394 F82F9937 		.ascii	"\370/\2317{\301\022\240\"W~\354J*\235\253\361\017\232"
 553      7BC112A0 
 553      22577EEC 
 553      4A2A9DAB 
 553      F10F9A
 554 13a7 37472C0D 		.ascii	"7G,\015\232\302\005\331\342\346\270\022\026\342\016"
 554      9AC205D9 
 554      E2E6B812 
 554      16E20E
 555 13b6 E1E04B66 		.ascii	"\341\340Kf\273\022\006Z\022$\"\202\254\021~jR\327\020"
 555      BB12065A 
 555      12242282 
 555      AC117E6A 
 555      52D710
 556 13c9 126A2017 		.ascii	"\022j \027~\344b\252l\226\232\324feA\022(\210\201\260"
 556      7EE462AA 
 556      6C969AD4 
 556      66654112 
 556      288881B0 
 557 13dd 3ED8A024 		.ascii	">\330\240$\215t\205\366\222_AoP\213\321\230\355\244"
 557      8D7485F6 
 557      925F416F 
 557      508BD198 
 557      EDA4
 558 13ef BBC26356 		.ascii	"\273\302cV\255\212\211\366\215Xg\202\376b]\366\311\334"
 558      AD8A89F6 
 558      8D586782 
 558      FE625DF6 
 558      C9DC
 559 1401 75EB5867 		.ascii	"u\353Xg\255\230;\367\243u\353Hw\031\364zc(\244\225\200"
 559      AD983BF7 
 559      A375EB48 
 559      7719F47A 
 559      6328A495 
 560 1416 8815EE46 		.ascii	"\210\025\356F\343\212\265\321\341F\343\314_\315\231"
 560      E38AB5D1 
 560      E146E3CC 
 560      5FCD99
 561 1425 FD376A49 		.ascii	"\3757jIS\206\257\014[\375\337H\207\021\011"
 561      5386AF0C 
 561      5BFDDF48 
 561      871109
 562              		.text
 563              		.section	.gnu.lto_.symtab.a0871edf95e424db,"",%progbits
 564 0000 7165695F 		.ascii	"qei_lld_init\000"
 564      6C6C645F 
 564      696E6974 
 564      00
 565 000d 00       		.ascii	"\000"
 566 000e 00       		.ascii	"\000"
 567 000f 00       		.ascii	"\000"
 568 0010 00000000 		.ascii	"\000\000\000\000\000\000\000\000"
 568      00000000 
 569 0018 AD000000 		.ascii	"\255\000\000\000"
 570 001c 51454944 		.ascii	"QEID2\000"
 570      3200
 571 0022 00       		.ascii	"\000"
ARM GAS  /tmp/ccVxJrKp.s 			page 45


 572 0023 00       		.ascii	"\000"
 573 0024 00       		.ascii	"\000"
 574 0025 00000000 		.ascii	"\000\000\000\000\000\000\000\000"
 574      00000000 
 575 002d 82010000 		.ascii	"\202\001\000\000"
 576 0031 51454944 		.ascii	"QEID3\000"
 576      3300
 577 0037 00       		.ascii	"\000"
 578 0038 00       		.ascii	"\000"
 579 0039 00       		.ascii	"\000"
 580 003a 00000000 		.ascii	"\000\000\000\000\000\000\000\000"
 580      00000000 
 581 0042 84010000 		.ascii	"\204\001\000\000"
 582 0046 7165695F 		.ascii	"qei_lld_start\000"
 582      6C6C645F 
 582      73746172 
 582      7400
 583 0054 00       		.ascii	"\000"
 584 0055 00       		.ascii	"\000"
 585 0056 00       		.ascii	"\000"
 586 0057 00000000 		.ascii	"\000\000\000\000\000\000\000\000"
 586      00000000 
 587 005f 78010000 		.ascii	"x\001\000\000"
 588 0063 7165695F 		.ascii	"qei_lld_stop\000"
 588      6C6C645F 
 588      73746F70 
 588      00
 589 0070 00       		.ascii	"\000"
 590 0071 00       		.ascii	"\000"
 591 0072 00       		.ascii	"\000"
 592 0073 00000000 		.ascii	"\000\000\000\000\000\000\000\000"
 592      00000000 
 593 007b 7A010000 		.ascii	"z\001\000\000"
 594 007f 7165695F 		.ascii	"qei_lld_enable\000"
 594      6C6C645F 
 594      656E6162 
 594      6C6500
 595 008e 00       		.ascii	"\000"
 596 008f 00       		.ascii	"\000"
 597 0090 00       		.ascii	"\000"
 598 0091 00000000 		.ascii	"\000\000\000\000\000\000\000\000"
 598      00000000 
 599 0099 7C010000 		.ascii	"|\001\000\000"
 600 009d 7165695F 		.ascii	"qei_lld_disable\000"
 600      6C6C645F 
 600      64697361 
 600      626C6500 
 601 00ad 00       		.ascii	"\000"
 602 00ae 00       		.ascii	"\000"
 603 00af 00       		.ascii	"\000"
 604 00b0 00000000 		.ascii	"\000\000\000\000\000\000\000\000"
 604      00000000 
 605 00b8 7E010000 		.ascii	"~\001\000\000"
 606 00bc 7165694F 		.ascii	"qeiObjectInit\000"
 606      626A6563 
 606      74496E69 
 606      7400
ARM GAS  /tmp/ccVxJrKp.s 			page 46


 607 00ca 00       		.ascii	"\000"
 608 00cb 02       		.ascii	"\002"
 609 00cc 00       		.ascii	"\000"
 610 00cd 00000000 		.ascii	"\000\000\000\000\000\000\000\000"
 610      00000000 
 611 00d5 80010000 		.ascii	"\200\001\000\000"
 612              		.text
 613              		.section	.gnu.lto_.opts,"",%progbits
 614 0000 272D666D 		.ascii	"'-fmath-errno' '-fsigned-zeros' '-ftrapping-math' '"
 614      6174682D 
 614      6572726E 
 614      6F272027 
 614      2D667369 
 615 0033 2D666E6F 		.ascii	"-fno-trapv' '-fno-strict-overflow' '-fno-openmp' '-"
 615      2D747261 
 615      70762720 
 615      272D666E 
 615      6F2D7374 
 616 0066 666E6F2D 		.ascii	"fno-openacc' '-mcpu=cortex-m4' '-mthumb' '-mfloat-a"
 616      6F70656E 
 616      61636327 
 616      20272D6D 
 616      6370753D 
 617 0099 62693D68 		.ascii	"bi=hard' '-mfpu=fpv4-sp-d16' '-g' '-ggdb' '-Og' '-f"
 617      61726427 
 617      20272D6D 
 617      6670753D 
 617      66707634 
 618 00cc 6F6D6974 		.ascii	"omit-frame-pointer' '-falign-functions=16' '-ffunct"
 618      2D667261 
 618      6D652D70 
 618      6F696E74 
 618      65722720 
 619 00ff 696F6E2D 		.ascii	"ion-sections' '-fdata-sections' '-fno-common' '-flt"
 619      73656374 
 619      696F6E73 
 619      2720272D 
 619      66646174 
 620 0132 6F2700   		.ascii	"o'\000"
 621              		.text
 622              		.comm	__gnu_lto_v1,1,1
 623              		.comm	__gnu_lto_slim,1,1
 624              		.ident	"GCC: (15:5.4.1+svn241155-1) 5.4.1 20160919"
ARM GAS  /tmp/ccVxJrKp.s 			page 47


DEFINED SYMBOLS
                            *ABS*:0000000000000000 hal_qei_lld.c
                            *COM*:0000000000000001 __gnu_lto_v1
                            *COM*:0000000000000001 __gnu_lto_slim

NO UNDEFINED SYMBOLS
