ARM GAS  /tmp/ccXmnPoQ.s 			page 1


   1              		.syntax unified
   2              		.cpu cortex-m4
   3              		.eabi_attribute 27, 1
   4              		.eabi_attribute 28, 1
   5              		.fpu fpv4-sp-d16
   6              		.eabi_attribute 20, 1
   7              		.eabi_attribute 21, 1
   8              		.eabi_attribute 23, 3
   9              		.eabi_attribute 24, 1
  10              		.eabi_attribute 25, 1
  11              		.eabi_attribute 26, 1
  12              		.eabi_attribute 30, 1
  13              		.eabi_attribute 34, 1
  14              		.eabi_attribute 18, 4
  15              		.thumb
  16              		.syntax unified
  17              		.file	"memstreams.c"
  18              		.text
  19              	.Ltext0:
  20              		.section	.gnu.lto_.profile.8db82c4dc796bcd1,"",%progbits
  21 0000 789C6361 		.ascii	"x\234ca`d`a`\000\222\001\226\000\001C\000\224"
  21      60646061 
  21      60009201 
  21      96000143 
  21      0094
  22              		.text
  23              		.section	.gnu.lto_.inline.8db82c4dc796bcd1,"",%progbits
  24 0000 789C6361 		.ascii	"x\234ca`d\000\201r\006\004`e`\340\345ad`\342\357(a\340"
  24      60640081 
  24      72060460 
  24      6560E0E5 
  24      616460E2 
  25 0018 FEE1CA04 		.ascii	"\376\341\312\004\022cd\340\341\006\012\361m\310a\340"
  25      126364E0 
  25      E1060AF1 
  25      6DC861E0 
  26 0028 5A600716 		.ascii	"Z`\007\026bb\020\224\004\251\232Q\312\300\275\302\015"
  26      62621094 
  26      04A99A51 
  26      CAC0BDC2 
  26      0D
  27 0039 2CC4C2CB 		.ascii	",\304\302\313\300\300<\301\017\004\231\361\312\2620"
  27      C0C03CC1 
  27      0F0499F1 
  27      CAB230
  28 0048 70B00365 		.ascii	"p\260\003eY;\324\341\262\014\000\352\262\020\320"
  28      593BD4E1 
  28      B20C00EA 
  28      B210D0
  29              		.text
  30              		.section	.gnu.lto_.jmpfuncs.8db82c4dc796bcd1,"",%progbits
  31 0000 789C6361 		.ascii	"x\234ca`d\000\001a\006\004`\005b\240(\023\220b\006b"
  31      60640001 
  31      61060460 
  31      0562A028 
  31      13906206 
  32 0015 16200600 		.ascii	"\026 \006\000\003\343\000("
ARM GAS  /tmp/ccXmnPoQ.s 			page 2


  32      03E30028 
  33              		.text
  34              		.section	.gnu.lto_.pureconst.8db82c4dc796bcd1,"",%progbits
  35 0000 789C6361 		.ascii	"x\234ca`d\340f```e\220b\224b\222b\226b\221\002\000\003"
  35      6064E066 
  35      60606065 
  35      90629462 
  35      92629662 
  36 0018 FE00A2   		.ascii	"\376\000\242"
  37              		.text
  38              		.section	.gnu.lto__put.8db82c4dc796bcd1,"",%progbits
  39 0000 789C8D52 		.ascii	"x\234\215RKHTQ\030>\3379w\356\235\321ir\021\0041\204"
  39      4B485451 
  39      183EDF39 
  39      77EE9DD1 
  39      69721104 
  40 0016 1B1117CD 		.ascii	"\033\021\027\315m\220\002\011\332\264i\027\324:BKp\300"
  40      6D900209 
  40      DAB46917 
  40      D43A424B 
  40      70C0
  41 0028 21695AE7 		.ascii	"!iZ\347u\356\334\311\245-2\264\211IB,\3635\251\245\366"
  41      75EEDCC9 
  41      A52D32B4 
  41      8949422C 
  41      F335A9A5 
  42 003d 9A5A28D5 		.ascii	"\232Z(\325XD\010\321*\237\213\242\307\250Q\233\264\377"
  42      584408D1 
  42      2A9F8BA2 
  42      C7A8519B 
  42      B4FF
  43 004f BF77405D 		.ascii	"\277w@]\345\2019\367\234\177\316\367\372\317\321\004"
  43      E58139F7 
  43      9C7FCEF7 
  43      FACFD104 
  44 005f 048F574A 		.ascii	"\004\217WJ\210\343\364=B?\370\004d\307[!\332\374RjY"
  44      88E3F43D 
  44      423FF804 
  44      64C75B21 
  44      DAFC526A 
  45 0074 08AB4C15 		.ascii	"\010\253L\025\013BXA\005\315\253k\000/,?D\253T\032Z"
  45      0B425841 
  45      05CDAB6B 
  45      002F2C3F 
  45      44AB541A 
  46 0089 F14BFE95 		.ascii	"\361K\376\225x\237\032\311\250u\351(\001\215\266\305"
  46      789F1AC9 
  46      A875E928 
  46      018DB6C5 
  47 0099 D9EEC510 		.ascii	"\331\356\305\020o\201J\332.M\246\277i5}\026\215\317"
  47      6F814ADA 
  47      2E4DA6BF 
  47      69357D16 
  47      8DCF
  48 00ab CB0B2DD7 		.ascii	"\313\013-\327l\347\244\243\244\330\224\002w\021F\037"
  48      6CE7A4A3 
  48      A4D89402 
ARM GAS  /tmp/ccXmnPoQ.s 			page 3


  48      7711461F 
  49 00bb C22C7E0F 		.ascii	"\302,~\0175t\366\303\354\\\207\241\216B\320z\264\375"
  49      3574F6C3 
  49      EC5C87A1 
  49      8E42D07A 
  49      B4FD
  50 00cd F664B0BA 		.ascii	"\366d\260\272\327\262\222\226\265v\301\0128J\241\037"
  50      D7B29296 
  50      B576C10A 
  50      384AA11F 
  51 00dd 6A3B8E4A 		.ascii	"j;\216J\002\367QM\2473\351\376e\245\352\\\344\327\364"
  51      02F7514D 
  51      A733E9FE 
  51      65A5EA5C 
  51      E4D7F4
  52 00f0 EAF75009 		.ascii	"\352\367P\011y\363\254\245\034\262:\340!k\3038\3148"
  52      79F3ACA5 
  52      1CB23AE0 
  52      216BC338 
  52      CC38
  53 0102 4D6010D5 		.ascii	"M`\020\325|x\355\307\334\233\200:\346\002\263\023vw"
  53      7C78EDC7 
  53      DC9B803A 
  53      E602B313 
  53      7677
  54 0114 A8EA0E03 		.ascii	"\250\352\016\003\363]\323\373\272\254|\252\322Q>\014"
  54      F35DD3FB 
  54      BAAC7CAA 
  54      D2513E0C 
  55 0124 ED94E541 		.ascii	"\355\224\345A\247\027r\033\327\367\350)\016V\211aTq"
  55      A717721B 
  55      D7F7E829 
  55      0E568961 
  55      5471
  56 0136 244A3202 		.ascii	"$J2\002\235\233;|:omn\332V\376\206\376\361\317\212?"
  56      9D9B3B7C 
  56      3A6F6D6E 
  56      DA56FE86 
  56      FEF1CF8A 
  57 014b 045295D4 		.ascii	"\004R\225\324\022\262\353\243\245\256\363d\320d\370"
  57      12B2EBA3 
  57      A5AEF364 
  57      D064F8
  58 015a 790A800D 		.ascii	"y\012\200\015\225s1\310\223\020?\211\215\273]\224\222"
  58      957331C8 
  58      93103F89 
  58      8DBB5D94 
  58      92
  59 016b BF6A0149 		.ascii	"\277j\001I6\345\362\223\232M\331W\220\234\312\315\364"
  59      36E5F293 
  59      9A4DD957 
  59      909CCACD 
  59      F4
  60 017c 28AED9CA 		.ascii	"(\256\331\312G\236:\235\227\357\014\356\275\317\015"
  60      479E3A9D 
  60      97EF0CEE 
  60      BDCF0D
ARM GAS  /tmp/ccXmnPoQ.s 			page 4


  61 018b F47BE675 		.ascii	"\364{\346u{0\213[p\224\237\000\310\261{\252\367.%\207"
  61      7B308B5B 
  61      70949F00 
  61      C8B17BAA 
  61      F72E2587 
  62 019f 0CF390A3 		.ascii	"\014\363\220\243\002x\200,6\330\270\300(L\227\262g\277"
  62      0278802C 
  62      36D8B8C0 
  62      284C97B2 
  62      67BF
  63 01b1 47A8EF8E 		.ascii	"G\250\357\216a\314e\340\314\030'\206y\244>\331\007J"
  63      61CC65E0 
  63      CC182786 
  63      79A43ED9 
  63      074A
  64 01c3 966C4E22 		.ascii	"\226lN\"8\204\022\364\230\224\353\270\320Vrl\354F\300"
  64      388412F4 
  64      9894EBB8 
  64      D056726C 
  64      EC46C0
  65 01d6 C04357C0 		.ascii	"\300CW\300m\356#\327\242\235I\027\244GA\030\203E\210"
  65      6DEE23D7 
  65      A29D4917 
  65      A4474118 
  65      834588
  66 01e9 B87BFE20 		.ascii	"\270{\376 \327\266w\301\330\321\2056\276*\203.\237`"
  66      D7B677C1 
  66      D8D18536 
  66      BE2A832E 
  66      9F60
  67 01fb 98601D4C 		.ascii	"\230`\035L\022\265\255\002n\354b\341E\311W\371\177}"
  67      12B5AD02 
  67      6EEC62E1 
  67      45C957F9 
  67      7F7D
  68 020d 0D325505 		.ascii	"\0152U\005\247\237\332J\377\3303\327\251{,A\217h\374"
  68      A79FDA4A 
  68      FFD833D7 
  68      A97B2C41 
  68      8F68FC
  69 0220 6A2157C6 		.ascii	"j!W\306f\350\212\361\204XH\253\023%\247\273Uy\272\245"
  69      66E88AF1 
  69      845848AB 
  69      1325A7BB 
  69      5579BAA5 
  70 0234 F20C2671 		.ascii	"\362\014&q\273=\325\334\207\361\005\311\012a+\376s\025"
  70      BB3DD5DC 
  70      87F105C9 
  70      0A612BFE 
  70      7315
  71 0246 20F04A66 		.ascii	" \360Jflz/+J\\\301s\204\345zt{S\210\006y\204\325\300"
  71      6C7A2F2B 
  71      4A5CC173 
  71      84E57A74 
  71      7B538806 
  72 025e 68133D32 		.ascii	"h\023=20\007\365\2666\0221O4\305\032b\247\316\234\213"
  72      3007F5B6 
ARM GAS  /tmp/ccXmnPoQ.s 			page 5


  72      3612314F 
  72      34C51A62 
  72      A7CE9C8B 
  73 0272 D645A291 		.ascii	"\326E\242\221\250i^L\230M\365\315fs\254\301L\\\276\324"
  73      A8695E4C 
  73      984DF5CD 
  73      6673ACC1 
  73      4C5CBED4 
  74 0286 581F4F98 		.ascii	"X\037O\230\361\306xi\0319/d\254\005\015*\236h\371\007"
  74      F1C67869 
  74      19392F64 
  74      AC050D2A 
  74      9E68F907 
  75 029a 97E14706 		.ascii	"\227\341G\006"
  76              		.text
  77              		.section	.gnu.lto__get.8db82c4dc796bcd1,"",%progbits
  78 0000 789C8D52 		.ascii	"x\234\215R\313KTQ\030?\277s\356\314\235\231\306\307"
  78      CB4B5451 
  78      183FBF73 
  78      EECC9D99 
  78      C6C7
  79 0012 225AC42C 		.ascii	"\"Z\304,\334\210\01057\261\002\027\271i\323.\250? \264"
  79      DC880835 
  79      37B10217 
  79      B969D32E 
  79      A83F20B4 
  80 0026 04071C1A 		.ascii	"\004\007\034\032\262u^\347\316\035\245\225-2\032&\306"
  80      B2755EE7 
  80      CE1DA595 
  80      2D321A26 
  80      C6
  81 0037 08B1CC67 		.ascii	"\010\261\314g:\345#i\012R(-\242\204\212\026if\320{\264"
  81      3AE52369 
  81      0A52282D 
  81      A2848A16 
  81      6966D07B 
  82 004c 08A2B4EF 		.ascii	"\010\242\264\357\273w(]\345\201{\3569\037\347\367\370"
  82      BB77285D 
  82      E5817BEE 
  82      391FE7F7 
  82      F8
  83 005d 7EE76802 		.ascii	"~\347h\002\202G\227\022\242\226\376\373\350\203G@v<"
  83      82479712 
  83      A296FEFB 
  83      E8834740 
  83      763C
  84 006f 12A2D527 		.ascii	"\022\242\325'\245\226\2010\003*?+\204\031T\320\334\272"
  84      A5968130 
  84      032A3F2B 
  84      841954D0 
  84      DCBA
  85 0081 06F0C2F4 		.ascii	"\006\360\302\364A\264H\245\241\005\337\345o\211'\211"
  85      41B448A5 
  85      A105DFE5 
  85      6F892789 
  86 0091 A1B4FA26 		.ascii	"\241\264\372&m%\240\3216?\227zS\314[\240\214\266K\343"
  86      6D25A0D1 
ARM GAS  /tmp/ccXmnPoQ.s 			page 6


  86      363F977A 
  86      53CC5BA0 
  86      8CB64BE3 
  87 00a5 C94F5A65 		.ascii	"\311OZe\217I\343u\367\273\3309\313>d+)\326\245\300U"
  87      8F49E375 
  87      F7BBD839 
  87      CB3E642B 
  87      29D6A5C0 
  88 00ba 84D08310 		.ascii	"\204\320\203\020\213_C%\235}:7\337\241\253\375\020\264"
  88      8B5F4325 
  88      9D7D3A37 
  88      DFA1ABFD 
  88      10B4
  89 00cc 1E69EF1A 		.ascii	"\036i\357\032\017Vt\233f\3344WO\230~[)\364Bm\304QI\340"
  89      0F56749B 
  89      66DC3457 
  89      4F987E5B 
  89      29F4426D 
  90 00e4 3A2AF8F8 		.ascii	":*\370\370\352\227\371\207~U\343@3cV\252\270\374\012"
  90      EA97F987 
  90      7E55E340 
  90      336356AA 
  90      B8FC0A
  91 00f7 437377A6 		.ascii	"Csw\246\267_4s\2112\233\374\366m\206\363\240\323\351"
  91      B75F3473 
  91      89329BFC 
  91      F66D86F3 
  91      A0D3E9
  92 010a 64EF5BA5 		.ascii	"d\357[\245\0168\310\373\277^\314\004\012\310\251\351"
  92      0E38C8FB 
  92      BF5ECC04 
  92      0AC8A9E9 
  93 011a A20B66AE 		.ascii	"\242\013f\256\225\220\036\014\270\310\352\020\366\374"
  93      95901E0C 
  93      B8C8EA10 
  93      F6FC
  94 0128 C52D0EAF 		.ascii	"\305-\016\257\235/\362&\270\2612\014\242\034\375(\347"
  94      9D2FF226 
  94      B8B1320C 
  94      A21CFD28 
  94      E7
  95 0139 B6A89B21 		.ascii	"\266\250\233!x)`pu\360H\316\\_\267\314\334\244w\352"
  95      78296070 
  95      75F048CE 
  95      5C5FB7CC 
  95      DCA477EA 
  96 014d F9075F11 		.ascii	"\371\007_\021\310\265\244h\310\266\207\226^/O:M\272"
  96      C8B5A468 
  96      C8B68796 
  96      5E2F4F3A 
  96      4DBA
  97 015f 8F27BF60 		.ascii	"\217'\277`P\200\213A>)\304W\3728\365\274\224\374W\213"
  97      50808B41 
  97      3E29C457 
  97      FA38F5BC 
  97      94FC578B 
  98 0173 8873538E 		.ascii	"\210sS\216\006)Z\224\3012\342\023\371g\227\025\327,"
ARM GAS  /tmp/ccXmnPoQ.s 			page 7


  98      06295A94 
  98      C132E213 
  98      F9679715 
  98      D72C
  99 0185 E5216F9D 		.ascii	"\345!o\235\366\275\307:\337\201\346\264\365c\346A{0"
  99      F6BDC73A 
  99      DF81E6B4 
  99      F563E641 
  99      7B30
 100 0197 834BB095 		.ascii	"\203K\260\225\217\000\030\346\356\251\336\275\024\037"
 100      8F0018E6 
 100      EEA9DEBD 
 100      141F
 101 01a5 D08DDDB6 		.ascii	"\320\215\335\266\362\343\0062Xc\363\002#0\034\312\205"
 101      F2E30632 
 101      5863F302 
 101      23301CCA 
 101      85
 102 01b6 1D2EA177 		.ascii	"\035.\241wk\014\243\016\003?,d\211a\001\211\227\326"
 102      6B0CA30E 
 102      033F2C64 
 102      89610189 
 102      97D6
 103 01c8 CE822522 		.ascii	"\316\202%\"qb\313K%\350Q)\307\361\374\335\202c}+\002"
 103      7162CB4B 
 103      25E85129 
 103      C7F1FCDD 
 103      82637D2B 
 104 01dd 3A6E3A02 		.ascii	":n:\002N\300\267\034\213V:\371Q\272\024\204\321Y\204"
 104      4EC0B71C 
 104      8B563AF9 
 104      51BA1484 
 104      D15984
 105 01f0 887F9EDD 		.ascii	"\210\177\236\335\345\326\374\033\203\3207\005\321\312"
 105      E5D6FC1B 
 105      83D03705 
 105      D1CA
 106 01fe B75662B3 		.ascii	"\267Vb\2631\037\306X\012\343\304.(\\s\233\023\355 G"
 106      311FC658 
 106      0AE3C42E 
 106      285C739B 
 106      13ED2047 
 107 0212 EB6791CE 		.ascii	"\353g\221\316\344r\252\326e\014\270ad\333f\207\003L"
 107      E472AAD6 
 107      650CB861 
 107      64DB6687 
 107      034C
 108 0224 EA073041 		.ascii	"\352\0070AhR\355\004\037\371o#\375,\\\312\310\311\177"
 108      6852ED04 
 108      1FF96F23 
 108      FD2C5CCA 
 108      C8C97F
 109 0237 71DD8641 		.ascii	"q\335\206A\334\314\262\322\3669\265\327\325\012\262"
 109      DCCCB2D2 
 109      F639B5D7 
 109      D50AB2
 110 0246 3C27A639 		.ascii	"<'\2469\327\376\036\361Ra)>\277\002\020\337rzt\272\204"
ARM GAS  /tmp/ccXmnPoQ.s 			page 8


 110      D7FE1EF1 
 110      5261293E 
 110      BF0210DF 
 110      727A74BA 
 111 025b 4D489CC1 		.ascii	"MH\234\301\024B\262/\033#\224z\225m\2447\003\006QT\325"
 111      1442B22F 
 111      1B23947A 
 111      956DA437 
 111      03065154 
 112 0270 E1B071B0 		.ascii	"\341\260q\2601R\0379|\364XUM\270*\\e\030'\233\215\306"
 112      31521F39 
 112      7CF45855 
 112      4DB82A5C 
 112      6518279B 
 113 0286 BA26A329 		.ascii	"\272&\243)Ro4\237>\325P\027m6\242\015\321\3022|\\\310"
 113      526F349F 
 113      3ED55017 
 113      6D36A20D 
 113      D1C2327C 
 114 029c 484C459B 		.ascii	"HLE\233c\250\377\003\342N;\241"
 114      63A8FF03 
 114      E24E3BA1 
 115              		.text
 116              		.section	.gnu.lto__reads.8db82c4dc796bcd1,"",%progbits
 117 0000 789C9592 		.ascii	"x\234\225\222\337KTA\024\307\347\314\314\356\335+\273"
 117      DF4B5441 
 117      14C7E7CC 
 117      CCEEDD2B 
 117      BB
 118 0011 BA4F3D88 		.ascii	"\272O=\210\225/\">\264\027)\002\241\202\010z\015\352"
 118      952F223E 
 118      B4172902 
 118      A182087A 
 118      0DEA
 119 0023 0F082DC1 		.ascii	"\017\010-\301\005\267\244\355}\307\275{\027\243\027"
 119      05B7A4ED 
 119      7DC7BD7B 
 119      17A317
 120 0032 A35CD28C 		.ascii	"\243\\\322\214\015b\321~\370+\313\\3]$\012\012\215J"
 120      0D62D17E 
 120      F82BCB5C 
 120      335D240A 
 120      0A8D4A
 121 0045 1F4289B4 		.ascii	"\037B\211\264\210\210\3006\223\010\321\355\234\271\226"
 121      8888C036 
 121      9308D1ED 
 121      9CB996
 122 0054 E54B3670 		.ascii	"\345K6p\347\33693\337\317\234\3579W2`4L\311\330A|\357"
 122      E7DE3933 
 122      DFCF9CEF 
 122      39573260 
 122      344CC9D8 
 123 006b C1073C0C 		.ascii	"\301\007<\014x\353\024c\315>\316\305\264\305T\221\034"
 123      78EB1463 
 123      CD3ECEC5 
 123      B4C55491 
 123      1C
ARM GAS  /tmp/ccXmnPoQ.s 			page 9


 124 007c DDC1945F 		.ascii	"\335\301\224_\200t\303\022\200>\224\017X\214\013\011"
 124      8074C312 
 124      803E940F 
 124      588C0B09 
 125 008c 3158E6AB 		.ascii	"1X\346\253\034^$\372;\3057\356\010\006\022\227\371\311"
 125      1C5E24FA 
 125      3BC537EE 
 125      08061297 
 125      F9C9
 126 009e 8E77C5B4 		.ascii	"\216w\305\264\004(\307\345\025\365\362\234Q\325\245"
 126      0428C7E5 
 126      15F5F29C 
 126      51D5A5
 127 00ad 545CBDCD 		.ascii	"T\\\275\315\274)i\357\316IGpV\340\014\272\241\014\272"
 127      BC2969EF 
 127      CE494770 
 127      56E00CBA 
 127      A10CBA
 128 00c0 A08CEEBE 		.ascii	"\240\214\356\276\001Ux\366\325\344L\253!\366\002\303"
 128      015578F6 
 128      D5E44CAB 
 128      21F602C3 
 129 00d0 EFC1966B 		.ascii	"\357\301\226kY\177e\206t\352\307Ie:B\300M\020\177\352"
 129      597F6586 
 129      74EAC749 
 129      653A42C0 
 129      4D107FEA 
 130 00e4 30C4E016 		.ascii	"0\304\340\026T\342\351\225\3633)S\324hesf(\315\327\225"
 130      54E2E995 
 130      F3332953 
 130      D4686573 
 130      6628CDD7 
 131 00f9 83F5A494 		.ascii	"\203\365\244\224p{\263R2\350\321\312Uu)U,\366ie\373"
 131      707BB352 
 131      32E8D1CA 
 131      55752955 
 131      2CF66965 
 132 010e 44DB6C60 		.ascii	"D\333l`]\371Z+9\364nV\342\242\017*\351\370\322\342\314"
 132      5DF95A2B 
 132      39F46E56 
 132      E2A20F2A 
 132      E9F8D2E2 
 133 0123 33531CD0 		.ascii	"3S\034\320\322\364\260\335Q\\q\235\244\271\345\014\264"
 133      D2F4B0DD 
 133      515C719D 
 133      A4B9E50C 
 133      B4
 134 0134 AB5CA2DC 		.ascii	"\253\\\242\334\021\036\350\377[N\003O/\014\254\265\005"
 134      111EE8FF 
 134      5B4E034F 
 134      2F0CACB5 
 134      05
 135 0145 BC0985A3 		.ascii	"\274\011\205\243\034\006\240\202\312\201U\270\003^\352"
 135      1C06A082 
 135      CA8155B8 
 135      035EEA
 136 0154 4BDFD19C 		.ascii	"K\337\321\234*\024l\225[\332\377\370\342\341\022\320"
ARM GAS  /tmp/ccXmnPoQ.s 			page 10


 136      2A146C95 
 136      5BDAFFF8 
 136      E2E112D0 
 137 0164 177220AB 		.ascii	"\027r \253\022\023\360zh\362\322d\000m\371\310\217I"
 137      1213F07A 
 137      68F2D264 
 137      006DF9C8 
 137      8F49
 138 0176 5311902B 		.ascii	"S\021\220+?m\005hb\354\013\202\251iy\316\351-\026 N"
 138      3F6D0568 
 138      62EC0B82 
 138      A96979CE 
 138      E92D1620 
 139 018b F9E9ABF0 		.ascii	"\371\351\253\360b\033\355|\200\370\310\300X)\205lA\035"
 139      621BED7C 
 139      80F8C8C0 
 139      5829856C 
 139      411D
 140 019d 4C3913CF 		.ascii	"L9\023\317\015\352\240G[\373\376\344i\213?\015W\301"
 140      0DEAA047 
 140      5BFBFEE4 
 140      698B3F0D 
 140      57C1
 141 01af 11069E87 		.ascii	"\021\006\236\207A\362\201\361\314\373x\257a\355\242"
 141      41F281F1 
 141      CCFB78AF 
 141      61EDA2
 142 01be 22DD8534 		.ascii	"\"\335\2054\254\221\005\006\367\300\322\304\371m.\320"
 142      AC910506 
 142      F7C0D2C4 
 142      F96D2ED0 
 143 01ce B335C290 		.ascii	"\2635\302\220&\220{\270\257\011\366\345\344#\356\"("
 143      26907BB8 
 143      AF09F6E5 
 143      E423EE22 
 143      28
 144 01df 2D04B179 		.ascii	"-\004\261yHL\331\245\277c\206\256f\236\0136mi_+\333"
 144      484CD9A5 
 144      BF6386AE 
 144      669E0B36 
 144      6D695F2B 
 145 01f4 B52DAC88 		.ascii	"\265-\254\210M\326qK\376\362\034dn\030\\\267\343U.\305"
 145      4DD6714B 
 145      FEF21C64 
 145      6E185CB7 
 145      E3552EC5 
 146 0208 B795E424 		.ascii	"\267\225\344$\014\353\344t\213\262nr\235\311i\341\""
 146      0CEBE474 
 146      8BB26E72 
 146      9DC969E1 
 146      22
 147 0219 4CA45072 		.ascii	"L\244Pr\037!\251\014\012\2216\233\375<k\304VU\213RA"
 147      1F21A90C 
 147      0A91369B 
 147      FD3C6BC4 
 147      56558B52 
 148 022e 47F80A64 		.ascii	"G\370\012d\014F \306lQ\244%x\231\251S\311\217\357t9"
ARM GAS  /tmp/ccXmnPoQ.s 			page 11


 148      0C4620C6 
 148      6C51A425 
 148      7899A953 
 148      C98FEF74 
 149 0243 FE7FA6D2 		.ascii	"\376\177\246\322C\277K\220\212\365`\243X\243n>)\257"
 149      43BF4B90 
 149      8AF560A3 
 149      58A36E3E 
 149      29AF
 150 0255 4B09201A 		.ascii	"K\011 \032Y\204N\351&\377\007\365\341\006u\014,d\261"
 150      59844EE9 
 150      26FF07F5 
 150      E106750C 
 150      2C64B1
 151 0268 4F58D40B 		.ascii	"OX\324\013\311\200\213\246\215\257\200t\203\343\344"
 151      C9808BA6 
 151      8DAF8074 
 151      83E3E4
 152 0277 15738B80 		.ascii	"\025s\213\200\177\027P\205\2612\273C!\353PC\270.|\344"
 152      7F175085 
 152      B132BB43 
 152      21EB5043 
 152      B82E7CE4 
 153 028b D8F1EA9A 		.ascii	"\330\361\352\232Pu\250\332\262NG\255\206\332F\2531\\"
 153      5075A8DA 
 153      B24E47AD 
 153      86DA46AB 
 153      315C
 154 029d 6745CF9E 		.ascii	"gE\317\236\251\257\215D\255H}d\3753t\202\361p\023\257"
 154      A9AF8D44 
 154      AD487D64 
 154      FD337482 
 154      F17013AF 
 155 02b1 6B825322 		.ascii	"k\202S\"\022m\372\011}\016P)"
 155      126DFA09 
 155      7D0E5029 
 156              		.text
 157              		.section	.gnu.lto__writes.8db82c4dc796bcd1,"",%progbits
 158 0000 789C9552 		.ascii	"x\234\225R\337KTA\024\2363s\357\336\335ew\365-\020\015"
 158      DF4B5441 
 158      149E3373 
 158      EFDEDD65 
 158      77F52D10 
 159 0015 5F447C68 		.ascii	"_D|h/R\004\013\021D\177@P\177@h\011.\270%m\357;\356"
 159      2F52040B 
 159      11447F40 
 159      507F4068 
 159      092EB825 
 160 002d DD2B1BBD 		.ascii	"\335+\033\275\370\220Kk\306\026\261h?\374\225\271\271"
 160      F8904B6B 
 160      C616B168 
 160      3FFC95B9 
 160      B9
 161 003e 66B5F822 		.ascii	"f\265\370\"T\032\226\342\203De?\210(j\313\360A\326\355"
 161      541A96E2 
 161      8344653F 
 161      88286ACB 
ARM GAS  /tmp/ccXmnPoQ.s 			page 12


 161      F041D6ED 
 162 0052 9CB95B96 		.ascii	"\234\271[\226/\331\300\235;s\346|\337|\3379\2431`4\334"
 162      2FD9C09D 
 162      3B73E67C 
 162      DF7CDF39 
 162      A3316034 
 163 0067 1A6387F0 		.ascii	"\032c\207\360\277\017?\320\031\360\236y\306\272\334"
 163      BF0F3FD0 
 163      19F09E79 
 163      C6BADC
 164 0076 9C8B4593 		.ascii	"\234\213E\223I\2576\275\233I\237\000\315\011k\000\264"
 164      49AF36BD 
 164      9B499F00 
 164      CD096B00 
 164      B4
 165 0087 906E6031 		.ascii	"\220n`1.4\210\301\017^\342\260\220\030\355\027k\334"
 165      2E3488C1 
 165      0F5EE2B0 
 165      9018ED17 
 165      6BDC
 166 0099 160C34DC 		.ascii	"\026\0144\334\026\347\372\336\004h\013P\217\333K\362"
 166      16E7FADE 
 166      04680B50 
 166      8FDB4BF2 
 167 00a9 D939A369 		.ascii	"\3319\243i@\312\270|\365n\271*=X\320l\301Y\2313\030"
 167      40CAB87C 
 167      F56EB92A 
 167      3D58D06C 
 167      C1599933 
 168 00be 845A1880 		.ascii	"\204Z\030\200Z\272\373:4a\356\363\271\245\036C\354\007"
 168      5ABAFB3A 
 168      3461EEF3 
 168      B9A51E43 
 168      EC07
 169 00d0 86EBF1E4 		.ascii	"\206\353\361\344\225\274\2571K8\271qRzl!\340\006\210"
 169      95BCAF31 
 169      4B38B971 
 169      527A6C21 
 169      E00688
 170 00e3 3F711862 		.ascii	"?q\030bp\023\0321{\343\374R\312#B\012\331\225\315ex"
 170      70131A31 
 170      7BE3FC52 
 170      CA23420A 
 170      D995CD65 
 171 00f8 05B9D046 		.ascii	"\005\271\320FH\015nmGj\014\206\024\262$/\244\002\342"
 171      480D6E6D 
 171      476A0C86 
 171      14B2242F 
 171      A402E2
 172 010b 8042A667 		.ascii	"\200B\246gzW\374\025\344\272Br\030\336\216\304\315\010"
 172      7A57FC15 
 172      E4BA4272 
 172      18DE8EC4 
 172      CD08
 173 011d 3452FAF7 		.ascii	"4R\372\367/K\217=\342\240\202f&\255\276@\3035\202\026"
 173      2F4B8F3D 
 173      E2A08266 
ARM GAS  /tmp/ccXmnPoQ.s 			page 13


 173      26ADBE40 
 173      C3358216 
 174 0131 16B29096 		.ascii	"\026\262\220\226\205D\275-t\030\375\033N\003\263W\307"
 174      8544BD2D 
 174      7418FD1B 
 174      4E03B357 
 174      C7
 175 0142 367BFDAE 		.ascii	"6{\375\256\204\304Q\017c\320@\345\300*\334\006\027\365"
 175      84C4510F 
 175      63D040E5 
 175      C02ADC06 
 175      17F5
 176 0154 65E46841 		.ascii	"e\344hA\226\313\226,<\014\315\276\324\253@]\310\201"
 176      96CB962C 
 176      3C0CCDBE 
 176      D4AB405D 
 176      C881
 177 0166 AC6A28C0 		.ascii	"\254j(\300\245\323\344\242\311\000:r\343\322\360\320"
 177      A5D3E4A2 
 177      C9003A72 
 177      E3D2F0D0 
 178 0176 E40572E5 		.ascii	"\344\005r\345\243#?M\214}EbjZ\221s\372\213U\210\223"
 178      A3233F4D 
 178      8C7D4562 
 178      6A5A9173 
 178      FA8B5588 
 179 018b 3E75155E 		.ascii	">u\025^l\241\235\367\020\237\032\233\250\241\220%\250"
 179      6CA19DF7 
 179      109F1A9B 
 179      A8A19025 
 179      A8
 180 019c 83297BE6 		.ascii	"\203){\346\251A\035\324\225\265\365\331GI_\006.\203"
 180      A9411DD4 
 180      95B5F5D9 
 180      47495F06 
 180      2E83
 181 01ae 2DDC980F 		.ascii	"-\334\230\017\343\344\003\343\331\267\361a\303\334C"
 181      E3E403E3 
 181      D9B7F161 
 181      C3DC43
 182 01bd 45BA0319 		.ascii	"E\272\003\031\330$\013\014&\300T\214Ww9\204\372\316"
 182      D8240B0C 
 182      26C0548C 
 182      57773984 
 182      FACE
 183 01cf 18728A81 		.ascii	"\030r\212\201\334\303]\305`]\354~\302\035\012\222\205"
 183      DCC35DC5 
 183      605DEC7E 
 183      C21D0A92 
 183      85
 184 01e0 44EC3524 		.ascii	"D\3545$\346\255\232\3371CU\263\310\005[4\225\257\345"
 184      E6AD9ADF 
 184      314355B3 
 184      C8055B34 
 184      95AFE5
 185 01f3 3A650B2B 		.ascii	":e\013+b\221u<\322~y\256fN\030\034\267\271:\207\305"
 185      6291753C 
ARM GAS  /tmp/ccXmnPoQ.s 			page 14


 185      D27E79AE 
 185      664E181C 
 185      B7B93A87 
 186 0208 BD137106 		.ascii	"\275\023q\006L*q\252EyG\\\177\367ZE\234\307\"\230\316"
 186      4C2A71AA 
 186      4579475C 
 186      7FF75A45 
 186      9CC72298 
 187 021d 3E40B734 		.ascii	">@\2674(D\330|\376\323\212\021+\311\244\224\325\266"
 187      2844D87C 
 187      FED38A11 
 187      2BC9A494 
 187      D5B6
 188 022f F094C918 		.ascii	"\360\224\311\030LA\214\251|/\352\260\205WI)\346j\035"
 188      4C418CA9 
 188      7C2FEAB0 
 188      85574929 
 188      E66A1D
 189 0242 1EDF3FA5 		.ascii	"\036\337?\245\014\321s\251\246b\335\333*\326\264\243"
 189      0CD173A9 
 189      A662DDDB 
 189      2AD6B4A3 
 190 0252 27E57258 		.ascii	"'\345rX\374H\215\\D\235RM\376\017\326\373[\254\017\300"
 190      FC488D5C 
 190      449D524D 
 190      FE0FD6FB 
 190      5BAC0FC0 
 191 0266 442EF611 		.ascii	"D.\366\021\213\372\"\3540S\374\033 \271\301qr\211\351"
 191      8BFA22EC 
 191      3053FC1B 
 191      20B9C171 
 191      7289E9
 192 0279 CF808F0B 		.ascii	"\317\200\217\013\250\300X\230\275\301\240y\270=\334"
 192      A8C05898 
 192      BDC1A079 
 192      B83DDC
 193 0288 1A3E72EC 		.ascii	"\032>r\354xs(\330\034l6\315\323Q\263\275\245\303\354"
 193      787328D8 
 193      1C6C36CD 
 193      D351B3BD 
 193      A5C3EC
 194 029b 08B79AD1 		.ascii	"\010\267\232\321\263g\332Z\"Q3\322\026\251,\203'\030"
 194      B367DA5A 
 194      225133D2 
 194      16A92C83 
 194      2718
 195 02ad 0F77F2D6 		.ascii	"\017w\362\326N8%\"\321\316\237\010\255O\325"
 195      4E382522 
 195      D1CE9F08 
 195      AD4FD5
 196              		.text
 197              		.section	.gnu.lto_msObjectInit.8db82c4dc796bcd1,"",%progbits
 198 0000 789C9593 		.ascii	"x\234\225\223\313kSA\024\306\347\273s\363\322\246\270"
 198      CB6B5341 
 198      14C6E7BB 
 198      73F3D2A6 
 198      B8
ARM GAS  /tmp/ccXmnPoQ.s 			page 15


 199 0011 B742C145 		.ascii	"\267B\301E\350\302\\\203 \350B\020Aq%\330?@\032Ii\260"
 199      E8C25C83 
 199      20E84210 
 199      417125D8 
 199      3F401A49 
 200 0027 A1D2E8C6 		.ascii	"\241\322\350\306M\246I/\321\215T|\240\301\020\020Jj"
 200      4DA6492F 
 200      D18D547C 
 200      A0C11010 
 200      4A6A
 201 0039 6BD2A6F5 		.ascii	"k\322\246\365\025km\014\210\330\242R\260\0137**E\273"
 201      156B6D0C 
 201      88D8A252 
 201      B00B372A 
 201      2A45BB
 202 004c B009AD16 		.ascii	"\260\011\255\026\012m<g\232\205\026\027f\34023\347\316"
 202      0A6D3C67 
 202      9A851617 
 202      66E03233 
 202      E7CE
 203 005e F73B67BE 		.ascii	"\367;g\276s\257) x$\245\020\307i\336I\017\244\2001\360"
 203      73AF2920 
 203      7824A510 
 203      C769DE49 
 203      0FA48031 
 204 0073 46883EB7 		.ascii	"F\210>\267\001\360B\271!b\006b\370i\254\033('\027\212"
 204      01F042B9 
 204      21620662 
 204      F869AC1B 
 204      2827178A 
 205 0087 465B56D1 		.ascii	"F[V\321\370d\377\332\253\206J\260I^34I \2136:5\327?"
 205      F864FFDA 
 205      AB864AB0 
 205      495E3334 
 205      49208B36 
 206 009f 765BAE18 		.ascii	"v[\256\030\266\004L\332V_\247\2764\363\326@+m\227\227"
 206      B6044CDA 
 206      565FA7BE 
 206      34F3D640 
 206      2B6D9797 
 207 00b3 E6673D72 		.ascii	"\346g=r?\004\255\207\257\345\232}\203J\305\225\272\032"
 207      3F04AD87 
 207      AFE59A7D 
 207      834AC595 
 207      BA1A
 208 00c5 521E5B4A 		.ascii	"R\036[J\014C\022\016w\321\202!\264\010\012\011\214\300"
 208      0C43120E 
 208      77D18221 
 208      B4080A09 
 208      8CC0
 209 00d7 4787B3FD 		.ascii	"G\207\263\375\223\357=\362\240\026\276[Hg\233\352\312"
 209      93EF3DF2 
 209      A016BE5B 
 209      48679BEA 
 209      CA
 210 00e8 69AD3471 		.ascii	"i\2554qo\253\322\024\310i\345\235\276\371Y\257<\254"
 210      6FABD214 
ARM GAS  /tmp/ccXmnPoQ.s 			page 16


 210      C869E59D 
 210      BEF959AF 
 210      3CAC
 211 00fa 95C9DCD4 		.ascii	"\225\311\334\324\367z\316\322Dr\327-U2m\351@~\253\330"
 211      F77ACED2 
 211      4472D72D 
 211      55326DE9 
 211      407EABD8 
 212 010e 2130AAC5 		.ascii	"!0\252\305\253\331\362\013S\036\325\342\2173\227\257"
 212      ABD9F20B 
 212      531ED5E2 
 212      8F3397AF 
 213 011e 6CABA7CD 		.ascii	"l\253\247\315\350\264\016\214\375CY\200\217\217\177"
 213      E8B40E8C 
 213      FD435980 
 213      8F8F7F
 214 012d 2E6C5CF7 		.ascii	".l\\\367:\373\331\256\326M\2230\016'\333>z\262\244j"
 214      3AFBD9AE 
 214      D64D9330 
 214      0E27DB3E 
 214      7AB2A46A 
 215 0141 B58452C5 		.ascii	"\265\204R\305\300\267\335\333\311k\272\242\011.\327"
 215      C0B7DDDB 
 215      C96BBAA2 
 215      092ED7
 216 0150 09CEEB86 		.ascii	"\011\316\353\206f\210\012\211\270\015U\303\340Y. \276"
 216      66880A89 
 216      B80D55C3 
 216      E0592E20 
 216      BE
 217 0161 96FC903E 		.ascii	"\226\374\220>\304\034Jp\303.\277u\261\265R\227\267\372"
 217      C41C4A70 
 217      C32EBF75 
 217      B1B55297 
 217      B7FA
 218 0173 72E66253 		.ascii	"r\346bS\006\351>\316\350\265\2453A\236OPQ\374r\360k"
 218      06E93ECE 
 218      E8B5A533 
 218      419E4F50 
 218      51FC72F0 
 219 0188 3CEFB2F6 		.ascii	"<\357\262\366\330\322\205\373\310`C\367\014\017`\375"
 219      D8D285FB 
 219      C86043F7 
 219      0C0F60FD 
 220 0198 C971694E 		.ascii	"\311qiNbmz\2719\266\256n*\265\203b\227\250\305\034~"
 220      626D7AB9 
 220      39B6AE6E 
 220      2AB58362 
 220      97A8C51C 
 221 01ad 951A39C3 		.ascii	"\225\0329\303\364\001\035v\343\021}\026\017\353\364"
 221      F4011D76 
 221      E3117D16 
 221      0FEBF4
 222 01bc DAE278DE 		.ascii	"\332\342x\336\263)Q\355\314yL9\210_DLP\321\251\302\217"
 222      B32951ED 
 222      CC794C39 
 222      885F444C 
ARM GAS  /tmp/ccXmnPoQ.s 			page 17


 222      50D1A9C2 
 223 01d1 AAAC17FD 		.ascii	"\252\254\027\375\177U\232x\242\253d\2670\011+A\355d"
 223      7F559A78 
 223      A2AB64B7 
 223      30092B41 
 223      ED64
 224 01e3 50B55190 		.ascii	"P\265Q\220\003O5H\333?\305 \347fEK\015\203\236i\020"
 224      034F3548 
 224      DB3FC520 
 224      E766454B 
 224      0D839E69 
 225 01f8 BB816906 		.ascii	"\273\201i\006\271\031\264Ri\034T\322 \223A\317\377n"
 225      B919B452 
 225      691C54D2 
 225      209341CF 
 225      FF6E
 226 020a 80030265 		.ascii	"\200\003\002e\022,\"^\232;\306X\375gU\310\007\352?\335"
 226      122C225E 
 226      9A3BC658 
 226      FD6755C8 
 226      07EA3FDD 
 227 021e 619FDF6F 		.ascii	"a\237\337o\035\351\012\007\303'\332O\005\016\370\003"
 227      1DE90A07 
 227      C327DA4F 
 227      050EF803 
 228 022e FE8065F5 		.ascii	"\376\200e\365D\255\256\216n\253;\034\264\242\347zC\035"
 228      44ADAE8E 
 228      6EAB3B1C 
 228      B4A2E77A 
 228      431D
 229 0240 91A81509 		.ascii	"\221\250\025\011E\352K\377i!#\321\263\316\340\371\316"
 229      45EA4BFF 
 229      692123D1 
 229      B3CEE0F9 
 229      CE
 230 0251 CE50AF19 		.ascii	"\316P\257\031\015_\010\311PO\3647\026dE\002"
 230      0D5F08C9 
 230      504FF437 
 230      16644502 
 231              		.text
 232              		.section	.gnu.lto_vmt.8db82c4dc796bcd1,"",%progbits
 233 0000 789C6361 		.ascii	"x\234ca`d\000\201\365@l\312\000\001\177\231\030w\356"
 233      60640081 
 233      F5406CCA 
 233      00017F99 
 233      1877EE
 234 0013 7C739BBD 		.ascii	"|s\233\275\376oCGC\303\203\326w\021\222\255\314\014"
 234      FE6F4347 
 234      43C383D6 
 234      771192AD 
 234      CC0C
 235 0025 FF9930A4 		.ascii	"\377\2310\244\032f\263\26523\376gb\304\220\370\315\330"
 235      1A66B3B5 
 235      3233FE67 
 235      62C490F8 
 235      CDD8
 236 0037 CACCF49F 		.ascii	"\312\314\364\237\211\011C\342&P\202\371?\0233Xb\375"
ARM GAS  /tmp/ccXmnPoQ.s 			page 18


 236      890943E2 
 236      265082F9 
 236      3F133358 
 236      62FD
 237 0049 9B9D3F79 		.ascii	"\233\235?y\2770\2652\2630\202\270g\357\317}\302d\261"
 237      BF30B532 
 237      B33082B8 
 237      67EFCF7D 
 237      C264B1
 238 005c ADA16341 		.ascii	"\255\241cAC@+3\353?&\006\306\325\2142\377\230\030\031"
 238      43402B33 
 238      EB3F2606 
 238      C6D58C32 
 238      FF981819 
 239 0070 5731D6FF 		.ascii	"W1\326\377cbb\\\011\242\230\031W\200(\026\306\345\214"
 239      6362625C 
 239      09A29819 
 239      57802816 
 239      C6E58C
 240 0083 F50C8C6B 		.ascii	"\365\014\214k\030-\030\214\365\364\364\23532\2232\375"
 240      182D188C 
 240      F5F4F49D 
 240      33329332 
 240      FD
 241 0094 83E30D2D 		.ascii	"\203\343\015-\365\014\365\014\365\365\363\213\3653\022"
 241      F50CF50C 
 241      F5F5F38B 
 241      F53312
 242 00a3 73F47332 		.ascii	"s\364s2\223\364\213K\212R\023s\213\365sSs\241L\275d"
 242      93F48B4B 
 242      8A521373 
 242      8BF57353 
 242      73A14CBD 
 243 00b8 0600DFEE 		.ascii	"\006\000\337\356W?"
 243      573F
 244              		.text
 245              		.section	.gnu.lto_.symbol_nodes.8db82c4dc796bcd1,"",%progbits
 246 0000 789C5DC9 		.ascii	"x\234]\311\273\015\2000\020\203a\307\2270\000\013\000"
 246      BB0D8030 
 246      108361C7 
 246      9730000B 
 246      00
 247 0011 93DE5594 		.ascii	"\223\336U\224\210\021\240CL\3023SP2\004\021\210&n~\351"
 247      8811A043 
 247      4CC23353 
 247      50320411 
 247      88266E7E 
 248 0026 B3874387 		.ascii	"\263\207C\2074nT\240\217@\3124\214&\311v\252\313m\245"
 248      346E54A0 
 248      8F40CA34 
 248      8C26C976 
 248      AACB6DA5 
 249 003a 32B7852A 		.ascii	"2\267\205*\271\235T\377\333l\015\020\016\302J@\\\244"
 249      B99D54FF 
 249      DB6C0D10 
 249      0EC24A40 
 249      5CA4
ARM GAS  /tmp/ccXmnPoQ.s 			page 19


 250 004c 86F702CC 		.ascii	"\206\367\002\314\352$,p\265w%\362\025\017\363$%\250"
 250      EA242C70 
 250      B57725F2 
 250      150FF324 
 250      25A8
 251              		.text
 252              		.section	.gnu.lto_.refs.8db82c4dc796bcd1,"",%progbits
 253 0000 789C05C1 		.ascii	"x\234\005\301\261\001\000\000\010\303\2404\326\335\377"
 253      B1010000 
 253      08C3A034 
 253      D6DDFF
 254 000f AF154A38 		.ascii	"\257\025J8 u\323uT\014\017\0037\000:"
 254      2075D375 
 254      540C0F03 
 254      37003A
 255              		.text
 256              		.section	.gnu.lto_.decls.8db82c4dc796bcd1,"",%progbits
 257 0000 789C9557 		.ascii	"x\234\225W}PS\331\025\177\347\335\220@\004\264jw\334"
 257      7D5053D9 
 257      157FE7DD 
 257      904004B4 
 257      6A77DC
 258 0013 964ED561 		.ascii	"\226N\325ag\370\243\222emg\332\231\316\264[\246\335"
 258      67F8A392 
 258      656D67DA 
 258      99CEB45B 
 258      A6DD
 259 0025 ED1F2CD3 		.ascii	"\355\037,\323\335\325\376\2633\231\020\203\244C\002"
 259      DDD5FEB3 
 259      33991083 
 259      A44302
 260 0034 4342D59D 		.ascii	"CB\325\235\351\364)\037\242\242\213\240(\"\342WA>T\024"
 260      E9F4291F 
 260      A2A28BA0 
 260      2822E257 
 260      413E5414 
 261 0048 3F56054D 		.ascii	"?V\005MQ\"\272\210\202\242|\210 *\352\356\272\300\362"
 261      5122BA88 
 261      82A27C88 
 261      202AEAEE 
 261      BAC0F2
 262 005b A18848CF 		.ascii	"\241\210H\317\275\367\275\274\004\223\266\373\360\344"
 262      BDF7BDBC 
 262      0493B6FB 
 262      F0E4
 263 0069 E59E9CF3 		.ascii	"\345\236\234\363;\347\374\316\271\367=5\002\010\364"
 263      3BE7FCCE 
 263      B9F73D35 
 263      0208F4
 264 0078 FACB6C41 		.ascii	"\372\313lA\370\205(\010I(\323x\351P\267\\P/-J\003\212"
 264      F8852808 
 264      4928D378 
 264      E950B75C 
 264      502F2D4A 
 265 008e 1BA50DA5 		.ascii	"\033\245\015\245\013%\030]\337F\241\010?\001\301\347"
 265      0B25185D 
 265      DF46A108 
ARM GAS  /tmp/ccXmnPoQ.s 			page 20


 265      3F01C1E7 
 266 009e A2B67A94 		.ascii	"\242\266z\224\271(\363Q.\240,C9\206\022\204\266\361"
 266      B928F351 
 266      2EA02C43 
 266      39861284 
 266      B6F1
 267 00b0 786F4121 		.ascii	"xoA!\370\275\231\336Q\246P&Q@\306l\020\336\274\334\001"
 267      F8BD99DE 
 267      51A65026 
 267      5140C66C 
 267      10DEBCDC 
 268 00c5 702926C5 		.ascii	"p)&\305\366\207K1)\240\202\353\366\203\3336\003\267"
 268      F6874B31 
 268      29A082EB 
 268      F683DB36 
 268      03B7
 269 00d7 59C66DF1 		.ascii	"Y\306m\361\312\227b\376\024e\021\274\211+\312\030o\303"
 269      CA9762FE 
 269      146511BC 
 269      892BCA18 
 269      6FC3
 270 00e9 9BD894AB 		.ascii	"\233\330\224\253Y~\260o\373\341\302\033\337\233\017"
 270      597EB06F 
 270      FBE1C21B 
 270      DF9B0F
 271 00f8 51C6F187 		.ascii	"Q\306\361\207O\373\020\"\360~)1(n\213\034\213\342N\340"
 271      4FFB1022 
 271      F07E2931 
 271      286E8B1C 
 271      8BE24EE0 
 272 010c FD05D5A3 		.ascii	"\375\005\325\243\274\2261\025|A\346%8@/\351\232\366"
 272      BC963115 
 272      7C41E625 
 272      38402FE9 
 272      9AF6
 273 011e 7F086500 		.ascii	"\177\010e\000\345\011\312\3272\327\012\346(\3128\312"
 273      E509CAD7 
 273      32D70AE6 
 273      28CA38CA 
 274 012e 08CA30CA 		.ascii	"\010\3120\312s\024\215\314u\203\240\316\314\314kJ\204"
 274      73148DCC 
 274      7583A0CE 
 274      CCCC6B4A 
 274      84
 275 013f CAB6EADC 		.ascii	"\312\266\352\334\260n\350\304\224\000\346\200\322%\236"
 275      B06EE8C4 
 275      9400E680 
 275      D2259E
 276 014e 24C87785 		.ascii	"$\310w\205g\374\024\345\224e+O\262\300\376\360\237\310"
 276      67FC14E5 
 276      94652B4F 
 276      B2C0FEF0 
 276      9FC8
 277 0160 ECC1EB07 		.ascii	"\354\301\353\007\037;6\337\354RU\340\271\024K\360\005"
 277      1F3B36DF 
 277      EC5255E0 
 277      B9144BF0 
ARM GAS  /tmp/ccXmnPoQ.s 			page 21


 277      05
 278 0171 A5A8EA12 		.ascii	"\245\250\352\022\327\242\352\340\205'g/\307\007\357"
 278      D7A2EAE0 
 278      8527672F 
 278      C707EF
 279 0180 B00C9A28 		.ascii	"\260\014\232(E_\256\337}i6AL\374\336;q\350O\321\325"
 279      455FAEDF 
 279      7D693641 
 279      4CFCDE3B 
 279      71E84FD1 
 280 0195 125E7992 		.ascii	"\022^y\222$\352Tf\216f=\254\010\036\025!B\017\323@\327"
 280      24EA5466 
 280      8E663DAC 
 280      081E1521 
 280      420FD340 
 281 01aa DF9E9908 		.ascii	"\337\236\231\010\343k\372\363\011\327\310a\015\231C"
 281      E36BFAF3 
 281      09D7C861 
 281      0D9943
 282 01b9 BF8BADB5 		.ascii	"\277\213\255\265\235\215!\020\245/\2430}c\243\357gH"
 282      9D8D2110 
 282      A52FA330 
 282      7D63A3EF 
 282      6748
 283 01cb 12C011D0 		.ascii	"\022\300\021\320C5\020\250\200h\232A\004\235\360\034"
 283      433510A8 
 283      80689A41 
 283      049DF01C 
 284 01db 495A270D 		.ascii	"IZ'\015\355\227\264\013\004X\032\001\357F\010p\030\242"
 284      ED97B40B 
 284      04581A01 
 284      EF460870 
 284      18A2
 285 01ed 2826B582 		.ascii	"(&\265\202*\210\200J\210\240\370\025\245\207.\205\221"
 285      2A88804A 
 285      88A0F815 
 285      A5872E85 
 285      91
 286 01fe 0F19FEB3 		.ascii	"\017\031\376\263m\337\344\020\017~kvD\225$\315\201c"
 286      6DDFE410 
 286      0F7E6B76 
 286      449524CD 
 286      8163
 287 0210 887F54C5 		.ascii	"\210\177T\305\307p\376\003\324\370\017p\177\260\276"
 287      C770FE03 
 287      D4F80F70 
 287      7FB0BE
 288 021f 48A7C17E 		.ascii	"H\247\301~2\240\004\015\325\025^\351\312\012b\272e\241"
 288      32A0040D 
 288      D5155EE9 
 288      CA0A62BA 
 288      65A1
 289 0231 701C98AE 		.ascii	"p\034\230\2565\263f7\301\272\347\352A\203\313\341k\273"
 289      35B36637 
 289      C1BAE7EA 
 289      4183CBE1 
 289      6BBB
ARM GAS  /tmp/ccXmnPoQ.s 			page 22


 290 0243 1E84E372 		.ascii	"\036\204\343r\276\036\026\3422k\363\341\035z\\j\221"
 290      BE1E16E2 
 290      326BF3E1 
 290      1D7A5C6A 
 290      91
 291 0254 257A72A1 		.ascii	"%zr\241\352\341\320\313S\032\256\242\371\256FUI\321"
 291      EAE1D0CB 
 291      531AAEA2 
 291      F9AE4655 
 291      49D1
 292 0266 DD63E1C4 		.ascii	"\335c\341\304\301\2129\364r\337:\035\350\243r\030\347"
 292      C18A39F4 
 292      72DF3A1D 
 292      E8A37218 
 292      E7
 293 0277 19D2DC0F 		.ascii	"\031\322\334\017\0058\211i\235\300\264\340,\346\252"
 293      05388969 
 293      9DC0B4E0 
 293      2CE6AA
 294 0286 95733D8D 		.ascii	"\225s=\215\312S\250\224Y}\025\313X=\203\311~\251V\255"
 294      CA53A894 
 294      597D15CB 
 294      583D83C9 
 294      7EA956AD 
 295 029a D5F36E7D 		.ascii	"\325\363n}?1tBC\376\301\"\334\333\330Q\026\036(B}\300"
 295      3F317442 
 295      43FEC122 
 295      DCDBD851 
 295      161E2842 
 296 02b0 08ADD9D1 		.ascii	"\010\255\331\321\214\327:\214pN\215p\006\344\020wro"
 296      8CD73A8C 
 296      704E8D70 
 296      06E41077 
 296      726F
 297 02c2 766B4916 		.ascii	"vkI\026\260\030\203\205][f\007\212\341\012\030\343\364"
 297      B0188385 
 297      5D5B6607 
 297      8AE10A18 
 297      E3F4
 298 02d4 55433D8D 		.ascii	"UC=\215q\001c\234Wc\324)1F\207\326w\222\005\2052\350"
 298      7101639C 
 298      5763D429 
 298      314687D6 
 298      77920585 
 299 02ea 420D3354 		.ascii	"B\0153Tp\005\3707,\300\317Z\320p\353\255\333\312:\304"
 299      7005F837 
 299      2CC0CF5A 
 299      D070EBAD 
 299      DBCA3AC4 
 300 02fe C57B2557 		.ascii	"\305{%W\215\324W\337\362\307\373\007\262\245\274\265"
 300      8DD457DF 
 300      F2C7FB07 
 300      B2A5BCB5 
 301 030e 92F47B66 		.ascii	"\222\364{f\010\207T|\374Jo\345\320\215\373\242\001\026"
 301      0887547C 
 301      FC4A6FE5 
 301      D08DFBA2 
ARM GAS  /tmp/ccXmnPoQ.s 			page 23


 301      0116
 302 0320 A36F667F 		.ascii	"\243of\177UV0Y\3077\301\221\352\311\032\275\322w>\012"
 302      55563059 
 302      C737C191 
 302      EAC91ABD 
 302      D2773E0A 
 303 0334 F90575CF 		.ascii	"\371\005u\3174\2013id\231\\R2\031+.\376'O\304u\326\035"
 303      34813369 
 303      64995C52 
 303      32192B2E 
 303      FE274FC4 
 304 034b CAB3A036 		.ascii	"\312\263\2406pQM\342\242w\022n\226\204\273\373\361\204"
 304      70514DE2 
 304      A277126E 
 304      9684BBFB 
 304      F184
 305 035d 96ACE749 		.ascii	"\226\254\347I\3644UT\321A\213\347\2434\333k\317\305"
 305      F4345554 
 305      D1418BE7 
 305      A334DB6B 
 305      CFC5
 306 036f F33D7770 		.ascii	"\363=wpb\360t(\331\302\314\305'gO\355Q7Ew\376g#Y\270"
 306      62F07428 
 306      D9C2CCC5 
 306      27674FED 
 306      51374577 
 307 0388 81A119D3 		.ascii	"\201\241\031\323\274\252\006\215\367l\212\231M\372\012"
 307      BCAA068D 
 307      F76C8A99 
 307      4DFA0A
 308 0397 9B142F37 		.ascii	"\233\024/7\351\012*\233\370\266h\352\037\371\2341\321"
 308      E90A2A9B 
 308      F8B668EA 
 308      1FF99C31 
 308      D1
 309 03a8 ECD915D3 		.ascii	"\354\331\025\323\273\206w\352B7z@\330\206Q\251h\201"
 309      BB8677EA 
 309      42377A40 
 309      D88651A9 
 309      6881
 310 03ba 50F9C828 		.ascii	"P\371\310(;7\220\037\306\234Q\007\327\370\3769\320\364"
 310      3B37901F 
 310      C69C5107 
 310      D7F8FE39 
 310      D0F4
 311 03cc 74AD46E1 		.ascii	"t\255F\341\366:\327\365lo8\256\367&\267\331\007\261"
 311      F63AD7F5 
 311      6C6F38AE 
 311      F726B7D9 
 311      07B1
 312 03de 95917B43 		.ascii	"\225\221{C!\267p\240\275\\\347i\363oK\217K\322\006\364"
 312      21B770A0 
 312      BD5CE769 
 312      F36F4B8F 
 312      4BD206F4 
 313 03f2 D4503BB8 		.ascii	"\324P;\270\254\326z\331\233\3406F\360\315\312\272$\322"
 313      ACD67AD9 
ARM GAS  /tmp/ccXmnPoQ.s 			page 24


 313      9BE03646 
 313      F0CDCABA 
 313      24D2
 314 0404 C4F9F553 		.ascii	"\304\371\365SYI{\177^\210^>3\362\376\367\231\261\253"
 314      59497B7F 
 314      5E885E3E 
 314      33F2FEF7 
 314      99B1AB
 315 0417 31A721C8 		.ascii	"1\247!\310\233\211v\237\274o{\230\350\350\315+\015f"
 315      9B89769F 
 315      BC6F7B98 
 315      E8E8CD2B 
 315      0D66
 316 0429 C15007B7 		.ascii	"\301P\007\267x\325\267N\357\260*D\334\341\252\027\215"
 316      78D5B74E 
 316      EFB02A44 
 316      DCE1AA17 
 316      8D
 317 043a 9BCE8705 		.ascii	"\233\316\207\005&\242\223\021\321\241\020q\352\372C"
 317      26A29311 
 317      D1A11071 
 317      EAFA43
 318 0449 833C65E7 		.ascii	"\203<e\347-2\007h\0027U\016nzs\320\3058\330S\230\377"
 318      2D320768 
 318      0237550E 
 318      6E7A73D0 
 318      C538D853 
 319 045f 7A16B911 		.ascii	"z\026\271\021\220\204\301\211\376\327\341\036\335]9"
 319      9084C189 
 319      FED7E11E 
 319      DD5D39
 320 046e B1C193D5 		.ascii	"\261\301\223\325j+{\270\262m\250\271d\026?\012\347P"
 320      6A2B7BB8 
 320      B26DA8B9 
 320      64163F0A 
 320      E750
 321 0480 36CE8D5E 		.ascii	"6\316\215^\015\342\313`\\>/oh\324\220\036\036g\377\332"
 321      0DE2CB60 
 321      5C3E2F6F 
 321      68D4901E 
 321      1E67FFDA 
 322 0494 F6AFC2C8 		.ascii	"\366\257\302\310}\276(\317<\327\031B\006\370b\353\364"
 322      7DBE28CF 
 322      3CD71942 
 322      06F862EB 
 322      F4
 323 04a5 C15B21E4 		.ascii	"\301[!\344\031_L\017\216\334\013%\303|Q\320\234{j\226"
 323      195F4C0F 
 323      8EDC0B25 
 323      C37C51D0 
 323      9C7B6A96 
 324 04b9 37BB7417 		.ascii	"7\273t\027\253d\014x\330\375.\373lO8\031\343^\333\256"
 324      AB640C78 
 324      D8FD2EFB 
 324      6C4F3819 
 324      E35EDBAE 
 325 04cd 4F5ED47B 		.ascii	"O^\324{{\265\372x=\361x\265?>3>\213\274\344^9G[j}\274"
ARM GAS  /tmp/ccXmnPoQ.s 			page 25


 325      7BB5FA78 
 325      3DF178B5 
 325      3F3E333E 
 325      8BBCE45E 
 326 04e7 3A7DBCBE 		.ascii	":}\274\276\366x\035i{2&\022\2110\257\266\272\252\226"
 326      F6781D69 
 326      7B322612 
 326      8930AFB6 
 326      BAAA96
 327 04fa 7092C717 		.ascii	"p\222\307\027\303\257JN\207\360\362\347\343r\2527/O"
 327      C3AF4A4E 
 327      87F0F2E7 
 327      E372AA37 
 327      2F4F
 328 050c C71F0C7B 		.ascii	"\307\037\014{\331\363\262g\177N\030)\341\266R\331\356"
 328      D9F3B267 
 328      7F4E1829 
 328      E1B652D9 
 328      EE
 329 051d 0C9F2DD4 		.ascii	"\014\237-\324\350\023nH\011\247+\330\322\361W\210\234"
 329      E8136E48 
 329      09A72BD8 
 329      D2F15788 
 329      9C
 330 052e 17191915 		.ascii	"\027\031\031\025\031\271\237\232\367\025\024\377\256"
 330      19B99F9A 
 330      F71514FF 
 330      AE
 331 053b 20436A7A 		.ascii	" Cjz\227\326\017\217\260\323\337\303<u\027\3671\377"
 331      97D60F8F 
 331      B0D3DFC3 
 331      3C7517F7 
 331      31FF
 332 054d 93F453D8 		.ascii	"\223\364S\330*?\305%\354\026|\207\026\317\250\305\267"
 332      2A3FC525 
 332      EC167C87 
 332      16CFA8C5 
 332      B7
 333 055e B20B0E08 		.ascii	"\262\013\016\010\214\341X\217B$\214\243\214\240\014"
 333      8CE1588F 
 333      42248CA3 
 333      8CA00C
 334 056d A33C8748 		.ascii	"\243<\207H\366\310g\321$\334[\220I(k\360\330\177\254"
 334      F6C867D1 
 334      24DC5B90 
 334      49286BF0 
 334      D87FAC
 335 0580 988899C6 		.ascii	"\230\210\231\306tl\276\231il\360\330\262\003\3125i\222"
 335      746CBE99 
 335      696CF0D8 
 335      B203CA35 
 335      6992
 336 0592 A4606A22 		.ascii	"\244`j\"\310\243\352\211\351\232\272\206'\246\211r\016"
 336      C8A3EA89 
 336      E99ABA86 
 336      27A68972 
 336      0E
ARM GAS  /tmp/ccXmnPoQ.s 			page 26


 337 05a3 4FFDC2F0 		.ascii	"O\375\302\360\362|b\"c08\323\270WM\2206\344\213\216"
 337      F27C6222 
 337      633038D3 
 337      B8574D90 
 337      36E48B8E 
 338 05b7 CB304F26 		.ascii	"\3130O&\305\025\220\024! #\210qU\352\253\006\357\276"
 338      C5159014 
 338      21202388 
 338      7155EAAB 
 338      06EFBE
 339 05ca BDF08A27 		.ascii	"\275\360\212'\300\204gLF\013\272z\303I;\353\266\256"
 339      C084674C 
 339      460BBA7A 
 339      C3493BEB 
 339      B6AE
 340 05dc F571CE28 		.ascii	"\365q\316(\361\351\242\353\270\233\325H\251\272\217"
 340      F1E9A2EB 
 340      B89BD548 
 340      A9BA8F
 341 05eb B15FFDA0 		.ascii	"\261_\375\240\036\012\314\2366p\032\033\370\032S\\+"
 341      1E0ACC9E 
 341      36701A1B 
 341      F81A535C 
 341      2B
 342 05fc 46C214DE 		.ascii	"F\302\024\336'Q$\321O\003i\240~\377\201\324\006\272"
 342      275124D1 
 342      4F0369A0 
 342      7EFF81D4 
 342      06BA
 343 060e 8E65FFBC 		.ascii	"\216e\377\274Hr\2419\026\002\017g\232\317la\011\326"
 343      4872A139 
 343      16020F67 
 343      9ACF6C61 
 343      09D6
 344 0620 803D7CE5 		.ascii	"\200=|\345\257\207\265n\340H4\360\313\231H\275\001&"
 344      AF87B56E 
 344      E04834F0 
 344      CB9948BD 
 344      0126
 345 0632 879E2D0F 		.ascii	"\207\236-\017\374\206\345l \261\333+o\337\011&w\031"
 345      FC86E56C 
 345      20B1DB2B 
 345      6FDF0926 
 345      7719
 346 0644 B1E2A30B 		.ascii	"\261\342\243\013\2073E\230\027\345\177\3223\305\250"
 346      87334598 
 346      17E57FD2 
 346      33C5A8
 347 0653 FF8B285E 		.ascii	"\377\213(^\315\011->-3\304y\260N\364\234\236\2644\026"
 347      CD092D3E 
 347      2D33C479 
 347      B04EF49C 
 347      9EB43416 
 348 0667 F5DE9DEB 		.ascii	"\365\336\235\353R\260w\337\251\241\332\367,Q\351\373"
 348      52B077DF 
 348      A9A1DAF7 
 348      2C51E9FB 
ARM GAS  /tmp/ccXmnPoQ.s 			page 27


 349 0677 B6E71B4C 		.ascii	"\266\347\033L\354\230D\025\334\343\307\244\373d\317"
 349      EC984415 
 349      DCE3C7A4 
 349      FB64CF
 350 0686 B4D6FB50 		.ascii	"\264\326\373P_\376\226\227\357z\221\236\351\331\242"
 350      5FFE9697 
 350      EF7A919E 
 350      E9D9A2
 351 0695 7CA68F5E 		.ascii	"|\246\217^r?\010\305C}/}\270mI\276\357y\270\241\035"
 351      723F08C5 
 351      437D2F7D 
 351      B86D49BE 
 351      EF79B8A1 
 352 06aa 1EE29ED4 		.ascii	"\036\342\236\324\272\275\017\366\034\221\036\354\305"
 352      BABD0FF6 
 352      1C911EEC 
 352      C5
 353 06b7 95E76AB5 		.ascii	"\225\347j\265\344)?a\256\035}\272IK\206\370\242\246"
 353      E4293F61 
 353      AE1D7DBA 
 353      494B86F8 
 353      A2A6
 354 06c9 78E02A7D 		.ascii	"x\340*}\267\205\215\"\341aj\326\272\312\303\310\030"
 354      B7858D22 
 354      E1616AD6 
 354      BACAC3C8 
 354      18
 355 06da FF79FFBF 		.ascii	"\377y\377\277\366\264\205\320\237s\361g\330$j|\337\201"
 355      F6B485D0 
 355      9F73F167 
 355      D8246A7C 
 355      DF81
 356 06ec 96BFC55C 		.ascii	"\226\277\305\\j'\313+\210\347\271\260\205[\355l\270"
 356      6A27CB2B 
 356      88E7B9B0 
 356      855BED6C 
 356      B8
 357 06fd F323A68B 		.ascii	"\363#\246\213\013\205/\270\252\350Q\277$*\317\265<\256"
 357      0B852FB8 
 357      AAE851BF 
 357      242ACFB5 
 357      3CAE
 358 070f BB9D913B 		.ascii	"\273\235\221;\036\276h\212\224J\301\014\253\276\350"
 358      1EBE688A 
 358      944AC10C 
 358      ABBEE8
 359 071e 692D7F09 		.ascii	"i-\177\011\310\027\0271\315x\377\346\002\035\231\226"
 359      C8171731 
 359      CD78FFE6 
 359      021D9996 
 360 072e 8FD2D291 		.ascii	"\217\322\322\2212-Mh\033\366\242\200RC\231\271[T\027"
 360      322D4D68 
 360      1BF6A280 
 360      524399B9 
 360      5B5417
 361 0741 44D66B98 		.ascii	"D\326k\230E\325\216\2037XE\2054\345\355<\312\225\233"
 361      45D58E83 
ARM GAS  /tmp/ccXmnPoQ.s 			page 28


 361      37584585 
 361      34E5ED3C 
 361      CA959B
 362 0754 0D593EEF 		.ascii	"\015Y>\357h\230\200L4\354@\023\330\311\270\336\252p"
 362      6898804C 
 362      34EC4013 
 362      D8C9B8DE 
 362      AA70
 363 0766 3D54716F 		.ascii	"=Tqo\237\006\271\356\313\223\372.\364\257^w \333\205"
 363      9F06B9EE 
 363      CB93FA2E 
 363      F4AF5E77 
 363      20DB85
 364 0779 6F6AA4E3 		.ascii	"oj\244\343\307\324\0206(s\000\233E\015]\361\3779\025"
 364      C7D41036 
 364      2873009B 
 364      450D5DF1 
 364      FF3915
 365 078c 31AE9BC7 		.ascii	"1\256\233\307\312\006\365\357\034\220n\354\245m\372"
 365      CA06F5EF 
 365      1C906EEC 
 365      A56DFA
 366 079b 6C5F0586 		.ascii	"l_\005\206\004v\032<\344=\362\332\254T\363)\246\272"
 366      04761A3C 
 366      E43DF2DA 
 366      AC54F329 
 366      A6BA
 367 07ad 4B7C87BE 		.ascii	"K|\207\276hv5\034\3639\372i,u\034\212\371(\321\273\377"
 367      6876351C 
 367      F339FA69 
 367      2C751C8A 
 367      F928D1BB 
 368 07c2 C773FEB5 		.ascii	"\307s\376\265\321\335\236Q\314D\377\217\274\247"
 368      D1DD9E51 
 368      CC44FF8F 
 368      BCA7
 369 07d0 294E19C4 		.ascii	")N\031\304\316\303[\257\3637\216\022\234\304\335\242"
 369      CEC35BAF 
 369      F3378E12 
 369      9CC4DDA2 
 370 07e0 7F5F9F49 		.ascii	"\177_\237ID\266\370p\241\345\227\343\231\325\300\334"
 370      44B6F870 
 370      A1E597E3 
 370      99D5C0DC 
 371 07f0 4BD17D0F 		.ascii	"K\321}\017w\257t\337=\373_\371\335\307\370\335\313\370"
 371      77AF74DF 
 371      3DFB5FF9 
 371      DDC7F8DD 
 371      CBF8
 372 0802 650B8D31 		.ascii	"e\013\21515\335\031\374\301G\313\026\306\306\304\010"
 372      35DD19FC 
 372      C147CB16 
 372      C6C6C408 
 373 0812 214663BA 		.ascii	"!Fc\272\325\356\374\265\321\271\304\220\356H3X\355\346"
 373      D5EEFCB5 
 373      D1B9C490 
 373      EE483358 
ARM GAS  /tmp/ccXmnPoQ.s 			page 29


 373      EDE6
 374 0824 E4F41516 		.ascii	"\344\364\025\026\203\335\262*\331\232`\260\231\314I"
 374      83DDB22A 
 374      D99A60B0 
 374      99CC49
 375 0833 56BBC560 		.ascii	"V\273\305`\\aI4\245';\215\3165\251\026Gt\222\240\223"
 375      5C614934 
 375      A5273B8D 
 375      CE35A916 
 375      477492A0 
 376 0848 BD16FBF3 		.ascii	"\275\026\373\363r\254q\030\214\016\347\0124AS\014\201"
 376      72AC7118 
 376      8C0EE70A 
 376      3441530C 
 376      81
 377 0859 5F96BE67 		.ascii	"_\226\276gt\352\344{\220\315\261\322\350\374Ct\264!"
 377      74EAE47B 
 377      90CDB1D2 
 377      E8FC4374 
 377      B421
 378 086b 36C99A60 		.ascii	"6\311\232`\215\377\304\030\363\233\350\230\350\030\203"
 378      8DFFC418 
 378      F39BE898 
 378      E81883
 379 087a 21C56130 		.ascii	"!\305a0\247\330l)vCjJ\232\323ax\377\343\270\330\270"
 379      A7D86C29 
 379      76436A4A 
 379      9AD36178 
 379      FFE3B8D8 
 380 088f D554976A 		.ascii	"\325T\227jM\266\2449\014\037\304\306\032\314IJ\026K"
 380      4DB6A439 
 380      0C1FC4C6 
 380      1ACC494A 
 380      164B
 381 08a1 FD432499 		.ascii	"\375C$\231\222\015,\017g\232\305ds\030l\026\233\374"
 381      920D2C0F 
 381      679AC564 
 381      73186C16 
 381      9BFC
 382 08b3 35DA8CF5 		.ascii	"5\332\214\365\257\2648\265F\\\256ph\035\326\317-F\347"
 382      AFB438B5 
 382      465CAE70 
 382      681DD6CF 
 382      2D46E7
 383 08c6 7BAC08EA 		.ascii	"{\254\010\352\261\322l6\230\322lK\354)v\313\022\213"
 383      B1D26C36 
 383      98D26C4B 
 383      EC2976CB 
 383      128B
 384 08d8 29C16AF8 		.ascii	")\301j\370U\364/\021U)\020\213B&h\375\306UiV\247\305"
 384      55F42F11 
 384      5529108B 
 384      422668FD 
 384      C6556956 
 385 08ee 116A73C4 		.ascii	"\021js\304'\374\315bv\376\331nu\022K\212CC!\265\011"
 385      27FCCD62 
 385      76FED96E 
ARM GAS  /tmp/ccXmnPoQ.s 			page 30


 385      75124B8A 
 385      434321B5 
 386 0903 E9898996 		.ascii	"\351\211\211\2264\362w\233\223 \333\032\032,\2109\314"
 386      34F2779B 
 386      9320DB1A 
 386      1A2C8839 
 386      CC
 387 0914 B6DA1D4E 		.ascii	"\266\332\035N\223\335l1\246$&:,\316\3208\213\355\023"
 387      93DD6C31 
 387      A624263A 
 387      2CCED038 
 387      8BED13
 388 0927 96DBF2B8 		.ascii	"\226\333\362\270O\011f\366\303KJ\022\264*VJ\332\032"
 388      4F0966F6 
 388      C34B4A12 
 388      B42A564A 
 388      DA1A
 389 0939 0EA7450B 		.ascii	"\016\247E\013s\352\032M\262\305\224\250\263\2478\223"
 389      73EA1A4D 
 389      B2C594A8 
 389      B3A73893 
 390 0949 D2525641 		.ascii	"\322RVA\214.\321\276\320\221j1\243\306nOON\376\231\337"
 390      8C2ED1BE 
 390      D0916A31 
 390      A3C66E4F 
 390      4F4EFE99 
 391 095e F639D3AC 		.ascii	"\3669\323\254\366\225\210\373\037\011`DT"
 391      F69588FB 
 391      1F096044 
 391      54
 392              		.text
 393              		.section	.gnu.lto_.symtab.8db82c4dc796bcd1,"",%progbits
 394 0000 6D734F62 		.ascii	"msObjectInit\000"
 394      6A656374 
 394      496E6974 
 394      00
 395 000d 00       		.ascii	"\000"
 396 000e 00       		.ascii	"\000"
 397 000f 00       		.ascii	"\000"
 398 0010 00000000 		.ascii	"\000\000\000\000\000\000\000\000"
 398      00000000 
 399 0018 08010000 		.ascii	"\010\001\000\000"
 400              		.text
 401              		.section	.gnu.lto_.opts,"",%progbits
 402 0000 272D666D 		.ascii	"'-fmath-errno' '-fsigned-zeros' '-ftrapping-math' '"
 402      6174682D 
 402      6572726E 
 402      6F272027 
 402      2D667369 
 403 0033 2D666E6F 		.ascii	"-fno-trapv' '-fno-strict-overflow' '-fno-openmp' '-"
 403      2D747261 
 403      70762720 
 403      272D666E 
 403      6F2D7374 
 404 0066 666E6F2D 		.ascii	"fno-openacc' '-mcpu=cortex-m4' '-mthumb' '-mfloat-a"
 404      6F70656E 
 404      61636327 
ARM GAS  /tmp/ccXmnPoQ.s 			page 31


 404      20272D6D 
 404      6370753D 
 405 0099 62693D68 		.ascii	"bi=hard' '-mfpu=fpv4-sp-d16' '-g' '-ggdb' '-Og' '-f"
 405      61726427 
 405      20272D6D 
 405      6670753D 
 405      66707634 
 406 00cc 6F6D6974 		.ascii	"omit-frame-pointer' '-falign-functions=16' '-ffunct"
 406      2D667261 
 406      6D652D70 
 406      6F696E74 
 406      65722720 
 407 00ff 696F6E2D 		.ascii	"ion-sections' '-fdata-sections' '-fno-common' '-flt"
 407      73656374 
 407      696F6E73 
 407      2720272D 
 407      66646174 
 408 0132 6F2700   		.ascii	"o'\000"
 409              		.text
 410              		.comm	__gnu_lto_v1,1,1
 411              		.comm	__gnu_lto_slim,1,1
 412              		.ident	"GCC: (15:5.4.1+svn241155-1) 5.4.1 20160919"
ARM GAS  /tmp/ccXmnPoQ.s 			page 32


DEFINED SYMBOLS
                            *ABS*:0000000000000000 memstreams.c
                            *COM*:0000000000000001 __gnu_lto_v1
                            *COM*:0000000000000001 __gnu_lto_slim

NO UNDEFINED SYMBOLS
