ARM GAS  /tmp/cczkwTgS.s 			page 1


   1              		.syntax unified
   2              		.cpu cortex-m4
   3              		.eabi_attribute 27, 1
   4              		.eabi_attribute 28, 1
   5              		.fpu fpv4-sp-d16
   6              		.eabi_attribute 20, 1
   7              		.eabi_attribute 21, 1
   8              		.eabi_attribute 23, 3
   9              		.eabi_attribute 24, 1
  10              		.eabi_attribute 25, 1
  11              		.eabi_attribute 26, 1
  12              		.eabi_attribute 30, 1
  13              		.eabi_attribute 34, 1
  14              		.eabi_attribute 18, 4
  15              		.thumb
  16              		.syntax unified
  17              		.file	"nullstreams.c"
  18              		.text
  19              	.Ltext0:
  20              		.section	.gnu.lto_.profile.83933e5b8283ee09,"",%progbits
  21 0000 789C6361 		.ascii	"x\234ca`d`a`\000\222\334l\000\000\206\000\034"
  21      60646061 
  21      600092DC 
  21      6C000086 
  21      001C
  22              		.text
  23              		.section	.gnu.lto_.inline.83933e5b8283ee09,"",%progbits
  24 0000 789C6361 		.ascii	"x\234ca`d\000\201X\006\004`e``fbd`\0022\331\026\310"
  24      60640081 
  24      58060460 
  24      65606066 
  24      62646002 
  25 0018 8328A022 		.ascii	"\203(\240\"t\021&\014\021f\014\021\026\006\026f\240"
  25      7411260C 
  25      11660C11 
  25      16061666 
  25      A0
  26 0029 08E30B76 		.ascii	"\010\343\013v\006\366\016u\260\020\003\000\354\267\005"
  26      06F60E75 
  26      B0100300 
  26      ECB705
  27 0038 60       		.ascii	"`"
  28              		.text
  29              		.section	.gnu.lto_.jmpfuncs.83933e5b8283ee09,"",%progbits
  30 0000 789C6361 		.ascii	"x\234ca`d\000\001A\006\004`\005b\240(\023\003\0033\003"
  30      60640001 
  30      41060460 
  30      0562A028 
  30      13030333 
  31 0015 030B9003 		.ascii	"\003\013\220\003\000\003d\000&"
  31      00036400 
  31      26
  32              		.text
  33              		.section	.gnu.lto_.pureconst.83933e5b8283ee09,"",%progbits
  34 0000 789C6361 		.ascii	"x\234ca`d\340f```e\0002\230\030\230\031X\244\000\001"
  34      6064E066 
  34      60606065 
ARM GAS  /tmp/cczkwTgS.s 			page 2


  34      00329818 
  34      981958A4 
  35 0016 8E003A   		.ascii	"\216\000:"
  36              		.text
  37              		.section	.gnu.lto_writes.83933e5b8283ee09,"",%progbits
  38 0000 789C5D90 		.ascii	"x\234]\220MKBA\024\206\347\234\271\370\001i? \027\356"
  38      4D4B4241 
  38      1486E79C 
  38      B9F80169 
  38      3F2017EE 
  39 0014 C4CD1D2E 		.ascii	"\304\315\035.\004QP\233~@P\233v\241%x\341f\222\265v"
  39      0451509B 
  39      7E40509B 
  39      76A12578 
  39      E16692B5 
  40 0029 FC82A28D 		.ascii	"\374\202\242\215\213\024\254\2406\242}j\004A\253\244"
  40      8B14ACA0 
  40      36A27D6A 
  40      0441ABA4 
  41 0039 BD4185B4 		.ascii	"\275A\205\264h\023\265\253\215B-B\314\316\\\\\204\007"
  41      6813B5AB 
  41      8D422D42 
  41      CCCE5C5C 
  41      8407
  42 004b 8673DE99 		.ascii	"\206s\336\231\367a8\257\306\200\251Z\2446C}\214\016"
  42      F76138AF 
  42      C680A95A 
  42      A436437D 
  42      8C0E
  43 005d 700698BF 		.ascii	"p\006\230\277g,\345B\0005H\027\260$B\022\276\261\207"
  43      672CE542 
  43      00354817 
  43      B0244212 
  43      BEB187
  44 0070 F090AD1F 		.ascii	"\360\220\255\037\360/\314\221M#\331i\356\275{\225\004"
  44      F02FCC91 
  44      4D23D969 
  44      EEBD7B95 
  44      04
  45 0081 F093DC97 		.ascii	"\360\223\334\227\217\333\316`E\312\264|-?\217\226\252"
  45      8FDBCE60 
  45      45CAB47C 
  45      2D3F8F96 
  45      AA
  46 0092 0D2DC791 		.ascii	"\015-\307\221\365\221A\025|P\001\237\372\342\030\202"
  46      F5914115 
  46      7C50019F 
  46      FAE21882 
  47 00a2 E47D6AB6 		.ascii	"\344}j\266\362N>\001\214\346\253\255\243\233\221@Yq"
  47      F24E3E01 
  47      8CE6ABAD 
  47      A39B9140 
  47      5971
  48 00b4 F26745BA 		.ascii	"\362gE\272s\234\303\011\360\377\034]18\205\000\271\273"
  48      739CC309 
  48      F0FF1C5D 
  48      31388500 
ARM GAS  /tmp/cczkwTgS.s 			page 3


  48      B9BB
  49 00c6 3BADA29B 		.ascii	";\255\242\233O\331d\252|}\210\003\3626\242H\015\316"
  49      4FD964AA 
  49      7C7D8803 
  49      F236A248 
  49      0DCE
  50 00d8 86498DC1 		.ascii	"\206I\215\301\271M\366\344n\321\313\247m\262tWx\361"
  50      B94DF6E4 
  50      6ED1CBA7 
  50      6DB27457 
  50      78F1
  51 00ea 0CC86F9B 		.ascii	"\014\310o\233D\270\030&I\324 \240\354o\227\277\005\217"
  51      44B81826 
  51      49D420A0 
  51      EC6F97BF 
  51      058F
  52 00fc 232BA9FC 		.ascii	"#+\251\374j!\332\243\016\016\025`m\276!\373\375\214"
  52      6A21DAA3 
  52      0E0E1560 
  52      6DBE21FB 
  52      FD8C
  53 010e 945DE313 		.ascii	"\224]\343\023)\010\233`m\262\250\370:\210\252\363\017"
  53      29089B60 
  53      6DB2A8F8 
  53      3A88AAF3 
  53      0F
  54 011f 48375AA6 		.ascii	"H7Z\246b2\334\216\275\215\240\036\3106\256\353b6j\206"
  54      6232DC8E 
  54      BD8DA01E 
  54      C836AEEB 
  54      62366A86 
  55 0133 CDB98525 		.ascii	"\315\271\205%cR7tC\210\265\204\210\206,a\231a\221\330"
  55      63523774 
  55      4388B584 
  55      88862C61 
  55      996191D8 
  56 0147 588F8456 		.ascii	"X\217\204V\023\"\266iY\203Y_fh\3061\034\207\330\037"
  56      1322B669 
  56      5983595F 
  56      6668C631 
  56      1C87D81F 
  57 015b 15038711 		.ascii	"\025\003\207\021"
  58              		.text
  59              		.section	.gnu.lto_reads.83933e5b8283ee09,"",%progbits
  60 0000 789C5D90 		.ascii	"x\234]\220MKBA\024\206\347\235\271\370\001i?\240\026"
  60      4D4B4241 
  60      1486E79D 
  60      B9F80169 
  60      3FA016
  61 0013 EEC4CDBD 		.ascii	"\356\304\315\275\010A\024\324\246\037\020\324\017\010"
  61      084114D4 
  61      A61F10D4 
  61      0F08
  62 0021 2DC10B66 		.ascii	"-\301\013f\222\265v4\205\242\215\213\024\254\2406\242"
  62      92B57634 
  62      85A28D8B 
  62      14ACA036 
ARM GAS  /tmp/cczkwTgS.s 			page 4


  62      A2
  63 0032 7DAA0441 		.ascii	"}\252\004A;qoQ!-$\210\332\265J(\\\224\331\231\213\213"
  63      3B716F51 
  63      212D2488 
  63      DAB54A28 
  63      5C94D999 
  64 0048 F0C0E19C 		.ascii	"\360\300\341\234w\346}f8Gc`*\202Tf\251\216QB0\360\354"
  64      77E67D66 
  64      38476360 
  64      2A825466 
  64      A98E5142 
  65 005f 2D634907 		.ascii	"-cI\007\007T#\035`\011\216\004\276x\217\343>]=\024\237"
  65      0754231D 
  65      60098E04 
  65      BE788FE3 
  65      3E5D3D14 
  66 0074 3C43368D 		.ascii	"<C6\215d\247\271\377\346V\022\360\220<\220\017;v_I\312"
  66      64A7B9FF 
  66      E65612F0 
  66      903C900F 
  66      3B765F49 
  67 0089 947C29B6 		.ascii	"\224|)\266G\013\345\272\226\021\234\3659C\031\343(a"
  67      470BE5BA 
  67      96119CF5 
  67      394319E3 
  67      2861
  68 009b 5C7D7102 		.ascii	"\\}q\002\037y\037\233\255\254]L\202Q\177\265}|3\342"
  68      1F791F9B 
  68      ADAC5D4C 
  68      82517FB5 
  68      7D7C33E2 
  69 00af 2D2A4E76 		.ascii	"-*NvW\2443#\004N!\376st\304p\006/\271\277w[y\247\230"
  69      57A43323 
  69      044E21FE 
  69      7374C470 
  69      062FB9BF 
  70 00c8 B6C864F1 		.ascii	"\266\310d\361\372\210\017\310ZH\221\032\316\207I\215"
  70      FA880FC8 
  70      5A48911A 
  70      CE87498D 
  71 00d8 E1C2227B 		.ascii	"\341\302\"{r/\357\0263\026Yh\344\332\256\001\371d\221"
  71      722FEF16 
  71      33165968 
  71      E4DAAE01 
  71      F96491
  72 00eb 1C97C324 		.ascii	"\034\227\303$\211\012\274\312\376Z\373\315\271liI\341"
  72      890ABCCA 
  72      FE5AFBCD 
  72      B96C6949 
  72      E1
  73 00fc 5103D11C 		.ascii	"Q\003\321\034U\330\324\002+\013u\331\357oI\371\354\377"
  73      55D8D402 
  73      2B0B75D9 
  73      EF6F49F9 
  73      ECFF
  74 010e E174F141 		.ascii	"\341t\361A\251\026\327!AU\274#U\357\232\312M\317\344"
  74      A916D721 
ARM GAS  /tmp/cczkwTgS.s 			page 5


  74      4155BC23 
  74      55EF9ACA 
  74      4DCFE4
  75 0121 338D3BBB 		.ascii	"3\215;\273Z\030\007C\315\332\007\001PF\302&t\335\230"
  75      5A180743 
  75      CDDA0701 
  75      5046C226 
  75      74DD98
  76 0134 0B9B4173 		.ascii	"\013\233As~q\311?\245\373u\277a\254\305\215p bD\314"
  76      7E71C93F 
  76      A5FB75BF 
  76      61ACC58D 
  76      70206244 
  77 0149 A011DF58 		.ascii	"\240\021\337X\017\005V\343Ft3\022\031\364\3722\343f"
  77      0F0556E3 
  77      46743312 
  77      19F4FA32 
  77      E366
  78 015b 8C076388 		.ascii	"\214\007c\210\376\001&\206\213\247"
  78      FE012686 
  78      8BA7
  79              		.text
  80              		.section	.gnu.lto_put.83933e5b8283ee09,"",%progbits
  81 0000 789C4D90 		.ascii	"x\234M\220=K\003A\020\206\367\335=\222\010&\376\000"
  81      3D4B0341 
  81      1086F7DD 
  81      3D920826 
  81      FE00
  82 0012 53042C8E 		.ascii	"S\004,\2164w\036\012\242\226\376\000Ak\221D\205\034"
  82      34771E0A 
  82      A296FE00 
  82      416B9144 
  82      851C
  83 0024 9C1F18AD 		.ascii	"\234\037\030\255\263\306\334aa\221\306H$\020\033I\214"
  83      B3C6DC61 
  83      6191C648 
  83      24101B49 
  83      8C
  84 0035 1F51ACD2 		.ascii	"\037Q\254\322\005\3012\212\210\275\370\321(\212\021"
  84      05C1328A 
  84      88BDF8D1 
  84      288A11
  85 0044 2D35CEC6 		.ascii	"-5\316\306\024\016\0143\263\373>\2633\25310e:\205Q\212"
  85      140E0C33 
  85      B3FB3EB3 
  85      33AB3130 
  85      653A8551 
  86 0059 BDE4100C 		.ascii	"\275\344\020\014<{\311\330Z\200\003*\221\001\260\024"
  86      3C7BC9D8 
  86      5A80032A 
  86      9101B014 
  87 0069 470A5FFC 		.ascii	"G\012_\374\233\343:sR\020\237\334%\231Fe\263\261\363"
  87      9BE33A73 
  87      52109FDC 
  87      25994665 
  87      B3B1F3
  88 007c 10522510 		.ascii	"\020R%\020\241\362\261\346\275j\321\222$\273\273(\366"
ARM GAS  /tmp/cczkwTgS.s 			page 6


  88      A1F2B1E6 
  88      BD6AD192 
  88      24BBBB28 
  88      F6
  89 008d E4CB75CD 		.ascii	"\344\313u\315\025\234\2658C\031a\224\020VO\354#J\332"
  89      159CB538 
  89      43196194 
  89      10564FEC 
  89      234ADA
  90 00a0 9BC66DD6 		.ascii	"\233\306m\326/\206\300(?\333\330\255u\353{R\246\245"
  90      2F86C028 
  90      3FDBD8AD 
  90      75EB7B52 
  90      A6A5
  91 00b2 6CCECA2E 		.ascii	"l\316\312.W\010T \376st\304p\000\235\324\005\257\362"
  91      57085420 
  91      FE7374C4 
  91      70009DD4 
  91      05AFF2
  92 00c5 24C4489B 		.ascii	"$\304H\233|\361>\336B\0352?%\205+4\034\376\221\003a"
  92      7CF13EDE 
  92      421D323F 
  92      25852B34 
  92      1CFE9103 
  93 00da F42B4E63 		.ascii	"\364+Nc8\202\256\304\367\247?[A_F\215\027QC\321,\307"
  93      3882AEC4 
  93      F7A73F5B 
  93      415F468D 
  93      175143D1 
  94 00f0 F0A94FA8 		.ascii	"\360\251O\250N\324e\253\265.e\321\332\354\243\213wr"
  94      4ED465AB 
  94      B52E65D1 
  94      DAECA38B 
  94      7772
  95 0102 B57C9373 		.ascii	"\265|\223s\025\3053\322\365m/\250\344\324'\347\236_"
  95      15C533D2 
  95      F56D2FA8 
  95      E4D427E7 
  95      9E5F
  96 0114 F9D5D61C 		.ascii	"\371\325\326\034\014\325\366RD@)\211\0334\014s,a\307"
  96      0CD5F652 
  96      44402989 
  96      1B340C73 
  96      2C61C7
  97 0127 EDF1C969 		.ascii	"\355\361\311ik\330\260\014\3134\027\223f\"\346\230\216"
  97      6BD8B00C 
  97      CB341793 
  97      6622E698 
  97      8E
  98 0138 1D37932B 		.ascii	"\0357\223+\313s\261\371\244\271\260\3528\235\334\230"
  98      CB73B1F9 
  98      A4B9B0EA 
  98      389DDC98 
  99 0148 61DC5E42 		.ascii	"a\334^B\374\027|>w\257"
  99      FC177C3E 
  99      77AF
 100              		.text
ARM GAS  /tmp/cczkwTgS.s 			page 7


 101              		.section	.gnu.lto_get.83933e5b8283ee09,"",%progbits
 102 0000 789C6361 		.ascii	"x\234ca`d\000\201\367@l\011\304\322@\314\310\314\300"
 102      60640081 
 102      F7406C09 
 102      C4D240CC 
 102      C8CCC0
 103 0013 C834E11C 		.ascii	"\3104\341\034\003C#\007\023##\210\321\300\301\310P\317"
 103      03432307 
 103      13232388 
 103      D1C0C1C8 
 103      50CF
 104 0025 C458CFF8 		.ascii	"\304X\317\370\225\351/\023\343\305\226\015s\230\277"
 104      95E92F13 
 104      E3C5960D 
 104      7398BF
 105 0034 30B50295 		.ascii	"0\265\002\225\261\000\271\037\317\316z\314\007\3422"
 105      B100B91F 
 105      CFCE7ACC 
 105      07E232
 106 0043 322A00B9 		.ascii	"2*\000\271Ov\266\275e\321\\\336\000\004\017\216>.\230"
 106      4F76B6BD 
 106      65D15CDE 
 106      00040F8E 
 106      3E2E98
 107 0056 D8DCEAD1 		.ascii	"\330\334\352\321\312\314\304\360\237\211\201q\005\243"
 107      CACCC4F0 
 107      9F898171 
 107      05A3
 108 0064 0CE37246 		.ascii	"\014\343rF\031\220\025+\0315\201j/\237\275:\201\235"
 108      1990152B 
 108      1935816A 
 108      2F9FBD3A 
 108      819D
 109 0076 D99C9101 		.ascii	"\331\234\221\001\310\336\334\261`'\217\372\322\206\206"
 109      C8DEDCB1 
 109      60278FFA 
 109      D28686
 110 0085 A686868F 		.ascii	"\246\206\206\217)\015\234\255\314\314\214\253\030\231"
 110      290D9CAD 
 110      CCCC8CAB 
 110      1899
 111 0093 91F50185 		.ascii	"\221\365\001\205\030\030W3\252\203\224?\332\370o*/["
 111      18185733 
 111      AA83943F 
 111      DAF86F2A 
 111      2F5B
 112 00a5 0BC81A05 		.ascii	"\013\310\032\005\220\341@3\3270\262\201<\263>\350@\303"
 112      90E14033 
 112      D730B281 
 112      3CB33EE8 
 112      40C3
 113 00b7 FFFFCD0D 		.ascii	"\377\377\315\015\015?\015f+\003%>\0001\310\023\037\231"
 113      0D3F0D66 
 113      2B03253E 
 113      0031C813 
 113      1F99
 114 00c9 984034F3 		.ascii	"\230@4\363+\306\246\003[\333xA\312\201\346\034|\260"
ARM GAS  /tmp/cczkwTgS.s 			page 8


 114      2BC6A603 
 114      5BDB7841 
 114      CA81E61C 
 114      7CB0
 115 00db E92337C8 		.ascii	"\351#7\310\365L\214,\214k\301\216\003\352`\004\251\004"
 115      F54C8C2C 
 115      8C6BC18E 
 115      03EA6004 
 115      A904
 116 00ed EA33D1D3 		.ascii	"\3523\321\323\323w\316\310L\312\364\017\2167\264\324"
 116      D377CEC8 
 116      4CCAF40F 
 116      8E37B4D4 
 117 00fd 33D433D4 		.ascii	"3\3243\324\327\317/\326\317H\314\321\317\311L\322/."
 117      D7CF2FD6 
 117      CF48CCD1 
 117      CFC94CD2 
 117      2F2E
 118 010f 294A4DCC 		.ascii	")JM\314-\326\317+\315\311\201\262\365\222\031\2302\013"
 118      2DD6CF2B 
 118      CDC981B2 
 118      F5921998 
 118      320B
 119 0121 0016BD68 		.ascii	"\000\026\275h]"
 119      5D
 120              		.text
 121              		.section	.gnu.lto_nullObjectInit.83933e5b8283ee09,"",%progbits
 122 0000 789C4D90 		.ascii	"x\234M\220\313+\304Q\024\307\357\367\336\2371\012\331"
 122      CB2BC451 
 122      14C7EFF7 
 122      DE9F310A 
 122      D9
 123 0011 9B85B298 		.ascii	"\233\205\262\230,\374\256)\345QV\312V\361\007\310H\231"
 123      2CFCAE29 
 123      E55156CA 
 123      56F107C8 
 123      4899
 124 0023 8C4786F5 		.ascii	"\214G\206\365\\3\363\013;\222G\036\311b\362\036\214"
 124      5C33F30B 
 124      3B92471E 
 124      C962F21E 
 124      8C
 125 0034 952C4C36 		.ascii	"\225,L6\242\220\215\265\020%\211\220\232b\234\363c\341"
 125      A2908DB5 
 125      10258990 
 125      9A629CF3 
 125      63E1
 126 0046 D6AFF3F8 		.ascii	"\326\257\363\370\235\3639\337s,\001\301o\202L=\331R"
 126      9DF339DF 
 126      732C01C1 
 126      6F824C3D 
 126      D952
 127 0058 FAA004E4 		.ascii	"\372\240\004\344\370\271\020\303^\011\260c\274\020Q"
 127      F8B910C3 
 127      5E09B063 
 127      BC1051
 128 0067 89283EE4 		.ascii	"\211(>\344\227\304\321\310\375\276\254X1\364\256\235"
ARM GAS  /tmp/cczkwTgS.s 			page 9


 128      97C4D1C8 
 128      FDBEAC58 
 128      31F4AE9D 
 129 0077 E72AB39A 		.ascii	"\347*\263\232\201\243\204\310I\227$\260\202\012\252"
 129      81A384C8 
 129      499724B0 
 129      820AAA
 130 0086 BA4CEC2C 		.ascii	"\272L\354,\250w\351(\300\242\360\365l\356\266\230C\211"
 130      A877E928 
 130      C0A2F0F5 
 130      6CEEB698 
 130      4389
 131 0098 320A1F96 		.ascii	"2\012\037\226\323O\226\252\201 \177&\233X\267\374Ic"
 131      D34F96AA 
 131      81207F26 
 131      9B58B7FC 
 131      4963
 132 00aa 62C64C76 		.ascii	"b\306Lv\232\002G)\254C\021\017k\360a\025>A)\201\015"
 132      9A024729 
 132      AC43110F 
 132      6BF06115 
 132      3E412981 
 133 00bf F8B9FC66 		.ascii	"\370\271\374f\367{\252\310\223\340\361e\277C\261\011"
 133      F77BAAC8 
 133      93E0F165 
 133      BF43B109 
 134 00cf 0FAFB1DD 		.ascii	"\017\257\261\335\2221\271\\\334\230\305\300A\271E\332"
 134      9231B95C 
 134      DC98C5C0 
 134      41B945DA 
 135 00df B943BC50 		.ascii	"\271C\274P\011/\361*%[u\217Xv\344j\276\226\273\0107"
 135      092FF12A 
 135      255B758F 
 135      5876E46A 
 135      BE96BB08 
 136 00f4 ED1C5DE4 		.ascii	"\355\034]\344\2630\345\212\371<>\035-\\\302\3420\363"
 136      B330E58A 
 136      F93C3E1D 
 136      2D5CC2E2 
 136      30F3
 137 0106 8B1C65C5 		.ascii	"\213\034e\305I\361\026I\340\237\311\273X*_W:*\017),"
 137      49F11649 
 137      E09FC9BB 
 137      582A5F57 
 137      3A2A0F29 
 138 011b E1DBDD18 		.ascii	"\341\333\335\030\333\320\3779y.'\236=|+\216~\231YcJ"
 138      DBD0FF39 
 138      792E279E 
 138      3D7C2B8E 
 138      7E995963 
 139 0130 28374607 		.ascii	"(7F\007\342\364\311\334F7\323\307\335\264\007\273t\324"
 139      E2F4C9DC 
 139      4637D3C7 
 139      DDB407BB 
 139      74D4
 140 0142 9D3F7AEE 		.ascii	"\235?z\3561\235*\370m1\015\314I\323\014\342\357!*\036"
 140      319D2AF8 
ARM GAS  /tmp/cczkwTgS.s 			page 10


 140      6D310DCC 
 140      49D30CE2 
 140      EF212A1E 
 141 0156 11CB7C36 		.ascii	"\021\313|6\261d\367\306/\022\274\013\315\257\266m\335"
 141      B164F7C6 
 141      2F12BC0B 
 141      CDAFB66D 
 141      DD
 142 0167 D8150A86 		.ascii	"\330\025\012\206\232[\333\002uv\300\016h\335\027\321"
 142      9A5BDB02 
 142      7576C00E 
 142      68DD17D1 
 143 0177 5DED611D 		.ascii	"]\355a\035\016\005udp\240\263\275'\242{\207\302\341"
 143      0E057564 
 143      70A0B3BD 
 143      27A27B87 
 143      C2E1
 144 0189 3FDFEE10 		.ascii	"?\337\356\020\2527\322\377\003\355\350\237\231"
 144      AA37D2FF 
 144      03EDE89F 
 144      99
 145              		.text
 146              		.section	.gnu.lto_vmt.83933e5b8283ee09,"",%progbits
 147 0000 789C6361 		.ascii	"x\234ca`d\000\201\365@l\306\000\001\177\231\030w\356"
 147      60640081 
 147      F5406CC6 
 147      00017F99 
 147      1877EE
 148 0013 7C739BBD 		.ascii	"|s\233\275\376oCGC\303\203\245\317=$[\231\031\3763a"
 148      FE6F4347 
 148      43C383A5 
 148      CF3D245B 
 148      9919FE33 
 149 0028 4835CC64 		.ascii	"H5\314dkef\374\317\304\210!\361\233\261\225\231\351"
 149      6B6566FC 
 149      CFC48821 
 149      F19BB195 
 149      99E9
 150 003a 3F131386 		.ascii	"?\023\023\206\304m\240\004\363\177&f\260\304\3727;\177"
 150      C46DA004 
 150      F37F2666 
 150      B0C4FA37 
 150      3B7F
 151 004c F27E616A 		.ascii	"\362~ajefa\004q\317\336\237\373\204\311b[C\307\202\206"
 151      65666104 
 151      71CFDE9F 
 151      FB84C962 
 151      5B43C782 
 152 0061 805666D6 		.ascii	"\200Vf\326\177L\014\214\253\031e\376112\256b\254\377"
 152      7F4C0C8C 
 152      AB1965FE 
 152      313132AE 
 152      62ACFF
 153 0074 C7C4C4B8 		.ascii	"\307\304\304\270\022D13\256\000Q,\214\313\031\353\031"
 153      12443133 
 153      AE00512C 
 153      8CCB19EB 
ARM GAS  /tmp/cczkwTgS.s 			page 11


 153      19
 154 0085 18D7305A 		.ascii	"\030\3270Z0\230\350\351\351;gd&e\372\007\307\033Z\352"
 154      3098E8E9 
 154      E93B6764 
 154      2665FA07 
 154      C71B5AEA 
 155 0099 19EA19EA 		.ascii	"\031\352\031\352\353\347\027\353g$\346\350\347d&\351"
 155      EBE717EB 
 155      6724E6E8 
 155      E76426E9 
 156 00a9 179714A5 		.ascii	"\027\227\024\245&\346\026\353\347\225\346\344@\331z"
 156      26E616EB 
 156      E795E6E4 
 156      40D97A
 157 00b8 C90C0041 		.ascii	"\311\014\000A\215W\306"
 157      8D57C6
 158              		.text
 159              		.section	.gnu.lto_.symbol_nodes.83933e5b8283ee09,"",%progbits
 160 0000 789C5DC8 		.ascii	"x\234]\310;\021\200@\014\006\341\275?\207\001\034 \020"
 160      3B118040 
 160      0C06E1BD 
 160      3F87011C 
 160      2010
 161 0012 0D890424 		.ascii	"\015\211\004$@\307\240\204\267&\322\320\3346;\363U\012"
 161      40C7A084 
 161      B726D2D0 
 161      DC363BF3 
 161      550A
 162 0024 23997639 		.ascii	"#\231v9L/\344\326y\011K;\344\245\265S\256\326.\271\265"
 162      4C2FE4D6 
 162      79094B3B 
 162      E4A5B553 
 162      AED62EB9 
 163 0039 F6C8EB6F 		.ascii	"\366\310\353o[\014\320\335\"z0>\234 \034\263"
 163      5B0CD0DD 
 163      227A303E 
 163      9C201CB3 
 164              		.text
 165              		.section	.gnu.lto_.refs.83933e5b8283ee09,"",%progbits
 166 0000 789C05C1 		.ascii	"x\234\005\301\261\001\000\000\010\303\2404\326\335\377"
 166      B1010000 
 166      08C3A034 
 166      D6DDFF
 167 000f AF154A38 		.ascii	"\257\025J8 u\323\025\243\016\017\003%\000:"
 167      2075D315 
 167      A30E0F03 
 167      25003A
 168              		.text
 169              		.section	.gnu.lto_.decls.83933e5b8283ee09,"",%progbits
 170 0000 789C9D55 		.ascii	"x\234\235UiLTW\024~g\336\014\003\003\003FMc\023\332"
 170      694C5457 
 170      147E67DE 
 170      0C030303 
 170      464D6313 
 171 0015 1A83097F 		.ascii	"\032\203\011\177\234'j\323\366\227\255$\265M\252$u\371"
 171      9C276AD3 
 171      F697AD24 
ARM GAS  /tmp/cczkwTgS.s 			page 12


 171      B54DAA24 
 171      75F9
 172 0027 D564328C 		.ascii	"\325d2\214O\231\006\006\303<\352\362\353\271U\352\326"
 172      4F990606 
 172      C33CEAF2 
 172      EBB955EA 
 172      D6
 173 0038 C1B52028 		.ascii	"\301\265 (Uc\025\021p\003\021\205)\310\210\013.\270"
 173      55631511 
 173      70031185 
 173      29C8880B 
 173      2EB8
 174 004a B2092A2A 		.ascii	"\262\011***\262\010*\210\306\236{\337:f\246M\372\222"
 174      2AB2082A 
 174      88C69E7B 
 174      DF3A66A6 
 174      4DFA92
 175 005d 33EFDE33 		.ascii	"3\357\3363g\371\276s\316\275\317\310\000C\236\354H\206"
 175      67F9BE73 
 175      CEBDCFC8 
 175      00439EEC 
 175      4886
 176 006f A9C7E569 		.ascii	"\251\307\345i\224\367\370\230Q7\237\321\036\023J5\212"
 176      94F7F898 
 176      51379FD1 
 176      1E134A35 
 176      8A
 177 0080 1FE5164A 		.ascii	"\037\345\026J3\312\010\012\361~\313\004>\325\262\375"
 177      33CA080A 
 177      F17ECB04 
 177      3ED5B2FD 
 178 0090 6894B128 		.ascii	"h\224\261(\245(\363P*\345\377A\266\371\360\361\207\360"
 178      A528F350 
 178      2AE5FF41 
 178      B6F9F0F1 
 178      87F0
 179 00a2 ABD1F9F9 		.ascii	"\253\321\371\371\203\370\335\372\300\357\272\354W\241"
 179      83F8DDFA 
 179      C0EFBAEC 
 179      57A1
 180 00b0 F3BB15C4 		.ascii	"\363\273\025\304\217p0\006\361S|\232\203\370\020\316"
 180      8F703006 
 180      F1537C9A 
 180      83F810CE 
 181 00c0 4A6D14BF 		.ascii	"Jm\024\277!\224\327(\375(}\262\357\200\374\016U#\262"
 181      2194D728 
 181      FD287DB2 
 181      EF80FC0E 
 181      5523B2
 182 00d3 0F43E942 		.ascii	"\017C\351BiG\271\207\362\000%I\216A\370t\243\364\240"
 182      6947B987 
 182      F2002549 
 182      8E41F874 
 182      A3F4A0
 183 00e6 3C457982 		.ascii	"<Ey\202\322+\343m\226\371\220Z\004\253\343;\003\024"
 183      D22BE36D 
 183      96F9905A 
ARM GAS  /tmp/cczkwTgS.s 			page 13


 183      04ABE33B 
 183      0314
 184 00f8 36166DB0 		.ascii	"6\026m\260\266@\023\000\0030\012\360%\367\231!\032\371"
 184      B6401300 
 184      03300AF0 
 184      25F79921 
 184      1AF9
 185 010a 4D16206D 		.ascii	"M\026 m\014\012gP\331\313\013j\016\214\201\332\203\356"
 185      0C0A6750 
 185      D9CB0B6A 
 185      0E8C81DA 
 185      83EE
 186 011c 8F003B3A 		.ascii	"\217\000;:3\364\321T\240>\212%\004\006%Q\265-\356\015"
 186      33F4D154 
 186      A03E8A25 
 186      04062551 
 186      B52DEE0D 
 187 0130 9A832E9E 		.ascii	"\232\203.\236\214^\316\017\372\26444\253\220\276\270"
 187      8C5ECE0F 
 187      FAB43434 
 187      AB90BEB8 
 188 0140 333F1B58 		.ascii	"3?\033X\214\211\353\366\341\003\337\332\212D|\274\242"
 188      8C89EBF6 
 188      E103DFDA 
 188      8A447CBC 
 188      A2
 189 0151 68F858AB 		.ascii	"h\370X\253L[\375\301C\354\240\001\222,@\302\307\240"
 189      4C5BFDC1 
 189      43ECA001 
 189      922C40C2 
 189      C7A0
 190 0163 AAA4BB62 		.ascii	"\252\244\273b\330*\251\210\305\276\341\336\362(v4]_"
 190      D82AA988 
 190      C5BEE1DE 
 190      F2287634 
 190      5D5F
 191 0175 5B5D9A47 		.ascii	"[]\232G\254G[\300\210\333\376\206\334\007\321\270\035"
 191      AC475BC0 
 191      88DBFE86 
 191      DC07D1B8 
 191      1D
 192 0186 6B81F1EF 		.ascii	"k\201\361\357\014\206\256Se\273X\210\267\354'y:\006"
 192      0C86AE53 
 192      65BB5888 
 192      B7EC2779 
 192      3A06
 193 0198 3A3E2911 		.ascii	":>)\021\305QP\012\026(\002\026\016\202\215@L\262\340"
 193      C551500A 
 193      16280216 
 193      0E828D40 
 193      4CB2E0
 194 01ab 6F9628AE 		.ascii	"o\226(\256\024\275\253\304\321\3371P\014\261p\030b\031"
 194      14BDABC4 
 194      D1DF3150 
 194      0CB17018 
 194      6219
 195 01bd 28817892 		.ascii	"(\201x\222\223\330\301!T\026\242\022\223\324\337\037"
ARM GAS  /tmp/cczkwTgS.s 			page 14


 195      93D8C121 
 195      5416A212 
 195      93D4DF1F 
 196 01cd 586EC486 		.ascii	"Xn\304\206\320@\311F\242*Y\323y0\034\363\306\"h\320"
 196      D040C946 
 196      A22A59D3 
 196      79301CF3 
 196      C62268D0 
 197 01e1 218E9510 		.ascii	"!\216\225\020\037\367\015\0346\262?\220\265\341\332"
 197      1FF70D1C 
 197      36B23F90 
 197      B5E1DA
 198 01f0 B1A6BA08 		.ascii	"\261\246\272\010\025S\233\377\323\223\004S\031\206:"
 198      15539BFF 
 198      D3930453 
 198      19863A
 199 01ff AE618A55 		.ascii	"\256a\212U1\365\355\021\303\306105\026&#\242\023\210"
 199      31F5ED11 
 199      C3C63130 
 199      35162623 
 199      A21388
 200 0212 28564674 		.ascii	"(VFt\014\021\035\225\020\035\334}\340\254\225]\0154"
 200      0C111D95 
 200      101DDC7D 
 200      E0AC955D 
 200      0D34
 201 0224 C1F3ADCF 		.ascii	"\301\363\255\317\2624\322\025\353b\017\221\004\025\230"
 201      B234D215 
 201      EB620F91 
 201      041598
 202 0233 A05C4B80 		.ascii	"\240\\K\200\371\202g8\031<C\376\315\373\336\010\213"
 202      F9826738 
 202      193C43FE 
 202      CDFBDE08 
 202      8B
 203 0244 6CEFFD6F 		.ascii	"l\357\375o\373\334\272\254\032S\324:\265\252p\012\363"
 203      FBDCBAAC 
 203      1A53D43A 
 203      B5AA700A 
 203      F3
 204 0255 2B8565A0 		.ascii	"+\205e\240\022\242\344v\337i\367\356\016\247\325D\035"
 204      12A2E476 
 204      DF69F7EE 
 204      0EA7D544 
 204      1D
 205 0266 1C015ACE 		.ascii	"\034\001Z\316\033\345;\\T7/\012NK\252\241\272\365U\326"
 205      1BE53B5C 
 205      54372F0A 
 205      4E4BAAA1 
 205      BAF555D6 
 206 027a 71DBE9C0 		.ascii	"q\333\351\300\254\022\307\033i\361\265\200U0\016\177"
 206      AC12C71B 
 206      69F1B580 
 206      55300E7F 
 207 028a CF80518A 		.ascii	"\317\200Q\212\372\272\246\260\314:\241@\274Z*vT_\264"
 207      FABAA6B0 
 207      CC3AA140 
ARM GAS  /tmp/cczkwTgS.s 			page 15


 207      BC5A2A76 
 207      545FB4
 208 029d ED3E2A8A 		.ascii	"\355>*\212\277\241\247\221\330\301\001\255\014\270$"
 208      BFA1A791 
 208      D8C101AD 
 208      0CB824
 209 02ac AFBFA005 		.ascii	"\257\277\240\005\007\267\032&\240\353pv\303q\023\333"
 209      07B71A26 
 209      A0EB7076 
 209      C37113DB 
 210 02bc 496B19AC 		.ascii	"Ik\031\254\325\357s\373\3770\353\231U\004\000\251Q\231"
 210      D5EF73FB 
 210      FF30EB99 
 210      550400A9 
 210      5199
 211 02ce EDAF7CB4 		.ascii	"\355\257|\264\331J\235Q\007\177K4\366\326?YaT\250\325"
 211      D94A9D51 
 211      077F4B34 
 211      F6D63F59 
 211      6154A8D5 
 212 02e2 4ABAB66D 		.ascii	"J\272\266m5G-\241\251\325Qjg\025jUu'^EJ\324|\315\274"
 212      35472DA1 
 212      A9D5516A 
 212      67156A55 
 212      75275E45 
 213 02fb 4C0B6DC0 		.ascii	"L\013m\300\247\321\362\351i\371)\255\367\275\003w\243"
 213      A7D1F2E9 
 213      69F929AD 
 213      F7BD0377 
 213      A3
 214 030c D8A712AD 		.ascii	"\330\247\022\255{\275gr\314\024E\205\312k\373\371\346"
 214      7BBD6772 
 214      CC144585 
 214      CA6BFBF9 
 214      E6
 215 031d 35260559 		.ascii	"5&\005Y\275\204l\315\306\303;,8\306a\322Y4\243\252\263"
 215      BD846CCD 
 215      C6C33B2C 
 215      38C661D2 
 215      5934A3AA 
 216 0332 EF4D9951 		.ascii	"\357M\231QR\021\300K\311l\344\264\036\211f{\244\351"
 216      5211C04B 
 216      C96CE4B4 
 216      1E89667B 
 216      A4E9
 217 0344 3BF0E6CF 		.ascii	";\360\346\317\225f\260\304g\311t\002\016\324e\034\226"
 217      9566B0C4 
 217      67C97402 
 217      0ED4651C 
 217      96
 218 0355 3079582E 		.ascii	"0yX.\242\362\002*\225s0\235\236\203\006\304sI#\022f"
 218      A2F2022A 
 218      9573309D 
 218      9E8306C4 
 218      73492312 
 219 036a 9148BF18 		.ascii	"\221H\277\030\356;nd\207\244\024w\327\335\331\037\035"
 219      EE3B6E64 
ARM GAS  /tmp/cczkwTgS.s 			page 16


 219      87A41477 
 219      D7DDD91F 
 219      1D
 220 037b 2AC5B590 		.ascii	"*\305\265\220)*\326\331\350I\270\212)\256h)\032@\316"
 220      292AD6D9 
 220      E849B88A 
 220      29AE6829 
 220      1A40CE
 221 038e 717BC3F5 		.ascii	"q{\303\365\2260V\244\327\223\241w{\363\246\230P9n\204"
 221      963056A4 
 221      D793A177 
 221      7BF3A698 
 221      50396E84 
 222 03a2 CC91DFC8 		.ascii	"\314\221\337\310\235!9\256c\216F-\307U%\307`\337\332"
 222      9D2139AE 
 222      638E462D 
 222      C75525C7 
 222      60DFDA
 223 03b5 2656DFEA 		.ascii	"&V\337\352\353\001\255\276I[}^iu\335\236\362\004e\210"
 223      EB01ADBE 
 223      495B7D5E 
 223      6975DD9E 
 223      F2046588 
 224 03c9 D74FDFA5 		.ascii	"\327O\337\245\0161\232\3019-\3729}\267o\321n\227\264"
 224      0E319AC1 
 224      392DFA39 
 224      7DB76FD1 
 224      6E97B4
 225 03dc EDC9B2B2 		.ascii	"\355\311\262\262\347\245\253\266\270h\244\324\242tV"
 225      E7A5ABB6 
 225      B868A4D4 
 225      A27456
 226 03eb 6AF6E62D 		.ascii	"j\366\346-\247\237\033C\343h\2428\356(8\326n\\1\034"
 226      A79F1B43 
 226      E368A238 
 226      EE2838D6 
 226      6E5C311C 
 227 03ff 238F5C9E 		.ascii	"#\217\\\236?J\364\256\020\305\257\211\021\334\326P\334"
 227      3F4AF4AE 
 227      10C5AF89 
 227      11DCD650 
 227      DC
 228 0410 D6A368A6 		.ascii	"\326\243h\246(\274\233\336\214\204\263\015\022\212\354"
 228      28BC9BDE 
 228      8C84B30D 
 228      128AEC
 229 041f F7FB6E44 		.ascii	"\367\373nD\260\255\322\246\261\357R~\244tm\217\"\267"
 229      B0ADD2A6 
 229      B1EF527E 
 229      A4746D8F 
 229      22B7
 230 0431 45E5E005 		.ascii	"E\345\340\005\223\264\015\307\355\226K\033\312\"\365"
 230      93B40DC7 
 230      ED964B1B 
 230      CA22F5
 231 0440 478C10D6 		.ascii	"G\214\020\326\320\265\253G\254\347\327Sm\321l\207\024"
 231      D0B5AB47 
ARM GAS  /tmp/cczkwTgS.s 			page 17


 231      ACE7D753 
 231      6DD16C87 
 231      14
 232 0451 73EB9591 		.ascii	"s\353\225\221Z\213\336\253.\300\353\236\352u\363q\305"
 232      5A8BDEAB 
 232      2EC0EB9E 
 232      EA75F371 
 232      C5
 233 0462 AB48F6A1 		.ascii	"\253H\366\241\344\225Ur\371X\200WU\200\327\003\325\253"
 233      E4955572 
 233      F9588057 
 233      5580D703 
 233      D5AB
 234 0474 B8B1EBA5 		.ascii	"\270\261\353\245\201}&y\255,\036\274\024\315\216H\233"
 234      817D2679 
 234      AD2C1EBC 
 234      14CD8E48 
 234      9B
 235 0485 FEB7F9E5 		.ascii	"\376\267\371\345\021\022\372\261\270}\327\356\365\232"
 235      1112FAB1 
 235      B87DD7EE 
 235      F59A
 236 0493 A56F5001 		.ascii	"\245oP\001\371\026\210\373\363V\005\\\030M\001\031\272"
 236      F91688FB 
 236      F356055C 
 236      184D0119 
 236      BA
 237 04a4 940CE6AE 		.ascii	"\224\014\346\256\352\301\334\010\210\213\033\023\027"
 237      EAC1DC08 
 237      888B1B13 
 237      17
 238 04b1 1F17B787 		.ascii	"\037\027\267\207\330w\034\313\375b\313*\261~2\341L["
 238      D8771CCB 
 238      FD62CB2A 
 238      B17E32E1 
 238      4C5B
 239 04c3 FE0CC668 		.ascii	"\376\014\306hsx\227\006(&\277\014\265\027qD`5K\270B"
 239      73789706 
 239      2826BF0C 
 239      B5177144 
 239      60354BB8 
 240 04d8 4770EB04 		.ascii	"Gp\353\004b\234-\177wE\3540<F\203G\304\340\241\354\201"
 240      629C2D7F 
 240      7745EC30 
 240      3C468347 
 240      C4E0A1EC 
 241 04ed 0D85E738 		.ascii	"\015\205\3478\342\335\020\007=(OQ\236\240\364B\034\375"
 241      E2DD1007 
 241      3D284F51 
 241      9EA0F442 
 241      1CFD
 242 04ff 4807A422 		.ascii	"H\007\244\"wU\347\207\25185\023=\026\276\026\207(\206"
 242      7755E787 
 242      A9383513 
 242      3D16BE16 
 242      872886
 243 0512 1313469E 		.ascii	"\023\023F\236\0265\214\257\255\001\347\311A\352\014"
ARM GAS  /tmp/cczkwTgS.s 			page 18


 243      16358CAF 
 243      AD01E7C9 
 243      41EA0C
 244 0521 F7838609 		.ascii	"\367\203\206\011B\017KF'/\300\270M\243\207E\367\365"
 244      420F4B46 
 244      272FC0B8 
 244      4DA38745 
 244      F7F5
 245 0533 15F6448C 		.ascii	"\025\366D\214\221y\372B\362dB\222\304\030\265\017wn"
 245      9179FA42 
 245      F2644292 
 245      C418B50F 
 245      776E
 246 0545 08F886F5 		.ascii	"\010\370\206\365\351\3621\320\2574\216\255\355-o\217"
 246      E9F231D0 
 246      AF348EAD 
 246      ED2D6F8F 
 247 0555 006C5BB6 		.ascii	"\000l[\266|\240h>\315\362\205\\\324A,\352\200\276\210"
 247      7CA0683E 
 247      CDF2855C 
 247      D4412CEA 
 247      80BE88
 248 0568 BE6CFF67 		.ascii	"\276l\377g9\242\017)a0hE\\/\376\255\214\357xR\306\027"
 248      39A20F29 
 248      61306845 
 248      5C2FFEAD 
 248      8CEF7852 
 249 057e 816544A0 		.ascii	"\201eD\240y\233Z\313\242\330*\226\336\\E\315\353_\031"
 249      799B5ACB 
 249      A2D82A96 
 249      DE5C45CD 
 249      EB5F19
 250 0591 217E8CE4 		.ascii	"!~\214\344\262\315\017\304\3475\206}\251\235U\022B\231"
 250      B2CD0FC4 
 250      E735867D 
 250      A99D5512 
 250      4299
 251 05a3 820FD0C2 		.ascii	"\202\017\320\302+\004\031\0140\346)\030\332\325\033"
 251      2B04190C 
 251      30E62918 
 251      DAD51B
 252 05b2 AE2FC8EB 		.ascii	"\256/\310\353\200\202\014\251g\245\253\272\311'}KP'"
 252      80820CA9 
 252      67A5ABBA 
 252      C9277D4B 
 252      5027
 253 05c4 5F39DDB9 		.ascii	"_9\335\271\177\315\320\3378\363?\322\271\276\241\027"
 253      7FCDD0DF 
 253      38F33FD2 
 253      B9BEA117 
 254 05d4 CEB0FAF9 		.ascii	"\316\260\372\371\376\275\266\337\204\027N\001\275\371"
 254      FEBDB6DF 
 254      84174E01 
 254      BDF9
 255 05e2 7EBAA7DE 		.ascii	"~\272\247\336|h\207\367\213\312\243E\177\347\214\320"
 255      7C6887F7 
 255      8BCAA345 
ARM GAS  /tmp/cczkwTgS.s 			page 19


 255      7FE78CD0 
 256 05f2 3BC79793 		.ascii	";\307\227\223\227c\235\270W\274Z \372*\375\023W\210"
 256      97639DB8 
 256      57BC5A20 
 256      FA2AFD13 
 256      5788
 257 0604 3E23ED5B 		.ascii	">#\355[\253\344\245N\001C5s\015\014\274\205\211L\330"
 257      ABE4A54E 
 257      01433573 
 257      0D0CBC85 
 257      894CD8
 258 0617 920C97C0 		.ascii	"\222\014\227\300{\302g\316\2367>1!\201\011\363\270\226"
 258      7BC267CE 
 258      9E373E31 
 258      218109F3 
 258      B896
 259 0629 F376610A 		.ascii	"\363va\012\227\351\311\340R]\311\334\"\247\223sd\244"
 259      97E9C9E0 
 259      525DC9DC 
 259      22A79373 
 259      64A4
 260 063b 4D72A7BB 		.ascii	"Mr\247\273\371I\274#\331\305}n\233fK\340\\ngj\346\002"
 260      F949BC23 
 260      D9C57D6E 
 260      9B664BE0 
 260      5C6E676A 
 261 0651 9EF3080B 		.ascii	"\236\363\010\013\026\360\013m)L\204\335\236\351r\013"
 261      16F00B6D 
 261      294C84DD 
 261      9EE9720B 
 262 0661 5FDA8549 		.ascii	"_\332\205I\324Y1p\363KH\2344\2073\305\345\3469;Z;2S"
 262      D4593170 
 262      F34B489C 
 262      348733C5 
 262      E5E6393B 
 263 0679 05BBB06C 		.ascii	"\005\273\260l1\357A?\263\3545!\230\227g\231\207\263"
 263      31EF413F 
 263      B3EC3521 
 263      98976799 
 263      87B3
 264 068b 630A3441 		.ascii	"c\0124A\323i6\033\227\230\342Jv%\315\261'|eK@\030\\"
 264      D369361B 
 264      9798E24A 
 264      7625CDB1 
 264      277C654B 
 265 06a2 BA874B71 		.ascii	"\272\207Kq\244R\250\036!\203w\244y8wfj\252\274\2669"
 265      A452A81E 
 265      218377A4 
 265      79387766 
 265      6AAABCB6 
 266 06b7 19132E16 		.ascii	"\031\023.\026x\330\305\231\002\"\3048S\247\330\005\263"
 266      78D8C599 
 266      0222C438 
 266      53A7D805 
 266      B3
 267 06c8 FC36A579 		.ascii	"\3746\245y\026\331\205\031\301\303:\323\323\322\322"
 267      16D98519 
ARM GAS  /tmp/cczkwTgS.s 			page 20


 267      C1C33AD3 
 267      D3D2D2
 268 06d7 DDDCE2F4 		.ascii	"\335\334\342\364\014\301\303}\363\343\254\304YK\211"
 268      0CC1C37D 
 268      F3E3ACC4 
 268      594B89
 269 06e6 6EB12B95 		.ascii	"n\261+\225\317\360p3\023\0239g\212B\202]\304\013\321"
 269      CFF07033 
 269      13133967 
 269      8A42825D 
 269      C40BD1
 270 06f9 246F52F2 		.ascii	"$oR\362\317\274S\370\336\355\022\330_\322\004#\311m"
 270      CFBC53F8 
 270      DEED12D8 
 270      5FD20423 
 270      C96D
 271 070b A2258E71 		.ascii	"\242%\216q\271=\202\303\355\344\355\351\013\027zx\301"
 271      B93D82C3 
 271      EDE4EDE9 
 271      0B177A78 
 271      C1
 272 071c 3A1BADE7 		.ascii	":\033\255\347P\224\363g\315\375\037\314R\030\213\026"
 272      5094F367 
 272      CDFD1FCC 
 272      52188B16 
 273 072c E21FBC17 		.ascii	"\342\037\274\027\012\312"
 273      0ACA
 274              		.text
 275              		.section	.gnu.lto_.symtab.83933e5b8283ee09,"",%progbits
 276 0000 6E756C6C 		.ascii	"nullObjectInit\000"
 276      4F626A65 
 276      6374496E 
 276      697400
 277 000f 00       		.ascii	"\000"
 278 0010 00       		.ascii	"\000"
 279 0011 00       		.ascii	"\000"
 280 0012 00000000 		.ascii	"\000\000\000\000\000\000\000\000"
 280      00000000 
 281 001a FB000000 		.ascii	"\373\000\000\000"
 282              		.text
 283              		.section	.gnu.lto_.opts,"",%progbits
 284 0000 272D666D 		.ascii	"'-fmath-errno' '-fsigned-zeros' '-ftrapping-math' '"
 284      6174682D 
 284      6572726E 
 284      6F272027 
 284      2D667369 
 285 0033 2D666E6F 		.ascii	"-fno-trapv' '-fno-strict-overflow' '-fno-openmp' '-"
 285      2D747261 
 285      70762720 
 285      272D666E 
 285      6F2D7374 
 286 0066 666E6F2D 		.ascii	"fno-openacc' '-mcpu=cortex-m4' '-mthumb' '-mfloat-a"
 286      6F70656E 
 286      61636327 
 286      20272D6D 
 286      6370753D 
 287 0099 62693D68 		.ascii	"bi=hard' '-mfpu=fpv4-sp-d16' '-g' '-ggdb' '-Og' '-f"
ARM GAS  /tmp/cczkwTgS.s 			page 21


 287      61726427 
 287      20272D6D 
 287      6670753D 
 287      66707634 
 288 00cc 6F6D6974 		.ascii	"omit-frame-pointer' '-falign-functions=16' '-ffunct"
 288      2D667261 
 288      6D652D70 
 288      6F696E74 
 288      65722720 
 289 00ff 696F6E2D 		.ascii	"ion-sections' '-fdata-sections' '-fno-common' '-flt"
 289      73656374 
 289      696F6E73 
 289      2720272D 
 289      66646174 
 290 0132 6F2700   		.ascii	"o'\000"
 291              		.text
 292              		.comm	__gnu_lto_v1,1,1
 293              		.comm	__gnu_lto_slim,1,1
 294              		.ident	"GCC: (15:5.4.1+svn241155-1) 5.4.1 20160919"
ARM GAS  /tmp/cczkwTgS.s 			page 22


DEFINED SYMBOLS
                            *ABS*:0000000000000000 nullstreams.c
                            *COM*:0000000000000001 __gnu_lto_v1
                            *COM*:0000000000000001 __gnu_lto_slim

NO UNDEFINED SYMBOLS
