ARM GAS  /tmp/cceMZyDM.s 			page 1


   1              		.syntax unified
   2              		.cpu cortex-m4
   3              		.eabi_attribute 27, 1
   4              		.eabi_attribute 28, 1
   5              		.fpu fpv4-sp-d16
   6              		.eabi_attribute 20, 1
   7              		.eabi_attribute 21, 1
   8              		.eabi_attribute 23, 3
   9              		.eabi_attribute 24, 1
  10              		.eabi_attribute 25, 1
  11              		.eabi_attribute 26, 1
  12              		.eabi_attribute 30, 1
  13              		.eabi_attribute 34, 1
  14              		.eabi_attribute 18, 4
  15              		.thumb
  16              		.syntax unified
  17              		.file	"nvic.c"
  18              		.text
  19              	.Ltext0:
  20              		.section	.gnu.lto_.profile.87b1dd6d3023c171,"",%progbits
  21 0000 789C6361 		.ascii	"x\234ca`d`a`\000\222Rb\000\000\264\000;"
  21      60646061 
  21      60009252 
  21      620000B4 
  21      003B
  22              		.text
  23              		.section	.gnu.lto_.inline.87b1dd6d3023c171,"",%progbits
  24 0000 789C6361 		.ascii	"x\234ca`d\000\001?\006\004`a`\340\342dd`\342\333\220"
  24      60640001 
  24      3F060460 
  24      6160E0E2 
  24      646460E2 
  25 0016 CBC0B640 		.ascii	"\313\300\266@\236\011$\306\310\300\301\016\024\342\232"
  25      9E0924C6 
  25      C8C0C10E 
  25      14E29A
  26 0025 E0071762 		.ascii	"\340\007\027bb`e\001\012\261,\220\207\01313\260\263"
  26      62606501 
  26      0AB12C90 
  26      870B3133 
  26      B0B3
  27 0037 0185380E 		.ascii	"\001\2058\016\330\301\205\030\000>\237\007\232"
  27      D8C18518 
  27      003E9F07 
  27      9A
  28              		.text
  29              		.section	.gnu.lto_.jmpfuncs.87b1dd6d3023c171,"",%progbits
  30 0000 789C6361 		.ascii	"x\234ca`d\000\001>\006\004`\001b\240(\023\003\0033\220"
  30      60640001 
  30      3E060460 
  30      0162A028 
  30      13030333 
  31 0015 05000292 		.ascii	"\005\000\002\222\000\036"
  31      001E
  32              		.text
  33              		.section	.gnu.lto_.pureconst.87b1dd6d3023c171,"",%progbits
  34 0000 789C6361 		.ascii	"x\234ca`d\340d```a\220b\224b\222b\226\002\000\002\261"
ARM GAS  /tmp/cceMZyDM.s 			page 2


  34      6064E064 
  34      60606061 
  34      90629462 
  34      92629602 
  35 0017 0081     		.ascii	"\000\201"
  36              		.text
  37              		.section	.gnu.lto_nvicEnableVector.87b1dd6d3023c171,"",%progbits
  38 0000 789C9D53 		.ascii	"x\234\235S\317k\023A\030\2357\263\233\037\232\244G\017"
  38      CF6B1341 
  38      189D37B3 
  38      9B1F9AA4 
  38      470F
  39 0012 062C7808 		.ascii	"\006,x\010\275d\311A\264\012\202\024\274\025\245\376"
  39      BD64C941 
  39      B40A8214 
  39      BC15A5FE 
  40 0022 01A24168 		.ascii	"\001\242Ah\300&\245\025\361\326i6\233\"^\352\217\306"
  40      C026A515 
  40      F1D66936 
  40      9B225EEA 
  40      8FC6
  41 0034 1FA84568 		.ascii	"\037\250Ehilm\323\324\252MU\010A\221\036Z\021\364$\210"
  41      696C6DD3 
  41      D4AA4D55 
  41      0841911E 
  41      5A11F424 
  42 0049 B61241A8 		.ascii	"\266\022A\250$\241\242\207&\365\233\335\200\202\012"
  42      24A1A287 
  42      26F59BDD 
  42      80820A
  43 0058 E2C0CECE 		.ascii	"\342\300\316\3167\363\275\357\275\367\315\256\306\300"
  43      37F3BDEF 
  43      BDF7CDAE 
  43      C6C0
  44 0066 D468178C 		.ascii	"\324h\027\214\035\244\367Nz \030\370\360\012c\203\036"
  44      1DA4F74E 
  44      7A2018F8 
  44      F00A6383 
  44      1E
  45 0077 0EA885F4 		.ascii	"\016\250\205\364\200\015p\014\340+\257s\224\206\312"
  45      800D700C 
  45      E02BAF73 
  45      9486CA
  46 0086 05DE3621 		.ascii	"\005\3366!i\274\037\277-d\266\010\213\340[\334\256\304"
  46      69BC1FBF 
  46      2D64B608 
  46      8BE05BDC 
  46      AEC4
  47 0098 308136CA 		.ascii	"0\2016\312z\225\232\275)6\270%\000\215\302\352\362\215"
  47      7A959ABD 
  47      2936B825 
  47      008DC2EA 
  47      F28D
  48 00aa B5800A39 		.ascii	"\265\200\0129Z)\254\313+\231\200\330\007F\353\353\245"
  48      5A29ACCB 
  48      2B9980D8 
  48      0746EBEB 
ARM GAS  /tmp/cceMZyDM.s 			page 3


  48      A5
  49 00bb 91B7FED0 		.ascii	"\221\267\376\320\270\224I)/\236\222^K\010LBP=\334E\020"
  49      B8944929 
  49      2F9E925E 
  49      4B084C42 
  49      503DDC45 
  50 00d0 5904196D 		.ascii	"Y\004\031m1L!D\331S\311O\353B\354\267\221\347\227\352"
  50      314C2144 
  50      D953C94F 
  50      EB42ECB7 
  50      91E797EA 
  51 00e4 6BEE26B2 		.ascii	"k\356&\262\320D\336\373\003r\032!\225\276\232o\214\370"
  51      D044DEFB 
  51      03721A21 
  51      95BE9A6F 
  51      8CF8
  52 00f6 5D2925BC 		.ascii	"])%\274\325\221\213\031\270T\003r]E\271\265eJ\371&r"
  52      D5918B19 
  52      B8540372 
  52      5D45B9B5 
  52      654AF926 
  53 010b 61B70F50 		.ascii	"a\267\017P\010NXM\250I\207\342v\323R\367\250\311K\223"
  53      084E584D 
  53      A84987E2 
  53      76D352F7 
  53      A8C94B93 
  54 011f 8BB10A55 		.ascii	"\213\261\012UP\335\251r\256\336\242\214dm\250\361M\250"
  54      50DDA972 
  54      AEDEA28C 
  54      646DA8F1 
  54      4DA8
  55 0131 A2A6E0A6 		.ascii	"\242\246\340\246\000+\303\254\270\234X\320\326\257m"
  55      002BC3AC 
  55      B89C58D0 
  55      D6AF6D
  56 0140 7141438E 		.ascii	"qAC\216\004\226Q\312@\245\320a\306*\275t\253C\267mo"
  56      049651CA 
  56      40A5D061 
  56      C62ABD74 
  56      AB43B76D 
  57 0155 FECE97EF 		.ascii	"\376\316\227\357>'\224%S\006h\353\322zm!0\212[\203\312"
  57      3E279425 
  57      530668EB 
  57      D27A6D21 
  57      308A5B83 
  58 016a 448B253C 		.ascii	"D\213%<\310\223\321Y\252\243\000\313\357\346\206[\214"
  58      C893D159 
  58      AAA300CB 
  58      EFE6865B 
  58      8C
  59 017b 6999A20B 		.ascii	"i\231\242\013\361b\016\243h\330\227\242jMndE$'S\204"
  59      F1620EA3 
  59      68D897A2 
  59      6A4D6E64 
  59      45242753 
  60 0190 DC6B896D 		.ascii	"\334k\211m\270\017\303\024\272}a\363\210\220>%\266\226"
  60      B80FC314 
ARM GAS  /tmp/cceMZyDM.s 			page 4


  60      BA7D61F3 
  60      88903E25 
  60      B696
  61 01a2 5EB976D4 		.ascii	"^\271v\324\321\353\246S\302-\215-n\372\034\275:\036"
  61      D1EBA653 
  61      C22D8D2D 
  61      6EFA1CBD 
  61      3A1E
  62 01b4 D87ACDCD 		.ascii	"\330z\315\315\364k\315I\3628I\227\307f\012~\225\244"
  62      F46BCD49 
  62      F2384997 
  62      C7660A7E 
  62      95A4
  63 01c6 63171E3A 		.ascii	"c\027\036:I\225\364\307f'\274\212\376\331\213\264\307"
  63      4995F4C7 
  63      6627BC8A 
  63      FED98BB4 
  63      C7
  64 01d7 29033C42 		.ascii	")\003<B\220\240\266\363\017;\232\326\377\335\330v,\330"
  64      90A0B6F3 
  64      0F3B9AD6 
  64      FFDDD876 
  64      2CD8
  65 01e9 C6F0BBB1 		.ascii	"\306\360\273\261\003\226\360\241\240\214\271mc\213\312"
  65      0396F0A1 
  65      A08CB96D 
  65      638BCA
  66 01f8 98D726CA 		.ascii	"\230\327&\312?\257\352\377A\365\330\246\342\177\241"
  66      3FAFEAFF 
  66      41F5D8A6 
  66      E27FA1
  67 0207 7AF293EA 		.ascii	"z\362\223\352\251C\365\031\311\342\325\303\212\310\376"
  67      A943F519 
  67      C9E2D5C3 
  67      8AC8FE
  68 0216 172AA492 		.ascii	"\027*\244\222>\015\302\357\011\207\215\216\356\330\311"
  68      3E0DC2EF 
  68      09878D8E 
  68      EED8C9
  69 0225 D89163C7 		.ascii	"\330\221c\307#\355\341H8b\030\211~\243\373\304i\243"
  69      23EDE148 
  69      38621889 
  69      7EA3FBC4 
  69      69A3
  70 0237 37D177A6 		.ascii	"7\321w\246\337\210&zz\022q\343PWgG\3479#~6\026\015G"
  70      DF88267A 
  70      7A1271E3 
  70      50576747 
  70      E739237E 
  71 024f 19E25A6F 		.ascii	"\031\342Zo_,\361\003;\240\036\265"
  71      5F2CF103 
  71      3BA01EB5 
  72              		.text
  73              		.section	.gnu.lto_nvicDisableVector.87b1dd6d3023c171,"",%progbits
  74 0000 789C8D52 		.ascii	"x\234\215R\315k\023A\024\237\337\314&\335\332&=z0`\301"
  74      CD6B1341 
  74      149FDFCC 
ARM GAS  /tmp/cceMZyDM.s 			page 5


  74      26DDDA26 
  74      3D7A3060 
  75 0015 43E965C7 		.ascii	"C\351e\307=\210\026OR\360V\224\372\007H\015B\0036\021"
  75      3D88164F 
  75      52F05694 
  75      FA07480D 
  75      42033611 
  76 0029 2BE2ADD3 		.ascii	"+\342\255\323n6^\213\265\201\210R\204Jc\264MZ\243\266"
  76      6E365E8B 
  76      B5818852 
  76      844A63B4 
  76      4D5AA3B6 
  77 003d 9E4250C4 		.ascii	"\236BP\304C\025\241\236\004\361\213\034\004%))xh\033"
  77      4315A19E 
  77      04F18B1C 
  77      04252929 
  77      78681B
  78 0050 DFDBF520 		.ascii	"\337\333\365 xq`>\336\360\373xo\336X\002\202\307\230"
  78      7871603E 
  78      DEF0FB78 
  78      6FDE5802 
  78      82C798
  79 0063 146288F6 		.ascii	"\024b\210\366C4\241\004\344\354\033!\246m\011\360\301"
  79      4334A104 
  79      E4EC1B21 
  79      A66D09F0 
  79      C1
  80 0074 D8105312 		.ascii	"\330\020S\022S\330\221{\022\365\033\215\0159\270dh|"
  80      53D8917B 
  80      12F51B8D 
  80      0D39B864 
  80      687C
  81 0086 7AD9386A 		.ascii	"z\3318j\2125\370J\210\216\014\224\004\2260H\250w\331"
  81      8A35F84A 
  81      888E0C94 
  81      04963048 
  81      A877D9
  82 0099 CA1DD596 		.ascii	"\312\035\325\226\276\002,\012[\233\267\277\3069\224"
  82      BE022C0A 
  82      5B9BB7BF 
  82      C63994
  83 00a8 E8A770CF 		.ascii	"\350\247p\317\334\312\307\325\011\010:\027\352\363\037"
  83      DCCAC7D5 
  83      09083A17 
  83      EAF31F
  84 00b7 6203F78D 		.ascii	"b\003\367\215\2311f\356\242\351\366\225B\011\212\364"
  84      993166EE 
  84      A2E9F695 
  84      42098AF4 
  85 00c7 F0000914 		.ascii	"\360\000\011\024\221\020t%\360\020\003\014\377\262\272"
  85      91107425 
  85      F010030C 
  85      FFB2BA
  86 00d6 3F1F8B66 		.ascii	"?\037\213f\331\276?4\305#D\271\214\362h\315t:\2361\005"
  86      D9BE3F34 
  86      C52344B9 
  86      8CF268CD 
ARM GAS  /tmp/cceMZyDM.s 			page 6


  86      743A9E31 
  87 00eb B774C406 		.ascii	"\267t\304\006\230!\211k)^,Z\"B4\211\3015\265\244\344"
  87      9821896B 
  87      295E2C5A 
  87      22423489 
  87      C135B5A4 
  88 0100 5D35E06D 		.ascii	"]5\340m\347\032\205\263,\342)\351)\220\307\353\305\347"
  88      E71A85B3 
  88      2CE229E9 
  88      2990C7EB 
  88      C5E7
  89 0112 BBBD9C6D 		.ascii	"\273\275\234m\004\021,S\002\204\332\315mY!H\205\240"
  89      04112C53 
  89      0284DACD 
  89      6D592148 
  89      85A0
  90 0124 B9C5958D 		.ascii	"\271\305\225\215\030\203,\034\306J\010j\346\276\251"
  90      18832C1C 
  90      C64A086A 
  90      E6BEA9
  91 0133 10C44557 		.ascii	"\020\304EW_\274\312\331\241\014PF\202\250\004\252\347"
  91      5FBCCAD9 
  91      A10C5046 
  91      82A804AA 
  91      E7
  92 0144 3F1F640C 		.ascii	"?\037d\014\001\362~\375m\027\003\242\301KT\357\375\374"
  92      01F27EFD 
  92      6D1703A2 
  92      C14B54EF 
  92      FDFC
  93 0156 D51B86A6 		.ascii	"\325\033\206\246\356\2318]\335\374\261\275\036_\300"
  93      EE99385D 
  93      DDFCB1BD 
  93      1E5FC0
  94 0165 DD69AEB7 		.ascii	"\335i\256\267\317W]X\2457\251\220\033\0236?\256\315"
  94      CF575D58 
  94      A537A990 
  94      1B13363F 
  94      AECD
  95 0177 F6E96593 		.ascii	"\366\351e\223\245\016\330X\303\002\366\203.\260V\251"
  95      A50ED858 
  95      C302F683 
  95      2EB056A9 
  96 0187 5D546ED9 		.ascii	"]Tn\331d\211y\322W\335x\014M\365\005\035\252\302\245"
  96      648979D2 
  96      57DD780C 
  96      4DF5051D 
  96      AAC2A5
  97 019a 04399576 		.ascii	"\0049\225ve\253\245\376$\363\377V\007\360$\260\302\277"
  97      65ABA5FE 
  97      24F3FF56 
  97      07F024B0 
  97      C2BF
  98 01ac 56C77DD5 		.ascii	"V\307}\325\203\247l\025|,<\203\373w\235=\020X'\305\357"
  98      83A76C15 
  98      7C2C3C83 
  98      FB779D3D 
ARM GAS  /tmp/cceMZyDM.s 			page 7


  98      105827C5 
  99 01c1 98A9BD3F 		.ascii	"\230\251\275?\315\306\301\237i\222\0245\203\262;\346"
  99      CDC6C19F 
  99      69921435 
  99      83B23BE6 
 100 01d1 387A783C 		.ascii	"8zx<u!u\346\334yw\310q\035W\353\314\244\036\037\273"
 100      752175E6 
 100      DC7977C8 
 100      711D57EB 
 100      CCA41E1F 
 101 01e6 A42F67AE 		.ascii	"\244/g\256\\\235\324\311\314\304D&\255O\215\216\014"
 101      5C9DD4C9 
 101      CCC44426 
 101      AD4F8D8E 
 101      0C
 102 01f7 8F5CD7E9 		.ascii	"\217\\\327\351k\251\244\223\024H\377\006\025\265\334"
 102      6BA9A493 
 102      1448FF06 
 102      15B5DC
 103 0206 E1       		.ascii	"\341"
 104              		.text
 105              		.section	.gnu.lto_nvicSetSystemHandlerPriority.87b1dd6d3023c171,"",%progbits
 106 0000 789C6D91 		.ascii	"x\234m\221\317k\023A\024\307\347;\263\331\335\012\355"
 106      CF6B1341 
 106      14C7E73B 
 106      B3D9DD0A 
 106      ED
 107 0011 3F600FBD 		.ascii	"?`\017\275\205^v\334\203\2507%\202\247\"\324\233\027"
 107      855E76DC 
 107      83A83725 
 107      82A722D4 
 107      9B17
 108 0023 69D34202 		.ascii	"i\323B\002m\266\244\"\336:\331\315Rz\021Q[T\032z\220"
 108      6DB6A422 
 108      DE3AD9CD 
 108      527A1151 
 108      5B541A7A 
 109 0038 D25FD6B4 		.ascii	"\322_\326\264\352%X$\004\004{P\361\352I-\254(VR\321"
 109      EA255824 
 109      04047B50 
 109      F1EA492D 
 109      AC285652 
 110 004d 631ADFDB 		.ascii	"c\032\337\333V\360\340\300\354\2337\357}\336~\337<K"
 110      56F0E0C0 
 110      EC9B37EF 
 110      7DDE7EDF 
 110      3C4B
 111 005f 40F0FA4A 		.ascii	"@\360\372J\346\"\331\223\264\241\004\344\355\267BT\\"
 111      E622D993 
 111      B4A104E4 
 111      EDB74254 
 111      5C
 112 0070 09F0C1B8 		.ascii	"\011\360\301\270\0203\0223\370-;\022\255\331\244!\007"
 112      10331233 
 112      F82D3B12 
 112      ADD9A421 
 112      07
ARM GAS  /tmp/cceMZyDM.s 			page 8


 113 0081 570CAD8F 		.ascii	"W\014\255\217\257~\2342\253M\304J\210\256L+\011\254"
 113      AF7E9C32 
 113      AB4DC44A 
 113      88AE4C2B 
 113      09AC
 114 0093 6090B2DE 		.ascii	"`\220\262\336W\267\026\325/\031+\300\"\367\340\315\303"
 114      57B716D5 
 114      2F192BC0 
 114      22F7E0CD 
 114      C3
 115 00a4 BD3E7625 		.ascii	"\275>v%\006\310\215\356\276\334q\325Y\010:\357\233\335"
 115      06C88DEE 
 115      BEDC71D5 
 115      59083AEF 
 115      9BDD
 116 00b6 8A9D5D36 		.ascii	"\212\235]6&4\2461nzb\245\260\016E\365\260\206~\254\242"
 116      2634A631 
 116      6E7A62A5 
 116      B00E45F5 
 116      B0867EAC 
 117 00cb 5FD095C0 		.ascii	"_\320\225\300\006\262\224\275\021~\331W\352|J\316\355"
 117      06B294BD 
 117      117ED957 
 117      EA7C4ACE 
 117      ED
 118 00dc 76F69C63 		.ascii	"v\366\234c\262sL>\376\017\271\211,\247\177\336>\234"
 118      B2734C3E 
 118      FE0FB989 
 118      2CA77FDE 
 118      3E9C
 119 00ee EFB5AB2C 		.ascii	"\357\265\253,|`\356\257b<\201\315oP\037n\232n72\346"
 119      7C60EEAF 
 119      623C81CD 
 119      6F501F6E 
 119      9A6E3732 
 120 0103 81FDE216 		.ascii	"\201\375\342\026\034\200)I\274\245\370\223\001\377_"
 120      1C802949 
 120      BCA5F893 
 120      01FF5F
 121 0112 883631FC 		.ascii	"\21061\374$\007R\262U\011\302\237\263\311\342U.\023"
 121      240752B2 
 121      5509C29F 
 121      B3C9E255 
 121      2E13
 122 0124 29192988 		.ascii	")\031)\210\004Q\333>\362\025]\375\373\026\031X\250\223"
 122      0451DB3E 
 122      F2155DFD 
 122      FB161958 
 122      A893
 123 0136 AA04AD05 		.ascii	"\252\004\255\005p\012\005\027\342\326;\207\203v\332"
 123      700A0517 
 123      E2D63B87 
 123      8376DA
 124 0145 53A5B173 		.ascii	"S\245\261s/s\344\232\017\221\351c\374~\370\311]B\255"
 124      2F73E49A 
 124      0F91E963 
 124      FC7EF8C9 
ARM GAS  /tmp/cceMZyDM.s 			page 9


 124      5D42AD
 125 0158 C2CA7B63 		.ascii	"\302\312{c\345`\233\272\333\242:\014|\237\177\275~B"
 125      E5609BBA 
 125      DBA23A0C 
 125      7C9F7FBD 
 125      7E42
 126 016a 6F9A2A4D 		.ascii	"o\232*M\301\305S,\3410\235\004\205\036\335\251\345\374"
 126      C1C5532C 
 126      E1309D04 
 126      851EDDA9 
 126      E5FC
 127 017c BAA91278 		.ascii	"\272\251\022x&V=x\006\035\251L:\244\347\360I\236\370"
 127      26563D78 
 127      061DA94C 
 127      3AA4E7F0 
 127      499EF8
 128 018f 86B059BB 		.ascii	"\206\260Y\273\304J\322\331\265%\270+\342O{\236\316\025"
 128      C44AD2D9 
 128      B525B82B 
 128      E24F7B9E 
 128      CE15
 129 01a1 8AA3C5CB 		.ascii	"\212\243\305\313W\256\371\347<\337\363\265\016\246u"
 129      57AEF9E7 
 129      3CDFF3B5 
 129      0EA675
 130 01b0 6164424F 		.ascii	"adBO\005\345\353\323:\037LN\006%}ax(7tS\227n\024\363"
 130      05E5EBD3 
 130      3A1F4C4E 
 130      06257D61 
 130      78283774 
 131 01c9 5E5E3885 		.ascii	"^^8\205\221\322\330\304x\331\232*\027\203?&\203\265"
 131      91D2D8C4 
 131      78D99A2A 
 131      17833F26 
 131      83B5
 132 01db 9B       		.ascii	"\233"
 133              		.text
 134              		.section	.gnu.lto_nvicClearPending.87b1dd6d3023c171,"",%progbits
 135 0000 789C2551 		.ascii	"x\234%Q\317k\023Q\020~\337\233\3354\205&\375\003\014"
 135      CF6B1351 
 135      107EDF9B 
 135      DD348526 
 135      FD030C
 136 0013 58F0508A 		.ascii	"X\360P\212\260\317=\010\026O\322\203\247\242\324?@4"
 136      B0CF3D08 
 136      164FD283 
 136      A7A2D43F 
 136      4034
 137 0025 080DD844 		.ascii	"\010\015\330D\254\210\267\276f\263\351\265\376hD\261"
 137      AC88B7BE 
 137      66B3E9B5 
 137      FE6844B1 
 138 0035 14A1A5B1 		.ascii	"\024\241\245\261\332\246\255\036\254\247\260x\361P\245"
 138      DAA6AD1E 
 138      ACA7B078 
 138      F150A5
 139 0044 E04D1051 		.ascii	"\340M\020Q(\"*i\210\350\241M\234\331}\360\336\314||"
ARM GAS  /tmp/cceMZyDM.s 			page 10


 139      28222A69 
 139      88E8A14D 
 139      9CD97DF0 
 139      DECC7C7C 
 140 0058 F3CDCC1B 		.ascii	"\363\315\314\033GA\311\371\311f\224\3551\276 \005=\377"
 140      4741C9F9 
 140      C96694ED 
 140      31BE2005 
 140      3DFF
 141 006a 5EA9D9B4 		.ascii	"^\251\331\264\006\304\261i\250\031\215\031\374\321G"
 141      06C4B169 
 141      A8198D19 
 141      FCD147
 142 0079 1AD1DCFE 		.ascii	"\032\321\334\376\216\036Y\265|\276\254\374=e\353M\204"
 142      8E1E59B5 
 142      7CBEACFC 
 142      3D65EB4D 
 142      84
 143 008a A4544FC7 		.ascii	"\244TO\307J\012\253\030a\326^e\363\011utH\200\303\341"
 143      4A0AAB18 
 143      61D65E65 
 143      F3097574 
 143      4880C3E1 
 144 009e C1EEE36F 		.ascii	"\301\356\343oY\0115\2068<\262\017jY:\003\305\376\243"
 144      59093586 
 144      383CB20F 
 144      6A593A03 
 144      C5FEA3
 145 00b1 68E15366 		.ascii	"h\341Sfx\305\332\262\265w\257\331\376\220\010k \326"
 145      78C5DAB2 
 145      B577AFD9 
 145      FE90086B 
 145      20D6
 146 00c3 C333E450 		.ascii	"\3033\344PGN1\244\360\034\303B\377\272\325]\310\244"
 146      474E31A4 
 146      F01CC342 
 146      FFBAD55D 
 146      C8A4
 147 00d5 2A527E28 		.ascii	"*R~()\212\027H\311\030\215\211\246\355\365\002k\037"
 147      298A1748 
 147      C9188D89 
 147      A6EDF502 
 147      6B1F
 148 00e7 FADF4FA4 		.ascii	"\372\337O\244\001\311\320\234\353\220<\016?\256+\236"
 148      01C9D09C 
 148      EB903C0E 
 148      3FAE2B9E 
 149 00f7 522D4E93 		.ascii	"R-N\223\301\016\264\026K\373\010\332\325\356\342EQ\012"
 149      C10EB416 
 149      4BFB08DA 
 149      D5EEE245 
 149      510A
 150 0109 4807042E 		.ascii	"H\007\004.\364n\371\315\341\200\264\354\302\305:w\301"
 150      F46EF9CD 
 150      E180B4EC 
 150      C2C53A77 
 150      C1
ARM GAS  /tmp/cceMZyDM.s 			page 11


 151 011a ACC3EA5B 		.ascii	"\254\303\352['!QB\272\277\274\261\223\021\222\203\343"
 151      27215142 
 151      BABFBCB1 
 151      93119283 
 151      E3
 152 012b D84848AD 		.ascii	"\330HH\255\352GJH\016N\346\230\312`\271=\327\321\011"
 152      EA474A48 
 152      0E4EE698 
 152      CA60B93D 
 152      D7D109
 153 013e E832CE48 		.ascii	"\3502\316HT\203\304\254Q\013\243\017}\242\221\212\377"
 153      5483C4AC 
 153      510BA30F 
 153      7DA2918A 
 153      FF
 154 014f E3D5D3DF 		.ascii	"\343\325\323\337\377\006\222\320F\201\3152t\357W\373"
 154      FF0692D0 
 154      4681CD32 
 154      74EF57FB 
 155 015f 7576098B 		.ascii	"uv\011\213\2632\365`H}\330\344\237ip9I\330\375\274="
 155      B332F560 
 155      487DD8E4 
 155      9F697039 
 155      49D8FDBC 
 156 0174 3F68D66D 		.ascii	"?h\326m\205\367\220\306\026\226\320\215w!Zk\235:\371"
 156      85F790C6 
 156      1696D08D 
 156      77215A6B 
 156      9D3AF9
 157 0187 0D5BE1CC 		.ascii	"\015[\341\314\263!\365c\033\206\007\214\367\364\022"
 157      B321F563 
 157      1B86078C 
 157      F7F412
 158 0196 3E37A37E 		.ascii	">7\243~\240\334\334;/\255\304\353ki\310\2270\345\264"
 158      A0DCDC3B 
 158      2FADC4EB 
 158      6B69C897 
 158      30E5B4
 159 01a9 E799B1C9 		.ascii	"\347\231\261\311\302\325\302\205K\227\375Q\317\367|"
 159      C2D5C285 
 159      4B97FD51 
 159      CFF77C
 160 01b8 634AD366 		.ascii	"cJ\323f\362\312us\243t\363\326\264\311\227\246\246J"
 160      F2CA7573 
 160      A374F3D6 
 160      B4C997A6 
 160      A64A
 161 01ca 45736E62 		.ascii	"Esnb|l\374\216)\336.\344\275\274B\361?\324\013\263\230"
 161      7C6CFC8E 
 161      29DE2EE4 
 161      BDBC42F1 
 161      3FD40BB3 
 162              		.text
 163              		.section	.gnu.lto_.symbol_nodes.87b1dd6d3023c171,"",%progbits
 164 0000 789C6361 		.ascii	"x\234ca`d\360b\000\002\246\023L\365\014\014\023\316"
 164      6064F062 
 164      0002A613 
ARM GAS  /tmp/cceMZyDM.s 			page 12


 164      4CF50C0C 
 164      13CE
 165 0012 313000A9 		.ascii	"10\000\251U\015\212@\221\223L\365\214\250\"\247\230"
 165      550D8A40 
 165      91934CF5 
 165      8CA822A7 
 165      98
 166 0023 EA995045 		.ascii	"\352\231PEN3\3253\243\2100\000\000\305J\022("
 166      4E33D533 
 166      A3883000 
 166      00C54A12 
 166      28
 167              		.text
 168              		.section	.gnu.lto_.refs.87b1dd6d3023c171,"",%progbits
 169 0000 789C6361 		.ascii	"x\234ca`\004B \000\000\0009\000\007"
 169      60044220 
 169      00000039 
 169      0007
 170              		.text
 171              		.section	.gnu.lto_.decls.87b1dd6d3023c171,"",%progbits
 172 0000 789CBD58 		.ascii	"x\234\275X}PT\327\025\337\373\356\002\313\262\240A\322"
 172      7D5054D7 
 172      15DFFBEE 
 172      02CBB2A0 
 172      41D2
 173 0012 381D3AE3 		.ascii	"8\035:\343d\314\204\231\266\254\306d\232v:m\310\252"
 173      64CC8499 
 173      B6ACC664 
 173      9A763A6D 
 173      C8AA
 174 0024 953F4C98 		.ascii	"\225?L\230\3058\323d&\004\221T:\212)`\033\377\352CV"
 174      C538D364 
 174      26049154 
 174      3A8A2960 
 174      1BFFEA43 
 175 0039 A368CC22 		.ascii	"\243h\314\"\010\012((\010*\250 \010\010\002\213\012"
 175      080A2828 
 175      082AA820 
 175      0808028B 
 175      0A
 176 004a 82022A8A 		.ascii	"\202\002*\212\210\310\207(\210\012\010\342\027\010\332"
 176      88C88728 
 176      880A08E2 
 176      1708DA
 177 0059 733FDEBE 		.ascii	"s?\336\276\307s\327\346\217N\237\236}{\356\375\335s"
 177      C773D7E6 
 177      8F4E9F9E 
 177      7D7BEEFD 
 177      DD73
 178 006b 7FF79C7B 		.ascii	"\177\367\234{\317=\254V\2034\3449;[\243\371\203\240"
 178      CF3DAC56 
 178      8334E439 
 178      3B5BA3F9 
 178      83A0
 179 007d D1EC02F5 		.ascii	"\321\354\002\365\025<.\320\266\\#?Z\220R\220\012\220"
 179      153C2ED0 
 179      B65C233F 
ARM GAS  /tmp/cceMZyDM.s 			page 13


 179      5A905290 
 179      0A90
 180 008f 4A906ACD 		.ascii	"J\220j\315\353\017\351\367\344\343\274A|@\216\203\370"
 180      EB0FE9F7 
 180      E4E3BC41 
 180      7C408E83 
 180      F8
 181 00a0 82BC0FF2 		.ascii	"\202\274\017\3629\310[`\177&\310u\370\336\0062\000r"
 181      39C85B60 
 181      7F26C875 
 181      F8DE0632 
 181      0072
 182 00b2 17048308 		.ascii	"\027\004\203\010\320\356\001\342\012\202\270=\365C\346"
 182      D0EE01E2 
 182      0A82B83D 
 182      F543E6
 183 00c1 37389843 		.ascii	"78\230Cm_\262+\315#\220q\210\315\201\270\035\365C\326"
 183      6D5FB22B 
 183      CD239071 
 183      88CD81B8 
 183      1DF543D6 
 184 00d5 A577C29F 		.ascii	"\245w\302\237\330^\001\003\277\001\371\023b6\211\235"
 184      D85E0103 
 184      BF01F913 
 184      6236899D 
 185 00e5 BF727B95 		.ascii	"\277r{\225\\\377\007\232n\263\332\211M\3027\310\001"
 185      5CFF079A 
 185      6EB3DA89 
 185      4DC237C8 
 185      01
 186 00f6 5F32DC83 		.ascii	"_2\334\203\333t\344\343)\001\035n\311\337\346\331\201"
 186      DB74E4E3 
 186      29011D6E 
 186      C9DFE6D9 
 186      81
 187 0107 DA11D220 		.ascii	"\332\021\322 4\023!\216&\203\021\373\306\233\020S\004"
 187      3413218E 
 187      268311FB 
 187      C69B1053 
 187      04
 188 0118 0DB7CB50 		.ascii	"\015\267\313Pv\202\210\376\203\377\002\305#E\3074\034"
 188      768288FE 
 188      83FF02C5 
 188      2345C734 
 188      1C
 189 0129 DD0FF491 		.ascii	"\335\017\364\221\233\220\375\221\220h\272QD=-\251\240"
 189      9B90FD91 
 189      9068BA51 
 189      443D2DA9 
 189      A0
 190 013a 0BF20085 		.ascii	"\013\362\000\205=\316\236\317\217\224\323R\323XZt\332"
 190      3DCE9ECF 
 190      8F94D352 
 190      D3585A74 
 190      DA
 191 014b D5DE2C01 		.ascii	"\325\336,\001\203M\370\336=~p\261\177\276\010\217U\024"
 191      834DF8DE 
ARM GAS  /tmp/cceMZyDM.s 			page 14


 191      3D7E70B1 
 191      7FBE088F 
 191      5514
 192 015d 855FCB9E 		.ascii	"\205_\313\236\351\254?\224\207\037\013\350}=\"\346g"
 192      E9AC3F94 
 192      871F0BE8 
 192      7D3D22E6 
 192      67
 193 016e 40D3B1C1 		.ascii	"@\323\261\301\223\343\236\254\211 Z~z\224\355\206}\351"
 193      93E39EAC 
 193      89205A7E 
 193      7A94ED86 
 193      7DE9
 194 0180 F7CB9682 		.ascii	"\367\313\226\202t\202\366\326#-\250\243M\251\267\275"
 194      7482F6D6 
 194      232DA8A3 
 194      4DA9B7BD 
 195 0190 40F5D1A3 		.ascii	"@\365\321\2439S\202\220\227\360\240\305\035\371\351"
 195      39538290 
 195      97F0A0C5 
 195      1DF9E9
 196 019f 73C83C3D 		.ascii	"s\310<=\031\007\014'Eq&*@z\224\2170:\204\374\011\305"
 196      19070C27 
 196      4571262A 
 196      407A948F 
 196      303A84FC 
 197 01b5 F7496837 		.ascii	"\367Ih7\213\342\006\321\032'z/\321\240\243\310\027\035"
 197      8BE206D1 
 197      1A277A2F 
 197      D1A0A3C8 
 197      171D
 198 01c7 41BE1A74 		.ascii	"A\276\032t\014\371\2219\011\016\345A\343ah\204I\016"
 198      0CF99139 
 198      090EE541 
 198      E3616884 
 198      490E
 199 01d9 6527EC77 		.ascii	"e'\354w\305_\220\371\205\303G/\326\271!\275\237\303"
 199      C55F90F9 
 199      85C3472F 
 199      D6B921BD 
 199      9FC3
 200 01eb F1450EC6 		.ascii	"\361E\016\3063*S\233>\314'T\216\003\225B\231\0120cN"
 200      332A539B 
 200      3ECC2754 
 200      8E039542 
 200      990A3063 
 201 0200 B87566A7 		.ascii	"\270uf\247\350\245\205\240S\304\012-i+\314,\353\022"
 201      E8A585A0 
 201      53C40A2D 
 201      692BCC2C 
 201      EB12
 202 0212 EC6DC588 		.ascii	"\354m\305\2106\226\376\270m\010\315N\246~\214\023\347"
 202      3696FEB8 
 202      6D08CD4E 
 202      A67E8C13 
 202      E7
 203 0223 68D1F25F 		.ascii	"h\321\362_\330\347\327\240\022\004\031\001\235@Zf\265"
ARM GAS  /tmp/cceMZyDM.s 			page 15


 203      D8E7D7A0 
 203      12041901 
 203      9D405A66 
 203      B5
 204 0234 BCBCA34A 		.ascii	"\274\274\243J\367n\246\230Y \366$\236\377cr\234X\017"
 204      F76EA698 
 204      5920F624 
 204      9EFF6372 
 204      9C580F
 205 0247 E3E61018 		.ascii	"\343\346\020\030:(\263\200\257\344\225\213: \232\245"
 205      3A28B380 
 205      AFE4958B 
 205      3A209AA5 
 206 0257 E85D18D9 		.ascii	"\350]\030\331\332U9\202q)B\316\310]\272U\226fp\312\243"
 206      DA553982 
 206      712942CE 
 206      C85DBA55 
 206      966670CA 
 207 026c 9CF23829 		.ascii	"\234\3628)\361H\177\272\261\331\235\361\260\025\327"
 207      F1487FBA 
 207      B1D99DF1 
 207      B015D7
 208 027b 19446BAC 		.ascii	"\031Dk\254(~B@\250LfQ\246dQAY\024>\177\020\207q\003"
 208      287E4240 
 208      A84C6651 
 208      A6645141 
 208      59143E7F 
 209 0293 639171BE 		.ascii	"c\221q\276bT\317\215<\266\033!K9%\0339\2454RI\215T\346"
 209      6254CF8D 
 209      3CB61B21 
 209      4B39251B 
 209      39A53452 
 210 02ab A604E27E 		.ascii	"\246\004\342~f\2433\263\263\017q\033\345\347\224D\252"
 210      66A333B3 
 210      B30F711B 
 210      E5E79444 
 210      AA
 211 02bc 641B554A 		.ascii	"d\033UJ\033\325\324F~kF\205\201\355:\321\227l\273\232"
 211      1BD5D446 
 211      7E6B4685 
 211      81ED3AD1 
 211      976CBB9A 
 212 02d0 1F8AB93E 		.ascii	"\037\212\271>\342\006z\322\221\333\245\210\351V\037"
 212      E2067AD2 
 212      91DBA588 
 212      E9561F
 213 02df D0075A73 		.ascii	"\320\007ZsS=\331\266\024\367!h\33039i\321\342g\334\237"
 213      533DD9B6 
 213      14F72168 
 213      D8333969 
 213      D1E267DC 
 214 02f4 D75E5EE0 		.ascii	"\327^^\340{8\316\005\364\2039\365G\335\365\233\271/"
 214      7B38CE05 
 214      F48339F5 
 214      47DDF59B 
 214      B92F
 215 0306 BD97900E 		.ascii	"\275\227\220\016\331\227ud\217 \243/\252e\273q\313\223"
ARM GAS  /tmp/cceMZyDM.s 			page 16


 215      D9977564 
 215      8F20A32F 
 215      AA65BB71 
 215      CB93
 216 0318 A6DD7A6F 		.ascii	"\246\335zo+?I\237hiP\316\000\3744\205\237C\336\322 "
 216      2B3F499F 
 216      686950CE 
 216      00FC3485 
 216      9F43DED2 
 217 032d 82BE73E0 		.ascii	"\202\276s\340N\246;g\356\012\372\246\204\336,/\316\234"
 217      4EA63B67 
 217      EE0AFAA6 
 217      84DE2C2F 
 217      CE9C
 218 033f 10BB94B0 		.ascii	"\020\273\224\260-Q\313\231\222\243\267\275-\341\317"
 218      2D51CB99 
 218      92A3B7BD 
 218      2DE1CF
 219 034e 38961DD9 		.ascii	"8\226\035\331\353\205\211\005.\014\373\220`\247\312"
 219      EB858905 
 219      2E0CFB90 
 219      60A7CA
 220 035d CBCAF44E 		.ascii	"\313\312\364Ny6I<\033\031\317c\033\357\034\322\301h"
 220      7936493C 
 220      1B19CF63 
 220      1BEF1CD2 
 220      C168
 221 036f 5F38D748 		.ascii	"_8\327Hq\250}\331\241.\266\215\035\321b\013\235I\270"
 221      71A87DD9 
 221      A12EB68D 
 221      1DD1620B 
 221      9D49B8
 222 0382 5CD45EAB 		.ascii	"\\\324^\2538\267O\002\342D\021\241\026X\330%9.\276\366"
 222      38B74F02 
 222      E24411A1 
 222      1658D825 
 222      392EBEF6 
 223 0396 733BB25F 		.ascii	"s;\262_t\235\255A\013|\321<8u\227\341\324\371\362Sw"
 223      749DAD41 
 223      0B7CD13C 
 223      387597E1 
 223      D4F9F253 
 224 03ab 11E834F3 		.ascii	"\021\3504\363S\233q\360\254'\336\316&\030Jz\260\031"
 224      539B71F0 
 224      AC27DECE 
 224      26184A7A 
 224      B019
 225 03bd DB2798DA 		.ascii	"\333'\230\332\344\233GNc+LpE\236\240\0059\231\341\252"
 225      E49B474E 
 225      632B4C70 
 225      459EA005 
 225      3999E1AA 
 226 03d1 E31932C6 		.ascii	"\343\0312\306[/\316\220#\201\250\275\363\320\337@\035"
 226      5B2FCE90 
 226      2381A8BD 
 226      F3D0DF40 
 226      1D
ARM GAS  /tmp/cceMZyDM.s 			page 17


 227 03e2 728D46A2 		.ascii	"r\215F\242I\212\304\276-EV\352\275\270\237g\375\332"
 227      498AC4BE 
 227      2D4556EA 
 227      BDB89F67 
 227      FDDA
 228 03f4 D5E3E31E 		.ascii	"\325\343\343\036J\353mo\262^\322\235\264\205\357\310"
 228      4AEB6D6F 
 228      B25ED29D 
 228      B485EFC8 
 229 0404 4C9218CB 		.ascii	"L\222\030\313;Gm\036L\357!\336\037\037\334\325\252\343"
 229      3B476D1E 
 229      4CEF21DE 
 229      1F1FDCD5 
 229      AAE3
 230 0416 71F602FD 		.ascii	"q\366\002\375\314X\372\250\001'\263@\237\356\250\334"
 230      CC58FAA8 
 230      0127B340 
 230      9FEEA8DC 
 231 0426 CC03FD3B 		.ascii	"\314\003\375;P7\014>L\361t\032\347.)\316\235\214\347"
 231      50370C3E 
 231      4CF1741A 
 231      E72E29CE 
 231      9D8CE7
 232 0439 DEF63DA3 		.ascii	"\336\366=\243X\275\037;\000~\203\302\273)\317.\211g"
 232      58BD1F3B 
 232      007E83C2 
 232      BB29CF2E 
 232      8967
 233 044b CAD0F82F 		.ascii	"\312\320\370/\371vT\346oo\232\277\321\321\201\352t="
 233      F97654E6 
 233      6F6F9ABF 
 233      D1D181EA 
 233      743D
 234 045d 67291096 		.ascii	"g)\020\226W\322\362\334p&c\3718~\3433~l\310\231\033"
 234      57D2F2DC 
 234      702663F9 
 234      387EE333 
 234      7E6CC899 
 235 0472 3AF9B2D0 		.ascii	":\371\262\320\303)\313>\211\345\035\306\262\366x_\242"
 235      C329CB3E 
 235      89E51DC6 
 235      B2F6785F 
 235      A2
 236 0483 41CDB217 		.ascii	"A\315\262\027\340\267(\274\237\262\354\263\247\343K"
 236      E0B728BC 
 236      9FB2ECB3 
 236      A7E34B
 237 0492 27447716 		.ascii	"'Dw\026\253\237\223\343a\304\205\027c\207]\225\366\357"
 237      AB9F93E3 
 237      61C48517 
 237      63875D95 
 237      F6EF
 238 04a4 BEC9FEB3 		.ascii	"\276\311\376\263\222\027\035|\331\231\230x\274\242="
 238      92171D7C 
 238      D9999878 
 238      BCA23D
 239 04b3 61068F96 		.ascii	"a\006\217\226\362\324\372\360S\033;P\360\003\306\007"
ARM GAS  /tmp/cceMZyDM.s 			page 18


 239      F2D4FAF0 
 239      531B3B50 
 239      F003C607 
 240 04c3 981FC652 		.ascii	"\230\037\306R6n\3211\360;\240Z\256N\324\350\234\372"
 240      366ED131 
 240      F03BA05A 
 240      AE4ED4E8 
 240      9CFA
 241 04d5 6158F2C3 		.ascii	"aX\362\303\020\343\331o\333\231\255U\373\341\001\300"
 241      10E3D96F 
 241      DB99AD55 
 241      FBE101C0 
 242 04e5 EF53F843 		.ascii	"\357S\370C\312sX\342Y\\9z@\312\036\204g_^o\226\036\037"
 242      CA7358E2 
 242      595C397A 
 242      40CA1E84 
 242      675F5E6F 
 243 04fc 633C0EDB 		.ascii	"c<\016\333\266\326\363xd\222`\275J\033\331c\300\305"
 243      B6D6F378 
 243      649260BD 
 243      4A1BD963 
 243      C0C5
 244 050e AC538AA4 		.ascii	"\254S\212\2447\217\344\305{%\205\002\256b\235S\335V"
 244      378FE4C5 
 244      7B258502 
 244      AE629D53 
 244      DD56
 245 0520 AB1B1F49 		.ascii	"\253\033\037I6gw{k\241\001\237a\235%\375\015u\322H\322"
 245      3667777B 
 245      6BA1019F 
 245      619D25FD 
 245      0D75D248 
 246 0535 B9E558EF 		.ascii	"\271\345X\357V\027\334\310:ou\336\215\367\302\227\231"
 246      5617DCC8 
 246      3A6F75DE 
 246      8DF7C297 
 246      99
 247 0546 72AE6EC3 		.ascii	"r\256n\303\337q\007\373~\341\266\3457l\220\205$\350"
 247      DF7107FB 
 247      7EE1B6E5 
 247      376C9085 
 247      24E8
 248 0558 DAECC20C 		.ascii	"\332\354\302\014\314\034\230I\367\177QM|\334\014\334"
 248      CC1C9849 
 248      F77F514D 
 248      7CDC0CDC 
 249 0568 43C133CE 		.ascii	"C\3013\316\326n\311Fh\256\364\370\315\235\005\237\373"
 249      D66EC946 
 249      68AEF4F8 
 249      CD9D059F 
 249      FB
 250 0579 696A486B 		.ascii	"ijHk\013\3179\000\276\011%\211\024\235\205\344\020/"
 250      0BCF3900 
 250      BE092589 
 250      149D85E4 
 250      102F
 251 058b CCB2A757 		.ascii	"\314\262\247WTC\2754\237\024\227\024o{\371%\301\202"
ARM GAS  /tmp/cceMZyDM.s 			page 19


 251      5443BD34 
 251      9F149714 
 251      6F7BF925 
 251      C182
 252 059d DBD020C7 		.ascii	"\333\320 \307J\316D\367\224XK\234h\333\325a `\2623^"
 252      4ACE44F7 
 252      94584B9C 
 252      68DBD561 
 252      2060B233 
 253 05b2 72B07D5B 		.ascii	"r\260}[\331\246\201cE[\322Wb\3017\350:\030\276\300\261"
 253      D9A68163 
 253      455BD257 
 253      62C137E8 
 253      3A18BEC0 
 254 05c7 D2D947F5 		.ascii	"\322\331G\365j\022\023v\022cj\022\217\324v\255_\021"
 254      6A121376 
 254      12636A12 
 254      8FD476AD 
 254      5F11
 255 05d9 EC00606F 		.ascii	"\354\000`os\254\264K!Q\250\354>\262\333\235P\333\275"
 255      73ACB44B 
 255      2151A8EC 
 255      3EB2DB9D 
 255      50DBBD
 256 05ec A5B63BF2 		.ascii	"\245\266;\362\245d\367\205\332\256Qev\007\245\000\211"
 256      A564F785 
 256      DAAE5165 
 256      7607A500 
 256      89
 257 05fd 01DDE450 		.ascii	"\001\335\344P)]@}l\307\322Tm\353\274a\020E\035\001i"
 257      295D407D 
 257      6CC7D254 
 257      6DEBBC61 
 257      10451D01 
 258 0612 789AD6D8 		.ascii	"x\232\326\330\247\034O}\033>-\230\316\372D=\353c\331"
 258      A71C4F7D 
 258      1B3E2D98 
 258      CEFA443D 
 258      EB63D9
 259 0625 5402DFEE 		.ascii	"T\002\337\356\"\024$h\012\000\223\264\217\300\301&\332"
 259      22142468 
 259      0A0093B4 
 259      8FC0C126 
 259      DA
 260 0636 2CF8A14D 		.ascii	",\370\241M\302\\\264\021d\033\310\217 [@\342@\266\202"
 260      C25CB411 
 260      641BC88F 
 260      205B40E2 
 260      40B682
 261 0649 88201690 		.ascii	"\210 \026\220\037@6\200\274BsQ\2540W\301d\322\276\370"
 261      1F403680 
 261      BC427351 
 261      AC3057C1 
 261      64D2BEF8 
 262 065d 51358D11 		.ascii	"Q5\215\021\265\243\036\333\261\343j\354su\000\236\332"
 262      B5A31EDB 
 262      B1E36AEC 
ARM GAS  /tmp/cceMZyDM.s 			page 20


 262      7375009E 
 262      DA
 263 066e 03F04C1D 		.ascii	"\003\360L\035\200\2472\026\266\367\313k\335\260W\017"
 263      80A73216 
 263      B6F7CB6B 
 263      DDB0570F 
 264 067e 617AD9B5 		.ascii	"az\331\265\336\333\231\212\220\337,\346\301\2644\201"
 264      DEDB998A 
 264      90DF2CE6 
 264      C1B43481 
 265 068e 78D00A83 		.ascii	"x\320\012\203\267\013\366\273\2168\324\211c\320O\340"
 265      B70BF6BB 
 265      8E38D489 
 265      63D04FE0 
 266 069e 8FFF856F 		.ascii	"\217\377\205o\200WfN\354\0042\304\333\213eJC\316N\011"
 266      8057664E 
 266      EC0432C4 
 266      DB8B654A 
 266      43CE4E09 
 267 06b2 8281FED5 		.ascii	"\202\201\376\325\000oRe5\235\273\311\023\312frf_\335"
 267      006F5265 
 267      359DBBC9 
 267      13CA6672 
 267      665FDD
 268 06c5 6BCFE2D9 		.ascii	"k\317\342\331g\204\030\033\235\334S\312u\037E\026\361"
 268      6784181B 
 268      9DDC53CA 
 268      751F4516 
 268      F1
 269 06d6 E159A46D 		.ascii	"\341Y\244m\327\251F\347\345I\262\300\023\341\021\226"
 269      D7A946E7 
 269      E549B2C0 
 269      13E11196 
 270 06e6 08279F9E 		.ascii	"\010'\237\236\230tQ'\302\235\202/J\022\010<E\360\226"
 270      98745127 
 270      C29D822F 
 270      4A12083C 
 270      45F096
 271 06f9 0611F489 		.ascii	"\006\021\364\211\226\266\247\356\270\210\372\027]\271"
 271      96B6A7EE 
 271      B888FA17 
 271      5DB9
 272 0707 983FA897 		.ascii	"\230?\250\227n\007\353\317\271\035\342&.[\246\335>\273"
 272      6E07EBCF 
 272      B91DE226 
 272      2E5BA6DD 
 272      3EBB
 273 0719 85374C76 		.ascii	"\2057Lv\245\177\237\205\337\345\227\350\337?#\215{\370"
 273      A57F9F85 
 273      DFE597E8 
 273      DF3F238D 
 273      7BF8
 274 072b 5D3E5391 		.ascii	"]>S\221 }x\202\254\250ki@\270\214q;\375\250 \227\217"
 274      207D7882 
 274      ACA86B69 
 274      40B88C71 
 274      3BFDA820 
ARM GAS  /tmp/cceMZyDM.s 			page 21


 275 0741 25093BA5 		.ascii	"%\011;\245\253d\334\340\324'\231\222O2\004Js\327\206"
 275      AB64DCE0 
 275      D4279992 
 275      4F32044A 
 275      73D786
 276 0754 ECDCD72E 		.ascii	"\354\334\327.\207=@3\235\322\334GifJ4-7kr^[\224S\364"
 276      873D4033 
 276      9DD2DC47 
 276      69664A34 
 276      2D376B72 
 277 076d D6DA1375 		.ascii	"\326\332\023u<\270\365\364\"zYt\336\015W2\326\211;\236"
 277      3CB8F5F4 
 277      227A5974 
 277      DE0D5732 
 277      D6893B9E 
 278 0781 9FD7E11A 		.ascii	"\237\327\341\032\246\224\016\347\225z2\244\215\350\251"
 278      A6940EE7 
 278      957A32A4 
 278      8DE8A9
 279 0790 158FCFF3 		.ascii	"\025\217\317\363\352D\247\350\366\341\335cy#\007\\q"
 279      EA44A7E8 
 279      F6E1DD63 
 279      7923075C 
 279      71
 280 07a1 2D1BDB98 		.ascii	"-\033\333\230\223\025\353\274\224>,\255w\036]n|\325"
 280      9315EBBC 
 280      943E2CAD 
 280      771E5D6E 
 280      7CD5
 281 07b3 A3BD882F 		.ascii	"\243\275\210/\300&-\367 , \227. \217.\340\260\264\200"
 281      C0262DF7 
 281      202C2097 
 281      2E208F2E 
 281      E0B0B480 
 282 07c7 AAC4DC44 		.ascii	"\252\304\334D7%\232,\327"
 282      37259A2C 
 282      D7
 283 07d0 29FA607F 		.ascii	")\372`\177\372v\036\207\217\211g\307\367\335\367\304"
 283      FA761E87 
 283      8F8967C7 
 283      F7DDF7C4 
 284 07e0 0D8CE4D0 		.ascii	"\015\214\344\320\360\3441/\334\314\224\212\322Su|u\363"
 284      F0E4312F 
 284      DCCC948A 
 284      D253757C 
 284      75F3
 285 07f2 40CDCBAF 		.ascii	"@\315\313\257i\366\300WX\337\2445\243\310\035\2673%"
 285      69F6C057 
 285      58DFA435 
 285      A3C81DB7 
 285      3325
 286 0804 6DACF31E 		.ascii	"m\254\363\036\337\375~$\320Y{w\270\343.\326\367\312"
 286      DFFD7E24 
 286      D0597B77 
 286      B8E32ED6 
 286      F7CA
 287 0816 BA79B71B 		.ascii	"\272y\267\033\276\315\224\244\346\244,\017<\300\224"
ARM GAS  /tmp/cceMZyDM.s 			page 22


 287      BECD94A4 
 287      E6A42C0F 
 287      3CC094
 288 0825 614B5F0F 		.ascii	"aK_\017\337;\263A}1\220\324\316\377P1(\352\016\037^"
 288      DF3BB341 
 288      7D3190D4 
 288      CEFF5031 
 288      28EA0E1F 
 289 083a 771C7DBA 		.ascii	"w\034}\272=\305\003\017\263\241m\355\226\223\034\353"
 289      3DC5030F 
 289      B3A16DED 
 289      96931CEB 
 290 084a 418EF244 		.ascii	"A\216\362D[\265s\327\236\222\\[\301\266\222-#)\336K"
 290      5BB573D7 
 290      9E925C5B 
 290      C1B6922D 
 290      2329DE4B 
 291 085e 5D1B9F04 		.ascii	"]\033\237\004o\225QoURo\235\222\274\325\276\177\367"
 291      6F95516F 
 291      55526F9D 
 291      92BCD5BE 
 291      7FF7
 292 0870 9119EA5A 		.ascii	"\221\031\352Z\327)\272\262\345\346'\370\021#\371\244"
 292      D729BAB2 
 292      E5E627F8 
 292      1123F9A4 
 293 0880 F9E62D84 		.ascii	"\371\346-\204\2372\305r\241!\327\015O0e\360PS\275+\026"
 293      9F32C572 
 293      A121D70D 
 293      4F3065F0 
 293      5053BD2B 
 294 0895 B554B9D3 		.ascii	"\265T\271\323?Q\206\361F\246\344\014\356\377\321\035"
 294      3F5186F1 
 294      46A6E40C 
 294      EEFFD11D 
 295 08a5 C733C572 		.ascii	"\3073\305rg\270\231;h\0339M/FJ\256J.!\333\355\376\223"
 295      67B8993B 
 295      681B394D 
 295      2F464AAE 
 295      4A2E21DB 
 296 08bc BE573A6C 		.ascii	"\276W:l\245\340wz\255)\311\006Z8\314\232\253|\374\346"
 296      A5E0777A 
 296      AD29C906 
 296      5A38CC9A 
 296      AB7CFCE6 
 297 08d0 D202825C 		.ascii	"\322\002\202\\\362\317\322\336\336M/%r\315\237\201\204"
 297      F2CFD2DE 
 297      DE4D2F25 
 297      72CD9F81 
 297      84
 298 08e1 DBA8BCE6 		.ascii	"\333\250\274\346\351Ux\024\3115Ar\227\275&(V\203\213"
 298      E9557814 
 298      C9354172 
 298      97BD2628 
 298      56838B
 299 08f4 0435FAB9 		.ascii	"\0045\372\271\\A\234V\243\3316T\224\033{e\323G\325\340"
 299      5C419C56 
ARM GAS  /tmp/cceMZyDM.s 			page 23


 299      A3D93654 
 299      941B7B65 
 299      D347D5E0 
 300 0908 230AD3D3 		.ascii	"#\012\323\323.\201:pz-\355l\3447\300\015\270\001:!\263"
 300      2E813A70 
 300      7A2DED6C 
 300      E437C00D 
 300      B8013A21 
 301 091d D7839C07 		.ascii	"\327\203\234\007i\002\271\004r\021\244\035\344\032\310"
 301      6902B904 
 301      7211A41D 
 301      E41AC8
 302 092c 55900690 		.ascii	"U\220\006\220\313 \255 m \027@n\202t\2014\203t\200\264"
 302      CB20AD20 
 302      6D201740 
 302      6E827481 
 302      34837480 
 303 0941 805C01B9 		.ascii	"\200\\\001\271.\337\236@tB^U\215\343UI>H\002t1[\026"
 303      2EDF9E40 
 303      74425E55 
 303      8DE35549 
 303      3E480274 
 304 0958 397DD96A 		.ascii	"9}\331jt\326k\036{)\333\256V\243\323_CO\312h\233c\264"
 304      74D66B1E 
 304      7B29DBAE 
 304      56A3D35F 
 304      434FCA68 
 305 096f B29C93FD 		.ascii	"\262\234\223\375{\\\015.P\202\223\340\326/\373\232`"
 305      7B5C0D2E 
 305      508293E0 
 305      D62FFB9A 
 305      60
 306 0980 53056FB4 		.ascii	"S\005o\264\213c\245\364\317+o\305\255_N\261p)\320\262"
 306      8B63A5F4 
 306      CF2B6FC5 
 306      AD5F4EB1 
 306      7029D0B2 
 307 0994 6B1A36F1 		.ascii	"k\0326\3615\312I2\213\023\2167\220\202r\252\014.tLY"
 307      35CA4932 
 307      8B138E37 
 307      908272AA 
 307      0C2E744C 
 308 09a9 697A878C 		.ascii	"iz\207\214.Q\243Y\375\247D\247\313\350c\216\267\233"
 308      2E51A359 
 308      FDA744A7 
 308      CBE8638E 
 308      B79B
 309 09bb 82C82919 		.ascii	"\202\310)\031|N\015\3361\015LJ\326\257I)\\\005\376("
 309      7C4E0DDE 
 309      310D4C4A 
 309      D6AF4929 
 309      5C05FE28 
 310 09cf E7582935 		.ascii	"\347X)5\240R\031\313\252\235\321\016Z/6\252\353E\022"
 310      A05219CB 
 310      AA9DD10E 
 310      5A2F36AA 
 310      EB4512
ARM GAS  /tmp/cceMZyDM.s 			page 24


 311 09e2 83D2BDBC 		.ascii	"\203\322\275\274^\334\017\246\366rS\322\205\205\322"
 311      5EDC0FA6 
 311      F67253D2 
 311      8585D2
 312 09f1 D4212BA0 		.ascii	"\324!+\240a\310\007\354!\216\225\262=\312\231\206\205"
 312      61C807EC 
 312      218E95B2 
 312      3DCA9986 
 312      85
 313 0a02 F53CEEB0 		.ascii	"\365<\356\260o\312\263\016\317\274\002{\\\336\300\007"
 313      6FCAB30E 
 313      CFBC027B 
 313      5CDEC007 
 314 0a12 1C6F60A9 		.ascii	"\034o`\251\252k\356\336\331\254\305\3114\367\010I]w"
 314      AA6BEEDE 
 314      D9ACC5C9 
 314      34F70849 
 314      5D77
 315 0a24 5BBDD02C 		.ascii	"[\275\320,?\207\307\025\335\202S\372\3778\261\314\313"
 315      3F87C715 
 315      DD8253FA 
 315      FF38B1CC 
 315      CB
 316 0a35 D55D8878 		.ascii	"\325]\210x\271\007&\354\226k\312FZS\222\033\250\272"
 316      B90726EC 
 316      966BCA46 
 316      5A53921B 
 316      A8BA
 317 0a47 AAD15359 		.ascii	"\252\321SY\365\365L\253\372zy\325\327K\253\276\275c"
 317      F5F54CAB 
 317      FA7A79D5 
 317      D74BABBE 
 317      BD63
 318 0a59 C3531E38 		.ascii	"\303S\0368\203e\343\375\003M\015\3746\374\025\371\031"
 318      8365E3FD 
 318      034D0DFC 
 318      36FC15F9 
 318      19
 319 0a6a 3271703B 		.ascii	"2qp;b\311x\200$\347}Mc\311z|\204a\313*\207>`P\362\027"
 319      62C97880 
 319      24E77D4D 
 319      63C97A7C 
 319      8461CB2A 
 320 0a84 9F5892F2 		.ascii	"\237X\222\362\300\325\351\3654 ]Ow\331\365\324\372\274"
 320      C0D5E9F5 
 320      34205D4F 
 320      77D9F5D4 
 320      FABC
 321 0a96 72C2804B 		.ascii	"r\302\200K\250!m\321\206\356}^\310\317\027\001\034\261"
 321      A8216DD1 
 321      86EE7D5E 
 321      C8CF1701 
 321      1CB1
 322 0aa8 9F88C86F 		.ascii	"\237\210\310o\324\0324\004!\272'`\351\307\355T\021\314"
 322      D41A3404 
 322      21BA2760 
 322      E9C7ED54 
ARM GAS  /tmp/cceMZyDM.s 			page 25


 322      11CC
 323 0aba 8FFC9B34 		.ascii	"\217\374\2334\303w\035};\370\265\350>\270\177\210\316"
 323      C3771D7D 
 323      3BF8B5E8 
 323      3EB87F88 
 323      CE
 324 0acb 3708D179 		.ascii	"7\010\321y\300&\214\035\033\177\256S\336p\304v\037\364"
 324      C0268C1D 
 324      1B7FAE53 
 324      DE70C476 
 324      1FF4
 325 0add DFA1111F 		.ascii	"\337\241\021\037\2467\334\200t\303\3358\327h\241\213"
 325      A637DC80 
 325      74C3DD38 
 325      D768A18B 
 326 0aed 21B6ADFF 		.ascii	"!\266\255\377\315v\372\200\255\306Si\373\341\233l\347"
 326      CD76FA80 
 326      ADC65369 
 326      FBE19B6C 
 326      E7
 327 0afe DBB2AFB8 		.ascii	"\333\262\257\270\274\227%^\312\024{v\304\177\235 Zv"
 327      BC97255E 
 327      CA147B76 
 327      C47F9D20 
 327      5A76
 328 0b10 C1253902 		.ascii	"\301%9\002\333\274\037BY\211\336U\014\275\015-\313\300"
 328      DBBC1F42 
 328      5989DE55 
 328      0CBD0D2D 
 328      CBC0
 329 0b22 11A3C27B 		.ascii	"\021\243\302{\232\231\221\377\214\010[\024\031\272b"
 329      9A9991FF 
 329      8C085B14 
 329      19BA62
 330 0b31 75F8F2F0 		.ascii	"u\370\362\360\260\230\265Q\272\277|\366\305\034\323"
 330      B098B551 
 330      BABF7CF6 
 330      C51CD3
 331 0b40 FCF91A7D 		.ascii	"\374\371\032}H\310\272\210\310\230\005\037\204\304\374"
 331      48C8BA88 
 331      C898051F 
 331      84C4FC
 332 0b4f D6B82E3A 		.ascii	"\326\270.:\312\030\021\031\266z\335\312pcd\370\277V"
 332      CA181119 
 332      B67ADDCA 
 332      706364F8 
 332      BF56
 333 0b61 47AC30AE 		.ascii	"G\2540\256\011\015[\025\021\031n\014Y\031\376m\350\272"
 333      090D5B15 
 333      11196E0C 
 333      5919FE6D 
 333      E8BA
 334 0b73 D5312131 		.ascii	"\3251!1\353\277\013\217\366_\245\321I\303\336u4,z}\264"
 334      EBBF0B8F 
 334      F65FA5D1 
 334      49C3DE75 
 334      342C7A7D 
ARM GAS  /tmp/cceMZyDM.s 			page 26


 335 0b88 31243A66 		.ascii	"1$:f%`\000\373\221\277\277\321\264*bE\304\347\301!\363"
 335      256000FB 
 335      91BFBFD1 
 335      B42A6245 
 335      C4E7C121 
 336 0b9d 7FEF3FDF 		.ascii	"\177\357?\337\177\276\321\2706\332\270*t\265\361\273"
 336      7FBED1B8 
 336      36DAB82A 
 336      74B5F1BB 
 337 0bad B55131D1 		.ascii	"\265Q1\321\306\260\265k\326\254\2154\006\230\227\232"
 337      C6B0B56B 
 337      D6AC8D34 
 337      0698979A 
 338 0bbd 967E6F24 		.ascii	"\226~o$d\375\3034o\221\367\302\210h\231\265/i\011\016"
 338      64FDC334 
 338      6F91F7C2 
 338      886899B5 
 338      2F69090E 
 339 0bd1 8F095E1F 		.ascii	"\217\011^\037\035\023\276fIh\344\312\325\341QAQ\021"
 339      1D13BE66 
 339      4968E4CA 
 339      D5E15141 
 339      5111
 340 0be3 6BA32262 		.ascii	"k\243\"b\326\3235\232V\207\207F\005\205G\302\304\177"
 340      D6D3359A 
 340      56878746 
 340      058547C2 
 340      C47F
 341 0bf5 73372F0A 		.ascii	"s7/\012^d^\276h\341GB`\220;[\347\307!1n\374m\357\376"
 341      5E645EBE 
 341      68E14742 
 341      60903B5B 
 341      E7C72131 
 342 0c0e 501B18F0 		.ascii	"P\033\030\360\251\331\256.\320\006\232\202d\365\003"
 342      A9D9AE2E 
 342      D0069A82 
 342      64F503
 343 0c1d 6D607090 		.ascii	"m`p\220Ygf\332|\350\\$w\316\203\316Efm\360\262@\263"
 343      596766DA 
 343      7CE85C24 
 343      77CE83CE 
 343      45666DF0 
 344 0c34 C9F11AF9 		.ascii	"\311\361\032\371\312\302\277\217!\2533\232\226\006\007"
 344      CAC2BF8F 
 344      21AB339A 
 344      960607
 345 0c43 061B4D6B 		.ascii	"\006\033Mk\243\302\215\201\334ca\240\204\204\255\371"
 345      A3C28D81 
 345      DC6361A0 
 345      8484ADF9 
 346 0c53 10FCE4FE 		.ascii	"\020\374\344\376\331\362@S\3102\3600\330\0150k\227."
 346      D9F24053 
 346      C832F030 
 346      D80D306B 
 346      972E
 347 0c65 5D6CC601 		.ascii	"]l\306\001\013\315x!\274\203\026\233\265\001\213\203"
 347      0BCD7821 
ARM GAS  /tmp/cceMZyDM.s 			page 27


 347      BC83169B 
 347      B5018B83 
 348 0c75 CDDA4F17 		.ascii	"\315\332O\027\007\230]\240\013\000\013\211\276\204|"
 348      07985DA0 
 348      0B000B89 
 348      BE847C
 349 0c84 98E0C325 		.ascii	"\230\340\303%x\211)\330\214\203\227\004a\223\011\336"
 349      788929D8 
 349      8C839704 
 349      619309DE 
 350 0c94 26B34B00 		.ascii	"&\263K\000\0203k\227/\373\334\014\304\001a\012\372\""
 350      10336B97 
 350      2FFBDC0C 
 350      C401610A 
 350      FA22
 351 0ca6 70217C06 		.ascii	"p!|\006\230\314\272`\323\247t.\317\220\220o\327E\206"
 351      98CCBA60 
 351      D3A7742E 
 351      CF90906F 
 351      D74586
 352 0cb9 8584F87F 		.ascii	"\205\204\370\177\274`\301<\235\244i\303V\205F\375\007"
 352      BC60C13C 
 352      9DA469C3 
 352      568546FD 
 352      07
 353 0cca 562EDF29 		.ascii	"V.\337)"
 354              		.text
 355              		.section	.gnu.lto_.symtab.87b1dd6d3023c171,"",%progbits
 356 0000 6E766963 		.ascii	"nvicEnableVector\000"
 356      456E6162 
 356      6C655665 
 356      63746F72 
 356      00
 357 0011 00       		.ascii	"\000"
 358 0012 00       		.ascii	"\000"
 359 0013 00       		.ascii	"\000"
 360 0014 00000000 		.ascii	"\000\000\000\000\000\000\000\000"
 360      00000000 
 361 001c B7000000 		.ascii	"\267\000\000\000"
 362 0020 6E766963 		.ascii	"nvicDisableVector\000"
 362      44697361 
 362      626C6556 
 362      6563746F 
 362      7200
 363 0032 00       		.ascii	"\000"
 364 0033 00       		.ascii	"\000"
 365 0034 00       		.ascii	"\000"
 366 0035 00000000 		.ascii	"\000\000\000\000\000\000\000\000"
 366      00000000 
 367 003d BB000000 		.ascii	"\273\000\000\000"
 368 0041 6E766963 		.ascii	"nvicSetSystemHandlerPriority\000"
 368      53657453 
 368      79737465 
 368      6D48616E 
 368      646C6572 
 369 005e 00       		.ascii	"\000"
 370 005f 00       		.ascii	"\000"
ARM GAS  /tmp/cceMZyDM.s 			page 28


 371 0060 00       		.ascii	"\000"
 372 0061 00000000 		.ascii	"\000\000\000\000\000\000\000\000"
 372      00000000 
 373 0069 BD000000 		.ascii	"\275\000\000\000"
 374 006d 6E766963 		.ascii	"nvicClearPending\000"
 374      436C6561 
 374      7250656E 
 374      64696E67 
 374      00
 375 007e 00       		.ascii	"\000"
 376 007f 00       		.ascii	"\000"
 377 0080 00       		.ascii	"\000"
 378 0081 00000000 		.ascii	"\000\000\000\000\000\000\000\000"
 378      00000000 
 379 0089 BF000000 		.ascii	"\277\000\000\000"
 380              		.text
 381              		.section	.gnu.lto_.opts,"",%progbits
 382 0000 272D666D 		.ascii	"'-fmath-errno' '-fsigned-zeros' '-ftrapping-math' '"
 382      6174682D 
 382      6572726E 
 382      6F272027 
 382      2D667369 
 383 0033 2D666E6F 		.ascii	"-fno-trapv' '-fno-strict-overflow' '-fno-openmp' '-"
 383      2D747261 
 383      70762720 
 383      272D666E 
 383      6F2D7374 
 384 0066 666E6F2D 		.ascii	"fno-openacc' '-mcpu=cortex-m4' '-mthumb' '-mfloat-a"
 384      6F70656E 
 384      61636327 
 384      20272D6D 
 384      6370753D 
 385 0099 62693D68 		.ascii	"bi=hard' '-mfpu=fpv4-sp-d16' '-g' '-ggdb' '-Og' '-f"
 385      61726427 
 385      20272D6D 
 385      6670753D 
 385      66707634 
 386 00cc 6F6D6974 		.ascii	"omit-frame-pointer' '-falign-functions=16' '-ffunct"
 386      2D667261 
 386      6D652D70 
 386      6F696E74 
 386      65722720 
 387 00ff 696F6E2D 		.ascii	"ion-sections' '-fdata-sections' '-fno-common' '-flt"
 387      73656374 
 387      696F6E73 
 387      2720272D 
 387      66646174 
 388 0132 6F2700   		.ascii	"o'\000"
 389              		.text
 390              		.comm	__gnu_lto_v1,1,1
 391              		.comm	__gnu_lto_slim,1,1
 392              		.ident	"GCC: (15:5.4.1+svn241155-1) 5.4.1 20160919"
ARM GAS  /tmp/cceMZyDM.s 			page 29


DEFINED SYMBOLS
                            *ABS*:0000000000000000 nvic.c
                            *COM*:0000000000000001 __gnu_lto_v1
                            *COM*:0000000000000001 __gnu_lto_slim

NO UNDEFINED SYMBOLS
