ARM GAS  /tmp/cc59nhJO.s 			page 1


   1              		.syntax unified
   2              		.cpu cortex-m4
   3              		.eabi_attribute 27, 1
   4              		.eabi_attribute 28, 1
   5              		.fpu fpv4-sp-d16
   6              		.eabi_attribute 20, 1
   7              		.eabi_attribute 21, 1
   8              		.eabi_attribute 23, 3
   9              		.eabi_attribute 24, 1
  10              		.eabi_attribute 25, 1
  11              		.eabi_attribute 26, 1
  12              		.eabi_attribute 30, 1
  13              		.eabi_attribute 34, 1
  14              		.eabi_attribute 18, 4
  15              		.thumb
  16              		.syntax unified
  17              		.file	"stm32_isr.c"
  18              		.text
  19              	.Ltext0:
  20              		.section	.gnu.lto_.profile.11fde92e5e2072e7,"",%progbits
  21 0000 789C6361 		.ascii	"x\234ca`d`e`\000\222K\031U\001\002\224\000\327"
  21      60646065 
  21      6000924B 
  21      19550102 
  21      9400D7
  22              		.text
  23              		.section	.gnu.lto_.inline.11fde92e5e2072e7,"",%progbits
  24 0000 789C6361 		.ascii	"x\234ca`d\000\201f\006\004`b`\220\270\006\024\007\322"
  24      60640081 
  24      66060460 
  24      626090B8 
  24      061407D2 
  25 0014 0C6C0BE4 		.ascii	"\014l\013\344A\024\0033\017X\234x\212\221A\360<\232"
  25      41140333 
  25      0F589C78 
  25      8A9141F0 
  25      3C9A
  26 0026 194CDC20 		.ascii	"\031L\334 abH\006\000\256\316\004\307"
  26      61624806 
  26      00AECE04 
  26      C7
  27              		.text
  28              		.section	.gnu.lto_.jmpfuncs.11fde92e5e2072e7,"",%progbits
  29 0000 789C6361 		.ascii	"x\234ca`d\000\0011\006\004`B0\031\021L\000\004\035\000"
  29      60640001 
  29      31060460 
  29      42301911 
  29      4C00041D 
  30 0015 1F       		.ascii	"\037"
  31              		.text
  32              		.section	.gnu.lto_.pureconst.11fde92e5e2072e7,"",%progbits
  33 0000 789C6361 		.ascii	"x\234ca`d`e```b\220`\224\000\000\000\345\000>"
  33      60646065 
  33      60606062 
  33      90609400 
  33      0000E500 
  34              		.text
ARM GAS  /tmp/cc59nhJO.s 			page 2


  35              		.section	.gnu.lto_irqInit.11fde92e5e2072e7,"",%progbits
  36 0000 789C7DD1 		.ascii	"x\234}\321=,CQ\024\000\340{\356\223\376!l\006\006\033"
  36      3D2C4351 
  36      1400E07B 
  36      EE93FE21 
  36      6C06061B 
  37 0014 5DDEF35A 		.ascii	"]\336\363Z\213D,\022[\323D\355\015\2266!\225\266C\267"
  37      8B442C12 
  37      5BD344ED 
  37      0D963621 
  37      95B643B7 
  38 0028 77FDBC10 		.ascii	"w\375\274\020\2030PD$\246\026\245?\224\264\323\013\023"
  38      83305044 
  38      24A616A5 
  38      3F94B4D3 
  38      0B13
  39 003a D21A852E 		.ascii	"\322\032\205.\242\251\210\030JX$U\367\366J\344-\357"
  39      A2A98818 
  39      4A582455 
  39      F7F64AE4 
  39      2DEF
  40 004c 24F79E9B 		.ascii	"$\367\236\233\234s\2773\234&\004\210\205\013#4Ds'= "
  40      9C73BF33 
  40      9C260488 
  40      850B2334 
  40      4473273D 
  41 0061 20C0AB45 		.ascii	" \300\253E\204f-\030\200=\210\005\220\202A\201/\\\303"
  41      84662D18 
  41      803D8805 
  41      90824181 
  41      2F5CC3
  42 0074 70B1F89C 		.ascii	"p\261\370\234\303\366\030\241\361\250~\310$\256\201"
  42      C3F618A1 
  42      F1A87EC8 
  42      24AE81
  43 0083 2A2054C7 		.ascii	"* T\307\015\011A\014\354\210\266=\245\177\326[M\013"
  43      0D09410C 
  43      EC88B63D 
  43      A57FD65B 
  43      4D0B
  44 0095 ACAD9B17 		.ascii	"\254\255\233\027!\016&6.9\252\221z}\236\220\373\276"
  44      210E2636 
  44      2E39AA91 
  44      7A7D9E90 
  44      FBBE
  45 00a7 528F15A1 		.ascii	"R\217\025\241*-\2621\357\030\263,\274\200\252Eo\201"
  45      2A2DB231 
  45      EF18B32C 
  45      BC80AA45 
  45      6F81
  46 00b9 B5332897 		.ascii	"\2653(\227{+\231\225\032Y\"\244]\025\240\216\251\001"
  46      7B2B9995 
  46      1A5922A4 
  46      5D15A08E 
  46      A901
  47 00cb FBA0B05A 		.ascii	"\373\240\260Z%~Y\266}bU\300\224>\200.vTA@\214\330l3"
  47      257E59B6 
ARM GAS  /tmp/cc59nhJO.s 			page 3


  47      7D6255C0 
  47      943E802E 
  47      76544140 
  48 00e3 140EB970 		.ascii	"\024\016\271pu\035\215\267p\301\014\011\275\260m,\034"
  48      751D8DB7 
  48      70C10C09 
  48      BDB06D2C 
  48      1C
  49 00f4 7161F9FB 		.ascii	"qa\371\373n\305\302\005\013\034\353\205\035c!\311\205"
  49      6EC5C205 
  49      0B1CEB85 
  49      1D6321C9 
  49      85
  50 0105 8DC25ADE 		.ascii	"\215\302Z\336\304\005+\244\364\302\256\261\220\346B"
  50      C4052BA4 
  50      F4C2AEB1 
  50      90E642
  51 0114 612F51FC 		.ascii	"a/Q\374\023l\220\321\013)c\341\204\013\345\255J\276"
  51      136C90D1 
  51      0B2963E1 
  51      840BE5AD 
  51      4ABE
  52 0126 990B1D70 		.ascii	"\231\013\035p\252\0272\306B\226\013\331\033\355\301"
  52      AA1732C6 
  52      42960BD9 
  52      1BEDC1
  53 0135 CC855E38 		.ascii	"\314\205^8\373\027^aN;w7\004\026U\372\207n\231\356|"
  53      FB175E61 
  53      4E3B7737 
  53      041655FA 
  53      876E99EE 
  54 014a 5014A561 		.ascii	"P\024\245a\237\177\302\357\366x\345\001Q\026eI\012\204"
  54      9F7FC2EF 
  54      F678E501 
  54      51166549 
  54      0A84
  55 015c 24DFF894 		.ascii	"$\337\370\2244\023\010\206C\222g\314\345t\360{\244?"
  55      34130886 
  55      439267CC 
  55      E574F07B 
  55      A43F
  56 016e 129142E1 		.ascii	"\022\221B\341i\247\303\353\017\005\305I\364\013\256"
  56      69A7C3EB 
  56      0F05C549 
  56      F40BAE
  57 017d F0DB15   		.ascii	"\360\333\025"
  58              		.text
  59              		.section	.gnu.lto_irqDeinit.11fde92e5e2072e7,"",%progbits
  60 0000 789C7DD1 		.ascii	"x\234}\3211,CA\030\000\340\373\357I\373Z\204\315\300"
  60      312C4341 
  60      1800E0FB 
  60      EF49FB5A 
  60      84CDC0
  61 0013 60A3CB7B 		.ascii	"`\243\313{^k\221\210Eb\223&jo\260\264\011\251\364u\350"
  61      5E6B9188 
  61      45629326 
  61      6A6FB0B4 
ARM GAS  /tmp/cc59nhJO.s 			page 4


  61      09A9F475 
  62 0028 D6435F88 		.ascii	"\326C_\210A\030\020\243\251E\251\242\222vz!\006\244"
  62      411810A3 
  62      A945A9A2 
  62      92767A21 
  62      06A4
  63 003a 354A1411 		.ascii	"5J\024\021ME\304PR\206J\325]O\362\266\367'w\377%\377"
  63      4D45C450 
  63      52864AD5 
  63      5D4FF2B6 
  63      F72777FF 
  64 0050 FFFDFF70 		.ascii	"\377\375\377pM\010\020\013\005#4Ds'=  \300\253y\204"
  64      4D08100B 
  64      05233444 
  64      73273D20 
  64      20C0AB79 
  65 0065 E6440CC0 		.ascii	"\346D\014\300\036D\004\024\301\020\201/\\\303p\266\370"
  65      1E440414 
  65      C110812F 
  65      5CC370B6 
  65      F8
  66 0076 92C18E18 		.ascii	"\222\301\216\030\241\361tQUH\\\007M@\250\216\033\223"
  66      A1F17451 
  66      55485C07 
  66      4D40A88E 
  66      1B93
  67 0088 10C4C081 		.ascii	"\020\304\300\201h\333s\352w\275\325\022em\335\274\010"
  67      68DB73EA 
  67      77BDD512 
  67      656DDDBC 
  67      08
  68 0099 71B0B075 		.ascii	"q\260\260u\3111\235\324\353\013\204<\364\325zl\010\225"
  68      C9319DD4 
  68      EB0B843C 
  68      F4D57A6C 
  68      0895
  69 00ab 6991ADF9 		.ascii	"i\221\255\371\300\230e\341\025\242z\341\006X;\033\224"
  69      C09865E1 
  69      15A27AE1 
  69      06583B1B 
  69      94
  70 00bc C9BC17AC 		.ascii	"\311\274\027\254\221\032Y\"\244]\023\240\216\351\014"
  70      911A5922 
  70      A45D13A0 
  70      8EE90C
  71 00cb D88108AB 		.ascii	"\330\201\010\253\225\342\347E{\005k\002\246\243w\241"
  71      95E2E745 
  71      7B056B02 
  71      A6A377A1 
  72 00db 4B1304C4 		.ascii	"K\023\004\304\370}\233\251\336\343\372\362j3\336\302"
  72      F87D9BA9 
  72      DEE3FAF2 
  72      6A33DEC2 
  73 00eb B5151286 		.ascii	"\265\025\022\206~4\327\373\\/WoWD\256E80t\331\\'\271"
  73      7E34D7FB 
  73      5C2F576F 
  73      5744AE45 
ARM GAS  /tmp/cc59nhJO.s 			page 5


  73      383074D9 
  74 0102 DEC8AD65 		.ascii	"\336\310\255e-\\\333\340\320\320\237\346:\305un;\221"
  74      2D5CDBE0 
  74      D0D09FE6 
  74      3AC5756E 
  74      3B91
  75 0114 FFD77638 		.ascii	"\377\327v82t\305\\\037s]\334*e\233\271\356\200\023C"
  75      3274C55C 
  75      1F735DDC 
  75      2A659BB9 
  75      EE801343 
  76 0128 7F9BEB34 		.ascii	"\177\233\3534\327\351k\375\316\312u/\234r\375\006\363"
  76      D7E96BFD 
  76      CECA752F 
  76      9C72FD06 
  76      F3
  77 0139 FA8FBBA1 		.ascii	"\372\217\273\241Y\224i?\375I\372\257\203\222$\017\373"
  77      5994693F 
  77      FD49FAAF 
  77      8392240F 
  77      FB
  78 014a FC937EB7 		.ascii	"\374\223~\267\307\253\014H\212\244\310r@\225}\023\323"
  78      C7AB0C48 
  78      8AA4C872 
  78      40957D13 
  78      D3
  79 015b F26C2018 		.ascii	"\362l \030Re\317\370\250\313\311\357\221\376pXVC3.\247"
  79      5265CFF8 
  79      A8CBC9EF 
  79      91FE7058 
  79      5643332E 
  80 0170 D7AF06A5 		.ascii	"\327\257\006\245)\364\007\023\357\330("
  80      29F40713 
  80      EFD828
  81              		.text
  82              		.section	.gnu.lto_.symbol_nodes.11fde92e5e2072e7,"",%progbits
  83 0000 789C55CB 		.ascii	"x\234U\313\315\015\2000\010\206\341\017\352 :)=t\000"
  83      CD0D8030 
  83      0886E10F 
  83      EA203A29 
  83      3D7400
  84 0013 87E8C909 		.ascii	"\207\350\311\011\034\200\203?\2113h\3229\214T1Q.\017"
  84      1C80833F 
  84      893368D2 
  84      398C5431 
  84      512E0F
  85 0026 79090D08 		.ascii	"y\011\015\010#lxb\001\372\0150\206\330Y\231Y\350Wha"
  85      236C7862 
  85      01FA0D30 
  85      86D85999 
  85      59E85768 
  86 003b E1BB0031 		.ascii	"\341\273\0001\266\026V\226\360\015\001\214\274\237T"
  86      B6165696 
  86      F00D018C 
  86      BC9F54
  87 004a 55B7B8E9 		.ascii	"U\267\270\351x\314\256\272\245j\333\375g\252[\334\364"
  87      78CCAEBA 
ARM GAS  /tmp/cc59nhJO.s 			page 6


  87      A56ADBFD 
  87      67AA5BDC 
  87      F4
  88 005b DE5D75EB 		.ascii	"\336]u\353\037.?)6\006"
  88      1F2E3F29 
  88      3606
  89              		.text
  90              		.section	.gnu.lto_.refs.11fde92e5e2072e7,"",%progbits
  91 0000 789C6361 		.ascii	"x\234ca`\004B \000\000\0009\000\007"
  91      60044220 
  91      00000039 
  91      0007
  92              		.text
  93              		.section	.gnu.lto_.decls.11fde92e5e2072e7,"",%progbits
  94 0000 789C8552 		.ascii	"x\234\205R]H\024Q\024\2363\263\244\016\353O\022%!!\276"
  94      5D481451 
  94      149E33B3 
  94      A40EEB4F 
  94      12252121 
  95 0015 E84B3BAC 		.ascii	"\350K;\254\332C\324C\241Y=\230\221\345C/\213\256\033"
  95      DA43D443 
  95      A1593D98 
  95      91E5432F 
  95      8BAE1B
  96 0028 0EADBBB6 		.ascii	"\016\255\273\2663\226\276\215\032&i\251\017\371\240"
  96      3396BE8D 
  96      1A2669A9 
  96      0FF9A0
  97 0037 11A652FE 		.ascii	"\021\246R\376\257Z\246\346\317\256\006fP\370\203\025"
  97      AF5AA6E6 
  97      CFAE0666 
  97      50F88315 
  98 0047 219AF643 		.ascii	"!\232\366C\201\005\031\022YH\235{g\326Yi\245\263{\357"
  98      81051912 
  98      59489D7B 
  98      67D65969 
  98      A5B37BEF 
  99 005b B9F7DCEF 		.ascii	"\271\367\334\357|\347\273\347\216\201\001\206\330!\003"
  99      7CE7BBE7 
  99      8E810186 
  99      D82103
 100 006a C3ECC165 		.ascii	"\303\354\301e3\256\377\240q\3503\031\335\360\230\351"
 100      33AEFFA0 
 100      71E83319 
 100      DDF098E9 
 101 007a C4E1C631 		.ascii	"\304\341\3061\214\303\313\374k\235\032\216\344\215\341"
 101      8CC3CBFC 
 101      6B9D1A8E 
 101      E48DE1
 102 0089 E8C731A4 		.ascii	"\350\3071\244\235\261\332\371p\200<\267_\336\270\226"
 102      9DB1DAF9 
 102      70803CB7 
 102      5FDEB896 
 103 0099 E7F1CB73 		.ascii	"\347\361\313soSo\203\205\266\331\216\312\320yx\003\300"
 103      6F536F83 
 103      85B6D98E 
 103      CAD07978 
ARM GAS  /tmp/cc59nhJO.s 			page 7


 103      03C0
 104 00ab 0044003A 		.ascii	"\000D\000:\355>\014\211h\236,@\335\260tf|(\360Q\001"
 104      ED3E0C89 
 104      689E2C40 
 104      DDB07466 
 104      7C28F051 
 105 00c0 FDE19FA5 		.ascii	"\375\341\237\245x\360;\330\202\243\275\241\246\207`"
 105      78F03BD8 
 105      82A3BDA1 
 105      A68760
 106 00cf D37C48D8 		.ascii	"\323|H\330JJX\365-\356Y=\301\217OS\257\325\007\377\262"
 106      4A4A58F5 
 106      2DEE593D 
 106      C18F4F53 
 106      AFD507FF 
 107 00e4 949AF35D 		.ascii	"\224\232\363]\272b\345W\025p\310\211\353\267\353-\251"
 107      BA62E557 
 107      1570C889 
 107      EBB7EB2D 
 107      A9
 108 00f5 A60E05AD 		.ascii	"\246\016\005\255ZQ\330\275zgf\256v\337\346\326X\210"
 108      5A51D8BD 
 108      7A6766AE 
 108      76DFE6D6 
 108      5888
 109 0107 E4C180DB 		.ascii	"\344\301\200\333\325\027u\357\303p\273\213\207\030\334"
 109      D51775EF 
 109      C370BB8B 
 109      8718DC
 110 0116 6E3CABAF 		.ascii	"n<\253\257c\243ji^\251\022c\200\314\335\320\016\321"
 110      63A36A69 
 110      5EA91263 
 110      80CCDDD0 
 110      0ED1
 111 0128 D006D158 		.ascii	"\320\006\321X\255\003\242p\3166\250L\265\025\037\247"
 111      AD03A270 
 111      CE36A84C 
 111      B5151FA7 
 112 0138 43631B94 		.ascii	"Cc\033\224\206ne\351u\303\276\332Re\022\323b\010\012"
 112      866E65E9 
 112      75C3BEDA 
 112      526512D3 
 112      62080A
 113 014b 5A808356 		.ascii	"Z\200\203V0\021\211\270$\356>\314\243\370N\210\305\314"
 113      301189B8 
 113      24EE3ECC 
 113      A3F84E88 
 113      C5CC
 114 015d CF1F7EAC 		.ascii	"\317\037~\254\361\334i*\264\357wy]\270\312\342\235\233"
 114      F1DC692A 
 114      B4EF7779 
 114      5DB8CAE2 
 114      9D9B
 115 016f 322AD5C5 		.ascii	"2*\325\305\212r\204rt\351\034]\376\034n\312Q?\367\256"
 115      8A728472 
 115      74E91C5D 
 115      FE1C6ECA 
ARM GAS  /tmp/cc59nhJO.s 			page 8


 115      513FF7AE 
 116 0183 89E5CE53 		.ascii	"\211\345\316S\216\205\311\326vr\2478\036H\313\3021\344"
 116      8E85C9D6 
 116      7672A738 
 116      1E48CBC2 
 116      31E4
 117 0195 FE32B81E 		.ascii	"\3762\270\036\252\206\010b\266\352{s\020w\221\254\331"
 117      AA860862 
 117      B6EA7B73 
 117      107791AC 
 117      D9
 118 01a6 F69A95D9 		.ascii	"\366\232\225\331\020\210\347\357\221[.-<M\251\271\206"
 118      1088E7EF 
 118      915B2E2D 
 118      3C4DA9B9 
 118      86
 119 01b7 2D823EE0 		.ascii	"-\202>\340\341\201^2\216\307\271\\QJH#\"O0\233m\200"
 119      E1815E32 
 119      8EC7B95C 
 119      514A4823 
 119      224F309B 
 120 01cd 87104F68 		.ascii	"\207\020Oh\011\016z1\330\203A,\321\332\\\323\270\203"
 120      090E7A31 
 120      D883412C 
 120      D1DA5CD3 
 120      B883
 121 01df 6B065AA3 		.ascii	"k\006Z\243\255kj\"\010\370\370\200\004\003\001\010T"
 121      AD6B6A22 
 121      08F8F880 
 121      04030108 
 121      54
 122 01f0 31431549 		.ascii	"1C\025I\370f\021\320\217Z\036\351ZP\232\332\362\345"
 122      F86611D0 
 122      8F5A1EE9 
 122      5A509ADA 
 122      F2E5
 123 0202 27B79430 		.ascii	"'\267\2240\003~\254\024\201\017\201\261\236\206\201"
 123      037EAC14 
 123      810F81B1 
 123      9E8681
 124 0211 45763336 		.ascii	"Ev36\0104\330\177\243\362+l\373\216C\364\035\037\203"
 124      0834D87F 
 124      A3F22B6C 
 124      FB8E43F4 
 124      1D1F83
 125 0224 F690ABBD 		.ascii	"\366\220\253\275w\032\215\370\004K\250`\346fzqS\231"
 125      771A8DF8 
 125      044BA860 
 125      E6667A71 
 125      5399
 126 0236 B71A280A 		.ascii	"\267\032(\012\272u\021\335\240~h0L\373\377rq\344\033"
 126      BA7511DD 
 126      A07E6830 
 126      4CFBFF72 
 126      71E41B
 127 0249 C795A95F 		.ascii	"\307\225\251_[ ]\323\313\003\365\306m%x\250\204Q\237"
 127      5B205DD3 
ARM GAS  /tmp/cc59nhJO.s 			page 9


 127      CB03F5C6 
 127      6D2578A8 
 127      84519F
 128 025c 84E7AFCA 		.ascii	"\204\347\257\312=\234*\301;:a\304\372\004\001#z\371"
 128      3D9C2AC1 
 128      3B3A61C4 
 128      FA040123 
 128      7AF9
 129 026e 115F792F 		.ascii	"\021_y/-\337\363\351g\011k\274\276\331^\252V\247\037"
 129      2DDFF3E9 
 129      67096BBC 
 129      BED95EAA 
 129      56A71F
 130 0281 032305A3 		.ascii	"\003#\005\243Gpc\371\335\376p\177\260g\013x\\\003\023"
 130      477063F9 
 130      DDFE707F 
 130      B0670B78 
 130      5C0313
 131 0294 1F24BA2E 		.ascii	"\037$\272.\235t\210r\360\361S\347b\222\315f\346\260"
 131      9D748872 
 131      F0F153E7 
 131      6292CD66 
 131      E6B0
 132 02a6 C92424E7 		.ascii	"\311$$\347\212\331bz\206\305|\320d6\231\005\301)\011"
 132      8AD9627A 
 132      86C57CD0 
 132      64369905 
 132      C12909
 133 02b9 B9597621 		.ascii	"\271Yv!\337\351\222%!\343lZb\202:\247&\025\026\012\222"
 133      DFE99225 
 133      21E36C5A 
 133      62823AA7 
 133      2615160A 
 134 02ce 9C979860 		.ascii	"\234\227\230`\021%\227\311\312\204 [\212MD\276\010\307"
 134      112597C9 
 134      CA84205B 
 134      8A4D44BE 
 134      08C7
 135 02e0 65D17ACC 		.ascii	"e\321z\314\221\225m\267e\332\254\262\323\305[,\005\242"
 135      91956DB7 
 135      65DAACB2 
 135      D3C55B2C 
 135      05A2
 136 02f2 4346A8BC 		.ascii	"CF\250\274_(\220\\\202\350\260\332\013rl\202\303v\305"
 136      5F28905C 
 136      82E8B0DA 
 136      0B726C82 
 136      C376C5
 137 0305 2E660B79 		.ascii	".f\013yY\326\\\321a\023,9\266\013Y\005v\331\"\027\345"
 137      59D65CD1 
 137      61132C39 
 137      B60B5905 
 137      76D92217 
 138 031a DB24532E 		.ascii	"\333$S.\023\354K\213\015\224&\025I\202E\222s\020\203"
 138      13EC4B8B 
 138      0D942615 
 138      49824592 
ARM GAS  /tmp/cc59nhJO.s 			page 10


 138      731083
 139 032d D803FF13 		.ascii	"\330\003\377\023ou\346\3459\035\302\3213i\311i\205\002"
 139      6F75E6E5 
 139      391DC2D1 
 139      3369C969 
 139      8502
 140 033f D188593B 		.ascii	"\321\210Y;\211O\021%]\354_k\310\201\337"
 140      894F1125 
 140      5DEC5F6B 
 140      C881DF
 141              		.text
 142              		.section	.gnu.lto_.symtab.11fde92e5e2072e7,"",%progbits
 143 0000 69727149 		.ascii	"irqInit\000"
 143      6E697400 
 144 0008 00       		.ascii	"\000"
 145 0009 00       		.ascii	"\000"
 146 000a 00       		.ascii	"\000"
 147 000b 00000000 		.ascii	"\000\000\000\000\000\000\000\000"
 147      00000000 
 148 0013 AD000000 		.ascii	"\255\000\000\000"
 149 0017 69727144 		.ascii	"irqDeinit\000"
 149      65696E69 
 149      7400
 150 0021 00       		.ascii	"\000"
 151 0022 00       		.ascii	"\000"
 152 0023 00       		.ascii	"\000"
 153 0024 00000000 		.ascii	"\000\000\000\000\000\000\000\000"
 153      00000000 
 154 002c AF000000 		.ascii	"\257\000\000\000"
 155 0030 6E766963 		.ascii	"nvicEnableVector\000"
 155      456E6162 
 155      6C655665 
 155      63746F72 
 155      00
 156 0041 00       		.ascii	"\000"
 157 0042 02       		.ascii	"\002"
 158 0043 00       		.ascii	"\000"
 159 0044 00000000 		.ascii	"\000\000\000\000\000\000\000\000"
 159      00000000 
 160 004c BC000000 		.ascii	"\274\000\000\000"
 161 0050 6E766963 		.ascii	"nvicDisableVector\000"
 161      44697361 
 161      626C6556 
 161      6563746F 
 161      7200
 162 0062 00       		.ascii	"\000"
 163 0063 02       		.ascii	"\002"
 164 0064 00       		.ascii	"\000"
 165 0065 00000000 		.ascii	"\000\000\000\000\000\000\000\000"
 165      00000000 
 166 006d C0000000 		.ascii	"\300\000\000\000"
 167              		.text
 168              		.section	.gnu.lto_.opts,"",%progbits
 169 0000 272D666D 		.ascii	"'-fmath-errno' '-fsigned-zeros' '-ftrapping-math' '"
 169      6174682D 
 169      6572726E 
 169      6F272027 
ARM GAS  /tmp/cc59nhJO.s 			page 11


 169      2D667369 
 170 0033 2D666E6F 		.ascii	"-fno-trapv' '-fno-strict-overflow' '-fno-openmp' '-"
 170      2D747261 
 170      70762720 
 170      272D666E 
 170      6F2D7374 
 171 0066 666E6F2D 		.ascii	"fno-openacc' '-mcpu=cortex-m4' '-mthumb' '-mfloat-a"
 171      6F70656E 
 171      61636327 
 171      20272D6D 
 171      6370753D 
 172 0099 62693D68 		.ascii	"bi=hard' '-mfpu=fpv4-sp-d16' '-g' '-ggdb' '-Og' '-f"
 172      61726427 
 172      20272D6D 
 172      6670753D 
 172      66707634 
 173 00cc 6F6D6974 		.ascii	"omit-frame-pointer' '-falign-functions=16' '-ffunct"
 173      2D667261 
 173      6D652D70 
 173      6F696E74 
 173      65722720 
 174 00ff 696F6E2D 		.ascii	"ion-sections' '-fdata-sections' '-fno-common' '-flt"
 174      73656374 
 174      696F6E73 
 174      2720272D 
 174      66646174 
 175 0132 6F2700   		.ascii	"o'\000"
 176              		.text
 177              		.comm	__gnu_lto_v1,1,1
 178              		.comm	__gnu_lto_slim,1,1
 179              		.ident	"GCC: (15:5.4.1+svn241155-1) 5.4.1 20160919"
ARM GAS  /tmp/cc59nhJO.s 			page 12


DEFINED SYMBOLS
                            *ABS*:0000000000000000 stm32_isr.c
                            *COM*:0000000000000001 __gnu_lto_v1
                            *COM*:0000000000000001 __gnu_lto_slim

NO UNDEFINED SYMBOLS
