ARM GAS  /tmp/ccyxCbBD.s 			page 1


   1              		.syntax unified
   2              		.cpu cortex-m4
   3              		.eabi_attribute 27, 1
   4              		.eabi_attribute 28, 1
   5              		.fpu fpv4-sp-d16
   6              		.eabi_attribute 20, 1
   7              		.eabi_attribute 21, 1
   8              		.eabi_attribute 23, 3
   9              		.eabi_attribute 24, 1
  10              		.eabi_attribute 25, 1
  11              		.eabi_attribute 26, 1
  12              		.eabi_attribute 30, 1
  13              		.eabi_attribute 34, 1
  14              		.eabi_attribute 18, 4
  15              		.thumb
  16              		.syntax unified
  17              		.file	"syscalls_cpp.cpp"
  18              		.text
  19              	.Ltext0:
  20              		.section	.gnu.lto_.profile.e4bff4cec6d9df92,"",%progbits
  21 0000 789C6361 		.ascii	"x\234ca`d`a`\000\222\362\234\000\000\261\0003"
  21      60646061 
  21      600092F2 
  21      9C0000B1 
  21      0033
  22              		.text
  23              		.section	.gnu.lto_.inline.e4bff4cec6d9df92,"",%progbits
  24 0000 789C6361 		.ascii	"x\234ca`d\000\201\014\006\004`e``\341fd`\0022Y\300$"
  24      60640081 
  24      0C060460 
  24      656060E1 
  24      66646002 
  25 0018 03133703 		.ascii	"\003\0237\003P\035#\0033\023D\230m\201<D\234\201\205"
  25      501D2303 
  25      33134498 
  25      6D813C44 
  25      9C8185
  26 002b 1928C274 		.ascii	"\031(\302t\201\037.\304\202\241\210\225\201\225\027"
  26      811F2EC4 
  26      82A18895 
  26      819517
  27 003a 4D1BD838 		.ascii	"M\033\3308\006\000\373\031\004\337"
  27      0600FB19 
  27      04DF
  28              		.text
  29              		.section	.gnu.lto_.jmpfuncs.e4bff4cec6d9df92,"",%progbits
  30 0000 789C6361 		.ascii	"x\234ca`d\000\001a\006\004`\005\021@a&\006\006\026("
  30      60640001 
  30      61060460 
  30      05114061 
  30      26060616 
  31 0015 0F0003F1 		.ascii	"\017\000\003\361\000*"
  31      002A
  32              		.text
  33              		.section	.gnu.lto_.pureconst.e4bff4cec6d9df92,"",%progbits
  34 0000 789C6361 		.ascii	"x\234ca`d\340f```e0ad`\222`a`\225\000\000\003\336\000"
  34      6064E066 
ARM GAS  /tmp/ccyxCbBD.s 			page 2


  34      60606065 
  34      30616460 
  34      92606160 
  35 001a 86       		.ascii	"\206"
  36              		.text
  37              		.section	.gnu.lto__exit.e4bff4cec6d9df92,"",%progbits
  38 0000 789C7D52 		.ascii	"x\234}RMh\023A\024~\337\314f\233\242\325\336\274\364"
  38      4D681341 
  38      147EDFCC 
  38      669BA2D5 
  38      DEBCF4
  39 0013 901E4AC9 		.ascii	"\220\036J\311e\327\\\004A\021)x\023A\361\034\3266\220"
  39      65D75C04 
  39      41112978 
  39      1341F11C 
  39      D63690
  40 0026 4068C24E 		.ascii	"@h\302N\252\350%\3234k\013\202\006A(b\361\340O\342O"
  40      AAE825D3 
  40      346B0B82 
  40      06412862 
  40      F1E04FE2 
  41 003b 6DAB5E72 		.ascii	"m\253^r\020\202\027/*\024<\010\036,\321J\017\036RT\020"
  41      1082172F 
  41      2A143C08 
  41      1E2CD14A 
  41      0F1E5254 
  42 0050 4AB3BED9 		.ascii	"J\263\276\331=\025\305\007\363\376\347\373\336\333Y"
  42      3D15C507 
  42      F3FEE7FB 
  42      DEDB59
  43 005f 8B4046DE 		.ascii	"\213@F\336\262\251\261=\302\007\011\202h\274'\232M\012"
  43      B2A9B13D 
  43      C2070982 
  43      68BC279A 
  43      4D0A
  44 0071 C8D891B0 		.ascii	"\310\330\221\260b\307\2123'AU!-\260\242X~\211]\201\327"
  44      62C78A33 
  44      27415521 
  44      2DB0A258 
  44      7E895D81 
  45 0086 F3DFDA22 		.ascii	"\363\337\332\"\335\324,\033\301\374!\335\352 \340\206"
  45      DDD42C1B 
  45      C1FC21DD 
  45      EA20E086 
  46 0096 50C43D68 		.ascii	"P\304=h\"\315]\353\365\325;\362\247\010$`q\270\375\356"
  46      22CD5DEB 
  46      F5D53BF2 
  46      A7082460 
  46      71B8FDEE 
  47 00aa F6970326 		.ascii	"\366\227\003&\024Hq\270\025\350\345Ay\002\304\376\375"
  47      144871B8 
  47      15E8E541 
  47      7902C4FE 
  47      FD
  48 00bb CDFAEF83 		.ascii	"\315\372\357\203\343\017\014\236^\237\322\203\201\224"
  48      E30F0C9E 
  48      5E9FD283 
ARM GAS  /tmp/ccyxCbBD.s 			page 3


  48      8194
  49 00c9 780CC978 		.ascii	"x\014\311xx\204\021\2640B\234\"<\301\270i\357\256\365"
  49      788411B4 
  49      30429C22 
  49      3CC1B869 
  49      EFAEF5
  50 00dc 6F0DD975 		.ascii	"o\015\331u\323\235\212I\361\024\266\331p\345lG\207\341"
  50      D39D8A49 
  50      F114B6D9 
  50      70E56C47 
  50      87E1
  51 00ee 9CD69F0F 		.ascii	"\234\326\237\017\267\314\310=.\202\266\005\003\311."
  51      B7CCC83D 
  51      2E82B605 
  51      03C92E
  52 00fd 6AC3E6F6 		.ascii	"j\303\346\366\322R\377CB\236\212\210wn\276\272>4vO\353"
  52      D252FF43 
  52      429E8A88 
  52      776EBEBA 
  52      3E34764F 
  53 0112 9AEEB43F 		.ascii	"\232\356\264?\356\327\215\331d\300\353.\357\345\216"
  53      EED78DD9 
  53      64C0EB2E 
  53      EFE58E
  54 0121 767A8631 		.ascii	"vz\2061\276\320\352\357l&GO\337\325\213\251@&\014D\263"
  54      BED0EAEF 
  54      6C26474F 
  54      DFD58BA9 
  54      40260C44 
  55 0136 F1B08BEA 		.ascii	"\361\260\213\352\256^\324z8\2206V0j\246!\254\242J[\250"
  55      AE5ED47A 
  55      38903656 
  55      306AA621 
  55      ACA24A5B 
  56 014b 6FFCB8FA 		.ascii	"o\374\270\372\365Mb\357\324\235k7\216\033\300h\356P"
  56      F54D62EF 
  56      D49D6B37 
  56      8E1BC068 
  56      EE50
  57 015d E0AFA5B0 		.ascii	"\340\257\245\260\306\010\204\347\254\271\324n\177\377"
  57      C60884E7 
  57      ACB9D46E 
  57      7FFF
  58 016b 34C0140B 		.ascii	"4\300\024\013\021\305@(DT\307\013f\370\337\004/Q\015"
  58      11C54028 
  58      4454C70B 
  58      66F8DF04 
  58      2F510D
  59 017e 6492CC67 		.ascii	"d\222\314g\220\304\317){\3022\026=\021\377\016\307\034"
  59      90C4CF29 
  59      7BC23216 
  59      3D11FF0E 
  59      C71C
  60 0190 C79DC817 		.ascii	"\307\235\310\027.\024\316\234\313f\216:\031'\343\272"
  60      2E14CE9C 
  60      CB668E3A 
  60      1927E3BA 
ARM GAS  /tmp/ccyxCbBD.s 			page 4


  61 01a0 25E55EF4 		.ascii	"%\345^\364\374BiF\271\223\345r\366\222\357\225\3139"
  61      FC426946 
  61      B993E572 
  61      F692EF95 
  61      CB39
  62 01b2 5FB9EAB2 		.ascii	"_\271\352\262\232\364\212E\225\345\254\303\207lU\361"
  62      9AF48A45 
  62      95E5ACC3 
  62      876C55F1 
  63 01c2 2A33CAF6 		.ascii	"*3\312\366s\236*M\357;?\315N\261p%7E\351\177\303\346"
  63      739E2A4D 
  63      EF3B3FCD 
  63      4EB17025 
  63      3745E97F 
  64 01d8 BD221B56 		.ascii	"\275\"\033V~%\262N\236\376\000\300\027\317\011"
  64      7E25B24E 
  64      9EFE00C0 
  64      17CF09
  65              		.text
  66              		.section	.gnu.lto__getpid.e4bff4cec6d9df92,"",%progbits
  67 0000 789C6361 		.ascii	"x\234ca`d\000\201%@l\007\304\322@\314\310\314\300\310"
  67      60640081 
  67      25406C07 
  67      C4D240CC 
  67      C8CCC0C8 
  68 0014 34E11C03 		.ascii	"4\341\034\003C#\007\023##\210\321\300\301\310P\317\304"
  68      43230713 
  68      232388D1 
  68      C0C1C850 
  68      CFC4
  69 0026 58CFF895 		.ascii	"X\317\370\225\351/\023\343\305\226\015s\230\2770\265"
  69      E92F13E3 
  69      C5960D73 
  69      98BF30B5 
  70 0036 0295B100 		.ascii	"\002\225\261\000\271\037\317\316z\314\007\34222*\000"
  70      B91FCFCE 
  70      7ACC07E2 
  70      32322A00 
  71 0046 B94F76B6 		.ascii	"\271Ov\266\275e\321\\\336\000\004\017\216\236\022\235"
  71      BD65D15C 
  71      DE00040F 
  71      8E9E129D 
  72 0056 B9E2004B 		.ascii	"\271\342\000K+3\023\303\177&\006\306\025\2142\214\313"
  72      2B3313C3 
  72      7F2606C6 
  72      158C328C 
  72      CB
  73 0067 19654056 		.ascii	"\031e@V\254d\324d\000*~\264\361\337T^\266\026\220b\005"
  73      AC64D464 
  73      002A7EB4 
  73      F1DF545E 
  73      B6169062 
  74 007c 9012A0CC 		.ascii	"\220\022\240\314*F6\220\223\326\007\035h\370\377\277"
  74      2A463690 
  74      93D6071D 
  74      68F8FFBF 
  75 008c B9A1E1A6 		.ascii	"\271\241\341\246\301\032&\240\304\007 \0069\345#\220"
ARM GAS  /tmp/ccyxCbBD.s 			page 5


  75      C11A26A0 
  75      C4072006 
  75      39E52390 
  76 009c 03A4995F 		.ascii	"\003\244\231_16\035\270\236\003V\255\0152\021\250\200"
  76      31361DB8 
  76      9E0356AD 
  76      0D3211A8 
  76      80
  77 00ad 11240154 		.ascii	"\021$\001Tf\243\247\247\357\234\221\231\224\351\037"
  77      66A3A7A7 
  77      EF9C9199 
  77      94E91F
  78 00bc 1C6F68A9 		.ascii	"\034oh\251g\250g\250\257\237_\254_\226X\224\231_Z\254"
  78      67A867A8 
  78      AF9F5FAC 
  78      5F965894 
  78      995F5AAC 
  79 00d0 9F5C5010 		.ascii	"\237\\P\020_^\224XP\220ZT\254_\\Y\234\234\230\223S\034"
  79      5F5E9458 
  79      50905A54 
  79      AC5F5C59 
  79      9C9C9893 
  80 00e6 0F14D503 		.ascii	"\017\024\325\003b\006\000\205\253Q\347"
  80      62060085 
  80      AB51E7
  81              		.text
  82              		.section	.gnu.lto__kill.e4bff4cec6d9df92,"",%progbits
  83 0000 789C6D50 		.ascii	"x\234mP9KCA\020\336o7J\304\263\2621\202]H\341{\246\024"
  83      394B4341 
  83      10DE6F37 
  83      4AC4B3B2 
  83      31825D48 
  84 0018 040BC156 		.ascii	"\004\013\301V\320\037\020\342\201>\010\370\310C\305"
  84      D01F10E2 
  84      813E08F8 
  84      C843C5
  85 0027 2AAB2660 		.ascii	"*\253&`\004\017D\361 !X\210\267Q;\0131\202he\300\302"
  85      040F44F1 
  85      20215888 
  85      B7513B0B 
  85      31826865 
  86 003d C64A142C 		.ascii	"\306J\024,D\304@,\202h\234\011\026\026.\014s\354\367"
  86      44C4402C 
  86      82689C09 
  86      16162E0C 
  86      73ECF7
  87 0050 CD7C332E 		.ascii	"\315|3.\001\301/B\256\223|\003\031\224\200\\\310\012"
  87      01C12F42 
  87      AE937C03 
  87      1994805C 
  87      C80A
  88 0062 31E19600 		.ascii	"1\341\226\000\007\332\015\021\221\210\340C~I\334F\217"
  88      07DA0D11 
  88      9188E043 
  88      7E49DC46 
  88      8F
  89 0073 122A2F63 		.ascii	"\022*/c\004sQ\232\273Y\177\252\341\024h\242\364n\351"
ARM GAS  /tmp/ccyxCbBD.s 			page 6


  89      0473519A 
  89      BB597FAA 
  89      E11468A2 
  89      F46EE9
  90 0086 70AFCAB7 		.ascii	"p\257\312\267\245\351=\304\262\215k\333\031WLIQ\224"
  90      A5E93DC4 
  90      B28D6BDB 
  90      19574C49 
  90      5194
  91 0098 02DBF060 		.ascii	"\002\333\360`\013\036\036\261\003\037a\363\367\327\253"
  91      0B1E1EB1 
  91      031F61F3 
  91      F7D7AB
  92 00a7 95AA1D82 		.ascii	"\225\252\035\202\342\371\305\223Y\267w\223y\372\274"
  92      E2F9C593 
  92      59B77793 
  92      79FABC
  93 00b6 5F571009 		.ascii	"_W\020\011\273P\177y\334\007{\360\022\372;~\261Q\251"
  93      BB507F79 
  93      DC077BF0 
  93      12FA3B7E 
  93      B151A9
  94 00c9 3A4ACCB3 		.ascii	":J\314\263tv\245\354\227\231\373e\356\377\303<\200\227"
  94      7476A5EC 
  94      9799FB65 
  94      EEFFC33C 
  94      8097
  95 00db E18FC7DF 		.ascii	"\341\217\307\337\313\325\345QF7\261,Rs\210r>C\272;\243"
  95      CBD5E551 
  95      4637B12C 
  95      52738872 
  95      3E43BA3B 
  96 00f0 8BC529AD 		.ascii	"\213\305)\255?[\316\244\022\342\235>y\375\234\224\354"
  96      3F5BCEA4 
  96      12E29D3E 
  96      79FD9C94 
  96      EC
  97 0101 D53326F3 		.ascii	"\3253&\363\357I\037\303\251O\372\365\264P\315{\253\222"
  97      EF491FC3 
  97      A94FFAF5 
  97      B450CD7B 
  97      AB92
  98 0113 8ACFABC4 		.ascii	"\212\317\253\304\\m\344KOk]G\2658\361\271|y\375\226"
  98      5C6DE44B 
  98      4F6B5D47 
  98      B538F1B9 
  98      7C79FD96 
  99 0127 A84A2139 		.ascii	"\250J!9\241Ku\211#:c\232\217\200c\244@\210\217\302\314"
  99      A14B7589 
  99      233A639A 
  99      8F8063A4 
  99      40888FC2 
 100 013c 5B05F791 		.ascii	"[\005\367\221\250\307\011\375\274`2S\010\225D5\363\261"
 100      A8C709FD 
 100      BC603253 
 100      08954435 
 100      F3B1
ARM GAS  /tmp/ccyxCbBD.s 			page 7


 101 014e 4807783E 		.ascii	"H\007x>\251i3\014\263c\310\352\265\272z\002\376V\303"
 101      A969330C 
 101      B363C8EA 
 101      B5BA7A02 
 101      FE56C3
 102 0161 6FF84D73 		.ascii	"o\370Ms\3301G\203akx\3041\373l;0\026\016\332\366@\330"
 102      D8314783 
 102      616B78C4 
 102      31FB6C3B 
 102      30160EDA 
 103 0178 319D71A7 		.ascii	"1\235q\247/\030\0129\001\252\032dB\331V\277r\254\301"
 103      2F180A39 
 103      01AA1A64 
 103      42D956BF 
 103      72ACC1
 104 018b 1FB5E29E 		.ascii	"\037\265\342\236\001"
 104      01
 105              		.text
 106              		.section	.gnu.lto__open_r.e4bff4cec6d9df92,"",%progbits
 107 0000 789C6361 		.ascii	"x\234ca`d\000\201: \266\003bi fdf`d\232p\216\201\241"
 107      60640081 
 107      3A20B603 
 107      62692066 
 107      64666064 
 108 0019 91838991 		.ascii	"\221\203\211\221\021\304h\340`d\250gb\254g\374\312\364"
 108      11C468E0 
 108      6064A867 
 108      62AC67FC 
 108      CAF4
 109 002b 9789F150 		.ascii	"\227\211\361P\373\263\235L\232\313\033\200\340\301\323"
 109      FBB39D4C 
 109      9ACB1B80 
 109      E0C1D3
 110 003a 7ED18615 		.ascii	"~\321\206\025\007\030[\231\031\030\3763\201Mb`\\\316"
 110      07185B99 
 110      1918FE33 
 110      814D6260 
 110      5CCE
 111 004c A8C90054 		.ascii	"\250\311\000T\366h\343\277\251\274l- e\012\020I\306"
 111      F668E3BF 
 111      A9BC6C2D 
 111      20650A10 
 111      49C6
 112 005e 158C6C20 		.ascii	"\025\214l \353\326\007\035h\370\377\277\271\241\341"
 112      EBD6071D 
 112      68F8FFBF 
 112      B9A1E1
 113 006d BAC14926 		.ascii	"\272\301I&\240\304\007 \006Y\363\021\310\001\322\314"
 113      A0C40720 
 113      0659F311 
 113      C801D2CC 
 114 007d AF189B0E 		.ascii	"\257\030\233\016L\344\005\251\006\033\370\201\211\021"
 114      4CE405A9 
 114      061BF881 
 114      8911
 115 008b 240C5464 		.ascii	"$\014Td\243\247\247\357\234\221\231\224\351\037\034"
 115      A3A7A7EF 
ARM GAS  /tmp/ccyxCbBD.s 			page 8


 115      9C919994 
 115      E91F1C
 116 009a 6F68A967 		.ascii	"oh\251g\250g\250\257\237_\254_\226X\224\231_Z\254\237"
 116      A867A8AF 
 116      9F5FAC5F 
 116      96589499 
 116      5F5AAC9F 
 117 00ae 5C50105F 		.ascii	"\\P\020_^\224XP\220ZT\254_\\Y\234\234\230\223S\034\017"
 117      5E945850 
 117      905A54AC 
 117      5F5C599C 
 117      9C989353 
 118 00c4 14D50362 		.ascii	"\024\325\003b\006\000'qC\353"
 118      06002771 
 118      43EB
 119              		.text
 120              		.section	.gnu.lto___cxa_pure_virtual.e4bff4cec6d9df92,"",%progbits
 121 0000 789C7D50 		.ascii	"x\234}PMH\033Q\020\236\357\275$\346\240\342\2759\254"
 121      4D481B51 
 121      109EEFBD 
 121      24E6A0E2 
 121      BD39AC
 122 0013 070FB9EC 		.ascii	"\007\017\271\354\232c\241\340\241\320kK=\227\260\015"
 122      9A63A1E0 
 122      A1D06B4B 
 122      3D97B00D 
 123 0023 29590849 		.ascii	")Y\010I\330M,\236\366\031\263Xh)\"\024\245\255\024*"
 123      D84D2C9E 
 123      F619B358 
 123      68292214 
 123      A5AD142A 
 124 0037 F853FFBD 		.ascii	"\370S\377\275\345 ,\275\364\244\240\364R\332\202D-\245"
 124      E5202CBD 
 124      F4A4A0F4 
 124      52DA8244 
 124      2DA5
 125 0049 082A543C 		.ascii	"\010*T<\024\223\316[O\245\245\003\357}o\33673\337\314"
 125      1493CE5B 
 125      4FA5A503 
 125      EF7D6FDE 
 125      3733DFCC 
 126 005d C408A4ED 		.ascii	"\304\010\244\355-\3033\306\033| \011br\227h,)\000\375"
 126      2DC333C6 
 126      1B7C2009 
 126      62729768 
 126      2C2900FD 
 127 0071 5049902F 		.ascii	"PI\220/\340\343B\\\011\274\237\370\326\024\351\005\305"
 127      E0E3425C 
 127      09BC9FF8 
 127      D614E905 
 127      C5
 128 0082 7670BC9F 		.ascii	"vp\274\237R\213!\002I\324\021Q%\302\002\322\304a\255"
 128      528B2102 
 128      49D41151 
 128      25C202D2 
 128      C461AD
 129 0095 CDF68B9E 		.ascii	"\315\366\213\236DC\207\031\327$\026\221\320r\353\367"
ARM GAS  /tmp/ccyxCbBD.s 			page 9


 129      44438719 
 129      D7241691 
 129      D072EBF7 
 130 00a5 43D5E98C 		.ascii	"C\325\351\214+u9\270#8\363\214I-s.\204F\331B\275OW\330"
 130      2B7539B8 
 130      2338F38C 
 130      492D732E 
 130      8446D942 
 131 00bd 6B6CBC96 		.ascii	"kl\274\226?E \201\030\273\347;/\017{\265+`\260;;\333"
 131      3F452081 
 131      18BBE73B 
 131      2F0F7BB5 
 131      2B60B03B 
 132 00d3 FE189743 		.ascii	"\376\030\227C\320\221\277\246\266\237\367\014\314)U"
 132      D091BFA6 
 132      B69FF70C 
 132      CC2955
 133 00e2 57E1F4A7 		.ascii	"W\341\364\247n59\226\014\244\3042$\013\343\035RXB\352"
 133      6E353996 
 133      0CA4C432 
 133      240BE31D 
 133      525842EA 
 134 00f6 BABB150C 		.ascii	"\272\273\025\014p\302\327\366i\033\375w\336\250\031"
 134      70C2D7F6 
 134      691BFD77 
 134      DEA819
 135 0105 2390315D 		.ascii	"#\2201]\342\313\311\322n\302\277R3J\365\0052\216U\364"
 135      E2CBC9D2 
 135      6EC2BF52 
 135      334AF505 
 135      328E55F4 
 136 0119 EB7E096B 		.ascii	"\353~\011k\360\351;\032\007\323\023G\037\342\177\316"
 136      F0E93B1A 
 136      07D31347 
 136      1FE27FCE 
 137 0129 153E9D7F 		.ascii	"\025>\235\177\240\013F\223u\004\376\032\033\353\\\201"
 137      A00B4693 
 137      7504FE1A 
 137      1BEB5C81 
 138 0139 B0C13753 		.ascii	"\260\3017S\315\346\311\347.\226x\022Ip\202\210xl\262"
 138      CDE6C9E7 
 138      2E967812 
 138      49708288 
 138      786CB2
 139 014c C2FF3AD8 		.ascii	"\302\377:\330\202\037\310.jAD\033\324\202\364\003\365"
 139      821FC82E 
 139      6A41441B 
 139      D482F403 
 139      F5
 140 015d F0553CE2 		.ascii	"\360U<\342\265\235\2618\257\216\027y\3134\255\333\005"
 140      B59DB138 
 140      AF8E1779 
 140      CB34ADDB 
 140      05
 141 016e E7A17377 		.ascii	"\347\241sw8\233\271if\314\214e\225=k\304v\235r\315\263"
 141      389BB969 
 141      66CC8C65 
ARM GAS  /tmp/ccyxCbBD.s 			page 10


 141      953D6BC4 
 141      769D72CD 
 142 0183 72954AF6 		.ascii	"r\225J\366\261kW*y\327\263\274Q/g\027\213^\226\177M"
 142      B16B572A 
 142      79D7B3BC 
 142      512F6717 
 142      8B5E967F 
 143 0198 3E9470F3 		.ascii	">\224p\363\266W.\245\356\325\334\2741\342\270\325\232"
 143      B6572EA5 
 143      EED5DCBC 
 143      31E2B8D5 
 143      9A
 144 01a9 5D341ED5 		.ascii	"]4\036\325J\271\252S.\031:\326\244\364\277\005\012v"
 144      4AB9AA53 
 144      2E193AD6 
 144      A4F4BF05 
 144      0A76
 145 01bb 91812FB7 		.ascii	"\221\201/\267\032\241Y\240\337\302\272\303\215"
 145      1AA159A0 
 145      DFC2BAC3 
 145      8D
 146              		.text
 147              		.section	.gnu.lto_.symbol_nodes.e4bff4cec6d9df92,"",%progbits
 148 0000 789C558B 		.ascii	"x\234U\213\273\015\2000\020C}N\"j\230\000&\275\260\000"
 148      BB0D8030 
 148      10437D4E 
 148      226A9800 
 148      26BDB000 
 149 0014 620EE6A0 		.ascii	"b\016\346\240\341\027\030\201I\020\007\024(n,=?{\010"
 149      E1171881 
 149      49100714 
 149      286E2C3D 
 149      3F7B08
 150 0027 3A583853 		.ascii	":X8S\201>\001VC,\215,T\371Icd\2452#\341 \352\347\275"
 150      813E0156 
 150      432C8D2C 
 150      54F94963 
 150      64A53223 
 151 0040 515DEE26 		.ascii	"Q]\356&\252\317\335\211\322V&\313N\015\357\004\304h"
 151      AACFDD89 
 151      D25626CB 
 151      4E0DEF04 
 151      C468
 152 0052 778702E3 		.ascii	"w\207\002\343y\211\013_\343\006\245Q\"o"
 152      79890B5F 
 152      E306A551 
 152      226F
 153              		.text
 154              		.section	.gnu.lto_.refs.e4bff4cec6d9df92,"",%progbits
 155 0000 789C6361 		.ascii	"x\234ca`d`c```dbdfd\000\000\000\255\000\024"
 155      60646063 
 155      60606064 
 155      62646664 
 155      000000AD 
 156              		.text
 157              		.section	.gnu.lto_.decls.e4bff4cec6d9df92,"",%progbits
 158 0000 789C9D55 		.ascii	"x\234\235U{lSe\024\277\247\267{\335\226A*1$\356\217"
ARM GAS  /tmp/ccyxCbBD.s 			page 11


 158      7B6C5365 
 158      14BFA7B7 
 158      7BDD9641 
 158      2A3124EE 
 159 0015 49824189 		.ascii	"I\202A\211-\325\370\007\0111$\374\341\022\215.!\020"
 159      2DD5F807 
 159      093124FC 
 159      E1128D2E 
 159      2110
 160 0027 E33F375D 		.ascii	"\343?7]\327\320\306fk\372\340\361\207\341\356\005\270"
 160      D7D0C666 
 160      6BFAE0F1 
 160      87E1EE05 
 160      B8
 161 0038 880EE439 		.ascii	"\210\016\3449\320\314\215\215\315\275\012\012{\270G"
 161      D0CC8D8D 
 161      CDBD0A0A 
 161      7BB847
 162 0047 C7C3C170 		.ascii	"\307\303\301p\017\306`\335\030\254s\0230\004i\001\015"
 162      0FC660DD 
 162      18AC7313 
 162      30046901 
 162      0D
 163 0058 22639EEF 		.ascii	"\"c\236\357\273_wok\247\211_r\366\335s\372;\277s\276"
 163      BB5F776F 
 163      6BA7895F 
 163      72F6DD73 
 163      FA3BBF73 
 164 006d DFF9EE9D 		.ascii	"\337\371\356\235\226\003\216\254\202T\216\253\306G\027"
 164      96038EAC 
 164      82548EAB 
 164      C64717
 165 007c DA1CAE64 		.ascii	"\332\034\256d\214m\342\224E\374&\2646\264.\264\036\264"
 165      8C6DE294 
 165      45FC26B4 
 165      36B42EB4 
 165      1EB4
 166 008e 73680368 		.ascii	"sh\003h\032\264!\264a.v\021|\032\3431\240-E\313F\273"
 166      1AB421B4 
 166      612E7611 
 166      7C1AE331 
 166      A02D45CB 
 167 00a4 8C16441B 		.ascii	"\214\026D\033C\033G\353gx\236\345\334d\274\361\253\215"
 167      431B47EB 
 167      67789EE5 
 167      DC64BCF1 
 167      AB8D
 168 00b6 61A25C67 		.ascii	"a\242\\gX\034\330o\361\213\364\251\215\253\235\245\312"
 168      581CD86F 
 168      F18BF4A9 
 168      8DAB9DA5 
 168      CA
 169 00c7 E962FB50 		.ascii	"\351b\373P\\^\017\213oRa{\022\360\223\363\247\306\235"
 169      5C5E0F8B 
 169      6F52617B 
 169      12F093F3 
 169      A7C69D
ARM GAS  /tmp/ccyxCbBD.s 			page 12


 170 00da 8F9C6D1A 		.ascii	"\217\234m\032m&\301\331\316\375\313\331f5\320;\360G"
 170      6D26C1D9 
 170      CEFDCBD9 
 170      6635D03B 
 170      F047
 171 00ec C7E21B30 		.ascii	"\307\342\0330\006\300\001,\001\334\330l8\022a;y\000"
 171      06C0012C 
 171      01DCD86C 
 171      3812613B 
 171      7900
 172 00fe D9D1447B 		.ascii	"\331\321D{\203\371.\331\003\205\003\247\241xP\375\020"
 172      83F92ED9 
 172      038503A7 
 172      A17850FD 
 172      10
 173 010f 83A373A6 		.ascii	"\203\243s\246K\011\021\270\274\242H\210%%\254\212\213"
 173      4B0911B8 
 173      BCA24888 
 173      2525AC8A 
 173      8B
 174 0120 BE464950 		.ascii	"\276FIP\361\261\356Y}P\227\245\324|\364\320\267G+\007"
 174      F1B1EE59 
 174      7D5097A5 
 174      D47CF4D0 
 174      B7472B07 
 175 0134 781E39F1 		.ascii	"x\0369\361\271gj\250Gkl\220p\225I\222f\231\"MS\303_"
 175      B9676AA8 
 175      476B6C90 
 175      70954992 
 175      6699224D 
 176 014b 7E418B07 		.ascii	"~A\213\007\206l\001r\264$t\245\330\177\214\177\254\001"
 176      866C0172 
 176      B42474A5 
 176      D87F8C7F 
 176      AC01
 177 015d 83005A74 		.ascii	"\203\000Zt#\375\345\323\351\350.\025 \023\335`\311\310"
 177      23FDE5D3 
 177      E9E82E15 
 177      2013DD60 
 177      C9C8
 178 016f D79A6507 		.ascii	"\327\232e\007)U\221\224\251\205M/B\003d@=d I# 7|\013"
 178      29559194 
 178      A9854D2F 
 178      42036440 
 178      3D642049 
 179 0188 5A99BDA6 		.ascii	"Z\231\275\2465p7yy\205TqR\012\215\206W\037\221\002\305"
 179      35703779 
 179      79855471 
 179      520A8D86 
 179      571F9102 
 180 019d 98A72130 		.ascii	"\230\247!0\250\005\036\352\300H\372\306G\262\235\200"
 180      A8051EEA 
 180      C048FAC6 
 180      47B29D80 
 181 01ad 1B78A226 		.ascii	"\033x\242&X\216\231\265\317\002\265z>\233v_\262\247"
 181      588E99B5 
 181      CF02B57A 
ARM GAS  /tmp/ccyxCbBD.s 			page 13


 181      3E9B765F 
 181      B2A7
 182 01bf F190801D 		.ascii	"\361\220\200\035`\207D\203\024\014\315\204\237\236\321"
 182      60874483 
 182      140CCD84 
 182      9F9ED1
 183 01ce CA21D2C9 		.ascii	"\312!\322\3116\014]<\356\177\240\343?$\031\232\222\347"
 183      360C5D3C 
 183      EE7FA0E3 
 183      3F24199A 
 183      92E7
 184 01e0 F5238B40 		.ascii	"\365#\213@X\271\233\265i\310\342\346\233\204\357a%\346"
 184      58B99BB5 
 184      69C8E2E6 
 184      9B84EF61 
 184      25E6
 185 01f2 61BD9318 		.ascii	"a\275\223\030\361c\244\206\240B{w\275\365\225$-\201"
 185      F163A486 
 185      A0427B77 
 185      BDF59524 
 185      2D81
 186 0204 EF408053 		.ascii	"\357@\200SJo\004I\232\230\273\034\374\204/\004J?\273"
 186      4A6F0449 
 186      9A98BB1C 
 186      FC842F04 
 186      4A3FBB
 187 0217 F37477DA 		.ascii	"\363tw\332B\364-\211\351O\226\356\250,!g?\203\374\247"
 187      42F42D89 
 187      E94F96EE 
 187      A82C2167 
 187      3F83FCA7 
 188 022b 157E2C27 		.ascii	"\025~,'\027\370\262qbO\252ZX\002T\224m\245\312\3460"
 188      17F8B271 
 188      624FAA5A 
 188      58025494 
 188      6DA5CAE6 
 189 0240 617BF78E 		.ascii	"a{\367\216\365\245\242\260~?\012[\273f^XDA\263B\336"
 189      F5A5A2B0 
 189      7E3F0A5B 
 189      BB665E58 
 189      4441B342 
 190 0255 AC16B68D 		.ascii	"\254\026\266\215\012\333_W?)\360u\364 \211\246?u\342"
 190      0ADB5F57 
 190      3F29F075 
 190      F42089A6 
 190      3F75E2
 191 0268 175F34F2 		.ascii	"\027_4\362\003\320P\344~\365\351\024ug\331\352\306:"
 191      03D050E4 
 191      7EF5E914 
 191      7567D9EA 
 191      C63A
 192 027a 69631DD1 		.ascii	"ic\035\321\221\037\351\353\232\322\223\221\373\245@"
 192      911FE9EB 
 192      9AD29391 
 192      FBA540
 193 0289 64442F95 		.ascii	"dD/\225\025H\322:\002\202v\245\257vu_]\264\257oNM\235"
 193      1548D23A 
ARM GAS  /tmp/ccyxCbBD.s 			page 14


 193      028276A5 
 193      AF76755F 
 193      5DB4AF6F 
 194 02a0 00BE59EE 		.ascii	"\000\276Y\356k\366\322\321\362\205/Y F\212\353\023\017"
 194      6BF6D2D1 
 194      F2852F59 
 194      20468AEB 
 194      130F
 195 02b2 3BD26429 		.ascii	";\322d)\002s\301hA\304@\267R\260[]\260\207\026,.\253"
 195      0273C168 
 195      41C440B7 
 195      52B05B5D 
 195      B087162C 
 196 02c8 6AD5F32D 		.ascii	"j\325\363-r\301\302{\277^If]\037\264I\237ba-\3458\253"
 196      72C1C27B 
 196      BF5E4966 
 196      5D1FB449 
 196      9F62612D 
 197 02df 709C5573 		.ascii	"p\234Us\234\243\034\201\360\361\303<\337's\\{\322\371"
 197      9CA31C81 
 197      F0F1C33C 
 197      DF27735C 
 197      7BD2F9
 198 02f2 54CF8F50 		.ascii	"T\317\217PG;xt\246f\021v\014+\321\204r\011\257Jx\007"
 198      473B7874 
 198      A6661176 
 198      0C2BD184 
 198      7209AF4A 
 199 0308 5CC261CB 		.ascii	"\\\302a\313\327\341Q\272T\221J|\270\000|\364\005.\227"
 199      D7E151BA 
 199      54914A7C 
 199      B8007CF4 
 199      052E97
 200 031b 68884370 		.ascii	"h\210Cp\241\024\256\224\222\227q\360f\006\254\306[\325"
 200      A114AE94 
 200      929771F0 
 200      6606ACC6 
 200      5BD5
 201 032d 8BB78AFC 		.ascii	"\213\267\212\374\304\301Ed\375\021u\300\212\255\365"
 201      C4C14564 
 201      FD1175C0 
 201      8AADF5
 202 033c 7BEAD205 		.ascii	"{\352\322\005\206.\373/\364\363\311S\237\353\365\245"
 202      862EFB2F 
 202      F4F3C953 
 202      9FEBF5A5 
 203 034c 044DEF2C 		.ascii	"\004M\357,\364\305\\\260\313\240g\337\204\013\215\241"
 203      F4C55CB0 
 203      CBA067DF 
 203      840B8DA1 
 204 035c 6369F40E 		.ascii	"ci\364\016`\214]\213\333\317\252\034\013\016\244\237"
 204      608C5D8B 
 204      DBCFAA1C 
 204      0B0EA49F 
 205 036c 0EE4A7E8 		.ascii	"\016\344\247\350\025\350\014=|\015\265\014\3411\217"
 205      15E80C3D 
 205      7C0DB50C 
ARM GAS  /tmp/ccyxCbBD.s 			page 15


 205      E1318F
 206 037b 0EDA0AAA 		.ascii	"\016\332\012\252v\006\312\200\202\340\274\242\346yv"
 206      7606CA80 
 206      82E0BCA2 
 206      E67976
 207 038a 6C18A04A 		.ascii	"l\030\240J\356\217\314^L\345?\323\024H\231\364e8|\347"
 207      EE8FCC5E 
 207      4CE53FD3 
 207      144899F4 
 207      65387CE7 
 208 039e 4EF28A2A 		.ascii	"N\362\212*\251\0029F;,{\213*\262\310\255\033\224\363"
 208      A9023946 
 208      3B2C7B8B 
 208      2AB2C8AD 
 208      1B94F3
 209 03b1 55A50709 		.ascii	"U\245\007\011\015\014\301\012Lz\364\344\374c=\277/\312"
 209      0D0CC10A 
 209      4C7AF4E4 
 209      FC633DBF 
 209      2FCA
 210 03c3 F1E8DEDD 		.ascii	"\361\350\336\335\337x\302Q)\205\346\206\027\035*\222"
 210      DF78C251 
 210      2985E686 
 210      171D2A92 
 211 03d3 B260A31E 		.ascii	"\262`\243\036\256\374\203\203D\214\250\3320e\231\015"
 211      AEFC8383 
 211      448CA8DA 
 211      3065990D 
 212 03e3 0FCDEAE5 		.ascii	"\017\315\352\345\317\237\200\356\276k\003\375\202\240"
 212      CF9F80EE 
 212      BE6B03FD 
 212      82A0
 213 03f1 BCE924AE 		.ascii	"\274\351$\256\244\216P\221M\031pU\326xt\254\270\015"
 213      A48E5091 
 213      4D197055 
 213      D67874AC 
 213      B80D
 214 0403 E4641DBA 		.ascii	"\344d\035\272-S\007\272\323\344og\220\374\034\330\177"
 214      2D5307BA 
 214      D3E46F67 
 214      90FC1CD8 
 214      7F
 215 0414 B55D6328 		.ascii	"\265]c(c\337\341u@/\300ud\273F\331F\301\020\345$\350"
 215      63DFE175 
 215      402FC075 
 215      64BB46D9 
 215      46C110E5 
 216 042a A2F65DA5 		.ascii	"\242\366]\245Z5\272oA4\004\301\200\031\277\357\276U"
 216      5A35BA6F 
 216      413404C1 
 216      8019BFEF 
 216      BE55
 217 043c A4538F18 		.ascii	"\244S\217\030\303\252n\307\344\021\223\035\301\035\221"
 217      C3AA6EC7 
 217      E411931D 
 217      C11D91
 218 044b DE07496A 		.ascii	"\336\007Ij0\231\220\002\036g\340q\012\276T]\030\321"
ARM GAS  /tmp/ccyxCbBD.s 			page 16


 218      30999002 
 218      1E67E071 
 218      0ABE545D 
 218      18D1
 219 045d F113F2BF 		.ascii	"\361\023\362\277\223\201\361\003M\213\371\260\354\214"
 219      9381F103 
 219      4D8BF9B0 
 219      EC8C
 220 046b 49BB4792 		.ascii	"I\273G\222p\334\001\374\024\375yH\354\255\336I^\301"
 220      70DC01FC 
 220      14FD7948 
 220      ECADDE49 
 220      5EC1
 221 047d 8A2C79E2 		.ascii	"\212,y\342\023\312\304o\250\337\237\233\362W\376\302"
 221      13CAC46F 
 221      A8DF9F9B 
 221      F257FEC2 
 222 048d D91626D7 		.ascii	"\331\026&\327K\350~q\267\275!}A\255'\243Z\337b\267\277"
 222      4BE87E71 
 222      B7BD217D 
 222      41AD27A3 
 222      5ADF62B7 
 223 04a2 F3FE1B72 		.ascii	"\363\376\033rn\006z\3557#\001\235,u\010\320\037.}R\275"
 223      6E067AED 
 223      3723019D 
 223      2C7508D0 
 223      1F2E7D52 
 224 04b7 385EEA29 		.ascii	"8^\352)$\013Q\262\237\251x\223Q\251kj\333\374)\361R"
 224      240B51B2 
 224      9FA97893 
 224      51A96B6A 
 224      DBFC29F1 
 225 04cc 2746C334 		.ascii	"'F\3034\225z\356`\360q\214z\3231R\3170\365\310\236$"
 225      957AEE60 
 225      F0718C7A 
 225      D33152CF 
 225      30F5C89E 
 226 04e1 DAB639BC 		.ascii	"\332\2669\274\302;\357o\314\\\277j\225\331\314\2555"
 226      C23BEF6F 
 226      CC5CBF6A 
 226      95D9CCAD 
 226      35
 227 04f2 1A4DEBED 		.ascii	"\032M\353\355\216\034\307\007\033D\363\032\243\331h"
 227      8E1CC707 
 227      1B44F31A 
 227      A3D968
 228 0501 3699F23D 		.ascii	"6\231\362=\246-\026\267#\337\3471Y].q\253\333\342r\331"
 228      A62D16B7 
 228      23DFE731 
 228      595D2E71 
 228      ABDBE272 
 229 0516 DC1E9367 		.ascii	"\334\036\223g\273\307jq:=\"F\215h\\\212\270\331\346"
 229      BBC76A71 
 229      3A3D2246 
 229      8D685C8A 
 229      B8D9E6
 230 0529 75397253 		.ascii	"u9rSD\021\377\212\336\227M>\217\333\344\310\263:}\271"
ARM GAS  /tmp/ccyxCbBD.s 			page 17


 230      4411FF8A 
 230      DE974D3E 
 230      8FDBE4C8 
 230      B33A7DB9 
 231 053d 36539E6D 		.ascii	"6S\236m\253\323\221C\262L\242w\273\313\3461\332\271"
 231      ABD39143 
 231      B24CA277 
 231      BBCBE631 
 231      DAB9
 232 054f 248ACB5C 		.ascii	"$\212\313\\\0107\017\023?v8\235)b\276\313\226'\272\015"
 232      08370F13 
 232      3F76389D 
 232      2962BECB 
 232      9627BA0D 
 233 0563 A268DD66 		.ascii	"\242h\335f\021]>\267M\334\342p{}\026g\232\325\276a\273"
 233      115D3EB7 
 233      4DDCE270 
 233      7B7D1667 
 233      9AD5BE61 
 234 0578 27CBE2F4 		.ascii	"'\313\342\364j\255v\213[\2676\307\347pz_w\344\275\315"
 234      6AAD768B 
 234      5BB736C7 
 234      E7707A5F 
 234      77E4BDCD 
 235 058c BD92F844 		.ascii	"\275\222\370Dn\357|A\253\235\224\260\271\335y\371zQ"
 235      6EEF7C41 
 235      AB9D94B0 
 235      B9DD79F9 
 235      7A51
 236 059e CCF5E48B 		.ascii	"\314\365\344\213vK^\256\323\366\277\265\260\243\026"
 236      764B5EAE 
 236      D3F6BFB5 
 236      B0A316
 237 05ad 2F881FBD 		.ascii	"/\210\037\275g6\347{,N\326X\366\273V\235\312}51\271"
 237      6736E77B 
 237      2C4ED658 
 237      F6BB569D 
 237      CA7D3531 
 238 05c2 DDE23411 		.ascii	"\335\3424\021\024\351\217\354\330\331\337\"D\032o"
 238      14E98FEC 
 238      D8D9DF22 
 238      441A6F
 239              		.text
 240              		.section	.gnu.lto_.symtab.e4bff4cec6d9df92,"",%progbits
 241 0000 5F657869 		.ascii	"_exit\000"
 241      7400
 242 0006 00       		.ascii	"\000"
 243 0007 00       		.ascii	"\000"
 244 0008 00       		.ascii	"\000"
 245 0009 00000000 		.ascii	"\000\000\000\000\000\000\000\000"
 245      00000000 
 246 0011 AE000000 		.ascii	"\256\000\000\000"
 247 0015 5F676574 		.ascii	"_getpid\000"
 247      70696400 
 248 001d 00       		.ascii	"\000"
 249 001e 00       		.ascii	"\000"
 250 001f 00       		.ascii	"\000"
ARM GAS  /tmp/ccyxCbBD.s 			page 18


 251 0020 00000000 		.ascii	"\000\000\000\000\000\000\000\000"
 251      00000000 
 252 0028 B9000000 		.ascii	"\271\000\000\000"
 253 002c 5F6B696C 		.ascii	"_kill\000"
 253      6C00
 254 0032 00       		.ascii	"\000"
 255 0033 00       		.ascii	"\000"
 256 0034 00       		.ascii	"\000"
 257 0035 00000000 		.ascii	"\000\000\000\000\000\000\000\000"
 257      00000000 
 258 003d BE000000 		.ascii	"\276\000\000\000"
 259 0041 5F6F7065 		.ascii	"_open_r\000"
 259      6E5F7200 
 260 0049 00       		.ascii	"\000"
 261 004a 00       		.ascii	"\000"
 262 004b 00       		.ascii	"\000"
 263 004c 00000000 		.ascii	"\000\000\000\000\000\000\000\000"
 263      00000000 
 264 0054 C1000000 		.ascii	"\301\000\000\000"
 265 0058 5F5F6378 		.ascii	"__cxa_pure_virtual\000"
 265      615F7075 
 265      72655F76 
 265      69727475 
 265      616C00
 266 006b 00       		.ascii	"\000"
 267 006c 00       		.ascii	"\000"
 268 006d 00       		.ascii	"\000"
 269 006e 00000000 		.ascii	"\000\000\000\000\000\000\000\000"
 269      00000000 
 270 0076 C3000000 		.ascii	"\303\000\000\000"
 271 007a 5F5F6473 		.ascii	"__dso_handle\000"
 271      6F5F6861 
 271      6E646C65 
 271      00
 272 0087 00       		.ascii	"\000"
 273 0088 00       		.ascii	"\000"
 274 0089 00       		.ascii	"\000"
 275 008a 00000000 		.ascii	"\000\000\000\000\000\000\000\000"
 275      00000000 
 276 0092 D2000000 		.ascii	"\322\000\000\000"
 277 0096 6572726E 		.ascii	"errno\000"
 277      6F00
 278 009c 00       		.ascii	"\000"
 279 009d 02       		.ascii	"\002"
 280 009e 00       		.ascii	"\000"
 281 009f 00000000 		.ascii	"\000\000\000\000\000\000\000\000"
 281      00000000 
 282 00a7 D0000000 		.ascii	"\320\000\000\000"
 283 00ab 63685379 		.ascii	"chSysHalt\000"
 283      7348616C 
 283      7400
 284 00b5 00       		.ascii	"\000"
 285 00b6 02       		.ascii	"\002"
 286 00b7 00       		.ascii	"\000"
 287 00b8 00000000 		.ascii	"\000\000\000\000\000\000\000\000"
 287      00000000 
 288 00c0 CE000000 		.ascii	"\316\000\000\000"
ARM GAS  /tmp/ccyxCbBD.s 			page 19


 289              		.text
 290              		.section	.gnu.lto_.opts,"",%progbits
 291 0000 272D666D 		.ascii	"'-fmath-errno' '-fsigned-zeros' '-ftrapping-math' '"
 291      6174682D 
 291      6572726E 
 291      6F272027 
 291      2D667369 
 292 0033 2D666E6F 		.ascii	"-fno-trapv' '-fno-strict-overflow' '-fno-openmp' '-"
 292      2D747261 
 292      70762720 
 292      272D666E 
 292      6F2D7374 
 293 0066 666E6F2D 		.ascii	"fno-openacc' '-mcpu=cortex-m4' '-mthumb' '-mfloat-a"
 293      6F70656E 
 293      61636327 
 293      20272D6D 
 293      6370753D 
 294 0099 62693D68 		.ascii	"bi=hard' '-mfpu=fpv4-sp-d16' '-g' '-ggdb' '-Og' '-f"
 294      61726427 
 294      20272D6D 
 294      6670753D 
 294      66707634 
 295 00cc 6F6D6974 		.ascii	"omit-frame-pointer' '-falign-functions=16' '-ffunct"
 295      2D667261 
 295      6D652D70 
 295      6F696E74 
 295      65722720 
 296 00ff 696F6E2D 		.ascii	"ion-sections' '-fdata-sections' '-fno-common' '-flt"
 296      73656374 
 296      696F6E73 
 296      2720272D 
 296      66646174 
 297 0132 6F272027 		.ascii	"o' '-fno-exceptions'\000"
 297      2D666E6F 
 297      2D657863 
 297      65707469 
 297      6F6E7327 
 298              		.text
 299              		.comm	__gnu_lto_v1,1,1
 300              		.comm	__gnu_lto_slim,1,1
 301              		.ident	"GCC: (15:5.4.1+svn241155-1) 5.4.1 20160919"
ARM GAS  /tmp/ccyxCbBD.s 			page 20


DEFINED SYMBOLS
                            *ABS*:0000000000000000 syscalls_cpp.cpp
                            *COM*:0000000000000001 __gnu_lto_v1
                            *COM*:0000000000000001 __gnu_lto_slim

NO UNDEFINED SYMBOLS
