ARM GAS  /tmp/ccDBQcoE.s 			page 1


   1              		.syntax unified
   2              		.cpu cortex-m4
   3              		.eabi_attribute 27, 1
   4              		.eabi_attribute 28, 1
   5              		.fpu fpv4-sp-d16
   6              		.eabi_attribute 20, 1
   7              		.eabi_attribute 21, 1
   8              		.eabi_attribute 23, 3
   9              		.eabi_attribute 24, 1
  10              		.eabi_attribute 25, 1
  11              		.eabi_attribute 26, 1
  12              		.eabi_attribute 30, 1
  13              		.eabi_attribute 34, 1
  14              		.eabi_attribute 18, 4
  15              		.thumb
  16              		.syntax unified
  17              		.file	"Vnh5019.cpp"
  18              		.text
  19              	.Ltext0:
  20              		.section	.gnu.lto_.profile.e70e8d2565f23995,"",%progbits
  21 0000 789C6361 		.ascii	"x\234ca`d`a`\000\222r\234\000\000\257\0002"
  21      60646061 
  21      60009272 
  21      9C0000AF 
  21      0032
  22              		.text
  23              		.section	.gnu.lto_.inline.e70e8d2565f23995,"",%progbits
  24 0000 789C6361 		.ascii	"x\234ca`d\000\001\017\006\004`f``afd`b|\301\316\300"
  24      60640001 
  24      0F060460 
  24      66606061 
  24      66646062 
  25 0018 DEA1CE04 		.ascii	"\336\241\316\004\021c\227\000\012\001Yl\013\344\301"
  25      11639700 
  25      0A01596C 
  25      0BE4C1
  26 0027 224CDC0C 		.ascii	"\"L\334\014\014\214\023\374\240\024\013\246\026\006"
  26      0C8C13FC 
  26      A0140BA6 
  26      1606
  27 0035 00EA1406 		.ascii	"\000\352\024\006}"
  27      7D
  28              		.text
  29              		.section	.gnu.lto_.jmpfuncs.e70e8d2565f23995,"",%progbits
  30 0000 789C6361 		.ascii	"x\234ca`d\000\001^\006\004`\206b\006\026 \006\000\002"
  30      60640001 
  30      5E060460 
  30      86620616 
  30      20060002 
  31 0014 5B001D   		.ascii	"[\000\035"
  32              		.text
  33              		.section	.gnu.lto_.pureconst.e70e8d2565f23995,"",%progbits
  34 0000 789C6361 		.ascii	"x\234ca`d\340f```e\220b\222`\226`\221b\225\000\000\003"
  34      6064E066 
  34      60606065 
  34      90629260 
  34      96609162 
ARM GAS  /tmp/ccDBQcoE.s 			page 2


  35 0018 F800A0   		.ascii	"\370\000\240"
  36              		.text
  37              		.section	.gnu.lto__ZN7Vnh5019D2Ev.e70e8d2565f23995,"",%progbits
  38 0000 789C5D50 		.ascii	"x\234]PMK\033Q\024\275\347\275\311d\374l\241\033A\027"
  38      4D4B1B51 
  38      14BDE7BD 
  38      C964FC6C 
  38      A11B4117 
  39 0014 EE44845A 		.ascii	"\356D\204Z\027\005\375\003\376\200.\372\007\272\261"
  39      1705FD03 
  39      FE802EFA 
  39      07BAB1
  40 0023 9B22B4E0 		.ascii	"\233\"\264\3402/\223\014(t1\010\212\221J\004\225\244"
  40      322F930C 
  40      28743108 
  40      8A914A04 
  40      95A4
  41 0035 AD89A636 		.ascii	"\255\211\2466q\321\205\203\240\202\340\327\302\205\340"
  41      71D18583 
  41      A082E0D7 
  41      C285E0
  42 0044 428CA460 		.ascii	"B\214\244`\027*j\005Q\323{G\027\325\007\217\373\361"
  42      172A6A05 
  42      51D37B47 
  42      17D5078F 
  42      FBF1
  43 0056 CE3DEF9C 		.ascii	"\316=\357\234k\021H\316\015\207\027\034\233\371B\023"
  43      6B1148CE 
  43      0D87171C 
  43      9BF94213 
  44 0066 94BF4914 		.ascii	"\224\277I\024w\024 \211q@1\205\030.\325\255\302Nr\376"
  44      77142089 
  44      71403185 
  44      182ED5AD 
  44      C24E72FE 
  45 007a 8BBE501E 		.ascii	"\213\276P\036\303,.\3176\306\313\215R\002\255\362z\374"
  45      C32C2ECF 
  45      36C6CB8D 
  45      5202ADF2 
  45      7AFC
  46 008c 3B59D79E 		.ascii	";Y\327\2361\3065\007+\275\251l`yZQU\021\262hA\006-\362"
  46      31C63507 
  46      2BBDA96C 
  46      60795A51 
  46      5511B268 
  47 00a4 C357B433 		.ascii	"\303W\2643\364|\367\244\\\243\237\2018\337K\257\016"
  47      F47CF7A4 
  47      5CA39F81 
  47      38DF4BAF 
  47      0E
  48 00b5 D96D33C6 		.ascii	"\331m3\306wMP\230EjR\3464\276A\377?\312-\302w\264\311"
  48      774D5098 
  48      456A52E6 
  48      34BE41FF 
  48      3FCA2DC2 
  49 00cc C461E16E 		.ascii	"\304a\341n\244\301N\032>\255\302\317\264\263\260\305"
  49      A4C14E1A 
ARM GAS  /tmp/ccDBQcoE.s 			page 3


  49      3EADC2CF 
  49      B4B3B0C5 
  50 00dc CEDC9BC0 		.ascii	"\316\334\233\300T\253\011\343\377q\"\354@\360t\312\000"
  50      54AB09E3 
  50      FF7122EC 
  50      40F074CA 
  50      00
  51 00ed B172A694 		.ascii	"\261r\246\224D]\201;Z\370\334\361\224G(\230(\007\233"
  51      445D813B 
  51      5AF8DCF1 
  51      94472898 
  51      28079B
  52 0100 5F46BDE5 		.ascii	"_F\275\345\255\2508\263B\211Wk\353\203\365iL\300\323"
  52      ADA838B3 
  52      4289576B 
  52      EB83F569 
  52      4CC0D3
  53 0113 918456C8 		.ascii	"\221\204V\310\213\027\356\317\034\271\371hgN\010\236"
  53      8B17EECF 
  53      1CB9F968 
  53      674E089E 
  54 0123 7BDAC61C 		.ascii	"{\332\306\034\322\270\023=\204yt2`\374\327\305zDx\024"
  54      D2B8133D 
  54      84797432 
  54      60FCD7C5 
  54      7A447814 
  55 0137 1C2E13D7 		.ascii	"\034.\023\327K\347\215\261[3\026\342\243C\232B\232\351"
  55      4BE78DB1 
  55      5B3316E2 
  55      A3439A42 
  55      9AE9
  56 0149 A9A55DC5 		.ascii	"\251\245]\305\364q?\354;\370\301\013/<\374\261\261\375"
  56      F4713FEC 
  56      3BF8C10B 
  56      2F3CFCB1 
  56      B1FD
  57 015b 7780479A 		.ascii	"w\200G\232\030\217\005\346\027\205\204\237\210Q\005"
  57      188F05E6 
  57      1785849F 
  57      885105
  58 016a CBFB782A 		.ascii	"\313\373x*\270\346\221\340\370\275\262Z\021]\024B\224"
  58      B8E691E0 
  58      F8BDB25A 
  58      115D1442 
  58      94
  59 017b 988201A9 		.ascii	"\230\202\001\251\203`8\322]2\203l\251\226\260\210n:"
  59      836038D2 
  59      5D32836C 
  59      A996B088 
  59      6E3A
  60 018d 861B142D 		.ascii	"\206\033\024-Y\003\243\305\303\251\202,\214\363\372"
  60      5903A3C5 
  60      C3A9822C 
  60      8CF3FA
  61 019c B71FFA5E 		.ascii	"\267\037\372^\277\352\352y\371\256\277\237\254O}\357"
  61      BFEAEA79 
  61      F9AEBF9F 
ARM GAS  /tmp/ccDBQcoE.s 			page 4


  61      AC4F7DEF 
  62 01ac 3FFE0343 		.ascii	"?\376\003C\345\265c"
  62      E5B563
  63              		.text
  64              		.section	.gnu.lto__ZTV7Vnh5019.e70e8d2565f23995,"",%progbits
  65 0000 789C6361 		.ascii	"x\234ca`d\000\201\351@\014a10\374eb\334\271\363\315"
  65      60640081 
  65      E9400C61 
  65      3130FC65 
  65      62DCB9F3 
  66 0015 6DF6FABF 		.ascii	"m\366\372\277\015\035\015\015\002\255\314\014\377\231"
  66      0D1D0D0D 
  66      02ADCC0C 
  66      FF99
  67 0023 70083382 		.ascii	"p\0103\202\205\257^\330\324\314\\\375\023*\314\310\250"
  67      85AF5ED8 
  67      D4CC5CFD 
  67      132ACCC8 
  67      A8
  68 0034 2503165E 		.ascii	"%\003\026^\377f\347O\336/L\255\314@e@\356\235\355\017"
  68      FF66E74F 
  68      DE2F4CAD 
  68      CC406540 
  68      EE9DED0F 
  69 0048 FA599054 		.ascii	"\372Y\220T\255b\204(\373w\362\364'>\213m q\207Vff\006"
  69      AD628428 
  69      FB77F2F4 
  69      273E8B6D 
  69      20718756 
  70 005f C6D58CD5 		.ascii	"\306\325\214\325\014\214+A\304\012\306z\006\306\345"
  70      0C8C2B41 
  70      C40AC67A 
  70      06C6E5
  71 006e 20620DA3 		.ascii	" b\015\243\005\003\000\225e8("
  71      05030095 
  71      653828
  72              		.text
  73              		.section	.gnu.lto__ZN7Vnh5019D0Ev.e70e8d2565f23995,"",%progbits
  74 0000 789C7590 		.ascii	"x\234u\220\275J\003Q\020\205\347\314\335l\"\376\202"
  74      BD4A0351 
  74      1085E7CC 
  74      DD6C22FE 
  74      82
  75 0011 A529D2C5 		.ascii	"\245)\322\3054\242\205E^\300\007\260\360\005lb#\001"
  75      34A28545 
  75      5EC007B0 
  75      F0056C62 
  75      2301
  76 0023 ED774C36 		.ascii	"\355wL6\240]\032\213\210\240\215$j4\246L\267\215v\012"
  76      A05D1A8B 
  76      88A08D24 
  76      6A34A64C 
  76      B78D760A 
  77 0037 16166223 		.ascii	"\026\026b#\246P\242`\202Z\306u\246\020l\034\270\314"
  77      A650A260 
  77      825AC675 
  77      A6106C1C 
ARM GAS  /tmp/ccDBQcoE.s 			page 5


  77      B8CC
  78 0049 CCBDDF9C 		.ascii	"\314\275\337\234\341\\\217@\026yM\323\232g\364\300\021"
  78      E15C8F40 
  78      16794DD3 
  78      9A67F4C0 
  78      11
  79 005a B87A43B4 		.ascii	"\270zC\264\225b\300\012I\201\002F\200/\0362n\303\213"
  79      9562C00A 
  79      49810246 
  79      802F1E32 
  79      6EC38B
  80 006d 7DF7C915 		.ascii	"}\367\311\025\305<m\007\327{\335\011k\201\214\275\366"
  80      C53C6D07 
  80      D77BDD09 
  80      6B818CBD 
  80      F6
  81 007e 9EC3D15C 		.ascii	"\236\303\321\\]\244$\217\227K\265F\344U\034S\314\204"
  81      5DA4248F 
  81      974BB546 
  81      E4551C53 
  81      CC84
  82 0090 06D2A823 		.ascii	"\006\322\250#m\033\216\221S\364\343\356\275;\342&AZ"
  82      6D1B8E91 
  82      53F4E3EE 
  82      BD3BE226 
  82      415A
  83 00a2 DF1F5CED 		.ascii	"\337\037\\\355\370\331#\251\226$j7Q;\2649\207\023\270"
  83      F8D923A9 
  83      96246A37 
  83      513BB439 
  83      8713B8
  84 00b5 BFA37A45 		.ascii	"\277\243zE8E\326&\236\332\337\273\343~(\032\031\323"
  84      3845D626 
  84      9EDADFBB 
  84      E37E281A 
  84      19D3
  85 00c7 57D9267C 		.ascii	"W\331&|\263\323Z\216$\216\313R}M%\324\201\361\324W\300"
  85      B3D35A8E 
  85      248ECB52 
  85      7D4D25D4 
  85      81F1D457 
  86 00dc AC0C982D 		.ascii	"\254\014\230-\273\027\204\263\306\233R\247\363\366\220"
  86      BB1784B3 
  86      C69B52A7 
  86      F3F690
  87 00eb 0C86B22D 		.ascii	"\014\206\262-2Uq^\314*\2023\004Tvj+A\377\263~\254r\204"
  87      3255715E 
  87      CC2A8233 
  87      0454766A 
  87      2B41FFB3 
  88 0103 F35F3649 		.ascii	"\363_6I=\260\241\332\331\267\366UJ\267i=\266\262^X\234"
  88      3DB0A1DA 
  88      D9B7F655 
  88      4AB7693D 
  88      B6B25E58 
  89 0118 5FC8CFAD 		.ascii	"_\310\317\255\026\213\344m\026\3266~\000\207\024o:"
  89      168BE46D 
ARM GAS  /tmp/ccDBQcoE.s 			page 6


  89      16D6367E 
  89      0087146F 
  89      3A
  90              		.text
  91              		.section	.gnu.lto__ZN7Vnh5019C2Ev.e70e8d2565f23995,"",%progbits
  92 0000 789C5D50 		.ascii	"x\234]P=K\202Q\030\275\347\336\327W\003\263\240%\310"
  92      3D4B8251 
  92      18BDE7DE 
  92      D75703B3 
  92      A025C8
  93 0013 C14D1CFA 		.ascii	"\301M\034\372\032\032\372\033\015-\215-\266DP\320\350"
  93      1A1AFA1B 
  93      0D2D8D2D 
  93      B64450D0 
  93      E8
  94 0024 F555419B 		.ascii	"\365UA\233\336%\211>p\250\250,\265\257\255!\011L\020"
  94      DE25893E 
  94      70A8A82C 
  94      B5AFAD21 
  94      094C10
  95 0037 AC0C1CDA 		.ascii	"\254\014\034\332\"\243\241%%+\010\324\236G\032\242\013"
  95      22A3A125 
  95      252B08D4 
  95      9E471AA2 
  95      0B
  96 0048 97E7E39E 		.ascii	"\227\347\343\236\347<\347\\C@\360IS\030\2408D\027J@"
  96      E73CE75C 
  96      4340F049 
  96      5318A038 
  96      44174A40 
  97 005c DA374284 		.ascii	"\3327B\204]\022\340D\273 B\022!|\310\226D%z\274\251"
  97      5D12E044 
  97      BB204212 
  97      217CC896 
  97      44257ABC 
  98 0071 9A324630 		.ascii	"\2322F0\203\312Fy\275\346\341\022\360Q\271\241\357\023"
  98      83CA4679 
  98      BDE6E112 
  98      F051B9A1 
  98      EF13
  99 0083 CEC09ED6 		.ascii	"\316\300\236\326\226~,\024\334+6bJ\212\216\024\330\207"
  99      967E2C14 
  99      DC2B3662 
  99      4A8A8E14 
  99      D887
 100 0095 177BF0F2 		.ascii	"\027{\360\362\206\003\004\010\372^}\253\365\250>\010"
 100      86030408 
 100      FA5E7DAB 
 100      F5A83E08 
 101 00a5 CA1F52D7 		.ascii	"\312\037R\327\011\323\277\253mK\347\213%w\234\307\024"
 101      09D3BFAB 
 101      6D4BE78B 
 101      25779CC7 
 101      14
 102 00b6 D2507F27 		.ascii	"\322P\177'\251%p\010?\017<\235\264W{\315\250\246\343"
 102      A9257008 
 102      3F0F3C9D 
ARM GAS  /tmp/ccDBQcoE.s 			page 7


 102      B4577BCD 
 102      A8A6E3
 103 00c9 637A623D 		.ascii	"czb=\202\311nrSy\335\351D\264=c\220~\206\213:\275\263"
 103      82C96E72 
 103      5379DDE9 
 103      44B43D63 
 103      907E868B 
 104 00e0 9186941C 		.ascii	"\221\206\224\034\325\013\254d\243\"\377\3230\003\361"
 104      D50BAC64 
 104      A322FFD3 
 104      3003F1
 105 00ef 6460D24B 		.ascii	"d`\322K2vu\353d_\262+\360\253X\212\273S\330\"]F\204"
 105      327675EB 
 105      645FB22B 
 105      F0AB588A 
 105      BB53D822 
 106 0106 7A597642 		.ascii	"zYvB\375\335g+\353\034\3150A\177L9\220C\012m\226#p\214"
 106      FDDD672B 
 106      EB1CCD30 
 106      417F4C39 
 106      90430A6D 
 107 011e 5102AC5F 		.ascii	"Q\002\254_4K\016\3461\341\2422\362}\371\356\011\265"
 107      344B0EE6 
 107      31E1A232 
 107      F27DF9EE 
 107      09B5
 108 0130 F45A17EF 		.ascii	"\364Z\027\357L(\321\245\331\331\276\254J\242\017\333"
 108      4C28D1A5 
 108      D9D9BEAC 
 108      4AA20FDB 
 109 0140 DDBE0BA7 		.ascii	"\335\276\013\247\364\335'\277;\312w\237\31342Hx\234"
 109      F4DD27BF 
 109      3BCA779F 
 109      CB343248 
 109      789C
 110 0152 113F2B14 		.ascii	"\021?+\0248GH\274\302\312\017\263l\222\304;\353$\226"
 110      384748BC 
 110      C2CA0FB3 
 110      6C92C43B 
 110      EB2496
 111 0165 0C52EE9E 		.ascii	"\014R\356\236\236\017N\214\215O\216\314.,\010c)8\267"
 111      9E0F4E8C 
 111      8D4F8ECC 
 111      2E2C0863 
 111      2938B7
 112 0178 F80356CB 		.ascii	"\370\003V\313\230!"
 112      9821
 113              		.text
 114              		.section	.gnu.lto_.symbol_nodes.e70e8d2565f23995,"",%progbits
 115 0000 789C558B 		.ascii	"x\234U\213\301\015\2000\014\003\235\244-\274\231\000"
 115      C10D8030 
 115      0C039DA4 
 115      2DBC9900 
 116 0010 24F64CFA 		.ascii	"$\366L\372\345\305\010\025O\346\340\315\014L\202H\221"
 116      E5C50815 
 116      4FE6E0CD 
 116      0C4C8248 
ARM GAS  /tmp/ccDBQcoE.s 			page 8


 116      91
 117 0021 A8843F96 		.ascii	"\250\204?\226\317v\000A\341\342\340\266\236\250i/\023"
 117      CF760041 
 117      E1E2E0B6 
 117      9EA8692F 
 117      13
 118 0032 103BE4A1 		.ascii	"\020;\344\241\026Q\351+\2262;H\312\277%\223J\003V\001"
 118      1651E92B 
 118      96323B48 
 118      CABF2593 
 118      4A035601 
 119 0046 6B6817F3 		.ascii	"kh\027\363\013\365\032_\000\230\215\200\010c\273n\022"
 119      0BF51A5F 
 119      00988D80 
 119      0863BB6E 
 119      12
 120 0057 4938DCF1 		.ascii	"I8\334\361\000\246\016\033\366"
 120      00A60E1B 
 120      F6
 121              		.text
 122              		.section	.gnu.lto_.refs.e70e8d2565f23995,"",%progbits
 123 0000 789C0DC7 		.ascii	"x\234\015\307\301\015\0000\014\00218\350\024\335\177"
 123      C10D0030 
 123      0C023138 
 123      E814DD7F 
 124 0010 CFF0B1E4 		.ascii	"\317\360\261\344\312\372\322\304\306@L\366\356~\251"
 124      CAFAD2C4 
 124      C6404CF6 
 124      EE7EA9
 125 001f 74065A00 		.ascii	"t\006Z\000N"
 125      4E
 126              		.text
 127              		.section	.gnu.lto_.decls.e70e8d2565f23995,"",%progbits
 128 0000 789C9555 		.ascii	"x\234\225U]L\024W\024\2363w\004\034v\205,\246\221\204"
 128      5D4C1457 
 128      149E3377 
 128      041C7685 
 128      2CA69184 
 129 0014 878DD186 		.ascii	"\207\215\321\206\224\224\212I\323\2641M\023K\332'\343"
 129      94948A49 
 129      D3B4314D 
 129      134BDA27 
 129      E3
 130 0025 83F0E0CB 		.ascii	"\203\360\340\313DpSI\266Hp\273\251\017M\006A$U[\350"
 130      44705349 
 130      B64870BB 
 130      A90F4D06 
 130      4124555B 
 131 003a 0F56A9ED 		.ascii	"\017V\251\355\2266\330*\305\025\225\352\312\337\342"
 131      9636D82A 
 131      C51595EA 
 131      CADFE2
 132 0049 1FAB8088 		.ascii	"\037\253\200\210XP`\201Z\015\206\266JEIk\211=\347\336"
 132      58506081 
 132      5A0D86B6 
 132      4A45496B 
 132      893DE7DE 
ARM GAS  /tmp/ccDBQcoE.s 			page 9


 133 005d 999DD988 		.ascii	"\231\235\331\210iz\3410\367\234\373\335\357\374\334"
 133      697AE130 
 133      F79CFBDD 
 133      EFFCDC
 134 006c 7B0F8A04 		.ascii	"{\017\212\004\022\015W\222$e\341\324\213\362\004\307"
 134      120D5792 
 134      2465E1D4 
 134      8BF204C7 
 135 007c 22B4E54B 		.ascii	"\"\264\345K\326H@iG\011\243\234C\211\240\364\240\\C"
 135      D6484069 
 135      4709A39C 
 135      4389A0F4 
 135      A05C43
 136 008f 21869B52 		.ascii	"!\206\233R\374 l2\361\242,E\311C\031A\011\241\234D\011"
 136      FC206C32 
 136      F1A22C45 
 136      C9431941 
 136      09A19C44 
 137 00a4 A28CA2DC 		.ascii	"\242\214\242\334@\031G\211\032<'\214o\3733xIWP&P\232"
 137      40194789 
 137      1A3C278C 
 137      6FFB3378 
 137      49575026 
 138 00ba 50D20C0E 		.ascii	"P\322\014\016\032\262\021[Xzz\220=i\201x\210\247\015"
 138      1AB2115B 
 138      587A7A90 
 138      3D698178 
 138      88A70D
 139 00cd 651265C0 		.ascii	"e\022e\300\3002\033\317\265\005\270(\367\3056\256\220"
 139      C0321BCF 
 139      B505B828 
 139      F7C536AE 
 139      90
 140 00de C165E695 		.ascii	"\301e\346\225g\313\315\236S\344\0319\315\313p\261\357"
 140      67CBCD9E 
 140      53E41939 
 140      CDCB70B1 
 140      EF
 141 00ef 516BCA08 		.ascii	"Qk\312\010\334\000\220\000R\001?\306\271Hd1\2764\001"
 141      DC009000 
 141      52013FC6 
 141      B9486431 
 141      BE3401
 142 0102 A1C892C1 		.ascii	"\241\310\222\301%P`R\001\377\301_\231\343\301\266\020"
 142      25506052 
 142      01FFC15F 
 142      99E3C1B6 
 142      10
 143 0113 87E367CC 		.ascii	"\207\343g\314\207e\"\270\030&\022\342I\211\325RQ\227"
 143      876522B8 
 143      182612E2 
 143      4989D552 
 143      5197
 144 0125 AD0D363E 		.ascii	"\255\0156>#z\303?\330\335rjf&\375Q\323\235\306$\206"
 144      237AC33F 
 144      D8DD726A 
 144      6626FD51 
ARM GAS  /tmp/ccDBQcoE.s 			page 10


 144      D39DC624 
 145 013a 9C38BF5A 		.ascii	"\2348\277Z\021\374\222\315\312\340RAAu\246\367\300\255"
 145      11FC92CD 
 145      CAE05241 
 145      4175A6F7 
 145      C0AD
 146 014c 25A82E55 		.ascii	"%\250.U\301\215j\3037\267\372\234\314\305\221\301\216"
 146      C18D6AC3 
 146      37B7FA9C 
 146      CCC591C1 
 146      8E
 147 015d C0FC12E6 		.ascii	"\300\374\022\346\346\363\371H\335\001yY\255\216\243"
 147      E6F3F948 
 147      DD017959 
 147      AD8EA3
 148 016c BA5C772B 		.ascii	"\272\\w+\260^\205\303\220\001?@\006:\373\021\226\231"
 148      B05E85C3 
 148      90013F40 
 148      063AFB11 
 148      9699
 149 017e 0596BBEF 		.ascii	"\005\226\273\357\367\336S\300\221\371\241\256\357 \254"
 149      F7DE53C0 
 149      91F9A1AE 
 149      EF20AC
 150 018d EB6D5A8E 		.ascii	"\353mZ\216\201\341(dB\0238\010\335@t\201\3762\035\017"
 150      81E12864 
 150      42133808 
 150      DD407481 
 150      FE321D0F 
 151 01a1 024DD008 		.ascii	"\002M\320\010\314vR\347\377\236\373%\321a\243!\210\345"
 151      CC7652E7 
 151      FF9EFB25 
 151      D161A321 
 151      88E5
 152 01b3 33283810 		.ascii	"3(8\020\270k\252CW\331\032\036\347P\333\347\225*\313"
 152      B86BAA43 
 152      57D91A1E 
 152      E750DBE7 
 152      952ACB
 153 01c6 E5F3F064 		.ascii	"\345\363\360d\177X\311n\3441\353\272|\220\305\270\027"
 153      7F58C96E 
 153      E431EBBA 
 153      7C90C5B8 
 153      17
 154 01d7 DD9EFEE3 		.ascii	"\335\236\376\343b\"\254H\313L\313\254'\007\0233\225"
 154      6222AC48 
 154      CB4CCBAC 
 154      27071333 
 154      95
 155 01e8 AFEDFFAE 		.ascii	"\257\355\377\256\263\202\021-\034\001\006'!\315\212"
 155      B382112D 
 155      1C010627 
 155      21CD8A
 156 01f7 F9257298 		.ascii	"\371%r\230\223AFI\252\321;\211\020\243V$\013r\012\323"
 156      93414649 
 156      AAD13B89 
 156      10A35624 
ARM GAS  /tmp/ccDBQcoE.s 			page 11


 156      0B720AD3 
 157 020b A23DC721 		.ascii	"\242=\307!\233\317O\300\012h\201L\211&f\252\235G\364"
 157      9BCF4FC0 
 157      0A68814C 
 157      892666AA 
 157      9D47F4
 158 021e 2A4CF527 		.ascii	"*L\365'\2045\013\027tR\264\353\030e\2760q\313\177\021"
 158      84350B17 
 158      7452B4EB 
 158      1865BE30 
 158      71CB7F11 
 159 0232 0790F8EE 		.ascii	"\007\220\370\356N\035t\02141#\226_\002N\213\225\250"
 159      4E1D7411 
 159      34312396 
 159      5F024E8B 
 159      95A8
 160 0244 393E1D58 		.ascii	"9>\035X\302\012yU\206\313?=\274\310^V{\246\022\204b"
 160      C20A7955 
 160      86CB3F3D 
 160      BCC85E56 
 160      7BA61284 
 161 0259 65DD7728 		.ascii	"e\335w(T\223\250\310\302\006\005\012\331~\255=zVI\337"
 161      5493A8C8 
 161      C206050A 
 161      D97EAD3D 
 161      7A5649DF 
 162 026d 675D833C 		.ascii	"g]\203<\373\221\264B:\376=C\341Sn\210\277;\330wG\376"
 162      FB91B442 
 162      3AFE3D43 
 162      E1536E88 
 162      BF3BD877 
 163 0283 1FF8D6C7 		.ascii	"\037\370\326\307\021\347\362\200\036\010\352\023Ww9"
 163      11E7F280 
 163      1E08EA13 
 163      577739
 164 0292 6ACAF56E 		.ascii	"j\312\365nL\317\015m\220\016\247\255\212}\317\357\011"
 164      4CCF0D6D 
 164      900EA7AD 
 164      8A7DCFEF 
 164      09
 165 02a3 1C8211BC 		.ascii	"\034\202\021\274\365\355\260\0347>\350{\2627\221}\300"
 165      F5EDB01C 
 165      373EE87B 
 165      B237917D 
 165      C0
 166 02b4 333C375B 		.ascii	"3<7[w\226\261\275\300\225\221=\247\332\025\244\234\010"
 166      7796B1BD 
 166      C095913D 
 166      A7DA15A4 
 166      9C08
 167 02c6 EA7AB3AE 		.ascii	"\352z\263\256C\005\346-s\302N\213\260\003\247/d\360"
 167      4305E62D 
 167      73C24E8B 
 167      B003A72F 
 167      64F0
 168 02d8 928539DD 		.ascii	"\222\2059\335\256\233\373*\235\354\200\240\230\252\035"
 168      AE9BFB2A 
ARM GAS  /tmp/ccDBQcoE.s 			page 12


 168      9DEC80A0 
 168      98AA1D
 169 02e7 7E9E1D16 		.ascii	"~\236\035\026\363=\201\221\007N\223\256\312Nw\326\242"
 169      F33D8191 
 169      074E93AE 
 169      CA4E77D6 
 169      A2
 170 02f8 EBC26956 		.ascii	"\353\302iVF,\302s\234\362q\377X\225\312\316\010\232"
 170      462CC273 
 170      9CF271FF 
 170      5895CACE 
 170      089A
 171 030a BEDB3D98 		.ascii	"\276\333=\230\317e\241,T\350\376\257v\334S\355\205\013"
 171      CF65A12C 
 171      54E8FEAF 
 171      76DC53ED 
 171      850B
 172 031c C55DFE6E 		.ascii	"\305]\376n^\271\213\266\312\215\227\005\023E\345:\033"
 172      5EB98BB6 
 172      CA8D9705 
 172      1345E53A 
 172      1B
 173 032d 12BAF11A 		.ascii	"\022\272\361\032\271\011\004\027\254\250\316\333\253"
 173      B9090417 
 173      ACA8CEDB 
 173      AB
 174 033a 16E1314D 		.ascii	"\026\3411M\315}V\256\262a\021\306\275\235\247\353\023"
 174      CD7D56AE 
 174      B26111C6 
 174      BD9DA7EB 
 174      13
 175 034b D894509E 		.ascii	"\330\224P\236TGO\244\010>\243le\230'1^\266\030/\031"
 175      54474FA4 
 175      083EA36C 
 175      65982731 
 175      5EB6182F 
 176 0360 EF157A38 		.ascii	"\357\025z8\333\245\2461\215=\024\373\365\350t\035\260"
 176      DBA5A631 
 176      8D3D14FB 
 176      F5E8741D 
 176      B0
 177 0371 7F84D2D4 		.ascii	"\177\204\322\324\3708\250\362\004\363\314\374v\037;"
 177      F838A8F2 
 177      04F3CCFC 
 177      761F3B
 178 0380 D226B33D 		.ascii	"\322&\263=\242%\3256\367\037t\340:\364sB\264\214\315"
 178      A225D536 
 178      F71F74E0 
 178      3AF47342 
 178      B48CCD
 179 0393 CED539EC 		.ascii	"\316\3259\354\355&\37793{\270JY\017P\307\201+\240\010"
 179      ED26FF39 
 179      337BB84A 
 179      590F50C7 
 179      812BA008 
 180 03a7 7C30341F 		.ascii	"|04\037\342\307R\215\027\007\366\007\272*\334\004\201"
 180      E2C7528D 
ARM GAS  /tmp/ccDBQcoE.s 			page 13


 180      1707F607 
 180      BA2ADC04 
 180      81
 181 03b8 BED86380 		.ascii	"\276\330c\200^3\330k<\330\337[{\2560\366\265\010`\340"
 181      5E33D86B 
 181      3CD8DF5B 
 181      7BAE30F6 
 181      B50860E0 
 182 03cc 7ECFC164 		.ascii	"~\317\301d\321\023SQm\271\023\271\240\212\236\250\003"
 182      D1135351 
 182      6DB913B9 
 182      A08A9EA8 
 182      03
 183 03dd EA5D7F06 		.ascii	"\352]\177\006\0179\3042\243\363\212\266\374\345P\253"
 183      0F39C432 
 183      A3F38AB6 
 183      FCE550AB 
 184 03ed 8CE0F005 		.ascii	"\214\340\360\005\271\354\275p\030T\211:\006\014\241"
 184      B9ECBD70 
 184      1854893A 
 184      060CA1
 185 03fc 8AE8C9C9 		.ascii	"\212\350\311\311\353S\314Umt\2417\024\336\306~F\370"
 185      EB53CC55 
 185      6D74A137 
 185      14DEC67E 
 185      46F8
 186 040e 750EBF01 		.ascii	"u\016\277\001.s\023\241\243\017\347\352\235+\277\325"
 186      2E7313A1 
 186      A30FE7EA 
 186      9D2BBFD5 
 187 041e EF07784F 		.ascii	"\357\007xO*\373\255S!\010\014\032-\311\332H\226\015"
 187      2AFBAD53 
 187      21080C1A 
 187      2DC9DA48 
 187      960D
 188 0430 58B39BB0 		.ascii	"X\263\233\260\222\272\372\243\241Q\331|\325\325\317"
 188      92BAFAA3 
 188      A151D97C 
 188      D5D5CF
 189 043f 7AD578F4 		.ascii	"z\325x\364\016j\346\015\275\237\250\366\026@\036,\360"
 189      0E6AE60D 
 189      BD9FA8F6 
 189      16401E2C 
 189      F0
 190 0450 A8011E25 		.ascii	"\250\001\036%\260\374\305\345\217\303I\330*\353)\003"
 190      B0FCC5E5 
 190      8FC349D8 
 190      2AEB2903 
 191 0460 BC0BA952 		.ascii	"\274\013\251R\254GF\205\017)\326 %jb\242,qML\342P\272"
 191      AC474685 
 191      0F29D620 
 191      256A62A2 
 191      2C714D4C 
 192 0477 3530C6BB 		.ascii	"50\306\273\026\31752\327<\252:w[aD\343b\036\007'\017"
 192      16CF3532 
 192      D73CAA3A 
 192      775B6144 
ARM GAS  /tmp/ccDBQcoE.s 			page 14


 192      E3621E07 
 193 048d 03BF089E 		.ascii	"\003\277\010\236\256\035lK\261\307Lo\316\002O\0301O"
 193      AE1D6C4B 
 193      B1C74C6F 
 193      CE024F18 
 193      314F
 194 049f F004DB67 		.ascii	"\360\004\333g\302\215\213\355\340\001\333\177 \011&"
 194      C28D8BED 
 194      E001DB7F 
 194      200926
 195 04ae 0D307D53 		.ascii	"\0150}S\264\215\353^\311/\336\362\362\252\234W\337\\"
 195      B48DEB5E 
 195      C92FDEF2 
 195      F2AA9C57 
 195      DF5C
 196 04c0 9DEB776A 		.ascii	"\235\353wj\376\022_i\266aI\3214\277\257\300\253\241"
 196      FE125F69 
 196      B66149D1 
 196      34BFAFC0 
 196      ABA1
 197 04d2 49F36D2F 		.ascii	"I\363m/\361$\257)x\257\310\353{\261\250\370u)\311\334"
 197      F124AF29 
 197      78AFC8EB 
 197      7BB1A8F8 
 197      7529C9DC 
 198 04e6 96687CD5 		.ascii	"\226h|\325\267\326\345\271\327fe\345\344H\252a\312\336"
 198      B7D6E5B9 
 198      D76665E5 
 198      E448AA61 
 198      CADE
 199 04f8 223934AD 		.ascii	"\"94\255`\3236\217\266\331\267\265\324\3550\355\205"
 199      60D3368F 
 199      B6D9B7B5 
 199      D4ED30ED 
 199      85
 200 0509 2525F1AE 		.ascii	"%%\361\256sr\375\210,\334\372n\211@\306-\256\312\365"
 200      7372FD88 
 200      2CDCFA6E 
 200      8940C62D 
 200      AECAF5
 201 051c A76ADA66 		.ascii	"\247j\332f\217\327\343+*~\347i\300\332\325|7\367S\370"
 201      8FD7E32B 
 201      2A7EE769 
 201      C0DAD57C 
 201      37F753F8 
 202 0530 D4A28D9A 		.ascii	"\324\242\215\232/&h\0337{\327\373S\266\226xJ7\221\201"
 202      2F26681B 
 202      377BD7FB 
 202      53B69678 
 202      4A379181 
 203 0544 137B5C9E 		.ascii	"\023{\\\236\367}\236\322\342M^\357v\315_\264\255\250"
 203      F77D9ED2 
 203      E24D5EEF 
 203      76CD5FB4 
 203      ADA8
 204 0556 C0EB7168 		.ascii	"\300\353qh\0337\344\233<\377\002/}\265\207"
 204      1B37E49B 
ARM GAS  /tmp/ccDBQcoE.s 			page 15


 204      3CFF022F 
 204      7DB587
 205              		.text
 206              		.section	.gnu.lto_.symtab.e70e8d2565f23995,"",%progbits
 207 0000 5F5A4E37 		.ascii	"_ZN7Vnh5019D2Ev\000"
 207      566E6835 
 207      30313944 
 207      32457600 
 208 0010 00       		.ascii	"\000"
 209 0011 00       		.ascii	"\000"
 210 0012 00       		.ascii	"\000"
 211 0013 00000000 		.ascii	"\000\000\000\000\000\000\000\000"
 211      00000000 
 212 001b BE000000 		.ascii	"\276\000\000\000"
 213 001f 5F5A5456 		.ascii	"_ZTV7Vnh5019\000"
 213      37566E68 
 213      35303139 
 213      00
 214 002c 00       		.ascii	"\000"
 215 002d 00       		.ascii	"\000"
 216 002e 00       		.ascii	"\000"
 217 002f 00000000 		.ascii	"\000\000\000\000\000\000\000\000"
 217      00000000 
 218 0037 DA000000 		.ascii	"\332\000\000\000"
 219 003b 5F5A4E37 		.ascii	"_ZN7Vnh5019D1Ev\000"
 219      566E6835 
 219      30313944 
 219      31457600 
 220 004b 00       		.ascii	"\000"
 221 004c 00       		.ascii	"\000"
 222 004d 00       		.ascii	"\000"
 223 004e 00000000 		.ascii	"\000\000\000\000\000\000\000\000"
 223      00000000 
 224 0056 C1000000 		.ascii	"\301\000\000\000"
 225 005a 5F5A4E37 		.ascii	"_ZN7Vnh5019D0Ev\000"
 225      566E6835 
 225      30313944 
 225      30457600 
 226 006a 00       		.ascii	"\000"
 227 006b 00       		.ascii	"\000"
 228 006c 00       		.ascii	"\000"
 229 006d 00000000 		.ascii	"\000\000\000\000\000\000\000\000"
 229      00000000 
 230 0075 C4000000 		.ascii	"\304\000\000\000"
 231 0079 5F5A4E37 		.ascii	"_ZN7Vnh5019C2Ev\000"
 231      566E6835 
 231      30313943 
 231      32457600 
 232 0089 00       		.ascii	"\000"
 233 008a 00       		.ascii	"\000"
 234 008b 00       		.ascii	"\000"
 235 008c 00000000 		.ascii	"\000\000\000\000\000\000\000\000"
 235      00000000 
 236 0094 C9000000 		.ascii	"\311\000\000\000"
 237 0098 5F5A4E37 		.ascii	"_ZN7Vnh5019C1Ev\000"
 237      566E6835 
 237      30313943 
ARM GAS  /tmp/ccDBQcoE.s 			page 16


 237      31457600 
 238 00a8 00       		.ascii	"\000"
 239 00a9 00       		.ascii	"\000"
 240 00aa 00       		.ascii	"\000"
 241 00ab 00000000 		.ascii	"\000\000\000\000\000\000\000\000"
 241      00000000 
 242 00b3 CC000000 		.ascii	"\314\000\000\000"
 243 00b7 5F5A646C 		.ascii	"_ZdlPv\000"
 243      507600
 244 00be 00       		.ascii	"\000"
 245 00bf 02       		.ascii	"\002"
 246 00c0 00       		.ascii	"\000"
 247 00c1 00000000 		.ascii	"\000\000\000\000\000\000\000\000"
 247      00000000 
 248 00c9 D3000000 		.ascii	"\323\000\000\000"
 249              		.text
 250              		.section	.gnu.lto_.opts,"",%progbits
 251 0000 272D666D 		.ascii	"'-fmath-errno' '-fsigned-zeros' '-ftrapping-math' '"
 251      6174682D 
 251      6572726E 
 251      6F272027 
 251      2D667369 
 252 0033 2D666E6F 		.ascii	"-fno-trapv' '-fno-strict-overflow' '-fno-openmp' '-"
 252      2D747261 
 252      70762720 
 252      272D666E 
 252      6F2D7374 
 253 0066 666E6F2D 		.ascii	"fno-openacc' '-mcpu=cortex-m4' '-mthumb' '-mfloat-a"
 253      6F70656E 
 253      61636327 
 253      20272D6D 
 253      6370753D 
 254 0099 62693D68 		.ascii	"bi=hard' '-mfpu=fpv4-sp-d16' '-g' '-ggdb' '-Og' '-f"
 254      61726427 
 254      20272D6D 
 254      6670753D 
 254      66707634 
 255 00cc 6F6D6974 		.ascii	"omit-frame-pointer' '-falign-functions=16' '-ffunct"
 255      2D667261 
 255      6D652D70 
 255      6F696E74 
 255      65722720 
 256 00ff 696F6E2D 		.ascii	"ion-sections' '-fdata-sections' '-fno-common' '-flt"
 256      73656374 
 256      696F6E73 
 256      2720272D 
 256      66646174 
 257 0132 6F272027 		.ascii	"o' '-fno-exceptions'\000"
 257      2D666E6F 
 257      2D657863 
 257      65707469 
 257      6F6E7327 
 258              		.text
 259              		.comm	__gnu_lto_v1,1,1
 260              		.comm	__gnu_lto_slim,1,1
 261              		.ident	"GCC: (15:5.4.1+svn241155-1) 5.4.1 20160919"
ARM GAS  /tmp/ccDBQcoE.s 			page 17


DEFINED SYMBOLS
                            *ABS*:0000000000000000 Vnh5019.cpp
                            *COM*:0000000000000001 __gnu_lto_v1
                            *COM*:0000000000000001 __gnu_lto_slim

NO UNDEFINED SYMBOLS
