ARM GAS  /tmp/ccYU6Ird.s 			page 1


   1              		.cpu cortex-m4
   2              		.arch armv7e-m
   3              		.fpu fpv4-sp-d16
   4              		.eabi_attribute 27, 1
   5              		.eabi_attribute 28, 1
   6              		.eabi_attribute 20, 1
   7              		.eabi_attribute 21, 1
   8              		.eabi_attribute 23, 3
   9              		.eabi_attribute 24, 1
  10              		.eabi_attribute 25, 1
  11              		.eabi_attribute 26, 1
  12              		.eabi_attribute 30, 1
  13              		.eabi_attribute 34, 1
  14              		.eabi_attribute 18, 4
  15              		.file	"crt1.c"
  16              		.file 1 "/home/cheff/dev_tools/gcc-arm-none-eabi-10.3-2021.10/arm-none-eabi/include/machine/_defau
  17              		.file 2 "/home/cheff/dev_tools/gcc-arm-none-eabi-10.3-2021.10/arm-none-eabi/include/sys/_stdint.h"
  18              		.file 3 "../../../ChibiOS//os/common/startup/ARMCMx/compilers/GCC/crt1.c"
  19              		.section	.gnu.debuglto_.debug_info,"e",%progbits
  20              	.Ldebug_info0:
  21              		.hidden	crt1.c.70feac64
  22              		.weak	crt1.c.70feac64
  23              	crt1.c.70feac64:
  24 0000 C4020000 		.4byte	0x2c4
  25 0004 0400     		.2byte	0x4
  26 0006 00000000 		.4byte	.Ldebug_abbrev0
  27 000a 04       		.byte	0x4
  28 000b 01       		.uleb128 0x1
  29 000c 86030000 		.4byte	.LASF52
  30 0010 0C       		.byte	0xc
  31 0011 3D000000 		.4byte	.LASF53
  32 0015 DD010000 		.4byte	.LASF54
  33 0019 00000000 		.4byte	.Ldebug_line0
  34 001d 02       		.uleb128 0x2
  35 001e 01       		.byte	0x1
  36 001f 06       		.byte	0x6
  37 0020 20010000 		.4byte	.LASF0
  38 0024 02       		.uleb128 0x2
  39 0025 01       		.byte	0x1
  40 0026 08       		.byte	0x8
  41 0027 C0010000 		.4byte	.LASF1
  42 002b 02       		.uleb128 0x2
  43 002c 02       		.byte	0x2
  44 002d 05       		.byte	0x5
  45 002e 3C030000 		.4byte	.LASF2
  46 0032 02       		.uleb128 0x2
  47 0033 02       		.byte	0x2
  48 0034 07       		.byte	0x7
  49 0035 B4000000 		.4byte	.LASF3
  50 0039 02       		.uleb128 0x2
  51 003a 04       		.byte	0x4
  52 003b 05       		.byte	0x5
  53 003c 6D030000 		.4byte	.LASF4
  54 0040 03       		.uleb128 0x3
  55 0041 1E020000 		.4byte	.LASF9
  56 0045 01       		.byte	0x1
  57 0046 4F       		.byte	0x4f
ARM GAS  /tmp/ccYU6Ird.s 			page 2


  58 0047 19       		.byte	0x19
  59 0048 4C000000 		.4byte	0x4c
  60 004c 02       		.uleb128 0x2
  61 004d 04       		.byte	0x4
  62 004e 07       		.byte	0x7
  63 004f 65010000 		.4byte	.LASF5
  64 0053 02       		.uleb128 0x2
  65 0054 08       		.byte	0x8
  66 0055 05       		.byte	0x5
  67 0056 E9020000 		.4byte	.LASF6
  68 005a 02       		.uleb128 0x2
  69 005b 08       		.byte	0x8
  70 005c 07       		.byte	0x7
  71 005d 95020000 		.4byte	.LASF7
  72 0061 04       		.uleb128 0x4
  73 0062 04       		.byte	0x4
  74 0063 05       		.byte	0x5
  75 0064 696E7400 		.ascii	"int\000"
  76 0068 02       		.uleb128 0x2
  77 0069 04       		.byte	0x4
  78 006a 07       		.byte	0x7
  79 006b 88020000 		.4byte	.LASF8
  80 006f 03       		.uleb128 0x3
  81 0070 64030000 		.4byte	.LASF10
  82 0074 02       		.byte	0x2
  83 0075 30       		.byte	0x30
  84 0076 14       		.byte	0x14
  85 0077 40000000 		.4byte	0x40
  86 007b 05       		.uleb128 0x5
  87 007c 10       		.byte	0x10
  88 007d 03       		.byte	0x3
  89 007e 39       		.byte	0x39
  90 007f 09       		.byte	0x9
  91 0080 B9000000 		.4byte	0xb9
  92 0084 06       		.uleb128 0x6
  93 0085 46030000 		.4byte	.LASF11
  94 0089 03       		.byte	0x3
  95 008a 3A       		.byte	0x3a
  96 008b 1A       		.byte	0x1a
  97 008c B9000000 		.4byte	0xb9
  98 0090 00       		.byte	0
  99 0091 06       		.uleb128 0x6
 100 0092 8D000000 		.4byte	.LASF12
 101 0096 03       		.byte	0x3
 102 0097 3B       		.byte	0x3b
 103 0098 1A       		.byte	0x1a
 104 0099 B9000000 		.4byte	0xb9
 105 009d 04       		.byte	0x4
 106 009e 06       		.uleb128 0x6
 107 009f 3F010000 		.4byte	.LASF13
 108 00a3 03       		.byte	0x3
 109 00a4 3C       		.byte	0x3c
 110 00a5 1A       		.byte	0x1a
 111 00a6 B9000000 		.4byte	0xb9
 112 00aa 08       		.byte	0x8
 113 00ab 06       		.uleb128 0x6
 114 00ac CC020000 		.4byte	.LASF14
ARM GAS  /tmp/ccYU6Ird.s 			page 3


 115 00b0 03       		.byte	0x3
 116 00b1 3D       		.byte	0x3d
 117 00b2 1A       		.byte	0x1a
 118 00b3 B9000000 		.4byte	0xb9
 119 00b7 0C       		.byte	0xc
 120 00b8 00       		.byte	0
 121 00b9 07       		.uleb128 0x7
 122 00ba 04       		.byte	0x4
 123 00bb 6F000000 		.4byte	0x6f
 124 00bf 03       		.uleb128 0x3
 125 00c0 29020000 		.4byte	.LASF15
 126 00c4 03       		.byte	0x3
 127 00c5 3E       		.byte	0x3e
 128 00c6 03       		.byte	0x3
 129 00c7 7B000000 		.4byte	0x7b
 130 00cb 08       		.uleb128 0x8
 131 00cc BF000000 		.4byte	0xbf
 132 00d0 09       		.uleb128 0x9
 133 00d1 A1000000 		.4byte	.LASF16
 134 00d5 03       		.byte	0x3
 135 00d6 45       		.byte	0x45
 136 00d7 11       		.byte	0x11
 137 00d8 6F000000 		.4byte	0x6f
 138 00dc 09       		.uleb128 0x9
 139 00dd 77010000 		.4byte	.LASF17
 140 00e1 03       		.byte	0x3
 141 00e2 45       		.byte	0x45
 142 00e3 25       		.byte	0x25
 143 00e4 6F000000 		.4byte	0x6f
 144 00e8 09       		.uleb128 0x9
 145 00e9 55030000 		.4byte	.LASF18
 146 00ed 03       		.byte	0x3
 147 00ee 45       		.byte	0x45
 148 00ef 34       		.byte	0x34
 149 00f0 6F000000 		.4byte	0x6f
 150 00f4 09       		.uleb128 0x9
 151 00f5 2D000000 		.4byte	.LASF19
 152 00f9 03       		.byte	0x3
 153 00fa 45       		.byte	0x45
 154 00fb 44       		.byte	0x44
 155 00fc 6F000000 		.4byte	0x6f
 156 0100 09       		.uleb128 0x9
 157 0101 07030000 		.4byte	.LASF20
 158 0105 03       		.byte	0x3
 159 0106 48       		.byte	0x48
 160 0107 11       		.byte	0x11
 161 0108 6F000000 		.4byte	0x6f
 162 010c 09       		.uleb128 0x9
 163 010d D2000000 		.4byte	.LASF21
 164 0111 03       		.byte	0x3
 165 0112 48       		.byte	0x48
 166 0113 25       		.byte	0x25
 167 0114 6F000000 		.4byte	0x6f
 168 0118 09       		.uleb128 0x9
 169 0119 93010000 		.4byte	.LASF22
 170 011d 03       		.byte	0x3
 171 011e 48       		.byte	0x48
ARM GAS  /tmp/ccYU6Ird.s 			page 4


 172 011f 34       		.byte	0x34
 173 0120 6F000000 		.4byte	0x6f
 174 0124 09       		.uleb128 0x9
 175 0125 76030000 		.4byte	.LASF23
 176 0129 03       		.byte	0x3
 177 012a 48       		.byte	0x48
 178 012b 44       		.byte	0x44
 179 012c 6F000000 		.4byte	0x6f
 180 0130 09       		.uleb128 0x9
 181 0131 0B020000 		.4byte	.LASF24
 182 0135 03       		.byte	0x3
 183 0136 4B       		.byte	0x4b
 184 0137 11       		.byte	0x11
 185 0138 6F000000 		.4byte	0x6f
 186 013c 09       		.uleb128 0x9
 187 013d 11000000 		.4byte	.LASF25
 188 0141 03       		.byte	0x3
 189 0142 4B       		.byte	0x4b
 190 0143 25       		.byte	0x25
 191 0144 6F000000 		.4byte	0x6f
 192 0148 09       		.uleb128 0x9
 193 0149 1A030000 		.4byte	.LASF26
 194 014d 03       		.byte	0x3
 195 014e 4B       		.byte	0x4b
 196 014f 34       		.byte	0x34
 197 0150 6F000000 		.4byte	0x6f
 198 0154 09       		.uleb128 0x9
 199 0155 F7020000 		.4byte	.LASF27
 200 0159 03       		.byte	0x3
 201 015a 4B       		.byte	0x4b
 202 015b 44       		.byte	0x44
 203 015c 6F000000 		.4byte	0x6f
 204 0160 09       		.uleb128 0x9
 205 0161 2C010000 		.4byte	.LASF28
 206 0165 03       		.byte	0x3
 207 0166 4E       		.byte	0x4e
 208 0167 11       		.byte	0x11
 209 0168 6F000000 		.4byte	0x6f
 210 016c 09       		.uleb128 0x9
 211 016d B2010000 		.4byte	.LASF29
 212 0171 03       		.byte	0x3
 213 0172 4E       		.byte	0x4e
 214 0173 25       		.byte	0x25
 215 0174 6F000000 		.4byte	0x6f
 216 0178 09       		.uleb128 0x9
 217 0179 01010000 		.4byte	.LASF30
 218 017d 03       		.byte	0x3
 219 017e 4E       		.byte	0x4e
 220 017f 34       		.byte	0x34
 221 0180 6F000000 		.4byte	0x6f
 222 0184 09       		.uleb128 0x9
 223 0185 D9020000 		.4byte	.LASF31
 224 0189 03       		.byte	0x3
 225 018a 4E       		.byte	0x4e
 226 018b 44       		.byte	0x44
 227 018c 6F000000 		.4byte	0x6f
 228 0190 09       		.uleb128 0x9
ARM GAS  /tmp/ccYU6Ird.s 			page 5


 229 0191 29030000 		.4byte	.LASF32
 230 0195 03       		.byte	0x3
 231 0196 51       		.byte	0x51
 232 0197 11       		.byte	0x11
 233 0198 6F000000 		.4byte	0x6f
 234 019c 09       		.uleb128 0x9
 235 019d 5B020000 		.4byte	.LASF33
 236 01a1 03       		.byte	0x3
 237 01a2 51       		.byte	0x51
 238 01a3 25       		.byte	0x25
 239 01a4 6F000000 		.4byte	0x6f
 240 01a8 09       		.uleb128 0x9
 241 01a9 69020000 		.4byte	.LASF34
 242 01ad 03       		.byte	0x3
 243 01ae 51       		.byte	0x51
 244 01af 34       		.byte	0x34
 245 01b0 6F000000 		.4byte	0x6f
 246 01b4 09       		.uleb128 0x9
 247 01b5 78020000 		.4byte	.LASF35
 248 01b9 03       		.byte	0x3
 249 01ba 51       		.byte	0x51
 250 01bb 44       		.byte	0x44
 251 01bc 6F000000 		.4byte	0x6f
 252 01c0 09       		.uleb128 0x9
 253 01c1 39020000 		.4byte	.LASF36
 254 01c5 03       		.byte	0x3
 255 01c6 54       		.byte	0x54
 256 01c7 11       		.byte	0x11
 257 01c8 6F000000 		.4byte	0x6f
 258 01cc 09       		.uleb128 0x9
 259 01cd 85010000 		.4byte	.LASF37
 260 01d1 03       		.byte	0x3
 261 01d2 54       		.byte	0x54
 262 01d3 25       		.byte	0x25
 263 01d4 6F000000 		.4byte	0x6f
 264 01d8 09       		.uleb128 0x9
 265 01d9 63040000 		.4byte	.LASF38
 266 01dd 03       		.byte	0x3
 267 01de 54       		.byte	0x54
 268 01df 34       		.byte	0x34
 269 01e0 6F000000 		.4byte	0x6f
 270 01e4 09       		.uleb128 0x9
 271 01e5 A2010000 		.4byte	.LASF39
 272 01e9 03       		.byte	0x3
 273 01ea 54       		.byte	0x54
 274 01eb 44       		.byte	0x44
 275 01ec 6F000000 		.4byte	0x6f
 276 01f0 09       		.uleb128 0x9
 277 01f1 EE000000 		.4byte	.LASF40
 278 01f5 03       		.byte	0x3
 279 01f6 57       		.byte	0x57
 280 01f7 11       		.byte	0x11
 281 01f8 6F000000 		.4byte	0x6f
 282 01fc 09       		.uleb128 0x9
 283 01fd E0000000 		.4byte	.LASF41
 284 0201 03       		.byte	0x3
 285 0202 57       		.byte	0x57
ARM GAS  /tmp/ccYU6Ird.s 			page 6


 286 0203 25       		.byte	0x25
 287 0204 6F000000 		.4byte	0x6f
 288 0208 09       		.uleb128 0x9
 289 0209 56010000 		.4byte	.LASF42
 290 020d 03       		.byte	0x3
 291 020e 57       		.byte	0x57
 292 020f 34       		.byte	0x34
 293 0210 6F000000 		.4byte	0x6f
 294 0214 09       		.uleb128 0x9
 295 0215 10010000 		.4byte	.LASF43
 296 0219 03       		.byte	0x3
 297 021a 57       		.byte	0x57
 298 021b 44       		.byte	0x44
 299 021c 6F000000 		.4byte	0x6f
 300 0220 09       		.uleb128 0x9
 301 0221 AC020000 		.4byte	.LASF44
 302 0225 03       		.byte	0x3
 303 0226 5A       		.byte	0x5a
 304 0227 11       		.byte	0x11
 305 0228 6F000000 		.4byte	0x6f
 306 022c 09       		.uleb128 0x9
 307 022d 1F000000 		.4byte	.LASF45
 308 0231 03       		.byte	0x3
 309 0232 5A       		.byte	0x5a
 310 0233 25       		.byte	0x25
 311 0234 6F000000 		.4byte	0x6f
 312 0238 09       		.uleb128 0x9
 313 0239 4C020000 		.4byte	.LASF46
 314 023d 03       		.byte	0x3
 315 023e 5A       		.byte	0x5a
 316 023f 34       		.byte	0x34
 317 0240 6F000000 		.4byte	0x6f
 318 0244 09       		.uleb128 0x9
 319 0245 7D000000 		.4byte	.LASF47
 320 0249 03       		.byte	0x3
 321 024a 5A       		.byte	0x5a
 322 024b 44       		.byte	0x44
 323 024c 6F000000 		.4byte	0x6f
 324 0250 0A       		.uleb128 0xa
 325 0251 CB000000 		.4byte	0xcb
 326 0255 60020000 		.4byte	0x260
 327 0259 0B       		.uleb128 0xb
 328 025a 68000000 		.4byte	0x68
 329 025e 07       		.byte	0x7
 330 025f 00       		.byte	0
 331 0260 08       		.uleb128 0x8
 332 0261 50020000 		.4byte	0x250
 333 0265 0C       		.uleb128 0xc
 334 0266 97000000 		.4byte	.LASF48
 335 026a 03       		.byte	0x3
 336 026b 61       		.byte	0x61
 337 026c 1E       		.byte	0x1e
 338 026d 60020000 		.4byte	0x260
 339 0271 0D       		.uleb128 0xd
 340 0272 00000000 		.4byte	.LASF55
 341 0276 03       		.byte	0x3
 342 0277 EC       		.byte	0xec
ARM GAS  /tmp/ccYU6Ird.s 			page 7


 343 0278 06       		.byte	0x6
 344 0279 A1020000 		.4byte	0x2a1
 345 027d 0E       		.uleb128 0xe
 346 027e 72617000 		.ascii	"rap\000"
 347 0282 03       		.byte	0x3
 348 0283 EE       		.byte	0xee
 349 0284 1A       		.byte	0x1a
 350 0285 A1020000 		.4byte	0x2a1
 351 0289 0F       		.uleb128 0xf
 352 028a 0E       		.uleb128 0xe
 353 028b 747000   		.ascii	"tp\000"
 354 028e 03       		.byte	0x3
 355 028f F1       		.byte	0xf1
 356 0290 0F       		.byte	0xf
 357 0291 B9000000 		.4byte	0xb9
 358 0295 0E       		.uleb128 0xe
 359 0296 7000     		.ascii	"p\000"
 360 0298 03       		.byte	0x3
 361 0299 F2       		.byte	0xf2
 362 029a 0F       		.byte	0xf
 363 029b B9000000 		.4byte	0xb9
 364 029f 00       		.byte	0
 365 02a0 00       		.byte	0
 366 02a1 07       		.uleb128 0x7
 367 02a2 04       		.byte	0x4
 368 02a3 CB000000 		.4byte	0xcb
 369 02a7 10       		.uleb128 0x10
 370 02a8 CE010000 		.4byte	.LASF56
 371 02ac 03       		.byte	0x3
 372 02ad BB       		.byte	0xbb
 373 02ae 06       		.byte	0x6
 374 02af 11       		.uleb128 0x11
 375 02b0 4A010000 		.4byte	.LASF49
 376 02b4 03       		.byte	0x3
 377 02b5 AE       		.byte	0xae
 378 02b6 06       		.byte	0x6
 379 02b7 11       		.uleb128 0x11
 380 02b8 BF020000 		.4byte	.LASF50
 381 02bc 03       		.byte	0x3
 382 02bd A0       		.byte	0xa0
 383 02be 06       		.byte	0x6
 384 02bf 11       		.uleb128 0x11
 385 02c0 C7000000 		.4byte	.LASF51
 386 02c4 03       		.byte	0x3
 387 02c5 8D       		.byte	0x8d
 388 02c6 06       		.byte	0x6
 389 02c7 00       		.byte	0
 390              		.section	.gnu.debuglto_.debug_abbrev,"e",%progbits
 391              	.Ldebug_abbrev0:
 392 0000 01       		.uleb128 0x1
 393 0001 11       		.uleb128 0x11
 394 0002 01       		.byte	0x1
 395 0003 25       		.uleb128 0x25
 396 0004 0E       		.uleb128 0xe
 397 0005 13       		.uleb128 0x13
 398 0006 0B       		.uleb128 0xb
 399 0007 03       		.uleb128 0x3
ARM GAS  /tmp/ccYU6Ird.s 			page 8


 400 0008 0E       		.uleb128 0xe
 401 0009 1B       		.uleb128 0x1b
 402 000a 0E       		.uleb128 0xe
 403 000b 10       		.uleb128 0x10
 404 000c 17       		.uleb128 0x17
 405 000d 00       		.byte	0
 406 000e 00       		.byte	0
 407 000f 02       		.uleb128 0x2
 408 0010 24       		.uleb128 0x24
 409 0011 00       		.byte	0
 410 0012 0B       		.uleb128 0xb
 411 0013 0B       		.uleb128 0xb
 412 0014 3E       		.uleb128 0x3e
 413 0015 0B       		.uleb128 0xb
 414 0016 03       		.uleb128 0x3
 415 0017 0E       		.uleb128 0xe
 416 0018 00       		.byte	0
 417 0019 00       		.byte	0
 418 001a 03       		.uleb128 0x3
 419 001b 16       		.uleb128 0x16
 420 001c 00       		.byte	0
 421 001d 03       		.uleb128 0x3
 422 001e 0E       		.uleb128 0xe
 423 001f 3A       		.uleb128 0x3a
 424 0020 0B       		.uleb128 0xb
 425 0021 3B       		.uleb128 0x3b
 426 0022 0B       		.uleb128 0xb
 427 0023 39       		.uleb128 0x39
 428 0024 0B       		.uleb128 0xb
 429 0025 49       		.uleb128 0x49
 430 0026 13       		.uleb128 0x13
 431 0027 00       		.byte	0
 432 0028 00       		.byte	0
 433 0029 04       		.uleb128 0x4
 434 002a 24       		.uleb128 0x24
 435 002b 00       		.byte	0
 436 002c 0B       		.uleb128 0xb
 437 002d 0B       		.uleb128 0xb
 438 002e 3E       		.uleb128 0x3e
 439 002f 0B       		.uleb128 0xb
 440 0030 03       		.uleb128 0x3
 441 0031 08       		.uleb128 0x8
 442 0032 00       		.byte	0
 443 0033 00       		.byte	0
 444 0034 05       		.uleb128 0x5
 445 0035 13       		.uleb128 0x13
 446 0036 01       		.byte	0x1
 447 0037 0B       		.uleb128 0xb
 448 0038 0B       		.uleb128 0xb
 449 0039 3A       		.uleb128 0x3a
 450 003a 0B       		.uleb128 0xb
 451 003b 3B       		.uleb128 0x3b
 452 003c 0B       		.uleb128 0xb
 453 003d 39       		.uleb128 0x39
 454 003e 0B       		.uleb128 0xb
 455 003f 01       		.uleb128 0x1
 456 0040 13       		.uleb128 0x13
ARM GAS  /tmp/ccYU6Ird.s 			page 9


 457 0041 00       		.byte	0
 458 0042 00       		.byte	0
 459 0043 06       		.uleb128 0x6
 460 0044 0D       		.uleb128 0xd
 461 0045 00       		.byte	0
 462 0046 03       		.uleb128 0x3
 463 0047 0E       		.uleb128 0xe
 464 0048 3A       		.uleb128 0x3a
 465 0049 0B       		.uleb128 0xb
 466 004a 3B       		.uleb128 0x3b
 467 004b 0B       		.uleb128 0xb
 468 004c 39       		.uleb128 0x39
 469 004d 0B       		.uleb128 0xb
 470 004e 49       		.uleb128 0x49
 471 004f 13       		.uleb128 0x13
 472 0050 38       		.uleb128 0x38
 473 0051 0B       		.uleb128 0xb
 474 0052 00       		.byte	0
 475 0053 00       		.byte	0
 476 0054 07       		.uleb128 0x7
 477 0055 0F       		.uleb128 0xf
 478 0056 00       		.byte	0
 479 0057 0B       		.uleb128 0xb
 480 0058 0B       		.uleb128 0xb
 481 0059 49       		.uleb128 0x49
 482 005a 13       		.uleb128 0x13
 483 005b 00       		.byte	0
 484 005c 00       		.byte	0
 485 005d 08       		.uleb128 0x8
 486 005e 26       		.uleb128 0x26
 487 005f 00       		.byte	0
 488 0060 49       		.uleb128 0x49
 489 0061 13       		.uleb128 0x13
 490 0062 00       		.byte	0
 491 0063 00       		.byte	0
 492 0064 09       		.uleb128 0x9
 493 0065 34       		.uleb128 0x34
 494 0066 00       		.byte	0
 495 0067 03       		.uleb128 0x3
 496 0068 0E       		.uleb128 0xe
 497 0069 3A       		.uleb128 0x3a
 498 006a 0B       		.uleb128 0xb
 499 006b 3B       		.uleb128 0x3b
 500 006c 0B       		.uleb128 0xb
 501 006d 39       		.uleb128 0x39
 502 006e 0B       		.uleb128 0xb
 503 006f 49       		.uleb128 0x49
 504 0070 13       		.uleb128 0x13
 505 0071 3F       		.uleb128 0x3f
 506 0072 19       		.uleb128 0x19
 507 0073 3C       		.uleb128 0x3c
 508 0074 19       		.uleb128 0x19
 509 0075 00       		.byte	0
 510 0076 00       		.byte	0
 511 0077 0A       		.uleb128 0xa
 512 0078 01       		.uleb128 0x1
 513 0079 01       		.byte	0x1
ARM GAS  /tmp/ccYU6Ird.s 			page 10


 514 007a 49       		.uleb128 0x49
 515 007b 13       		.uleb128 0x13
 516 007c 01       		.uleb128 0x1
 517 007d 13       		.uleb128 0x13
 518 007e 00       		.byte	0
 519 007f 00       		.byte	0
 520 0080 0B       		.uleb128 0xb
 521 0081 21       		.uleb128 0x21
 522 0082 00       		.byte	0
 523 0083 49       		.uleb128 0x49
 524 0084 13       		.uleb128 0x13
 525 0085 2F       		.uleb128 0x2f
 526 0086 0B       		.uleb128 0xb
 527 0087 00       		.byte	0
 528 0088 00       		.byte	0
 529 0089 0C       		.uleb128 0xc
 530 008a 34       		.uleb128 0x34
 531 008b 00       		.byte	0
 532 008c 03       		.uleb128 0x3
 533 008d 0E       		.uleb128 0xe
 534 008e 3A       		.uleb128 0x3a
 535 008f 0B       		.uleb128 0xb
 536 0090 3B       		.uleb128 0x3b
 537 0091 0B       		.uleb128 0xb
 538 0092 39       		.uleb128 0x39
 539 0093 0B       		.uleb128 0xb
 540 0094 49       		.uleb128 0x49
 541 0095 13       		.uleb128 0x13
 542 0096 00       		.byte	0
 543 0097 00       		.byte	0
 544 0098 0D       		.uleb128 0xd
 545 0099 2E       		.uleb128 0x2e
 546 009a 01       		.byte	0x1
 547 009b 3F       		.uleb128 0x3f
 548 009c 19       		.uleb128 0x19
 549 009d 03       		.uleb128 0x3
 550 009e 0E       		.uleb128 0xe
 551 009f 3A       		.uleb128 0x3a
 552 00a0 0B       		.uleb128 0xb
 553 00a1 3B       		.uleb128 0x3b
 554 00a2 0B       		.uleb128 0xb
 555 00a3 39       		.uleb128 0x39
 556 00a4 0B       		.uleb128 0xb
 557 00a5 27       		.uleb128 0x27
 558 00a6 19       		.uleb128 0x19
 559 00a7 01       		.uleb128 0x1
 560 00a8 13       		.uleb128 0x13
 561 00a9 00       		.byte	0
 562 00aa 00       		.byte	0
 563 00ab 0E       		.uleb128 0xe
 564 00ac 34       		.uleb128 0x34
 565 00ad 00       		.byte	0
 566 00ae 03       		.uleb128 0x3
 567 00af 08       		.uleb128 0x8
 568 00b0 3A       		.uleb128 0x3a
 569 00b1 0B       		.uleb128 0xb
 570 00b2 3B       		.uleb128 0x3b
ARM GAS  /tmp/ccYU6Ird.s 			page 11


 571 00b3 0B       		.uleb128 0xb
 572 00b4 39       		.uleb128 0x39
 573 00b5 0B       		.uleb128 0xb
 574 00b6 49       		.uleb128 0x49
 575 00b7 13       		.uleb128 0x13
 576 00b8 00       		.byte	0
 577 00b9 00       		.byte	0
 578 00ba 0F       		.uleb128 0xf
 579 00bb 0B       		.uleb128 0xb
 580 00bc 01       		.byte	0x1
 581 00bd 00       		.byte	0
 582 00be 00       		.byte	0
 583 00bf 10       		.uleb128 0x10
 584 00c0 2E       		.uleb128 0x2e
 585 00c1 00       		.byte	0
 586 00c2 3F       		.uleb128 0x3f
 587 00c3 19       		.uleb128 0x19
 588 00c4 03       		.uleb128 0x3
 589 00c5 0E       		.uleb128 0xe
 590 00c6 3A       		.uleb128 0x3a
 591 00c7 0B       		.uleb128 0xb
 592 00c8 3B       		.uleb128 0x3b
 593 00c9 0B       		.uleb128 0xb
 594 00ca 39       		.uleb128 0x39
 595 00cb 0B       		.uleb128 0xb
 596 00cc 27       		.uleb128 0x27
 597 00cd 19       		.uleb128 0x19
 598 00ce 8701     		.uleb128 0x87
 599 00d0 19       		.uleb128 0x19
 600 00d1 00       		.byte	0
 601 00d2 00       		.byte	0
 602 00d3 11       		.uleb128 0x11
 603 00d4 2E       		.uleb128 0x2e
 604 00d5 00       		.byte	0
 605 00d6 3F       		.uleb128 0x3f
 606 00d7 19       		.uleb128 0x19
 607 00d8 03       		.uleb128 0x3
 608 00d9 0E       		.uleb128 0xe
 609 00da 3A       		.uleb128 0x3a
 610 00db 0B       		.uleb128 0xb
 611 00dc 3B       		.uleb128 0x3b
 612 00dd 0B       		.uleb128 0xb
 613 00de 39       		.uleb128 0x39
 614 00df 0B       		.uleb128 0xb
 615 00e0 27       		.uleb128 0x27
 616 00e1 19       		.uleb128 0x19
 617 00e2 00       		.byte	0
 618 00e3 00       		.byte	0
 619 00e4 00       		.byte	0
 620              		.section	.gnu.debuglto_.debug_line,"e",%progbits
 621              	.Ldebug_line0:
 622 0000 20010000 		.4byte	.LELT0-.LSLT0
 623              	.LSLT0:
 624 0004 0400     		.2byte	0x4
 625 0006 1A010000 		.4byte	.LELTP0-.LASLTP0
 626              	.LASLTP0:
 627 000a 01       		.byte	0x1
ARM GAS  /tmp/ccYU6Ird.s 			page 12


 628 000b 01       		.byte	0x1
 629 000c 01       		.byte	0x1
 630 000d F6       		.byte	0xf6
 631 000e F2       		.byte	0xf2
 632 000f 0D       		.byte	0xd
 633 0010 00       		.byte	0
 634 0011 01       		.byte	0x1
 635 0012 01       		.byte	0x1
 636 0013 01       		.byte	0x1
 637 0014 01       		.byte	0x1
 638 0015 00       		.byte	0
 639 0016 00       		.byte	0
 640 0017 00       		.byte	0
 641 0018 01       		.byte	0x1
 642 0019 00       		.byte	0
 643 001a 00       		.byte	0
 644 001b 01       		.byte	0x1
 645 001c 2E2E2F2E 		.ascii	"../../../ChibiOS//os/common/startup/ARMCMx/compiler"
 645      2E2F2E2E 
 645      2F436869 
 645      62694F53 
 645      2F2F6F73 
 646 004f 732F4743 		.ascii	"s/GCC"
 646      43
 647 0054 00       		.byte	0
 648 0055 2F686F6D 		.ascii	"/home/cheff/dev_tools/gcc-arm-none-eabi-10.3-2021.1"
 648      652F6368 
 648      6566662F 
 648      6465765F 
 648      746F6F6C 
 649 0088 302F6172 		.ascii	"0/arm-none-eabi/include/machine"
 649      6D2D6E6F 
 649      6E652D65 
 649      6162692F 
 649      696E636C 
 650 00a7 00       		.byte	0
 651 00a8 2F686F6D 		.ascii	"/home/cheff/dev_tools/gcc-arm-none-eabi-10.3-2021.1"
 651      652F6368 
 651      6566662F 
 651      6465765F 
 651      746F6F6C 
 652 00db 302F6172 		.ascii	"0/arm-none-eabi/include/sys"
 652      6D2D6E6F 
 652      6E652D65 
 652      6162692F 
 652      696E636C 
 653 00f6 00       		.byte	0
 654 00f7 00       		.byte	0
 655 00f8 5F646566 		.ascii	"_default_types.h\000"
 655      61756C74 
 655      5F747970 
 655      65732E68 
 655      00
 656 0109 02       		.uleb128 0x2
 657 010a 00       		.uleb128 0
 658 010b 00       		.uleb128 0
 659 010c 5F737464 		.ascii	"_stdint.h\000"
ARM GAS  /tmp/ccYU6Ird.s 			page 13


 659      696E742E 
 659      6800
 660 0116 03       		.uleb128 0x3
 661 0117 00       		.uleb128 0
 662 0118 00       		.uleb128 0
 663 0119 63727431 		.ascii	"crt1.c\000"
 663      2E6300
 664 0120 01       		.uleb128 0x1
 665 0121 00       		.uleb128 0
 666 0122 00       		.uleb128 0
 667 0123 00       		.byte	0
 668              	.LELTP0:
 669              	.LELT0:
 670              		.section	.gnu.debuglto_.debug_str,"eMS",%progbits,1
 671              	.LASF55:
 672 0000 5F5F696E 		.ascii	"__init_ram_areas\000"
 672      69745F72 
 672      616D5F61 
 672      72656173 
 672      00
 673              	.LASF25:
 674 0011 5F5F7261 		.ascii	"__ram2_init__\000"
 674      6D325F69 
 674      6E69745F 
 674      5F00
 675              	.LASF45:
 676 001f 5F5F7261 		.ascii	"__ram7_init__\000"
 676      6D375F69 
 676      6E69745F 
 676      5F00
 677              	.LASF19:
 678 002d 5F5F7261 		.ascii	"__ram0_noinit__\000"
 678      6D305F6E 
 678      6F696E69 
 678      745F5F00 
 679              	.LASF53:
 680 003d 2E2E2F2E 		.ascii	"../../../ChibiOS//os/common/startup/ARMCMx/compiler"
 680      2E2F2E2E 
 680      2F436869 
 680      62694F53 
 680      2F2F6F73 
 681 0070 732F4743 		.ascii	"s/GCC/crt1.c\000"
 681      432F6372 
 681      74312E63 
 681      00
 682              	.LASF47:
 683 007d 5F5F7261 		.ascii	"__ram7_noinit__\000"
 683      6D375F6E 
 683      6F696E69 
 683      745F5F00 
 684              	.LASF12:
 685 008d 696E6974 		.ascii	"init_area\000"
 685      5F617265 
 685      6100
 686              	.LASF48:
 687 0097 72616D5F 		.ascii	"ram_areas\000"
 687      61726561 
ARM GAS  /tmp/ccYU6Ird.s 			page 14


 687      7300
 688              	.LASF16:
 689 00a1 5F5F7261 		.ascii	"__ram0_init_text__\000"
 689      6D305F69 
 689      6E69745F 
 689      74657874 
 689      5F5F00
 690              	.LASF3:
 691 00b4 73686F72 		.ascii	"short unsigned int\000"
 691      7420756E 
 691      7369676E 
 691      65642069 
 691      6E7400
 692              	.LASF51:
 693 00c7 5F5F6370 		.ascii	"__cpu_init\000"
 693      755F696E 
 693      697400
 694              	.LASF21:
 695 00d2 5F5F7261 		.ascii	"__ram1_init__\000"
 695      6D315F69 
 695      6E69745F 
 695      5F00
 696              	.LASF41:
 697 00e0 5F5F7261 		.ascii	"__ram6_init__\000"
 697      6D365F69 
 697      6E69745F 
 697      5F00
 698              	.LASF40:
 699 00ee 5F5F7261 		.ascii	"__ram6_init_text__\000"
 699      6D365F69 
 699      6E69745F 
 699      74657874 
 699      5F5F00
 700              	.LASF30:
 701 0101 5F5F7261 		.ascii	"__ram3_clear__\000"
 701      6D335F63 
 701      6C656172 
 701      5F5F00
 702              	.LASF43:
 703 0110 5F5F7261 		.ascii	"__ram6_noinit__\000"
 703      6D365F6E 
 703      6F696E69 
 703      745F5F00 
 704              	.LASF0:
 705 0120 7369676E 		.ascii	"signed char\000"
 705      65642063 
 705      68617200 
 706              	.LASF28:
 707 012c 5F5F7261 		.ascii	"__ram3_init_text__\000"
 707      6D335F69 
 707      6E69745F 
 707      74657874 
 707      5F5F00
 708              	.LASF13:
 709 013f 636C6561 		.ascii	"clear_area\000"
 709      725F6172 
 709      656100
ARM GAS  /tmp/ccYU6Ird.s 			page 15


 710              	.LASF49:
 711 014a 5F5F6C61 		.ascii	"__late_init\000"
 711      74655F69 
 711      6E697400 
 712              	.LASF42:
 713 0156 5F5F7261 		.ascii	"__ram6_clear__\000"
 713      6D365F63 
 713      6C656172 
 713      5F5F00
 714              	.LASF5:
 715 0165 6C6F6E67 		.ascii	"long unsigned int\000"
 715      20756E73 
 715      69676E65 
 715      6420696E 
 715      7400
 716              	.LASF17:
 717 0177 5F5F7261 		.ascii	"__ram0_init__\000"
 717      6D305F69 
 717      6E69745F 
 717      5F00
 718              	.LASF37:
 719 0185 5F5F7261 		.ascii	"__ram5_init__\000"
 719      6D355F69 
 719      6E69745F 
 719      5F00
 720              	.LASF22:
 721 0193 5F5F7261 		.ascii	"__ram1_clear__\000"
 721      6D315F63 
 721      6C656172 
 721      5F5F00
 722              	.LASF39:
 723 01a2 5F5F7261 		.ascii	"__ram5_noinit__\000"
 723      6D355F6E 
 723      6F696E69 
 723      745F5F00 
 724              	.LASF29:
 725 01b2 5F5F7261 		.ascii	"__ram3_init__\000"
 725      6D335F69 
 725      6E69745F 
 725      5F00
 726              	.LASF1:
 727 01c0 756E7369 		.ascii	"unsigned char\000"
 727      676E6564 
 727      20636861 
 727      7200
 728              	.LASF56:
 729 01ce 5F5F6465 		.ascii	"__default_exit\000"
 729      6661756C 
 729      745F6578 
 729      697400
 730              	.LASF54:
 731 01dd 2F686F6D 		.ascii	"/home/cheff/git/asserv_nucleo3/src/Robots/PMI\000"
 731      652F6368 
 731      6566662F 
 731      6769742F 
 731      61737365 
 732              	.LASF24:
ARM GAS  /tmp/ccYU6Ird.s 			page 16


 733 020b 5F5F7261 		.ascii	"__ram2_init_text__\000"
 733      6D325F69 
 733      6E69745F 
 733      74657874 
 733      5F5F00
 734              	.LASF9:
 735 021e 5F5F7569 		.ascii	"__uint32_t\000"
 735      6E743332 
 735      5F7400
 736              	.LASF15:
 737 0229 72616D5F 		.ascii	"ram_init_area_t\000"
 737      696E6974 
 737      5F617265 
 737      615F7400 
 738              	.LASF36:
 739 0239 5F5F7261 		.ascii	"__ram5_init_text__\000"
 739      6D355F69 
 739      6E69745F 
 739      74657874 
 739      5F5F00
 740              	.LASF46:
 741 024c 5F5F7261 		.ascii	"__ram7_clear__\000"
 741      6D375F63 
 741      6C656172 
 741      5F5F00
 742              	.LASF33:
 743 025b 5F5F7261 		.ascii	"__ram4_init__\000"
 743      6D345F69 
 743      6E69745F 
 743      5F00
 744              	.LASF34:
 745 0269 5F5F7261 		.ascii	"__ram4_clear__\000"
 745      6D345F63 
 745      6C656172 
 745      5F5F00
 746              	.LASF35:
 747 0278 5F5F7261 		.ascii	"__ram4_noinit__\000"
 747      6D345F6E 
 747      6F696E69 
 747      745F5F00 
 748              	.LASF8:
 749 0288 756E7369 		.ascii	"unsigned int\000"
 749      676E6564 
 749      20696E74 
 749      00
 750              	.LASF7:
 751 0295 6C6F6E67 		.ascii	"long long unsigned int\000"
 751      206C6F6E 
 751      6720756E 
 751      7369676E 
 751      65642069 
 752              	.LASF44:
 753 02ac 5F5F7261 		.ascii	"__ram7_init_text__\000"
 753      6D375F69 
 753      6E69745F 
 753      74657874 
 753      5F5F00
ARM GAS  /tmp/ccYU6Ird.s 			page 17


 754              	.LASF50:
 755 02bf 5F5F6561 		.ascii	"__early_init\000"
 755      726C795F 
 755      696E6974 
 755      00
 756              	.LASF14:
 757 02cc 6E6F5F69 		.ascii	"no_init_area\000"
 757      6E69745F 
 757      61726561 
 757      00
 758              	.LASF31:
 759 02d9 5F5F7261 		.ascii	"__ram3_noinit__\000"
 759      6D335F6E 
 759      6F696E69 
 759      745F5F00 
 760              	.LASF6:
 761 02e9 6C6F6E67 		.ascii	"long long int\000"
 761      206C6F6E 
 761      6720696E 
 761      7400
 762              	.LASF27:
 763 02f7 5F5F7261 		.ascii	"__ram2_noinit__\000"
 763      6D325F6E 
 763      6F696E69 
 763      745F5F00 
 764              	.LASF20:
 765 0307 5F5F7261 		.ascii	"__ram1_init_text__\000"
 765      6D315F69 
 765      6E69745F 
 765      74657874 
 765      5F5F00
 766              	.LASF26:
 767 031a 5F5F7261 		.ascii	"__ram2_clear__\000"
 767      6D325F63 
 767      6C656172 
 767      5F5F00
 768              	.LASF32:
 769 0329 5F5F7261 		.ascii	"__ram4_init_text__\000"
 769      6D345F69 
 769      6E69745F 
 769      74657874 
 769      5F5F00
 770              	.LASF2:
 771 033c 73686F72 		.ascii	"short int\000"
 771      7420696E 
 771      7400
 772              	.LASF11:
 773 0346 696E6974 		.ascii	"init_text_area\000"
 773      5F746578 
 773      745F6172 
 773      656100
 774              	.LASF18:
 775 0355 5F5F7261 		.ascii	"__ram0_clear__\000"
 775      6D305F63 
 775      6C656172 
 775      5F5F00
 776              	.LASF10:
ARM GAS  /tmp/ccYU6Ird.s 			page 18


 777 0364 75696E74 		.ascii	"uint32_t\000"
 777      33325F74 
 777      00
 778              	.LASF4:
 779 036d 6C6F6E67 		.ascii	"long int\000"
 779      20696E74 
 779      00
 780              	.LASF23:
 781 0376 5F5F7261 		.ascii	"__ram1_noinit__\000"
 781      6D315F6E 
 781      6F696E69 
 781      745F5F00 
 782              	.LASF52:
 783 0386 474E5520 		.ascii	"GNU C17 10.3.1 20210824 (release) -mcpu=cortex-m4 -"
 783      43313720 
 783      31302E33 
 783      2E312032 
 783      30323130 
 784 03b9 6D746875 		.ascii	"mthumb -mfloat-abi=hard -mfpu=fpv4-sp-d16 -march=ar"
 784      6D62202D 
 784      6D666C6F 
 784      61742D61 
 784      62693D68 
 785 03ec 6D763765 		.ascii	"mv7e-m+fp -g -ggdb -Og -fomit-frame-pointer -falign"
 785      2D6D2B66 
 785      70202D67 
 785      202D6767 
 785      6462202D 
 786 041f 2D66756E 		.ascii	"-functions=16 -ffunction-sections -fdata-sections -"
 786      6374696F 
 786      6E733D31 
 786      36202D66 
 786      66756E63 
 787 0452 666E6F2D 		.ascii	"fno-common -flto\000"
 787      636F6D6D 
 787      6F6E202D 
 787      666C746F 
 787      00
 788              	.LASF38:
 789 0463 5F5F7261 		.ascii	"__ram5_clear__\000"
 789      6D355F63 
 789      6C656172 
 789      5F5F00
 790              		.text
 791              		.section	.gnu.lto_.profile.4438a67cb2d2394c,"e",%progbits
 792 0000 789C6362 		.ascii	"x\234cb\000\001\000\000\022\000\003"
 792      00010000 
 792      120003
 793              		.text
 794              		.section	.gnu.lto_.inline.4438a67cb2d2394c,"e",%progbits
 795 0000 789C5BC3 		.ascii	"x\234[\303\200\000\254\014\014\314\015@\300\224\302"
 795      8000AC0C 
 795      0CCC0D40 
 795      C094C2
 796 000f C8C0C4C0 		.ascii	"\310\300\304\300\320\010d\32610\260A\204\230@B\014\214"
 796      D00864D6 
 796      3130B041 
ARM GAS  /tmp/ccYU6Ird.s 			page 19


 796      84984042 
 796      0C8C
 797 0021 04553011 		.ascii	"\004U0\021T\301\014$\301\342\310*X \014\210\012\026"
 797      54C10C24 
 797      C1E2C82A 
 797      58200C88 
 797      0A16
 798 0033 06917747 		.ascii	"\006\221wG\327md\316\001\252P\002\26260\347\240\231"
 798      D76D64CE 
 798      01AA5002 
 798      B23630E7 
 798      A099
 799 0045 C1000068 		.ascii	"\301\000\000hr(\001"
 799      722801
 800              		.text
 801              		.section	.gnu.lto_.jmpfuncs.4438a67cb2d2394c,"e",%progbits
 802 0000 789C1364 		.ascii	"x\234\023d@\000V fd``b``f``\001r\000\002\245\000!"
 802      40005620 
 802      66646060 
 802      62606066 
 802      60600172 
 803              		.text
 804              		.section	.gnu.lto_.pureconst.4438a67cb2d2394c,"e",%progbits
 805 0000 789C1360 		.ascii	"x\234\023````e\230\301\3028\203\205i\006\013\363\026"
 805      60606065 
 805      98C1C238 
 805      83856906 
 805      0BF316
 806 0013 1696592C 		.ascii	"\026\226Y,\000\032\274\003J"
 806      001ABC03 
 806      4A
 807              		.text
 808              		.section	.gnu.lto_.lto.4438a67cb2d2394c,"e",%progbits
 809 0000 09000400 		.ascii	"\011\000\004\000\001\000\000\000"
 809      01000000 
 810              		.text
 811              		.section	.gnu.lto_ram_areas.130.4438a67cb2d2394c,"e",%progbits
 812 0000 789C5DCF 		.ascii	"x\234]\317\273O\333P\024\307q\377rIR(m\322\362(\245"
 812      BB4FDB50 
 812      14C771FF 
 812      72495228 
 812      6DD2F228 
 813 0015 A1FC0355 		.ascii	"\241\374\003U\256\002\023[Q\006\304\020\025\321?\240"
 813      AE02135B 
 813      5106C410 
 813      15D13FA0 
 814 0025 2496D344 		.ascii	"$\226\323DJb\260\035\304\030E\014,]2\303P)\003\177\000"
 814      4A62B01D 
 814      C418450C 
 814      2C5D32C3 
 814      5029037F 
 815 003a B4BC4B9F 		.ascii	"\264\274K\237\320\367\373M_\003\320\005&\252v\350\200"
 815      D0F7FB4D 
 815      5F03D005 
 815      26AA76E8 
 815      80
 816 004b 73E2D8D2 		.ascii	"s\342\330\322\261\254\243\253\257}\365\321Y\023\212"
ARM GAS  /tmp/ccYU6Ird.s 			page 20


 816      B1ACA3AB 
 816      AF7DF5D1 
 816      59138A
 817 005a 32A1D49F 		.ascii	"2\241\324\237Y\201i\224K\245\377\225\033\177o\206\252"
 817      59816994 
 817      4BA5FF95 
 817      1B7F6F86 
 817      AA
 818 006b 4299175E 		.ascii	"B\231\027^\374}\211\002\274\020\241\340s\303\274\217"
 818      FC7D8902 
 818      BC10A1E0 
 818      73C3BC8F 
 819 007b 82A88581 		.ascii	"\202\250\205\201\362L)\\\025\230\023\012n\333\023\270"
 819      F24C295C 
 819      1598130A 
 819      6EDB13B8 
 820 008b 654F1F16 		.ascii	"eO\037\026\355)\260\000\373\227\212\250\332!\330\270"
 820      ED29B000 
 820      FB978AA8 
 820      DA21D8B8 
 821 009b FDEF8F43 		.ascii	"\375\357\217C6q\322\317\311\000'\203\234\\'r\215\310"
 821      3671D2CF 
 821      C9002783 
 821      9C5C2772 
 821      8DC8
 822 00ad 5522573C 		.ascii	"U\"W<2\320\270\275t\344\220'8\331\314\311\026N\236\344"
 822      32D0B8BD 
 822      74E49027 
 822      38D9CCC9 
 822      164E9EE4 
 823 00c1 E47D22EF 		.ascii	"\344}\"\357\021y\227\310M\217\364\273[\036:d+'Oq\362"
 823      117997C8 
 823      4D8FF4BB 
 823      5B1E3A64 
 823      2B274F71 
 824 00d6 3427439C 		.ascii	"4'C\234|L\3446\221[D>\362\310&w\313\003\207\014s\362"
 824      7C4CE436 
 824      915B443E 
 824      F2C82677 
 824      CB03870C 
 825 00ec 0C27CF72 		.ascii	"\014'\317r\262\215\223/\211|A\344s\"\237y\244p\267\334"
 825      B28D932F 
 825      897C41E4 
 825      73229F79 
 825      A470B7DC 
 826 0100 77C8764E 		.ascii	"w\310vNvp\262\223\223\3478\371\236\310wD\276%\362\215"
 826      7670B293 
 826      93E738F9 
 826      9EC87744 
 826      BE25F28D 
 827 0114 47FADC2D 		.ascii	"G\372\334-\367\034\262\213\223\3479\331\315\311\013"
 827      F71CB28B 
 827      93E739D9 
 827      CDC90B
 828 0123 9CFC4AE4 		.ascii	"\234\374J\344\027\"?\023\371\011.\264\353@\021\016\365"
 828      17223F13 
 828      F9092EB4 
ARM GAS  /tmp/ccYU6Ird.s 			page 21


 828      EB40110E 
 828      F5
 829 0134 70E82287 		.ascii	"p\350\"\207z9\364\223\240\037\004}'\350\033}\037\253"
 829      7A39F493 
 829      A01F047D 
 829      27E81B7D 
 829      1FAB
 830 0146 DAC7187E 		.ascii	"\332\307\030~\001}\330\001>\002\037\200\327\300+\340"
 830      017DD801 
 830      3E021F80 
 830      D7C02BE0 
 831 0156 29F00478 		.ascii	")\360\004x\010<\000\356\000\033\3002\260\004%*3z^\223"
 831      083C00EE 
 831      001BC032 
 831      B004252A 
 831      337A5E93 
 832 016a 6A464BA7 		.ascii	"jFK\247\345\365\254%\223\246\251\031\223\327\012E5\247"
 832      E5F5AC25 
 832      93A6A919 
 832      93D70A45 
 832      35A7
 833 017c E9FDD234 		.ascii	"\351\375\3224T9\252\247t\313\224#\211a\345r4*\353o<"
 833      5439AAA7 
 833      74CB9423 
 833      8961E572 
 833      342AEB6F 
 834 0191 934D65AF 		.ascii	"\223Me\257\\\225R7\245\252\347\363zA\232V\322\260\212"
 834      5C955237 
 834      A5AAE7F3 
 834      7A419A56 
 834      D2B08A
 835 01a4 E3727034 		.ascii	"\343rp4\021OL\325\352x6\247\031\246\034\212\307\245"
 835      114F4CD5 
 835      EA7836A7 
 835      19A61C8A 
 835      C7A5
 836 01b6 6A58B1A8 		.ascii	"jX\261\250\252\034\003\233D3\027"
 836      AA1C039B 
 836      443317
 837              		.text
 838              		.section	.gnu.lto___cpu_init.131.4438a67cb2d2394c,"e",%progbits
 839 0000 789C2B62 		.ascii	"x\234+b``(\004be fdf`\2344\261\213\211\241\241\241\301"
 839      60602804 
 839      62652066 
 839      6466609C 
 839      34B18B89 
 840 0018 819D89B1 		.ascii	"\201\235\211\261qb\027'\343VF0\217\221\241\236\211\261"
 840      71621727 
 840      E3564630 
 840      8F91A19E 
 840      89B1
 841 002a 9E7132B3 		.ascii	"\236q2\263&\220\373c\351\254\271G\031\033V\034`\\\302"
 841      2690FB63 
 841      E9ACB947 
 841      191B561C 
 841      605CC2
 842 003d CCC0300F 		.ascii	"\314\3000\017\210\241\200\015\306c\004\342\365\227X"
ARM GAS  /tmp/ccYU6Ird.s 			page 22


 842      88A1800D 
 842      C66304E2 
 842      F59758
 843 004c 0F34FCF9 		.ascii	"\0174\374\371\337\337\320\360\367\021\343jU&\006\206"
 843      DFDFD0F0 
 843      F711E36A 
 843      55260686 
 844 005c 7E6690D1 		.ascii	"~f\220\321\015,@\331\011\314L\020f\343\001\006\206W"
 844      0D2C40D9 
 844      09CC4C10 
 844      66E30106 
 844      8657
 845 006e 8C0D4A0C 		.ascii	"\214\015J\014\237\030\233\024\300\206\36433B\244\032"
 845      9F189B14 
 845      C086F433 
 845      3342A41A 
 846 007e 0E80B87A 		.ascii	"\016\200\270z\372\031\371\271\251\372\311\031\251ii"
 846      FA19F9B9 
 846      A9FAC919 
 846      A96969
 847 008d FAE99925 		.ascii	"\372\351\231%\372\211\305\305\251Ee\361y\245\3119\251"
 847      FA89C5C5 
 847      A94565F1 
 847      79A5C939 
 847      A9
 848 009e F9C6FAC5 		.ascii	"\371\306\372\305E\311\372A\371I\371%\305\372\001\276"
 848      45C9FA41 
 848      F949F925 
 848      C5FA01BE 
 849 00ae 9E0C0E7A 		.ascii	"\236\014\016zz\372\020\344\234\221\231\224\351\037\254"
 849      7AFA10E4 
 849      9C919994 
 849      E91FAC
 850 00bd AF9F5FAC 		.ascii	"\257\237_\254\237\234\237\233\233\237\247_\\\222XTR"
 850      9F9C9F9B 
 850      9B9FA75F 
 850      5C925854 
 850      52
 851 00ce 5AA0EF18 		.ascii	"Z\240\357\030\344\353\354[\001\022-\310\314I-*\326w"
 851      E4EBEC5B 
 851      01122DC8 
 851      CC492D2A 
 851      D677
 852 00e0 7776D64F 		.ascii	"wv\326O.*1\324Kf\000\000\223.Od"
 852      2E2A31D4 
 852      4B660000 
 852      932E4F64 
 853              		.text
 854              		.section	.gnu.lto___early_init.132.4438a67cb2d2394c,"e",%progbits
 855 0000 789C2B64 		.ascii	"x\234+d``(\004be fdf`\2344\261\213\211\241\241\241\301"
 855      60602804 
 855      62652066 
 855      6466609C 
 855      34B18B89 
 856 0018 819D89B1 		.ascii	"\201\235\211\261qb\027'\343VF0\217\221\241\236\211\261"
 856      71621727 
 856      E3564630 
ARM GAS  /tmp/ccYU6Ird.s 			page 23


 856      8F91A19E 
 856      89B1
 857 002a 9E7132B3 		.ascii	"\236q2\263&\220\373c\351\254\023G\031\033V\034`\\\302"
 857      2690FB63 
 857      E9AC1347 
 857      191B561C 
 857      605CC2
 858 003d CCC0300F 		.ascii	"\314\3000\017\210\241\200\015\306c\004\342\365\227X"
 858      88A1800D 
 858      C66304E2 
 858      F59758
 859 004c 0F34FCF9 		.ascii	"\0174\374\371\337\337\320pv1\243\025\023\003C?3\310"
 859      DFDFD070 
 859      7631A315 
 859      1303433F 
 859      33C8
 860 005e E40616A0 		.ascii	"\344\006\026\240\344\004f&\010\263\361\000\003\303+"
 860      E4046626 
 860      08B3F100 
 860      03C32B
 861 006d C6062586 		.ascii	"\306\006%\206O\214M\012`3\372\231\031!R\015\007@\\="
 861      4F8C4D0A 
 861      6033FA99 
 861      1921520D 
 861      07405C3D 
 862 0081 FD8CFCDC 		.ascii	"\375\214\374\334T\375\344\214\324\2644\375\364\314\022"
 862      54FDE48C 
 862      D4B434FD 
 862      F4CC12
 863 0090 FDC4E2E2 		.ascii	"\375\304\342\342\324\242\262\370\274\322\344\234\324"
 863      D4A2B2F8 
 863      BCD2E49C 
 863      D4
 864 009d 7C63FDE2 		.ascii	"|c\375\342\242d\375\240\374\244\374\222b\375\000_O\006"
 864      A264FDA0 
 864      FCA4FC92 
 864      62FD005F 
 864      4F06
 865 00af 073D3D7D 		.ascii	"\007==}\010r\316\310L\312\364\017\326\327\317/\326O"
 865      0872CEC8 
 865      4CCAF40F 
 865      D6D7CF2F 
 865      D64F
 866 00c1 CECFCDCD 		.ascii	"\316\317\315\315\317\323/.I,*)-\320w\014\362u\366\255"
 866      CFD32F2E 
 866      492C2A29 
 866      2DD0770C 
 866      F275F6AD 
 867 00d5 00891664 		.ascii	"\000\211\026d\346\244\026\025\353\273;;\353'\027\225"
 867      E6A41615 
 867      EBBB3B3B 
 867      EB271795 
 868 00e5 18EA2533 		.ascii	"\030\352%3\000\000\354\356N\211"
 868      0000ECEE 
 868      4E89
 869              		.text
 870              		.section	.gnu.lto___late_init.133.4438a67cb2d2394c,"e",%progbits
ARM GAS  /tmp/ccYU6Ird.s 			page 24


 871 0000 789C2B64 		.ascii	"x\234+d``(\004be fdf`\2344\261\213\211\241\241\241\301"
 871      60602804 
 871      62652066 
 871      6466609C 
 871      34B18B89 
 872 0018 819D89B1 		.ascii	"\201\235\211\261qb\027'\343VF0\217\221\241\236\211\261"
 872      71621727 
 872      E3564630 
 872      8F91A19E 
 872      89B1
 873 002a 9E7132B3 		.ascii	"\236q2\263&\220\373c\351\254{G\031\033V\034`\\\302\314"
 873      2690FB63 
 873      E9AC7B47 
 873      191B561C 
 873      605CC2CC 
 874 003e C0300F88 		.ascii	"\3000\017\210\241\200\015\306c\004\342\365\227X\017"
 874      A1800DC6 
 874      6304E2F5 
 874      97580F
 875 004d 34FCF9DF 		.ascii	"4\374\371\337\337\320pt1\243%\023\003C?3\310\344\006"
 875      DFD07074 
 875      31A32513 
 875      03433F33 
 875      C8E406
 876 0060 16A0E404 		.ascii	"\026\240\344\004f&\010\263\361\000\003\303+\306\006"
 876      662608B3 
 876      F10003C3 
 876      2BC606
 877 006f 25864F8C 		.ascii	"%\206O\214M\012`3\372\231\031!R\015\007@\\=\375\214"
 877      4D0A6033 
 877      FA991921 
 877      520D0740 
 877      5C3DFD8C 
 878 0083 FCDC54FD 		.ascii	"\374\334T\375\344\214\324\2644\375\364\314\022\375\304"
 878      E48CD4B4 
 878      34FDF4CC 
 878      12FDC4
 879 0092 E2E2D4A2 		.ascii	"\342\342\324\242\262\370\274\322\344\234\324|c\375\342"
 879      B2F8BCD2 
 879      E49CD47C 
 879      63FDE2
 880 00a1 A264FDA0 		.ascii	"\242d\375\240\374\244\374\222b\375\000_O\006\007==}"
 880      FCA4FC92 
 880      62FD005F 
 880      4F06073D 
 880      3D7D
 881 00b3 0872CEC8 		.ascii	"\010r\316\310L\312\364\017\326\327\317/\326O\316\317"
 881      4CCAF40F 
 881      D6D7CF2F 
 881      D64FCECF 
 882 00c3 CDCDCFD3 		.ascii	"\315\315\317\323/.I,*)-\320w\014\362u\366\255\000\211"
 882      2F2E492C 
 882      2A292DD0 
 882      770CF275 
 882      F6AD0089 
 883 00d7 1664E6A4 		.ascii	"\026d\346\244\026\025\353\273;;\353'\027\225\030\352"
 883      1615EBBB 
ARM GAS  /tmp/ccYU6Ird.s 			page 25


 883      3B3BEB27 
 883      179518EA 
 884 00e7 25330000 		.ascii	"%3\000\000\371\213N\226"
 884      F98B4E96 
 885              		.text
 886              		.section	.gnu.lto___default_exit.134.4438a67cb2d2394c,"e",%progbits
 887 0000 789CEB65 		.ascii	"x\234\353e``(\004b7 fde`\234<\261\213\211\241\241\241"
 887      60602804 
 887      62372066 
 887      6465609C 
 887      3CB18B89 
 888 0017 C1819D99 		.ascii	"\301\201\235\231Q\010L31N\231\330\365\177\275\032\343"
 888      51084C33 
 888      314E99D8 
 888      F57FBD1A 
 888      E3
 889 0028 5646309F 		.ascii	"VF0\237\205q\322F\001\210\022F\206zf&\026\306z&&\006"
 889      8571D246 
 889      01881246 
 889      867A6626 
 889      16C67A26 
 890 003e 0498CCAC 		.ascii	"\004\230\314\254\011\224\374\261t\326\357\243\214\015"
 890      0994FCB1 
 890      74D6EFA3 
 890      8C0D
 891 004c 2B0E302E 		.ascii	"+\0160.af`\230\307\014\227f\203\361\030\201x\375%\326"
 891      61666098 
 891      C70C9766 
 891      83F11881 
 891      78FD25D6 
 892 0060 030D7FFE 		.ascii	"\003\015\177\376\36774\334}\314\330\241\016\024\352"
 892      F73734DC 
 892      7DCCD8A1 
 892      0E14EA
 893 006f 676638F2 		.ascii	"gf8\362\276\203\025\314b\006\263\030\031&03\001Ml`a"
 893      BE8315CC 
 893      6206B318 
 893      19263033 
 893      014D6C60 
 894 0084 6C3CC0C0 		.ascii	"l<\300\300\370\212\261\341\321\037o\240c\030@\254\177"
 894      F88AB1E1 
 894      D11F6FA0 
 894      631840AC 
 894      7F
 895 0095 DC60EAEF 		.ascii	"\334`\352\357i\036\006\220\016\026\210:F \223\221\201"
 895      691E0690 
 895      0E16883A 
 895      46209391 
 895      81
 896 00a6 1D648B9E 		.ascii	"\035d\213\236~F~n\252~rFjZ\232~zf\211~bqqjQY|^irNj\276"
 896      7E467E6E 
 896      AA7E7246 
 896      6A5A9A7E 
 896      7A66897E 
 897 00c7 B17E7151 		.ascii	"\261~qQ\262~P~R~I\261~\200\257'\203\203\236\236>\004"
 897      B27E507E 
 897      527E49B1 
ARM GAS  /tmp/ccYU6Ird.s 			page 26


 897      7E80AF27 
 897      83839E9E 
 898 00dd 39676426 		.ascii	"9gd&e\372\007\353\353\347\027\353'\347\347\346\346\347"
 898      65FA07EB 
 898      EBE717EB 
 898      27E7E7E6 
 898      E6E7
 899 00ef E9179724 		.ascii	"\351\027\227$\026\225\224\026\350;\006\371:\373V\200"
 899      16959416 
 899      E83B06F9 
 899      3AFB5680 
 900 00ff 440B3273 		.ascii	"D\0132sR\213\212\365\335\235\235\365\223\213J\014\365"
 900      528B8AF5 
 900      DD9D9DF5 
 900      938B4A0C 
 900      F5
 901 0110 9219008D 		.ascii	"\222\031\000\215va\270"
 901      7661B8
 902              		.text
 903              		.section	.gnu.lto___init_ram_areas.135.4438a67cb2d2394c,"e",%progbits
 904 0000 789C7D54 		.ascii	"x\234}T\337O[u\024\377\236{\276\367G[\350\032\230\361"
 904      DF4F5B75 
 904      14FF9E7B 
 904      BEF7475B 
 904      E81A98F1 
 905 0014 C9048DC6 		.ascii	"\311\004\215\306\370\322\273\251Q^\2145<\030\037\210"
 905      F8D2BBA9 
 905      515E8C35 
 905      3C181F88 
 906 0024 06FF00C7 		.ascii	"\006\377\000\307j\021\222A\233\266\020\037Lva\035dE"
 906      6A119241 
 906      9BB6101F 
 906      4C76611D 
 906      6445
 907 0036 A11D21FB 		.ascii	"\241\035!\373\341\\LWM\343\303\224%\233S\306\254\242"
 907      E15C4C57 
 907      4DE3C394 
 907      259B53C6 
 907      ACA2
 908 0048 A289A6CA 		.ascii	"\242\211\246\312D\037&\213\222\030d&\033\356Iq\210\347"
 908      441F268B 
 908      92186426 
 908      1BEE4971 
 908      88E7
 909 005a 7CEF6D77 		.ascii	"|\357mw%h\323~{\356\367|\316\347\234\3639\337\357\215"
 909      2568D37E 
 909      7BEEF77C 
 909      CEE79CF3 
 909      39DFEF8D 
 910 006e E9428C0B 		.ascii	"\351B\214\013!\226\351\007M\002\216\026\363\232p\034"
 910      2196E907 
 910      4D028E16 
 910      F39A701C 
 911 007e 27666A30 		.ascii	"'fj0U\014*\013a\272\230\277y\371\202\204\313\2406$L"
 911      550C2A0B 
 911      61BA98BF 
 911      79F98284 
ARM GAS  /tmp/ccYU6Ird.s 			page 27


 911      CBA03624 
 912 0093 CFD461BA 		.ascii	"\317\324a\272\226+\216k\344Y\\\337h\227'\013+pv\362"
 912      962B8E6B 
 912      E4595CDF 
 912      6897270B 
 912      2B7076F2 
 913 00a7 B0298370 		.ascii	"\260)\203p\314r\001\006\034\233qyLm\324\007=^\207Z\332"
 913      CC720106 
 913      1C9B7179 
 913      4C6DD407 
 913      3D5E875A 
 914 00bc EB8573F7 		.ascii	"\353\205s\367\302\007\314\335.O\3206\031\226\014\301"
 914      C207CCDD 
 914      2E4FD036 
 914      19960CC1 
 915 00cc D44CC4A5 		.ascii	"\324L\304\245\010\300p1\277\372\305}.&f\2028\250\241"
 915      08C07031 
 915      BFFAC57D 
 915      2E266682 
 915      38A8A1
 916 00df D4838669 		.ascii	"\324\203\206i\205\002pP\242\270\363\321}\266\351\263"
 916      85027050 
 916      A2B8F3D1 
 916      7DB6E9B3 
 917 00ef A7F0218A 		.ascii	"\247\360!\212\375\343\255\223?.\200S\251B\231\202N\337"
 917      FDE3AD93 
 917      3F2E8053 
 917      A9429982 
 917      4EDF
 918 0101 093C8570 		.ascii	"\011<\205p\024\313\010 =K\2036\2620\315\236\007\252"
 918      14CB0820 
 918      3D4B8336 
 918      B230CD9E 
 918      07AA
 919 0113 8EB37E6D 		.ascii	"\216\263~ma\"\\\030\266\312\210\360>P$\\\0008\017\034"
 919      61225C18 
 919      B6CA88F0 
 919      3E50245C 
 919      00380F1C 
 920 0127 3BB4290D 		.ascii	";\264)\015\001\027\301\345\003\016\033\203F\334\365"
 920      0117C1E5 
 920      030E1B83 
 920      46DCF5
 921 0136 D531374E 		.ascii	"\32517N\302\207\333\342\246u\306\036i`\337[\033\033"
 921      C287DBE2 
 921      A675C61E 
 921      6960DF5B 
 921      1B1B
 922 0148 7322B936 		.ascii	"s\"\2716\306^\332\206\315\353\224c\016`\026\004\311"
 922      C65EDA86 
 922      CDEB9463 
 922      0E601604 
 922      C9
 923 0159 20868EE8 		.ascii	" \206\216\350\264\217\224\325\335|wQ\257:\267\267&\035"
 923      B48F94D5 
 923      DD7C7751 
 923      AF3AB7B7 
ARM GAS  /tmp/ccYU6Ird.s 			page 28


 923      261D
 924 016b 67F589B9 		.ascii	"g\365\211\271Sg\202\273A\224Q\327h!uh\221\\\240\316"
 924      536782BB 
 924      419451D7 
 924      68217568 
 924      915CA0CE 
 925 017f 0C44330B 		.ascii	"\014D3\013&/M\374\330\314V\230\275\021\266Zxie\207\020"
 925      262F4DFC 
 925      D8CC5698 
 925      BD11B65A 
 925      78696587 
 926 0194 93287840 		.ascii	"\223(x@d\025PS\326pU\210\353\340\254\314\325\200\376"
 926      64155053 
 926      D6705588 
 926      EBE0ACCC 
 926      D580FE
 927 01a7 47DE1CA4 		.ascii	"G\336\034\2440O/Cu\221\003\203\314\012*A\337\006YF\023"
 927      304F2F43 
 927      75910383 
 927      CC0A2A41 
 927      DF065946 
 928 01bc AA001F81 		.ascii	"\252\000\037\201\310\301\250\343T\356g\340\307\252\243"
 928      C8C1A8E3 
 928      54EE67E0 
 928      C7AAA3
 929 01cb 02E2FA46 		.ascii	"\002\342\372F\245\335\343\034\211q\011%\224\212\377"
 929      A5DDE31C 
 929      89710925 
 929      948AFF
 930 01da DB5A809B 		.ascii	"\333Z\200\233d\363J-H'F\334\200\221Kk\273J\330\344\245"
 930      64F34A2D 
 930      482746DC 
 930      80914B6B 
 930      BB4AD8E4 
 931 01ef 437033D0 		.ascii	"Cp3\320L\177\275\273\214\026E\302<\210=9::e\014\300"
 931      4C7FBDBB 
 931      8C1645C2 
 931      3C883D39 
 931      3A3A650C 
 932 0204 A7F0861A 		.ascii	"\247\360\206\032.W\371$uC\221\212n\251\2465\270\232"
 932      2E57F924 
 932      7543918A 
 932      6EA9A635 
 932      B89A
 933 0216 EB0C959D 		.ascii	"\353\014\225\235\030>'\006h0\314\022C\263b\270J\014"
 933      183E2706 
 933      6830CC12 
 933      43B362B8 
 933      4A0C
 934 0228 6203A46A 		.ascii	"b\003\244j\350\342\315C\001\257a\355\235\007\251\346"
 934      E8E2CD43 
 934      01AF61ED 
 934      9D07A9E6 
 935 0238 12864313 		.ascii	"\022\206C\023\305\237-\256\271\200\262x\370\207\005"
 935      C59F2DAE 
 935      B980B278 
 935      F88705
ARM GAS  /tmp/ccYU6Ird.s 			page 29


 936 0247 6CC8B65C 		.ascii	"l\310\266\\CN~|\374\027\302\325\205\223 T\021\2244X"
 936      434E7E7C 
 936      FC17C2D5 
 936      85932054 
 936      11943458 
 937 025b 421DBEA4 		.ascii	"B\035\276\244\244\004Z\317/y\355\241r\030\354\240(E"
 937      A4045ACF 
 937      2F79EDA1 
 937      7218ECA0 
 937      2845
 938 026d 746D1741 		.ascii	"tm\027A\016\235\033\375\214xZ\330w^\315\243M\225\331"
 938      0E9D1BFD 
 938      8C785AD8 
 938      775ECDA3 
 938      4D95D9
 939 0280 A220BFAB 		.ascii	"\242 \277\253\\\204\371\232\266Z\231\270\216a1Z\325"
 939      5C84F99A 
 939      B65A99B8 
 939      8E61315A 
 939      D5
 940 0291 0074A277 		.ascii	"\000t\242w\244o\002\034n\220\255)\220\356\365\373\032"
 940      A46F021C 
 940      6E90AD29 
 940      90EEF5FB 
 940      1A
 941 02a2 34267057 		.ascii	"4&pW\011\265\272j\326\016\242}E\242\221<b\015r\313\363"
 941      09B5BA6A 
 941      D60EA27D 
 941      45A2913C 
 941      620D72CB 
 942 02b7 0304663E 		.ascii	"\003\004f>\301z\3514\001<\275\371\012\345\226\023[/"
 942      C17AE934 
 942      013CBDF9 
 942      0AE59613 
 942      5B2F
 943 02c9 6E804182 		.ascii	"n\200A\202\342Y\336h\221\177o\356\243\323\026T\347\201"
 943      E259DE68 
 943      917F6FEE 
 943      A3D31654 
 943      E781
 944 02db 7533FEAD 		.ascii	"u3\376\255\333_\256n\267*\315~ELV\204\025\014\202\013"
 944      DB5FAE6E 
 944      B72ACD7E 
 944      454C5684 
 944      150C820B 
 945 02ef BBED5325 		.ascii	"\273\355S%\302~\277*\021\325\261\271S\307\246\212\376"
 945      C27EBF2A 
 945      11D5B1B9 
 945      53C7A68A 
 945      FE
 946 0300 735B9FF8 		.ascii	"s[\237\370\177}~C}\242\257Od\026\325\247I\251\214\033"
 946      7F7D7E43 
 946      7DA2AF4F 
 946      6416D5A7 
 946      49A98C1B 
 947 0314 5BFBA8F1 		.ascii	"[\373\250\361\240\344\224\226\357\224;+\305E\3578{u"
 947      A0E49496 
ARM GAS  /tmp/ccYU6Ird.s 			page 30


 947      EF943B2B 
 947      C545EF38 
 947      7B75
 948 0326 8689D97D 		.ascii	"\206\211\331}\361D\334Z\371\022\204\025tz\361U\340["
 948      F144DC5A 
 948      F9128415 
 948      747AF155 
 948      E05B
 949 0338 4039AECE 		.ascii	"@9\256\316\023.\354\035\230\020X\377q\323\276S7\215"
 949      132EEC1D 
 949      981058FF 
 949      71D3BE53 
 949      378D
 950 034a 9E1FA63A 		.ascii	"\236\037\246:+\367P\335\260\004p\205O\261{\375v\363"
 950      2BF750DD 
 950      B0047085 
 950      4FB17BFD 
 950      76F3
 951 035c C5F91EDC 		.ascii	"\305\371\036\334W\336$\206>\371\355\314^%x\240q\275"
 951      57DE2486 
 951      3EF9EDCC 
 951      5E2578A0 
 951      71BD
 952 036e 6FC1C84F 		.ascii	"o\301\310O'\272<\200zA\203S\345\247\250\335\233\354"
 952      27BA3C80 
 952      7A418353 
 952      E5A7A8DD 
 952      9BEC
 953 0380 4FD8F1DE 		.ascii	"O\330\361\336DO\217\375R_\326\356\316d\022\351\241\027"
 953      444F8FFD 
 953      525FD6EE 
 953      CE6412E9 
 953      A117
 954 0392 0606E307 		.ascii	"\006\006\343\007\022\311G\354L:nw%\367'\263\031\373"
 954      12C947EC 
 954      4C3A6E77 
 954      25F727B3 
 954      19FB
 955 03a4 B9CE6744 		.ascii	"\271\316gD,\032\265\335oGo\337\376\276g\237\267\355"
 955      2C1AB5DD 
 955      6F476FDF 
 955      FEBE679F 
 955      B7ED
 956 03b6 64C68E27 		.ascii	"d\306\216'\373\373\223\003v&\333\235\316\016\246\354"
 956      FBFB9303 
 956      7626DB9D 
 956      CE0EA6EC 
 957 03c6 A7BA3A3B 		.ascii	"\247\272:;:_\346\335T\337\201D:c?\335\321a\307\323\331"
 957      3A5FE6DD 
 957      54DF8144 
 957      3A633FDD 
 957      D161C7D3 
 958 03db BDD1B8C0 		.ascii	"\275\321\270\300tw*\342\332\321\307\367\364$\272\343"
 958      74772AE2 
 958      DAD1C7F7 
 958      F424BAE3 
 959 03eb 8F3D2A20 		.ascii	"\217=* \245eS\377\000\362\027\371\303"
ARM GAS  /tmp/ccYU6Ird.s 			page 31


 959      A56553FF 
 959      00F217F9 
 959      C3
 960              		.text
 961              		.section	.gnu.lto_.symbol_nodes.4438a67cb2d2394c,"e",%progbits
 962 0000 789C75CB 		.ascii	"x\234u\313GRBa\020E\341>/\210\212\001\025\005E\205\255"
 962      47524261 
 962      1045E13E 
 962      2F888A01 
 962      15054585 
 963 0015 C8C6FE67 		.ascii	"\310\306\376g\0001\020\004\023AT\004\235\271\000\306"
 963      00311004 
 963      13415404 
 963      9DB900C6 
 964 0025 8ED98A5B 		.ascii	"\216\331\212[\200w\253,&\322\223\257\252O\3356f\346"
 964      8077AB2C 
 964      26D293AF 
 964      AA4FDD36 
 964      66E6
 965 0037 9DE32C9A 		.ascii	"\235\343,\232]@cb\346\314\306\321)\026\247Y\274\300"
 965      5D406362 
 965      E6CCC6D1 
 965      2916A759 
 965      BCC0
 966 0049 B1309670 		.ascii	"\2610\226p\336\302X\306\371?\277\225p\336N\376\322%"
 966      DEC258C6 
 966      F93FBF95 
 966      70DE4EFE 
 966      D225
 967 005b 2EF8AE97 		.ascii	".\370\256\227\022\377\314\3023,*\232\371a\005\012\361"
 967      12FFCCC2 
 967      332C2A9A 
 967      F961050A 
 967      F1
 968 006c E30A4F5E 		.ascii	"\343\012O^\343\313\033\002yK(\253,\311\032\011YgY6X"
 968      E3CB1B02 
 968      794B28AB 
 968      2CC91A09 
 968      59675936 
 969 0081 9177ACCA 		.ascii	"\221w\254\312&I\331bM\336\263.\037\330\220\217l\312"
 969      2649D962 
 969      4DDEB32E 
 969      1FD8908F 
 969      6CCA
 970 0093 2752F299 		.ascii	"'R\362\231-\331f[v\330\221]\322\262\307\256|aO\366\311"
 970      2DD9665B 
 970      76D8915D 
 970      D2B2C7AE 
 970      7C614FF6 
 971 00a8 C857B2F2 		.ascii	"\310W\262\362\215}\371\316\201\034\220\223\037\034\312"
 971      8D7DF9CE 
 971      811C9093 
 971      1F1CCA
 972 00b7 214772C4 		.ascii	"!Gr\304\261\374$/\277(\304\332\024\313\244<\260"
 972      B1FC242F 
 972      BF28C4DA 
 972      14CBA43C 
ARM GAS  /tmp/ccYU6Ird.s 			page 32


 972      B0
 973              		.text
 974              		.section	.gnu.lto_.refs.4438a67cb2d2394c,"e",%progbits
 975 0000 789C05C1 		.ascii	"x\234\005\301i\032B`\030\000\300\367\231|h\221\222h"
 975      691A4260 
 975      1800C0F7 
 975      997C6891 
 975      9268
 976 0012 A7C52F67 		.ascii	"\247\305/gq\377\3534\263D\204LZ\2054\307\230\344\012"
 976      71FFEB34 
 976      B344844C 
 976      5A8534C7 
 976      98E40A
 977 0025 A5B58DAD 		.ascii	"\245\265\215\255\235\312^\355\340\250q\322:\353\364"
 977      9DCA5EED 
 977      E0A871D2 
 977      3AEBF4
 978 0034 2EAE6EEE 		.ascii	".\256n\356\036\236^\006\243\267\217\257\237)\376\200"
 978      1E9E5E06 
 978      A3B78FAF 
 978      9F29FE80 
 979 0044 6803A5   		.ascii	"h\003\245"
 980              		.text
 981              		.section	.gnu.lto_.decls.4438a67cb2d2394c,"e",%progbits
 982 0000 789CA596 		.ascii	"x\234\245\226]P\024W\032\206\317wN\01734\203\303*\226"
 982      5D501457 
 982      1A86CF77 
 982      4E0F3334 
 982      83C32A96 
 983 0014 B5955A43 		.ascii	"\265\225ZC\214\026d\263a\302\200p\271lY\225\324V\312"
 983      8C1664B3 
 983      61C28070 
 983      B96C5995 
 983      D456CA
 984 0027 C44A6A6F 		.ascii	"\304Jjo\262\027]\023f\\\251\005\306\032\206\340^lU\007"
 984      B2175D13 
 984      665CA905 
 984      C61A86E0 
 984      5E6C5507 
 985 003b F9D3050A 		.ascii	"\371\323\005\012\014\233\305\350Z\370S\006\214\033\260"
 985      0C9BC5E8 
 985      5AF85306 
 985      8C1BB0
 986 004a 3618630C 		.ascii	"6\030c\014\022@\035\025Q\210Q\\\215\021\374\033\005"
 986      12401D15 
 986      5188515C 
 986      8D11FC1B 
 986      05
 987 005b 031AE20F 		.ascii	"\003\032\342\017\"\354\327\247\233\2319=\\l\325\266"
 987      22ECD7A7 
 987      9B99393D 
 987      5C6CD5B6 
 988 006b 7ED37DFA 		.ascii	"~\323}\372<\357\333o\177}f\232V;!\265\214\220rJ\310"
 988      3CEFDB6F 
 988      7F7D669A 
 988      563B21B5 
 988      8C90724A 
ARM GAS  /tmp/ccYU6Ird.s 			page 33


 989 0080 2C6E5642 		.ascii	",nVB\310\000\211l\026\254N\254o\260z\261Nb\235\306z"
 989      C800896C 
 989      16AC4EAC 
 989      6FB07AB1 
 989      4E629DC6 
 990 0095 01EB0ED6 		.ascii	"\001\353\016\326(\326=\254q\254\373X?a\375\214\365\010"
 990      28D63DAC 
 990      71ACFB58 
 990      3F61FD8C 
 990      F508
 991 00a7 EB09D653 		.ascii	"\353\011\326S\254gX\263X\000\2040,\013\226\025+\036"
 991      AC6758B3 
 991      58008430 
 991      2C0B9615 
 991      2B1E
 992 00b9 2B012B11 		.ascii	"+\001+\021\313\201\365\013\254EX\213\261\226`\375\022"
 992      CB81F50B 
 992      AC45588B 
 992      B19660FD 
 992      12
 993 00ca EB39AC5F 		.ascii	"\3539\254_a=\217\365\002\326\213X+\260R\261^\002\"l"
 993      613D8FF5 
 993      02D68B58 
 993      2BB052B1 
 993      5E02226C 
 994 00de DFE258C2 		.ascii	"\337\342X\302\375%\254\333X\311X!\242\237\033\306\032"
 994      FD25ACDB 
 994      58C95821 
 994      A29F1BC6 
 994      1A
 995 00ef C1FA01EB 		.ascii	"\301\372\001\353\272\301\247\020\335#\325\360|\321\270"
 995      BAC1A710 
 995      DD23D5F0 
 995      7CD1B8
 996 00fe C6F3C635 		.ascii	"\306\363\3065\23732,12-22:\214\314\011\306=X\215{\322"
 996      9F33322C 
 996      31322D32 
 996      323A8CCC 
 996      09C63D58 
 997 0115 EE4DBBC7 		.ascii	"\356M\273\307Y\343\236\237\032=xd\364\344'\243G\343"
 997      59E39E9F 
 997      1A3D7864 
 997      F4E427A3 
 997      47E3
 998 0127 46CF46C5 		.ascii	"F\317F\305\370\344\257\232\036\367\353\2141\030\275"
 998      F8E4AF9A 
 998      1EF7EB8C 
 998      3118BD
 999 0136 376F1BE7 		.ascii	"7o\033\347\341\276\231\207\3334\017\327;\017\367\341"
 999      E1BE9987 
 999      DB340FD7 
 999      3B0FF7E1 
 1000 0146 3CDCC979 		.ascii	"<\334\311y\270\177\340\204\335\340\026\022\275\277\277"
 1000      B87FE084 
 1000      DDE01612 
 1000      BDBFBF
 1001 0155 06BDDFA9 		.ascii	"\006\275\337\251X/\203\336o\255\367\277\301\343!\334"
ARM GAS  /tmp/ccYU6Ird.s 			page 34


 1001      582F83DE 
 1001      6FADF7BF 
 1001      C1E321DC 
 1002 0165 BF4BE6EF 		.ascii	"\277K\346\357\277v\215\323\306\376\216\351:\333\030"
 1002      BF768DD3 
 1002      C6FE8EE9 
 1002      3ADB18
 1003 0174 DDF9D981 		.ascii	"\335\371\331\201\032\307M \332?\311\003\000C\331\370"
 1003      1AC74D20 
 1003      DA3FC903 
 1003      0043D9F8 
 1004 0184 21937719 		.ascii	"!\223w\031IV\251J\343<\214\312Lf\0369\010K\323&Y\256"
 1004      4956A94A 
 1004      E33C8CCA 
 1004      4C661E39 
 1004      084BD326 
 1005 019a 8DA63964 		.ascii	"\215\2469d[K\017$\311\026\033\245!\253GN\233\202\375"
 1005      5B4B0F24 
 1005      C9161BA5 
 1005      21AB474E 
 1005      9B82FD
 1006 01ad B4392E25 		.ascii	"\2649.%W\225<5\213CV\225\326\277\231\234\231\213\237"
 1006      57953C35 
 1006      8B435695 
 1006      D6BF999C 
 1006      998B9F
 1007 01c0 216B103C 		.ascii	"!k\020<\250ZCmIx\024\262\312\223\254\2716\316s\206V"
 1007      A85A436D 
 1007      497814B2 
 1007      CA93ACB9 
 1007      36CE7386 
 1008 01d5 A7421064 		.ascii	"\247B\020d\217+YU\325\\\233m\251\243\233u\263\327\010"
 1008      8F2B5955 
 1008      D55C9B6D 
 1008      A9A39B75 
 1008      B3D708
 1009 01e8 B1D9DA3F 		.ascii	"\261\331\332?[,\207\254\016\264H\363\244$yR\034A\260"
 1009      5B2C87AC 
 1009      0EB448F3 
 1009      A4247952 
 1009      1C41B0
 1010 01fb 783C7272 		.ascii	"x<rr\032\301\020\036\227+\227\312\350,\331\202\340b"
 1010      1AC1101E 
 1010      972B97CA 
 1010      E82CD982 
 1010      E062
 1011 020d 6077A9C3 		.ascii	"`w\251\303\243Kd\213\034\2774%\215\020\017y\215\242"
 1011      A34B648B 
 1011      1CBF3425 
 1011      8D100F79 
 1011      8DA2
 1012 021f 2F9B9DDB 		.ascii	"/\233\235\333\300\212\327\364D\206\000i2uQ\366F\010"
 1012      C08AD7F4 
 1012      44860069 
 1012      327551F6 
 1012      4608
 1013 0231 BF7F94A6 		.ascii	"\277\177\224\246\020\242J6\273\035T\334\305+ox\326\270"
ARM GAS  /tmp/ccYU6Ird.s 			page 35


 1013      10A24A36 
 1013      BB1D54DC 
 1013      C52B6F78 
 1013      D6B8
 1014 0243 6412B252 		.ascii	"d\022\262R\234J\226@\245\020Q\312q\330!\032~n\300\033"
 1014      9C4A9640 
 1014      A51051CA 
 1014      71D8211A 
 1014      7E6EC01B 
 1015 0257 AAADC2B9 		.ascii	"\252\255\302\271=\211\260$2Oa\356AC\370\221\317\231"
 1015      3D89B024 
 1015      324F61EE 
 1015      4143F891 
 1015      CF99
 1016 0269 8021475F 		.ascii	"\200!G_\320W4\215L\0120D\231C4\301=\214m\356$\204't"
 1016      D057348D 
 1016      4C0A3044 
 1016      994334C1 
 1016      3D8C6DEE 
 1017 0281 73230B35 		.ascii	"s#\0135bQ~jN#\006\347.`\000Q\251\215;$ln\331\324vW\235"
 1017      62517E6A 
 1017      4E2306E7 
 1017      2E600051 
 1017      A98D3B24 
 1018 029c 926F61DB 		.ascii	"\222oa\333\324\241\305\260\240>\227\000[J\330K\332T"
 1018      D4A1C5B0 
 1018      A03E9700 
 1018      5B4AD84B 
 1018      DA54
 1019 02ae FBF6E901 		.ascii	"\373\366\351\001\033\256D\370B\373\246\246\023\247\312"
 1019      1BAE44F8 
 1019      42FBA6A6 
 1019      13A7CA
 1020 02bd B7EE5202 		.ascii	"\267\356R\002_\352n\245\011[\030,\004\212\237\311\220"
 1020      5FEA6EA5 
 1020      095B182C 
 1020      048A9FC9 
 1020      90
 1021 02ce 8492AAAF 		.ascii	"\204\222\252\257\352N\313K\020\032S\325dX\007G\000\276"
 1021      EA4ECB4B 
 1021      101A53D5 
 1021      64580747 
 1021      00BE
 1022 02e0 D2327C8D 		.ascii	"\3222|\215\031|\374ze\203W\247\254\313\232\352\325\307"
 1022      197CFC7A 
 1022      658357A7 
 1022      ACCB9AEA 
 1022      D5C7
 1023 02f2 074E3DDA 		.ascii	"\007N=\332\225:rHU+\312T\325\2461p\020\340\260\206\037"
 1023      953A7248 
 1023      552BCA54 
 1023      D5A63170 
 1023      10E0B086 
 1024 0307 42FC2056 		.ascii	"B\374 V\007\300\347Pz\324\302\036CL m\311\337\033\270"
 1024      07C0E750 
 1024      7AD4C21E 
 1024      434C206D 
ARM GAS  /tmp/ccYU6Ird.s 			page 36


 1024      C9DF1BB8 
 1025 031b 91A879B5 		.ascii	"\221\250y\265\007+\252\324\244\262\017\360\341k6G\015"
 1025      072BAAD4 
 1025      A4B20FF0 
 1025      E16B3647 
 1025      0D
 1026 032c 9B2EB438 		.ascii	"\233.\2648\032\266\371\302\302*\350|6\345\317Z\037\361"
 1026      1AB6F9C2 
 1026      C22AE87C 
 1026      36E5CF5A 
 1026      1FF1
 1027 033e 48ED5705 		.ascii	"H\355W\005\233n\303\246\007-\272\3036m\026\326@\011"
 1027      9B6EC3A6 
 1027      072DBAC3 
 1027      366D16D6 
 1027      4009
 1028 0350 6BE65677 		.ascii	"k\346VwB\347/;4\253\343\272\325\365M\003G\342\015k8"
 1028      42E72F3B 
 1028      34ABE3BA 
 1028      D5F54D03 
 1028      47E20D6B 
 1029 0365 01786663 		.ascii	"\001xfcO\303.i\331!4\177*\230\0373\314\203\010\036\013"
 1029      4FC32E69 
 1029      D921347F 
 1029      2A981F33 
 1029      CC83081E 
 1030 037a 9B7F6261 		.ascii	"\233\177ba\255\334\370\203+\2737\331\22655\251\355W"
 1030      ADDCF883 
 1030      2BBB37D9 
 1030      963535A9 
 1030      ED57
 1031 038c AA34996A 		.ascii	"\2524\231j\310N\3512\024\236\012\213\356K\3540%\374"
 1031      C84EE932 
 1031      149E0A8B 
 1031      EE4BEC30 
 1031      25FC
 1032 039e 49A8C01F 		.ascii	"I\250\300\037\205j\343#+\377\224\370\251\0244\375\362"
 1032      856AE323 
 1032      2BFF94F8 
 1032      A91434FD 
 1032      F2
 1033 03af 42EDD709 		.ascii	"B\355\327\0112ZM\250]\345\36185\000pN\0131\210^N8\013"
 1033      325A4DA8 
 1033      5DE5F138 
 1033      3500704E 
 1033      0B31885E 
 1034 03c6 9CB7B15E 		.ascii	"\234\267\261^\356\226\312\2773\016~D\330Y\036k\354\330"
 1034      EE96CABF 
 1034      330E7E44 
 1034      D8591E6B 
 1034      ECD8
 1035 03d8 9DBE44B9 		.ascii	"\235\276D\271\313p \206\001\\\004d\016\003\\\000\370"
 1035      CB702086 
 1035      015C0464 
 1035      0E035C00 
 1035      F8
 1036 03e9 4EBBE9C3 		.ascii	"N\273\351\303\323g\037\304\3319\326\334-\301\020\204"
ARM GAS  /tmp/ccYU6Ird.s 			page 37


 1036      D3671FC4 
 1036      D939D6DC 
 1036      2DC11084 
 1037 03f9 AF74495B 		.ascii	"\257tI[JC\330\277\021#q\222\036\030\330}\355\002r\363"
 1037      4A43D8BF 
 1037      11237192 
 1037      1E18D87D 
 1037      ED0272F3 
 1038 040d B68B27D8 		.ascii	"\266\213'\330\362E\313\227/\327\324\323\223\353\203"
 1038      F245CB97 
 1038      2FD7D4D3 
 1038      93EB83
 1039 041c 5D802238 		.ascii	"]\200\"8\017p-\342\242\275\266 \203\340\235\224\253"
 1039      0F702DE2 
 1039      A2BDB620 
 1039      83E09D94 
 1039      AB
 1040 042d 6A9744E0 		.ascii	"j\227D\340{\200+\332\271kZ{`\030`\004\340\007\200\353"
 1040      7B802BDA 
 1040      B96B5A7B 
 1040      60186004 
 1040      E00780EB 
 1041 0441 5AABD0A8 		.ascii	"Z\253\320\250}\012\227Y\274]3\272,\0309\271\217F<\015"
 1041      7D0A9759 
 1041      BC5D33BA 
 1041      2C1839B9 
 1041      8F463C0D 
 1042 0455 13FF8921 		.ascii	"\023\377\211!\006\200#\317\302\310\325\3304\310\260"
 1042      068023CF 
 1042      C2C8D5D8 
 1042      34C8B0
 1043 0464 19DEA31B 		.ascii	"\031\336\243\033\225=\203\326E\346lp\003\346M\207\202"
 1043      953D83D6 
 1043      45E66C70 
 1043      03E64D87 
 1043      82
 1044 0475 DB07BB2F 		.ascii	"\333\007\273/\331\026\352\202f\0127\001\372\001\316"
 1044      D916EA82 
 1044      660A3701 
 1044      FA01CE
 1045 0484 68A6B780 		.ascii	"h\246\267\200?\033\015\272\325{\240^\342\256]\377\233"
 1045      3F1B0DBA 
 1045      D57BA05E 
 1045      E2AE5DFF 
 1045      9B
 1046 0495 EBCCA70D 		.ascii	"\353\314\247\015\347\245\210\353\355X\327\025\215\365"
 1046      E7A588EB 
 1046      ED58D715 
 1046      8DF5
 1047 04a3 EAC4C99E 		.ascii	"\352\304\311\236\267\352\001B\000}\334f\216\301QQ\351"
 1047      B7EA0142 
 1047      007DDC66 
 1047      8EC15151 
 1047      E9
 1048 04b4 4D89D531 		.ascii	"M\211\3251\315\253\362q\343\031\313\212!|\"\265\273"
 1048      CDABF271 
 1048      E319CB8A 
ARM GAS  /tmp/ccYU6Ird.s 			page 38


 1048      217C22B5 
 1048      BB
 1049 04c5 37D7A980 		.ascii	"7\327\251\200\012|\246w\271b\256\013w\201\224\236\003"
 1049      0A7CA677 
 1049      B962AE0B 
 1049      7781949E 
 1049      03
 1050 04d6 B6930BB6 		.ascii	"\266\223\013\266v<\254\2255\301\2713\207Tm\241 >&\340"
 1050      763CAC95 
 1050      35C1B933 
 1050      87546DA1 
 1050      203E26E0 
 1051 04ea 63885F01 		.ascii	"c\210_\001\326\306\361\357G\202\025\211\034\037\013"
 1051      D6C6F1EF 
 1051      47821589 
 1051      1C1F0B
 1052 04f9 E33F0AF8 		.ascii	"\343?\012\370\217\210\207\200ur\374\316\226'c\361\034"
 1052      8F888780 
 1052      7572FCCE 
 1052      962763F1 
 1052      1C
 1053 050a AFD958D5 		.ascii	"\257\331X\325\225\304\027\330\204\200O >\011\254\237"
 1053      95C417D8 
 1053      84804F20 
 1053      3E09AC9F 
 1054 051a E3C1D1DE 		.ascii	"\343\301\321\336\343\011<}ST\372\007\202\340\001\012"
 1054      E3093C7D 
 1054      5354FA07 
 1054      82E0010A 
 1055 052a 54CA86B9 		.ascii	"T\312\206\271\340\357?o|\306L\351'\005|\022\361\032"
 1055      E0EF3F6F 
 1055      7CC64CE9 
 1055      27057C12 
 1055      F11A
 1056 053c CAC639BE 		.ascii	"\312\3069\276os\335qjJ\377P\300\037\"\336D\331\014\307"
 1056      6F73DD71 
 1056      6A4AFF50 
 1056      C01F22DE 
 1056      44D90CC7 
 1057 0550 BB9E5CDE 		.ascii	"\273\236\\\336\275\300\224\376\261\200\343\257]\351"
 1057      BDC094FE 
 1057      B180E3AF 
 1057      5DE9
 1058 055e 1ECAEA24 		.ascii	"\036\312\352$\015\277X]}\220\207\231\330\026\225~J\020"
 1058      0DBF585D 
 1058      7D908799 
 1058      D816957E 
 1058      4A10
 1059 0570 4CA1A09D 		.ascii	"L\241\240\235\262\235\\0;2\330a7\245\237\026\360i\304"
 1059      B29D5C30 
 1059      3B32D861 
 1059      37A59F16 
 1059      F069C4
 1060 0583 8F50D6C6 		.ascii	"\217P\326\306\361\033\015\367>\261\233\322\317\010\370"
 1060      F11B0DF7 
 1060      3EB19BD2 
 1060      CF08F8
ARM GAS  /tmp/ccYU6Ird.s 			page 39


 1061 0592 0CE241CA 		.ascii	"\014\342A\312:9^\373\317'}\324\224\036_\257Q\270JI\351"
 1061      3A395EFB 
 1061      CF277DD4 
 1061      941E5FAF 
 1061      51B84A49 
 1062 05a7 79CAFA39 		.ascii	"y\312\3729\276\251\243\354\200\236~GT\3722AP\206\202"
 1062      BEA9A3EC 
 1062      809E7E47 
 1062      54FA3241 
 1062      508682
 1063 05ba 6BD87B2E 		.ascii	"k\330{.\330\365`c\207\325\224\276\\\300\361\357\356"
 1063      D8F56063 
 1063      87D594BE 
 1063      5CC0F1EF 
 1063      EE
 1064 05cb D231EC3D 		.ascii	"\3221\354=\307\367\315\376m\253y\345T\012x%\342\217"
 1064      C7F7CDFE 
 1064      6DAB79E5 
 1064      540A7825 
 1064      E28F
 1065 05dd B1F71CAF 		.ascii	"\261\367\034\257\330\332t\316\274r\252\005\274\032\361"
 1065      D8DA74CE 
 1065      BC72AA05 
 1065      BC1AF1
 1066 05ec 72C6EA2C 		.ascii	"r\306\352,\032>\260e|$\216\247o\215J\277Y\020lFA=c;"
 1066      1A3EB065 
 1066      7C248EA7 
 1066      6F8D4ABF 
 1066      59106C46 
 1067 0604 B9A0FD68 		.ascii	"\271\240\375h\303\037M\341k\004\272\006\351\355\214"
 1067      C31F4DE1 
 1067      6B04BA06 
 1067      E9ED8C
 1068 0613 B5717AB4 		.ascii	"\265qz\264wx0\336\024\276N\300\353\020oa\254\223\343"
 1068      777830DE 
 1068      14BE4EC0 
 1068      EB106F61 
 1068      AC93E3
 1069 0626 4F4E370C 		.ascii	"ON7\014$\232\302\327\013x=\342\2373\326\317\361\252"
 1069      249AC2D7 
 1069      0B783DE2 
 1069      9F33D6CF 
 1069      F1AA
 1070 0638 B68A76FE 		.ascii	"\266\212v\376\244&\366G\205\337\"\010\266\240\240\213"
 1070      A426F647 
 1070      85DF2208 
 1070      B6A0A08B 
 1071 0648 B1612EA8 		.ascii	"\261a.\250\2349q\315\334\372F\001oD\274\217\261q\216"
 1071      9C3971CD 
 1071      DCFA4601 
 1071      6F44BC8F 
 1071      B1718E
 1072 065b 9775ECD8 		.ascii	"\227u\354\330\314L\351?\022\360\217\020\037blF\277\331"
 1072      CC4CE93F 
 1072      12F08F10 
 1072      1F626C46 
 1072      BFD9
ARM GAS  /tmp/ccYU6Ird.s 			page 40


 1073 066d FEE603E6 		.ascii	"\376\346\003\346\364M\002\336\204\370\015l}\034\177"
 1073      F44D02DE 
 1073      84F80D6C 
 1073      7D1C7F
 1074 067c 017EDBF7 		.ascii	"\001~\333\367\210\343\023mQ\351?\026\004\037\243`\002"
 1074      88E3136D 
 1074      51E93F16 
 1074      041FA360 
 1074      02
 1075 068d 5BCF0535 		.ascii	"[\317\0055\027\377}\320\274\354\267\013\370v\304\247"
 1075      17FF7DD0 
 1075      BCECB70B 
 1075      F876C4A7 
 1076 069d B1F71CAF 		.ascii	"\261\367\034\257\274[y\311\234~\207\200\357@\274Zb\235"
 1076      BC5B79C9 
 1076      9C7E8780 
 1076      EF40BC5A 
 1076      629D
 1077 06af 1C3F3238 		.ascii	"\034?28z\301\274\354\233\005\034\377 (m\224X?\307\367"
 1077      7AC1BCEC 
 1077      9B051CFF 
 1077      20286D94 
 1077      583FC7F7 
 1078 06c3 DE9AF917 		.ascii	"\336\232\371\027\0173q8*\375.A\260\013\005\315\022\033"
 1078      0F337138 
 1078      2AFD2E41 
 1078      B00B05CD 
 1078      121B
 1079 06d5 E682E9FB 		.ascii	"\346\202\351\373-\267\022L\351\367\010\370\036\304\367"
 1079      2DB7124C 
 1079      E9F708F8 
 1079      1EC4F7
 1080 06e4 4B6C9CE3 		.ascii	"Kl\234\343\235\345\215\263\346\237\234\275\002\276\027"
 1080      9DE58DB3 
 1080      E69F9CBD 
 1080      02BE17
 1081 06f3 F143129B 		.ascii	"\361C\022\233\341x\353\261\007=\346\237\234\026\001"
 1081      E178EBB1 
 1081      073DE69F 
 1081      9C1601
 1082 0702 6F41BC57 		.ascii	"oA\274WB\364\273\017+\236Y\"\257\356\333\021d\037\345"
 1082      42F4BB0F 
 1082      2B9E5922 
 1082      AFEEDB11 
 1082      641FE5
 1083 0715 EF958173 		.ascii	"\357\225\201s-\323R\004\010E\200Ou`\352\310\345T>\337"
 1083      2DD35204 
 1083      0845804F 
 1083      7560EAC8 
 1083      E5543EDF 
 1084 0729 35CFBB9F 		.ascii	"5\317\273\237\260\214lbw\373\013\337\317\361\276R\370"
 1084      B08C6C62 
 1084      77FB0BDF 
 1084      CFF1BE52 
 1084      F8
 1085 073a F2DAF544 		.ascii	"\362\332\365D\316\363\371\003\336\015\257\024f\021Y"
 1085      CEF3F903 
ARM GAS  /tmp/ccYU6Ird.s 			page 41


 1085      DE0DAF14 
 1085      661159
 1086 0749 51F2D697 		.ascii	"Q\362\326\227(\371E\371\001\251\324\353\376\363o\323"
 1086      28F945F9 
 1086      01A9D4EB 
 1086      FEF36FD3 
 1087 0759 D39DFAFF 		.ascii	"\323\235\372\377U\353\362\337\313\177\353\035\247\323"
 1087      55EBF2DF 
 1087      CB7FEB1D 
 1087      A7D3
 1088 0767 57ECCCF3 		.ascii	"W\354\314\363\025\026\372\212\234\305\001\267?P\262"
 1088      1516FA8A 
 1088      9CC501B7 
 1088      3F50B2
 1089 0776 DEF9BBB7 		.ascii	"\336\371\273\267W\257Z\275A;\273>\277\300\353/v\276"
 1089      57AF5ABD 
 1089      413BBB3E 
 1089      BFC0EB2F 
 1089      76BE
 1090 0788 BE6A9533 		.ascii	"\276j\2253\317\037\310H\317\263\275\376\346\037RVe\344"
 1090      CF1FC848 
 1090      CFB3BDFE 
 1090      E61F5256 
 1090      65E4
 1091 079a 90247D9C 		.ascii	"\220$}\234\236\363\352Z\257;/;\213\244;\327\371\012"
 1091      9EF3EA5A 
 1091      AF3B2F3B 
 1091      8BA43BD7 
 1091      F90A
 1092 07ac BDCEBC75 		.ascii	"\275\316\274u\336\265k\235\177\312\0178\335\305\305"
 1092      DEB56B9D 
 1092      7FCA0F38 
 1092      DDC5C5
 1093 07bb 5EFFFB4A 		.ascii	"^\377\373JQI^\201\327\227\351,\366\3479\337\366\275"
 1093      51495E81 
 1093      D797E92C 
 1093      F6E739DF 
 1093      F6BD
 1094 07cd E70B14   		.ascii	"\347\013\024"
 1095 07d0 3BD7ACFE 		.ascii	";\327\254\376=\311\375?\203\020\273\242x\335\376\202"
 1095      3DC9FD3F 
 1095      8310BBA2 
 1095      78DDFE82 
 1096 07e0 BFF07B4B 		.ascii	"\277\360{KP\224\002w\300\313\217\027(\212\307\273\326"
 1096      50940277 
 1096      C0CB8F17 
 1096      288AC7BB 
 1096      D6
 1097 07f1 5D521050 		.ascii	"]R\020P\274\033\362\003\266\"\237\337\033(\361\027%"
 1097      BC1BF203 
 1097      B6229FDF 
 1097      1B28F117 
 1097      25
 1098 0802 297C5AF1 		.ascii	")|Z\361\273\013\025\267\337\353.\216\017\037\311\030"
 1098      BB0B15B7 
 1098      DFEB2E8E 
 1098      0F1FC918 
ARM GAS  /tmp/ccYU6Ird.s 			page 42


 1099 0812 D1EDE7C7 		.ascii	"\321\355\347\307\266\222\374\242@\246K\011\304sX;\265"
 1099      B692FCA2 
 1099      40A64B09 
 1099      C473583B 
 1099      B5
 1100 0823 801F6143 		.ascii	"\200\037aC\365\241\275\310\247\204\347\034\232Gx\244"
 1100      F5A1BDC8 
 1100      A784E71C 
 1100      9A4778A4 
 1101 0833 04162A9A 		.ascii	"\004\026*\232\377\253JD\242$F\237R\026\030#\375\212"
 1101      FFAB4A44 
 1101      A224469F 
 1101      52161823 
 1101      FD8A
 1102 0845 8AC31816 		.ascii	"\212\303\030\026\371\364i]\237\021\253\317\020\364\031"
 1102      F9F4695D 
 1102      9F11ABCF 
 1102      10F419
 1103 0854 A23EC3A4 		.ascii	"\242>\303\244w\305\352]\202\336%\352]&}f\254>S\320g"
 1103      77C5EA5D 
 1103      82DE25EA 
 1103      5D267D66 
 1103      AC3E53D0 
 1104 0869 8AFA4C93 		.ascii	"\212\372L\223>+V\237%\350\263D}\226I\2772V\277R\320"
 1104      3E2B569F 
 1104      25E8B344 
 1104      7D9649BF 
 1104      3256BF52 
 1105 087e AF14F52B 		.ascii	"\257\024\365+M\372\354X}\266\240\317\026\365\331&}N"
 1105      4DFAEC58 
 1105      7DB6A0CF 
 1105      16F5D926 
 1105      7D4E
 1106 0890 AC3E47D0 		.ascii	"\254>G\320\347\210\372\234\260\376\277\203dS`"
 1106      E788FA9C 
 1106      B0FEBF83 
 1106      645360
 1107              		.text
 1108              		.section	.gnu.lto_.symtab.4438a67cb2d2394c,"e",%progbits
 1109 0000 5F5F6370 		.ascii	"__cpu_init\000"
 1109      755F696E 
 1109      697400
 1110 000b 00       		.ascii	"\000"
 1111 000c 01       		.ascii	"\001"
 1112 000d 00       		.ascii	"\000"
 1113 000e 00000000 		.ascii	"\000\000\000\000\000\000\000\000"
 1113      00000000 
 1114 0016 BE000000 		.ascii	"\276\000\000\000"
 1115 001a 5F5F6561 		.ascii	"__early_init\000"
 1115      726C795F 
 1115      696E6974 
 1115      00
 1116 0027 00       		.ascii	"\000"
 1117 0028 01       		.ascii	"\001"
 1118 0029 00       		.ascii	"\000"
 1119 002a 00000000 		.ascii	"\000\000\000\000\000\000\000\000"
 1119      00000000 
ARM GAS  /tmp/ccYU6Ird.s 			page 43


 1120 0032 C1000000 		.ascii	"\301\000\000\000"
 1121 0036 5F5F6C61 		.ascii	"__late_init\000"
 1121      74655F69 
 1121      6E697400 
 1122 0042 00       		.ascii	"\000"
 1123 0043 01       		.ascii	"\001"
 1124 0044 00       		.ascii	"\000"
 1125 0045 00000000 		.ascii	"\000\000\000\000\000\000\000\000"
 1125      00000000 
 1126 004d C4000000 		.ascii	"\304\000\000\000"
 1127 0051 5F5F6465 		.ascii	"__default_exit\000"
 1127      6661756C 
 1127      745F6578 
 1127      697400
 1128 0060 00       		.ascii	"\000"
 1129 0061 01       		.ascii	"\001"
 1130 0062 00       		.ascii	"\000"
 1131 0063 00000000 		.ascii	"\000\000\000\000\000\000\000\000"
 1131      00000000 
 1132 006b C9000000 		.ascii	"\311\000\000\000"
 1133 006f 5F5F696E 		.ascii	"__init_ram_areas\000"
 1133      69745F72 
 1133      616D5F61 
 1133      72656173 
 1133      00
 1134 0080 00       		.ascii	"\000"
 1135 0081 00       		.ascii	"\000"
 1136 0082 00       		.ascii	"\000"
 1137 0083 00000000 		.ascii	"\000\000\000\000\000\000\000\000"
 1137      00000000 
 1138 008b CB000000 		.ascii	"\313\000\000\000"
 1139 008f 5F5F7261 		.ascii	"__ram0_init_text__\000"
 1139      6D305F69 
 1139      6E69745F 
 1139      74657874 
 1139      5F5F00
 1140 00a2 00       		.ascii	"\000"
 1141 00a3 02       		.ascii	"\002"
 1142 00a4 00       		.ascii	"\000"
 1143 00a5 00000000 		.ascii	"\000\000\000\000\000\000\000\000"
 1143      00000000 
 1144 00ad EB000000 		.ascii	"\353\000\000\000"
 1145 00b1 5F5F7261 		.ascii	"__ram0_init__\000"
 1145      6D305F69 
 1145      6E69745F 
 1145      5F00
 1146 00bf 00       		.ascii	"\000"
 1147 00c0 02       		.ascii	"\002"
 1148 00c1 00       		.ascii	"\000"
 1149 00c2 00000000 		.ascii	"\000\000\000\000\000\000\000\000"
 1149      00000000 
 1150 00ca ED000000 		.ascii	"\355\000\000\000"
 1151 00ce 5F5F7261 		.ascii	"__ram0_clear__\000"
 1151      6D305F63 
 1151      6C656172 
 1151      5F5F00
 1152 00dd 00       		.ascii	"\000"
ARM GAS  /tmp/ccYU6Ird.s 			page 44


 1153 00de 02       		.ascii	"\002"
 1154 00df 00       		.ascii	"\000"
 1155 00e0 00000000 		.ascii	"\000\000\000\000\000\000\000\000"
 1155      00000000 
 1156 00e8 EF000000 		.ascii	"\357\000\000\000"
 1157 00ec 5F5F7261 		.ascii	"__ram0_noinit__\000"
 1157      6D305F6E 
 1157      6F696E69 
 1157      745F5F00 
 1158 00fc 00       		.ascii	"\000"
 1159 00fd 02       		.ascii	"\002"
 1160 00fe 00       		.ascii	"\000"
 1161 00ff 00000000 		.ascii	"\000\000\000\000\000\000\000\000"
 1161      00000000 
 1162 0107 F1000000 		.ascii	"\361\000\000\000"
 1163 010b 5F5F7261 		.ascii	"__ram1_init_text__\000"
 1163      6D315F69 
 1163      6E69745F 
 1163      74657874 
 1163      5F5F00
 1164 011e 00       		.ascii	"\000"
 1165 011f 02       		.ascii	"\002"
 1166 0120 00       		.ascii	"\000"
 1167 0121 00000000 		.ascii	"\000\000\000\000\000\000\000\000"
 1167      00000000 
 1168 0129 F3000000 		.ascii	"\363\000\000\000"
 1169 012d 5F5F7261 		.ascii	"__ram1_init__\000"
 1169      6D315F69 
 1169      6E69745F 
 1169      5F00
 1170 013b 00       		.ascii	"\000"
 1171 013c 02       		.ascii	"\002"
 1172 013d 00       		.ascii	"\000"
 1173 013e 00000000 		.ascii	"\000\000\000\000\000\000\000\000"
 1173      00000000 
 1174 0146 F5000000 		.ascii	"\365\000\000\000"
 1175 014a 5F5F7261 		.ascii	"__ram1_clear__\000"
 1175      6D315F63 
 1175      6C656172 
 1175      5F5F00
 1176 0159 00       		.ascii	"\000"
 1177 015a 02       		.ascii	"\002"
 1178 015b 00       		.ascii	"\000"
 1179 015c 00000000 		.ascii	"\000\000\000\000\000\000\000\000"
 1179      00000000 
 1180 0164 F7000000 		.ascii	"\367\000\000\000"
 1181 0168 5F5F7261 		.ascii	"__ram1_noinit__\000"
 1181      6D315F6E 
 1181      6F696E69 
 1181      745F5F00 
 1182 0178 00       		.ascii	"\000"
 1183 0179 02       		.ascii	"\002"
 1184 017a 00       		.ascii	"\000"
 1185 017b 00000000 		.ascii	"\000\000\000\000\000\000\000\000"
 1185      00000000 
 1186 0183 F9000000 		.ascii	"\371\000\000\000"
 1187 0187 5F5F7261 		.ascii	"__ram2_init_text__\000"
ARM GAS  /tmp/ccYU6Ird.s 			page 45


 1187      6D325F69 
 1187      6E69745F 
 1187      74657874 
 1187      5F5F00
 1188 019a 00       		.ascii	"\000"
 1189 019b 02       		.ascii	"\002"
 1190 019c 00       		.ascii	"\000"
 1191 019d 00000000 		.ascii	"\000\000\000\000\000\000\000\000"
 1191      00000000 
 1192 01a5 FB000000 		.ascii	"\373\000\000\000"
 1193 01a9 5F5F7261 		.ascii	"__ram2_init__\000"
 1193      6D325F69 
 1193      6E69745F 
 1193      5F00
 1194 01b7 00       		.ascii	"\000"
 1195 01b8 02       		.ascii	"\002"
 1196 01b9 00       		.ascii	"\000"
 1197 01ba 00000000 		.ascii	"\000\000\000\000\000\000\000\000"
 1197      00000000 
 1198 01c2 FD000000 		.ascii	"\375\000\000\000"
 1199 01c6 5F5F7261 		.ascii	"__ram2_clear__\000"
 1199      6D325F63 
 1199      6C656172 
 1199      5F5F00
 1200 01d5 00       		.ascii	"\000"
 1201 01d6 02       		.ascii	"\002"
 1202 01d7 00       		.ascii	"\000"
 1203 01d8 00000000 		.ascii	"\000\000\000\000\000\000\000\000"
 1203      00000000 
 1204 01e0 FF000000 		.ascii	"\377\000\000\000"
 1205 01e4 5F5F7261 		.ascii	"__ram2_noinit__\000"
 1205      6D325F6E 
 1205      6F696E69 
 1205      745F5F00 
 1206 01f4 00       		.ascii	"\000"
 1207 01f5 02       		.ascii	"\002"
 1208 01f6 00       		.ascii	"\000"
 1209 01f7 00000000 		.ascii	"\000\000\000\000\000\000\000\000"
 1209      00000000 
 1210 01ff 01010000 		.ascii	"\001\001\000\000"
 1211 0203 5F5F7261 		.ascii	"__ram3_init_text__\000"
 1211      6D335F69 
 1211      6E69745F 
 1211      74657874 
 1211      5F5F00
 1212 0216 00       		.ascii	"\000"
 1213 0217 02       		.ascii	"\002"
 1214 0218 00       		.ascii	"\000"
 1215 0219 00000000 		.ascii	"\000\000\000\000\000\000\000\000"
 1215      00000000 
 1216 0221 03010000 		.ascii	"\003\001\000\000"
 1217 0225 5F5F7261 		.ascii	"__ram3_init__\000"
 1217      6D335F69 
 1217      6E69745F 
 1217      5F00
 1218 0233 00       		.ascii	"\000"
 1219 0234 02       		.ascii	"\002"
ARM GAS  /tmp/ccYU6Ird.s 			page 46


 1220 0235 00       		.ascii	"\000"
 1221 0236 00000000 		.ascii	"\000\000\000\000\000\000\000\000"
 1221      00000000 
 1222 023e 05010000 		.ascii	"\005\001\000\000"
 1223 0242 5F5F7261 		.ascii	"__ram3_clear__\000"
 1223      6D335F63 
 1223      6C656172 
 1223      5F5F00
 1224 0251 00       		.ascii	"\000"
 1225 0252 02       		.ascii	"\002"
 1226 0253 00       		.ascii	"\000"
 1227 0254 00000000 		.ascii	"\000\000\000\000\000\000\000\000"
 1227      00000000 
 1228 025c 07010000 		.ascii	"\007\001\000\000"
 1229 0260 5F5F7261 		.ascii	"__ram3_noinit__\000"
 1229      6D335F6E 
 1229      6F696E69 
 1229      745F5F00 
 1230 0270 00       		.ascii	"\000"
 1231 0271 02       		.ascii	"\002"
 1232 0272 00       		.ascii	"\000"
 1233 0273 00000000 		.ascii	"\000\000\000\000\000\000\000\000"
 1233      00000000 
 1234 027b 09010000 		.ascii	"\011\001\000\000"
 1235 027f 5F5F7261 		.ascii	"__ram4_init_text__\000"
 1235      6D345F69 
 1235      6E69745F 
 1235      74657874 
 1235      5F5F00
 1236 0292 00       		.ascii	"\000"
 1237 0293 02       		.ascii	"\002"
 1238 0294 00       		.ascii	"\000"
 1239 0295 00000000 		.ascii	"\000\000\000\000\000\000\000\000"
 1239      00000000 
 1240 029d 0B010000 		.ascii	"\013\001\000\000"
 1241 02a1 5F5F7261 		.ascii	"__ram4_init__\000"
 1241      6D345F69 
 1241      6E69745F 
 1241      5F00
 1242 02af 00       		.ascii	"\000"
 1243 02b0 02       		.ascii	"\002"
 1244 02b1 00       		.ascii	"\000"
 1245 02b2 00000000 		.ascii	"\000\000\000\000\000\000\000\000"
 1245      00000000 
 1246 02ba 0D010000 		.ascii	"\015\001\000\000"
 1247 02be 5F5F7261 		.ascii	"__ram4_clear__\000"
 1247      6D345F63 
 1247      6C656172 
 1247      5F5F00
 1248 02cd 00       		.ascii	"\000"
 1249 02ce 02       		.ascii	"\002"
 1250 02cf 00       		.ascii	"\000"
 1251 02d0 00000000 		.ascii	"\000\000\000\000\000\000\000\000"
 1251      00000000 
 1252 02d8 0F010000 		.ascii	"\017\001\000\000"
 1253 02dc 5F5F7261 		.ascii	"__ram4_noinit__\000"
 1253      6D345F6E 
ARM GAS  /tmp/ccYU6Ird.s 			page 47


 1253      6F696E69 
 1253      745F5F00 
 1254 02ec 00       		.ascii	"\000"
 1255 02ed 02       		.ascii	"\002"
 1256 02ee 00       		.ascii	"\000"
 1257 02ef 00000000 		.ascii	"\000\000\000\000\000\000\000\000"
 1257      00000000 
 1258 02f7 11010000 		.ascii	"\021\001\000\000"
 1259 02fb 5F5F7261 		.ascii	"__ram5_init_text__\000"
 1259      6D355F69 
 1259      6E69745F 
 1259      74657874 
 1259      5F5F00
 1260 030e 00       		.ascii	"\000"
 1261 030f 02       		.ascii	"\002"
 1262 0310 00       		.ascii	"\000"
 1263 0311 00000000 		.ascii	"\000\000\000\000\000\000\000\000"
 1263      00000000 
 1264 0319 13010000 		.ascii	"\023\001\000\000"
 1265 031d 5F5F7261 		.ascii	"__ram5_init__\000"
 1265      6D355F69 
 1265      6E69745F 
 1265      5F00
 1266 032b 00       		.ascii	"\000"
 1267 032c 02       		.ascii	"\002"
 1268 032d 00       		.ascii	"\000"
 1269 032e 00000000 		.ascii	"\000\000\000\000\000\000\000\000"
 1269      00000000 
 1270 0336 15010000 		.ascii	"\025\001\000\000"
 1271 033a 5F5F7261 		.ascii	"__ram5_clear__\000"
 1271      6D355F63 
 1271      6C656172 
 1271      5F5F00
 1272 0349 00       		.ascii	"\000"
 1273 034a 02       		.ascii	"\002"
 1274 034b 00       		.ascii	"\000"
 1275 034c 00000000 		.ascii	"\000\000\000\000\000\000\000\000"
 1275      00000000 
 1276 0354 17010000 		.ascii	"\027\001\000\000"
 1277 0358 5F5F7261 		.ascii	"__ram5_noinit__\000"
 1277      6D355F6E 
 1277      6F696E69 
 1277      745F5F00 
 1278 0368 00       		.ascii	"\000"
 1279 0369 02       		.ascii	"\002"
 1280 036a 00       		.ascii	"\000"
 1281 036b 00000000 		.ascii	"\000\000\000\000\000\000\000\000"
 1281      00000000 
 1282 0373 19010000 		.ascii	"\031\001\000\000"
 1283 0377 5F5F7261 		.ascii	"__ram6_init_text__\000"
 1283      6D365F69 
 1283      6E69745F 
 1283      74657874 
 1283      5F5F00
 1284 038a 00       		.ascii	"\000"
 1285 038b 02       		.ascii	"\002"
 1286 038c 00       		.ascii	"\000"
ARM GAS  /tmp/ccYU6Ird.s 			page 48


 1287 038d 00000000 		.ascii	"\000\000\000\000\000\000\000\000"
 1287      00000000 
 1288 0395 1B010000 		.ascii	"\033\001\000\000"
 1289 0399 5F5F7261 		.ascii	"__ram6_init__\000"
 1289      6D365F69 
 1289      6E69745F 
 1289      5F00
 1290 03a7 00       		.ascii	"\000"
 1291 03a8 02       		.ascii	"\002"
 1292 03a9 00       		.ascii	"\000"
 1293 03aa 00000000 		.ascii	"\000\000\000\000\000\000\000\000"
 1293      00000000 
 1294 03b2 1D010000 		.ascii	"\035\001\000\000"
 1295 03b6 5F5F7261 		.ascii	"__ram6_clear__\000"
 1295      6D365F63 
 1295      6C656172 
 1295      5F5F00
 1296 03c5 00       		.ascii	"\000"
 1297 03c6 02       		.ascii	"\002"
 1298 03c7 00       		.ascii	"\000"
 1299 03c8 00000000 		.ascii	"\000\000\000\000\000\000\000\000"
 1299      00000000 
 1300 03d0 1F010000 		.ascii	"\037\001\000\000"
 1301 03d4 5F5F7261 		.ascii	"__ram6_noinit__\000"
 1301      6D365F6E 
 1301      6F696E69 
 1301      745F5F00 
 1302 03e4 00       		.ascii	"\000"
 1303 03e5 02       		.ascii	"\002"
 1304 03e6 00       		.ascii	"\000"
 1305 03e7 00000000 		.ascii	"\000\000\000\000\000\000\000\000"
 1305      00000000 
 1306 03ef 21010000 		.ascii	"!\001\000\000"
 1307 03f3 5F5F7261 		.ascii	"__ram7_init_text__\000"
 1307      6D375F69 
 1307      6E69745F 
 1307      74657874 
 1307      5F5F00
 1308 0406 00       		.ascii	"\000"
 1309 0407 02       		.ascii	"\002"
 1310 0408 00       		.ascii	"\000"
 1311 0409 00000000 		.ascii	"\000\000\000\000\000\000\000\000"
 1311      00000000 
 1312 0411 23010000 		.ascii	"#\001\000\000"
 1313 0415 5F5F7261 		.ascii	"__ram7_init__\000"
 1313      6D375F69 
 1313      6E69745F 
 1313      5F00
 1314 0423 00       		.ascii	"\000"
 1315 0424 02       		.ascii	"\002"
 1316 0425 00       		.ascii	"\000"
 1317 0426 00000000 		.ascii	"\000\000\000\000\000\000\000\000"
 1317      00000000 
 1318 042e 25010000 		.ascii	"%\001\000\000"
 1319 0432 5F5F7261 		.ascii	"__ram7_clear__\000"
 1319      6D375F63 
 1319      6C656172 
ARM GAS  /tmp/ccYU6Ird.s 			page 49


 1319      5F5F00
 1320 0441 00       		.ascii	"\000"
 1321 0442 02       		.ascii	"\002"
 1322 0443 00       		.ascii	"\000"
 1323 0444 00000000 		.ascii	"\000\000\000\000\000\000\000\000"
 1323      00000000 
 1324 044c 27010000 		.ascii	"'\001\000\000"
 1325 0450 5F5F7261 		.ascii	"__ram7_noinit__\000"
 1325      6D375F6E 
 1325      6F696E69 
 1325      745F5F00 
 1326 0460 00       		.ascii	"\000"
 1327 0461 02       		.ascii	"\002"
 1328 0462 00       		.ascii	"\000"
 1329 0463 00000000 		.ascii	"\000\000\000\000\000\000\000\000"
 1329      00000000 
 1330 046b 29010000 		.ascii	")\001\000\000"
 1331              		.text
 1332              		.section	.gnu.lto_.ext_symtab.4438a67cb2d2394c,"e",%progbits
 1333 0000 01       		.ascii	"\001"
 1334 0001 01       		.ascii	"\001"
 1335 0002 00       		.ascii	"\000"
 1336 0003 01       		.ascii	"\001"
 1337 0004 00       		.ascii	"\000"
 1338 0005 01       		.ascii	"\001"
 1339 0006 00       		.ascii	"\000"
 1340 0007 01       		.ascii	"\001"
 1341 0008 00       		.ascii	"\000"
 1342 0009 01       		.ascii	"\001"
 1343 000a 00       		.ascii	"\000"
 1344 000b 02       		.ascii	"\002"
 1345 000c 01       		.ascii	"\001"
 1346 000d 02       		.ascii	"\002"
 1347 000e 01       		.ascii	"\001"
 1348 000f 02       		.ascii	"\002"
 1349 0010 01       		.ascii	"\001"
 1350 0011 02       		.ascii	"\002"
 1351 0012 01       		.ascii	"\001"
 1352 0013 02       		.ascii	"\002"
 1353 0014 01       		.ascii	"\001"
 1354 0015 02       		.ascii	"\002"
 1355 0016 01       		.ascii	"\001"
 1356 0017 02       		.ascii	"\002"
 1357 0018 01       		.ascii	"\001"
 1358 0019 02       		.ascii	"\002"
 1359 001a 01       		.ascii	"\001"
 1360 001b 02       		.ascii	"\002"
 1361 001c 01       		.ascii	"\001"
 1362 001d 02       		.ascii	"\002"
 1363 001e 01       		.ascii	"\001"
 1364 001f 02       		.ascii	"\002"
 1365 0020 01       		.ascii	"\001"
 1366 0021 02       		.ascii	"\002"
 1367 0022 01       		.ascii	"\001"
 1368 0023 02       		.ascii	"\002"
 1369 0024 01       		.ascii	"\001"
 1370 0025 02       		.ascii	"\002"
ARM GAS  /tmp/ccYU6Ird.s 			page 50


 1371 0026 01       		.ascii	"\001"
 1372 0027 02       		.ascii	"\002"
 1373 0028 01       		.ascii	"\001"
 1374 0029 02       		.ascii	"\002"
 1375 002a 01       		.ascii	"\001"
 1376 002b 02       		.ascii	"\002"
 1377 002c 01       		.ascii	"\001"
 1378 002d 02       		.ascii	"\002"
 1379 002e 01       		.ascii	"\001"
 1380 002f 02       		.ascii	"\002"
 1381 0030 01       		.ascii	"\001"
 1382 0031 02       		.ascii	"\002"
 1383 0032 01       		.ascii	"\001"
 1384 0033 02       		.ascii	"\002"
 1385 0034 01       		.ascii	"\001"
 1386 0035 02       		.ascii	"\002"
 1387 0036 01       		.ascii	"\001"
 1388 0037 02       		.ascii	"\002"
 1389 0038 01       		.ascii	"\001"
 1390 0039 02       		.ascii	"\002"
 1391 003a 01       		.ascii	"\001"
 1392 003b 02       		.ascii	"\002"
 1393 003c 01       		.ascii	"\001"
 1394 003d 02       		.ascii	"\002"
 1395 003e 01       		.ascii	"\001"
 1396 003f 02       		.ascii	"\002"
 1397 0040 01       		.ascii	"\001"
 1398 0041 02       		.ascii	"\002"
 1399 0042 01       		.ascii	"\001"
 1400 0043 02       		.ascii	"\002"
 1401 0044 01       		.ascii	"\001"
 1402 0045 02       		.ascii	"\002"
 1403 0046 01       		.ascii	"\001"
 1404 0047 02       		.ascii	"\002"
 1405 0048 01       		.ascii	"\001"
 1406 0049 02       		.ascii	"\002"
 1407 004a 01       		.ascii	"\001"
 1408              		.text
 1409              		.section	.gnu.lto_.opts,"e",%progbits
 1410 0000 272D666E 		.ascii	"'-fno-openmp' '-fno-openacc' '-fno-pie' '-fcf-prote"
 1410      6F2D6F70 
 1410      656E6D70 
 1410      2720272D 
 1410      666E6F2D 
 1411 0033 6374696F 		.ascii	"ction=none' '-g' '-mcpu=cortex-m4' '-mthumb' '-mflo"
 1411      6E3D6E6F 
 1411      6E652720 
 1411      272D6727 
 1411      20272D6D 
 1412 0066 61742D61 		.ascii	"at-abi=hard' '-mfpu=fpv4-sp-d16' '-mlibarch=armv7e-"
 1412      62693D68 
 1412      61726427 
 1412      20272D6D 
 1412      6670753D 
 1413 0099 6D2B6670 		.ascii	"m+fp' '-march=armv7e-m+fp' '-Og' '-fomit-frame-poin"
 1413      2720272D 
 1413      6D617263 
ARM GAS  /tmp/ccYU6Ird.s 			page 51


 1413      683D6172 
 1413      6D763765 
 1414 00cc 74657227 		.ascii	"ter' '-falign-functions=16' '-ffunction-sections' '"
 1414      20272D66 
 1414      616C6967 
 1414      6E2D6675 
 1414      6E637469 
 1415 00ff 2D666461 		.ascii	"-fdata-sections' '-fno-common' '-flto' '-Xassembler"
 1415      74612D73 
 1415      65637469 
 1415      6F6E7327 
 1415      20272D66 
 1416 0132 2720272D 		.ascii	"' '-alms=./build/lst/crt1.lst'\000"
 1416      616C6D73 
 1416      3D2E2F62 
 1416      75696C64 
 1416      2F6C7374 
 1417              		.text
 1418              		.comm	__gnu_lto_slim,1,1
 1419              		.ident	"GCC: (GNU Arm Embedded Toolchain 10.3-2021.10) 10.3.1 20210824 (release)"
ARM GAS  /tmp/ccYU6Ird.s 			page 52


DEFINED SYMBOLS
                            *ABS*:0000000000000000 crt1.c
     /tmp/ccYU6Ird.s:23     .gnu.debuglto_.debug_info:0000000000000000 crt1.c.70feac64
                            *COM*:0000000000000001 __gnu_lto_slim

NO UNDEFINED SYMBOLS
