ARM GAS  /tmp/cc0ZBhNF.s 			page 1


   1              		.cpu cortex-m4
   2              		.arch armv7e-m
   3              		.fpu fpv4-sp-d16
   4              		.eabi_attribute 27, 1
   5              		.eabi_attribute 28, 1
   6              		.eabi_attribute 20, 1
   7              		.eabi_attribute 21, 1
   8              		.eabi_attribute 23, 3
   9              		.eabi_attribute 24, 1
  10              		.eabi_attribute 25, 1
  11              		.eabi_attribute 26, 1
  12              		.eabi_attribute 30, 1
  13              		.eabi_attribute 34, 1
  14              		.eabi_attribute 18, 4
  15              		.file	"hal.c"
  16              		.file 1 "../../../ChibiOS//os/hal/src/hal.c"
  17              		.file 2 "../../../ChibiOS//os/hal/osal/rt-nil/osal.h"
  18              		.section	.gnu.debuglto_.debug_info,"e",%progbits
  19              	.Ldebug_info0:
  20              		.hidden	hal.c.be7b6cf5
  21              		.weak	hal.c.be7b6cf5
  22              	hal.c.be7b6cf5:
  23 0000 86000000 		.4byte	0x86
  24 0004 0400     		.2byte	0x4
  25 0006 00000000 		.4byte	.Ldebug_abbrev0
  26 000a 04       		.byte	0x4
  27 000b 01       		.uleb128 0x1
  28 000c 96000000 		.4byte	.LASF12
  29 0010 0C       		.byte	0xc
  30 0011 73010000 		.4byte	.LASF13
  31 0015 A2010000 		.4byte	.LASF14
  32 0019 00000000 		.4byte	.Ldebug_line0
  33 001d 02       		.uleb128 0x2
  34 001e 04       		.byte	0x4
  35 001f 05       		.byte	0x5
  36 0020 696E7400 		.ascii	"int\000"
  37 0024 03       		.uleb128 0x3
  38 0025 04       		.byte	0x4
  39 0026 07       		.byte	0x7
  40 0027 0E000000 		.4byte	.LASF0
  41 002b 03       		.uleb128 0x3
  42 002c 08       		.byte	0x8
  43 002d 05       		.byte	0x5
  44 002e 00000000 		.4byte	.LASF1
  45 0032 03       		.uleb128 0x3
  46 0033 08       		.byte	0x8
  47 0034 04       		.byte	0x4
  48 0035 96010000 		.4byte	.LASF2
  49 0039 03       		.uleb128 0x3
  50 003a 01       		.byte	0x1
  51 003b 06       		.byte	0x6
  52 003c 8A000000 		.4byte	.LASF3
  53 0040 03       		.uleb128 0x3
  54 0041 01       		.byte	0x1
  55 0042 08       		.byte	0x8
  56 0043 44000000 		.4byte	.LASF4
  57 0047 03       		.uleb128 0x3
ARM GAS  /tmp/cc0ZBhNF.s 			page 2


  58 0048 02       		.byte	0x2
  59 0049 05       		.byte	0x5
  60 004a D0010000 		.4byte	.LASF5
  61 004e 03       		.uleb128 0x3
  62 004f 02       		.byte	0x2
  63 0050 07       		.byte	0x7
  64 0051 77000000 		.4byte	.LASF6
  65 0055 03       		.uleb128 0x3
  66 0056 04       		.byte	0x4
  67 0057 05       		.byte	0x5
  68 0058 57000000 		.4byte	.LASF7
  69 005c 03       		.uleb128 0x3
  70 005d 04       		.byte	0x4
  71 005e 07       		.byte	0x7
  72 005f 1B000000 		.4byte	.LASF8
  73 0063 03       		.uleb128 0x3
  74 0064 08       		.byte	0x8
  75 0065 07       		.byte	0x7
  76 0066 2D000000 		.4byte	.LASF9
  77 006a 03       		.uleb128 0x3
  78 006b 01       		.byte	0x1
  79 006c 08       		.byte	0x8
  80 006d 52000000 		.4byte	.LASF10
  81 0071 03       		.uleb128 0x3
  82 0072 01       		.byte	0x1
  83 0073 02       		.byte	0x2
  84 0074 71000000 		.4byte	.LASF11
  85 0078 04       		.uleb128 0x4
  86 0079 60000000 		.4byte	.LASF15
  87 007d 01       		.byte	0x1
  88 007e 38       		.byte	0x38
  89 007f 06       		.byte	0x6
  90 0080 05       		.uleb128 0x5
  91 0081 68000000 		.4byte	.LASF16
  92 0085 02       		.byte	0x2
  93 0086 1302     		.2byte	0x213
  94 0088 14       		.byte	0x14
  95 0089 00       		.byte	0
  96              		.section	.gnu.debuglto_.debug_abbrev,"e",%progbits
  97              	.Ldebug_abbrev0:
  98 0000 01       		.uleb128 0x1
  99 0001 11       		.uleb128 0x11
 100 0002 01       		.byte	0x1
 101 0003 25       		.uleb128 0x25
 102 0004 0E       		.uleb128 0xe
 103 0005 13       		.uleb128 0x13
 104 0006 0B       		.uleb128 0xb
 105 0007 03       		.uleb128 0x3
 106 0008 0E       		.uleb128 0xe
 107 0009 1B       		.uleb128 0x1b
 108 000a 0E       		.uleb128 0xe
 109 000b 10       		.uleb128 0x10
 110 000c 17       		.uleb128 0x17
 111 000d 00       		.byte	0
 112 000e 00       		.byte	0
 113 000f 02       		.uleb128 0x2
 114 0010 24       		.uleb128 0x24
ARM GAS  /tmp/cc0ZBhNF.s 			page 3


 115 0011 00       		.byte	0
 116 0012 0B       		.uleb128 0xb
 117 0013 0B       		.uleb128 0xb
 118 0014 3E       		.uleb128 0x3e
 119 0015 0B       		.uleb128 0xb
 120 0016 03       		.uleb128 0x3
 121 0017 08       		.uleb128 0x8
 122 0018 00       		.byte	0
 123 0019 00       		.byte	0
 124 001a 03       		.uleb128 0x3
 125 001b 24       		.uleb128 0x24
 126 001c 00       		.byte	0
 127 001d 0B       		.uleb128 0xb
 128 001e 0B       		.uleb128 0xb
 129 001f 3E       		.uleb128 0x3e
 130 0020 0B       		.uleb128 0xb
 131 0021 03       		.uleb128 0x3
 132 0022 0E       		.uleb128 0xe
 133 0023 00       		.byte	0
 134 0024 00       		.byte	0
 135 0025 04       		.uleb128 0x4
 136 0026 2E       		.uleb128 0x2e
 137 0027 00       		.byte	0
 138 0028 3F       		.uleb128 0x3f
 139 0029 19       		.uleb128 0x19
 140 002a 03       		.uleb128 0x3
 141 002b 0E       		.uleb128 0xe
 142 002c 3A       		.uleb128 0x3a
 143 002d 0B       		.uleb128 0xb
 144 002e 3B       		.uleb128 0x3b
 145 002f 0B       		.uleb128 0xb
 146 0030 39       		.uleb128 0x39
 147 0031 0B       		.uleb128 0xb
 148 0032 27       		.uleb128 0x27
 149 0033 19       		.uleb128 0x19
 150 0034 00       		.byte	0
 151 0035 00       		.byte	0
 152 0036 05       		.uleb128 0x5
 153 0037 2E       		.uleb128 0x2e
 154 0038 00       		.byte	0
 155 0039 03       		.uleb128 0x3
 156 003a 0E       		.uleb128 0xe
 157 003b 3A       		.uleb128 0x3a
 158 003c 0B       		.uleb128 0xb
 159 003d 3B       		.uleb128 0x3b
 160 003e 05       		.uleb128 0x5
 161 003f 39       		.uleb128 0x39
 162 0040 0B       		.uleb128 0xb
 163 0041 27       		.uleb128 0x27
 164 0042 19       		.uleb128 0x19
 165 0043 00       		.byte	0
 166 0044 00       		.byte	0
 167 0045 00       		.byte	0
 168              		.section	.gnu.debuglto_.debug_line,"e",%progbits
 169              	.Ldebug_line0:
 170 0000 6F000000 		.4byte	.LELT0-.LSLT0
 171              	.LSLT0:
ARM GAS  /tmp/cc0ZBhNF.s 			page 4


 172 0004 0400     		.2byte	0x4
 173 0006 69000000 		.4byte	.LELTP0-.LASLTP0
 174              	.LASLTP0:
 175 000a 01       		.byte	0x1
 176 000b 01       		.byte	0x1
 177 000c 01       		.byte	0x1
 178 000d F6       		.byte	0xf6
 179 000e F2       		.byte	0xf2
 180 000f 0D       		.byte	0xd
 181 0010 00       		.byte	0
 182 0011 01       		.byte	0x1
 183 0012 01       		.byte	0x1
 184 0013 01       		.byte	0x1
 185 0014 01       		.byte	0x1
 186 0015 00       		.byte	0
 187 0016 00       		.byte	0
 188 0017 00       		.byte	0
 189 0018 01       		.byte	0x1
 190 0019 00       		.byte	0
 191 001a 00       		.byte	0
 192 001b 01       		.byte	0x1
 193 001c 2E2E2F2E 		.ascii	"../../../ChibiOS//os/hal/osal/rt-nil"
 193      2E2F2E2E 
 193      2F436869 
 193      62694F53 
 193      2F2F6F73 
 194 0040 00       		.byte	0
 195 0041 2E2E2F2E 		.ascii	"../../../ChibiOS//os/hal/src"
 195      2E2F2E2E 
 195      2F436869 
 195      62694F53 
 195      2F2F6F73 
 196 005d 00       		.byte	0
 197 005e 00       		.byte	0
 198 005f 68616C2E 		.ascii	"hal.c\000"
 198      6300
 199 0065 02       		.uleb128 0x2
 200 0066 00       		.uleb128 0
 201 0067 00       		.uleb128 0
 202 0068 6F73616C 		.ascii	"osal.h\000"
 202      2E6800
 203 006f 01       		.uleb128 0x1
 204 0070 00       		.uleb128 0
 205 0071 00       		.uleb128 0
 206 0072 00       		.byte	0
 207              	.LELTP0:
 208              	.LELT0:
 209              		.section	.gnu.debuglto_.debug_str,"eMS",%progbits,1
 210              	.LASF1:
 211 0000 6C6F6E67 		.ascii	"long long int\000"
 211      206C6F6E 
 211      6720696E 
 211      7400
 212              	.LASF0:
 213 000e 756E7369 		.ascii	"unsigned int\000"
 213      676E6564 
 213      20696E74 
ARM GAS  /tmp/cc0ZBhNF.s 			page 5


 213      00
 214              	.LASF8:
 215 001b 6C6F6E67 		.ascii	"long unsigned int\000"
 215      20756E73 
 215      69676E65 
 215      6420696E 
 215      7400
 216              	.LASF9:
 217 002d 6C6F6E67 		.ascii	"long long unsigned int\000"
 217      206C6F6E 
 217      6720756E 
 217      7369676E 
 217      65642069 
 218              	.LASF4:
 219 0044 756E7369 		.ascii	"unsigned char\000"
 219      676E6564 
 219      20636861 
 219      7200
 220              	.LASF10:
 221 0052 63686172 		.ascii	"char\000"
 221      00
 222              	.LASF7:
 223 0057 6C6F6E67 		.ascii	"long int\000"
 223      20696E74 
 223      00
 224              	.LASF15:
 225 0060 68616C49 		.ascii	"halInit\000"
 225      6E697400 
 226              	.LASF16:
 227 0068 6F73616C 		.ascii	"osalInit\000"
 227      496E6974 
 227      00
 228              	.LASF11:
 229 0071 5F426F6F 		.ascii	"_Bool\000"
 229      6C00
 230              	.LASF6:
 231 0077 73686F72 		.ascii	"short unsigned int\000"
 231      7420756E 
 231      7369676E 
 231      65642069 
 231      6E7400
 232              	.LASF3:
 233 008a 7369676E 		.ascii	"signed char\000"
 233      65642063 
 233      68617200 
 234              	.LASF12:
 235 0096 474E5520 		.ascii	"GNU C17 10.3.1 20210824 (release) -mcpu=cortex-m4 -"
 235      43313720 
 235      31302E33 
 235      2E312032 
 235      30323130 
 236 00c9 6D746875 		.ascii	"mthumb -mfloat-abi=hard -mfpu=fpv4-sp-d16 -march=ar"
 236      6D62202D 
 236      6D666C6F 
 236      61742D61 
 236      62693D68 
 237 00fc 6D763765 		.ascii	"mv7e-m+fp -g -ggdb -Og -fomit-frame-pointer -falign"
ARM GAS  /tmp/cc0ZBhNF.s 			page 6


 237      2D6D2B66 
 237      70202D67 
 237      202D6767 
 237      6462202D 
 238 012f 2D66756E 		.ascii	"-functions=16 -ffunction-sections -fdata-sections -"
 238      6374696F 
 238      6E733D31 
 238      36202D66 
 238      66756E63 
 239 0162 666E6F2D 		.ascii	"fno-common -flto\000"
 239      636F6D6D 
 239      6F6E202D 
 239      666C746F 
 239      00
 240              	.LASF13:
 241 0173 2E2E2F2E 		.ascii	"../../../ChibiOS//os/hal/src/hal.c\000"
 241      2E2F2E2E 
 241      2F436869 
 241      62694F53 
 241      2F2F6F73 
 242              	.LASF2:
 243 0196 6C6F6E67 		.ascii	"long double\000"
 243      20646F75 
 243      626C6500 
 244              	.LASF14:
 245 01a2 2F686F6D 		.ascii	"/home/cheff/git/asserv_nucleo3/src/Robots/PMI\000"
 245      652F6368 
 245      6566662F 
 245      6769742F 
 245      61737365 
 246              	.LASF5:
 247 01d0 73686F72 		.ascii	"short int\000"
 247      7420696E 
 247      7400
 248              		.text
 249              		.section	.gnu.lto_.profile.6a334bea1fc48945,"e",%progbits
 250 0000 789C6362 		.ascii	"x\234cb\000\001\000\000\022\000\003"
 250      00010000 
 250      120003
 251              		.text
 252              		.section	.gnu.lto_.inline.6a334bea1fc48945,"e",%progbits
 253 0000 789C4B60 		.ascii	"x\234K`@\000F\006\006\336\206\206\206\031\314\231\214"
 253      40004606 
 253      06DE8686 
 253      8619CC99 
 253      8C
 254 0011 0C4C0C0C 		.ascii	"\014L\014\014\215@v\035\003\003\033\220j`Ja\002\011"
 254      8D40761D 
 254      03031B90 
 254      6A604A61 
 254      0209
 255 0023 31307231 		.ascii	"10r1\220M2\000\000\221}\010S"
 255      904D3200 
 255      00917D08 
 255      53
 256              		.text
 257              		.section	.gnu.lto_.jmpfuncs.6a334bea1fc48945,"e",%progbits
ARM GAS  /tmp/cc0ZBhNF.s 			page 7


 258 0000 789CE367 		.ascii	"x\234\343g@\000F\006\024\000\000\001\277\000\021"
 258      40004606 
 258      14000001 
 258      BF0011
 259              		.text
 260              		.section	.gnu.lto_.pureconst.6a334bea1fc48945,"e",%progbits
 261 0000 789C6361 		.ascii	"x\234ca```d\230\301\002\000\001`\000\242"
 261      60606064 
 261      98C10200 
 261      016000A2 
 262              		.text
 263              		.section	.gnu.lto_.lto.6a334bea1fc48945,"e",%progbits
 264 0000 09000400 		.ascii	"\011\000\004\000\001\000\000\000"
 264      01000000 
 265              		.text
 266              		.section	.gnu.lto_halInit.365.6a334bea1fc48945,"e",%progbits
 267 0000 789C9BC5 		.ascii	"x\234\233\305\310\300\320\310\300\300\240\014\304\214"
 267      C8C0D0C8 
 267      C0C0A00C 
 267      C48C
 268 000e CC0C8C93 		.ascii	"\314\014\214\223&v114448\260316N\354\342d\334\312\010"
 268      26763131 
 268      34343438 
 268      B0333136 
 268      4EECE264 
 269 0025 E63132D4 		.ascii	"\34612\32431\3263Nf\326\004r\177,\235\365\203\247Ub"
 269      3331D633 
 269      4E66D604 
 269      727F2C9D 
 269      F583A755 
 270 003a 093303C3 		.ascii	"\0113\003\303< \206\0026\030\017h$\303\372K\254\007"
 270      3C208602 
 270      36180F68 
 270      24C3FA4B 
 270      AC07
 271 004c 1AFEFCEF 		.ascii	"\032\376\374\357ohx\372\210q\237*\017\003C?3\310\334"
 271      6F6878FA 
 271      88719F2A 
 271      0F03433F 
 271      33C8DC
 272 005f 0616A0EC 		.ascii	"\006\026\240\354\004f&\010\263\371\000\003\303+\306"
 272      04662608 
 272      B3F90003 
 272      C32BC6
 273 006e 8647DF79 		.ascii	"\206G\337yA\324\347\255\275\327\036=\020\202\010\335"
 273      41D4E7AD 
 273      BDD71E3D 
 273      108208DD 
 274 007e 7EC401A2 		.ascii	"~\304\001\242?-}\374\236\005\350\010\206\017\214\315"
 274      3F2D7DFC 
 274      9E05E808 
 274      860F8CCD 
 275 008e 0A0C2D8C 		.ascii	"\012\014-\214LK\230\031\3471\003\315X\302\314\004V7"
 275      4C4B9819 
 275      E73103CD 
 275      58C2CC04 
 275      5637
ARM GAS  /tmp/cc0ZBhNF.s 			page 8


 276 00a0 850D558A 		.ascii	"\205\015U\212\011!\365\005M\212\031!5\207\035U\212\005"
 276      0921F505 
 276      4D8A1921 
 276      35871D55 
 276      8A05
 277 00b2 21B5094D 		.ascii	"!\265\011M\212\025!\365\015M\212\015!5\211\013U\212"
 277      8A1521F5 
 277      0D4D8A0D 
 277      2135890B 
 277      558A
 278 00c4 1D217501 		.ascii	"\035!u\001M\212\003!u\013M\212\023!\365\003M\212\013"
 278      4D8A0321 
 278      750B4D8A 
 278      1321F503 
 278      4D8A0B
 279 00d7 22F589B1 		.ascii	"\"\365\211\261\351\301_/px\36733BB\261\351\000\210\253"
 279      E9C15F2F 
 279      7078F733 
 279      334242B1 
 279      E90088AB 
 280 00eb A79F919F 		.ascii	"\247\237\221\237\233\252\237\234\221\232\226\246\237"
 280      9BAA9F9C 
 280      919A96A6 
 280      9F
 281 00f8 9E59A29F 		.ascii	"\236Y\242\237X\\\234ZT\026\237W\232\234\223\232o\254"
 281      585C9C5A 
 281      54169F57 
 281      9A9C939A 
 281      6FAC
 282 010a 5F5C94AC 		.ascii	"_\\\224\254\037\224\237\224_R\254\037\340\353\311\240"
 282      1F949F94 
 282      5F52AC1F 
 282      E0EBC9A0 
 283 011a ACA7A70F 		.ascii	"\254\247\247\017A\316\031\231I\231\376\301\372\372\371"
 283      41CE1999 
 283      4999FEC1 
 283      FAFAF9
 284 0129 C5FA1989 		.ascii	"\305\372\031\2119`\205@Z/\231A\007\247\232\374b QT\242"
 284      39608540 
 284      5A2F9941 
 284      07A79AFC 
 284      62205154 
 285 013e 9B970961 		.ascii	"\233\227\011a\353e0\000\000.\203\251\240"
 285      EB653000 
 285      002E83A9 
 285      A0
 286              		.text
 287              		.section	.gnu.lto_.symbol_nodes.6a334bea1fc48945,"e",%progbits
 288 0000 789C75D0 		.ascii	"x\234u\320\313\025\3020\014D\321\321\310\211\023\247"
 288      CB15C230 
 288      0C44D1D1 
 288      C88913A7 
 289 0010 084A55E8 		.ascii	"\010JU\350\200\"\240\011\212\240\012\266\374\177K\260"
 289      8022A009 
 289      8AA00AB6 
 289      FC7F4BB0 
 290 0020 89B6F26A 		.ascii	"\211\266\362j\316\273Zy'\000x\242a\256/\311\346\000"
ARM GAS  /tmp/cc0ZBhNF.s 			page 9


 290      CEBB5A79 
 290      270078A2 
 290      61AE2FC9 
 290      E600
 291 0032 18B09FD7 		.ascii	"\030\260\237\327\202F\200|h\362\365\267\372\037\240"
 291      8246807C 
 291      68F2F5B7 
 291      FA1FA0
 292 0041 1D379537 		.ascii	"\0357\2257\215\221\275h\032\331\223\226\"{\320\272\310"
 292      8D91BD68 
 292      1AD99396 
 292      227BD0BA 
 292      C8
 293 0052 EEB43EB2 		.ascii	"\356\264>\262\033-Gv\245\015\221]hcdgZ\011LQ\226/\333"
 293      1B2D4776 
 293      A50D915D 
 293      68636467 
 293      5A094C51 
 294 0069 8A625CE6 		.ascii	"\212b\\\346\261\316\301k\257\310^\353\354\275fE\347"
 294      B1CEC16B 
 294      AFC85EEB 
 294      ECBD6645 
 294      E7
 295 007a B5CEE4B5 		.ascii	"\265\316\344\265(\324k\235\364:)\304\353\204\037pI\240"
 295      28D46B9D 
 295      F43A29C4 
 295      EB841F70 
 295      49A0
 296 008c 95       		.ascii	"\225"
 297              		.text
 298              		.section	.gnu.lto_.refs.6a334bea1fc48945,"e",%progbits
 299 0000 789C6364 		.ascii	"x\234cd\000\002\000\000\012\000\002"
 299      00020000 
 299      0A0002
 300              		.text
 301              		.section	.gnu.lto_.decls.6a334bea1fc48945,"e",%progbits
 302 0000 789C9592 		.ascii	"x\234\225\222\177L[U\024\307\357\271\257\364=\336\272"
 302      7F4C5B55 
 302      14C7EFB9 
 302      AFF43DDE 
 302      BA
 303 0011 959892FD 		.ascii	"\225\230\222\375\3274\230h\343B_(\0101\032m\202c!c@"
 303      D7349868 
 303      E3425F28 
 303      08311A6D 
 303      82632163 
 304 0026 C0FDA37F 		.ascii	"\300\375\243\1774\264\257\330&\224\222\266 \374\367"
 304      34B4AFD8 
 304      269492B6 
 304      20FCF7
 305 0035 E2B24C23 		.ascii	"\342\262L#C\3424\303\315\305\216\2770\231\013F\207L"
 305      43E234C3 
 305      CDC58EBF 
 305      30990B46 
 305      874C
 306 0047 7E8C956D 		.ascii	"~\214\225m\024\030n\260i\0265\032\263\211\025\215Y\224"
 306      14186EB0 
ARM GAS  /tmp/cc0ZBhNF.s 			page 10


 306      6916351A 
 306      B389158D 
 306      5994
 307 0059 2C4499F3 		.ascii	",D\231\363\334\373^_\221I\304\333\236{\337\353\375|"
 307      DCFB5E5F 
 307      9149C4DB 
 307      9E7BDFEB 
 307      FD7C
 308 006b BFE7DCDB 		.ascii	"\277\347\334\3333b!\304)\0202D\010y\200\203\342\272"
 308      336221C4 
 308      29103244 
 308      08798083 
 308      E2BA
 309 007d 48F26307 		.ascii	"H\362c\007\3068\306$\306\024F\032\343\022\306\025\214"
 309      C638C624 
 309      C614461A 
 309      E312C615 
 309      8C
 310 008e 0CC61CC6 		.ascii	"\014\306\034\306U\214\3171\256\223\207G\017\020\202"
 310      558CCF31 
 310      AE938747 
 310      0F1082
 311 009d F6248C71 		.ascii	"\366$\214q\003cl\223\357uC{\325\360\312\030\336\227"
 311      03636C93 
 311      EF75437B 
 311      D5F0CA18 
 311      DE97
 312 00af 8C5C5346 		.ascii	"\214\\SF\356\315\343\244@O\237\375\250\327\376\003\020"
 312      EECDE3A4 
 312      404F9FFD 
 312      A8D7FE03 
 312      10
 313 00c0 F6B1A800 		.ascii	"\366\261\250\000p\253\022'\231\274(\020\207F5jU\005"
 313      70AB1227 
 313      99BC2810 
 313      8746356A 
 313      5505
 314 00d2 2A0BB2A0 		.ascii	"*\013\262\240\312\031p\272W\005\237D\335vY\032\232\206"
 314      CA1970BA 
 314      57059F44 
 314      DD76591A 
 314      9A86
 315 00e4 22B940A2 		.ascii	"\"\271@\2424+\252\262\373\0178CSV\227O\263\250\275\305"
 315      342BAAB2 
 315      FB0F3843 
 315      5356974F 
 315      B3A8BDC5 
 316 00f8 5951A3FD 		.ascii	"YQ\243\375\365\216r\037\316Y1\003*\252\032\251T\204"
 316      F58E721F 
 316      CE593103 
 316      2AAA1AA9 
 316      5484
 317 010a 4F59515E 		.ascii	"OYQ^\025RG\255\352\002}\355q\310\200\254z\035\232\246"
 317      155247AD 
 317      EA027DED 
 317      71C880AC 
 317      7A1D9AA6 
ARM GAS  /tmp/cc0ZBhNF.s 			page 11


 318 011e F924C969 		.ascii	"\371$\311iO\013i\241\206\020I\032>[,gE;Z\270UW\221\352"
 318      4F0B69A1 
 318      8610491A 
 318      3E5B2C67 
 318      453B5AB8 
 319 0136 B267A040 		.ascii	"\262g\240@Ue\207\233`\021\252\327\353\2432:[\244\014"
 319      5565879B 
 319      6011AAD7 
 319      EBA3323A 
 319      5BA40C
 320 0149 7805B079 		.ascii	"x\005\260y\265\357\177\336-\027\310\205N\227\233\020"
 320      B5EF7FDE 
 320      2D17C885 
 320      4E979B10 
 321 0159 95D450F4 		.ascii	"\225\324P\364\025\036\344\006\210\230S\315\277\002\270"
 321      151EE406 
 321      889853CD 
 321      BF02B8
 322 0168 65EAA5C2 		.ascii	"e\352\245\302\376\254H\010\245.B4\213d\263\201\206K"
 322      FEAC4808 
 322      A52E4234 
 322      8B64B381 
 322      864B
 323 017a A17FBFDA 		.ascii	"\241\177\277\332\350\225IV\244\270\345\260\200F!\257"
 323      E8954956 
 323      A4B8E5B0 
 323      804621AF 
 324 018a 94AD7843 		.ascii	"\224\255xCT\2777 \374\276\330S~%y\226\344\367)\030\002"
 324      54BF3720 
 324      FCBED853 
 324      7E257996 
 324      E4F72918 
 325 019f FDDD9889 		.ascii	"\375\335\230\211A\350r\364ez0\375\037\202a\2039l$\270"
 325      41E872F4 
 325      657A30FD 
 325      1F826183 
 325      396C24B8 
 326 01b3 8731723F 		.ascii	"\2071r?\202\271\241\233\033\265P\243,\312\177\312i\376"
 326      82B9A19B 
 326      1BB550A3 
 326      2CCA7FCA 
 326      69FE
 327 01c5 59387701 		.ascii	"Y8w\001\003\330P\265qB\336\204\274m\216\246\217\314"
 327      03D850B5 
 327      7142DE84 
 327      BC6D8EA6 
 327      8FCC
 328 01d7 C9CB786D 		.ascii	"\311\313xm\332\255b\330\325\357# 8\211\360\030Q4>\006"
 328      DAAD62D8 
 328      D5EF2320 
 328      3889F018 
 328      51343E06 
 329 01eb 5B097CAA 		.ascii	"[\011|\252K\233v\274%\300#@qv@\021J\217\214\365\315"
 329      4B9B76BC 
 329      25C02340 
 329      71764011 
 329      4A8F8CF5 
ARM GAS  /tmp/cc0ZBhNF.s 			page 12


 330 0200 CBBB11FA 		.ascii	"\313\273\021\372E\323\034\020\206\317\000\316\263\204"
 330      45D31C10 
 330      86CF00CE 
 330      B384
 331 020e 639830C6 		.ascii	"c\2300\306\315\277]\031X\225K\006\006\264\265wfn\276"
 331      CDBF5D19 
 331      58954B06 
 331      06B4B577 
 331      666EBE
 332 0221 EABC7248 		.ascii	"\352\274rH\033b]\202\004\214\000\214\352\207\034A\374"
 332      1B625D82 
 332      048C008C 
 332      EA871C41 
 332      FC
 333 0232 1CC027D0 		.ascii	"\034\300'\320\324-\234\003&\273\223\352\355\027K\006"
 333      D42D9C03 
 333      26BB93EA 
 333      ED174B06 
 334 0242 346D6DED 		.ascii	"4mm\355\215\276C\326\367\2644e\222\011S2\301\027\341"
 334      8DBE43D6 
 334      F7B43465 
 334      92095332 
 334      C117E1
 335 0255 474EF7AD 		.ascii	"GN\367\255\177\367\014\203G\227\336\234|)\307^0\331"
 335      7FF70C83 
 335      4797DE9C 
 335      7C29C75E 
 335      30D9
 336 0267 0B3AFB21 		.ascii	"\013:\373!el\366\213wO\025rx\375\330\007\207\305\224"
 336      656CF68B 
 336      774F1572 
 336      78FDD807 
 336      87C594
 337 027a 9BB1174D 		.ascii	"\233\261\027M\366\242\316\256q\366\336z\3372p\266\377"
 337      F6A2CEAE 
 337      71F6DE7A 
 337      DF3270B6 
 337      FF
 338 028b 4436C74E 		.ascii	"D6\307N\233\354\264\316~,0vre\360&\257x\364\336\311"
 338      9BECB4CE 
 338      7E2C3076 
 338      7265F026 
 338      AF78F4DE 
 339 02a0 89F25C11 		.ascii	"\211\362\\\021\227M\370\262Q0\207\307\177\372\375\364"
 339      974DF8B2 
 339      513087C7 
 339      7FFAFDF4 
 340 02b0 4E0E8FBF 		.ascii	"N\016\217\277?\367\272a<c\2623:{\312\302\330\2713_\177"
 340      3FF7BA61 
 340      3C63B233 
 340      3A7BCAC2 
 340      D8B9335F 
 341 02c5 65E5EC89 		.ascii	"e\345\354\211\333w\217C\316y\326\244guz\221\323\203"
 341      DB778F43 
 341      CE79D6A4 
 341      67757A91 
 341      D383
ARM GAS  /tmp/cc0ZBhNF.s 			page 13


 342 02d7 B77B67F5 		.ascii	"\267{g\365\222\177[\036n\316\301\363&<\257\303\207\013"
 342      927F5B1E 
 342      6ECEC1F3 
 342      263CAFC3 
 342      870B
 343 02e9 18FCF69D 		.ascii	"\030\374\366\235\211c\002\207\277\\I\3357\255\027Lz"
 343      89630287 
 343      BF5C49DD 
 343      37AD174C 
 343      7A
 344 02fa 41A79738 		.ascii	"A\247\2278}<\333\273\264\213\323\177\375\252\335\267"
 344      7D3CDBBB 
 344      B48BD37F 
 344      FDAADDB7 
 345 030a E7E86B26 		.ascii	"\347\350k&}\215/\274E,\274E\\\254\374o\206\377\224l"
 345      7D8D2FBC 
 345      452CBC45 
 345      5CACFC6F 
 345      86FF946C 
 346 031e 539A7657 		.ascii	"S\232vWK\245-L\260\004\260\310\232\344\006\357\302\262"
 346      4BA52D4C 
 346      B004B0C8 
 346      9AE406EF 
 346      C2B2
 347 0330 4A626B89 		.ascii	"Jbk\211G\273\252B\245\321=\255\035D\016\306\342\311"
 347      47BBAA42 
 347      A5D13DAD 
 347      1D440EC6 
 347      E2C9
 348 0342 507769B4 		.ascii	"Pwi\264\202\210\341\226\266\332\366H\262\304\343Q\364"
 348      8288E196 
 348      B6DAF648 
 348      B2C4E351 
 348      F4
 349 0353 6F753812 		.ascii	"ou8\022\21044+J,\241\340\246\222\210\007\331\352\011"
 349      8834342B 
 349      4A2CA1E0 
 349      A6928807 
 349      D9EA09
 350 0366 4AFBEA0F 		.ascii	"J\373\352\017\272\252\313\252\210\235\277z\002\241\252"
 350      BAAACBAA 
 350      889DBF7A 
 350      02A1AA
 351 0375 4065B0F5 		.ascii	"@e\260\365I\342Q\302\261hH\011\206C\255\255\312\313"
 351      49E251C2 
 351      B1684809 
 351      8643ADAD 
 351      CACB
 352 0387 91A4D292 		.ascii	"\221\244\322\222H\204\342]\376\366\316`[(V\316\035\232"
 352      4884E25D 
 352      FEF6CE60 
 352      5B2856CE 
 352      1D9A
 353 0399 62815832 		.ascii	"b\201X2\2414\036\250%\217\376w*bM$YUOl\211F\332\203"
 353      A1341EA8 
 353      258FFE77 
 353      2A624D24 
ARM GAS  /tmp/cc0ZBhNF.s 			page 14


 353      59554F6C 
 354 03b1 6D9D6A88 		.ascii	"m\235j\210=\373\023IO\230\024\006b-q\225\211\236\336"
 354      3DFB1349 
 354      4F981406 
 354      622D7195 
 354      899EDE
 355 03c4 52C49184 		.ascii	"R\304\221\204\322\374\202\277\376`u\335\336\206\312"
 355      D2FC82BF 
 355      FE6075DD 
 355      DE86CA
 356 03d3 0A7F4D45 		.ascii	"\012\177MEEe\323^}\007]\212\020\253\216E\243\235\350"
 356      4565D35E 
 356      7D075D8A 
 356      10AB8E45 
 356      A39DE8
 357 03e6 D3C3CC9E 		.ascii	"\323\303\314\236\332lVZ\035kO\306#\201\177\255$\230"
 357      DA6C565A 
 357      1D6B4FC6 
 357      23817FAD 
 357      2498
 358 03f8 93A29598 		.ascii	"\223\242\225\230P;\231\203w{g\010\305#\270t&\002L\212"
 358      503B9983 
 358      777B6708 
 358      C523B874 
 358      26024C8A 
 359 040c 0B93EED9 		.ascii	"\013\223\356\331\226T\327X\023\374\360\236\377\221\215"
 359      9654D758 
 359      13FCF09E 
 359      FF918D
 360 041b 65EA7825 		.ascii	"e\352x%\272\375L\0103M\304\033\334\276\006a\324\354"
 360      BAFD4C08 
 360      334DC41B 
 360      DCBE0661 
 360      D4EC
 361 042d F477E073 		.ascii	"\364w\340s[\233\352\217\240\362\331-\225\035\330\230"
 361      5B9BEA8F 
 361      A0F2D92D 
 361      951DD898 
 362 043d EC0F3A50 		.ascii	"\354\017:P\356U\352\352\236W\3665\3266ty\365\344\272"
 362      EE55EAEA 
 362      9E57F635 
 362      D6367479 
 362      F5E4BA
 363 0450 019AD9C2 		.ascii	"\001\232\331\302\033\274\236\333\226\027\237k*\272\273"
 363      1BBC9EDB 
 363      96179F6B 
 363      2ABABB
 364 045f 959C36D9 		.ascii	"\225\2346\331\323\021*C\263\277\001\312\022O\315"
 364      D3112A43 
 364      B3BF01CA 
 364      124FCD
 365              		.text
 366              		.section	.gnu.lto_.symtab.6a334bea1fc48945,"e",%progbits
 367 0000 68616C49 		.ascii	"halInit\000"
 367      6E697400 
 368 0008 00       		.ascii	"\000"
 369 0009 00       		.ascii	"\000"
ARM GAS  /tmp/cc0ZBhNF.s 			page 15


 370 000a 00       		.ascii	"\000"
 371 000b 00000000 		.ascii	"\000\000\000\000\000\000\000\000"
 371      00000000 
 372 0013 BC000000 		.ascii	"\274\000\000\000"
 373 0017 7374496E 		.ascii	"stInit\000"
 373      697400
 374 001e 00       		.ascii	"\000"
 375 001f 02       		.ascii	"\002"
 376 0020 00       		.ascii	"\000"
 377 0021 00000000 		.ascii	"\000\000\000\000\000\000\000\000"
 377      00000000 
 378 0029 BE000000 		.ascii	"\276\000\000\000"
 379 002d 626F6172 		.ascii	"boardInit\000"
 379      64496E69 
 379      7400
 380 0037 00       		.ascii	"\000"
 381 0038 02       		.ascii	"\002"
 382 0039 00       		.ascii	"\000"
 383 003a 00000000 		.ascii	"\000\000\000\000\000\000\000\000"
 383      00000000 
 384 0042 C0000000 		.ascii	"\300\000\000\000"
 385 0046 68616C43 		.ascii	"halCommunityInit\000"
 385      6F6D6D75 
 385      6E697479 
 385      496E6974 
 385      00
 386 0057 00       		.ascii	"\000"
 387 0058 02       		.ascii	"\002"
 388 0059 00       		.ascii	"\000"
 389 005a 00000000 		.ascii	"\000\000\000\000\000\000\000\000"
 389      00000000 
 390 0062 C2000000 		.ascii	"\302\000\000\000"
 391 0066 73647549 		.ascii	"sduInit\000"
 391      6E697400 
 392 006e 00       		.ascii	"\000"
 393 006f 02       		.ascii	"\002"
 394 0070 00       		.ascii	"\000"
 395 0071 00000000 		.ascii	"\000\000\000\000\000\000\000\000"
 395      00000000 
 396 0079 C4000000 		.ascii	"\304\000\000\000"
 397 007d 75736249 		.ascii	"usbInit\000"
 397      6E697400 
 398 0085 00       		.ascii	"\000"
 399 0086 02       		.ascii	"\002"
 400 0087 00       		.ascii	"\000"
 401 0088 00000000 		.ascii	"\000\000\000\000\000\000\000\000"
 401      00000000 
 402 0090 C6000000 		.ascii	"\306\000\000\000"
 403 0094 7364496E 		.ascii	"sdInit\000"
 403      697400
 404 009b 00       		.ascii	"\000"
 405 009c 02       		.ascii	"\002"
 406 009d 00       		.ascii	"\000"
 407 009e 00000000 		.ascii	"\000\000\000\000\000\000\000\000"
 407      00000000 
 408 00a6 C8000000 		.ascii	"\310\000\000\000"
 409 00aa 70776D49 		.ascii	"pwmInit\000"
ARM GAS  /tmp/cc0ZBhNF.s 			page 16


 409      6E697400 
 410 00b2 00       		.ascii	"\000"
 411 00b3 02       		.ascii	"\002"
 412 00b4 00       		.ascii	"\000"
 413 00b5 00000000 		.ascii	"\000\000\000\000\000\000\000\000"
 413      00000000 
 414 00bd CA000000 		.ascii	"\312\000\000\000"
 415 00c1 69326349 		.ascii	"i2cInit\000"
 415      6E697400 
 416 00c9 00       		.ascii	"\000"
 417 00ca 02       		.ascii	"\002"
 418 00cb 00       		.ascii	"\000"
 419 00cc 00000000 		.ascii	"\000\000\000\000\000\000\000\000"
 419      00000000 
 420 00d4 CC000000 		.ascii	"\314\000\000\000"
 421 00d8 5F70616C 		.ascii	"_pal_lld_init\000"
 421      5F6C6C64 
 421      5F696E69 
 421      7400
 422 00e6 00       		.ascii	"\000"
 423 00e7 02       		.ascii	"\002"
 424 00e8 00       		.ascii	"\000"
 425 00e9 00000000 		.ascii	"\000\000\000\000\000\000\000\000"
 425      00000000 
 426 00f1 CE000000 		.ascii	"\316\000\000\000"
 427 00f5 68616C5F 		.ascii	"hal_lld_init\000"
 427      6C6C645F 
 427      696E6974 
 427      00
 428 0102 00       		.ascii	"\000"
 429 0103 02       		.ascii	"\002"
 430 0104 00       		.ascii	"\000"
 431 0105 00000000 		.ascii	"\000\000\000\000\000\000\000\000"
 431      00000000 
 432 010d D0000000 		.ascii	"\320\000\000\000"
 433              		.text
 434              		.section	.gnu.lto_.ext_symtab.6a334bea1fc48945,"e",%progbits
 435 0000 01       		.ascii	"\001"
 436 0001 01       		.ascii	"\001"
 437 0002 00       		.ascii	"\000"
 438 0003 01       		.ascii	"\001"
 439 0004 00       		.ascii	"\000"
 440 0005 01       		.ascii	"\001"
 441 0006 00       		.ascii	"\000"
 442 0007 01       		.ascii	"\001"
 443 0008 00       		.ascii	"\000"
 444 0009 01       		.ascii	"\001"
 445 000a 00       		.ascii	"\000"
 446 000b 01       		.ascii	"\001"
 447 000c 00       		.ascii	"\000"
 448 000d 01       		.ascii	"\001"
 449 000e 00       		.ascii	"\000"
 450 000f 01       		.ascii	"\001"
 451 0010 00       		.ascii	"\000"
 452 0011 01       		.ascii	"\001"
 453 0012 00       		.ascii	"\000"
 454 0013 01       		.ascii	"\001"
ARM GAS  /tmp/cc0ZBhNF.s 			page 17


 455 0014 00       		.ascii	"\000"
 456 0015 01       		.ascii	"\001"
 457 0016 00       		.ascii	"\000"
 458              		.text
 459              		.section	.gnu.lto_.opts,"e",%progbits
 460 0000 272D666E 		.ascii	"'-fno-openmp' '-fno-openacc' '-fno-pie' '-fcf-prote"
 460      6F2D6F70 
 460      656E6D70 
 460      2720272D 
 460      666E6F2D 
 461 0033 6374696F 		.ascii	"ction=none' '-g' '-mcpu=cortex-m4' '-mthumb' '-mflo"
 461      6E3D6E6F 
 461      6E652720 
 461      272D6727 
 461      20272D6D 
 462 0066 61742D61 		.ascii	"at-abi=hard' '-mfpu=fpv4-sp-d16' '-mlibarch=armv7e-"
 462      62693D68 
 462      61726427 
 462      20272D6D 
 462      6670753D 
 463 0099 6D2B6670 		.ascii	"m+fp' '-march=armv7e-m+fp' '-Og' '-fomit-frame-poin"
 463      2720272D 
 463      6D617263 
 463      683D6172 
 463      6D763765 
 464 00cc 74657227 		.ascii	"ter' '-falign-functions=16' '-ffunction-sections' '"
 464      20272D66 
 464      616C6967 
 464      6E2D6675 
 464      6E637469 
 465 00ff 2D666461 		.ascii	"-fdata-sections' '-fno-common' '-flto' '-Xassembler"
 465      74612D73 
 465      65637469 
 465      6F6E7327 
 465      20272D66 
 466 0132 2720272D 		.ascii	"' '-alms=./build/lst/hal.lst'\000"
 466      616C6D73 
 466      3D2E2F62 
 466      75696C64 
 466      2F6C7374 
 467              		.text
 468              		.comm	__gnu_lto_slim,1,1
 469              		.ident	"GCC: (GNU Arm Embedded Toolchain 10.3-2021.10) 10.3.1 20210824 (release)"
ARM GAS  /tmp/cc0ZBhNF.s 			page 18


DEFINED SYMBOLS
                            *ABS*:0000000000000000 hal.c
     /tmp/cc0ZBhNF.s:22     .gnu.debuglto_.debug_info:0000000000000000 hal.c.be7b6cf5
                            *COM*:0000000000000001 __gnu_lto_slim

NO UNDEFINED SYMBOLS
