ARM GAS  /tmp/cc7wL7zY.s 			page 1


   1              		.cpu cortex-m4
   2              		.arch armv7e-m
   3              		.fpu fpv4-sp-d16
   4              		.eabi_attribute 27, 1
   5              		.eabi_attribute 28, 1
   6              		.eabi_attribute 20, 1
   7              		.eabi_attribute 21, 1
   8              		.eabi_attribute 23, 3
   9              		.eabi_attribute 24, 1
  10              		.eabi_attribute 25, 1
  11              		.eabi_attribute 26, 1
  12              		.eabi_attribute 30, 1
  13              		.eabi_attribute 34, 1
  14              		.eabi_attribute 18, 4
  15              		.file	"hal_pal_lld.c"
  16              		.file 1 "/home/cheff/dev_tools/gcc-arm-none-eabi-10.3-2021.10/arm-none-eabi/include/machine/_defau
  17              		.file 2 "/home/cheff/dev_tools/gcc-arm-none-eabi-10.3-2021.10/arm-none-eabi/include/sys/_stdint.h"
  18              		.file 3 "../../../ChibiOS//os/hal/ports/STM32/LLD/GPIOv2/stm32_gpio.h"
  19              		.file 4 "../../../ChibiOS//os/hal/ports/STM32/LLD/GPIOv2/hal_pal_lld.h"
  20              		.file 5 "../../../ChibiOS//os/hal/ports/STM32/LLD/GPIOv2/hal_pal_lld.c"
  21              		.section	.gnu.debuglto_.debug_info,"e",%progbits
  22              	.Ldebug_info0:
  23              		.hidden	hal_pal_lld.c.0a367fd5
  24              		.weak	hal_pal_lld.c.0a367fd5
  25              	hal_pal_lld.c.0a367fd5:
  26 0000 63020000 		.4byte	0x263
  27 0004 0400     		.2byte	0x4
  28 0006 00000000 		.4byte	.Ldebug_abbrev0
  29 000a 04       		.byte	0x4
  30 000b 01       		.uleb128 0x1
  31 000c 4D000000 		.4byte	.LASF38
  32 0010 0C       		.byte	0xc
  33 0011 21020000 		.4byte	.LASF39
  34 0015 88010000 		.4byte	.LASF40
  35 0019 00000000 		.4byte	.Ldebug_line0
  36 001d 02       		.uleb128 0x2
  37 001e 04       		.byte	0x4
  38 001f 05       		.byte	0x5
  39 0020 696E7400 		.ascii	"int\000"
  40 0024 03       		.uleb128 0x3
  41 0025 04       		.byte	0x4
  42 0026 07       		.byte	0x7
  43 0027 E6010000 		.4byte	.LASF0
  44 002b 03       		.uleb128 0x3
  45 002c 08       		.byte	0x8
  46 002d 05       		.byte	0x5
  47 002e 00000000 		.4byte	.LASF1
  48 0032 03       		.uleb128 0x3
  49 0033 08       		.byte	0x8
  50 0034 04       		.byte	0x4
  51 0035 15020000 		.4byte	.LASF2
  52 0039 03       		.uleb128 0x3
  53 003a 01       		.byte	0x1
  54 003b 06       		.byte	0x6
  55 003c A3020000 		.4byte	.LASF3
  56 0040 03       		.uleb128 0x3
  57 0041 01       		.byte	0x1
ARM GAS  /tmp/cc7wL7zY.s 			page 2


  58 0042 08       		.byte	0x8
  59 0043 40010000 		.4byte	.LASF4
  60 0047 03       		.uleb128 0x3
  61 0048 02       		.byte	0x2
  62 0049 05       		.byte	0x5
  63 004a 3C000000 		.4byte	.LASF5
  64 004e 04       		.uleb128 0x4
  65 004f 7D010000 		.4byte	.LASF8
  66 0053 01       		.byte	0x1
  67 0054 39       		.byte	0x39
  68 0055 19       		.byte	0x19
  69 0056 5A000000 		.4byte	0x5a
  70 005a 03       		.uleb128 0x3
  71 005b 02       		.byte	0x2
  72 005c 07       		.byte	0x7
  73 005d 65010000 		.4byte	.LASF6
  74 0061 03       		.uleb128 0x3
  75 0062 04       		.byte	0x4
  76 0063 05       		.byte	0x5
  77 0064 94020000 		.4byte	.LASF7
  78 0068 04       		.uleb128 0x4
  79 0069 BF010000 		.4byte	.LASF9
  80 006d 01       		.byte	0x1
  81 006e 4F       		.byte	0x4f
  82 006f 19       		.byte	0x19
  83 0070 74000000 		.4byte	0x74
  84 0074 03       		.uleb128 0x3
  85 0075 04       		.byte	0x4
  86 0076 07       		.byte	0x7
  87 0077 53010000 		.4byte	.LASF10
  88 007b 03       		.uleb128 0x3
  89 007c 08       		.byte	0x8
  90 007d 07       		.byte	0x7
  91 007e B5020000 		.4byte	.LASF11
  92 0082 04       		.uleb128 0x4
  93 0083 82020000 		.4byte	.LASF12
  94 0087 02       		.byte	0x2
  95 0088 24       		.byte	0x24
  96 0089 14       		.byte	0x14
  97 008a 4E000000 		.4byte	0x4e
  98 008e 04       		.uleb128 0x4
  99 008f 8B020000 		.4byte	.LASF13
 100 0093 02       		.byte	0x2
 101 0094 30       		.byte	0x30
 102 0095 14       		.byte	0x14
 103 0096 68000000 		.4byte	0x68
 104 009a 05       		.uleb128 0x5
 105 009b 8E000000 		.4byte	0x8e
 106 009f 03       		.uleb128 0x3
 107 00a0 01       		.byte	0x1
 108 00a1 08       		.byte	0x8
 109 00a2 F8010000 		.4byte	.LASF14
 110 00a6 03       		.uleb128 0x3
 111 00a7 01       		.byte	0x1
 112 00a8 02       		.byte	0x2
 113 00a9 AF020000 		.4byte	.LASF15
 114 00ad 06       		.uleb128 0x6
ARM GAS  /tmp/cc7wL7zY.s 			page 3


 115 00ae 04       		.byte	0x4
 116 00af 03       		.byte	0x3
 117 00b0 5B       		.byte	0x5b
 118 00b1 05       		.byte	0x5
 119 00b2 D1000000 		.4byte	0xd1
 120 00b6 07       		.uleb128 0x7
 121 00b7 73657400 		.ascii	"set\000"
 122 00bb 03       		.byte	0x3
 123 00bc 5C       		.byte	0x5c
 124 00bd 19       		.byte	0x19
 125 00be 82000000 		.4byte	0x82
 126 00c2 00       		.byte	0
 127 00c3 08       		.uleb128 0x8
 128 00c4 16000000 		.4byte	.LASF16
 129 00c8 03       		.byte	0x3
 130 00c9 5D       		.byte	0x5d
 131 00ca 19       		.byte	0x19
 132 00cb 82000000 		.4byte	0x82
 133 00cf 02       		.byte	0x2
 134 00d0 00       		.byte	0
 135 00d1 09       		.uleb128 0x9
 136 00d2 04       		.byte	0x4
 137 00d3 03       		.byte	0x3
 138 00d4 59       		.byte	0x59
 139 00d5 0C       		.byte	0xc
 140 00d6 EF000000 		.4byte	0xef
 141 00da 0A       		.uleb128 0xa
 142 00db 5700     		.ascii	"W\000"
 143 00dd 03       		.byte	0x3
 144 00de 5A       		.byte	0x5a
 145 00df 19       		.byte	0x19
 146 00e0 8E000000 		.4byte	0x8e
 147 00e4 0A       		.uleb128 0xa
 148 00e5 4800     		.ascii	"H\000"
 149 00e7 03       		.byte	0x3
 150 00e8 5E       		.byte	0x5e
 151 00e9 07       		.byte	0x7
 152 00ea AD000000 		.4byte	0xad
 153 00ee 00       		.byte	0
 154 00ef 05       		.uleb128 0x5
 155 00f0 D1000000 		.4byte	0xd1
 156 00f4 06       		.uleb128 0x6
 157 00f5 28       		.byte	0x28
 158 00f6 03       		.byte	0x3
 159 00f7 51       		.byte	0x51
 160 00f8 09       		.byte	0x9
 161 00f9 80010000 		.4byte	0x180
 162 00fd 08       		.uleb128 0x8
 163 00fe 1C000000 		.4byte	.LASF17
 164 0102 03       		.byte	0x3
 165 0103 53       		.byte	0x53
 166 0104 19       		.byte	0x19
 167 0105 9A000000 		.4byte	0x9a
 168 0109 00       		.byte	0
 169 010a 08       		.uleb128 0x8
 170 010b 35000000 		.4byte	.LASF18
 171 010f 03       		.byte	0x3
ARM GAS  /tmp/cc7wL7zY.s 			page 4


 172 0110 54       		.byte	0x54
 173 0111 19       		.byte	0x19
 174 0112 9A000000 		.4byte	0x9a
 175 0116 04       		.byte	0x4
 176 0117 08       		.uleb128 0x8
 177 0118 0E000000 		.4byte	.LASF19
 178 011c 03       		.byte	0x3
 179 011d 55       		.byte	0x55
 180 011e 19       		.byte	0x19
 181 011f 9A000000 		.4byte	0x9a
 182 0123 08       		.byte	0x8
 183 0124 08       		.uleb128 0x8
 184 0125 6C020000 		.4byte	.LASF20
 185 0129 03       		.byte	0x3
 186 012a 56       		.byte	0x56
 187 012b 19       		.byte	0x19
 188 012c 9A000000 		.4byte	0x9a
 189 0130 0C       		.byte	0xc
 190 0131 07       		.uleb128 0x7
 191 0132 49445200 		.ascii	"IDR\000"
 192 0136 03       		.byte	0x3
 193 0137 57       		.byte	0x57
 194 0138 19       		.byte	0x19
 195 0139 9A000000 		.4byte	0x9a
 196 013d 10       		.byte	0x10
 197 013e 07       		.uleb128 0x7
 198 013f 4F445200 		.ascii	"ODR\000"
 199 0143 03       		.byte	0x3
 200 0144 58       		.byte	0x58
 201 0145 19       		.byte	0x19
 202 0146 9A000000 		.4byte	0x9a
 203 014a 14       		.byte	0x14
 204 014b 08       		.uleb128 0x8
 205 014c 30000000 		.4byte	.LASF21
 206 0150 03       		.byte	0x3
 207 0151 5F       		.byte	0x5f
 208 0152 05       		.byte	0x5
 209 0153 EF000000 		.4byte	0xef
 210 0157 18       		.byte	0x18
 211 0158 08       		.uleb128 0x8
 212 0159 02020000 		.4byte	.LASF22
 213 015d 03       		.byte	0x3
 214 015e 60       		.byte	0x60
 215 015f 19       		.byte	0x19
 216 0160 9A000000 		.4byte	0x9a
 217 0164 1C       		.byte	0x1c
 218 0165 08       		.uleb128 0x8
 219 0166 78010000 		.4byte	.LASF23
 220 016a 03       		.byte	0x3
 221 016b 61       		.byte	0x61
 222 016c 19       		.byte	0x19
 223 016d 9A000000 		.4byte	0x9a
 224 0171 20       		.byte	0x20
 225 0172 08       		.uleb128 0x8
 226 0173 4E010000 		.4byte	.LASF24
 227 0177 03       		.byte	0x3
 228 0178 62       		.byte	0x62
ARM GAS  /tmp/cc7wL7zY.s 			page 5


 229 0179 19       		.byte	0x19
 230 017a 9A000000 		.4byte	0x9a
 231 017e 24       		.byte	0x24
 232 017f 00       		.byte	0
 233 0180 04       		.uleb128 0x4
 234 0181 08020000 		.4byte	.LASF25
 235 0185 03       		.byte	0x3
 236 0186 63       		.byte	0x63
 237 0187 03       		.byte	0x3
 238 0188 F4000000 		.4byte	0xf4
 239 018c 04       		.uleb128 0x4
 240 018d 2A010000 		.4byte	.LASF26
 241 0191 04       		.byte	0x4
 242 0192 C2       		.byte	0xc2
 243 0193 12       		.byte	0x12
 244 0194 8E000000 		.4byte	0x8e
 245 0198 04       		.uleb128 0x4
 246 0199 37010000 		.4byte	.LASF27
 247 019d 04       		.byte	0x4
 248 019e C7       		.byte	0xc7
 249 019f 12       		.byte	0x12
 250 01a0 8E000000 		.4byte	0x8e
 251 01a4 04       		.uleb128 0x4
 252 01a5 77020000 		.4byte	.LASF28
 253 01a9 04       		.byte	0x4
 254 01aa D9       		.byte	0xd9
 255 01ab 18       		.byte	0x18
 256 01ac B0010000 		.4byte	0x1b0
 257 01b0 0B       		.uleb128 0xb
 258 01b1 04       		.byte	0x4
 259 01b2 80010000 		.4byte	0x180
 260 01b6 0C       		.uleb128 0xc
 261 01b7 D0010000 		.4byte	.LASF41
 262 01bb 05       		.byte	0x5
 263 01bc 59       		.byte	0x59
 264 01bd 06       		.byte	0x6
 265 01be 5E020000 		.4byte	0x25e
 266 01c2 0D       		.uleb128 0xd
 267 01c3 72020000 		.4byte	.LASF29
 268 01c7 05       		.byte	0x5
 269 01c8 59       		.byte	0x59
 270 01c9 27       		.byte	0x27
 271 01ca A4010000 		.4byte	0x1a4
 272 01ce 0D       		.uleb128 0xd
 273 01cf 67020000 		.4byte	.LASF30
 274 01d3 05       		.byte	0x5
 275 01d4 5A       		.byte	0x5a
 276 01d5 29       		.byte	0x29
 277 01d6 8C010000 		.4byte	0x18c
 278 01da 0D       		.uleb128 0xd
 279 01db FD010000 		.4byte	.LASF31
 280 01df 05       		.byte	0x5
 281 01e0 5B       		.byte	0x5b
 282 01e1 25       		.byte	0x25
 283 01e2 98010000 		.4byte	0x198
 284 01e6 0E       		.uleb128 0xe
 285 01e7 9D020000 		.4byte	.LASF32
ARM GAS  /tmp/cc7wL7zY.s 			page 6


 286 01eb 05       		.byte	0x5
 287 01ec 5D       		.byte	0x5d
 288 01ed 0C       		.byte	0xc
 289 01ee 8E000000 		.4byte	0x8e
 290 01f2 0E       		.uleb128 0xe
 291 01f3 46000000 		.4byte	.LASF33
 292 01f7 05       		.byte	0x5
 293 01f8 5E       		.byte	0x5e
 294 01f9 0C       		.byte	0xc
 295 01fa 8E000000 		.4byte	0x8e
 296 01fe 0E       		.uleb128 0xe
 297 01ff 5F020000 		.4byte	.LASF34
 298 0203 05       		.byte	0x5
 299 0204 5F       		.byte	0x5f
 300 0205 0C       		.byte	0xc
 301 0206 8E000000 		.4byte	0x8e
 302 020a 0E       		.uleb128 0xe
 303 020b CA010000 		.4byte	.LASF35
 304 020f 05       		.byte	0x5
 305 0210 60       		.byte	0x60
 306 0211 0C       		.byte	0xc
 307 0212 8E000000 		.4byte	0x8e
 308 0216 0E       		.uleb128 0xe
 309 0217 F3010000 		.4byte	.LASF36
 310 021b 05       		.byte	0x5
 311 021c 61       		.byte	0x61
 312 021d 0C       		.byte	0xc
 313 021e 8E000000 		.4byte	0x8e
 314 0222 0F       		.uleb128 0xf
 315 0223 62697400 		.ascii	"bit\000"
 316 0227 05       		.byte	0x5
 317 0228 62       		.byte	0x62
 318 0229 0C       		.byte	0xc
 319 022a 8E000000 		.4byte	0x8e
 320 022e 10       		.uleb128 0x10
 321 022f 0E       		.uleb128 0xe
 322 0230 B6010000 		.4byte	.LASF37
 323 0234 05       		.byte	0x5
 324 0235 65       		.byte	0x65
 325 0236 10       		.byte	0x10
 326 0237 8E000000 		.4byte	0x8e
 327 023b 0F       		.uleb128 0xf
 328 023c 6D3100   		.ascii	"m1\000"
 329 023f 05       		.byte	0x5
 330 0240 65       		.byte	0x65
 331 0241 1A       		.byte	0x1a
 332 0242 8E000000 		.4byte	0x8e
 333 0246 0F       		.uleb128 0xf
 334 0247 6D3200   		.ascii	"m2\000"
 335 024a 05       		.byte	0x5
 336 024b 65       		.byte	0x65
 337 024c 1E       		.byte	0x1e
 338 024d 8E000000 		.4byte	0x8e
 339 0251 0F       		.uleb128 0xf
 340 0252 6D3400   		.ascii	"m4\000"
 341 0255 05       		.byte	0x5
 342 0256 65       		.byte	0x65
ARM GAS  /tmp/cc7wL7zY.s 			page 7


 343 0257 22       		.byte	0x22
 344 0258 8E000000 		.4byte	0x8e
 345 025c 00       		.byte	0
 346 025d 00       		.byte	0
 347 025e 11       		.uleb128 0x11
 348 025f 22000000 		.4byte	.LASF42
 349 0263 05       		.byte	0x5
 350 0264 41       		.byte	0x41
 351 0265 06       		.byte	0x6
 352 0266 00       		.byte	0
 353              		.section	.gnu.debuglto_.debug_abbrev,"e",%progbits
 354              	.Ldebug_abbrev0:
 355 0000 01       		.uleb128 0x1
 356 0001 11       		.uleb128 0x11
 357 0002 01       		.byte	0x1
 358 0003 25       		.uleb128 0x25
 359 0004 0E       		.uleb128 0xe
 360 0005 13       		.uleb128 0x13
 361 0006 0B       		.uleb128 0xb
 362 0007 03       		.uleb128 0x3
 363 0008 0E       		.uleb128 0xe
 364 0009 1B       		.uleb128 0x1b
 365 000a 0E       		.uleb128 0xe
 366 000b 10       		.uleb128 0x10
 367 000c 17       		.uleb128 0x17
 368 000d 00       		.byte	0
 369 000e 00       		.byte	0
 370 000f 02       		.uleb128 0x2
 371 0010 24       		.uleb128 0x24
 372 0011 00       		.byte	0
 373 0012 0B       		.uleb128 0xb
 374 0013 0B       		.uleb128 0xb
 375 0014 3E       		.uleb128 0x3e
 376 0015 0B       		.uleb128 0xb
 377 0016 03       		.uleb128 0x3
 378 0017 08       		.uleb128 0x8
 379 0018 00       		.byte	0
 380 0019 00       		.byte	0
 381 001a 03       		.uleb128 0x3
 382 001b 24       		.uleb128 0x24
 383 001c 00       		.byte	0
 384 001d 0B       		.uleb128 0xb
 385 001e 0B       		.uleb128 0xb
 386 001f 3E       		.uleb128 0x3e
 387 0020 0B       		.uleb128 0xb
 388 0021 03       		.uleb128 0x3
 389 0022 0E       		.uleb128 0xe
 390 0023 00       		.byte	0
 391 0024 00       		.byte	0
 392 0025 04       		.uleb128 0x4
 393 0026 16       		.uleb128 0x16
 394 0027 00       		.byte	0
 395 0028 03       		.uleb128 0x3
 396 0029 0E       		.uleb128 0xe
 397 002a 3A       		.uleb128 0x3a
 398 002b 0B       		.uleb128 0xb
 399 002c 3B       		.uleb128 0x3b
ARM GAS  /tmp/cc7wL7zY.s 			page 8


 400 002d 0B       		.uleb128 0xb
 401 002e 39       		.uleb128 0x39
 402 002f 0B       		.uleb128 0xb
 403 0030 49       		.uleb128 0x49
 404 0031 13       		.uleb128 0x13
 405 0032 00       		.byte	0
 406 0033 00       		.byte	0
 407 0034 05       		.uleb128 0x5
 408 0035 35       		.uleb128 0x35
 409 0036 00       		.byte	0
 410 0037 49       		.uleb128 0x49
 411 0038 13       		.uleb128 0x13
 412 0039 00       		.byte	0
 413 003a 00       		.byte	0
 414 003b 06       		.uleb128 0x6
 415 003c 13       		.uleb128 0x13
 416 003d 01       		.byte	0x1
 417 003e 0B       		.uleb128 0xb
 418 003f 0B       		.uleb128 0xb
 419 0040 3A       		.uleb128 0x3a
 420 0041 0B       		.uleb128 0xb
 421 0042 3B       		.uleb128 0x3b
 422 0043 0B       		.uleb128 0xb
 423 0044 39       		.uleb128 0x39
 424 0045 0B       		.uleb128 0xb
 425 0046 01       		.uleb128 0x1
 426 0047 13       		.uleb128 0x13
 427 0048 00       		.byte	0
 428 0049 00       		.byte	0
 429 004a 07       		.uleb128 0x7
 430 004b 0D       		.uleb128 0xd
 431 004c 00       		.byte	0
 432 004d 03       		.uleb128 0x3
 433 004e 08       		.uleb128 0x8
 434 004f 3A       		.uleb128 0x3a
 435 0050 0B       		.uleb128 0xb
 436 0051 3B       		.uleb128 0x3b
 437 0052 0B       		.uleb128 0xb
 438 0053 39       		.uleb128 0x39
 439 0054 0B       		.uleb128 0xb
 440 0055 49       		.uleb128 0x49
 441 0056 13       		.uleb128 0x13
 442 0057 38       		.uleb128 0x38
 443 0058 0B       		.uleb128 0xb
 444 0059 00       		.byte	0
 445 005a 00       		.byte	0
 446 005b 08       		.uleb128 0x8
 447 005c 0D       		.uleb128 0xd
 448 005d 00       		.byte	0
 449 005e 03       		.uleb128 0x3
 450 005f 0E       		.uleb128 0xe
 451 0060 3A       		.uleb128 0x3a
 452 0061 0B       		.uleb128 0xb
 453 0062 3B       		.uleb128 0x3b
 454 0063 0B       		.uleb128 0xb
 455 0064 39       		.uleb128 0x39
 456 0065 0B       		.uleb128 0xb
ARM GAS  /tmp/cc7wL7zY.s 			page 9


 457 0066 49       		.uleb128 0x49
 458 0067 13       		.uleb128 0x13
 459 0068 38       		.uleb128 0x38
 460 0069 0B       		.uleb128 0xb
 461 006a 00       		.byte	0
 462 006b 00       		.byte	0
 463 006c 09       		.uleb128 0x9
 464 006d 17       		.uleb128 0x17
 465 006e 01       		.byte	0x1
 466 006f 0B       		.uleb128 0xb
 467 0070 0B       		.uleb128 0xb
 468 0071 3A       		.uleb128 0x3a
 469 0072 0B       		.uleb128 0xb
 470 0073 3B       		.uleb128 0x3b
 471 0074 0B       		.uleb128 0xb
 472 0075 39       		.uleb128 0x39
 473 0076 0B       		.uleb128 0xb
 474 0077 01       		.uleb128 0x1
 475 0078 13       		.uleb128 0x13
 476 0079 00       		.byte	0
 477 007a 00       		.byte	0
 478 007b 0A       		.uleb128 0xa
 479 007c 0D       		.uleb128 0xd
 480 007d 00       		.byte	0
 481 007e 03       		.uleb128 0x3
 482 007f 08       		.uleb128 0x8
 483 0080 3A       		.uleb128 0x3a
 484 0081 0B       		.uleb128 0xb
 485 0082 3B       		.uleb128 0x3b
 486 0083 0B       		.uleb128 0xb
 487 0084 39       		.uleb128 0x39
 488 0085 0B       		.uleb128 0xb
 489 0086 49       		.uleb128 0x49
 490 0087 13       		.uleb128 0x13
 491 0088 00       		.byte	0
 492 0089 00       		.byte	0
 493 008a 0B       		.uleb128 0xb
 494 008b 0F       		.uleb128 0xf
 495 008c 00       		.byte	0
 496 008d 0B       		.uleb128 0xb
 497 008e 0B       		.uleb128 0xb
 498 008f 49       		.uleb128 0x49
 499 0090 13       		.uleb128 0x13
 500 0091 00       		.byte	0
 501 0092 00       		.byte	0
 502 0093 0C       		.uleb128 0xc
 503 0094 2E       		.uleb128 0x2e
 504 0095 01       		.byte	0x1
 505 0096 3F       		.uleb128 0x3f
 506 0097 19       		.uleb128 0x19
 507 0098 03       		.uleb128 0x3
 508 0099 0E       		.uleb128 0xe
 509 009a 3A       		.uleb128 0x3a
 510 009b 0B       		.uleb128 0xb
 511 009c 3B       		.uleb128 0x3b
 512 009d 0B       		.uleb128 0xb
 513 009e 39       		.uleb128 0x39
ARM GAS  /tmp/cc7wL7zY.s 			page 10


 514 009f 0B       		.uleb128 0xb
 515 00a0 27       		.uleb128 0x27
 516 00a1 19       		.uleb128 0x19
 517 00a2 01       		.uleb128 0x1
 518 00a3 13       		.uleb128 0x13
 519 00a4 00       		.byte	0
 520 00a5 00       		.byte	0
 521 00a6 0D       		.uleb128 0xd
 522 00a7 05       		.uleb128 0x5
 523 00a8 00       		.byte	0
 524 00a9 03       		.uleb128 0x3
 525 00aa 0E       		.uleb128 0xe
 526 00ab 3A       		.uleb128 0x3a
 527 00ac 0B       		.uleb128 0xb
 528 00ad 3B       		.uleb128 0x3b
 529 00ae 0B       		.uleb128 0xb
 530 00af 39       		.uleb128 0x39
 531 00b0 0B       		.uleb128 0xb
 532 00b1 49       		.uleb128 0x49
 533 00b2 13       		.uleb128 0x13
 534 00b3 00       		.byte	0
 535 00b4 00       		.byte	0
 536 00b5 0E       		.uleb128 0xe
 537 00b6 34       		.uleb128 0x34
 538 00b7 00       		.byte	0
 539 00b8 03       		.uleb128 0x3
 540 00b9 0E       		.uleb128 0xe
 541 00ba 3A       		.uleb128 0x3a
 542 00bb 0B       		.uleb128 0xb
 543 00bc 3B       		.uleb128 0x3b
 544 00bd 0B       		.uleb128 0xb
 545 00be 39       		.uleb128 0x39
 546 00bf 0B       		.uleb128 0xb
 547 00c0 49       		.uleb128 0x49
 548 00c1 13       		.uleb128 0x13
 549 00c2 00       		.byte	0
 550 00c3 00       		.byte	0
 551 00c4 0F       		.uleb128 0xf
 552 00c5 34       		.uleb128 0x34
 553 00c6 00       		.byte	0
 554 00c7 03       		.uleb128 0x3
 555 00c8 08       		.uleb128 0x8
 556 00c9 3A       		.uleb128 0x3a
 557 00ca 0B       		.uleb128 0xb
 558 00cb 3B       		.uleb128 0x3b
 559 00cc 0B       		.uleb128 0xb
 560 00cd 39       		.uleb128 0x39
 561 00ce 0B       		.uleb128 0xb
 562 00cf 49       		.uleb128 0x49
 563 00d0 13       		.uleb128 0x13
 564 00d1 00       		.byte	0
 565 00d2 00       		.byte	0
 566 00d3 10       		.uleb128 0x10
 567 00d4 0B       		.uleb128 0xb
 568 00d5 01       		.byte	0x1
 569 00d6 00       		.byte	0
 570 00d7 00       		.byte	0
ARM GAS  /tmp/cc7wL7zY.s 			page 11


 571 00d8 11       		.uleb128 0x11
 572 00d9 2E       		.uleb128 0x2e
 573 00da 00       		.byte	0
 574 00db 3F       		.uleb128 0x3f
 575 00dc 19       		.uleb128 0x19
 576 00dd 03       		.uleb128 0x3
 577 00de 0E       		.uleb128 0xe
 578 00df 3A       		.uleb128 0x3a
 579 00e0 0B       		.uleb128 0xb
 580 00e1 3B       		.uleb128 0x3b
 581 00e2 0B       		.uleb128 0xb
 582 00e3 39       		.uleb128 0x39
 583 00e4 0B       		.uleb128 0xb
 584 00e5 27       		.uleb128 0x27
 585 00e6 19       		.uleb128 0x19
 586 00e7 00       		.byte	0
 587 00e8 00       		.byte	0
 588 00e9 00       		.byte	0
 589              		.section	.gnu.debuglto_.debug_line,"e",%progbits
 590              	.Ldebug_line0:
 591 0000 3F010000 		.4byte	.LELT0-.LSLT0
 592              	.LSLT0:
 593 0004 0400     		.2byte	0x4
 594 0006 39010000 		.4byte	.LELTP0-.LASLTP0
 595              	.LASLTP0:
 596 000a 01       		.byte	0x1
 597 000b 01       		.byte	0x1
 598 000c 01       		.byte	0x1
 599 000d F6       		.byte	0xf6
 600 000e F2       		.byte	0xf2
 601 000f 0D       		.byte	0xd
 602 0010 00       		.byte	0
 603 0011 01       		.byte	0x1
 604 0012 01       		.byte	0x1
 605 0013 01       		.byte	0x1
 606 0014 01       		.byte	0x1
 607 0015 00       		.byte	0
 608 0016 00       		.byte	0
 609 0017 00       		.byte	0
 610 0018 01       		.byte	0x1
 611 0019 00       		.byte	0
 612 001a 00       		.byte	0
 613 001b 01       		.byte	0x1
 614 001c 2E2E2F2E 		.ascii	"../../../ChibiOS//os/hal/ports/STM32/LLD/GPIOv2"
 614      2E2F2E2E 
 614      2F436869 
 614      62694F53 
 614      2F2F6F73 
 615 004b 00       		.byte	0
 616 004c 2F686F6D 		.ascii	"/home/cheff/dev_tools/gcc-arm-none-eabi-10.3-2021.1"
 616      652F6368 
 616      6566662F 
 616      6465765F 
 616      746F6F6C 
 617 007f 302F6172 		.ascii	"0/arm-none-eabi/include/machine"
 617      6D2D6E6F 
 617      6E652D65 
ARM GAS  /tmp/cc7wL7zY.s 			page 12


 617      6162692F 
 617      696E636C 
 618 009e 00       		.byte	0
 619 009f 2F686F6D 		.ascii	"/home/cheff/dev_tools/gcc-arm-none-eabi-10.3-2021.1"
 619      652F6368 
 619      6566662F 
 619      6465765F 
 619      746F6F6C 
 620 00d2 302F6172 		.ascii	"0/arm-none-eabi/include/sys"
 620      6D2D6E6F 
 620      6E652D65 
 620      6162692F 
 620      696E636C 
 621 00ed 00       		.byte	0
 622 00ee 00       		.byte	0
 623 00ef 5F646566 		.ascii	"_default_types.h\000"
 623      61756C74 
 623      5F747970 
 623      65732E68 
 623      00
 624 0100 02       		.uleb128 0x2
 625 0101 00       		.uleb128 0
 626 0102 00       		.uleb128 0
 627 0103 5F737464 		.ascii	"_stdint.h\000"
 627      696E742E 
 627      6800
 628 010d 03       		.uleb128 0x3
 629 010e 00       		.uleb128 0
 630 010f 00       		.uleb128 0
 631 0110 73746D33 		.ascii	"stm32_gpio.h\000"
 631      325F6770 
 631      696F2E68 
 631      00
 632 011d 01       		.uleb128 0x1
 633 011e 00       		.uleb128 0
 634 011f 00       		.uleb128 0
 635 0120 68616C5F 		.ascii	"hal_pal_lld.h\000"
 635      70616C5F 
 635      6C6C642E 
 635      6800
 636 012e 01       		.uleb128 0x1
 637 012f 00       		.uleb128 0
 638 0130 00       		.uleb128 0
 639 0131 68616C5F 		.ascii	"hal_pal_lld.c\000"
 639      70616C5F 
 639      6C6C642E 
 639      6300
 640 013f 01       		.uleb128 0x1
 641 0140 00       		.uleb128 0
 642 0141 00       		.uleb128 0
 643 0142 00       		.byte	0
 644              	.LELTP0:
 645              	.LELT0:
 646              		.section	.gnu.debuglto_.debug_str,"eMS",%progbits,1
 647              	.LASF1:
 648 0000 6C6F6E67 		.ascii	"long long int\000"
 648      206C6F6E 
ARM GAS  /tmp/cc7wL7zY.s 			page 13


 648      6720696E 
 648      7400
 649              	.LASF19:
 650 000e 4F535045 		.ascii	"OSPEEDR\000"
 650      45445200 
 651              	.LASF16:
 652 0016 636C6561 		.ascii	"clear\000"
 652      7200
 653              	.LASF17:
 654 001c 4D4F4445 		.ascii	"MODER\000"
 654      5200
 655              	.LASF42:
 656 0022 5F70616C 		.ascii	"_pal_lld_init\000"
 656      5F6C6C64 
 656      5F696E69 
 656      7400
 657              	.LASF21:
 658 0030 42535252 		.ascii	"BSRR\000"
 658      00
 659              	.LASF18:
 660 0035 4F545950 		.ascii	"OTYPER\000"
 660      455200
 661              	.LASF5:
 662 003c 73686F72 		.ascii	"short int\000"
 662      7420696E 
 662      7400
 663              	.LASF33:
 664 0046 6F747970 		.ascii	"otyper\000"
 664      657200
 665              	.LASF38:
 666 004d 474E5520 		.ascii	"GNU C17 10.3.1 20210824 (release) -mcpu=cortex-m4 -"
 666      43313720 
 666      31302E33 
 666      2E312032 
 666      30323130 
 667 0080 6D746875 		.ascii	"mthumb -mfloat-abi=hard -mfpu=fpv4-sp-d16 -march=ar"
 667      6D62202D 
 667      6D666C6F 
 667      61742D61 
 667      62693D68 
 668 00b3 6D763765 		.ascii	"mv7e-m+fp -g -ggdb -Og -fomit-frame-pointer -falign"
 668      2D6D2B66 
 668      70202D67 
 668      202D6767 
 668      6462202D 
 669 00e6 2D66756E 		.ascii	"-functions=16 -ffunction-sections -fdata-sections -"
 669      6374696F 
 669      6E733D31 
 669      36202D66 
 669      66756E63 
 670 0119 666E6F2D 		.ascii	"fno-common -flto\000"
 670      636F6D6D 
 670      6F6E202D 
 670      666C746F 
 670      00
 671              	.LASF26:
 672 012a 696F706F 		.ascii	"ioportmask_t\000"
ARM GAS  /tmp/cc7wL7zY.s 			page 14


 672      72746D61 
 672      736B5F74 
 672      00
 673              	.LASF27:
 674 0137 696F6D6F 		.ascii	"iomode_t\000"
 674      64655F74 
 674      00
 675              	.LASF4:
 676 0140 756E7369 		.ascii	"unsigned char\000"
 676      676E6564 
 676      20636861 
 676      7200
 677              	.LASF24:
 678 014e 41465248 		.ascii	"AFRH\000"
 678      00
 679              	.LASF10:
 680 0153 6C6F6E67 		.ascii	"long unsigned int\000"
 680      20756E73 
 680      69676E65 
 680      6420696E 
 680      7400
 681              	.LASF6:
 682 0165 73686F72 		.ascii	"short unsigned int\000"
 682      7420756E 
 682      7369676E 
 682      65642069 
 682      6E7400
 683              	.LASF23:
 684 0178 4146524C 		.ascii	"AFRL\000"
 684      00
 685              	.LASF8:
 686 017d 5F5F7569 		.ascii	"__uint16_t\000"
 686      6E743136 
 686      5F7400
 687              	.LASF40:
 688 0188 2F686F6D 		.ascii	"/home/cheff/git/asserv_nucleo3/src/Robots/PMI\000"
 688      652F6368 
 688      6566662F 
 688      6769742F 
 688      61737365 
 689              	.LASF37:
 690 01b6 616C7472 		.ascii	"altrmask\000"
 690      6D61736B 
 690      00
 691              	.LASF9:
 692 01bf 5F5F7569 		.ascii	"__uint32_t\000"
 692      6E743332 
 692      5F7400
 693              	.LASF35:
 694 01ca 70757064 		.ascii	"pupdr\000"
 694      7200
 695              	.LASF41:
 696 01d0 5F70616C 		.ascii	"_pal_lld_setgroupmode\000"
 696      5F6C6C64 
 696      5F736574 
 696      67726F75 
 696      706D6F64 
ARM GAS  /tmp/cc7wL7zY.s 			page 15


 697              	.LASF0:
 698 01e6 756E7369 		.ascii	"unsigned int\000"
 698      676E6564 
 698      20696E74 
 698      00
 699              	.LASF36:
 700 01f3 616C7472 		.ascii	"altr\000"
 700      00
 701              	.LASF14:
 702 01f8 63686172 		.ascii	"char\000"
 702      00
 703              	.LASF31:
 704 01fd 6D6F6465 		.ascii	"mode\000"
 704      00
 705              	.LASF22:
 706 0202 4C4F434B 		.ascii	"LOCKR\000"
 706      5200
 707              	.LASF25:
 708 0208 73746D33 		.ascii	"stm32_gpio_t\000"
 708      325F6770 
 708      696F5F74 
 708      00
 709              	.LASF2:
 710 0215 6C6F6E67 		.ascii	"long double\000"
 710      20646F75 
 710      626C6500 
 711              	.LASF39:
 712 0221 2E2E2F2E 		.ascii	"../../../ChibiOS//os/hal/ports/STM32/LLD/GPIOv2/hal"
 712      2E2F2E2E 
 712      2F436869 
 712      62694F53 
 712      2F2F6F73 
 713 0254 5F70616C 		.ascii	"_pal_lld.c\000"
 713      5F6C6C64 
 713      2E6300
 714              	.LASF34:
 715 025f 6F737065 		.ascii	"ospeedr\000"
 715      65647200 
 716              	.LASF30:
 717 0267 6D61736B 		.ascii	"mask\000"
 717      00
 718              	.LASF20:
 719 026c 50555044 		.ascii	"PUPDR\000"
 719      5200
 720              	.LASF29:
 721 0272 706F7274 		.ascii	"port\000"
 721      00
 722              	.LASF28:
 723 0277 696F706F 		.ascii	"ioportid_t\000"
 723      72746964 
 723      5F7400
 724              	.LASF12:
 725 0282 75696E74 		.ascii	"uint16_t\000"
 725      31365F74 
 725      00
 726              	.LASF13:
 727 028b 75696E74 		.ascii	"uint32_t\000"
ARM GAS  /tmp/cc7wL7zY.s 			page 16


 727      33325F74 
 727      00
 728              	.LASF7:
 729 0294 6C6F6E67 		.ascii	"long int\000"
 729      20696E74 
 729      00
 730              	.LASF32:
 731 029d 6D6F6465 		.ascii	"moder\000"
 731      7200
 732              	.LASF3:
 733 02a3 7369676E 		.ascii	"signed char\000"
 733      65642063 
 733      68617200 
 734              	.LASF15:
 735 02af 5F426F6F 		.ascii	"_Bool\000"
 735      6C00
 736              	.LASF11:
 737 02b5 6C6F6E67 		.ascii	"long long unsigned int\000"
 737      206C6F6E 
 737      6720756E 
 737      7369676E 
 737      65642069 
 738              		.text
 739              		.section	.gnu.lto_.profile.16cb80b84b07ed66,"e",%progbits
 740 0000 789C6362 		.ascii	"x\234cb\000\001\000\000\022\000\003"
 740      00010000 
 740      120003
 741              		.text
 742              		.section	.gnu.lto_.inline.16cb80b84b07ed66,"e",%progbits
 743 0000 789CF360 		.ascii	"x\234\363`@\000&\006\006\346\006 `Ja\004\261\033\201"
 743      40002606 
 743      06E60620 
 743      604A6104 
 743      B11B81
 744 0013 CC3A0606 		.ascii	"\314:\006\0066\210\020\023H\210\201\221\341\034\303"
 744      36881013 
 744      48888191 
 744      E11CC3
 745 0022 A317475B 		.ascii	"\243\027G[\230\262\201JZ\030\027\354\272x\2359\213\201"
 745      98B2814A 
 745      5A1817EC 
 745      BA789D39 
 745      8B81
 746 0034 4162DEAE 		.ascii	"Ab\336\256\213\335\314\351\0205\014\000\262\323\023"
 746      8BDDCCE9 
 746      10350C00 
 746      B2D313
 747 0043 26       		.ascii	"&"
 748              		.text
 749              		.section	.gnu.lto_.jmpfuncs.16cb80b84b07ed66,"e",%progbits
 750 0000 789CE360 		.ascii	"x\234\343`@\000& f\004b\000\000\310\000\014"
 750      40002620 
 750      66046200 
 750      00C8000C 
 751              		.text
 752              		.section	.gnu.lto_.pureconst.16cb80b84b07ed66,"e",%progbits
 753 0000 789C6367 		.ascii	"x\234cg```bh`a\234\305\002\000\0041\001-"
ARM GAS  /tmp/cc7wL7zY.s 			page 17


 753      60606062 
 753      6860619C 
 753      C5020004 
 753      31012D
 754              		.text
 755              		.section	.gnu.lto_.lto.16cb80b84b07ed66,"e",%progbits
 756 0000 09000400 		.ascii	"\011\000\004\000\001\000\000\000"
 756      01000000 
 757              		.text
 758              		.section	.gnu.lto__pal_lld_init.365.16cb80b84b07ed66,"e",%progbits
 759 0000 789C2B62 		.ascii	"x\234+b``\310\007be fdf`\2344\261\213\211\241\241\241"
 759      6060C807 
 759      62652066 
 759      6466609C 
 759      34B18B89 
 760 0017 C1819D89 		.ascii	"\301\201\235\211\261qb\027'\343VF0\217\221\241\236\211"
 760      B1716217 
 760      27E35646 
 760      308F91A1 
 760      9E89
 761 0029 B19E7132 		.ascii	"\261\236q2\263&\220\373c\351\254\316\303\214\015+\016"
 761      B32690FB 
 761      63E9ACCE 
 761      C38C0D2B 
 761      0E
 762 003a 302E6166 		.ascii	"0.af`\230\007\304P\300\006\3431\002\361\372K\254\007"
 762      609807C4 
 762      50C006E3 
 762      3102F1FA 
 762      4BAC07
 763 004d 1AFEFCEF 		.ascii	"\032\376\374\357oh\270\372\230q\2262\023\003C?3\310"
 763      6F68B8FA 
 763      98719632 
 763      1303433F 
 763      33C8
 764 005f E80616A0 		.ascii	"\350\006\026\240\354\004f&\010\263\361\000\003\303+"
 764      EC046626 
 764      08B3F100 
 764      03C32B
 765 006e C6062586 		.ascii	"\306\006%\206O\214M\012`C\372\231\031!R\015\007@\\="
 765      4F8C4D0A 
 765      6043FA99 
 765      1921520D 
 765      07405C3D 
 766 0082 FD8CFCDC 		.ascii	"\375\214\374\334T\375\344\214\324\2644\375\364\314\022"
 766      54FDE48C 
 766      D4B434FD 
 766      F4CC12
 767 0091 FDC4E2E2 		.ascii	"\375\304\342\342\324\242\262\370\274\322\344\234\324"
 767      D4A2B2F8 
 767      BCD2E49C 
 767      D4
 768 009e 7C63FDE2 		.ascii	"|c\375\342\242d\375\240\374\244\374\222b\375\000_O\006"
 768      A264FDA0 
 768      FCA4FC92 
 768      62FD005F 
 768      4F06
ARM GAS  /tmp/cc7wL7zY.s 			page 18


 769 00b0 3B3D3D7D 		.ascii	";==}\010r\316\310L\312\364\017\326\327\317/\326\317"
 769      0872CEC8 
 769      4CCAF40F 
 769      D6D7CF2F 
 769      D6CF
 770 00c2 48CCD12F 		.ascii	"H\314\321/\310/\002\252\011\016\36156\322\367\361q\321"
 770      C82F02AA 
 770      090EF135 
 770      36D2F7F1 
 770      71D1
 771 00d4 770FF0F4 		.ascii	"w\017\360\364/3\002I\305\027\000qNN\212^2\003\000\222"
 771      2F330249 
 771      C5170071 
 771      4E4E8A5E 
 771      32030092 
 772 00e8 2C4D5C   		.ascii	",M\\"
 773              		.text
 774              		.section	.gnu.lto__pal_lld_setgroupmode.366.16cb80b84b07ed66,"e",%progbits
 775 0000 789C8D56 		.ascii	"x\234\215V{P\224U\024\277\347\273\337>X\340\303\312"
 775      7B509455 
 775      14BFE7BB 
 775      DF3E58E0 
 775      C3CA
 776 0012 47662998 		.ascii	"Gf)\230\346\013\367\003,\037\325\020=f\232f@\240\372"
 776      E60BF703 
 776      2C1FD510 
 776      3D669A66 
 776      40A0FA
 777 0025 BF50302D 		.ascii	"\277P0-h\231\005\232\351\257\026\0370CS\356Bi*R\255"
 777      6899059A 
 777      E9AF161F 
 777      304353EE 
 777      42692A52 
 778 003a E6D03F66 		.ascii	"\346\320?f5\346\2034\002a\213\362\201\217\351\341\253"
 778      35E68334 
 778      02618BF2 
 778      818FE9E1 
 778      AB
 779 004b 9C346DC2 		.ascii	"\2344m\302\254\206,\224\354\234sw\277ows\030\0308\334"
 779      AC862C94 
 779      EC9C7377 
 779      BF6F7773 
 779      181838DC 
 780 005f 7BEEEF77 		.ascii	"{\356\357w\356\357\236{\276{\3572C\210\257\205\020W"
 780      EEEF9E7B 
 780      BE7BEF32 
 780      4388AF85 
 780      1057
 781 0071 F10F3204 		.ascii	"\361\0172\0044\207\2324\021\010\004\012\\\032\264\204"
 781      34879A34 
 781      1108040A 
 781      5C1AB484 
 782 0081 3CDC92DA 		.ascii	"<\334\222\332\352\320\253\032|\011\330\313\324[\203"
 782      EAD0AB1A 
 782      7C09D8CB 
 782      D45B83
 783 0090 E7B2E0A8 		.ascii	"\347\262\340\250j\353\332\232P\352\257[~\034\247o\010"
ARM GAS  /tmp/cc7wL7zY.s 			page 19


 783      6AEBDA9A 
 783      50EAAF5B 
 783      7E1CA76F 
 783      08
 784 00a1 9E83374E 		.ascii	"\236\2037N\265\315\326\035ZC(\225\007\033C\006\377w"
 784      B5CDD61D 
 784      5A432895 
 784      071B4306 
 784      FF77
 785 00b3 C25BCD61 		.ascii	"\302[\315a\340H.jf\251\370nh\305\266\212T\340J\3216"
 785      E0482E6A 
 785      66A9F86E 
 785      68C5B68A 
 785      54E04AD1 
 786 00c8 063F5241 		.ascii	"\006?RA7a(nx\010\241\206S\031\254\210i\332\346\340G"
 786      3761286E 
 786      7808A186 
 786      5319AC88 
 786      69DAE6E0 
 787 00dd 592867FB 		.ascii	"Y(g\373\3325.\275\015\321G\257\014-\324\323\241>\324"
 787      DA352EBD 
 787      0DD147AF 
 787      0C2DD4D3 
 787      A13ED4
 788 00f0 74B6DD60 		.ascii	"t\266\335`\214\001-\0376\375\334\232\303\035\020\257"
 788      8C012D1F 
 788      36FDDC9A 
 788      C31D10AF 
 789 0100 68527738 		.ascii	"hRw8]\356\024OjZ\272\001\330\025\366O\213\234\205\260"
 789      5DEE144F 
 789      6A5ABA01 
 789      D815F64F 
 789      8B9C85B0 
 790 0114 BFDFDBB8 		.ascii	"\277\337\333\270\247\033\002\355\235\260\025\007\333"
 790      A71B02ED 
 790      9DB01507 
 790      DB
 791 0121 62805609 		.ascii	"b\200V\011\315r\253\004\320\243-\0152\261%\253\305\214"
 791      CD72AB04 
 791      D0A32D0D 
 791      32B125AB 
 791      C58C
 792 0133 CE40E0C8 		.ascii	"\316@\340\310\341\335\201@\212\330*%\354\002\344\300"
 792      E1DD8140 
 792      8AD82A25 
 792      EC02E4C0 
 793 0143 27003B41 		.ascii	"'\000;A\220\243\256K\022\3565`\340\225\275[\326\031"
 793      90A3AE4B 
 793      12EE3560 
 793      E095BD5B 
 793      D619
 794 0155 410CADC3 		.ascii	"A\014\255\303\236D\240^w\210\201\315Q`\307\226\026\006"
 794      9E44A05E 
 794      778881CD 
 794      5160C796 
 794      1606
 795 0167 3AA02311 		.ascii	":\240#\021\350\250\373^\262\036\271\036\350\337tB\367"
ARM GAS  /tmp/cc7wL7zY.s 			page 20


 795      E8A8FB5E 
 795      B21EB91E 
 795      E8DF7442 
 795      F7
 796 0178 AD6A3482 		.ascii	"\255j4\202\365\356\255\322\011\373\342\341B\324\205"
 796      F5EEADD2 
 796      09FBE2E1 
 796      42D485
 797 0187 49B1DC64 		.ascii	"I\261\334daw|\271\25210fu&a?K\302\256c\354;6\366\013"
 797      61777CB9 
 797      AA313066 
 797      7526613F 
 797      4BC2AE63 
 798 01a0 1BFB7912 		.ascii	"\033\373y\022\266\211\261\333l\354g6\266;\011\373//"
 798      B689B1DB 
 798      6CEC6736 
 798      B63B09FB 
 798      2F2F
 799 01b2 6DBB8DDD 		.ascii	"m\273\215\335oc{\222\260\1770v\247\215\335gc#I\330\013"
 799      6F637B92 
 799      B07F3076 
 799      A78DDD67 
 799      632349D8 
 800 01c7 D229E00B 		.ascii	"\322)\340\013\200^\200\003\000]\000\235\000\373A\355"
 800      805E8003 
 800      005D009D 
 800      00FB41ED 
 801 01d7 1A50980E 		.ascii	"\032P\230\016;E\007\273\233c)\352K\012\323\317K\331"
 801      3B4507BB 
 801      9B6329EA 
 801      4B0AD3CF 
 801      4BD9
 802 01e9 6F618FEC 		.ascii	"oa\217\354\247\355\344\031\277N\202\3662\364s\033\272"
 802      A7EDE419 
 802      BF4E82F6 
 802      32F4731B 
 802      BA
 803 01fa D7821E4A 		.ascii	"\327\202\036J\202v0\364\200\015m\267\240G\222\240\037"
 803      827630F4 
 803      800D6DB7 
 803      A04792A0 
 803      1F
 804 020b E8B88E7E 		.ascii	"\350\270\216~\200\303\000\007\001\276\002\201U-\352"
 804      80C30007 
 804      01BE0281 
 804      552DEA
 805 021a B6EB38EA 		.ascii	"\266\3538\352\371\377\372\342\221\037\034ut\006\256"
 805      F9FFFAE2 
 805      911F1C75 
 805      7406AE
 806 0229 DF581B08 		.ascii	"\337X\033\010\234\235t\362\324\266\224'\001K\304\245"
 806      9C9D74F2 
 806      D4B69427 
 806      014BC4A5 
 807 0239 91916474 		.ascii	"\221\221dt2\0162N2.2n4n\252V\227\207Z\251d\322\250\233"
 807      320E324E 
 807      322E326E 
ARM GAS  /tmp/cc7wL7zY.s 			page 21


 807      346EAA56 
 807      97875AA9 
 808 0251 4EC62093 		.ascii	"N\306 \223Af\014\231[\310\334J\34662c\311\214#3\236"
 808      41660C99 
 808      5BC8DC4A 
 808      E6363263 
 808      C98C2333 
 809 0266 CC0432B7 		.ascii	"\314\0042\267\223\231H\346\0162\223\310\334I\346.2\223"
 809      939948E6 
 809      0E3293C8 
 809      DC49E62E 
 809      3293
 810 0278 C94C2193 		.ascii	"\311L!\223I&\213\314T2w\223\231Ff:\231{\310\314 3\223"
 810      49268BCC 
 810      54327793 
 810      9946663A 
 810      997BC8CC 
 811 028f CC2C32B3 		.ascii	"\314,2\263\311\314!\223Mf\256\200\275\340\245\0357\005"
 811      C9CC2193 
 811      4D66AE80 
 811      BDE0A51D 
 811      3705
 812 02a1 E6244760 		.ascii	"\346$G`Vr\005\346%O`Z\346\003|\012\013ht!\215.\242\321"
 812      567205E6 
 812      254F605A 
 812      E6037C0A 
 812      0B687421 
 813 02b9 FB69F401 		.ascii	"\373i\364\001\201y{\020\220\233OY~H`\366\012\004\346"
 813      81797B10 
 813      909B4F59 
 813      7E4860F6 
 813      0A04E6
 814 02cc EF618119 		.ascii	"\357a\201\031|\004`7\024R\344\"\242-&Z1\321J(T)E\026"
 814      7C046037 
 814      1452E422 
 814      A22D265A 
 814      31D14A28 
 815 02e4 62AD1457 		.ascii	"b\255\024W\206\332\027b+(5n\325w\012\361\013\004\316"
 815      86DA1762 
 815      2B28356E 
 815      D5770AF1 
 815      0B04CE
 816 02f7 5DEB0571 		.ascii	"]\353\005q\031V\255k<\017a\271 ,\347\323\341\340\002"
 816      1956AD6B 
 816      3C0F61B9 
 816      202CE7D3 
 816      E1E002
 817 030a 89832B33 		.ascii	"\211\203+31\000:\0317\254p\327\033\316;\303\022\242"
 817      31003A19 
 817      37AC70D7 
 817      1BCE3BC3 
 817      12A2
 818 031c 38376836 		.ascii	"87h6yaX\235,.\000E\356%'\223o\304\310\003H\326\220\014"
 818      7961589D 
 818      2C2E0045 
 818      EE252793 
 818      6FC4C803 
ARM GAS  /tmp/cc7wL7zY.s 			page 22


 819 0334 D9366F11 		.ascii	"\3316o\021\272\340X\224s\200\034\314\011E\342&\224\326"
 819      BAE05894 
 819      73801CCC 
 819      0945E226 
 819      94D6
 820 0346 840E9B78 		.ascii	"\204\016\233x?\372-b\0279\230\330\022#\366\270\302R"
 820      3FFA2D62 
 820      173998D8 
 820      1223F6B8 
 820      C252
 821 0358 B7882E9B 		.ascii	"\267\210.\233\370\000\372\225\322\014E\356$'\223\337"
 821      F800FA95 
 821      D20C45EE 
 821      242793DF 
 822 0368 8C70BC77 		.ascii	"\214p\274w\026a\332\010\342\344\002\017J\211Gk@\217"
 822      1661DA08 
 822      E2E4020F 
 822      4A89476B 
 822      408F
 823 037a 666D6501 		.ascii	"fme\001e5,\363\260\255\361\314\271\334\"\3619\334\242"
 823      65352CF3 
 823      B0ADF1CC 
 823      B9DC22F1 
 823      39DCA2
 824 038d A59BDCA2 		.ascii	"\245\233\334\242\014z\271\265\027[sy\222\365\221\024"
 824      0C7AB9B5 
 824      175B7379 
 824      92F59114 
 825 039d FA40A8B9 		.ascii	"\372@\250\271!\022\315\3400\216:\020\000'@\\\202\325"
 825      2112CDE0 
 825      308E3A10 
 825      0027405C 
 825      82D5
 826 03af 97BA9760 		.ascii	"\227\272\227`_\211\344\003|\010\346\206\345\203\232"
 826      5F89E403 
 826      7C08E686 
 826      E5839A
 827 03be 2EC2B2D0 		.ascii	".\302\262\320h\353\277\350\306\010C\340\305\355\321"
 827      68EBBFE8 
 827      C60843E0 
 827      C5EDD1
 828 03cd CEECAA0E 		.ascii	"\316\354\252\016\313\022\343\337\376\312!01\345\332"
 828      CB12E3DF 
 828      FECA2130 
 828      31E5DA
 829 03dc 65721419 		.ascii	"er\024\031\275\245C\220\203\351\324\376\302}]l\234\351"
 829      BDA54390 
 829      83E9D4FE 
 829      C27D5D6C 
 829      9CE9
 830 03ee AF1D825C 		.ascii	"\257\035\202\\\314\222\366\372\036\034/6.\023!\017\276"
 830      CC92F6FA 
 830      1E1C2F36 
 830      2E13210F 
 830      BE
 831 03ff 036D3B39 		.ascii	"\003m;9J\215\327\217=\213K\325\353q\251\232U \233\""
 831      4A8DD78F 
ARM GAS  /tmp/cc7wL7zY.s 			page 23


 831      3D8B4BD5 
 831      EB71A99A 
 831      55209B22 
 832 0413 A978B971 		.ascii	"\251x\271q\263-\232\303\036\314*nJ\236\222\307\316\035"
 832      B32D9AC3 
 832      1ECC2A6E 
 832      4A9E92C7 
 832      CE1D
 833 0425 0D03E8C4 		.ascii	"\015\003\350\304\204;\225S'\347PC\017nv>'\334\2452\335"
 833      843B9553 
 833      27E75043 
 833      0F6E763E 
 833      27DCA532 
 834 043a 8FCBCCE7 		.ascii	"\217\313\314\347`\037F\244\302\014\242\313\015s(\235"
 834      601F46A4 
 834      C20CA2CB 
 834      0D73289D 
 835 044a 9761E5F5 		.ascii	"\227a\345\365\306\023\330\177\010]\212p\230zL\370X\021"
 835      C613D87F 
 835      085D8A70 
 835      987A4CF8 
 835      5811
 836 045c 76340C62 		.ascii	"v4\014b\320\024kz\315\216\342\201l\034\261\243\024\240"
 836      D0146B7A 
 836      CD8EE281 
 836      6C1CB1A3 
 836      14A0
 837 046e 4B453948 		.ascii	"KE9H=\216\26236-%<U\225F\006\311\263X\017\243_\261\276"
 837      3D8EB233 
 837      362D253C 
 837      55954606 
 837      C9B3580F 
 838 0486 A21EB376 		.ascii	"\242\036\263v1\253\353\323\367'\207eZ\364\006\225|2"
 838      31ABEBD3 
 838      F7278765 
 838      5AF40695 
 838      7C32
 839 0498 6EA38B1D 		.ascii	"n\243\213\035Oe\024\364\010\234\005\221\363.w=\360\003"
 839      4F6514F4 
 839      089C0591 
 839      F32E773D 
 839      F003
 840 04aa 6CE6CB17 		.ascii	"l\346\313\027\343\276\3258\214\311I\247\205p\376(U\006"
 840      E3BED538 
 840      8CC949A7 
 840      8570FE28 
 840      5506
 841 04bc 06421F39 		.ascii	"\006B\0379\232\033\317\343\316g\260\317\244i\2564\015"
 841      9A1BCFE3 
 841      CE67B0CF 
 841      A469AE34 
 841      0D
 842 04cd 68B1D017 		.ascii	"h\261\320\027\323o\022\373\234\212\215$V\267'N\335\230"
 842      D36F12FB 
 842      9C8A8D24 
 842      56B7274E 
 842      DD98
ARM GAS  /tmp/cc7wL7zY.s 			page 24


 843 04df 9134FD84 		.ascii	"\2214\375\204<\210i\352\301Io\241\264\260\246A\324t"
 843      3C8869EA 
 843      C1496FA1 
 843      B4B0A641 
 843      D474
 844 04f1 2BD2D1A7 		.ascii	"+\322\321\2474\015\340\360m\354\313\031\225\246\013"
 844      340DE0F0 
 844      6DECCB19 
 844      95A60B
 845 0500 2A369258 		.ascii	"*6\222XSG\234\246\261#i\272\210<\2155\321\327\211*\306"
 845      53479CA6 
 845      B12369BA 
 845      883C8D35 
 845      D1D7892A 
 846 0515 B1ACB14A 		.ascii	"\261\254\261J\305iT1\236}\271\243R\361\213\212\206$"
 846      C5695431 
 846      9E7DB9A3 
 846      52F18B8A 
 846      8624
 847 0527 56B10F55 		.ascii	"V\261\017U\340\327t\261\373y\374P\340\264\372\224\202"
 847      E0D774B1 
 847      FB79FC50 
 847      E0B4FA94 
 847      82
 848 0538 D2B163ED 		.ascii	"\322\261c\355\232o\204U\342\307\"i\204:\325\355\217"
 848      9A6F8455 
 848      E2C72269 
 848      843AD5ED 
 848      8F
 849 0549 5695138B 		.ascii	"V\225\023\213Z!\235\337F\272\346X\300\023\221t^\324"
 849      5A219DDF 
 849      46BAE658 
 849      C0139174 
 849      5ED4
 850 055b 255CD484 		.ascii	"%\\\324\204\221\0265\2002d,\321\224\332\333\251\222"
 850      91163580 
 850      32642CD1 
 850      94DADBA9 
 850      92
 851 056c AC254E44 		.ascii	"\254%ND:\372\354%\336\301\276|\265\304A{\211\0317\211"
 851      3AFAEC25 
 851      DEC1BE7C 
 851      B5C4417B 
 851      89193789 
 852 0580 FD9B8A8D 		.ascii	"\375\233\212\215$V\350JP\370]\234\302I#)\374\035\243"
 852      2456E84A 
 852      50F85D9C 
 852      C2492329 
 852      FC1DA3
 853 0593 E8F10AEF 		.ascii	"\350\361\012\357LPx\027\322\321g+\234\314\276\321)\374"
 853      4C507817 
 853      D2D1672B 
 853      9CCCBED1 
 853      29FC
 854 05a5 53C54612 		.ascii	"S\305F\022+t'f\373$f\233+cJXN\031I\342 \206q\304*\203"
 854      2B742766 
 854      FB24669B 
ARM GAS  /tmp/cc7wL7zY.s 			page 25


 854      2B634A58 
 854      4E1949E2 
 855 05bf 24667265 		.ascii	"$freL\261\3533\213}^%j\330\026e\334$\332U\025\015I,"
 855      4CB1EB33 
 855      8B7D5E25 
 855      6AD81665 
 855      DC24DA55 
 856 05d7 2AE5085E 		.ascii	"*\345\010^\203`\211\032\214\0235u$Q\377$\213\272\233"
 856      8360891A 
 856      8C133575 
 856      2451FF24 
 856      8BBA9B
 857 05ea 454DB545 		.ascii	"EM\265EMc\337\350D]\213\211\232\306*\256\306\027\"\374"
 857      4D63DFE8 
 857      445D8B89 
 857      9AC62AAE 
 857      C61722FC 
 858 05fe 1A2B574F 		.ascii	"\032+WO\373\356}\307\355\004\376\023\267\307\323G\322"
 858      FBEE7DC7 
 858      ED04FE13 
 858      B7C7D347 
 858      D2
 859 060f 3A9C5C85 		.ascii	":\234\\\205\367$\354\361\014\244\243\317\336\343\231"
 859      F724ECF1 
 859      0CA4A3CF 
 859      DEE399
 860 061e EC1BDD1E 		.ascii	"\354\033\335\036\337\210U\341L\226\230\232(q8N\342\254"
 860      DF8855E1 
 860      4C96989A 
 860      2871384E 
 860      E2AC
 861 0630 9124D66B 		.ascii	"\221$\326kIe8;A\"\336\012\263\320gK\314f\337\350$\256"
 861      4965383B 
 861      4122DE0A 
 861      B3D0674B 
 861      CC66DFE8 
 862 0646 D2A26598 		.ascii	"\322\242e\230\315\022\323\342\257p|&\364y\350\022\346"
 862      CD12D3E2 
 862      AF707C26 
 862      F479E812 
 862      E6
 863 0657 97021DFB 		.ascii	"\227\002\035\373\205t\371\316Q\007?]\325\205\352=\320"
 863      8574F9CE 
 863      51073F5D 
 863      D585EA3D 
 863      D0
 864 0668 A7A90304 		.ascii	"\247\251\003\004\257\343B:\032t\265)\030/=\341\035\265"
 864      AFE3423A 
 864      1A74B529 
 864      182F3DE1 
 864      1DB5
 865 067a BE4F8A3F 		.ascii	"\276O\212?\220\033\0354Bk\276\211HktC_\364\232\242\347"
 865      901B1D34 
 865      426BBE89 
 865      486B7443 
 865      5FF49AA2 
 866 068f 47111EF3 		.ascii	"G\021\036\363\261\231\350\241P\244\356\331\030d\000"
ARM GAS  /tmp/cc7wL7zY.s 			page 26


 866      B199E8A1 
 866      50A4EED9 
 866      186400
 867 069e 5D8BF1D4 		.ascii	"]\213\361\324\205\343qo\242\305\214\331\034\303\234"
 867      85E3716F 
 867      A2C58CD9 
 867      1CC39C
 868 06ad 4657319E 		.ascii	"FW1\236\211\026\206\036!\305\214y;\036S\202\205ha\350"
 868      8916861E 
 868      21C58C79 
 868      3B1E5382 
 868      856861E8 
 869 06c1 2952A2EE 		.ascii	")R\242\356^\205im\350AW\251u\350Eq\364\264)\215>T\322"
 869      5E85696D 
 869      E84157A9 
 869      75E84571 
 869      F4B4298D 
 870 06d8 043D1E81 		.ascii	"\004=\036\201\227\032\350\244\265y\315\345\276\252\012"
 870      971AE8A4 
 870      B579CDE5 
 870      BEAA0A
 871 06e7 73E9F28A 		.ascii	"s\351\362\212e\313\314\347V\324\232e55\025\376\227\236"
 871      65CBCCE7 
 871      56D49A65 
 871      353515FE 
 871      979E
 872 06f9 79B16E69 		.ascii	"y\261nie\205o\236Y\343_j>\351[\342\253\2551K\212\236"
 872      65856F9E 
 872      59E35F6A 
 872      3EE95BE2 
 872      ABAD314B 
 873 070f 10F95EAF 		.ascii	"\020\371^\257\251~\037]\276b\311\212\342\247L\323Wc"
 873      A97E1F5D 
 873      BE62C98A 
 873      E2A74CD3 
 873      5763
 874 0721 2E2FAB34 		.ascii	"./\2534\253}~\304<\365t\321\274<\263\260\3601\363\361"
 874      AB7D7EC4 
 874      3CF574D1 
 874      BC3CB3B0 
 874      F031F3F1 
 875 0735 92278A5F 		.ascii	"\222'\212_\312\243\241g\252\361\257\262\262\334\273"
 875      CAA3A167 
 875      AAF1AFB2 
 875      B2DCBB
 876 0744 54E8849A 		.ascii	"T\350\204\232\220\340\363\346\224\315\233\277`Y\371"
 876      90E0F3E6 
 876      94CD9BBF 
 876      6059F9
 877 0753 7D42AF2A 		.ascii	"}B\257*\253yA\257\362\225W\310%+j\365\262\312Z\277\243"
 877      AB7941AF 
 877      F29557C8 
 877      252B6AF5 
 877      B2CA5ABF 
 878 0768 BAAEBADC 		.ascii	"\272\256\272\334\357\362\325TWT\224\373\235\276\332"
 878      EFF2D554 
 878      575494FB 
ARM GAS  /tmp/cc7wL7zY.s 			page 27


 878      9DBEDA
 879 0777 97AB2BFC 		.ascii	"\227\253+\374\016\202\370\265\252{\265\252<\255*\327"
 879      0E82F8B5 
 879      AA7BB5AA 
 879      3CAD2AD7 
 880 0787 4D40A2FE 		.ascii	"M@\242\376\007\3417\013O"
 880      07E1370B 
 880      4F
 881              		.text
 882              		.section	.gnu.lto_.symbol_nodes.16cb80b84b07ed66,"e",%progbits
 883 0000 789CB366 		.ascii	"x\234\263f\000\002\246\267L\365\014\015@\300\3028\341"
 883      0002A6B7 
 883      4CF50C0D 
 883      40C0C238 
 883      E1
 884 0011 1C03433D 		.ascii	"\034\003C=\003\303\256\206FF\006F\006\260\344;\246z"
 884      03C3AE86 
 884      46460646 
 884      06B0E43B 
 884      A67A
 885 0023 C60FBF56 		.ascii	"\306\017\277VX`\221c\000\000\373\370\017\""
 885      58609163 
 885      0000FBF8 
 885      0F22
 886              		.text
 887              		.section	.gnu.lto_.refs.16cb80b84b07ed66,"e",%progbits
 888 0000 789C6364 		.ascii	"x\234cd\000\002\000\000\012\000\002"
 888      00020000 
 888      0A0002
 889              		.text
 890              		.section	.gnu.lto_.decls.16cb80b84b07ed66,"e",%progbits
 891 0000 789CA554 		.ascii	"x\234\245TmLSg\024~\317\373\266\364z\251\224H\231\373"
 891      6D4C5367 
 891      147ECFFB 
 891      B6F47AA9 
 891      944899FB 
 892 0014 451A4326 		.ascii	"E\032C&\311&w\224\015\177ma\023\374\210(M\321,\363O"
 892      C9267794 
 892      0D7F6D61 
 892      13FC8828 
 892      4DD12CF3 
 893 0029 835C9066 		.ascii	"\203\\\220f`\031\255d\373w\347\347b\024u\37316\015\201"
 893      6019AD64 
 893      FB77E7E7 
 893      621475FB 
 893      31360D81 
 894 003d 19131337 		.ascii	"\031\023\0237\304\271\011\242h-~TP\007~ \352\2462\277"
 894      C4B909A2 
 894      682D7E54 
 894      50077E20 
 894      EAA632BF 
 895 0051 8A32C5F9 		.ascii	"\2122\305\371\205\370\265s\337\336\366RJ\262-{\333s"
 895      85F8B573 
 895      DFDEF652 
 895      4AB22D7B 
 895      DB73
 896 0063 DFDE7B9E 		.ascii	"\337\336{\236\363\234\347\234s\373\256\025\0109\015"
ARM GAS  /tmp/cc7wL7zY.s 			page 28


 896      F39CE79C 
 896      73FBAE15 
 896      08390D
 897 0072 84EC2784 		.ascii	"\204\354'\204\274\302\305p\357!\372\242$\354\353&\361"
 897      BCC2C570 
 897      EF21FAA2 
 897      24ECEB26 
 897      F1
 898 0083 EB738CC3 		.ascii	"\353s\214\303/)\327\356A\303\216]\215\350H\324p\223"
 898      2F29D7EE 
 898      41C38E5D 
 898      8DE848D4 
 898      7093
 899 0095 D0AC1AF8 		.ascii	"\320\254\032\370(n\035h\027\320\246\242-B{\211v\026"
 899      286E1D68 
 899      17D0A6A2 
 899      2D427B89 
 899      7616
 900 00a7 2D01ED31 		.ascii	"-\001\3551\332S\264a\264\007h\317\321\236iy\306\323"
 900      DA53B461 
 900      B40768CF 
 900      D19E6979 
 900      C6D3
 901 00b9 B399D1C6 		.ascii	"\263\231\321\306\246]\353,7\200\250\037\203\014\000"
 901      A65DEB2C 
 901      3780A81F 
 901      830C00
 902 00c8 7D397811 		.ascii	"}9x\021\311\"F\254\012Uh\202\314\250\310D&\213AH\313"
 902      C92246AC 
 902      0A556882 
 902      CCA8C844 
 902      268B4148 
 903 00dd 78C87205 		.ascii	"x\310r\005\232a\021\205\355\035\220,\032\005JC&Y\314"
 903      9A611185 
 903      ED1D902C 
 903      1A054A43 
 903      2659CC
 904 00f0 18811F68 		.ascii	"\030\201\037hC\202-W1\310\353RC&\205n\234o\315\316\305"
 904      43822D57 
 904      31C8EB52 
 904      4326856E 
 904      9C6FCDCE 
 905 0105 6BC81404 		.ascii	"k\310\024\004\031\243\034TH\306_!\223\370\2205\254O"
 905      19A31C54 
 905      48C65F21 
 905      93F89035 
 905      AC4F
 906 0117 904FD22F 		.ascii	"\220O\322/\247B\020D\331nU\024%W\020\322,\001\026`3"
 906      A7421044 
 906      D96E5514 
 906      255710D2 
 906      2C011660 
 907 012c 091184E6 		.ascii	"\011\021\204\346\246T1d\262 E\206lK\226m\226 \030eY"
 907      A6543164 
 907      B2204586 
 907      6C4B966D 
 907      96201865 
ARM GAS  /tmp/cc7wL7zY.s 			page 29


 908 0141 B4661014 		.ascii	"\264f\020\024!\333\355\271TDf\203\020\004;\003\263]"
 908      21DBEDB9 
 908      54446683 
 908      10043B03 
 908      B35D
 909 0153 E9BF3359 		.ascii	"\351\2773Y4\212\023\322l\031\204\310d&E^\366*\262\300"
 909      348A13D2 
 909      6C1984C8 
 909      6426455E 
 909      F62AB2C0 
 910 0167 843965FD 		.ascii	"\2049e\375\026 C\244v\312\346\206L8*j#D1\010f3(\270"
 910      162043A4 
 910      76CAE686 
 910      4C382A6A 
 910      23443108 
 911 017f 4D70CD95 		.ascii	"Mp\315\225\035v\221\204L\024]V\003(\024\364H1\001;D"
 911      1D769184 
 911      4C145D56 
 911      032814F4 
 911      4831013B 
 912 0194 A37303DE 		.ascii	"\243s\003\336T\002\372Nt,\321\375\024\"\203\206\350"
 912      5402FA4E 
 912      742CD1FD 
 912      14228386 
 912      E8
 913 01a5 C82324A0 		.ascii	"\310#$\240\205#\257\032\017Q\37680\214\"\207\321\010"
 913      8523AF1A 
 913      0F51FE38 
 913      308C2287 
 913      D108
 914 01b7 CEA1ADC8 		.ascii	"\316\241\255\310C\210:\302\344\232\026\252\311\242\374"
 914      43883AC2 
 914      E49A16AA 
 914      C9A2FC
 915 01c6 51242656 		.ascii	"Q$&V8g\001\0150J\265V!a\221\327f}`M\247x\023\333\246"
 915      3867010D 
 915      304AB556 
 915      216191D7 
 915      667D604D 
 916 01df F4A542D2 		.ascii	"\364\245B\322\306\\\002,\215\260\267\210\244\360\025"
 916      C65C022C 
 916      8DB0B788 
 916      A4F015
 917 01ee A821D012 		.ascii	"\250!\320\022\016\365&~\305`\022P\274Z!\031C\327\354"
 917      0EF5267E 
 917      C5601250 
 917      BC5A2119 
 917      43D7EC
 918 0201 ABED1227 		.ascii	"\253\355\022'#hPQ\254P\016m\000{\325\204\3730\241\207"
 918      23685051 
 918      AC500E6D 
 918      007BD584 
 918      FB30A187 
 919 0215 931FDB74 		.ascii	"\223\037\333t\270\205N\331R\247\014\267\254}\361\375"
 919      B8854ED9 
 919      52A70CB7 
 919      AC7DF1FD 
ARM GAS  /tmp/cc7wL7zY.s 			page 30


 920 0225 94FE5645 		.ascii	"\224\376VEY\205xA\305\300\036\200\326p\231{0\340\027"
 920      59857841 
 920      C5C01E80 
 920      D670997B 
 920      30E017
 921 0238 809FC17B 		.ascii	"\200\237\301{\331\300\236\002\301\014S\371\300,\374"
 921      D9C09E02 
 921      C10C53F9 
 921      C02CFC
 922 0247 17611B28 		.ascii	"\027a\033(\341\271\015<\267\015\231G\276n\271b\026\375"
 922      E1B90D3C 
 922      B70D9947 
 922      BE6EB962 
 922      16FD
 923 0259 8A32A4F8 		.ascii	"\2122\244\370WN \020\0008\204,~@|+\300A\200\003\200"
 923      574E2010 
 923      0038842C 
 923      7E407C2B 
 923      C0418003 
 924 026e B0C7F547 		.ascii	"\260\307\365G{E\203\232\243\003\300\303\352\250\252"
 924      7B45839A 
 924      A303C0C3 
 924      EAA8AA
 925 027d AAFB7263 		.ascii	"\252\373rc\227%>\366\310\230\330\326\336\003\035\006"
 925      97253EF6 
 925      C898D8D6 
 925      DE031D06 
 926 028d 1E7B14E0 		.ascii	"\036{\024\340\260\372\344\322\252]\265\220\022n\214"
 926      B0FAE4D2 
 926      AA5DB590 
 926      126E8C
 927 029c 5F1B4E50 		.ascii	"_\033NP\253\202m\343\334\347\372\202\265\226\030\010"
 927      AB826DE3 
 927      DCE7FA82 
 927      B5961808 
 928 02ac 1C872808 		.ascii	"\034\207(\010\001\247\333\353\317\030\314<yC\300\000"
 928      01A7DBEB 
 928      CF18CC3C 
 928      7943C000 
 929 02bc 9DA0A527 		.ascii	"\235\240\245'\320\205\027\366\023g\031\030\331}\177"
 929      D08517F6 
 929      13671918 
 929      D97D7F
 930 02cb E2382038 		.ascii	"\3428 8\001\034\206\220\315\313\037m\013Wv\022\340\230"
 930      011C8690 
 930      CDCB1F6D 
 930      0B577612 
 930      E098
 931 02dd AAEEF8A5 		.ascii	"\252\356\370\245\372;\343\215\343W\214;\025\016\352"
 931      FA3BE38D 
 931      E3578C3B 
 931      150EEA
 932 02ec ACDBFF32 		.ascii	"\254\333\3772qJ]\235\322\274w\305\032%y9\202\015\350"
 932      714A5D9D 
 932      D2BC77C5 
 932      1A257939 
 932      820DE8
ARM GAS  /tmp/cc7wL7zY.s 			page 31


 933 02ff 87F6E828 		.ascii	"\207\366\350(\332\243\243\330\303x\313m\254\235\022"
 933      DAA3A3D8 
 933      C378CB6D 
 933      AC9D12
 934 030e 16E0B256 		.ascii	"\026\340\262V\373ou\013\342\325\261\215;3\272q<\350"
 934      FB6F750B 
 934      E2D5B18D 
 934      3B33BA71 
 934      3CE8
 935 0320 75D68541 		.ascii	"u\326\205A=h\275<p\360\310\300\211\211\361\035\217\011"
 935      3D68BD3C 
 935      70F0C8C0 
 935      8989F11D 
 935      8F09
 936 0332 647D08BF 		.ascii	"d}\010\277\310\007\375\006\016\237\361\235\260\253\234"
 936      C807FD06 
 936      0E9FF19D 
 936      B0AB9C
 937 0341 E0C9EAED 		.ascii	"\340\311\352\355\365\211*\301\240\342_n$Zmp\031\020"
 937      F5892AC1 
 937      A0E25F6E 
 937      245A6D70 
 937      1910
 938 0353 8304BF03 		.ascii	"\203\004\277\003\374\006l@\205&\234\355\371\356\"MI"
 938      FC066C40 
 938      85269CED 
 938      F9EE224D 
 938      49
 939 0364 4FC7DA56 		.ascii	"O\307\332V\342\014(\2116\270_\255\022\376\000\270\246"
 939      E20C2889 
 939      36B85FAD 
 939      12FE00B8 
 939      A6
 940 0375 D68A64C3 		.ascii	"\326\212d\303m\337\354\337\232\264\031)\315p\005\340"
 940      6DDFECDF 
 940      9AB41929 
 940      CD7005E0 
 941 0385 2AA89048 		.ascii	"*\250\220H\333$\264,\025\325\334~m5\366\212C.\305A\332"
 941      DB24B42C 
 941      15D5DC7E 
 941      6D35F68A 
 941      432EC541 
 942 039a 404D7AA4 		.ascii	"@Mz\244\241\333\223\236\256\036\201C\007\256\031\267"
 942      A1DB939E 
 942      AE1E8143 
 942      07AE19B7 
 943 03aa FB39EC22 		.ascii	"\3739\354\"\300M}\274Q\276\241\266\255\265I\033\277"
 943      C04D7DBC 
 943      51BEA1B6 
 943      ADB5491B 
 943      BF
 944 03bb 607001CF 		.ascii	"`p\001\317\350q *\011\0127\350\302or\3417\000\256k/"
 944      E871202A 
 944      090A37E8 
 944      C26F72E1 
 944      3700AE6B 
 945 03d0 D1DDD68E 		.ascii	"\321\335\326\216\015I\326\206\177\000\362Q$\263\035"
ARM GAS  /tmp/cc7wL7zY.s 			page 32


 945      0D49D686 
 945      7F00F251 
 945      24B31D
 946 03df 8CB09D2C 		.ascii	"\214\260\235,|'\260\335x\267\027\355\020ZP{\232\301"
 946      7C27B0DD 
 946      78B717ED 
 946      105A507B 
 946      9AC1
 947 03f1 FF567ECA 		.ascii	"\377V~\312N1d\177\355\336\225M\347-\351\270R\322\371"
 947      4E31647F 
 947      EDDE954D 
 947      E72DE9B8 
 947      52D2F9
 948 0404 EAC71E1C 		.ascii	"\352\307\036\034W\337\227\225f8\013p\032\340\211\256"
 948      57DF9795 
 948      66380B70 
 948      1AE089AE 
 949 0414 B907B868 		.ascii	"\271\007\270h\025\323\252c\006b0!\365\022\000\322\210"
 949      15D3AA63 
 949      06623021 
 949      F51200D2 
 949      88
 950 0425 820F6EFD 		.ascii	"\202\017n\3754\210\355\271\005p>\006s.\3123\364\203"
 950      3488EDB9 
 950      05703E06 
 950      732ECA33 
 950      F483
 951 0437 D61FE4B9 		.ascii	"\326\037\344\271\033\203\221\3024\332d\261\356\373\000"
 951      1B8391C2 
 951      34DA64B1 
 951      EEFB00
 952 0446 43AAE309 		.ascii	"C\252\343\011\257\373\031\300c\200\247\000\303\000/"
 952      AFFB19C0 
 952      6380A700 
 952      C3002F
 953 0455 001E023C 		.ascii	"\000\036\002<\002\030\001x\000\360\\\355\207\252\261"
 953      02180178 
 953      00F05CED 
 953      87AAB1
 954 0464 49D73818 		.ascii	"I\3278\030\303}G\323\250\202~\324A\177\306\203\302\305"
 954      C37D47D3 
 954      A8827ED4 
 954      417FC683 
 954      C2C5
 955 0476 06754C6F 		.ascii	"\006uLo|!\032\321\016\035t/\256\2220O\247\016\371+\276"
 955      7C211AD1 
 955      0E1D742F 
 955      AE92304F 
 955      A70EF92B 
 956 048b B11ACF4E 		.ascii	"\261\032\317N\035t;\276\263Y\352+\261\356z\323AS\312"
 956      1D743BBE 
 956      B359EA2B 
 956      B1EE7AD3 
 956      4153CA
 957 049e D8D6A887 		.ascii	"\330\326\250\207\317\277k\016R<\370\366v\343\250\243"
 957      CFBF6B0E 
 957      523CF8F6 
ARM GAS  /tmp/cc7wL7zY.s 			page 33


 957      76E3A8A3 
 958 04ae E9A59EE6 		.ascii	"\351\245\236\346\025?\037\020\262\245\271m\005\035\007"
 958      153F1F10 
 958      B2A5B96D 
 958      051D07
 959 04bd A21E4C61 		.ascii	"\242\036La\020aY9\304\\\\]Y3\275tZ\345\233eUD,\361T"
 959      10615939 
 959      C45C5C5D 
 959      5933BD74 
 959      5AE59B65 
 960 04d6 FB4A3F9B 		.ascii	"\373J?\233V\371\016\231\350\252*\256pUT\310.\367R\267"
 960      56F90E99 
 960      E8AA2AAE 
 960      705554C8 
 960      2EF752B7 
 961 04ea EFBDCC4C 		.ascii	"\357\275\314L)\374\235Q\356^\354.,\222$\217W*/\256\220"
 961      29FC9D51 
 961      EE5EEC2E 
 961      2C92248F 
 961      572A2FAE 
 962 04ff AA30C22B 		.ascii	"\2520\302+\025-\230\227m\227\012\012\362\244Y\2169\205"
 962      152D9897 
 962      6D970A0A 
 962      F2A4598E 
 962      3985
 963 0511 3576D515 		.ascii	"5v\325\025!\310,\021f\315_h\233\2215\235L\216y\234\371"
 963      21C82C11 
 963      66CD5F68 
 963      9B91359D 
 963      4C8E799C 
 964 0526 767176CE 		.ascii	"vqv\316\3642\371]\222)\225{*K\245\222\362\322\2622i"
 964      F432F95D 
 964      9229957B 
 964      2A4BA592 
 964      F2D2B232 
 965 053b 89DB2715 		.ascii	"\211\333'\025{\275\245\3255\256\245\313J*J=\331\222"
 965      7BBDA5D5 
 965      35AEA5CB 
 965      4A2A4A3D 
 965      D992
 966 054d B7BA4472 		.ascii	"\267\272Drz\026{0\223c\336\034\362\376\377RCR\243\245"
 966      7A167B30 
 966      9363DE1C 
 966      F2FEFF52 
 966      4352A3A5 
 967 0561 794B7D4B 		.ascii	"yK}K\252=\313\252*=r\251\340\366\250\233\313gv{T\232"
 967      AA3DCBAA 
 967      2A3D72A9 
 967      E0F6A89B 
 967      CB67767B 
 968 0577 CA62EF27 		.ascii	"\312b\357'x\343\365Uf\333]K\252\334\036\227O\014{\334"
 968      78E3F555 
 968      66DB5D4B 
 968      AADC1E97 
 968      4F0C7BDC 
 969 058b B2CB67F8 		.ascii	"\262\313g\370`\246\263@X\346^\352C\257\317XP8c\256\323"
 969      60A6B340 
ARM GAS  /tmp/cc7wL7zY.s 			page 34


 969      58E65EEA 
 969      43AFCF58 
 969      503863AE 
 970 05a0 F06191D3 		.ascii	"\360a\221\323\011\037\301l#\252.\256\346\336\254\034"
 970      091FC16C 
 970      23AA2EAE 
 970      E6DEAC1C 
 971 05b0 978F619A 		.ascii	"\227\217a\232\377\334@=of9a\205yN6'\317it,t\3449M\205"
 971      FFDC403D 
 971      6F663961 
 971      85794E36 
 971      27CF6974 
 972 05ca 458EFCFC 		.ascii	"E\216\374\374<gB\341\202\217\035\371N\343\274\302\274"
 972      3C6742E1 
 972      828F1DF9 
 972      4EE3BCC2 
 972      BC
 973 05db 7CA72A68 		.ascii	"|\247*h\366\337\357\311\003T"
 973      F6DFEFC9 
 973      0354
 974              		.text
 975              		.section	.gnu.lto_.symtab.16cb80b84b07ed66,"e",%progbits
 976 0000 5F70616C 		.ascii	"_pal_lld_init\000"
 976      5F6C6C64 
 976      5F696E69 
 976      7400
 977 000e 00       		.ascii	"\000"
 978 000f 00       		.ascii	"\000"
 979 0010 00       		.ascii	"\000"
 980 0011 00000000 		.ascii	"\000\000\000\000\000\000\000\000"
 980      00000000 
 981 0019 BC000000 		.ascii	"\274\000\000\000"
 982 001d 5F70616C 		.ascii	"_pal_lld_setgroupmode\000"
 982      5F6C6C64 
 982      5F736574 
 982      67726F75 
 982      706D6F64 
 983 0033 00       		.ascii	"\000"
 984 0034 00       		.ascii	"\000"
 985 0035 00       		.ascii	"\000"
 986 0036 00000000 		.ascii	"\000\000\000\000\000\000\000\000"
 986      00000000 
 987 003e D0000000 		.ascii	"\320\000\000\000"
 988              		.text
 989              		.section	.gnu.lto_.ext_symtab.16cb80b84b07ed66,"e",%progbits
 990 0000 01       		.ascii	"\001"
 991 0001 01       		.ascii	"\001"
 992 0002 00       		.ascii	"\000"
 993 0003 01       		.ascii	"\001"
 994 0004 00       		.ascii	"\000"
 995              		.text
 996              		.section	.gnu.lto_.opts,"e",%progbits
 997 0000 272D666E 		.ascii	"'-fno-openmp' '-fno-openacc' '-fno-pie' '-fcf-prote"
 997      6F2D6F70 
 997      656E6D70 
 997      2720272D 
 997      666E6F2D 
ARM GAS  /tmp/cc7wL7zY.s 			page 35


 998 0033 6374696F 		.ascii	"ction=none' '-g' '-mcpu=cortex-m4' '-mthumb' '-mflo"
 998      6E3D6E6F 
 998      6E652720 
 998      272D6727 
 998      20272D6D 
 999 0066 61742D61 		.ascii	"at-abi=hard' '-mfpu=fpv4-sp-d16' '-mlibarch=armv7e-"
 999      62693D68 
 999      61726427 
 999      20272D6D 
 999      6670753D 
 1000 0099 6D2B6670 		.ascii	"m+fp' '-march=armv7e-m+fp' '-Og' '-fomit-frame-poin"
 1000      2720272D 
 1000      6D617263 
 1000      683D6172 
 1000      6D763765 
 1001 00cc 74657227 		.ascii	"ter' '-falign-functions=16' '-ffunction-sections' '"
 1001      20272D66 
 1001      616C6967 
 1001      6E2D6675 
 1001      6E637469 
 1002 00ff 2D666461 		.ascii	"-fdata-sections' '-fno-common' '-flto' '-Xassembler"
 1002      74612D73 
 1002      65637469 
 1002      6F6E7327 
 1002      20272D66 
 1003 0132 2720272D 		.ascii	"' '-alms=./build/lst/hal_pal_lld.lst'\000"
 1003      616C6D73 
 1003      3D2E2F62 
 1003      75696C64 
 1003      2F6C7374 
 1004              		.text
 1005              		.comm	__gnu_lto_slim,1,1
 1006              		.ident	"GCC: (GNU Arm Embedded Toolchain 10.3-2021.10) 10.3.1 20210824 (release)"
ARM GAS  /tmp/cc7wL7zY.s 			page 36


DEFINED SYMBOLS
                            *ABS*:0000000000000000 hal_pal_lld.c
     /tmp/cc7wL7zY.s:25     .gnu.debuglto_.debug_info:0000000000000000 hal_pal_lld.c.0a367fd5
                            *COM*:0000000000000001 __gnu_lto_slim

NO UNDEFINED SYMBOLS
