ARM GAS  /tmp/ccGUheC2.s 			page 1


   1              		.cpu cortex-m4
   2              		.arch armv7e-m
   3              		.fpu fpv4-sp-d16
   4              		.eabi_attribute 27, 1
   5              		.eabi_attribute 28, 1
   6              		.eabi_attribute 20, 1
   7              		.eabi_attribute 21, 1
   8              		.eabi_attribute 23, 3
   9              		.eabi_attribute 24, 1
  10              		.eabi_attribute 25, 1
  11              		.eabi_attribute 26, 1
  12              		.eabi_attribute 30, 1
  13              		.eabi_attribute 34, 1
  14              		.eabi_attribute 18, 4
  15              		.file	"hal_community.c"
  16              		.file 1 "../../../ChibiOS-Contrib//os/hal/src/hal_community.c"
  17              		.section	.gnu.debuglto_.debug_info,"e",%progbits
  18              	.Ldebug_info0:
  19              		.hidden	hal_community.c.20444e8f
  20              		.weak	hal_community.c.20444e8f
  21              	hal_community.c.20444e8f:
  22 0000 7D000000 		.4byte	0x7d
  23 0004 0400     		.2byte	0x4
  24 0006 00000000 		.4byte	.Ldebug_abbrev0
  25 000a 04       		.byte	0x4
  26 000b 01       		.uleb128 0x1
  27 000c CB000000 		.4byte	.LASF12
  28 0010 0C       		.byte	0xc
  29 0011 1B000000 		.4byte	.LASF13
  30 0015 B4010000 		.4byte	.LASF14
  31 0019 00000000 		.4byte	.Ldebug_line0
  32 001d 02       		.uleb128 0x2
  33 001e 04       		.byte	0x4
  34 001f 05       		.byte	0x5
  35 0020 696E7400 		.ascii	"int\000"
  36 0024 03       		.uleb128 0x3
  37 0025 04       		.byte	0x4
  38 0026 07       		.byte	0x7
  39 0027 0E000000 		.4byte	.LASF0
  40 002b 03       		.uleb128 0x3
  41 002c 08       		.byte	0x8
  42 002d 05       		.byte	0x5
  43 002e 00000000 		.4byte	.LASF1
  44 0032 03       		.uleb128 0x3
  45 0033 08       		.byte	0x8
  46 0034 04       		.byte	0x4
  47 0035 A8010000 		.4byte	.LASF2
  48 0039 03       		.uleb128 0x3
  49 003a 01       		.byte	0x1
  50 003b 06       		.byte	0x6
  51 003c BF000000 		.4byte	.LASF3
  52 0040 03       		.uleb128 0x3
  53 0041 01       		.byte	0x1
  54 0042 08       		.byte	0x8
  55 0043 8A000000 		.4byte	.LASF4
  56 0047 03       		.uleb128 0x3
  57 0048 02       		.byte	0x2
ARM GAS  /tmp/ccGUheC2.s 			page 2


  58 0049 05       		.byte	0x5
  59 004a E2010000 		.4byte	.LASF5
  60 004e 03       		.uleb128 0x3
  61 004f 02       		.byte	0x2
  62 0050 07       		.byte	0x7
  63 0051 AC000000 		.4byte	.LASF6
  64 0055 03       		.uleb128 0x3
  65 0056 04       		.byte	0x4
  66 0057 05       		.byte	0x5
  67 0058 9D000000 		.4byte	.LASF7
  68 005c 03       		.uleb128 0x3
  69 005d 04       		.byte	0x4
  70 005e 07       		.byte	0x7
  71 005f 50000000 		.4byte	.LASF8
  72 0063 03       		.uleb128 0x3
  73 0064 08       		.byte	0x8
  74 0065 07       		.byte	0x7
  75 0066 62000000 		.4byte	.LASF9
  76 006a 03       		.uleb128 0x3
  77 006b 01       		.byte	0x1
  78 006c 08       		.byte	0x8
  79 006d 98000000 		.4byte	.LASF10
  80 0071 03       		.uleb128 0x3
  81 0072 01       		.byte	0x1
  82 0073 02       		.byte	0x2
  83 0074 A6000000 		.4byte	.LASF11
  84 0078 04       		.uleb128 0x4
  85 0079 79000000 		.4byte	.LASF15
  86 007d 01       		.byte	0x1
  87 007e 36       		.byte	0x36
  88 007f 06       		.byte	0x6
  89 0080 00       		.byte	0
  90              		.section	.gnu.debuglto_.debug_abbrev,"e",%progbits
  91              	.Ldebug_abbrev0:
  92 0000 01       		.uleb128 0x1
  93 0001 11       		.uleb128 0x11
  94 0002 01       		.byte	0x1
  95 0003 25       		.uleb128 0x25
  96 0004 0E       		.uleb128 0xe
  97 0005 13       		.uleb128 0x13
  98 0006 0B       		.uleb128 0xb
  99 0007 03       		.uleb128 0x3
 100 0008 0E       		.uleb128 0xe
 101 0009 1B       		.uleb128 0x1b
 102 000a 0E       		.uleb128 0xe
 103 000b 10       		.uleb128 0x10
 104 000c 17       		.uleb128 0x17
 105 000d 00       		.byte	0
 106 000e 00       		.byte	0
 107 000f 02       		.uleb128 0x2
 108 0010 24       		.uleb128 0x24
 109 0011 00       		.byte	0
 110 0012 0B       		.uleb128 0xb
 111 0013 0B       		.uleb128 0xb
 112 0014 3E       		.uleb128 0x3e
 113 0015 0B       		.uleb128 0xb
 114 0016 03       		.uleb128 0x3
ARM GAS  /tmp/ccGUheC2.s 			page 3


 115 0017 08       		.uleb128 0x8
 116 0018 00       		.byte	0
 117 0019 00       		.byte	0
 118 001a 03       		.uleb128 0x3
 119 001b 24       		.uleb128 0x24
 120 001c 00       		.byte	0
 121 001d 0B       		.uleb128 0xb
 122 001e 0B       		.uleb128 0xb
 123 001f 3E       		.uleb128 0x3e
 124 0020 0B       		.uleb128 0xb
 125 0021 03       		.uleb128 0x3
 126 0022 0E       		.uleb128 0xe
 127 0023 00       		.byte	0
 128 0024 00       		.byte	0
 129 0025 04       		.uleb128 0x4
 130 0026 2E       		.uleb128 0x2e
 131 0027 00       		.byte	0
 132 0028 3F       		.uleb128 0x3f
 133 0029 19       		.uleb128 0x19
 134 002a 03       		.uleb128 0x3
 135 002b 0E       		.uleb128 0xe
 136 002c 3A       		.uleb128 0x3a
 137 002d 0B       		.uleb128 0xb
 138 002e 3B       		.uleb128 0x3b
 139 002f 0B       		.uleb128 0xb
 140 0030 39       		.uleb128 0x39
 141 0031 0B       		.uleb128 0xb
 142 0032 27       		.uleb128 0x27
 143 0033 19       		.uleb128 0x19
 144 0034 00       		.byte	0
 145 0035 00       		.byte	0
 146 0036 00       		.byte	0
 147              		.section	.gnu.debuglto_.debug_line,"e",%progbits
 148              	.Ldebug_line0:
 149 0000 52000000 		.4byte	.LELT0-.LSLT0
 150              	.LSLT0:
 151 0004 0400     		.2byte	0x4
 152 0006 4C000000 		.4byte	.LELTP0-.LASLTP0
 153              	.LASLTP0:
 154 000a 01       		.byte	0x1
 155 000b 01       		.byte	0x1
 156 000c 01       		.byte	0x1
 157 000d F6       		.byte	0xf6
 158 000e F2       		.byte	0xf2
 159 000f 0D       		.byte	0xd
 160 0010 00       		.byte	0
 161 0011 01       		.byte	0x1
 162 0012 01       		.byte	0x1
 163 0013 01       		.byte	0x1
 164 0014 01       		.byte	0x1
 165 0015 00       		.byte	0
 166 0016 00       		.byte	0
 167 0017 00       		.byte	0
 168 0018 01       		.byte	0x1
 169 0019 00       		.byte	0
 170 001a 00       		.byte	0
 171 001b 01       		.byte	0x1
ARM GAS  /tmp/ccGUheC2.s 			page 4


 172 001c 2E2E2F2E 		.ascii	"../../../ChibiOS-Contrib//os/hal/src"
 172      2E2F2E2E 
 172      2F436869 
 172      62694F53 
 172      2D436F6E 
 173 0040 00       		.byte	0
 174 0041 00       		.byte	0
 175 0042 68616C5F 		.ascii	"hal_community.c\000"
 175      636F6D6D 
 175      756E6974 
 175      792E6300 
 176 0052 01       		.uleb128 0x1
 177 0053 00       		.uleb128 0
 178 0054 00       		.uleb128 0
 179 0055 00       		.byte	0
 180              	.LELTP0:
 181              	.LELT0:
 182              		.section	.gnu.debuglto_.debug_str,"eMS",%progbits,1
 183              	.LASF1:
 184 0000 6C6F6E67 		.ascii	"long long int\000"
 184      206C6F6E 
 184      6720696E 
 184      7400
 185              	.LASF0:
 186 000e 756E7369 		.ascii	"unsigned int\000"
 186      676E6564 
 186      20696E74 
 186      00
 187              	.LASF13:
 188 001b 2E2E2F2E 		.ascii	"../../../ChibiOS-Contrib//os/hal/src/hal_community."
 188      2E2F2E2E 
 188      2F436869 
 188      62694F53 
 188      2D436F6E 
 189 004e 6300     		.ascii	"c\000"
 190              	.LASF8:
 191 0050 6C6F6E67 		.ascii	"long unsigned int\000"
 191      20756E73 
 191      69676E65 
 191      6420696E 
 191      7400
 192              	.LASF9:
 193 0062 6C6F6E67 		.ascii	"long long unsigned int\000"
 193      206C6F6E 
 193      6720756E 
 193      7369676E 
 193      65642069 
 194              	.LASF15:
 195 0079 68616C43 		.ascii	"halCommunityInit\000"
 195      6F6D6D75 
 195      6E697479 
 195      496E6974 
 195      00
 196              	.LASF4:
 197 008a 756E7369 		.ascii	"unsigned char\000"
 197      676E6564 
 197      20636861 
ARM GAS  /tmp/ccGUheC2.s 			page 5


 197      7200
 198              	.LASF10:
 199 0098 63686172 		.ascii	"char\000"
 199      00
 200              	.LASF7:
 201 009d 6C6F6E67 		.ascii	"long int\000"
 201      20696E74 
 201      00
 202              	.LASF11:
 203 00a6 5F426F6F 		.ascii	"_Bool\000"
 203      6C00
 204              	.LASF6:
 205 00ac 73686F72 		.ascii	"short unsigned int\000"
 205      7420756E 
 205      7369676E 
 205      65642069 
 205      6E7400
 206              	.LASF3:
 207 00bf 7369676E 		.ascii	"signed char\000"
 207      65642063 
 207      68617200 
 208              	.LASF12:
 209 00cb 474E5520 		.ascii	"GNU C17 10.3.1 20210824 (release) -mcpu=cortex-m4 -"
 209      43313720 
 209      31302E33 
 209      2E312032 
 209      30323130 
 210 00fe 6D746875 		.ascii	"mthumb -mfloat-abi=hard -mfpu=fpv4-sp-d16 -march=ar"
 210      6D62202D 
 210      6D666C6F 
 210      61742D61 
 210      62693D68 
 211 0131 6D763765 		.ascii	"mv7e-m+fp -g -ggdb -Og -fomit-frame-pointer -falign"
 211      2D6D2B66 
 211      70202D67 
 211      202D6767 
 211      6462202D 
 212 0164 2D66756E 		.ascii	"-functions=16 -ffunction-sections -fdata-sections -"
 212      6374696F 
 212      6E733D31 
 212      36202D66 
 212      66756E63 
 213 0197 666E6F2D 		.ascii	"fno-common -flto\000"
 213      636F6D6D 
 213      6F6E202D 
 213      666C746F 
 213      00
 214              	.LASF2:
 215 01a8 6C6F6E67 		.ascii	"long double\000"
 215      20646F75 
 215      626C6500 
 216              	.LASF14:
 217 01b4 2F686F6D 		.ascii	"/home/cheff/git/asserv_nucleo3/src/Robots/PMI\000"
 217      652F6368 
 217      6566662F 
 217      6769742F 
 217      61737365 
ARM GAS  /tmp/ccGUheC2.s 			page 6


 218              	.LASF5:
 219 01e2 73686F72 		.ascii	"short int\000"
 219      7420696E 
 219      7400
 220              		.text
 221              		.section	.gnu.lto_.profile.dfdc0be09c28c526,"e",%progbits
 222 0000 789C6362 		.ascii	"x\234cb\000\001\000\000\022\000\003"
 222      00010000 
 222      120003
 223              		.text
 224              		.section	.gnu.lto_.inline.dfdc0be09c28c526,"e",%progbits
 225 0000 789CD362 		.ascii	"x\234\323b@\000F\006\006\226\006 `Ncd`b`h\0042\353\030"
 225      40004606 
 225      06960620 
 225      604E6364 
 225      60626068 
 226 0018 18D84042 		.ascii	"\030\330@BL)L !\006F.\260J\000\310\256\007\226"
 226      4C294C20 
 226      2106462E 
 226      B04A00C8 
 226      AE0796
 227              		.text
 228              		.section	.gnu.lto_.jmpfuncs.dfdc0be09c28c526,"e",%progbits
 229 0000 789C6363 		.ascii	"x\234cc@\000F0\011\000\000\204\000\010"
 229      40004630 
 229      09000084 
 229      0008
 230              		.text
 231              		.section	.gnu.lto_.pureconst.dfdc0be09c28c526,"e",%progbits
 232 0000 789C6361 		.ascii	"x\234ca```d\230\301\002\000\001`\000\242"
 232      60606064 
 232      98C10200 
 232      016000A2 
 233              		.text
 234              		.section	.gnu.lto_.lto.dfdc0be09c28c526,"e",%progbits
 235 0000 09000400 		.ascii	"\011\000\004\000\001\000\000\000"
 235      01000000 
 236              		.text
 237              		.section	.gnu.lto_halCommunityInit.365.dfdc0be09c28c526,"e",%progbits
 238 0000 789CEB60 		.ascii	"x\234\353```H\003be fdf`\2344\261\213\211\241\241\241"
 238      60604803 
 238      62652066 
 238      6466609C 
 238      34B18B89 
 239 0017 C1819D89 		.ascii	"\301\201\235\211\261qb\027'\343VF0\217\221\241\236\211"
 239      B1716217 
 239      27E35646 
 239      308F91A1 
 239      9E89
 240 0029 B19E7132 		.ascii	"\261\236q2\263&\220\373c\351\254w<\255\022K\230\031"
 240      B32690FB 
 240      63E9AC77 
 240      3CAD124B 
 240      9819
 241 003b 18E60131 		.ascii	"\030\346\0011\024\260\301x\214@\274\376\022\353\201"
 241      14B0C178 
 241      8C40BCFE 
ARM GAS  /tmp/ccGUheC2.s 			page 7


 241      12EB81
 242 004a 863FFFFB 		.ascii	"\206?\377\373\033\032\336>f\334\255\014\024\357g\006"
 242      1B1ADE3E 
 242      66DCAD0C 
 242      14EF6706 
 243 005a 99DBC002 		.ascii	"\231\333\300\002\224\235\300\314\004a6\036``x\305\330"
 243      949DC0CC 
 243      0461361E 
 243      606078C5 
 243      D8
 244 006b F0E8F231 		.ascii	"\360\350\3621F\206\017\214\315\012\014-\214LK\230\031"
 244      46860F8C 
 244      CD0A0C2D 
 244      8C4C4B98 
 244      19
 245 007c E7310315 		.ascii	"\3471\003\025-afb\370\304\330\364\340\273\033\330\364"
 245      2D616662 
 245      F8C4D8F4 
 245      E0BB1BD8 
 245      F4
 246 008d 7E664688 		.ascii	"~fF\210\236\206\003 \256\236~F~n\252~rFjZ\232~zf\211"
 246      9E860320 
 246      AE9E7E46 
 246      7E6EAA7E 
 246      72466A5A 
 247 00a6 7E627171 		.ascii	"~bqqjQY|^irNj\276\261~qQ\262~P~R~I\261~\200\257'\203"
 247      6A51597C 
 247      5E69724E 
 247      6ABEB17E 
 247      7151B27E 
 248 00c5 A99E9E3E 		.ascii	"\251\236\236>\0049gd&e\372\007\353:\347\347\225\024"
 248      04396764 
 248      2665FA07 
 248      EB3AE7E7 
 248      9514
 249 00d7 6526E9EB 		.ascii	"e&\351\353\347\027\353g$\346\2005\000\351\370\344\374"
 249      E717EB67 
 249      24E68035 
 249      00E9F8E4 
 249      FC
 250 00e8 DCDCD2BC 		.ascii	"\334\334\322\274\314\222J\275d\006\000\2578R\342"
 250      CC924ABD 
 250      640600AF 
 250      3852E2
 251              		.text
 252              		.section	.gnu.lto_.symbol_nodes.dfdc0be09c28c526,"e",%progbits
 253 0000 789C7365 		.ascii	"x\234se\000\002\246\267L\365\014\015@\300\3028\341\034"
 253      0002A6B7 
 253      4CF50C0D 
 253      40C0C238 
 253      E11C
 254 0012 03433D03 		.ascii	"\003C=\003\303\256\206FF\006F\220\034\003\343;\246z"
 254      C3AE8646 
 254      46064690 
 254      1C03E33B 
 254      A67A
 255 0024 C6FF5020 		.ascii	"\306\377P \017V\300\000R\014\222ef`\204hsa\000\000\037"
ARM GAS  /tmp/ccGUheC2.s 			page 8


 255      0F56C000 
 255      520C9265 
 255      66608468 
 255      73610000 
 256 0039 CB160A   		.ascii	"\313\026\012"
 257              		.text
 258              		.section	.gnu.lto_.refs.dfdc0be09c28c526,"e",%progbits
 259 0000 789C6364 		.ascii	"x\234cd\000\002\000\000\012\000\002"
 259      00020000 
 259      0A0002
 260              		.text
 261              		.section	.gnu.lto_.decls.dfdc0be09c28c526,"e",%progbits
 262 0000 789C9D92 		.ascii	"x\234\235\222Mh\023A\024\307\337\233I\263\3331\230 "
 262      4D681341 
 262      14C7DF9B 
 262      49B3DB31 
 262      9820
 263 0012 29458410 		.ascii	")E\204\020zi@\232\265\333\330z\014\004*\245X\213\342"
 263      7A69409A 
 263      B5DBD87A 
 263      0C042AA5 
 263      588BE2
 264 0025 C54B6D33 		.ascii	"\305Km3\033\023\350f5I\213\275\015\025\251H\253\305"
 264      1B13E866 
 264      35498BBD 
 264      0D15A948 
 264      ABC5
 265 0037 5341C58A 		.ascii	"SA\305\212\227\"RZ\320\372Q\253m\004\011U\017\336\012"
 265      9722525A 
 265      D0FA51AB 
 265      6D040955 
 265      0FDE0A
 266 004a 7AF15009 		.ascii	"z\361P\011\330\203\207\202E\017uv\263i\252=(\276\335"
 266      D8838782 
 266      450F7576 
 266      B369AA3D 
 266      28BEDD
 267 005d 796F67E7 		.ascii	"yog\347\375\376\363\3461M\024\240\031\001\316\001\300"
 267      FDFEF3E6 
 267      314D14A0 
 267      1901CE01 
 267      C0
 268 006e B63422E3 		.ascii	"\2664\"\343\007\250\231=\177!\307K\330k#\222\2238\244"
 268      07A8993D 
 268      7F21C74B 
 268      D86B2392 
 268      9338A4
 269 0081 E5589163 		.ascii	"\345X\221c\361\037\230[\224\334\233\235\037\367\257"
 269      F11F985B 
 269      94DC9B9D 
 269      1FF7AF
 270 0090 23D88F87 		.ascii	"#\330\217\207#\342Z\273t\014\316R\010\012\"\210\227"
 270      23E25ABB 
 270      740CCE52 
 270      080A2288 
 270      97
 271 00a1 53C228A3 		.ascii	"S\302(\243\234\2250\024\331\244q\225D\374L\235y\215"
ARM GAS  /tmp/ccGUheC2.s 			page 9


 271      9C953014 
 271      D9A47195 
 271      44FC4C9D 
 271      798D
 272 00b3 0156A712 		.ascii	"\001V\247\022RV8\213\374\300\207d\332\033\216\013\017"
 272      5256388B 
 272      FCC08764 
 272      DA1B8E0B 
 272      0F
 273 00c4 1F6F282B 		.ascii	"\037o(+\202L\366\004\333\342\322\227\225\022rI\365\022"
 273      824CF604 
 273      DBE2D297 
 273      95127249 
 273      F512
 274 00d6 3520BFCA 		.ascii	"5 \277\312\012\333\244\323\023^\376\236\\m\306\0222"
 274      0ADBA4D3 
 274      135EFE9E 
 274      5C6DC612 
 274      32
 275 00e7 AE078510 		.ascii	"\256\007\205\020qU\015\371\213\264H;\001Tun\266\201"
 275      71550DF9 
 275      8BB4483B 
 275      0154756E 
 275      B681
 276 00f9 9515BF94 		.ascii	"\225\025\277\224\210\360p\200\207\375%\254\343\234\005"
 276      88F07080 
 276      87FD25AC 
 276      E39C05
 277 0108 23208BE0 		.ascii	"# \213\340\272\036'L*{\324\022\352\024}\272\370\374"
 277      BA1E274C 
 277      2A7BD412 
 277      EA147DBA 
 277      F8FC
 278 011a B591D5B1 		.ascii	"\265\221\325\261\372P8\002\300\241\223H]\272]5T\344"
 278      FA503802 
 278      C0A19348 
 278      5DBA5D35 
 278      54E4
 279 012c 9EBC3645 		.ascii	"\236\2746E\2140\242\023\332]VdkH\030@xT\237\017\205"
 279      8C30A213 
 279      DA5D5664 
 279      6B481840 
 279      78549F0F 
 280 0141 0CF57DDD 		.ascii	"\014\365}\335\274WgPV\210\\\012zP\020\254\221\314+;"
 280      BC576750 
 280      56885C0A 
 280      7A5010AC 
 280      91CC2B3B 
 281 0155 442A7D43 		.ascii	"D*}Cp\372e\177\325\"\324r\241\266N\320\005*s\327\203"
 281      70FA657F 
 281      D522D472 
 281      A1B64ED0 
 281      052A73D7 
 282 016a 9B51C1A5 		.ascii	"\233Q\301\245\256\315\343\216\376\236d\334%\216\273"
 282      AECDE38E 
 282      FE9E64DC 
 282      258EBB
ARM GAS  /tmp/ccGUheC2.s 			page 10


 283 0179 331C0DD7 		.ascii	"3\034\015\327\252?qg\241\"\356\326B\334\262\210\363"
 283      AA3F7167 
 283      A122EED6 
 283      42DCB288 
 283      F3
 284 018a ABCAFC5E 		.ascii	"\253\312\374^\270\243\202n\302\256\252\335\023:\027"
 284      B8A3826E 
 284      C2AEAADD 
 284      133A17
 285 0199 CCB93613 		.ascii	"\314\2716\023\305\261U\366E\266M\2545\340\376\3118 "
 285      C5B155F6 
 285      45B64DAC 
 285      35E0FEC9 
 285      3820
 286 01ab 0D01D540 		.ascii	"\015\001\325@\023\216\215\346\001\237TPs\337M\212\007"
 286      138E8DE6 
 286      019F5450 
 286      73DF4D8A 
 286      07
 287 01bc 90481FC4 		.ascii	"\220H\037\304\200D\307\026\257\277e\2152iC\210 \246"
 287      8044C716 
 287      AFBF658D 
 287      32694388 
 287      20A6
 288 01ce F139E233 		.ascii	"\3619\3423{\303E\271\241\345\210\257\257\217\276\363"
 288      7BC345B9 
 288      A1E588AF 
 288      AF8FBEF3 
 289 01de 354D4D89 		.ascii	"5MM\211\255\273\327\276\027\017\275\271,f\354[\"3p\001"
 289      ADBBD7BE 
 289      170FBDB9 
 289      2C66EC5B 
 289      22337001 
 290 01f2 F169E590 		.ascii	"\361i\345\220\0132\3751\342#4/\321\015\264\261\371\217"
 290      0B32FD31 
 290      E223342F 
 290      D10DB4B1 
 290      F98F
 291 0204 0FEE7B9A 		.ascii	"\017\356{\232\246\204\330Z\273q\347\212\367\266(\022"
 291      A684D85A 
 291      BB71E78A 
 291      F7B62812 
 292 0214 1B59DA41 		.ascii	"\033Y\332A\226\234\340\224\343q\312\011Kj\365\323\334"
 292      969CE094 
 292      E371CA09 
 292      4B6AF5D3 
 292      DC
 293 0225 4FD5B72C 		.ascii	"O\325\267,\30471]\364\330\3002\342+\273\240\025\347"
 293      C437315D 
 293      F4D8C032 
 293      E22BBBA0 
 293      15E7
 294 0237 C4ADEDE0 		.ascii	"\304\255\355\340\353\317\231\303\035F\213y8u\001X\322"
 294      EBCF99C3 
 294      1D468B79 
 294      38750158 
 294      D2
ARM GAS  /tmp/ccGUheC2.s 			page 11


 295 0248 CA158C4B 		.ascii	"\312\025\214K-f\014\002\351\376\301\204e\232C\331La"
 295      2D660C02 
 295      E9FEC184 
 295      659A43D9 
 295      4C61
 296 025a A44BBA58 		.ascii	"\244K\272X4\252U\336D:3\2209y\272%ae\013\271\314\200"
 296      34AA55DE 
 296      443A3390 
 296      3979BA25 
 296      61650BB9 
 297 0270 A659794D 		.ascii	"\246YyMfk\371\\\322\216}\311*\026M\252\307{\316\204"
 297      666BF95C 
 297      D28E7DC9 
 297      2A164DAA 
 297      C77BCE84 
 298 0284 13AD1D70 		.ascii	"\023\255\035p\360\217\205\250~$\026\213\031\307R\020"
 298      F08F85A8 
 298      7E24168B 
 298      19C75210 
 299 0294 D5D29669 		.ascii	"\325\322\226ih\311\264\221Ji\3473\005\255?\2377r\303"
 299      68C9B491 
 299      4A69E733 
 299      05AD3F9F 
 299      3772C3
 300 02a7 7DD9A1E4 		.ascii	"}\331\241\344\240a\2659\252\247\254\001\253\220\327"
 300      A061B539 
 300      AAA7AC01 
 300      AB90D7
 301 02b6 7A4F74C1 		.ascii	"zOt\301\321\377)\003\224\213F\306>D\333_\351L698\304"
 301      D1FF2903 
 301      948B46C6 
 301      3E44DB5F 
 301      E94C3639 
 302 02cc 0D474142 		.ascii	"\015GAB\3214\374\002\270\243#\310"
 302      D134FC02 
 302      B8A323C8 
 303              		.text
 304              		.section	.gnu.lto_.symtab.dfdc0be09c28c526,"e",%progbits
 305 0000 68616C43 		.ascii	"halCommunityInit\000"
 305      6F6D6D75 
 305      6E697479 
 305      496E6974 
 305      00
 306 0011 00       		.ascii	"\000"
 307 0012 00       		.ascii	"\000"
 308 0013 00       		.ascii	"\000"
 309 0014 00000000 		.ascii	"\000\000\000\000\000\000\000\000"
 309      00000000 
 310 001c BC000000 		.ascii	"\274\000\000\000"
 311 0020 71656949 		.ascii	"qeiInit\000"
 311      6E697400 
 312 0028 00       		.ascii	"\000"
 313 0029 02       		.ascii	"\002"
 314 002a 00       		.ascii	"\000"
 315 002b 00000000 		.ascii	"\000\000\000\000\000\000\000\000"
 315      00000000 
 316 0033 BE000000 		.ascii	"\276\000\000\000"
ARM GAS  /tmp/ccGUheC2.s 			page 12


 317              		.text
 318              		.section	.gnu.lto_.ext_symtab.dfdc0be09c28c526,"e",%progbits
 319 0000 01       		.ascii	"\001"
 320 0001 01       		.ascii	"\001"
 321 0002 00       		.ascii	"\000"
 322 0003 01       		.ascii	"\001"
 323 0004 00       		.ascii	"\000"
 324              		.text
 325              		.section	.gnu.lto_.opts,"e",%progbits
 326 0000 272D666E 		.ascii	"'-fno-openmp' '-fno-openacc' '-fno-pie' '-fcf-prote"
 326      6F2D6F70 
 326      656E6D70 
 326      2720272D 
 326      666E6F2D 
 327 0033 6374696F 		.ascii	"ction=none' '-g' '-mcpu=cortex-m4' '-mthumb' '-mflo"
 327      6E3D6E6F 
 327      6E652720 
 327      272D6727 
 327      20272D6D 
 328 0066 61742D61 		.ascii	"at-abi=hard' '-mfpu=fpv4-sp-d16' '-mlibarch=armv7e-"
 328      62693D68 
 328      61726427 
 328      20272D6D 
 328      6670753D 
 329 0099 6D2B6670 		.ascii	"m+fp' '-march=armv7e-m+fp' '-Og' '-fomit-frame-poin"
 329      2720272D 
 329      6D617263 
 329      683D6172 
 329      6D763765 
 330 00cc 74657227 		.ascii	"ter' '-falign-functions=16' '-ffunction-sections' '"
 330      20272D66 
 330      616C6967 
 330      6E2D6675 
 330      6E637469 
 331 00ff 2D666461 		.ascii	"-fdata-sections' '-fno-common' '-flto' '-Xassembler"
 331      74612D73 
 331      65637469 
 331      6F6E7327 
 331      20272D66 
 332 0132 2720272D 		.ascii	"' '-alms=./build/lst/hal_community.lst'\000"
 332      616C6D73 
 332      3D2E2F62 
 332      75696C64 
 332      2F6C7374 
 333              		.text
 334              		.comm	__gnu_lto_slim,1,1
 335              		.ident	"GCC: (GNU Arm Embedded Toolchain 10.3-2021.10) 10.3.1 20210824 (release)"
ARM GAS  /tmp/ccGUheC2.s 			page 13


DEFINED SYMBOLS
                            *ABS*:0000000000000000 hal_community.c
     /tmp/ccGUheC2.s:21     .gnu.debuglto_.debug_info:0000000000000000 hal_community.c.20444e8f
                            *COM*:0000000000000001 __gnu_lto_slim

NO UNDEFINED SYMBOLS
