ARM GAS  /tmp/ccH3SeLO.s 			page 1


   1              		.cpu cortex-m4
   2              		.arch armv7e-m
   3              		.fpu fpv4-sp-d16
   4              		.eabi_attribute 27, 1
   5              		.eabi_attribute 28, 1
   6              		.eabi_attribute 20, 1
   7              		.eabi_attribute 21, 1
   8              		.eabi_attribute 23, 3
   9              		.eabi_attribute 24, 1
  10              		.eabi_attribute 25, 1
  11              		.eabi_attribute 26, 1
  12              		.eabi_attribute 30, 1
  13              		.eabi_attribute 34, 1
  14              		.eabi_attribute 18, 4
  15              		.file	"hal_stm32_dma2d.c"
  16              		.section	.gnu.debuglto_.debug_info,"e",%progbits
  17              	.Ldebug_info0:
  18              		.hidden	hal_stm32_dma2d.c.ec577202
  19              		.weak	hal_stm32_dma2d.c.ec577202
  20              	hal_stm32_dma2d.c.ec577202:
  21 0000 75000000 		.4byte	0x75
  22 0004 0400     		.2byte	0x4
  23 0006 00000000 		.4byte	.Ldebug_abbrev0
  24 000a 04       		.byte	0x4
  25 000b 01       		.uleb128 0x1
  26 000c D0000000 		.4byte	.LASF12
  27 0010 0C       		.byte	0xc
  28 0011 2D000000 		.4byte	.LASF13
  29 0015 B9010000 		.4byte	.LASF14
  30 0019 00000000 		.4byte	.Ldebug_line0
  31 001d 02       		.uleb128 0x2
  32 001e 04       		.byte	0x4
  33 001f 05       		.byte	0x5
  34 0020 696E7400 		.ascii	"int\000"
  35 0024 03       		.uleb128 0x3
  36 0025 04       		.byte	0x4
  37 0026 07       		.byte	0x7
  38 0027 0E000000 		.4byte	.LASF0
  39 002b 03       		.uleb128 0x3
  40 002c 08       		.byte	0x8
  41 002d 05       		.byte	0x5
  42 002e 00000000 		.4byte	.LASF1
  43 0032 03       		.uleb128 0x3
  44 0033 08       		.byte	0x8
  45 0034 04       		.byte	0x4
  46 0035 AD010000 		.4byte	.LASF2
  47 0039 03       		.uleb128 0x3
  48 003a 01       		.byte	0x1
  49 003b 06       		.byte	0x6
  50 003c C4000000 		.4byte	.LASF3
  51 0040 03       		.uleb128 0x3
  52 0041 01       		.byte	0x1
  53 0042 08       		.byte	0x8
  54 0043 8F000000 		.4byte	.LASF4
  55 0047 03       		.uleb128 0x3
  56 0048 02       		.byte	0x2
  57 0049 05       		.byte	0x5
ARM GAS  /tmp/ccH3SeLO.s 			page 2


  58 004a E7010000 		.4byte	.LASF5
  59 004e 03       		.uleb128 0x3
  60 004f 02       		.byte	0x2
  61 0050 07       		.byte	0x7
  62 0051 B1000000 		.4byte	.LASF6
  63 0055 03       		.uleb128 0x3
  64 0056 04       		.byte	0x4
  65 0057 05       		.byte	0x5
  66 0058 A2000000 		.4byte	.LASF7
  67 005c 03       		.uleb128 0x3
  68 005d 04       		.byte	0x4
  69 005e 07       		.byte	0x7
  70 005f 1B000000 		.4byte	.LASF8
  71 0063 03       		.uleb128 0x3
  72 0064 08       		.byte	0x8
  73 0065 07       		.byte	0x7
  74 0066 78000000 		.4byte	.LASF9
  75 006a 03       		.uleb128 0x3
  76 006b 01       		.byte	0x1
  77 006c 08       		.byte	0x8
  78 006d 9D000000 		.4byte	.LASF10
  79 0071 03       		.uleb128 0x3
  80 0072 01       		.byte	0x1
  81 0073 02       		.byte	0x2
  82 0074 AB000000 		.4byte	.LASF11
  83 0078 00       		.byte	0
  84              		.section	.gnu.debuglto_.debug_abbrev,"e",%progbits
  85              	.Ldebug_abbrev0:
  86 0000 01       		.uleb128 0x1
  87 0001 11       		.uleb128 0x11
  88 0002 01       		.byte	0x1
  89 0003 25       		.uleb128 0x25
  90 0004 0E       		.uleb128 0xe
  91 0005 13       		.uleb128 0x13
  92 0006 0B       		.uleb128 0xb
  93 0007 03       		.uleb128 0x3
  94 0008 0E       		.uleb128 0xe
  95 0009 1B       		.uleb128 0x1b
  96 000a 0E       		.uleb128 0xe
  97 000b 10       		.uleb128 0x10
  98 000c 17       		.uleb128 0x17
  99 000d 00       		.byte	0
 100 000e 00       		.byte	0
 101 000f 02       		.uleb128 0x2
 102 0010 24       		.uleb128 0x24
 103 0011 00       		.byte	0
 104 0012 0B       		.uleb128 0xb
 105 0013 0B       		.uleb128 0xb
 106 0014 3E       		.uleb128 0x3e
 107 0015 0B       		.uleb128 0xb
 108 0016 03       		.uleb128 0x3
 109 0017 08       		.uleb128 0x8
 110 0018 00       		.byte	0
 111 0019 00       		.byte	0
 112 001a 03       		.uleb128 0x3
 113 001b 24       		.uleb128 0x24
 114 001c 00       		.byte	0
ARM GAS  /tmp/ccH3SeLO.s 			page 3


 115 001d 0B       		.uleb128 0xb
 116 001e 0B       		.uleb128 0xb
 117 001f 3E       		.uleb128 0x3e
 118 0020 0B       		.uleb128 0xb
 119 0021 03       		.uleb128 0x3
 120 0022 0E       		.uleb128 0xe
 121 0023 00       		.byte	0
 122 0024 00       		.byte	0
 123 0025 00       		.byte	0
 124              		.section	.gnu.debuglto_.debug_line,"e",%progbits
 125              	.Ldebug_line0:
 126 0000 1A000000 		.4byte	.LELT0-.LSLT0
 127              	.LSLT0:
 128 0004 0400     		.2byte	0x4
 129 0006 14000000 		.4byte	.LELTP0-.LASLTP0
 130              	.LASLTP0:
 131 000a 01       		.byte	0x1
 132 000b 01       		.byte	0x1
 133 000c 01       		.byte	0x1
 134 000d F6       		.byte	0xf6
 135 000e F2       		.byte	0xf2
 136 000f 0D       		.byte	0xd
 137 0010 00       		.byte	0
 138 0011 01       		.byte	0x1
 139 0012 01       		.byte	0x1
 140 0013 01       		.byte	0x1
 141 0014 01       		.byte	0x1
 142 0015 00       		.byte	0
 143 0016 00       		.byte	0
 144 0017 00       		.byte	0
 145 0018 01       		.byte	0x1
 146 0019 00       		.byte	0
 147 001a 00       		.byte	0
 148 001b 01       		.byte	0x1
 149 001c 00       		.byte	0
 150 001d 00       		.byte	0
 151              	.LELTP0:
 152              	.LELT0:
 153              		.section	.gnu.debuglto_.debug_str,"eMS",%progbits,1
 154              	.LASF1:
 155 0000 6C6F6E67 		.ascii	"long long int\000"
 155      206C6F6E 
 155      6720696E 
 155      7400
 156              	.LASF0:
 157 000e 756E7369 		.ascii	"unsigned int\000"
 157      676E6564 
 157      20696E74 
 157      00
 158              	.LASF8:
 159 001b 6C6F6E67 		.ascii	"long unsigned int\000"
 159      20756E73 
 159      69676E65 
 159      6420696E 
 159      7400
 160              	.LASF13:
 161 002d 2E2E2F2E 		.ascii	"../../../ChibiOS-Contrib//os/hal/ports/STM32/LLD/DM"
ARM GAS  /tmp/ccH3SeLO.s 			page 4


 161      2E2F2E2E 
 161      2F436869 
 161      62694F53 
 161      2D436F6E 
 162 0060 41324476 		.ascii	"A2Dv1/hal_stm32_dma2d.c\000"
 162      312F6861 
 162      6C5F7374 
 162      6D33325F 
 162      646D6132 
 163              	.LASF9:
 164 0078 6C6F6E67 		.ascii	"long long unsigned int\000"
 164      206C6F6E 
 164      6720756E 
 164      7369676E 
 164      65642069 
 165              	.LASF4:
 166 008f 756E7369 		.ascii	"unsigned char\000"
 166      676E6564 
 166      20636861 
 166      7200
 167              	.LASF10:
 168 009d 63686172 		.ascii	"char\000"
 168      00
 169              	.LASF7:
 170 00a2 6C6F6E67 		.ascii	"long int\000"
 170      20696E74 
 170      00
 171              	.LASF11:
 172 00ab 5F426F6F 		.ascii	"_Bool\000"
 172      6C00
 173              	.LASF6:
 174 00b1 73686F72 		.ascii	"short unsigned int\000"
 174      7420756E 
 174      7369676E 
 174      65642069 
 174      6E7400
 175              	.LASF3:
 176 00c4 7369676E 		.ascii	"signed char\000"
 176      65642063 
 176      68617200 
 177              	.LASF12:
 178 00d0 474E5520 		.ascii	"GNU C17 10.3.1 20210824 (release) -mcpu=cortex-m4 -"
 178      43313720 
 178      31302E33 
 178      2E312032 
 178      30323130 
 179 0103 6D746875 		.ascii	"mthumb -mfloat-abi=hard -mfpu=fpv4-sp-d16 -march=ar"
 179      6D62202D 
 179      6D666C6F 
 179      61742D61 
 179      62693D68 
 180 0136 6D763765 		.ascii	"mv7e-m+fp -g -ggdb -Og -fomit-frame-pointer -falign"
 180      2D6D2B66 
 180      70202D67 
 180      202D6767 
 180      6462202D 
 181 0169 2D66756E 		.ascii	"-functions=16 -ffunction-sections -fdata-sections -"
ARM GAS  /tmp/ccH3SeLO.s 			page 5


 181      6374696F 
 181      6E733D31 
 181      36202D66 
 181      66756E63 
 182 019c 666E6F2D 		.ascii	"fno-common -flto\000"
 182      636F6D6D 
 182      6F6E202D 
 182      666C746F 
 182      00
 183              	.LASF2:
 184 01ad 6C6F6E67 		.ascii	"long double\000"
 184      20646F75 
 184      626C6500 
 185              	.LASF14:
 186 01b9 2F686F6D 		.ascii	"/home/cheff/git/asserv_nucleo3/src/Robots/PMI\000"
 186      652F6368 
 186      6566662F 
 186      6769742F 
 186      61737365 
 187              	.LASF5:
 188 01e7 73686F72 		.ascii	"short int\000"
 188      7420696E 
 188      7400
 189              		.text
 190              		.section	.gnu.lto_.profile.a96f600bbc78cf06,"e",%progbits
 191 0000 789C6362 		.ascii	"x\234cb\000\001\000\000\022\000\003"
 191      00010000 
 191      120003
 192              		.text
 193              		.section	.gnu.lto_.inline.a96f600bbc78cf06,"e",%progbits
 194 0000 789C6362 		.ascii	"x\234cb@\006\000\000*\000\003"
 194      40060000 
 194      2A0003
 195              		.text
 196              		.section	.gnu.lto_.jmpfuncs.a96f600bbc78cf06,"e",%progbits
 197 0000 789C6362 		.ascii	"x\234cb@\006\000\000*\000\003"
 197      40060000 
 197      2A0003
 198              		.text
 199              		.section	.gnu.lto_.pureconst.a96f600bbc78cf06,"e",%progbits
 200 0000 789C6364 		.ascii	"x\234cd\000\002\000\000\012\000\002"
 200      00020000 
 200      0A0002
 201              		.text
 202              		.section	.gnu.lto_.lto.a96f600bbc78cf06,"e",%progbits
 203 0000 09000400 		.ascii	"\011\000\004\000\001\000\000\000"
 203      01000000 
 204              		.text
 205              		.section	.gnu.lto_.symbol_nodes.a96f600bbc78cf06,"e",%progbits
 206 0000 789C6362 		.ascii	"x\234cb\000\001\000\000\022\000\003"
 206      00010000 
 206      120003
 207              		.text
 208              		.section	.gnu.lto_.refs.a96f600bbc78cf06,"e",%progbits
 209 0000 789C6364 		.ascii	"x\234cd\000\002\000\000\012\000\002"
 209      00020000 
 209      0A0002
ARM GAS  /tmp/ccH3SeLO.s 			page 6


 210              		.text
 211              		.section	.gnu.lto_.decls.a96f600bbc78cf06,"e",%progbits
 212 0000 789C6360 		.ascii	"x\234c````\004b\025 \376\017\004 \366E\006\002\000\000"
 212      60606004 
 212      621520FE 
 212      0F0420F6 
 212      45060200 
 213 0015 BF3204F4 		.ascii	"\2772\004\364"
 214              		.text
 215              		.section	.gnu.lto_.symtab.a96f600bbc78cf06,"e",%progbits
 216              		.text
 217              		.section	.gnu.lto_.ext_symtab.a96f600bbc78cf06,"e",%progbits
 218 0000 01       		.ascii	"\001"
 219              		.text
 220              		.section	.gnu.lto_.opts,"e",%progbits
 221 0000 272D666E 		.ascii	"'-fno-openmp' '-fno-openacc' '-fno-pie' '-fcf-prote"
 221      6F2D6F70 
 221      656E6D70 
 221      2720272D 
 221      666E6F2D 
 222 0033 6374696F 		.ascii	"ction=none' '-g' '-mcpu=cortex-m4' '-mthumb' '-mflo"
 222      6E3D6E6F 
 222      6E652720 
 222      272D6727 
 222      20272D6D 
 223 0066 61742D61 		.ascii	"at-abi=hard' '-mfpu=fpv4-sp-d16' '-mlibarch=armv7e-"
 223      62693D68 
 223      61726427 
 223      20272D6D 
 223      6670753D 
 224 0099 6D2B6670 		.ascii	"m+fp' '-march=armv7e-m+fp' '-Og' '-fomit-frame-poin"
 224      2720272D 
 224      6D617263 
 224      683D6172 
 224      6D763765 
 225 00cc 74657227 		.ascii	"ter' '-falign-functions=16' '-ffunction-sections' '"
 225      20272D66 
 225      616C6967 
 225      6E2D6675 
 225      6E637469 
 226 00ff 2D666461 		.ascii	"-fdata-sections' '-fno-common' '-flto' '-Xassembler"
 226      74612D73 
 226      65637469 
 226      6F6E7327 
 226      20272D66 
 227 0132 2720272D 		.ascii	"' '-alms=./build/lst/hal_stm32_dma2d.lst'\000"
 227      616C6D73 
 227      3D2E2F62 
 227      75696C64 
 227      2F6C7374 
 228              		.text
 229              		.comm	__gnu_lto_slim,1,1
 230              		.ident	"GCC: (GNU Arm Embedded Toolchain 10.3-2021.10) 10.3.1 20210824 (release)"
ARM GAS  /tmp/ccH3SeLO.s 			page 7


DEFINED SYMBOLS
                            *ABS*:0000000000000000 hal_stm32_dma2d.c
     /tmp/ccH3SeLO.s:20     .gnu.debuglto_.debug_info:0000000000000000 hal_stm32_dma2d.c.ec577202
                            *COM*:0000000000000001 __gnu_lto_slim

NO UNDEFINED SYMBOLS
