ARM GAS  /tmp/ccJVBTCm.s 			page 1


   1              		.cpu cortex-m4
   2              		.arch armv7e-m
   3              		.fpu fpv4-sp-d16
   4              		.eabi_attribute 27, 1
   5              		.eabi_attribute 28, 1
   6              		.eabi_attribute 20, 1
   7              		.eabi_attribute 21, 1
   8              		.eabi_attribute 23, 3
   9              		.eabi_attribute 24, 1
  10              		.eabi_attribute 25, 1
  11              		.eabi_attribute 26, 1
  12              		.eabi_attribute 30, 1
  13              		.eabi_attribute 34, 1
  14              		.eabi_attribute 18, 4
  15              		.file	"hal_pal.c"
  16              		.file 1 "/home/cheff/dev_tools/gcc-arm-none-eabi-10.3-2021.10/arm-none-eabi/include/machine/_defau
  17              		.file 2 "/home/cheff/dev_tools/gcc-arm-none-eabi-10.3-2021.10/arm-none-eabi/include/sys/_stdint.h"
  18              		.file 3 "/home/cheff/dev_tools/gcc-arm-none-eabi-10.3-2021.10/arm-none-eabi/include/stdint.h"
  19              		.file 4 "../../../ChibiOS//os/hal/ports/STM32/LLD/GPIOv2/stm32_gpio.h"
  20              		.file 5 "../../../ChibiOS//os/hal/ports/STM32/LLD/GPIOv2/hal_pal_lld.h"
  21              		.file 6 "../../../ChibiOS//os/hal/include/hal_pal.h"
  22              		.file 7 "../../../ChibiOS//os/hal/src/hal_pal.c"
  23              		.section	.gnu.debuglto_.debug_info,"e",%progbits
  24              	.Ldebug_info0:
  25              		.hidden	hal_pal.c.55c9cd14
  26              		.weak	hal_pal.c.55c9cd14
  27              	hal_pal.c.55c9cd14:
  28 0000 D9020000 		.4byte	0x2d9
  29 0004 0400     		.2byte	0x4
  30 0006 00000000 		.4byte	.Ldebug_abbrev0
  31 000a 04       		.byte	0x4
  32 000b 01       		.uleb128 0x1
  33 000c 55000000 		.4byte	.LASF39
  34 0010 0C       		.byte	0xc
  35 0011 E0010000 		.4byte	.LASF40
  36 0015 A7010000 		.4byte	.LASF41
  37 0019 00000000 		.4byte	.Ldebug_line0
  38 001d 02       		.uleb128 0x2
  39 001e 04       		.byte	0x4
  40 001f 05       		.byte	0x5
  41 0020 696E7400 		.ascii	"int\000"
  42 0024 03       		.uleb128 0x3
  43 0025 04       		.byte	0x4
  44 0026 07       		.byte	0x7
  45 0027 07020000 		.4byte	.LASF0
  46 002b 03       		.uleb128 0x3
  47 002c 08       		.byte	0x8
  48 002d 05       		.byte	0x5
  49 002e 37020000 		.4byte	.LASF1
  50 0032 03       		.uleb128 0x3
  51 0033 08       		.byte	0x8
  52 0034 04       		.byte	0x4
  53 0035 7C020000 		.4byte	.LASF2
  54 0039 03       		.uleb128 0x3
  55 003a 01       		.byte	0x1
  56 003b 06       		.byte	0x6
  57 003c 88020000 		.4byte	.LASF3
ARM GAS  /tmp/ccJVBTCm.s 			page 2


  58 0040 03       		.uleb128 0x3
  59 0041 01       		.byte	0x1
  60 0042 08       		.byte	0x8
  61 0043 5F010000 		.4byte	.LASF4
  62 0047 03       		.uleb128 0x3
  63 0048 02       		.byte	0x2
  64 0049 05       		.byte	0x5
  65 004a 3D000000 		.4byte	.LASF5
  66 004e 04       		.uleb128 0x4
  67 004f 9C010000 		.4byte	.LASF8
  68 0053 01       		.byte	0x1
  69 0054 39       		.byte	0x39
  70 0055 19       		.byte	0x19
  71 0056 5A000000 		.4byte	0x5a
  72 005a 03       		.uleb128 0x3
  73 005b 02       		.byte	0x2
  74 005c 07       		.byte	0x7
  75 005d 84010000 		.4byte	.LASF6
  76 0061 03       		.uleb128 0x3
  77 0062 04       		.byte	0x4
  78 0063 05       		.byte	0x5
  79 0064 73020000 		.4byte	.LASF7
  80 0068 04       		.uleb128 0x4
  81 0069 D5010000 		.4byte	.LASF9
  82 006d 01       		.byte	0x1
  83 006e 4F       		.byte	0x4f
  84 006f 19       		.byte	0x19
  85 0070 74000000 		.4byte	0x74
  86 0074 03       		.uleb128 0x3
  87 0075 04       		.byte	0x4
  88 0076 07       		.byte	0x7
  89 0077 72010000 		.4byte	.LASF10
  90 007b 03       		.uleb128 0x3
  91 007c 08       		.byte	0x8
  92 007d 07       		.byte	0x7
  93 007e 9A020000 		.4byte	.LASF11
  94 0082 04       		.uleb128 0x4
  95 0083 61020000 		.4byte	.LASF12
  96 0087 02       		.byte	0x2
  97 0088 24       		.byte	0x24
  98 0089 14       		.byte	0x14
  99 008a 4E000000 		.4byte	0x4e
 100 008e 04       		.uleb128 0x4
 101 008f 6A020000 		.4byte	.LASF13
 102 0093 02       		.byte	0x2
 103 0094 30       		.byte	0x30
 104 0095 14       		.byte	0x14
 105 0096 68000000 		.4byte	0x68
 106 009a 05       		.uleb128 0x5
 107 009b 8E000000 		.4byte	0x8e
 108 009f 04       		.uleb128 0x4
 109 00a0 1F000000 		.4byte	.LASF14
 110 00a4 03       		.byte	0x3
 111 00a5 34       		.byte	0x34
 112 00a6 1F       		.byte	0x1f
 113 00a7 24000000 		.4byte	0x24
 114 00ab 03       		.uleb128 0x3
ARM GAS  /tmp/ccJVBTCm.s 			page 3


 115 00ac 01       		.byte	0x1
 116 00ad 08       		.byte	0x8
 117 00ae 14020000 		.4byte	.LASF15
 118 00b2 06       		.uleb128 0x6
 119 00b3 AB000000 		.4byte	0xab
 120 00b7 03       		.uleb128 0x3
 121 00b8 01       		.byte	0x1
 122 00b9 02       		.byte	0x2
 123 00ba 94020000 		.4byte	.LASF16
 124 00be 07       		.uleb128 0x7
 125 00bf 04       		.byte	0x4
 126 00c0 04       		.byte	0x4
 127 00c1 5B       		.byte	0x5b
 128 00c2 05       		.byte	0x5
 129 00c3 E2000000 		.4byte	0xe2
 130 00c7 08       		.uleb128 0x8
 131 00c8 73657400 		.ascii	"set\000"
 132 00cc 04       		.byte	0x4
 133 00cd 5C       		.byte	0x5c
 134 00ce 19       		.byte	0x19
 135 00cf 82000000 		.4byte	0x82
 136 00d3 00       		.byte	0
 137 00d4 09       		.uleb128 0x9
 138 00d5 08000000 		.4byte	.LASF17
 139 00d9 04       		.byte	0x4
 140 00da 5D       		.byte	0x5d
 141 00db 19       		.byte	0x19
 142 00dc 82000000 		.4byte	0x82
 143 00e0 02       		.byte	0x2
 144 00e1 00       		.byte	0
 145 00e2 0A       		.uleb128 0xa
 146 00e3 04       		.byte	0x4
 147 00e4 04       		.byte	0x4
 148 00e5 59       		.byte	0x59
 149 00e6 0C       		.byte	0xc
 150 00e7 00010000 		.4byte	0x100
 151 00eb 0B       		.uleb128 0xb
 152 00ec 5700     		.ascii	"W\000"
 153 00ee 04       		.byte	0x4
 154 00ef 5A       		.byte	0x5a
 155 00f0 19       		.byte	0x19
 156 00f1 8E000000 		.4byte	0x8e
 157 00f5 0B       		.uleb128 0xb
 158 00f6 4800     		.ascii	"H\000"
 159 00f8 04       		.byte	0x4
 160 00f9 5E       		.byte	0x5e
 161 00fa 07       		.byte	0x7
 162 00fb BE000000 		.4byte	0xbe
 163 00ff 00       		.byte	0
 164 0100 05       		.uleb128 0x5
 165 0101 E2000000 		.4byte	0xe2
 166 0105 07       		.uleb128 0x7
 167 0106 28       		.byte	0x28
 168 0107 04       		.byte	0x4
 169 0108 51       		.byte	0x51
 170 0109 09       		.byte	0x9
 171 010a 91010000 		.4byte	0x191
ARM GAS  /tmp/ccJVBTCm.s 			page 4


 172 010e 09       		.uleb128 0x9
 173 010f 0E000000 		.4byte	.LASF18
 174 0113 04       		.byte	0x4
 175 0114 53       		.byte	0x53
 176 0115 19       		.byte	0x19
 177 0116 9A000000 		.4byte	0x9a
 178 011a 00       		.byte	0
 179 011b 09       		.uleb128 0x9
 180 011c 4F010000 		.4byte	.LASF19
 181 0120 04       		.byte	0x4
 182 0121 54       		.byte	0x54
 183 0122 19       		.byte	0x19
 184 0123 9A000000 		.4byte	0x9a
 185 0127 04       		.byte	0x4
 186 0128 09       		.uleb128 0x9
 187 0129 00000000 		.4byte	.LASF20
 188 012d 04       		.byte	0x4
 189 012e 55       		.byte	0x55
 190 012f 19       		.byte	0x19
 191 0130 9A000000 		.4byte	0x9a
 192 0134 08       		.byte	0x8
 193 0135 09       		.uleb128 0x9
 194 0136 31020000 		.4byte	.LASF21
 195 013a 04       		.byte	0x4
 196 013b 56       		.byte	0x56
 197 013c 19       		.byte	0x19
 198 013d 9A000000 		.4byte	0x9a
 199 0141 0C       		.byte	0xc
 200 0142 08       		.uleb128 0x8
 201 0143 49445200 		.ascii	"IDR\000"
 202 0147 04       		.byte	0x4
 203 0148 57       		.byte	0x57
 204 0149 19       		.byte	0x19
 205 014a 9A000000 		.4byte	0x9a
 206 014e 10       		.byte	0x10
 207 014f 08       		.uleb128 0x8
 208 0150 4F445200 		.ascii	"ODR\000"
 209 0154 04       		.byte	0x4
 210 0155 58       		.byte	0x58
 211 0156 19       		.byte	0x19
 212 0157 9A000000 		.4byte	0x9a
 213 015b 14       		.byte	0x14
 214 015c 09       		.uleb128 0x9
 215 015d 2C000000 		.4byte	.LASF22
 216 0161 04       		.byte	0x4
 217 0162 5F       		.byte	0x5f
 218 0163 05       		.byte	0x5
 219 0164 00010000 		.4byte	0x100
 220 0168 18       		.byte	0x18
 221 0169 09       		.uleb128 0x9
 222 016a 1E020000 		.4byte	.LASF23
 223 016e 04       		.byte	0x4
 224 016f 60       		.byte	0x60
 225 0170 19       		.byte	0x19
 226 0171 9A000000 		.4byte	0x9a
 227 0175 1C       		.byte	0x1c
 228 0176 09       		.uleb128 0x9
ARM GAS  /tmp/ccJVBTCm.s 			page 5


 229 0177 97010000 		.4byte	.LASF24
 230 017b 04       		.byte	0x4
 231 017c 61       		.byte	0x61
 232 017d 19       		.byte	0x19
 233 017e 9A000000 		.4byte	0x9a
 234 0182 20       		.byte	0x20
 235 0183 09       		.uleb128 0x9
 236 0184 6D010000 		.4byte	.LASF25
 237 0188 04       		.byte	0x4
 238 0189 62       		.byte	0x62
 239 018a 19       		.byte	0x19
 240 018b 9A000000 		.4byte	0x9a
 241 018f 24       		.byte	0x24
 242 0190 00       		.byte	0
 243 0191 04       		.uleb128 0x4
 244 0192 24020000 		.4byte	.LASF26
 245 0196 04       		.byte	0x4
 246 0197 63       		.byte	0x63
 247 0198 03       		.byte	0x3
 248 0199 05010000 		.4byte	0x105
 249 019d 04       		.uleb128 0x4
 250 019e 39010000 		.4byte	.LASF27
 251 01a2 05       		.byte	0x5
 252 01a3 C2       		.byte	0xc2
 253 01a4 12       		.byte	0x12
 254 01a5 8E000000 		.4byte	0x8e
 255 01a9 04       		.uleb128 0x4
 256 01aa 56010000 		.4byte	.LASF28
 257 01ae 05       		.byte	0x5
 258 01af C7       		.byte	0xc7
 259 01b0 12       		.byte	0x12
 260 01b1 8E000000 		.4byte	0x8e
 261 01b5 04       		.uleb128 0x4
 262 01b6 56020000 		.4byte	.LASF29
 263 01ba 05       		.byte	0x5
 264 01bb D9       		.byte	0xd9
 265 01bc 18       		.byte	0x18
 266 01bd C1010000 		.4byte	0x1c1
 267 01c1 0C       		.uleb128 0xc
 268 01c2 04       		.byte	0x4
 269 01c3 91010000 		.4byte	0x191
 270 01c7 07       		.uleb128 0x7
 271 01c8 0C       		.byte	0xc
 272 01c9 06       		.byte	0x6
 273 01ca B7       		.byte	0xb7
 274 01cb 09       		.byte	0x9
 275 01cc F8010000 		.4byte	0x1f8
 276 01d0 09       		.uleb128 0x9
 277 01d1 32010000 		.4byte	.LASF30
 278 01d5 06       		.byte	0x6
 279 01d6 BB       		.byte	0xbb
 280 01d7 19       		.byte	0x19
 281 01d8 B5010000 		.4byte	0x1b5
 282 01dc 00       		.byte	0
 283 01dd 09       		.uleb128 0x9
 284 01de 45020000 		.4byte	.LASF31
 285 01e2 06       		.byte	0x6
ARM GAS  /tmp/ccJVBTCm.s 			page 6


 286 01e3 C1       		.byte	0xc1
 287 01e4 19       		.byte	0x19
 288 01e5 9D010000 		.4byte	0x19d
 289 01e9 04       		.byte	0x4
 290 01ea 09       		.uleb128 0x9
 291 01eb 4F020000 		.4byte	.LASF32
 292 01ef 06       		.byte	0x6
 293 01f0 C5       		.byte	0xc5
 294 01f1 19       		.byte	0x19
 295 01f2 9F000000 		.4byte	0x9f
 296 01f6 08       		.byte	0x8
 297 01f7 00       		.byte	0
 298 01f8 04       		.uleb128 0x4
 299 01f9 B1020000 		.4byte	.LASF33
 300 01fd 06       		.byte	0x6
 301 01fe C6       		.byte	0xc6
 302 01ff 03       		.byte	0x3
 303 0200 C7010000 		.4byte	0x1c7
 304 0204 06       		.uleb128 0x6
 305 0205 F8010000 		.4byte	0x1f8
 306 0209 0D       		.uleb128 0xd
 307 020a 47000000 		.4byte	.LASF35
 308 020e 07       		.byte	0x7
 309 020f 71       		.byte	0x71
 310 0210 06       		.byte	0x6
 311 0211 37020000 		.4byte	0x237
 312 0215 0E       		.uleb128 0xe
 313 0216 62757300 		.ascii	"bus\000"
 314 021a 07       		.byte	0x7
 315 021b 71       		.byte	0x71
 316 021c 21       		.byte	0x21
 317 021d 37020000 		.4byte	0x237
 318 0221 0F       		.uleb128 0xf
 319 0222 19020000 		.4byte	.LASF34
 320 0226 07       		.byte	0x7
 321 0227 71       		.byte	0x71
 322 0228 2F       		.byte	0x2f
 323 0229 A9010000 		.4byte	0x1a9
 324 022d 10       		.uleb128 0x10
 325 022e 46010000 		.4byte	.LASF38
 326 0232 4D020000 		.4byte	0x24d
 327 0236 00       		.byte	0
 328 0237 0C       		.uleb128 0xc
 329 0238 04       		.byte	0x4
 330 0239 04020000 		.4byte	0x204
 331 023d 11       		.uleb128 0x11
 332 023e B2000000 		.4byte	0xb2
 333 0242 4D020000 		.4byte	0x24d
 334 0246 12       		.uleb128 0x12
 335 0247 24000000 		.4byte	0x24
 336 024b 0D       		.byte	0xd
 337 024c 00       		.byte	0
 338 024d 06       		.uleb128 0x6
 339 024e 3D020000 		.4byte	0x23d
 340 0252 0D       		.uleb128 0xd
 341 0253 31000000 		.4byte	.LASF36
 342 0257 07       		.byte	0x7
ARM GAS  /tmp/ccJVBTCm.s 			page 7


 343 0258 5A       		.byte	0x5a
 344 0259 06       		.byte	0x6
 345 025a 8C020000 		.4byte	0x28c
 346 025e 0E       		.uleb128 0xe
 347 025f 62757300 		.ascii	"bus\000"
 348 0263 07       		.byte	0x7
 349 0264 5A       		.byte	0x5a
 350 0265 1F       		.byte	0x1f
 351 0266 37020000 		.4byte	0x237
 352 026a 0F       		.uleb128 0xf
 353 026b 4A020000 		.4byte	.LASF37
 354 026f 07       		.byte	0x7
 355 0270 5A       		.byte	0x5a
 356 0271 31       		.byte	0x31
 357 0272 9D010000 		.4byte	0x19d
 358 0276 10       		.uleb128 0x10
 359 0277 46010000 		.4byte	.LASF38
 360 027b 9C020000 		.4byte	0x29c
 361 027f 13       		.uleb128 0x13
 362 0280 14       		.uleb128 0x14
 363 0281 7700     		.ascii	"w\000"
 364 0283 07       		.byte	0x7
 365 0284 5E       		.byte	0x5e
 366 0285 03       		.byte	0x3
 367 0286 8E000000 		.4byte	0x8e
 368 028a 00       		.byte	0
 369 028b 00       		.byte	0
 370 028c 11       		.uleb128 0x11
 371 028d B2000000 		.4byte	0xb2
 372 0291 9C020000 		.4byte	0x29c
 373 0295 12       		.uleb128 0x12
 374 0296 24000000 		.4byte	0x24
 375 029a 0B       		.byte	0xb
 376 029b 00       		.byte	0
 377 029c 06       		.uleb128 0x6
 378 029d 8C020000 		.4byte	0x28c
 379 02a1 15       		.uleb128 0x15
 380 02a2 14000000 		.4byte	.LASF42
 381 02a6 07       		.byte	0x7
 382 02a7 41       		.byte	0x41
 383 02a8 0E       		.byte	0xe
 384 02a9 9D010000 		.4byte	0x19d
 385 02ad C7020000 		.4byte	0x2c7
 386 02b1 0E       		.uleb128 0xe
 387 02b2 62757300 		.ascii	"bus\000"
 388 02b6 07       		.byte	0x7
 389 02b7 41       		.byte	0x41
 390 02b8 26       		.byte	0x26
 391 02b9 37020000 		.4byte	0x237
 392 02bd 10       		.uleb128 0x10
 393 02be 46010000 		.4byte	.LASF38
 394 02c2 D7020000 		.4byte	0x2d7
 395 02c6 00       		.byte	0
 396 02c7 11       		.uleb128 0x11
 397 02c8 B2000000 		.4byte	0xb2
 398 02cc D7020000 		.4byte	0x2d7
 399 02d0 12       		.uleb128 0x12
ARM GAS  /tmp/ccJVBTCm.s 			page 8


 400 02d1 24000000 		.4byte	0x24
 401 02d5 0A       		.byte	0xa
 402 02d6 00       		.byte	0
 403 02d7 06       		.uleb128 0x6
 404 02d8 C7020000 		.4byte	0x2c7
 405 02dc 00       		.byte	0
 406              		.section	.gnu.debuglto_.debug_abbrev,"e",%progbits
 407              	.Ldebug_abbrev0:
 408 0000 01       		.uleb128 0x1
 409 0001 11       		.uleb128 0x11
 410 0002 01       		.byte	0x1
 411 0003 25       		.uleb128 0x25
 412 0004 0E       		.uleb128 0xe
 413 0005 13       		.uleb128 0x13
 414 0006 0B       		.uleb128 0xb
 415 0007 03       		.uleb128 0x3
 416 0008 0E       		.uleb128 0xe
 417 0009 1B       		.uleb128 0x1b
 418 000a 0E       		.uleb128 0xe
 419 000b 10       		.uleb128 0x10
 420 000c 17       		.uleb128 0x17
 421 000d 00       		.byte	0
 422 000e 00       		.byte	0
 423 000f 02       		.uleb128 0x2
 424 0010 24       		.uleb128 0x24
 425 0011 00       		.byte	0
 426 0012 0B       		.uleb128 0xb
 427 0013 0B       		.uleb128 0xb
 428 0014 3E       		.uleb128 0x3e
 429 0015 0B       		.uleb128 0xb
 430 0016 03       		.uleb128 0x3
 431 0017 08       		.uleb128 0x8
 432 0018 00       		.byte	0
 433 0019 00       		.byte	0
 434 001a 03       		.uleb128 0x3
 435 001b 24       		.uleb128 0x24
 436 001c 00       		.byte	0
 437 001d 0B       		.uleb128 0xb
 438 001e 0B       		.uleb128 0xb
 439 001f 3E       		.uleb128 0x3e
 440 0020 0B       		.uleb128 0xb
 441 0021 03       		.uleb128 0x3
 442 0022 0E       		.uleb128 0xe
 443 0023 00       		.byte	0
 444 0024 00       		.byte	0
 445 0025 04       		.uleb128 0x4
 446 0026 16       		.uleb128 0x16
 447 0027 00       		.byte	0
 448 0028 03       		.uleb128 0x3
 449 0029 0E       		.uleb128 0xe
 450 002a 3A       		.uleb128 0x3a
 451 002b 0B       		.uleb128 0xb
 452 002c 3B       		.uleb128 0x3b
 453 002d 0B       		.uleb128 0xb
 454 002e 39       		.uleb128 0x39
 455 002f 0B       		.uleb128 0xb
 456 0030 49       		.uleb128 0x49
ARM GAS  /tmp/ccJVBTCm.s 			page 9


 457 0031 13       		.uleb128 0x13
 458 0032 00       		.byte	0
 459 0033 00       		.byte	0
 460 0034 05       		.uleb128 0x5
 461 0035 35       		.uleb128 0x35
 462 0036 00       		.byte	0
 463 0037 49       		.uleb128 0x49
 464 0038 13       		.uleb128 0x13
 465 0039 00       		.byte	0
 466 003a 00       		.byte	0
 467 003b 06       		.uleb128 0x6
 468 003c 26       		.uleb128 0x26
 469 003d 00       		.byte	0
 470 003e 49       		.uleb128 0x49
 471 003f 13       		.uleb128 0x13
 472 0040 00       		.byte	0
 473 0041 00       		.byte	0
 474 0042 07       		.uleb128 0x7
 475 0043 13       		.uleb128 0x13
 476 0044 01       		.byte	0x1
 477 0045 0B       		.uleb128 0xb
 478 0046 0B       		.uleb128 0xb
 479 0047 3A       		.uleb128 0x3a
 480 0048 0B       		.uleb128 0xb
 481 0049 3B       		.uleb128 0x3b
 482 004a 0B       		.uleb128 0xb
 483 004b 39       		.uleb128 0x39
 484 004c 0B       		.uleb128 0xb
 485 004d 01       		.uleb128 0x1
 486 004e 13       		.uleb128 0x13
 487 004f 00       		.byte	0
 488 0050 00       		.byte	0
 489 0051 08       		.uleb128 0x8
 490 0052 0D       		.uleb128 0xd
 491 0053 00       		.byte	0
 492 0054 03       		.uleb128 0x3
 493 0055 08       		.uleb128 0x8
 494 0056 3A       		.uleb128 0x3a
 495 0057 0B       		.uleb128 0xb
 496 0058 3B       		.uleb128 0x3b
 497 0059 0B       		.uleb128 0xb
 498 005a 39       		.uleb128 0x39
 499 005b 0B       		.uleb128 0xb
 500 005c 49       		.uleb128 0x49
 501 005d 13       		.uleb128 0x13
 502 005e 38       		.uleb128 0x38
 503 005f 0B       		.uleb128 0xb
 504 0060 00       		.byte	0
 505 0061 00       		.byte	0
 506 0062 09       		.uleb128 0x9
 507 0063 0D       		.uleb128 0xd
 508 0064 00       		.byte	0
 509 0065 03       		.uleb128 0x3
 510 0066 0E       		.uleb128 0xe
 511 0067 3A       		.uleb128 0x3a
 512 0068 0B       		.uleb128 0xb
 513 0069 3B       		.uleb128 0x3b
ARM GAS  /tmp/ccJVBTCm.s 			page 10


 514 006a 0B       		.uleb128 0xb
 515 006b 39       		.uleb128 0x39
 516 006c 0B       		.uleb128 0xb
 517 006d 49       		.uleb128 0x49
 518 006e 13       		.uleb128 0x13
 519 006f 38       		.uleb128 0x38
 520 0070 0B       		.uleb128 0xb
 521 0071 00       		.byte	0
 522 0072 00       		.byte	0
 523 0073 0A       		.uleb128 0xa
 524 0074 17       		.uleb128 0x17
 525 0075 01       		.byte	0x1
 526 0076 0B       		.uleb128 0xb
 527 0077 0B       		.uleb128 0xb
 528 0078 3A       		.uleb128 0x3a
 529 0079 0B       		.uleb128 0xb
 530 007a 3B       		.uleb128 0x3b
 531 007b 0B       		.uleb128 0xb
 532 007c 39       		.uleb128 0x39
 533 007d 0B       		.uleb128 0xb
 534 007e 01       		.uleb128 0x1
 535 007f 13       		.uleb128 0x13
 536 0080 00       		.byte	0
 537 0081 00       		.byte	0
 538 0082 0B       		.uleb128 0xb
 539 0083 0D       		.uleb128 0xd
 540 0084 00       		.byte	0
 541 0085 03       		.uleb128 0x3
 542 0086 08       		.uleb128 0x8
 543 0087 3A       		.uleb128 0x3a
 544 0088 0B       		.uleb128 0xb
 545 0089 3B       		.uleb128 0x3b
 546 008a 0B       		.uleb128 0xb
 547 008b 39       		.uleb128 0x39
 548 008c 0B       		.uleb128 0xb
 549 008d 49       		.uleb128 0x49
 550 008e 13       		.uleb128 0x13
 551 008f 00       		.byte	0
 552 0090 00       		.byte	0
 553 0091 0C       		.uleb128 0xc
 554 0092 0F       		.uleb128 0xf
 555 0093 00       		.byte	0
 556 0094 0B       		.uleb128 0xb
 557 0095 0B       		.uleb128 0xb
 558 0096 49       		.uleb128 0x49
 559 0097 13       		.uleb128 0x13
 560 0098 00       		.byte	0
 561 0099 00       		.byte	0
 562 009a 0D       		.uleb128 0xd
 563 009b 2E       		.uleb128 0x2e
 564 009c 01       		.byte	0x1
 565 009d 3F       		.uleb128 0x3f
 566 009e 19       		.uleb128 0x19
 567 009f 03       		.uleb128 0x3
 568 00a0 0E       		.uleb128 0xe
 569 00a1 3A       		.uleb128 0x3a
 570 00a2 0B       		.uleb128 0xb
ARM GAS  /tmp/ccJVBTCm.s 			page 11


 571 00a3 3B       		.uleb128 0x3b
 572 00a4 0B       		.uleb128 0xb
 573 00a5 39       		.uleb128 0x39
 574 00a6 0B       		.uleb128 0xb
 575 00a7 27       		.uleb128 0x27
 576 00a8 19       		.uleb128 0x19
 577 00a9 01       		.uleb128 0x1
 578 00aa 13       		.uleb128 0x13
 579 00ab 00       		.byte	0
 580 00ac 00       		.byte	0
 581 00ad 0E       		.uleb128 0xe
 582 00ae 05       		.uleb128 0x5
 583 00af 00       		.byte	0
 584 00b0 03       		.uleb128 0x3
 585 00b1 08       		.uleb128 0x8
 586 00b2 3A       		.uleb128 0x3a
 587 00b3 0B       		.uleb128 0xb
 588 00b4 3B       		.uleb128 0x3b
 589 00b5 0B       		.uleb128 0xb
 590 00b6 39       		.uleb128 0x39
 591 00b7 0B       		.uleb128 0xb
 592 00b8 49       		.uleb128 0x49
 593 00b9 13       		.uleb128 0x13
 594 00ba 00       		.byte	0
 595 00bb 00       		.byte	0
 596 00bc 0F       		.uleb128 0xf
 597 00bd 05       		.uleb128 0x5
 598 00be 00       		.byte	0
 599 00bf 03       		.uleb128 0x3
 600 00c0 0E       		.uleb128 0xe
 601 00c1 3A       		.uleb128 0x3a
 602 00c2 0B       		.uleb128 0xb
 603 00c3 3B       		.uleb128 0x3b
 604 00c4 0B       		.uleb128 0xb
 605 00c5 39       		.uleb128 0x39
 606 00c6 0B       		.uleb128 0xb
 607 00c7 49       		.uleb128 0x49
 608 00c8 13       		.uleb128 0x13
 609 00c9 00       		.byte	0
 610 00ca 00       		.byte	0
 611 00cb 10       		.uleb128 0x10
 612 00cc 34       		.uleb128 0x34
 613 00cd 00       		.byte	0
 614 00ce 03       		.uleb128 0x3
 615 00cf 0E       		.uleb128 0xe
 616 00d0 49       		.uleb128 0x49
 617 00d1 13       		.uleb128 0x13
 618 00d2 34       		.uleb128 0x34
 619 00d3 19       		.uleb128 0x19
 620 00d4 00       		.byte	0
 621 00d5 00       		.byte	0
 622 00d6 11       		.uleb128 0x11
 623 00d7 01       		.uleb128 0x1
 624 00d8 01       		.byte	0x1
 625 00d9 49       		.uleb128 0x49
 626 00da 13       		.uleb128 0x13
 627 00db 01       		.uleb128 0x1
ARM GAS  /tmp/ccJVBTCm.s 			page 12


 628 00dc 13       		.uleb128 0x13
 629 00dd 00       		.byte	0
 630 00de 00       		.byte	0
 631 00df 12       		.uleb128 0x12
 632 00e0 21       		.uleb128 0x21
 633 00e1 00       		.byte	0
 634 00e2 49       		.uleb128 0x49
 635 00e3 13       		.uleb128 0x13
 636 00e4 2F       		.uleb128 0x2f
 637 00e5 0B       		.uleb128 0xb
 638 00e6 00       		.byte	0
 639 00e7 00       		.byte	0
 640 00e8 13       		.uleb128 0x13
 641 00e9 0B       		.uleb128 0xb
 642 00ea 01       		.byte	0x1
 643 00eb 00       		.byte	0
 644 00ec 00       		.byte	0
 645 00ed 14       		.uleb128 0x14
 646 00ee 34       		.uleb128 0x34
 647 00ef 00       		.byte	0
 648 00f0 03       		.uleb128 0x3
 649 00f1 08       		.uleb128 0x8
 650 00f2 3A       		.uleb128 0x3a
 651 00f3 0B       		.uleb128 0xb
 652 00f4 3B       		.uleb128 0x3b
 653 00f5 0B       		.uleb128 0xb
 654 00f6 39       		.uleb128 0x39
 655 00f7 0B       		.uleb128 0xb
 656 00f8 49       		.uleb128 0x49
 657 00f9 13       		.uleb128 0x13
 658 00fa 00       		.byte	0
 659 00fb 00       		.byte	0
 660 00fc 15       		.uleb128 0x15
 661 00fd 2E       		.uleb128 0x2e
 662 00fe 01       		.byte	0x1
 663 00ff 3F       		.uleb128 0x3f
 664 0100 19       		.uleb128 0x19
 665 0101 03       		.uleb128 0x3
 666 0102 0E       		.uleb128 0xe
 667 0103 3A       		.uleb128 0x3a
 668 0104 0B       		.uleb128 0xb
 669 0105 3B       		.uleb128 0x3b
 670 0106 0B       		.uleb128 0xb
 671 0107 39       		.uleb128 0x39
 672 0108 0B       		.uleb128 0xb
 673 0109 27       		.uleb128 0x27
 674 010a 19       		.uleb128 0x19
 675 010b 49       		.uleb128 0x49
 676 010c 13       		.uleb128 0x13
 677 010d 01       		.uleb128 0x1
 678 010e 13       		.uleb128 0x13
 679 010f 00       		.byte	0
 680 0110 00       		.byte	0
 681 0111 00       		.byte	0
 682              		.section	.gnu.debuglto_.debug_line,"e",%progbits
 683              	.Ldebug_line0:
 684 0000 DD010000 		.4byte	.LELT0-.LSLT0
ARM GAS  /tmp/ccJVBTCm.s 			page 13


 685              	.LSLT0:
 686 0004 0400     		.2byte	0x4
 687 0006 D7010000 		.4byte	.LELTP0-.LASLTP0
 688              	.LASLTP0:
 689 000a 01       		.byte	0x1
 690 000b 01       		.byte	0x1
 691 000c 01       		.byte	0x1
 692 000d F6       		.byte	0xf6
 693 000e F2       		.byte	0xf2
 694 000f 0D       		.byte	0xd
 695 0010 00       		.byte	0
 696 0011 01       		.byte	0x1
 697 0012 01       		.byte	0x1
 698 0013 01       		.byte	0x1
 699 0014 01       		.byte	0x1
 700 0015 00       		.byte	0
 701 0016 00       		.byte	0
 702 0017 00       		.byte	0
 703 0018 01       		.byte	0x1
 704 0019 00       		.byte	0
 705 001a 00       		.byte	0
 706 001b 01       		.byte	0x1
 707 001c 2E2E2F2E 		.ascii	"../../../ChibiOS//os/hal/include"
 707      2E2F2E2E 
 707      2F436869 
 707      62694F53 
 707      2F2F6F73 
 708 003c 00       		.byte	0
 709 003d 2E2E2F2E 		.ascii	"../../../ChibiOS//os/hal/ports/STM32/LLD/GPIOv2"
 709      2E2F2E2E 
 709      2F436869 
 709      62694F53 
 709      2F2F6F73 
 710 006c 00       		.byte	0
 711 006d 2E2E2F2E 		.ascii	"../../../ChibiOS//os/hal/src"
 711      2E2F2E2E 
 711      2F436869 
 711      62694F53 
 711      2F2F6F73 
 712 0089 00       		.byte	0
 713 008a 2F686F6D 		.ascii	"/home/cheff/dev_tools/gcc-arm-none-eabi-10.3-2021.1"
 713      652F6368 
 713      6566662F 
 713      6465765F 
 713      746F6F6C 
 714 00bd 302F6172 		.ascii	"0/arm-none-eabi/include/machine"
 714      6D2D6E6F 
 714      6E652D65 
 714      6162692F 
 714      696E636C 
 715 00dc 00       		.byte	0
 716 00dd 2F686F6D 		.ascii	"/home/cheff/dev_tools/gcc-arm-none-eabi-10.3-2021.1"
 716      652F6368 
 716      6566662F 
 716      6465765F 
 716      746F6F6C 
 717 0110 302F6172 		.ascii	"0/arm-none-eabi/include/sys"
ARM GAS  /tmp/ccJVBTCm.s 			page 14


 717      6D2D6E6F 
 717      6E652D65 
 717      6162692F 
 717      696E636C 
 718 012b 00       		.byte	0
 719 012c 2F686F6D 		.ascii	"/home/cheff/dev_tools/gcc-arm-none-eabi-10.3-2021.1"
 719      652F6368 
 719      6566662F 
 719      6465765F 
 719      746F6F6C 
 720 015f 302F6172 		.ascii	"0/arm-none-eabi/include"
 720      6D2D6E6F 
 720      6E652D65 
 720      6162692F 
 720      696E636C 
 721 0176 00       		.byte	0
 722 0177 00       		.byte	0
 723 0178 5F646566 		.ascii	"_default_types.h\000"
 723      61756C74 
 723      5F747970 
 723      65732E68 
 723      00
 724 0189 04       		.uleb128 0x4
 725 018a 00       		.uleb128 0
 726 018b 00       		.uleb128 0
 727 018c 5F737464 		.ascii	"_stdint.h\000"
 727      696E742E 
 727      6800
 728 0196 05       		.uleb128 0x5
 729 0197 00       		.uleb128 0
 730 0198 00       		.uleb128 0
 731 0199 73746469 		.ascii	"stdint.h\000"
 731      6E742E68 
 731      00
 732 01a2 06       		.uleb128 0x6
 733 01a3 00       		.uleb128 0
 734 01a4 00       		.uleb128 0
 735 01a5 73746D33 		.ascii	"stm32_gpio.h\000"
 735      325F6770 
 735      696F2E68 
 735      00
 736 01b2 02       		.uleb128 0x2
 737 01b3 00       		.uleb128 0
 738 01b4 00       		.uleb128 0
 739 01b5 68616C5F 		.ascii	"hal_pal_lld.h\000"
 739      70616C5F 
 739      6C6C642E 
 739      6800
 740 01c3 02       		.uleb128 0x2
 741 01c4 00       		.uleb128 0
 742 01c5 00       		.uleb128 0
 743 01c6 68616C5F 		.ascii	"hal_pal.h\000"
 743      70616C2E 
 743      6800
 744 01d0 01       		.uleb128 0x1
 745 01d1 00       		.uleb128 0
 746 01d2 00       		.uleb128 0
ARM GAS  /tmp/ccJVBTCm.s 			page 15


 747 01d3 68616C5F 		.ascii	"hal_pal.c\000"
 747      70616C2E 
 747      6300
 748 01dd 03       		.uleb128 0x3
 749 01de 00       		.uleb128 0
 750 01df 00       		.uleb128 0
 751 01e0 00       		.byte	0
 752              	.LELTP0:
 753              	.LELT0:
 754              		.section	.gnu.debuglto_.debug_str,"eMS",%progbits,1
 755              	.LASF20:
 756 0000 4F535045 		.ascii	"OSPEEDR\000"
 756      45445200 
 757              	.LASF17:
 758 0008 636C6561 		.ascii	"clear\000"
 758      7200
 759              	.LASF18:
 760 000e 4D4F4445 		.ascii	"MODER\000"
 760      5200
 761              	.LASF42:
 762 0014 70616C52 		.ascii	"palReadBus\000"
 762      65616442 
 762      757300
 763              	.LASF14:
 764 001f 75696E74 		.ascii	"uint_fast8_t\000"
 764      5F666173 
 764      74385F74 
 764      00
 765              	.LASF22:
 766 002c 42535252 		.ascii	"BSRR\000"
 766      00
 767              	.LASF36:
 768 0031 70616C57 		.ascii	"palWriteBus\000"
 768      72697465 
 768      42757300 
 769              	.LASF5:
 770 003d 73686F72 		.ascii	"short int\000"
 770      7420696E 
 770      7400
 771              	.LASF35:
 772 0047 70616C53 		.ascii	"palSetBusMode\000"
 772      65744275 
 772      734D6F64 
 772      6500
 773              	.LASF39:
 774 0055 474E5520 		.ascii	"GNU C17 10.3.1 20210824 (release) -mcpu=cortex-m4 -"
 774      43313720 
 774      31302E33 
 774      2E312032 
 774      30323130 
 775 0088 6D746875 		.ascii	"mthumb -mfloat-abi=hard -mfpu=fpv4-sp-d16 -march=ar"
 775      6D62202D 
 775      6D666C6F 
 775      61742D61 
 775      62693D68 
 776 00bb 6D763765 		.ascii	"mv7e-m+fp -g -ggdb -Og -fomit-frame-pointer -falign"
 776      2D6D2B66 
ARM GAS  /tmp/ccJVBTCm.s 			page 16


 776      70202D67 
 776      202D6767 
 776      6462202D 
 777 00ee 2D66756E 		.ascii	"-functions=16 -ffunction-sections -fdata-sections -"
 777      6374696F 
 777      6E733D31 
 777      36202D66 
 777      66756E63 
 778 0121 666E6F2D 		.ascii	"fno-common -flto\000"
 778      636F6D6D 
 778      6F6E202D 
 778      666C746F 
 778      00
 779              	.LASF30:
 780 0132 706F7274 		.ascii	"portid\000"
 780      696400
 781              	.LASF27:
 782 0139 696F706F 		.ascii	"ioportmask_t\000"
 782      72746D61 
 782      736B5F74 
 782      00
 783              	.LASF38:
 784 0146 5F5F6675 		.ascii	"__func__\000"
 784      6E635F5F 
 784      00
 785              	.LASF19:
 786 014f 4F545950 		.ascii	"OTYPER\000"
 786      455200
 787              	.LASF28:
 788 0156 696F6D6F 		.ascii	"iomode_t\000"
 788      64655F74 
 788      00
 789              	.LASF4:
 790 015f 756E7369 		.ascii	"unsigned char\000"
 790      676E6564 
 790      20636861 
 790      7200
 791              	.LASF25:
 792 016d 41465248 		.ascii	"AFRH\000"
 792      00
 793              	.LASF10:
 794 0172 6C6F6E67 		.ascii	"long unsigned int\000"
 794      20756E73 
 794      69676E65 
 794      6420696E 
 794      7400
 795              	.LASF6:
 796 0184 73686F72 		.ascii	"short unsigned int\000"
 796      7420756E 
 796      7369676E 
 796      65642069 
 796      6E7400
 797              	.LASF24:
 798 0197 4146524C 		.ascii	"AFRL\000"
 798      00
 799              	.LASF8:
 800 019c 5F5F7569 		.ascii	"__uint16_t\000"
ARM GAS  /tmp/ccJVBTCm.s 			page 17


 800      6E743136 
 800      5F7400
 801              	.LASF41:
 802 01a7 2F686F6D 		.ascii	"/home/cheff/git/asserv_nucleo3/src/Robots/PMI\000"
 802      652F6368 
 802      6566662F 
 802      6769742F 
 802      61737365 
 803              	.LASF9:
 804 01d5 5F5F7569 		.ascii	"__uint32_t\000"
 804      6E743332 
 804      5F7400
 805              	.LASF40:
 806 01e0 2E2E2F2E 		.ascii	"../../../ChibiOS//os/hal/src/hal_pal.c\000"
 806      2E2F2E2E 
 806      2F436869 
 806      62694F53 
 806      2F2F6F73 
 807              	.LASF0:
 808 0207 756E7369 		.ascii	"unsigned int\000"
 808      676E6564 
 808      20696E74 
 808      00
 809              	.LASF15:
 810 0214 63686172 		.ascii	"char\000"
 810      00
 811              	.LASF34:
 812 0219 6D6F6465 		.ascii	"mode\000"
 812      00
 813              	.LASF23:
 814 021e 4C4F434B 		.ascii	"LOCKR\000"
 814      5200
 815              	.LASF26:
 816 0224 73746D33 		.ascii	"stm32_gpio_t\000"
 816      325F6770 
 816      696F5F74 
 816      00
 817              	.LASF21:
 818 0231 50555044 		.ascii	"PUPDR\000"
 818      5200
 819              	.LASF1:
 820 0237 6C6F6E67 		.ascii	"long long int\000"
 820      206C6F6E 
 820      6720696E 
 820      7400
 821              	.LASF31:
 822 0245 6D61736B 		.ascii	"mask\000"
 822      00
 823              	.LASF37:
 824 024a 62697473 		.ascii	"bits\000"
 824      00
 825              	.LASF32:
 826 024f 6F666673 		.ascii	"offset\000"
 826      657400
 827              	.LASF29:
 828 0256 696F706F 		.ascii	"ioportid_t\000"
 828      72746964 
ARM GAS  /tmp/ccJVBTCm.s 			page 18


 828      5F7400
 829              	.LASF12:
 830 0261 75696E74 		.ascii	"uint16_t\000"
 830      31365F74 
 830      00
 831              	.LASF13:
 832 026a 75696E74 		.ascii	"uint32_t\000"
 832      33325F74 
 832      00
 833              	.LASF7:
 834 0273 6C6F6E67 		.ascii	"long int\000"
 834      20696E74 
 834      00
 835              	.LASF2:
 836 027c 6C6F6E67 		.ascii	"long double\000"
 836      20646F75 
 836      626C6500 
 837              	.LASF3:
 838 0288 7369676E 		.ascii	"signed char\000"
 838      65642063 
 838      68617200 
 839              	.LASF16:
 840 0294 5F426F6F 		.ascii	"_Bool\000"
 840      6C00
 841              	.LASF11:
 842 029a 6C6F6E67 		.ascii	"long long unsigned int\000"
 842      206C6F6E 
 842      6720756E 
 842      7369676E 
 842      65642069 
 843              	.LASF33:
 844 02b1 494F4275 		.ascii	"IOBus\000"
 844      7300
 845              		.text
 846              		.section	.gnu.lto_.profile.811c654e79b4c598,"e",%progbits
 847 0000 789C6362 		.ascii	"x\234cb\000\001\000\000\022\000\003"
 847      00010000 
 847      120003
 848              		.text
 849              		.section	.gnu.lto_.inline.811c654e79b4c598,"e",%progbits
 850 0000 789CDBCF 		.ascii	"x\234\333\317\200\000\314\014\014\002G_/\276\311\234"
 850      8000CC0C 
 850      0C02475F 
 850      2FBEC99C 
 851 0010 C6C8C024 		.ascii	"\306\310\300$\324\320\3200\203)\215\201\201k\353\263"
 851      D4D0D030 
 851      83298D81 
 851      816BEBB3 
 852 0020 333F9953 		.ascii	"3?\231S\230\030\230\200J\230\270\201\004#D9\323\004"
 852      98189880 
 852      4A98B881 
 852      04234439 
 852      D304
 853 0032 3F048389 		.ascii	"?\004\203\211A\364\361\327\213{\230\322\201Ze\200Zw"
 853      41F4F1D7 
 853      8B7B98D2 
 853      815A6580 
ARM GAS  /tmp/ccJVBTCm.s 			page 19


 853      5A77
 854 0044 3013AD95 		.ascii	"0\023\255\225\205A\350\311\327\213s\230AZ\371\200Z7"
 854      8541E8C9 
 854      D78B7398 
 854      415AF980 
 854      5A37
 855 0056 30A7A269 		.ascii	"0\247\242ie\341\005\271\256\337\017\004q\032\303\000"
 855      65E105B9 
 855      AEDF0F04 
 855      711AC300 
 856 0066 007A2C27 		.ascii	"\000z,'\245"
 856      A5
 857              		.text
 858              		.section	.gnu.lto_.jmpfuncs.811c654e79b4c598,"e",%progbits
 859 0000 789C1365 		.ascii	"x\234\023e@\000f\010\305\004&Y\240\202\000\003Q\000"
 859      40006608 
 859      C5042659 
 859      A0820003 
 859      5100
 860 0012 1F       		.ascii	"\037"
 861              		.text
 862              		.section	.gnu.lto_.pureconst.811c654e79b4c598,"e",%progbits
 863 0000 789CE362 		.ascii	"x\234\343b```f\230\305\3024\213\205e&\013\000\012\004"
 863      60606066 
 863      98C5C234 
 863      8B856526 
 863      0B000A04 
 864 0014 01ED     		.ascii	"\001\355"
 865              		.text
 866              		.section	.gnu.lto_.lto.811c654e79b4c598,"e",%progbits
 867 0000 09000400 		.ascii	"\011\000\004\000\001\000\000\000"
 867      01000000 
 868              		.text
 869              		.section	.gnu.lto_palReadBus.365.811c654e79b4c598,"e",%progbits
 870 0000 789C7D52 		.ascii	"x\234}ROHTa\020\237\337\233\367\336\356\352\272\266"
 870      4F485461 
 870      109FDF9B 
 870      F7DEEEEA 
 870      BAB6
 871 0012 5A77A983 		.ascii	"Zw\251\203t\331W\230\007o\201\247\016Q\324\251\203\210"
 871      74D95798 
 871      076F81A7 
 871      0E51D4A9 
 871      8388
 872 0024 6E6B2B58 		.ascii	"nk+X+\256v\365\251\253\221A\266FYbB\333\026v\212\320"
 872      2BAE76F5 
 872      A9AB9141 
 872      B6465962 
 872      42DB1676 
 873 003a C8C460D1 		.ascii	"\310\304`\321\222\242\014\351\336!\241\300\002\223N"
 873      92A20CE9 
 873      DE21A1C0 
 873      02934E
 874 0049 1D049BF9 		.ascii	"\035\004\233\371v\375\323\301\036\337\233\367\315|\363"
 874      76FDD3C1 
 874      1EDF9BF7 
 874      CD7CF3
ARM GAS  /tmp/ccJVBTCm.s 			page 20


 875 0058 9BF9CDEF 		.ascii	"\233\371\315\357{uL\324IDM\362\302%\214f\207-\362}\377"
 875      7B754CD4 
 875      49444DF2 
 875      C2258C66 
 875      872DF27D 
 876 006d 64C0B232 		.ascii	"d\300\2622\331\033\026^a\371\376\264k\017d#\323\337"
 876      D91B165E 
 876      61F9FEB4 
 876      6B0F6423 
 876      D3DF
 877 007f 3F36D82C 		.ascii	"?6\330,\321r\023\031,El\334\331\3018\350\313\016\377"
 877      D1721319 
 877      2C456CDC 
 877      D9C138E8 
 877      CB0EFF
 878 0092 BA37630B 		.ascii	"\2727c\013\314\004@\275\026\333\016zq\233'\030\243\234"
 878      CC0440BD 
 878      16DB0E7A 
 878      719B2718 
 878      A39C
 879 00a4 67825DDA 		.ascii	"g\202]\332\0015G\013\276\377\347\361\370\365\305\300"
 879      0135470B 
 879      BEFFE7F1 
 879      F8F5C5C0 
 880 00b4 C454C1CE 		.ascii	"\304T\301\316\263E\223\222\360\002\230\201\020\"I\344"
 880      B3459392 
 880      F0029881 
 880      102249E4 
 881 00c4 0B542B49 		.ascii	"\013T+I+\237f}?Dyf\274\304\236\034\0114=w\210\\R\244"
 881      2B9F667D 
 881      3F447966 
 881      BCC49E1C 
 881      09343D77 
 882 00dc 0E216B8A 		.ascii	"\016!k\212\351\331g\247\340on\215\370\376\227o\270y"
 882      E9D967A7 
 882      E06F6E8D 
 882      F8FE976F 
 882      B879
 883 00ee A40A9269 		.ascii	"\244\012\222i[b\034Vc\213q\035\215\271\352\006\324\004"
 883      5B621C56 
 883      638B711D 
 883      8DB9EA06 
 883      D404
 884 0100 C504B445 		.ascii	"\305\004\264E\260LO\313u\027V\023\001f\021%eG#L[\362"
 884      B04C4FCB 
 884      75175613 
 884      01661125 
 884      6547234C 
 885 0116 B0B4B9C5 		.ascii	"\260\264\271\305Vq\333W \372\001\177ul\011\372=\\4\353"
 885      5671DB57 
 885      20FA017F 
 885      756C09FA 
 885      3D5C34EB 
 886 012a 1858B986 		.ascii	"\030X\271\206\034\313\212\350\264\012YG\377\246\306"
 886      1CCB8AE8 
 886      B40A5947 
 886      FFA6C6
ARM GAS  /tmp/ccJVBTCm.s 			page 21


 887 0139 2C09D306 		.ascii	",\011\323\006\006kr\314\031\270y\016M\352\261\034h\246"
 887      066B72CC 
 887      19B8790E 
 887      4DEAB11C 
 887      68A6
 888 014b A364CB68 		.ascii	"\243d\313h\015\231\265FI\300\274\321B\372\361\230(n"
 888      0D99B546 
 888      49C0BCD1 
 888      42FAF198 
 888      286E
 889 015d FAD95269 		.ascii	"\372\331Ri>\224c\225\362\211J\035\314s\2714\302\034"
 889      3E946395 
 889      F2894A1D 
 889      CC73B934 
 889      C21C
 890 016f E858C6B8 		.ascii	"\350X\306\270a\274\306\003#\2110\231\323\256\216\344"
 890      61BCC603 
 890      23893099 
 890      D3AE8EE4 
 891 017f 6BFD302A 		.ascii	"k\3750*w\230\270\022.1\011\374\303\304\225\266{X\004"
 891      7798B812 
 891      2E3109FC 
 891      C3C495B6 
 891      7B5804
 892 0192 7659D86F 		.ascii	"vY\330o\177>\372J\312\3021\203n SC\031Xy\256\230T\211"
 892      7F3EFA4A 
 892      CAC23183 
 892      6E205343 
 892      195879AE 
 893 01a9 4AB71B81 		.ascii	"J\267\033\201\356L\315\210\\\010\031\246r\305\225X\004"
 893      EE4CCD88 
 893      5C0819A6 
 893      72C59558 
 893      04
 894 01ba 16208821 		.ascii	"\026 \210!\3033\2027\220\337%\317\007LuG\206\361m\255"
 894      C3338237 
 894      90DF25CF 
 894      074C7547 
 894      86F16DAD 
 895 01ce 1ED8D672 		.ascii	"\036\330\326ru\334U\276\363O+r\034\334\177\340(\226"
 895      75DC55BE 
 895      F34F2B72 
 895      1CDC7FE0 
 895      2896
 896 01e0 64609881 		.ascii	"d`\230\201\027T\234P\211I\025h\017\252Z\212\340\235"
 896      17549C50 
 896      89491568 
 896      0FAA5A8A 
 896      E09D
 897 01f2 A01E1AF7 		.ascii	"\240\036\032\367 \336\013\3122(#i\331\377$\375\260+"
 897      20DE0BCA 
 897      32282369 
 897      D9FF24FD 
 897      B02B
 898 0204 E9E690C8 		.ascii	"\351\346\220\310'\011\012\331\306\206\367\307\036\302"
 898      27090AD9 
 898      C686F7C7 
ARM GAS  /tmp/ccJVBTCm.s 			page 22


 898      1EC2
 899 0212 B260B988 		.ascii	"\262`\271\210\275\253\322G\015<L\277\321/\352G\265\354"
 899      BDABD247 
 899      0D3C4CBF 
 899      D12FEA47 
 899      B5EC
 900 0224 08A338BE 		.ascii	"\010\2438\276_P7\346%S\227\023^<\231hk\363.\265w{-\351"
 900      5F5037E6 
 900      25539713 
 900      5E3C9968 
 900      6BF32EB5 
 901 023c 74A2EB6A 		.ascii	"t\242\353j\363\225\236xG\"U\347\245\273\342\336\271"
 901      F3959E78 
 901      472255E7 
 901      A5BBE2DE 
 901      B9
 902 024d 546BAA3B 		.ascii	"Tk\252;\355\235=}\212jc1\257\270\032\223\355\255\355"
 902      ED9D3D7D 
 902      8A6A6331 
 902      AFB81A93 
 902      EDADED
 903 0260 67CE7B5E 		.ascii	"g\316{^*\355%[:L\242|\233;[:bq\342\326\236t\365\216"
 903      2AED255B 
 903      3A4CA27C 
 903      9B3B5B3A 
 903      6271E2D6 
 904 0278 1BABAF8F 		.ascii	"\033\253\257\2177\304/\036?A\177\001\325\022\033\323"
 904      37C42F1E 
 904      3F417F01 
 904      D5121BD3 
 905              		.text
 906              		.section	.gnu.lto_palWriteBus.366.811c654e79b4c598,"e",%progbits
 907 0000 789C7D53 		.ascii	"x\234}S]HSq\024\377\377\356\377\336}8\335\226\246\011"
 907      5D485371 
 907      14FFFFEE 
 907      FFDE7D38 
 907      DD96A609 
 908 0014 BD481012 		.ascii	"\275H\020\022\301\256Q>\370\026\010B\017Q\324S\301\020"
 908      C1AE513E 
 908      F8160842 
 908      0F51D453 
 908      C110
 909 0026 5DB30DAC 		.ascii	"]\263\015\254\231\363\343\321\253N\003{\260\031\331"
 909      99F3E3D1 
 909      AB4E037B 
 909      B019D9
 910 0035 0726B456 		.ascii	"\007&\264V\370\326\203Tf\246\313\250\214\022\304\202"
 910      F8D68354 
 910      66A6CBA8 
 910      8C12C482 
 911 0045 DEA20C02 		.ascii	"\336\242\014\002\015Tz\351\203\301:\347\2779\365\301"
 911      0D547AE9 
 911      83C13AE7 
 911      BF39F5C1 
 912 0055 2E77E7FE 		.ascii	".w\347\376\317\357\236\3379\277s\316\335A]\210N!\304"
 912      CFEF9EDF 
 912      39BF73CE 
ARM GAS  /tmp/ccJVBTCm.s 			page 23


 912      DD415D88 
 912      4E21C4
 913 0068 59FAC126 		.ascii	"Y\372\301&0\024\037\320\204eYG\355\232\026\213_\321"
 913      30141FD0 
 913      84655947 
 913      ED9A168B 
 913      5FD1
 914 007a F00CF3B7 		.ascii	"\360\014\363\267\306mzo\334=\376\375}\215.\011u)\244"
 914      C66D7A6F 
 914      DC3DFEFD 
 914      7D8D2E09 
 914      7529A4
 915 008d 2F87E8B8 		.ascii	"/\207\350\270\236\347\030\350\216\0178\211\243<\210"
 915      9EE718E8 
 915      8E0F3889 
 915      A33C88
 916 009c 2E4DEA06 		.ascii	".M\352\006\272pM\036 \344\367\375\333\223/a\215\245"
 916      BA704D1E 
 916      20E4F7FD 
 916      DB932F61 
 916      8DA5
 917 00ae 9094428C 		.ascii	"\220\224B\214\322O]#\022C2)\001=w\322PA'yFT\246,kaf"
 917      D24F5D23 
 917      12433229 
 917      013D77D2 
 917      50412779 
 918 00c9 C2B29C22 		.ascii	"\302\262\234\")%\236\2008x\014<\202`\300\377\231\031"
 918      29259E80 
 918      38780C3C 
 918      8260C0FF 
 918      9919
 919 00db F252366E 		.ascii	"\362R6n9\027\247\343\351\3668\335\277BM\332r\025\301"
 919      3917A7E3 
 919      E9F638DD 
 919      BF424DDA 
 919      7215C1
 920 00ee 940E2EBA 		.ascii	"\224\016.\272\237X\353\323\337Z\346,=)\015Lme\011\341"
 920      9F58EBD3 
 920      DF5AE62C 
 920      3D290D4C 
 920      6D6509E1 
 921 0102 B70C1AC7 		.ascii	"\267\014\032\307s\010\352F\3703:\201\332\230d\344\341"
 921      7308EA46 
 921      F8333A81 
 921      DA9864E4 
 921      E1
 922 0113 A291B2D2 		.ascii	"\242\221\262\322\231A\313\372\264w-\275\346(\007\025"
 922      9941CBFA 
 922      B4772DBD 
 922      E6280715 
 923 0123 B16964EC 		.ascii	"\261id\354\222\215N\306a0fc\327\316\306A\306\311\352"
 923      928D4EC6 
 923      61306663 
 923      D7CEC641 
 923      C6C9EA
 924 0136 9C056C5C 		.ascii	"\234\005l\\\034R\310\246\210]7\033\017\033/\231\202"
 924      1C52C8A6 
ARM GAS  /tmp/ccJVBTCm.s 			page 24


 924      885D371B 
 924      0F1B2F99 
 924      82
 925 0147 626002A5 		.ascii	"b`\002\245\300$\312\224\0021(E\206.I\307\253R\313\036"
 925      C024CA94 
 925      02312845 
 925      862E49C7 
 925      AB52CB1E 
 926 015b BB5342AC 		.ascii	"\273SB\254\300Z\372\363\032\374\334\2275\253\350]\270"
 926      C05AFAF3 
 926      1AFCDC97 
 926      35ABE85D 
 926      B8
 927 016c 8C84A4BB 		.ascii	"\214\204\244\273\230G\311\224U\364\244\031\323\010\026"
 927      9847C994 
 927      55F4A419 
 927      D30816
 928 017b EBE8AB48 		.ascii	"\353\350\253HH\031\203-)]\243\374\232^p\244\235\273"
 928      4819832D 
 928      295DA3FC 
 928      9A5E70A4 
 928      9DBB
 929 018d 2814CB88 		.ascii	"(\024\313\210-\327R\000^\250)P=y\203\326\254\352\351"
 929      2DD75200 
 929      5EA82950 
 929      3D7983D6 
 929      ACEAE9
 930 01a0 9469CA99 		.ascii	"\224i\312\231\220<\365\007\274bGR\026Q!\314@T\305\224"
 930      903CF507 
 930      BC624752 
 930      165121CC 
 930      4054C594 
 931 01b4 EBC62CEE 		.ascii	"\353\306,\356\250\305\222\222I\256jP<\347w\303\223W"
 931      A8C59292 
 931      49AE6A50 
 931      3CE777C3 
 931      9357
 932 01c6 622338A7 		.ascii	"b#8\247\304\276M\211\215\312nQa\337T\241\277\372q\357"
 932      C4BE4D89 
 932      8DCA6E51 
 932      61DF54A1 
 932      BFFA71EF 
 933 01da AB601586 		.ascii	"\253`\025\206jt\035\261\012\021\203\226\224\236Q\251"
 933      6A741DB1 
 933      0A118396 
 933      949E51A9 
 934 01ea E53F222F 		.ascii	"\345?\"/\370\244rzi[B)\245\365\356\302\034\360\006\304"
 934      F8A4727A 
 934      695B4229 
 934      A5F5EEC2 
 934      1CF006C4 
 935 01fe E8573ABD 		.ascii	"\350W:\275x\013ZlR\026\253\354\0065c\351\234\335\276"
 935      780B5A6C 
 935      5216ABEC 
 935      063563E9 
 935      9CDDBE
 936 0211 31CBA574 		.ascii	"1\313\245t\035\246\301\222o\262dGB\226\212\\\377\316"
ARM GAS  /tmp/ccJVBTCm.s 			page 25


 936      1DA6C192 
 936      6FB26447 
 936      42968A5C 
 936      FFCE
 937 0223 9DFB2FC1 		.ascii	"\235\373/\301;\352\037\331\376\207\231X\240\270\316"
 937      3BEA1FD9 
 937      FE879958 
 937      A0B8CE
 938 0232 0DAEEB7F 		.ascii	"\015\256\353\177\263\233\337\234\335H?q\013)\236\273"
 938      B39BDF9C 
 938      DD483F71 
 938      0B299EBB 
 939 0242 72C0CBD8 		.ascii	"r\300\313\330_\306\212T\312\302|~7%\317j\313\276\367"
 939      5FC68A54 
 939      CAC27C7E 
 939      3725CF6A 
 939      CBBEF7
 940 0255 28C8C5FE 		.ascii	"(\310\305\376\020\277/S\024\017\265\324SA\037\023\001"
 940      10BF2F53 
 940      140FB5D4 
 940      53411F13 
 940      01
 941 0266 1B5F8AD2 		.ascii	"\033_\212\322\343\335Y\317n,\220\036M\351\231\035v\346"
 941      E3DD59CF 
 941      6E2C901E 
 941      4DE9991D 
 941      76E6
 942 0278 265C0AB1 		.ascii	"&\\\012\261\205B\331\275XTP\325]\205\354\301\007bQ\033"
 942      8542D9BD 
 942      585450D5 
 942      5D85ECC1 
 942      0762511B 
 943 028c 39BF1C1F 		.ascii	"9\277\034\037\311\327y\273\252r\342\227\301\377\250"
 943      C9D779BB 
 943      AA72E297 
 943      C1FFA8
 944 029b 9FE8F992 		.ascii	"\237\350\371\222\251S\313\035\224\310\216\337J\261\353"
 944      A953CB1D 
 944      94C88EDF 
 944      4AB1EB
 945 02aa 3343910B 		.ascii	"3C\221\013A3\020\01265\231\347\303mfC4\032l\355\250"
 945      4133100A 
 945      363599E7 
 945      C36D6643 
 945      341A6CED 
 946 02bf BFD81E68 		.ascii	"\277\330\036h\016F\016\233\321\326\200y*\322\030i\213"
 946      0E460E9B 
 946      D1D68079 
 946      2AD21869 
 946      8B
 947 02d0 9A278F1F 		.ascii	"\232'\217\037\023\225>\237\231\275kC\341\306\360\211"
 947      13953E9F 
 947      99BD6B43 
 947      E1C6F089 
 948 02e0 D3A61989 		.ascii	"\323\246\031\211\232\241\206f\025H\317\372\226\206f"
 948      9AA18666 
 948      1548CFFA 
ARM GAS  /tmp/ccJVBTCm.s 			page 26


 948      968666
 949 02ef 5F40C8C6 		.ascii	"_@\310\306\366hI\336\365UW\007j\002\347\016\035\021"
 949      F66849DE 
 949      F5555707 
 949      6A02E70E 
 949      1D11
 950 0301 7A63B82D 		.ascii	"zc\270-\212\316\177y\012c\026"
 950      8ACE7F79 
 950      0A6316
 951              		.text
 952              		.section	.gnu.lto_palSetBusMode.367.811c654e79b4c598,"e",%progbits
 953 0000 789C7D52 		.ascii	"x\234}RMHTQ\024>\337;\357g\306i\032\323\332K-\254\315"
 953      4D485451 
 953      143EDF3B 
 953      EF67C669 
 953      1AD3DA4B 
 954 0017 BCA25CB8 		.ascii	"\274\242\\\270\013\\D\213(jU \242\343\330\010\332\224"
 954      0B5C448B 
 954      286A5520 
 954      A2E3D808 
 954      DA94
 955 0029 A36DBDEA 		.ascii	"\243m\275\352h`\013\035C\242\250\201\354\025\356ZHe"
 955      68600B1D 
 955      43A2A881 
 955      EC15EE5A 
 955      4865
 956 003b 263550F6 		.ascii	"&5P\366\207\201\264\011\202\250\\\010\026\211\264\212"
 956      8781B409 
 956      82A85C08 
 956      1689B48A 
 957 004b 10ECDC3B 		.ascii	"\020\354\334;\343\230\013{\334w\336\271\337\375\316"
 957      E3980B7B 
 957      DC77DEB9 
 957      DFFDCE
 958 005a CF77EEDB 		.ascii	"\317w\356\333\317D=DtN^\270\204\261\334\260EJ\251\243"
 958      CF443D44 
 958      744E5EB8 
 958      84B1DCB0 
 958      454AA9A3 
 959 006e 9E656573 		.ascii	"\236eesW-<\305\373\033S\256=\220\3339\2654_o\263\240"
 959      572D3CC5 
 959      FB1B53AE 
 959      3D90DB39 
 959      B5345F6F 
 960 0084 11830C96 		.ascii	"\021\203\014\226\020\033\343\345\030\007}\271\341\260"
 960      101BE3E5 
 960      18077DB9 
 960      E1B0
 961 0092 C4981DA8 		.ascii	"\304\230\035\250\327b\333A/\256\361\001A~\337\273\271"
 961      D762DB41 
 961      2FAEF101 
 961      417EDFBB 
 961      B9
 962 00a3 FC026AB2 		.ascii	"\374\002j\262\200@\252\346\3455\317-\306\030\007\014"
 962      8040AAE6 
 962      E535CF2D 
 962      C618070C 
ARM GAS  /tmp/ccJVBTCm.s 			page 27


 963 00b3 D825CF42 		.ascii	"\330%\317B\215x|\226j\013J-\274\235V*L\0013\036Cb\360"
 963      8D787C96 
 963      6A0B4A2D 
 963      BC9D562A 
 963      4C01331E 
 964 00ca 087808D2 		.ascii	"\010x\010\322@\343\270\216\340KE\336\227\022\317\306"
 964      40E3B88E 
 964      E04B45DE 
 964      9712CFC6 
 965 00da 93AD3CBB 		.ascii	"\223\255<\273\361\216M\344nT\024\014\223L\017>8\005"
 965      F18E4DE4 
 965      6E54140C 
 965      934C0F3E 
 965      3805
 966 00ec B5B63EA2 		.ascii	"\265\266>\242\324\317%\254\354\253\2020\035K\214\313"
 966      D4CF25AC 
 966      ECAB8230 
 966      1D4B8CCB 
 967 00fc DAD8623C 		.ascii	"\332\330b<Gc\256\336z\332\204\304\204t\211p\205>\215"
 967      4763AEDE 
 967      7ADA84C4 
 967      84748970 
 967      853E8D
 968 010f 682F0A4C 		.ascii	"h/\012L\243\022\230\221\264#L\353\362\260\270\243l\025"
 968      A3129891 
 968      B4234CEB 
 968      F2B0B8A3 
 968      6C15
 969 0121 DDBE02D1 		.ascii	"\335\276\002\321w\250\305\217\257\241\277{\213f\005"
 969      77A8C58F 
 969      AFA1BF7B 
 969      8B6605
 970 0130 030B5730 		.ascii	"\003\013W0\301\262\242Z\261\016YA\377\232\306,\201i"
 970      C1B2A25A 
 970      B10E5941 
 970      FF9AC62C 
 970      8169
 971 0142 15833513 		.ascii	"\025\2035\023\314Y\270\001W\344\365\261\034h\246\253"
 971      CC59B801 
 971      57E4F5B1 
 971      1C68A6AB 
 972 0152 FB8CD032 		.ascii	"\373\214\3202\262\313\015B\3003\230\031\2162_\227\333"
 972      B2CB0D42 
 972      C0339819 
 972      8E325F97 
 972      DB
 973 0163 30F56CC9 		.ascii	"0\365l\3114\033\236`=\234\373\372&B\001\357\220B\230"
 973      341B9E60 
 973      3D9CFBFA 
 973      264201EF 
 973      904298
 974 0176 051DCC9A 		.ascii	"\005\035\314\232m\024\317q\333LC:\231\321U\035\341\353"
 974      6D14CF71 
 974      DB4C433A 
 974      99D1551D 
 974      E1EB
 975 0188 FC51C4CA 		.ascii	"\374Q\304\312\235\270\002\227:\361\266t\342J\331\177"
ARM GAS  /tmp/ccJVBTCm.s 			page 28


 975      9DB80297 
 975      3AF1B674 
 975      E24AD97F 
 976 0198 BAF036BB 		.ascii	"\272\3606\273\260\347~\334\375F\272\013\307\010]E\266"
 976      B0E77EDC 
 976      FD46BA0B 
 976      C7085D45 
 976      B6
 977 01a9 86B2B002 		.ascii	"\206\262\260\002\336\231g\253|\3271h\317\344\214\311"
 977      DE9967AB 
 977      7CD73168 
 977      CFE48CC9 
 978 01b9 5D90E9D4 		.ascii	"]\220\351\324\016\270\022s\300KH\304\220\3513\206W\220"
 978      0EB81273 
 978      C04B48C4 
 978      90E93386 
 978      5790
 979 01cb BF29E05D 		.ascii	"\277)\340]&\273#b\224\255\263{\033\263\\\374\344QIo"
 979      26BB2362 
 979      94ADB37B 
 979      1BB35CFC 
 979      E451496F 
 980 01df 687BBD55 		.ascii	"h{\275Ux#za\364\032nx{n5\336\011\327\332\344V\374o\216"
 980      78237A61 
 980      F41A6E78 
 980      7B6E35DE 
 980      09D7DAE4 
 981 01f7 F39B73FC 		.ascii	"\363\233s\3743$3\213Hn\011\021\341C%\341\273\363\314"
 981      3324338B 
 981      486E0911 
 981      E14325E1 
 981      BBF3CC
 982 020a 7A682173 		.ascii	"zh!sX\031\360\036\372\205\376\257\237\217\231\221\215"
 982      5819F01E 
 982      FA85FEAF 
 982      9F8F9991 
 982      8D
 983 021b 308AA254 		.ascii	"0\212\242TAo\343~*\335\231\364\023\251d[\233\177\276"
 983      416FE37E 
 983      2ADD99F4 
 983      13A9645B 
 983      9B7FBE
 984 022e BDDB6FCE 		.ascii	"\275\333o\316d\222]\227\233.\364$:\222\351\303~\246"
 984      64925D97 
 984      9B2EF424 
 984      3A92E9C3 
 984      7EA6
 985 0240 2BE19F4E 		.ascii	"+\341\237N\267\244\2733\376\251\023\307\2516\036\367"
 985      B7A4BB33 
 985      FEA913C7 
 985      A9361EF7 
 986 0250 8BAB21D5 		.ascii	"\213\253!\325\336\322~\362\214\357\2473~\252\271\303"
 986      DED27EF2 
 986      8CEFA733 
 986      7EAAB9C3 
 987 0260 10E5DB74 		.ascii	"\020\345\333t\261\271#\236 n\351\311T\227\267\361\272"
 987      B1B9239E 
ARM GAS  /tmp/ccJVBTCm.s 			page 29


 987      206EE9C9 
 987      5497B7F1 
 987      BA
 988 0271 BA447DA2 		.ascii	"\272D}\242\365\320\021\262;\323\255\311\277wo\031\301"
 988      F5D011B2 
 988      3BD3ADC9 
 988      BF776F19 
 988      C1
 989              		.text
 990              		.section	.gnu.lto_.symbol_nodes.811c654e79b4c598,"e",%progbits
 991 0000 789C75CD 		.ascii	"x\234u\315\273\015\302@\020\004\320\331\331\263\215"
 991      BB0DC240 
 991      1004D0D9 
 991      D9B38D
 992 000f 44117441 		.ascii	"D\021tA\0014\266K\007d\024\000\035\220\021\233\014\321"
 992      0134B64B 
 992      07641400 
 992      1D90119B 
 992      0CD1
 993 0021 03122241 		.ascii	"\003\022\"A\230\177l\3166\322\221\334D#\315\223f*\000"
 993      987F6CCE 
 993      36D291DC 
 993      4423CD93 
 993      662A00
 994 0034 78A5A18D 		.ascii	"x\245\241\215QY\034\000\003\266>\027t\023P<\011\237"
 994      51591C00 
 994      03B63E17 
 994      7413503C 
 994      099F
 995 0046 01CA8626 		.ascii	"\001\312\206&Y\365\242\014\352FcV\275\311^\311\203\246"
 995      59F5A20C 
 995      EA466356 
 995      BDC95EC9 
 995      83A6
 996 0058 ED2F935E 		.ascii	"\355/\223^\002\356\3361\271\323Bn\373\320\212\314\246"
 996      02EEDE31 
 996      B9D3426E 
 996      FBD08ACC 
 996      A6
 997 0069 A886DF5A 		.ascii	"\250\206\337Zb]n\316{\225S\251(w\227\325\021RW\312\004"
 997      625D6ECE 
 997      7B9553A9 
 997      287797D5 
 997      115257CA 
 998 007e 98001308 		.ascii	"\230\000\023\010\011\204\004\302\037\030\3053\017\262"
 998      098404C2 
 998      1F18C533 
 998      0FB2
 999 008c 1EE30B33 		.ascii	"\036\343\0133_o\""
 999      5F6F22
 1000              		.text
 1001              		.section	.gnu.lto_.refs.811c654e79b4c598,"e",%progbits
 1002 0000 789C1366 		.ascii	"x\234\023f```d`b\344c`dbb\006\222,L\254|\014\014\000"
 1002      60606064 
 1002      6062E463 
 1002      60646262 
 1002      06922C4C 
ARM GAS  /tmp/ccJVBTCm.s 			page 30


 1003 0019 04210056 		.ascii	"\004!\000V"
 1004              		.text
 1005              		.section	.gnu.lto_.decls.811c654e79b4c598,"e",%progbits
 1006 0000 789C9597 		.ascii	"x\234\225\227}\\TU\032\307\317s\356\235\027.#\360Q\254"
 1006      7D5C5455 
 1006      1AC7CF73 
 1006      EE9D172E 
 1006      23F051AC 
 1007 0014 DDDC5CF4 		.ascii	"\335\334\\\364C\311\326'&\260\254\375c\367\343\226V"
 1007      43C9D627 
 1007      26B0ACFD 
 1007      63F7E396 
 1007      56
 1008 0025 7ED26087 		.ascii	"~\322`\207\332\226\375g\226f\206`\027\030c\206\266\376"
 1008      DA96FD67 
 1008      96668660 
 1008      17186386 
 1008      B6FE
 1009 0037 BBBC2496 		.ascii	"\273\274$\226\250\370\266\371\026A\232\321\213\012I"
 1009      A8F8B6F9 
 1009      16419AD1 
 1009      8B0A49
 1010 0046 8A143842 		.ascii	"\212\0248B\010\242(\202\312(.dj@(\242\222\272\224\271"
 1010      08A22882 
 1010      CA282E64 
 1010      6A4028A2 
 1010      92BA94B9 
 1011 005a CF39F7CE 		.ascii	"\3179\367\316\334\201\031w\335\013\317\234;\347\376"
 1011      DC811977 
 1011      DD0BCF9C 
 1011      3BE7FE
 1012 0069 9EE77CCF 		.ascii	"\236\347|\317s\336\356<\033E\310\317\224\220\030\264"
 1012      73DEEE3C 
 1012      1B45C8CF 
 1012      949018B4 
 1013 0079 DB788984 		.ascii	"\333x\211\204\220cD\273\364h-h\207\321\272\320\376\205"
 1013      906344BB 
 1013      F4682D68 
 1013      87D1BAD0 
 1013      FE85
 1014 008b 3680368A 		.ascii	"6\2006\212&\240\375\3144@H$\220q\327J\374~\017\226\223"
 1014      26A0FDCC 
 1014      34404824 
 1014      9071D74A 
 1014      FC7E0F96 
 1015 00a0 D1A2D19A 		.ascii	"\321\242\321\232\321\356\307\272\031\240\304LEK\302"
 1015      D1EEC7BA 
 1015      19A0C44C 
 1015      454BC2
 1016 00af FB595826 		.ascii	"\373YX&c\331\217\345\257\260\374#\232\005-\005m\014"
 1016      63D98FE5 
 1016      AFB0FC23 
 1016      9A052D05 
 1016      6D0C
 1017 00c1 EBCEA0BD 		.ascii	"\353\316\240\275\210\367/\241\275\200\366\000\332\237"
 1017      88F72FA1 
 1017      BD80F600 
ARM GAS  /tmp/ccJVBTCm.s 			page 31


 1017      DA9F
 1018 00cf D018E77D 		.ascii	"\320\030\347}X\376\022m\021\3324PxZT>\306\011*_\340"
 1018      58FE126D 
 1018      11DA3450 
 1018      785A543E 
 1018      C6092A5F 
 1019 00e4 B581F960 		.ascii	"\265\201\371`\231\021\300\306\270\030\337C\023\370f"
 1019      9911C0C6 
 1019      B818DF43 
 1019      13F866
 1020 00f3 A98CA1F8 		.ascii	"\251\214\241\370^f\355\201\302\307x\002\031\237T9u*"
 1020      5E66ED81 
 1020      C2C77802 
 1020      199F5439 
 1020      752A
 1021 0105 E3349573 		.ascii	"\3434\225s>\332\034\225\363\360\004N\375\204\374}\244"
 1021      3EDA1C95 
 1021      F3F0044E 
 1021      FD84FC7D 
 1021      A4
 1022 0116 E66F22E7 		.ascii	"\346o\"\347Qr\3679\3743\232\011\264\0342\316T\264k\352"
 1022      5172F739 
 1022      FC339A09 
 1022      B41C32CE 
 1022      54B46BEA 
 1023 012a D8F9F237 		.ascii	"\330\371\3627M\315gW\000\323\250\3125q\\7\011\264bG"
 1023      4DCD6757 
 1023      00D3A8CA 
 1023      35715C37 
 1023      09B46247 
 1024 013e 7549E405 		.ascii	"uI\344\005 \354O\264\003\200w\016~H\344/\002\211\226"
 1024      20EC4FB4 
 1024      0380770E 
 1024      7E48E42F 
 1024      028996
 1025 0151 A94CF576 		.ascii	"\251L\365v\201J\202$\330\245V\230\0367*\3145\322\270"
 1025      814A8224 
 1025      D8A55698 
 1025      1E372ACC 
 1025      35D2B8
 1026 0164 48C958D9 		.ascii	"H\311X\331\004Q\222\316H\351\200\301.\305\215\301g\264"
 1026      045192CE 
 1026      48E980C1 
 1026      2EC58DC1 
 1026      67B4
 1027 0176 5C1F3357 		.ascii	"\\\0373W\026\355%S\007\0142-}!z\366\\\374\0340\264\202"
 1027      16ED2553 
 1027      070C322D 
 1027      7D217AF6 
 1027      5CFC1C30 
 1028 018c 1DBD92A9 		.ascii	"\035\275\222\2511\012\357\006\014\322\250P\276\\oo\247"
 1028      310AEF06 
 1028      0CD2A850 
 1028      BE5C6F6F 
 1028      A7
 1029 019d 4B67412B 		.ascii	"KgA+H\366\304hY\226\347\032\215\323#\033\205F\341\031"
 1029      48F6C468 
ARM GAS  /tmp/ccJVBTCm.s 			page 32


 1029      5996E71A 
 1029      8DD3231B 
 1029      8546E119 
 1030 01b1 428CC6AA 		.ascii	"B\214\306\252\035S\245\001C$\206\210\263\307D\331c\""
 1030      1D53A501 
 1030      43248688 
 1030      B3C744D9 
 1030      6322
 1031 01c3 5B4167B7 		.ascii	"[Ag\267K\321q\004!\354\211\211s\251\204\221Ec+$\012"
 1031      4BD17104 
 1031      21EC8989 
 1031      73A98491 
 1031      45632B24 
 1032 01d8 604A94CF 		.ascii	"`J\224\317\016\335+\351\244\260\3511q\204\330\3113\024"
 1032      0EDD2BE9 
 1032      A4B0E931 
 1032      7184D8C9 
 1032      3314
 1033 01ea E30AB77D 		.ascii	"\343\012\267}\027\030\260M\273\366\025 N\242\211Tx~"
 1033      1718B04D 
 1033      BBF61520 
 1033      4EA28954 
 1033      787E
 1034 01fc C04008A5 		.ascii	"\300@\010\2451\204\310\242\321d\002\031\2130\353\363"
 1034      3184C8A2 
 1034      D1640219 
 1034      8B30EBF3 
 1035 020c F6E44489 		.ascii	"\366\344D\211\014\030(>\212\026A\246\240yJz\314\020"
 1035      0C18283E 
 1035      8A1641A6 
 1035      A0794A7A 
 1035      CC10
 1036 021e 55F20684 		.ascii	"U\362\006\204\347\213\335i%\321\264D{NAuP\276\023m\004"
 1036      E78BDD69 
 1036      25D1B444 
 1036      7B4E4175 
 1036      50BE136D 
 1037 0233 78CE4189 		.ascii	"x\316A\211E\231?\370\343\007\211! 8\004*x\014\365\362"
 1037      45993FF8 
 1037      E3078921 
 1037      2038042A 
 1037      780CF5F2 
 1038 0247 5582FF81 		.ascii	"U\202\377\201\022\\e\241*\026\345U>\237\361\340<\012"
 1038      125C65A1 
 1038      2A16E555 
 1038      3E9FF1E0 
 1038      3C0A
 1039 0259 A882006A 		.ascii	"\250\202\000j\265\207|\242\361i\263\274\261\270M\372"
 1039      B5877CA2 
 1039      F169B3BC 
 1039      B1B84DFA 
 1040 0269 0ED3267B 		.ascii	"\016\323&{\247BD\351\\\002\302t\"\374\206\230e~\025"
 1040      A74244E9 
 1040      5C02C274 
 1040      22FC8698 
 1040      657E15
 1041 027c FC8DC01E 		.ascii	"\374\215\300\036\30555|\265\000\223A\304\317h\210A\327"
ARM GAS  /tmp/ccJVBTCm.s 			page 33


 1041      C535357C 
 1041      B5009341 
 1041      C4CF6888 
 1041      41D7
 1042 028e 9EB7AA57 		.ascii	"\236\267\252W\300\024E\347QY\277\004\250\345\361\263"
 1042      C01445E7 
 1042      5159BF04 
 1042      A8E5F1B3 
 1043 029e 59F0F367 		.ascii	"Y\360\363go\313&\256\360\250\012\370\012\374\032\024"
 1043      6FCB26AE 
 1043      F0A80AF8 
 1043      0AFC1A14 
 1044 02ae 74F57EED 		.ascii	"t\365~\355\225L\036Y\036\221\313\033E\250\007\250\003"
 1044      954C1E59 
 1044      1E91CB1B 
 1044      45A807A8 
 1044      03
 1045 02bf D8CBA81B 		.ascii	"\330\313\250\033\200\013\216\234\351\351\211`\253\000"
 1045      800B8E9C 
 1045      E9E98960 
 1045      AB00
 1046 02cd 2BC0C901 		.ascii	"+\300\311\001(\007\210\302\317Y|T#\371\035\021\\L\337"
 1046      280788C2 
 1046      CF597C54 
 1046      23F91D11 
 1046      5C4CDF
 1047 02e0 D15B7128 		.ascii	"\321[q(R\342\001=EaD\015\007_\003Jj\001\232\000\032"
 1047      52E2013D 
 1047      4561440D 
 1047      075F034A 
 1047      6A019A00 
 1048 02f5 01657D85 		.ascii	"\001e}\205\203C\342\275\310uQ\226\243\241\031`?\000"
 1048      8343E2BD 
 1048      C8755196 
 1048      A3A11960 
 1048      3F00
 1049 0307 03840328 		.ascii	"\003\204\003(\336\2474\335\335\334\323g\232\271~\275"
 1049      DEA734DD 
 1049      DDDCD367 
 1049      9AB97EBD 
 1050 0317 7C7355DB 		.ascii	"|sU\333\345\017f\236-,\226;XW\200\251`\267\332\011\202"
 1050      E50F669E 
 1050      2D2C963B 
 1050      585780A9 
 1050      60B7DA09 
 1051 032c 7704BE00 		.ascii	"w\004\276\000\250\201\324\012\235\320\015\314u\370\\"
 1051      A881D40A 
 1051      9DD00DCC 
 1051      75F85C
 1052 033b 4D9BC4A9 		.ascii	"M\233\304\2511\264\023+\312<\247:\303}\3358\310\010"
 1052      31B4132B 
 1052      CA3CA73A 
 1052      C37DDD38 
 1052      C808
 1053 034d AE5597B5 		.ascii	"\256U\227\265R?A\206\037\340\020FkS\000\332\217\215"
 1053      523F4186 
 1053      1FE01046 
ARM GAS  /tmp/ccJVBTCm.s 			page 34


 1053      6B5300DA 
 1053      8F8D
 1054 035f AC020630 		.ascii	"\254\002\0060R\327\364Z%[^\370\024\027\205\257\341V"
 1054      52D7F45A 
 1054      255B5EF8 
 1054      141785AF 
 1054      E156
 1055 0371 7FC39DA2 		.ascii	"\177\303\235\242p\0163p\2057>\266fO\237)8\005G&\244"
 1055      700E3370 
 1055      85373EB6 
 1055      664F9F29 
 1055      38054726 
 1056 0386 E07AD981 		.ascii	"\340z\331\201\223\012\343Q\205q\347\267\235^\223\217"
 1056      930AE351 
 1056      8571E7B7 
 1056      9D5E938F 
 1057 0396 B183499A 		.ascii	"\261\203I\232N\364{u!\030;1\3341\205\261p{\363\352I"
 1057      4EF47B75 
 1057      21183B31 
 1057      DC3185B1 
 1057      707BF3EA 
 1058 03ab 8CB16A10 		.ascii	"\214\261j\020\363\023U\200b\021\237C\273\237\262\335"
 1058      F3135580 
 1058      62119F43 
 1058      BB9FB2DD 
 1059 03bb 4FF9B628 		.ascii	"O\371\266(\214!e\021EG\375\255\343':\014\3224\000\374"
 1059      8C216511 
 1059      4547FDAD 
 1059      E3273A0C 
 1059      D23400FC 
 1060 03cf 47D601B9 		.ascii	"G\326\001\2711_ 0\033\036%p\002\340$:u\343\026\206\253"
 1060      315F2030 
 1060      1B1E2570 
 1060      02E0243A 
 1060      75E31686 
 1061 03e4 EE2460D0 		.ascii	"\356$`\320\237~\215%6W\376s\307\307\341\254o\003\236"
 1061      9F7E8D25 
 1061      3657FE73 
 1061      C7C7E1AC 
 1061      6F039E
 1062 03f7 D07A36B6 		.ascii	"\320z6\266\357\275\277\312\244\315\251S\332\234:\255"
 1062      EFBDBFCA 
 1062      A4CDA953 
 1062      DA9C3AAD 
 1063 0407 301FE83E 		.ascii	"0\037\350>\2603\214w\364\264\322\363=\227\253\2774\205"
 1063      B0338C77 
 1063      F4B4D2F3 
 1063      3D97ABBF 
 1063      3485
 1064 0419 E8E7198C 		.ascii	"\350\347\031\214\332\243\370\264\254\031\321\317\\/"
 1064      DAA3F8B4 
 1064      AC19D1CF 
 1064      5C2F
 1065 0427 CB373F5F 		.ascii	"\3137?_\275\267X\277Yn\244\370\024\216\373{y\234\027"
 1065      BDB758BF 
 1065      596EA4F8 
 1065      148EFB7B 
ARM GAS  /tmp/ccJVBTCm.s 			page 35


 1065      799C17
 1066 043a 420D2542 		.ascii	"B\015%B3\353\037\275\332{\246\222e\023\372\330\321r"
 1066      33EB1FBD 
 1066      DA7BA692 
 1066      6513FAD8 
 1066      D172
 1067 044c 88D7D50C 		.ascii	"\210\327\325\014\255\331\244cug1\3607 t\360\332\306"
 1067      ADD9A463 
 1067      756731F0 
 1067      372074F0 
 1067      DAC6
 1068 045e 9E0BFD06 		.ascii	"\236\013\375\006V\213C\010\337\262\036\364\357\332\260"
 1068      568B4308 
 1068      DFB21EF4 
 1068      EFDAB0
 1069 046d 4A99F47A 		.ascii	"J\231\364z\316\267~\177\375:\203\372\375\002\023\024"
 1069      CEB77E7F 
 1069      FD3A83FA 
 1069      FD021314 
 1070 047d FCD4D421 		.ascii	"\374\324\324!\371\201\365~\340~\214\360\235\002|\332"
 1070      F981F57E 
 1070      E07E8CF0 
 1070      9D027CDA 
 1071 048d 7B69AB71 		.ascii	"{i\253q\346\346\245\362\322bOr\241\354\251\245\370\024"
 1071      E6E6A5F2 
 1071      D2624F72 
 1071      A1ECA9A5 
 1071      F814
 1072 049f 7A156038 		.ascii	"z\025`8\217\302^\005\331\313!\202fC\355\311\206&\321"
 1072      8FC25E05 
 1072      D9CB2182 
 1072      6643EDC9 
 1072      8626D1
 1073 04b2 3785BF87 		.ascii	"7\205\277\207;,\367\213\276\345>\314\243\234\360\266"
 1073      3B2CF78B 
 1073      BEE53ECC 
 1073      A39CF0B6 
 1074 04c2 AE881C27 		.ascii	"\256\210\034'\201K\340\027\241\240\263\276\254K\324"
 1074      814BE017 
 1074      A1A0B3BE 
 1074      AC4BD4
 1075 04d1 C666581B 		.ascii	"\306fX\033\233\313,M?\362(\203c\273\256L\012!\202\021"
 1075      9BCB2C4D 
 1075      3FF22883 
 1075      63BBAE4C 
 1075      0A218211 
 1076 04e5 E032946C 		.ascii	"\3402\224l*\370\341C\005\367\012\300\020\243;\330S6"
 1076      2AF8E143 
 1076      05F70AC0 
 1076      10A33BD8 
 1076      5336
 1077 04f7 248518C3 		.ascii	"$\205\030\303k\350wUq\272\350-\274\217\215a\355\346"
 1077      6BE87755 
 1077      71BAE82D 
 1077      BC8F8D61 
 1077      EDE6
 1078 0509 8D432B0D 		.ascii	"\215C+\015\345q\370\014\006\375#8\310\013\276\303H("
ARM GAS  /tmp/ccJVBTCm.s 			page 36


 1078      E571F80C 
 1078      06FD2338 
 1078      C80BBEC3 
 1078      4828
 1079 051b AEDF76A8 		.ascii	"\256\337v\250t\222$\253\253\010+}\240\3271\240\031~"
 1079      749224AB 
 1079      AB082B7D 
 1079      A0D731A0 
 1079      197E
 1080 052d 00AE0CE7 		.ascii	"\000\256\014\347{\221\227E\317\3371\274\216NF\207\""
 1080      7B919745 
 1080      CFDF31BC 
 1080      8E4E4687 
 1080      22
 1081 053e 59FE2B4E 		.ascii	"Y\376+NH\270\011p\2039\374\033\270\023\323\034l_\273"
 1081      48B80970 
 1081      8339FC1B 
 1081      B813D31C 
 1081      6C5FBB
 1082 0551 3ACCAF39 		.ascii	":\314\2579\025R\323)\027\217\206\317h\026(\214\201p"
 1082      1552D329 
 1082      178F86CF 
 1082      6816288C 
 1082      8170
 1083 0563 4C20C219 		.ascii	"L \302\031\201<\260\266T\276\331\260l\231-\277\334S"
 1083      813CB0B6 
 1083      54BED9B0 
 1083      6C992DBF 
 1083      DC53
 1084 0575 14830FE0 		.ascii	"\024\203\017\340\026@\213\346\376\023\300\217\220Z\257"
 1084      16408BE6 
 1084      FE13C08F 
 1084      905AAF
 1085 0584 43F7E327 		.ascii	"C\367\343'\272\316\353Bq\337\346\3347\024n\023\347\376"
 1085      BACEEB42 
 1085      71DFE6DC 
 1085      37146E13 
 1085      E7FE
 1086 0596 86B557B2 		.ascii	"\206\265W\262\254eT\027\310\235O\361\274D\207\002\312"
 1086      AC655417 
 1086      C89D4FF1 
 1086      BC448702 
 1086      CA
 1087 05a7 9DF89652 		.ascii	"\235\370\226R\261\376\213\210@\356\020\232\372\206\275"
 1087      B1FE8B88 
 1087      40EE109A 
 1087      FA86BD
 1088 05b6 27C2675C 		.ascii	"'\302g\\@\356B*\\U\230\253\276\332\"/\215B\342B\312"
 1088      40EE422A 
 1088      5C5598AB 
 1088      BEDA222F 
 1088      8D42E242 
 1089 05cb 880F6B8E 		.ascii	"\210\017k\216oQ(\242\251\327EN3\211M\235\335\371\033"
 1089      6F5128A2 
 1089      A9D7454E 
 1089      33894D9D 
 1089      DDF91B
ARM GAS  /tmp/ccJVBTCm.s 			page 37


 1090 05de C243712F 		.ascii	"\302Cq/\245\214\273\230re\004\347\036a\355}R\264s\347"
 1090      A58CBB98 
 1090      726504E7 
 1090      1E61ED7D 
 1090      52B473E7 
 1091 05f2 B87CBF43 		.ascii	"\270|\277C\341m\026z\031\345NL\263\367\323k[\245@\356"
 1091      E16D167A 
 1091      19E54E4C 
 1091      B3F7D36B 
 1091      5BA540EE 
 1092 0606 109A537D 		.ascii	"\020\232S}[\337\215\230q\013\271K\250P\"*\334C*w\011"
 1092      5BDF8D98 
 1092      710BB94B 
 1092      A850222A 
 1092      DC432A77 
 1093 061b E7EED21C 		.ascii	"\347\356\322\034WPXNS\267+\334F\341]\221\010\233\321"
 1093      5750584E 
 1093      53B72BDC 
 1093      46E15D91 
 1093      089BD1
 1094 062e B6886CE6 		.ascii	"\266\210l\346\244\372\317#|\237\023>\021\371\011\367"
 1094      A4FACF23 
 1094      7C9F133E 
 1094      11F909F7 
 1095 063e F1BEF6B0 		.ascii	"\361\276\366\260\340\335\370\237\0245\270\033\257\243"
 1095      E0DDF89F 
 1095      1435B81B 
 1095      AFA3
 1096 064c B0966E12 		.ascii	"\260\226n\022\214k\373:V\350\246\304\306\306*\260\036"
 1096      8C6BFB3A 
 1096      56E8A6C4 
 1096      C6C62AB0 
 1096      1E
 1097 065d 91F853B5 		.ascii	"\221\370S\265\2362\341\006\012\233(ld\357\025\030\354"
 1097      9E32E106 
 1097      0A9B286C 
 1097      64EF1518 
 1097      EC
 1098 066e 66EFB9AA 		.ascii	"f\357\271\252\276\330\246B\271\325\003l\011\254\246"
 1098      BED8A642 
 1098      B9D5036C 
 1098      09ACA6
 1099 067d 4CE64B99 		.ascii	"L\346K\231\031-\201\311\252\226\027\343\246\\d\202w"
 1099      192D81C9 
 1099      AA9617E3 
 1099      A65C6482 
 1099      77
 1100 068e 29AC1927 		.ascii	")\254\031')\245~\315\333\252\006\327\371\252\2400u\374"
 1100      29A57ECD 
 1100      DBAA06D7 
 1100      F9AAA030 
 1100      75FC
 1101 06a0 48F16E6B 		.ascii	"H\361nk/\222\330\272.\362\004\240\261\263<\010\216m"
 1101      2F92D8BA 
 1101      2EF204A0 
 1101      B1B33C08 
 1101      8E6D
ARM GAS  /tmp/ccJVBTCm.s 			page 38


 1102 06b2 3D4B9695 		.ascii	"=K\226\225\200\266~7k\021\337C\205p\216\345E_\367N\315"
 1102      80B67E37 
 1102      6B11DF43 
 1102      85708EE5 
 1102      455FF74E 
 1103 06c7 1651D9FE 		.ascii	"\026Q\331\376\303(T\320\002vpTP~\024\024\231\324\235"
 1103      C32854D0 
 1103      02767054 
 1103      507E1414 
 1103      99D49D
 1104 06da BD8C3D21 		.ascii	"\275\214=!\360>\205re\374c\204A\314\3660\317\354\022"
 1104      F03E8572 
 1104      65FC6384 
 1104      41CCF630 
 1104      CFEC12
 1105 06ed 4F7F8751 		.ascii	"O\177\207Q\372fbf\267\322\200s\216;\375B\270\201N\267"
 1105      FA666266 
 1105      B7D28073 
 1105      8E3BFD42 
 1105      B8814EB7 
 1106 0701 D00A747C 		.ascii	"\320\012t|\037h\036<<)xH\3069\012E:\",\321\261Q}\020"
 1106      1F681E3C 
 1106      3C297848 
 1106      C6390A45 
 1106      3A222CD1 
 1107 0719 4755E025 		.ascii	"GU\340%\021Jx\200\033K*\313\370)tQ\366`Hu\257\201\235"
 1107      114A7880 
 1107      1B4B2ACB 
 1107      F8297451 
 1107      F6604875 
 1108 0730 14351860 		.ascii	"\0245\030`\007\205\355TX\307\244\372\343\3076\236\246"
 1108      0785ED54 
 1108      58C7A4FA 
 1108      E3C7369E 
 1108      A6
 1109 0741 53FCC34A 		.ascii	"S\374\303J\211?\027\237\363\314\355\242P\243\216i\355"
 1109      893F179F 
 1109      F3CCEDA2 
 1109      50A38E69 
 1109      ED
 1110 0752 D5EF3D4F 		.ascii	"\325\357=Ol\302\210&\250\242PM\231\302\267\213i#Z\177"
 1110      6CC28826 
 1110      A8A2504D 
 1110      99C2B78B 
 1110      69235A7F 
 1111 0766 6E091EB3 		.ascii	"n\011\036\263\\\362Y\220d?\033-}sy\20736\226\275\217"
 1111      5CF25990 
 1111      643F1B2D 
 1111      7D737987 
 1111      333696BD 
 1112 077b 8F349CD3 		.ascii	"\2174\234\323U\342\014A\331\247\024\366\204\230!#u["
 1112      55E20C41 
 1112      D9A714F6 
 1112      84982123 
 1112      755B
 1113 078d 564494E6 		.ascii	"VD\224\346\013\360\011\205\217CH\370\202\344c\356\253"
 1113      0BF00985 
ARM GAS  /tmp/ccJVBTCm.s 			page 39


 1113      8F4348F8 
 1113      82E463EE 
 1113      AB
 1114 079e DFC3B977 		.ascii	"\337\303\271wS\370B\035\356\341\332\246\225\021\321"
 1114      53F8421D 
 1114      EEE1DAA6 
 1114      9511D1
 1115 07ad E5FF43C8 		.ascii	"\345\377C\310G\"J\350\306\264\366\240\365\241]@\273"
 1115      47224AE8 
 1115      C6B4F6A0 
 1115      F5A15D40 
 1115      BB
 1116 07be 8436AA53 		.ascii	"\2046\252S\236\306\361\305\355\241\302\030K\335=\227"
 1116      9EC6F1C5 
 1116      EDA1C218 
 1116      4BDD3D97 
 1117 07ce FB56     		.ascii	"\373V"
 1118 07d0 7547E28A 		.ascii	"uG\342\212\210e\313\002\257\263\330\373\203\205\312"
 1118      8865CB02 
 1118      AFB3D8FB 
 1118      8385CA
 1119 07df 5CFD90C2 		.ascii	"\\\375\220\302\026\012-\032\355\007\312|f\232ZMS7N\263"
 1119      160A2D1A 
 1119      ED07CA7C 
 1119      669A5A4D 
 1119      53374EB3 
 1120 07f3 972A13BA 		.ascii	"\227*\023\272\002Q\367my\215-\035<\025+\307i\266\371"
 1120      0251F76D 
 1120      798D2D1D 
 1120      3C152BC7 
 1120      69B6F9
 1121 0806 E38C7CA6 		.ascii	"\343\214|\246f\006\3434\214\323\250\353B[\251\373)R"
 1121      6606E334 
 1121      8CD3A8EB 
 1121      425BA9FB 
 1121      2952
 1122 0818 63650BEF 		.ascii	"ce\013\357\361!\012\007(\034\304\237/\024\332)|M\241"
 1122      F1210A07 
 1122      281CC49F 
 1122      2F14DA29 
 1122      7C4DA1
 1123 082b 99421B85 		.ascii	"\231B\033\205&\012\207Y&\030\343\016\215\361\253q\261"
 1123      260A8759 
 1123      2618E30E 
 1123      8DF1AB71 
 1123      B1
 1124 083c 4B554626 		.ascii	"KUF&\332\256\211\352\203EJg[5\315G\301\035Q\003}\252"
 1124      DAAE89EA 
 1124      83454A67 
 1124      5B35CD47 
 1124      C11D5103 
 1125 0852 89F605F5 		.ascii	"\211\366\005\365D\211\323\246I\032\203\023\253\306\331"
 1125      4489D3A6 
 1125      491A8313 
 1125      ABC6D9
 1126 0861 A989BE0C 		.ascii	"\251\211\276\014\316l\002?M\316\357\330g\230215\354"
 1126      CE6C023F 
ARM GAS  /tmp/ccJVBTCm.s 			page 40


 1126      4DCEEFD8 
 1126      67983231 
 1126      35EC
 1127 0873 2DE0EE92 		.ascii	"-\340\356\222\303\336\2147|_\021\360\216pDk\346(\013"
 1127      C3DE8C37 
 1127      7C5F11F0 
 1127      8E70446B 
 1127      E6280B
 1128 0886 C124956B 		.ascii	"\301$\225k\253~0j\222~\3555\242C\331\324\353\212{\313"
 1128      AB7E306A 
 1128      927EED35 
 1128      A243D9D4 
 1128      EB8A7BCB 
 1129 089a F47C897B 		.ascii	"\364|\211{\376\313\256K\217\357\362^\017x\3238\243\305"
 1129      FECBAE4B 
 1129      8FEFF25E 
 1129      0F78D338 
 1129      A3C5
 1130 08ac E954E29C 		.ascii	"\351T\342\234\034>rI\257\011\3064A\227\"h\256\331X\032"
 1130      1C3E7249 
 1130      AF09C634 
 1130      41972268 
 1130      AED9581A 
 1131 08c0 C1059E3B 		.ascii	"\301\005\236;\301~t\272vT\037B\302^g\374\242\375rCC"
 1131      C17E74BA 
 1131      76541F42 
 1131      C25E67FC 
 1131      A2FD7243 
 1132 08d5 4430F0C4 		.ascii	"D0\360\304\337-mGW\336\257\341\024j\255u+8oUW\347\007"
 1132      DF2D6D47 
 1132      57DEAFE1 
 1132      146AAD75 
 1132      2B386F55 
 1133 08ec BCFB9668 		.ascii	"\274\373\226h\002\257\"\270qe\367\351pMpM\353\320)\226"
 1133      02AF22B8 
 1133      7165F7E9 
 1133      704D704D 
 1133      EBD02996 
 1134 0900 7E21610E 		.ascii	"~!a\0161\245\345f\277\376\204\343\221\354\207\323\027"
 1134      31A5E566 
 1134      BFFE84E3 
 1134      91EC87D3 
 1134      17
 1135 0911 13C9E6CC 		.ascii	"\023\311\346\314u;\336x$\3731\"-N\313\2628\322\354O"
 1135      753BDE78 
 1135      24FB3122 
 1135      2D4ECBB2 
 1135      38D2EC4F 
 1136 0925 E5B91E8C 		.ascii	"\345\271\036\214\2177+\377Ogd\276\222\231\224b6;]\346"
 1136      8F372BFF 
 1136      4F6764BE 
 1136      92999462 
 1136      363B5DE6 
 1137 0939 8CB42CB3 		.ascii	"\214\264,\263+\327\306J+j\343m\306g_x)\346\351\204'"
 1137      2BD7C64A 
 1137      2B6AE36D 
 1137      C6675F78 
ARM GAS  /tmp/ccJVBTCm.s 			page 41


 1137      29E6E984 
 1138 094e C8147F55 		.ascii	"\310\024\177U\374\343\217\333~k\263'<Ft\013\2220\222"
 1138      FCE38FDB 
 1138      7E6BB327 
 1138      3C46740B 
 1138      923092
 1139 0961 29D3B918 		.ascii	")\323\271\030[\310Ns\375\335\352\2167g8\263\035f[\206"
 1139      5BC84E73 
 1139      FDDDEA8E 
 1139      376738B3 
 1139      1D665B86 
 1140 0975 233DDDFC 		.ascii	"#=\335\374j\246\333\234\346r9r_\267\346\344\331\262"
 1140      6AA6DB9C 
 1140      E6723972 
 1140      5FB7E6E4 
 1140      D9B2
 1141 0987 1CCED93C 		.ascii	"\034\316\331<\270\305\371\212\323\3552'/Z@f\335\035"
 1141      B8C5F98A 
 1141      D3ED3227 
 1141      2F5A4066 
 1141      DD1D
 1142 0999 0509C7E2 		.ascii	"\005\011\307\342\345\334L\267\003\333\233\204\367)\016"
 1142      E5DC4CB7 
 1142      03DB9B84 
 1142      F7290E
 1143 09a8 37DE2D72 		.ascii	"7\336-r\332\035\306Lg6\026Vw\230-#\345M\327siYn\321"
 1143      DA1DC64C 
 1143      67361656 
 1143      77982D23 
 1143      E54DD773 
 1144 09c0 969196FB 		.ascii	"\226\221\226\373P\310\310\271nsf\216-+\317\316\021\323"
 1144      50C8C8B9 
 1144      6E73668E 
 1144      2D2BCFCE 
 1144      11D3
 1145 09d2 72B3DE8C 		.ascii	"r\263\336\214\317 QV\353+y\231Y\356\314\034\253\343"
 1145      CF205156 
 1145      EB2B7999 
 1145      59EECC1C 
 1145      ABE3
 1146 09e4 8DC50E9B 		.ascii	"\215\305\016\233[gs\346\270\334b\226#-\335\220\343t"
 1146      5B6773E6 
 1146      B8DC6296 
 1146      232DDD90 
 1146      E374
 1147 09f6 67E43AFF 		.ascii	"g\344:\3771\225\201X\263\262\354V\227\303\375j\2563"
 1147      31958158 
 1147      B3B2EC56 
 1147      97C3FD6A 
 1147      AE33
 1148 0a08 6F316BD5 		.ascii	"o1k\325\344rg\317N\264\276\2728\323iuKJ\0362\355V\367"
 1148      E47267CF 
 1148      4EB4BEBA 
 1148      38D36975 
 1148      4B4A1E32 
 1149 0a1f EFEFD82D 		.ascii	"\357\357\330-\246p\231S^\\4;\321\274p\341<\363\263\311"
 1149      A6709953 
ARM GAS  /tmp/ccJVBTCm.s 			page 42


 1149      5E5C343B 
 1149      D1BC70E1 
 1149      3CF3B3C9 
 1150 0a33 0B925E4F 		.ascii	"\013\222^O\364\365\2245\200@\341\3320\021\311jM\317"
 1150      F4F59435 
 1150      8040E1DA 
 1150      3011C96A 
 1150      4DCF
 1151 0a45 CBB159AD 		.ascii	"\313\261Y\255\361\211F\337\255) \033\001\202\204\210"
 1151      F18946DF 
 1151      AD29201B 
 1151      01828488 
 1152 0a55 71990978 		.ascii	"q\231\011x\362\250\310FG\257\340\351\235\351\351\330"
 1152      F2A8C846 
 1152      47AFE0E9 
 1152      9DE9E9D8 
 1153 0a65 09535E66 		.ascii	"\011S^f\216\333\232\236\346r?iu?|G`_\272|c\221At\326"
 1153      8EDB9A9E 
 1153      E6723F69 
 1153      753F7C47 
 1153      605FBA7C 
 1154 0a7e A79CCE2C 		.ascii	"\247\234\316,\361\017\317X\026\032Y\014L\200[\2670\351"
 1154      F10FCF58 
 1154      161A590C 
 1154      4C805BB7 
 1154      30E9
 1155 0a90 E9E72DE2 		.ascii	"\351\347-\342S)\026\013\274\014\317\351p\260\323r\371"
 1155      5329160B 
 1155      BC0CCFE9 
 1155      70B0D372 
 1155      F9
 1156 0aa1 D3843956 		.ascii	"\323\2049V\267\200\315\375\356\377M\211\226ZlSH\232"
 1156      B780CDFD 
 1156      EEFF4D89 
 1156      965A6C53 
 1156      489A
 1157 0ab3 671116CC 		.ascii	"g\021\026\314\263\350\222_J\236g1$\245$\317\237?\317"
 1157      B3E8925F 
 1157      4A9E6731 
 1157      24A524CF 
 1157      9F3FCF
 1158 0ac6 A24F7A31 		.ascii	"\242Oz15y\276E\267(i\336|\013\003z\356?g\246\320\226"
 1158      3579BE45 
 1158      B72869DE 
 1158      7C0B037A 
 1158      EE3F67A6 
 1159              		.text
 1160              		.section	.gnu.lto_.symtab.811c654e79b4c598,"e",%progbits
 1161 0000 70616C52 		.ascii	"palReadBus\000"
 1161      65616442 
 1161      757300
 1162 000b 00       		.ascii	"\000"
 1163 000c 00       		.ascii	"\000"
 1164 000d 00       		.ascii	"\000"
 1165 000e 00000000 		.ascii	"\000\000\000\000\000\000\000\000"
 1165      00000000 
 1166 0016 C7000000 		.ascii	"\307\000\000\000"
ARM GAS  /tmp/ccJVBTCm.s 			page 43


 1167 001a 70616C57 		.ascii	"palWriteBus\000"
 1167      72697465 
 1167      42757300 
 1168 0026 00       		.ascii	"\000"
 1169 0027 00       		.ascii	"\000"
 1170 0028 00       		.ascii	"\000"
 1171 0029 00000000 		.ascii	"\000\000\000\000\000\000\000\000"
 1171      00000000 
 1172 0031 CC000000 		.ascii	"\314\000\000\000"
 1173 0035 70616C53 		.ascii	"palSetBusMode\000"
 1173      65744275 
 1173      734D6F64 
 1173      6500
 1174 0043 00       		.ascii	"\000"
 1175 0044 00       		.ascii	"\000"
 1176 0045 00       		.ascii	"\000"
 1177 0046 00000000 		.ascii	"\000\000\000\000\000\000\000\000"
 1177      00000000 
 1178 004e D3000000 		.ascii	"\323\000\000\000"
 1179 0052 63685379 		.ascii	"chSysHalt\000"
 1179      7348616C 
 1179      7400
 1180 005c 00       		.ascii	"\000"
 1181 005d 02       		.ascii	"\002"
 1182 005e 00       		.ascii	"\000"
 1183 005f 00000000 		.ascii	"\000\000\000\000\000\000\000\000"
 1183      00000000 
 1184 0067 DD000000 		.ascii	"\335\000\000\000"
 1185 006b 5F70616C 		.ascii	"_pal_lld_setgroupmode\000"
 1185      5F6C6C64 
 1185      5F736574 
 1185      67726F75 
 1185      706D6F64 
 1186 0081 00       		.ascii	"\000"
 1187 0082 02       		.ascii	"\002"
 1188 0083 00       		.ascii	"\000"
 1189 0084 00000000 		.ascii	"\000\000\000\000\000\000\000\000"
 1189      00000000 
 1190 008c F4000000 		.ascii	"\364\000\000\000"
 1191              		.text
 1192              		.section	.gnu.lto_.ext_symtab.811c654e79b4c598,"e",%progbits
 1193 0000 01       		.ascii	"\001"
 1194 0001 01       		.ascii	"\001"
 1195 0002 00       		.ascii	"\000"
 1196 0003 01       		.ascii	"\001"
 1197 0004 00       		.ascii	"\000"
 1198 0005 01       		.ascii	"\001"
 1199 0006 00       		.ascii	"\000"
 1200 0007 01       		.ascii	"\001"
 1201 0008 00       		.ascii	"\000"
 1202 0009 01       		.ascii	"\001"
 1203 000a 00       		.ascii	"\000"
 1204              		.text
 1205              		.section	.gnu.lto_.opts,"e",%progbits
 1206 0000 272D666E 		.ascii	"'-fno-openmp' '-fno-openacc' '-fno-pie' '-fcf-prote"
 1206      6F2D6F70 
 1206      656E6D70 
ARM GAS  /tmp/ccJVBTCm.s 			page 44


 1206      2720272D 
 1206      666E6F2D 
 1207 0033 6374696F 		.ascii	"ction=none' '-g' '-mcpu=cortex-m4' '-mthumb' '-mflo"
 1207      6E3D6E6F 
 1207      6E652720 
 1207      272D6727 
 1207      20272D6D 
 1208 0066 61742D61 		.ascii	"at-abi=hard' '-mfpu=fpv4-sp-d16' '-mlibarch=armv7e-"
 1208      62693D68 
 1208      61726427 
 1208      20272D6D 
 1208      6670753D 
 1209 0099 6D2B6670 		.ascii	"m+fp' '-march=armv7e-m+fp' '-Og' '-fomit-frame-poin"
 1209      2720272D 
 1209      6D617263 
 1209      683D6172 
 1209      6D763765 
 1210 00cc 74657227 		.ascii	"ter' '-falign-functions=16' '-ffunction-sections' '"
 1210      20272D66 
 1210      616C6967 
 1210      6E2D6675 
 1210      6E637469 
 1211 00ff 2D666461 		.ascii	"-fdata-sections' '-fno-common' '-flto' '-Xassembler"
 1211      74612D73 
 1211      65637469 
 1211      6F6E7327 
 1211      20272D66 
 1212 0132 2720272D 		.ascii	"' '-alms=./build/lst/hal_pal.lst'\000"
 1212      616C6D73 
 1212      3D2E2F62 
 1212      75696C64 
 1212      2F6C7374 
 1213              		.text
 1214              		.comm	__gnu_lto_slim,1,1
 1215              		.ident	"GCC: (GNU Arm Embedded Toolchain 10.3-2021.10) 10.3.1 20210824 (release)"
ARM GAS  /tmp/ccJVBTCm.s 			page 45


DEFINED SYMBOLS
                            *ABS*:0000000000000000 hal_pal.c
     /tmp/ccJVBTCm.s:27     .gnu.debuglto_.debug_info:0000000000000000 hal_pal.c.55c9cd14
                            *COM*:0000000000000001 __gnu_lto_slim

NO UNDEFINED SYMBOLS
