ARM GAS  /tmp/cc3zoJnW.s 			page 1


   1              		.cpu cortex-m4
   2              		.arch armv7e-m
   3              		.fpu fpv4-sp-d16
   4              		.eabi_attribute 27, 1
   5              		.eabi_attribute 28, 1
   6              		.eabi_attribute 20, 1
   7              		.eabi_attribute 21, 1
   8              		.eabi_attribute 23, 3
   9              		.eabi_attribute 24, 1
  10              		.eabi_attribute 25, 1
  11              		.eabi_attribute 26, 1
  12              		.eabi_attribute 30, 1
  13              		.eabi_attribute 34, 1
  14              		.eabi_attribute 18, 4
  15              		.file	"hal_st.c"
  16              		.file 1 "../../../ChibiOS//os/hal/src/hal_st.c"
  17              		.section	.gnu.debuglto_.debug_info,"e",%progbits
  18              	.Ldebug_info0:
  19              		.hidden	hal_st.c.aa22c775
  20              		.weak	hal_st.c.aa22c775
  21              	hal_st.c.aa22c775:
  22 0000 7D000000 		.4byte	0x7d
  23 0004 0400     		.2byte	0x4
  24 0006 00000000 		.4byte	.Ldebug_abbrev0
  25 000a 04       		.byte	0x4
  26 000b 01       		.uleb128 0x1
  27 000c B2000000 		.4byte	.LASF12
  28 0010 0C       		.byte	0xc
  29 0011 67000000 		.4byte	.LASF13
  30 0015 9B010000 		.4byte	.LASF14
  31 0019 00000000 		.4byte	.Ldebug_line0
  32 001d 02       		.uleb128 0x2
  33 001e 04       		.byte	0x4
  34 001f 05       		.byte	0x5
  35 0020 696E7400 		.ascii	"int\000"
  36 0024 03       		.uleb128 0x3
  37 0025 04       		.byte	0x4
  38 0026 07       		.byte	0x7
  39 0027 0E000000 		.4byte	.LASF0
  40 002b 03       		.uleb128 0x3
  41 002c 08       		.byte	0x8
  42 002d 05       		.byte	0x5
  43 002e 00000000 		.4byte	.LASF1
  44 0032 03       		.uleb128 0x3
  45 0033 08       		.byte	0x8
  46 0034 04       		.byte	0x4
  47 0035 8F010000 		.4byte	.LASF2
  48 0039 03       		.uleb128 0x3
  49 003a 01       		.byte	0x1
  50 003b 06       		.byte	0x6
  51 003c A6000000 		.4byte	.LASF3
  52 0040 03       		.uleb128 0x3
  53 0041 01       		.byte	0x1
  54 0042 08       		.byte	0x8
  55 0043 4B000000 		.4byte	.LASF4
  56 0047 03       		.uleb128 0x3
  57 0048 02       		.byte	0x2
ARM GAS  /tmp/cc3zoJnW.s 			page 2


  58 0049 05       		.byte	0x5
  59 004a C9010000 		.4byte	.LASF5
  60 004e 03       		.uleb128 0x3
  61 004f 02       		.byte	0x2
  62 0050 07       		.byte	0x7
  63 0051 93000000 		.4byte	.LASF6
  64 0055 03       		.uleb128 0x3
  65 0056 04       		.byte	0x4
  66 0057 05       		.byte	0x5
  67 0058 5E000000 		.4byte	.LASF7
  68 005c 03       		.uleb128 0x3
  69 005d 04       		.byte	0x4
  70 005e 07       		.byte	0x7
  71 005f 22000000 		.4byte	.LASF8
  72 0063 03       		.uleb128 0x3
  73 0064 08       		.byte	0x8
  74 0065 07       		.byte	0x7
  75 0066 34000000 		.4byte	.LASF9
  76 006a 03       		.uleb128 0x3
  77 006b 01       		.byte	0x1
  78 006c 08       		.byte	0x8
  79 006d 59000000 		.4byte	.LASF10
  80 0071 03       		.uleb128 0x3
  81 0072 01       		.byte	0x1
  82 0073 02       		.byte	0x2
  83 0074 8D000000 		.4byte	.LASF11
  84 0078 04       		.uleb128 0x4
  85 0079 1B000000 		.4byte	.LASF15
  86 007d 01       		.byte	0x1
  87 007e 45       		.byte	0x45
  88 007f 06       		.byte	0x6
  89 0080 00       		.byte	0
  90              		.section	.gnu.debuglto_.debug_abbrev,"e",%progbits
  91              	.Ldebug_abbrev0:
  92 0000 01       		.uleb128 0x1
  93 0001 11       		.uleb128 0x11
  94 0002 01       		.byte	0x1
  95 0003 25       		.uleb128 0x25
  96 0004 0E       		.uleb128 0xe
  97 0005 13       		.uleb128 0x13
  98 0006 0B       		.uleb128 0xb
  99 0007 03       		.uleb128 0x3
 100 0008 0E       		.uleb128 0xe
 101 0009 1B       		.uleb128 0x1b
 102 000a 0E       		.uleb128 0xe
 103 000b 10       		.uleb128 0x10
 104 000c 17       		.uleb128 0x17
 105 000d 00       		.byte	0
 106 000e 00       		.byte	0
 107 000f 02       		.uleb128 0x2
 108 0010 24       		.uleb128 0x24
 109 0011 00       		.byte	0
 110 0012 0B       		.uleb128 0xb
 111 0013 0B       		.uleb128 0xb
 112 0014 3E       		.uleb128 0x3e
 113 0015 0B       		.uleb128 0xb
 114 0016 03       		.uleb128 0x3
ARM GAS  /tmp/cc3zoJnW.s 			page 3


 115 0017 08       		.uleb128 0x8
 116 0018 00       		.byte	0
 117 0019 00       		.byte	0
 118 001a 03       		.uleb128 0x3
 119 001b 24       		.uleb128 0x24
 120 001c 00       		.byte	0
 121 001d 0B       		.uleb128 0xb
 122 001e 0B       		.uleb128 0xb
 123 001f 3E       		.uleb128 0x3e
 124 0020 0B       		.uleb128 0xb
 125 0021 03       		.uleb128 0x3
 126 0022 0E       		.uleb128 0xe
 127 0023 00       		.byte	0
 128 0024 00       		.byte	0
 129 0025 04       		.uleb128 0x4
 130 0026 2E       		.uleb128 0x2e
 131 0027 00       		.byte	0
 132 0028 3F       		.uleb128 0x3f
 133 0029 19       		.uleb128 0x19
 134 002a 03       		.uleb128 0x3
 135 002b 0E       		.uleb128 0xe
 136 002c 3A       		.uleb128 0x3a
 137 002d 0B       		.uleb128 0xb
 138 002e 3B       		.uleb128 0x3b
 139 002f 0B       		.uleb128 0xb
 140 0030 39       		.uleb128 0x39
 141 0031 0B       		.uleb128 0xb
 142 0032 27       		.uleb128 0x27
 143 0033 19       		.uleb128 0x19
 144 0034 00       		.byte	0
 145 0035 00       		.byte	0
 146 0036 00       		.byte	0
 147              		.section	.gnu.debuglto_.debug_line,"e",%progbits
 148              	.Ldebug_line0:
 149 0000 43000000 		.4byte	.LELT0-.LSLT0
 150              	.LSLT0:
 151 0004 0400     		.2byte	0x4
 152 0006 3D000000 		.4byte	.LELTP0-.LASLTP0
 153              	.LASLTP0:
 154 000a 01       		.byte	0x1
 155 000b 01       		.byte	0x1
 156 000c 01       		.byte	0x1
 157 000d F6       		.byte	0xf6
 158 000e F2       		.byte	0xf2
 159 000f 0D       		.byte	0xd
 160 0010 00       		.byte	0
 161 0011 01       		.byte	0x1
 162 0012 01       		.byte	0x1
 163 0013 01       		.byte	0x1
 164 0014 01       		.byte	0x1
 165 0015 00       		.byte	0
 166 0016 00       		.byte	0
 167 0017 00       		.byte	0
 168 0018 01       		.byte	0x1
 169 0019 00       		.byte	0
 170 001a 00       		.byte	0
 171 001b 01       		.byte	0x1
ARM GAS  /tmp/cc3zoJnW.s 			page 4


 172 001c 2E2E2F2E 		.ascii	"../../../ChibiOS//os/hal/src"
 172      2E2F2E2E 
 172      2F436869 
 172      62694F53 
 172      2F2F6F73 
 173 0038 00       		.byte	0
 174 0039 00       		.byte	0
 175 003a 68616C5F 		.ascii	"hal_st.c\000"
 175      73742E63 
 175      00
 176 0043 01       		.uleb128 0x1
 177 0044 00       		.uleb128 0
 178 0045 00       		.uleb128 0
 179 0046 00       		.byte	0
 180              	.LELTP0:
 181              	.LELT0:
 182              		.section	.gnu.debuglto_.debug_str,"eMS",%progbits,1
 183              	.LASF1:
 184 0000 6C6F6E67 		.ascii	"long long int\000"
 184      206C6F6E 
 184      6720696E 
 184      7400
 185              	.LASF0:
 186 000e 756E7369 		.ascii	"unsigned int\000"
 186      676E6564 
 186      20696E74 
 186      00
 187              	.LASF15:
 188 001b 7374496E 		.ascii	"stInit\000"
 188      697400
 189              	.LASF8:
 190 0022 6C6F6E67 		.ascii	"long unsigned int\000"
 190      20756E73 
 190      69676E65 
 190      6420696E 
 190      7400
 191              	.LASF9:
 192 0034 6C6F6E67 		.ascii	"long long unsigned int\000"
 192      206C6F6E 
 192      6720756E 
 192      7369676E 
 192      65642069 
 193              	.LASF4:
 194 004b 756E7369 		.ascii	"unsigned char\000"
 194      676E6564 
 194      20636861 
 194      7200
 195              	.LASF10:
 196 0059 63686172 		.ascii	"char\000"
 196      00
 197              	.LASF7:
 198 005e 6C6F6E67 		.ascii	"long int\000"
 198      20696E74 
 198      00
 199              	.LASF13:
 200 0067 2E2E2F2E 		.ascii	"../../../ChibiOS//os/hal/src/hal_st.c\000"
 200      2E2F2E2E 
ARM GAS  /tmp/cc3zoJnW.s 			page 5


 200      2F436869 
 200      62694F53 
 200      2F2F6F73 
 201              	.LASF11:
 202 008d 5F426F6F 		.ascii	"_Bool\000"
 202      6C00
 203              	.LASF6:
 204 0093 73686F72 		.ascii	"short unsigned int\000"
 204      7420756E 
 204      7369676E 
 204      65642069 
 204      6E7400
 205              	.LASF3:
 206 00a6 7369676E 		.ascii	"signed char\000"
 206      65642063 
 206      68617200 
 207              	.LASF12:
 208 00b2 474E5520 		.ascii	"GNU C17 10.3.1 20210824 (release) -mcpu=cortex-m4 -"
 208      43313720 
 208      31302E33 
 208      2E312032 
 208      30323130 
 209 00e5 6D746875 		.ascii	"mthumb -mfloat-abi=hard -mfpu=fpv4-sp-d16 -march=ar"
 209      6D62202D 
 209      6D666C6F 
 209      61742D61 
 209      62693D68 
 210 0118 6D763765 		.ascii	"mv7e-m+fp -g -ggdb -Og -fomit-frame-pointer -falign"
 210      2D6D2B66 
 210      70202D67 
 210      202D6767 
 210      6462202D 
 211 014b 2D66756E 		.ascii	"-functions=16 -ffunction-sections -fdata-sections -"
 211      6374696F 
 211      6E733D31 
 211      36202D66 
 211      66756E63 
 212 017e 666E6F2D 		.ascii	"fno-common -flto\000"
 212      636F6D6D 
 212      6F6E202D 
 212      666C746F 
 212      00
 213              	.LASF2:
 214 018f 6C6F6E67 		.ascii	"long double\000"
 214      20646F75 
 214      626C6500 
 215              	.LASF14:
 216 019b 2F686F6D 		.ascii	"/home/cheff/git/asserv_nucleo3/src/Robots/PMI\000"
 216      652F6368 
 216      6566662F 
 216      6769742F 
 216      61737365 
 217              	.LASF5:
 218 01c9 73686F72 		.ascii	"short int\000"
 218      7420696E 
 218      7400
 219              		.text
ARM GAS  /tmp/cc3zoJnW.s 			page 6


 220              		.section	.gnu.lto_.profile.568050eae58bbff9,"e",%progbits
 221 0000 789C6362 		.ascii	"x\234cb\000\001\000\000\022\000\003"
 221      00010000 
 221      120003
 222              		.text
 223              		.section	.gnu.lto_.inline.568050eae58bbff9,"e",%progbits
 224 0000 789CD362 		.ascii	"x\234\323b@\000F\006\006\226\006 `Ncd`b`h\0042\353\030"
 224      40004606 
 224      06960620 
 224      604E6364 
 224      60626068 
 225 0018 18D84042 		.ascii	"\030\330@BL)L !\006F.\260J\000\310\256\007\226"
 225      4C294C20 
 225      2106462E 
 225      B04A00C8 
 225      AE0796
 226              		.text
 227              		.section	.gnu.lto_.jmpfuncs.568050eae58bbff9,"e",%progbits
 228 0000 789C6363 		.ascii	"x\234cc@\000F0\011\000\000\204\000\010"
 228      40004630 
 228      09000084 
 228      0008
 229              		.text
 230              		.section	.gnu.lto_.pureconst.568050eae58bbff9,"e",%progbits
 231 0000 789C6361 		.ascii	"x\234ca```d\230\301\002\000\001`\000\242"
 231      60606064 
 231      98C10200 
 231      016000A2 
 232              		.text
 233              		.section	.gnu.lto_.lto.568050eae58bbff9,"e",%progbits
 234 0000 09000400 		.ascii	"\011\000\004\000\001\000\000\000"
 234      01000000 
 235              		.text
 236              		.section	.gnu.lto_stInit.365.568050eae58bbff9,"e",%progbits
 237 0000 789CEB66 		.ascii	"x\234\353f``\010\007be fdf`\2344\261\213\211\241\241"
 237      60600807 
 237      62652066 
 237      6466609C 
 237      34B18B89 
 238 0016 A1C1819D 		.ascii	"\241\301\201\235\211\261qb\027'\343VF0\217\221\241\236"
 238      89B17162 
 238      1727E356 
 238      46308F91 
 238      A19E
 239 0028 89B19E71 		.ascii	"\211\261\236q2\263&\220\373c\351\254\336\303\214\015"
 239      32B32690 
 239      FB63E9AC 
 239      DEC38C0D 
 240 0038 2B0E302E 		.ascii	"+\0160.af`\230\007\304P\300\006\3431\002\361\372K\254"
 240      61666098 
 240      07C450C0 
 240      06E33102 
 240      F1FA4BAC 
 241 004c 071AFEFC 		.ascii	"\007\032\376\374\357oh\270\373\210q\2362P\274\237\031"
 241      EF6F68B8 
 241      FB88719E 
 241      3250BC9F 
ARM GAS  /tmp/cc3zoJnW.s 			page 7


 241      19
 242 005d 6474030B 		.ascii	"dt\003\013Pv\0023\023\204\331x\200\201\341\025c\303"
 242      50760233 
 242      1384D978 
 242      8081E115 
 242      63C3
 243 006f A3DDC718 		.ascii	"\243\335\307\030\031>06+0\26402-af\234\307\014T\264"
 243      193E3036 
 243      2B30B430 
 243      322D6166 
 243      9CC70C54 
 244 0084 849989E1 		.ascii	"\204\231\211\341\023c\323\203\275n`\323\373\231\031"
 244      1363D383 
 244      BD6E60D3 
 244      FB9919
 245 0093 217A1A0E 		.ascii	"!z\032\016\200\270z\372\031\371\271\251\372\311\031"
 245      80B87AFA 
 245      19F9B9A9 
 245      FAC919
 246 00a2 A96969FA 		.ascii	"\251ii\372\351\231%\372\211\305\305\251Ee\361y\245\311"
 246      E99925FA 
 246      89C5C5A9 
 246      4565F179 
 246      A5C9
 247 00b4 39A9F9C6 		.ascii	"9\251\371\306\372\305E\311\372A\371I\371%\305\372\001"
 247      FAC545C9 
 247      FA41F949 
 247      F925C5FA 
 247      01
 248 00c5 BE9E0C6A 		.ascii	"\276\236\014jzz\372\020\344\234\221\231\224\351\037"
 248      7A7AFA10 
 248      E49C9199 
 248      94E91F
 249 00d4 ACAF9F5F 		.ascii	"\254\257\237_\254\237\221\230\003V\010\244\343\213K"
 249      AC9F9198 
 249      035608A4 
 249      E38B4B
 250 00e3 F4921900 		.ascii	"\364\222\031\000-9M\356"
 250      2D394DEE 
 251              		.text
 252              		.section	.gnu.lto_.symbol_nodes.568050eae58bbff9,"e",%progbits
 253 0000 789C7365 		.ascii	"x\234se\000\002\246\267L\365\014\015@\300\3028\341\034"
 253      0002A6B7 
 253      4CF50C0D 
 253      40C0C238 
 253      E11C
 254 0012 03433D03 		.ascii	"\003C=\003\303\256\206FF\006F\220\034\003\343;\246z"
 254      C3AE8646 
 254      46064690 
 254      1C03E33B 
 254      A67A
 255 0024 C6FF5020 		.ascii	"\306\377P \017V\300\000R\014\222ef`\204hsa\000\000\037"
 255      0F56C000 
 255      520C9265 
 255      66608468 
 255      73610000 
 256 0039 CB160A   		.ascii	"\313\026\012"
ARM GAS  /tmp/cc3zoJnW.s 			page 8


 257              		.text
 258              		.section	.gnu.lto_.refs.568050eae58bbff9,"e",%progbits
 259 0000 789C6364 		.ascii	"x\234cd\000\002\000\000\012\000\002"
 259      00020000 
 259      0A0002
 260              		.text
 261              		.section	.gnu.lto_.decls.568050eae58bbff9,"e",%progbits
 262 0000 789C8D92 		.ascii	"x\234\215\222ML\023A\024\307\337\233)\35524\226\220"
 262      4D4C1341 
 262      14C7DF9B 
 262      29ED3234 
 262      9690
 263 0012 126E4D83 		.ascii	"\022nM\203\242M\014\335\260(\2756\301`\010\037\022["
 263      A24D0CDD 
 263      B028BD36 
 263      C160081F 
 263      125B
 264 0024 0F7AA9A5 		.ascii	"\017z\251\245\323\332&-%\335J\3606\2111x\000BL\214$"
 264      D3DA262D 
 264      25DD4AF0 
 264      36893178 
 264      00424C8C 
 265 0039 1EAC9E3C 		.ascii	"\036\254\236<\030\202F\020E\004jb\032\224\203'9x\301"
 265      18824610 
 265      45046A62 
 265      1A948327 
 265      3978C1
 266 004c 44D3440E 		.ascii	"D\323D\016\0368\020=\340\354vK1\304\204\267;\363\346"
 266      1E38103D 
 266      E0EC764B 
 266      31C484B7 
 266      3BF3E6
 267 005f E3FDFEF3 		.ascii	"\343\375\376\363\346eNQ\200z\004\270\016\000\373\322"
 267      E6654E51 
 267      807A04B8 
 267      0E00FBD2 
 268 006f 88F49FA1 		.ascii	"\210\364\237\241f\306\374\255l\357\340\250\335\222\234"
 268      66C6FCAD 
 268      6CEFE0A8 
 268      DD929C
 269 007e C42129DB 		.ascii	"\304!)\333\272l\313\307`\036R\362x\356\371\244\353;"
 269      BA6CCBC7 
 269      601E52F2 
 269      78EEF9A4 
 269      EB3B
 270 0090 82F1D938 		.ascii	"\202\361\3318\"nu\311\216\3015\012nA\004\261sJ\030e"
 270      226E75C9 
 270      8EC1350A 
 270      6E4104B1 
 270      734A1865 
 271 00a4 94B3127A 		.ascii	"\224\263\022z|\2734\250\020\237\213)O\337c#\253S\010"
 271      7CBB34A8 
 271      109F8B29 
 271      4FDF6323 
 271      AB5308
 272 00b7 293B38F3 		.ascii	");8\363\375\306g\244`\367\006\205\215O6\227\035\202"
 272      FDC667A4 
ARM GAS  /tmp/cc3zoJnW.s 			page 9


 272      60F70685 
 272      8D4F3697 
 272      1D82
 273 00c9 CC0CBA3B 		.ascii	"\314\014\272;\203\262/;J\310%5D\224F9*;\330.-L\331\371"
 273      83B22F3B 
 273      4AC82535 
 273      44944639 
 273      2A3BD82E 
 274 00e1 26B97B06 		.ascii	"&\271{\006K\310\270\346\026B\004\025\305\343*\322\""
 274      4BC8B8E6 
 274      16420415 
 274      C5E32AD2 
 274      22
 275 00f2 ED015094 		.ascii	"\355\001P\224\371\271fVv\270\244\204\217{\033\271\327"
 275      F9B96656 
 275      76B8A484 
 275      8F7B1BB9 
 275      D7
 276 0103 55C23ACE 		.ascii	"U\302:\316\231\333\0072\011\256iA\302\244\262M)\241"
 276      99DB0732 
 276      09AE6941 
 276      C2A4B24D 
 276      29A1
 277 0115 46D1A989 		.ascii	"F\321\251\211\355\237-\254\216\325{\274>\000\016=D\352"
 277      ED9F2DAC 
 277      8ED57BBC 
 277      3E000E3D 
 277      44EA
 278 0127 D2FDAAA1 		.ascii	"\322\375\252\241C\236\311kSD\037#\032\241}e\207,\015"
 278      439EC96B 
 278      53441F23 
 278      1AA17D65 
 278      872C0D
 279 013a F102089B 		.ascii	"\361\002\010\233\342t\242\220\256>\322\307\2074\006"
 279      E274A290 
 279      AE3ED2C7 
 279      873406
 280 0149 6507915B 		.ascii	"e\007\221[n\033\012\2025\222\331e\205H\245n\010f\275"
 280      6E1B0A82 
 280      3592D965 
 280      8548A56E 
 280      0866BD
 281 015c 8C51CD43 		.ascii	"\214Q\315C-\026j\373\004-\2402\267z\260\"*\270\3245"
 281      2D166AFB 
 281      042DA032 
 281      B77AB022 
 281      2AB8D435 
 282 0170 783CD03F 		.ascii	"x<\320?\022\214\207\304\361p\204\251aYu\021\0176*\342"
 282      128C87C4 
 282      F17084A9 
 282      61597511 
 282      0F362AE2 
 283 0184 562EC44A 		.ascii	"V.\304J\213\230KU\346\337\304M\025\264\002\016em\335"
 283      8B984B55 
 283      E6DFC44D 
 283      15B4020E 
 283      656DDD
ARM GAS  /tmp/cc3zoJnW.s 			page 10


 284 0197 D07C60E6 		.ascii	"\320|`\346\263\231*Nl\260\037\262lb\253\031O\314\004"
 284      B3992A4E 
 284      6CB01FB2 
 284      6C62AB19 
 284      4FCC04
 285 01aa 01A90768 		.ascii	"\001\251\007h\033\250\302\264o\011\300W\0254\334p\217"
 285      1BA8C2B4 
 285      6F09C057 
 285      1534DC70 
 285      8F
 286 01bb 621312D9 		.ascii	"b\023\022\331\273\261Q\242\023\313\323\037Y\213\014"
 286      BBB151A2 
 286      13CBD31F 
 286      598B0C
 287 01ca DA11C28D 		.ascii	"\332\021\302\215I|\203\370\3328pY\036\2305\305?<X\370"
 287      497C83F8 
 287      DA387059 
 287      1E9835C5 
 287      3F3C58F8 
 288 01de C45A6767 		.ascii	"\304Zgg\305\336\243\211/ONn/\011qG\306+F\014.\".U\256"
 288      C5DEA389 
 288      2F4F4E6E 
 288      2F097147 
 288      C62B460C 
 289 01f7 B9288105 		.ascii	"\271(\201\005\304\227\030\036\247+h\200\323;\367W\235"
 289      C497181E 
 289      A72B6880 
 289      D33BF757 
 289      9D
 290 0208 ADB342EC 		.ascii	"\255\263B\354\275\230\336\\\360\256\337.\370\014d\345"
 290      BD98DE5C 
 290      F0AEDF2E 
 290      F80C64E5 
 291 0218 0059319D 		.ascii	"\000Y1\235\231\220\315L\310+\251\215\257\363\177\024"
 291      9990CD4C 
 291      C82BA98D 
 291      AFF37F14 
 292 0228 E79A10BF 		.ascii	"\347\232\020\277D\241h3\2005\304U#\245u\363\316\035"
 292      44A16833 
 292      8035C455 
 292      23A575F3 
 292      CE1D
 293 023a 5DE08CE6 		.ascii	"]\340\214\3462c\201x{\346lb\024X,\233\313\307\307\333"
 293      32638178 
 293      7BE66C62 
 293      14582C9B 
 293      CBC7C7DB 
 294 024e 33E7C0AE 		.ascii	"3\347\300\256\347{GR\3716\277_\255\374\335\311\324p"
 294      E77B4752 
 294      F936BF5F 
 294      ADFCDDC9 
 294      D470
 295 0260 EA524855 		.ascii	"\352RHU\263\272\232\214\246U=\0273|D\317\373c\312\305"
 295      B3BA9A8C 
 295      A6553D17 
 295      337C44CF 
 295      FB63CAC5 
ARM GAS  /tmp/cc3zoJnW.s 			page 11


 296 0274 C12BDEEE 		.ascii	"\301+\336\356\216\0004UW\374\321\250\246\305\002\201"
 296      8E003455 
 296      57FCD1A8 
 296      A6C50281 
 297 0284 F3E05793 		.ascii	"\363\340W\223\331L\\\215%\343\211\204z#\225W\243\272"
 297      D94C5C8D 
 297      25E38984 
 297      7A239557 
 297      A3BA
 298 0296 1ECF8D45 		.ascii	"\036\317\215EFn\306\322\361l\247\251s9;\234\315\353"
 298      466EC6D2 
 298      F16CA7A9 
 298      73393B9C 
 298      CDEB
 299 02a8 EAD0402F 		.ascii	"\352\320@/\234>\326\201\320\240\347#\3514\217\244d\216"
 299      9C3ED681 
 299      D0A0E723 
 299      E9348FA4 
 299      648E
 300 02ba C1FF22A3 		.ascii	"\301\377\"\243\362:\272\032\012\017tjj\177\377\0055"
 300      F23ABA1A 
 300      0A0F746A 
 300      6A7FFF05 
 300      35
 301 02cb 743514EE 		.ascii	"t5\024\356\355\356\033\353\260\204\014\011\177\022\376"
 301      EDEE1BEB 
 301      B0840C09 
 301      7F12FE
 302 02da 02172C16 		.ascii	"\002\027,\026\000"
 302      00
 303              		.text
 304              		.section	.gnu.lto_.symtab.568050eae58bbff9,"e",%progbits
 305 0000 7374496E 		.ascii	"stInit\000"
 305      697400
 306 0007 00       		.ascii	"\000"
 307 0008 00       		.ascii	"\000"
 308 0009 00       		.ascii	"\000"
 309 000a 00000000 		.ascii	"\000\000\000\000\000\000\000\000"
 309      00000000 
 310 0012 BC000000 		.ascii	"\274\000\000\000"
 311 0016 73745F6C 		.ascii	"st_lld_init\000"
 311      6C645F69 
 311      6E697400 
 312 0022 00       		.ascii	"\000"
 313 0023 02       		.ascii	"\002"
 314 0024 00       		.ascii	"\000"
 315 0025 00000000 		.ascii	"\000\000\000\000\000\000\000\000"
 315      00000000 
 316 002d BE000000 		.ascii	"\276\000\000\000"
 317              		.text
 318              		.section	.gnu.lto_.ext_symtab.568050eae58bbff9,"e",%progbits
 319 0000 01       		.ascii	"\001"
 320 0001 01       		.ascii	"\001"
 321 0002 00       		.ascii	"\000"
 322 0003 01       		.ascii	"\001"
 323 0004 00       		.ascii	"\000"
 324              		.text
ARM GAS  /tmp/cc3zoJnW.s 			page 12


 325              		.section	.gnu.lto_.opts,"e",%progbits
 326 0000 272D666E 		.ascii	"'-fno-openmp' '-fno-openacc' '-fno-pie' '-fcf-prote"
 326      6F2D6F70 
 326      656E6D70 
 326      2720272D 
 326      666E6F2D 
 327 0033 6374696F 		.ascii	"ction=none' '-g' '-mcpu=cortex-m4' '-mthumb' '-mflo"
 327      6E3D6E6F 
 327      6E652720 
 327      272D6727 
 327      20272D6D 
 328 0066 61742D61 		.ascii	"at-abi=hard' '-mfpu=fpv4-sp-d16' '-mlibarch=armv7e-"
 328      62693D68 
 328      61726427 
 328      20272D6D 
 328      6670753D 
 329 0099 6D2B6670 		.ascii	"m+fp' '-march=armv7e-m+fp' '-Og' '-fomit-frame-poin"
 329      2720272D 
 329      6D617263 
 329      683D6172 
 329      6D763765 
 330 00cc 74657227 		.ascii	"ter' '-falign-functions=16' '-ffunction-sections' '"
 330      20272D66 
 330      616C6967 
 330      6E2D6675 
 330      6E637469 
 331 00ff 2D666461 		.ascii	"-fdata-sections' '-fno-common' '-flto' '-Xassembler"
 331      74612D73 
 331      65637469 
 331      6F6E7327 
 331      20272D66 
 332 0132 2720272D 		.ascii	"' '-alms=./build/lst/hal_st.lst'\000"
 332      616C6D73 
 332      3D2E2F62 
 332      75696C64 
 332      2F6C7374 
 333              		.text
 334              		.comm	__gnu_lto_slim,1,1
 335              		.ident	"GCC: (GNU Arm Embedded Toolchain 10.3-2021.10) 10.3.1 20210824 (release)"
ARM GAS  /tmp/cc3zoJnW.s 			page 13


DEFINED SYMBOLS
                            *ABS*:0000000000000000 hal_st.c
     /tmp/cc3zoJnW.s:21     .gnu.debuglto_.debug_info:0000000000000000 hal_st.c.aa22c775
                            *COM*:0000000000000001 __gnu_lto_slim

NO UNDEFINED SYMBOLS
