ARM GAS  /tmp/ccv9bXW2.s 			page 1


   1              		.cpu cortex-m4
   2              		.arch armv7e-m
   3              		.fpu fpv4-sp-d16
   4              		.eabi_attribute 27, 1
   5              		.eabi_attribute 28, 1
   6              		.eabi_attribute 20, 1
   7              		.eabi_attribute 21, 1
   8              		.eabi_attribute 23, 3
   9              		.eabi_attribute 24, 1
  10              		.eabi_attribute 25, 1
  11              		.eabi_attribute 26, 1
  12              		.eabi_attribute 30, 1
  13              		.eabi_attribute 34, 1
  14              		.eabi_attribute 18, 4
  15              		.file	"memstreams.c"
  16              		.file 1 "/home/cheff/dev_tools/gcc-arm-none-eabi-10.3-2021.10/lib/gcc/arm-none-eabi/10.3.1/include
  17              		.file 2 "/home/cheff/dev_tools/gcc-arm-none-eabi-10.3-2021.10/arm-none-eabi/include/machine/_defau
  18              		.file 3 "/home/cheff/dev_tools/gcc-arm-none-eabi-10.3-2021.10/arm-none-eabi/include/sys/_stdint.h"
  19              		.file 4 "../../../ChibiOS//os/rt/include/chearly.h"
  20              		.file 5 "../../../ChibiOS//os/hal/lib/streams/memstreams.h"
  21              		.file 6 "../../../ChibiOS//os/hal/lib/streams/memstreams.c"
  22              		.section	.gnu.debuglto_.debug_info,"e",%progbits
  23              	.Ldebug_info0:
  24              		.hidden	memstreams.c.87b35176
  25              		.weak	memstreams.c.87b35176
  26              	memstreams.c.87b35176:
  27 0000 56030000 		.4byte	0x356
  28 0004 0400     		.2byte	0x4
  29 0006 00000000 		.4byte	.Ldebug_abbrev0
  30 000a 04       		.byte	0x4
  31 000b 01       		.uleb128 0x1
  32 000c 8D000000 		.4byte	.LASF30
  33 0010 0C       		.byte	0xc
  34 0011 4E000000 		.4byte	.LASF31
  35 0015 11000000 		.4byte	.LASF32
  36 0019 00000000 		.4byte	.Ldebug_line0
  37 001d 02       		.uleb128 0x2
  38 001e 04       		.byte	0x4
  39 001f 05       		.byte	0x5
  40 0020 696E7400 		.ascii	"int\000"
  41 0024 03       		.uleb128 0x3
  42 0025 0A000000 		.4byte	.LASF4
  43 0029 01       		.byte	0x1
  44 002a D1       		.byte	0xd1
  45 002b 17       		.byte	0x17
  46 002c 30000000 		.4byte	0x30
  47 0030 04       		.uleb128 0x4
  48 0031 04       		.byte	0x4
  49 0032 07       		.byte	0x7
  50 0033 80000000 		.4byte	.LASF0
  51 0037 04       		.uleb128 0x4
  52 0038 08       		.byte	0x8
  53 0039 05       		.byte	0x5
  54 003a 24020000 		.4byte	.LASF1
  55 003e 04       		.uleb128 0x4
  56 003f 08       		.byte	0x8
  57 0040 04       		.byte	0x4
ARM GAS  /tmp/ccv9bXW2.s 			page 2


  58 0041 77010000 		.4byte	.LASF2
  59 0045 04       		.uleb128 0x4
  60 0046 01       		.byte	0x1
  61 0047 06       		.byte	0x6
  62 0048 83010000 		.4byte	.LASF3
  63 004c 03       		.uleb128 0x3
  64 004d 00000000 		.4byte	.LASF5
  65 0051 02       		.byte	0x2
  66 0052 2B       		.byte	0x2b
  67 0053 18       		.byte	0x18
  68 0054 58000000 		.4byte	0x58
  69 0058 04       		.uleb128 0x4
  70 0059 01       		.byte	0x1
  71 005a 08       		.byte	0x8
  72 005b 8F010000 		.4byte	.LASF6
  73 005f 04       		.uleb128 0x4
  74 0060 02       		.byte	0x2
  75 0061 05       		.byte	0x5
  76 0062 39020000 		.4byte	.LASF7
  77 0066 04       		.uleb128 0x4
  78 0067 02       		.byte	0x2
  79 0068 07       		.byte	0x7
  80 0069 9D010000 		.4byte	.LASF8
  81 006d 03       		.uleb128 0x3
  82 006e 44000000 		.4byte	.LASF9
  83 0072 02       		.byte	0x2
  84 0073 4D       		.byte	0x4d
  85 0074 18       		.byte	0x18
  86 0075 79000000 		.4byte	0x79
  87 0079 04       		.uleb128 0x4
  88 007a 04       		.byte	0x4
  89 007b 05       		.byte	0x5
  90 007c 4A020000 		.4byte	.LASF10
  91 0080 04       		.uleb128 0x4
  92 0081 04       		.byte	0x4
  93 0082 07       		.byte	0x7
  94 0083 DD010000 		.4byte	.LASF11
  95 0087 04       		.uleb128 0x4
  96 0088 08       		.byte	0x8
  97 0089 07       		.byte	0x7
  98 008a 6D020000 		.4byte	.LASF12
  99 008e 05       		.uleb128 0x5
 100 008f 04       		.byte	0x4
 101 0090 04       		.uleb128 0x4
 102 0091 01       		.byte	0x1
 103 0092 08       		.byte	0x8
 104 0093 FA010000 		.4byte	.LASF13
 105 0097 03       		.uleb128 0x3
 106 0098 FF010000 		.4byte	.LASF14
 107 009c 03       		.byte	0x3
 108 009d 18       		.byte	0x18
 109 009e 13       		.byte	0x13
 110 009f 4C000000 		.4byte	0x4c
 111 00a3 06       		.uleb128 0x6
 112 00a4 97000000 		.4byte	0x97
 113 00a8 03       		.uleb128 0x3
 114 00a9 14020000 		.4byte	.LASF15
ARM GAS  /tmp/ccv9bXW2.s 			page 3


 115 00ad 03       		.byte	0x3
 116 00ae 2C       		.byte	0x2c
 117 00af 13       		.byte	0x13
 118 00b0 6D000000 		.4byte	0x6d
 119 00b4 03       		.uleb128 0x3
 120 00b5 07020000 		.4byte	.LASF16
 121 00b9 04       		.byte	0x4
 122 00ba 58       		.byte	0x58
 123 00bb 19       		.byte	0x19
 124 00bc A8000000 		.4byte	0xa8
 125 00c0 04       		.uleb128 0x4
 126 00c1 01       		.byte	0x1
 127 00c2 02       		.byte	0x2
 128 00c3 67020000 		.4byte	.LASF17
 129 00c7 07       		.uleb128 0x7
 130 00c8 04       		.byte	0x4
 131 00c9 97000000 		.4byte	0x97
 132 00cd 08       		.uleb128 0x8
 133 00ce 24000000 		.4byte	0x24
 134 00d2 E6000000 		.4byte	0xe6
 135 00d6 09       		.uleb128 0x9
 136 00d7 8E000000 		.4byte	0x8e
 137 00db 09       		.uleb128 0x9
 138 00dc E6000000 		.4byte	0xe6
 139 00e0 09       		.uleb128 0x9
 140 00e1 24000000 		.4byte	0x24
 141 00e5 00       		.byte	0
 142 00e6 07       		.uleb128 0x7
 143 00e7 04       		.byte	0x4
 144 00e8 A3000000 		.4byte	0xa3
 145 00ec 07       		.uleb128 0x7
 146 00ed 04       		.byte	0x4
 147 00ee CD000000 		.4byte	0xcd
 148 00f2 08       		.uleb128 0x8
 149 00f3 24000000 		.4byte	0x24
 150 00f7 0B010000 		.4byte	0x10b
 151 00fb 09       		.uleb128 0x9
 152 00fc 8E000000 		.4byte	0x8e
 153 0100 09       		.uleb128 0x9
 154 0101 C7000000 		.4byte	0xc7
 155 0105 09       		.uleb128 0x9
 156 0106 24000000 		.4byte	0x24
 157 010a 00       		.byte	0
 158 010b 07       		.uleb128 0x7
 159 010c 04       		.byte	0x4
 160 010d F2000000 		.4byte	0xf2
 161 0111 08       		.uleb128 0x8
 162 0112 B4000000 		.4byte	0xb4
 163 0116 25010000 		.4byte	0x125
 164 011a 09       		.uleb128 0x9
 165 011b 8E000000 		.4byte	0x8e
 166 011f 09       		.uleb128 0x9
 167 0120 97000000 		.4byte	0x97
 168 0124 00       		.byte	0
 169 0125 07       		.uleb128 0x7
 170 0126 04       		.byte	0x4
 171 0127 11010000 		.4byte	0x111
ARM GAS  /tmp/ccv9bXW2.s 			page 4


 172 012b 08       		.uleb128 0x8
 173 012c B4000000 		.4byte	0xb4
 174 0130 3A010000 		.4byte	0x13a
 175 0134 09       		.uleb128 0x9
 176 0135 8E000000 		.4byte	0x8e
 177 0139 00       		.byte	0
 178 013a 07       		.uleb128 0x7
 179 013b 04       		.byte	0x4
 180 013c 2B010000 		.4byte	0x12b
 181 0140 0A       		.uleb128 0xa
 182 0141 6A010000 		.4byte	.LASF33
 183 0145 18       		.byte	0x18
 184 0146 05       		.byte	0x5
 185 0147 3D       		.byte	0x3d
 186 0148 08       		.byte	0x8
 187 0149 9C010000 		.4byte	0x19c
 188 014d 0B       		.uleb128 0xb
 189 014e C3010000 		.4byte	.LASF18
 190 0152 05       		.byte	0x5
 191 0153 3E       		.byte	0x3e
 192 0154 03       		.byte	0x3
 193 0155 24000000 		.4byte	0x24
 194 0159 00       		.byte	0
 195 015a 0B       		.uleb128 0xb
 196 015b B0010000 		.4byte	.LASF19
 197 015f 05       		.byte	0x5
 198 0160 3E       		.byte	0x3e
 199 0161 03       		.byte	0x3
 200 0162 EC000000 		.4byte	0xec
 201 0166 04       		.byte	0x4
 202 0167 0B       		.uleb128 0xb
 203 0168 D8010000 		.4byte	.LASF20
 204 016c 05       		.byte	0x5
 205 016d 3E       		.byte	0x3e
 206 016e 03       		.byte	0x3
 207 016f 0B010000 		.4byte	0x10b
 208 0173 08       		.byte	0x8
 209 0174 0C       		.uleb128 0xc
 210 0175 70757400 		.ascii	"put\000"
 211 0179 05       		.byte	0x5
 212 017a 3E       		.byte	0x3e
 213 017b 03       		.byte	0x3
 214 017c 25010000 		.4byte	0x125
 215 0180 0C       		.byte	0xc
 216 0181 0C       		.uleb128 0xc
 217 0182 67657400 		.ascii	"get\000"
 218 0186 05       		.byte	0x5
 219 0187 3E       		.byte	0x3e
 220 0188 03       		.byte	0x3
 221 0189 3A010000 		.4byte	0x13a
 222 018d 10       		.byte	0x10
 223 018e 0B       		.uleb128 0xb
 224 018f EF010000 		.4byte	.LASF21
 225 0193 05       		.byte	0x5
 226 0194 3E       		.byte	0x3e
 227 0195 03       		.byte	0x3
 228 0196 25010000 		.4byte	0x125
ARM GAS  /tmp/ccv9bXW2.s 			page 5


 229 019a 14       		.byte	0x14
 230 019b 00       		.byte	0
 231 019c 06       		.uleb128 0x6
 232 019d 40010000 		.4byte	0x140
 233 01a1 0D       		.uleb128 0xd
 234 01a2 14       		.byte	0x14
 235 01a3 05       		.byte	0x5
 236 01a4 46       		.byte	0x46
 237 01a5 09       		.byte	0x9
 238 01a6 EC010000 		.4byte	0x1ec
 239 01aa 0C       		.uleb128 0xc
 240 01ab 766D7400 		.ascii	"vmt\000"
 241 01af 05       		.byte	0x5
 242 01b0 48       		.byte	0x48
 243 01b1 1E       		.byte	0x1e
 244 01b2 EC010000 		.4byte	0x1ec
 245 01b6 00       		.byte	0
 246 01b7 0B       		.uleb128 0xb
 247 01b8 43020000 		.4byte	.LASF22
 248 01bc 05       		.byte	0x5
 249 01bd 49       		.byte	0x49
 250 01be 03       		.byte	0x3
 251 01bf C7000000 		.4byte	0xc7
 252 01c3 04       		.byte	0x4
 253 01c4 0B       		.uleb128 0xb
 254 01c5 F5010000 		.4byte	.LASF23
 255 01c9 05       		.byte	0x5
 256 01ca 49       		.byte	0x49
 257 01cb 03       		.byte	0x3
 258 01cc 24000000 		.4byte	0x24
 259 01d0 08       		.byte	0x8
 260 01d1 0C       		.uleb128 0xc
 261 01d2 656F7300 		.ascii	"eos\000"
 262 01d6 05       		.byte	0x5
 263 01d7 49       		.byte	0x49
 264 01d8 03       		.byte	0x3
 265 01d9 24000000 		.4byte	0x24
 266 01dd 0C       		.byte	0xc
 267 01de 0B       		.uleb128 0xb
 268 01df 32020000 		.4byte	.LASF24
 269 01e3 05       		.byte	0x5
 270 01e4 49       		.byte	0x49
 271 01e5 03       		.byte	0x3
 272 01e6 24000000 		.4byte	0x24
 273 01ea 10       		.byte	0x10
 274 01eb 00       		.byte	0
 275 01ec 07       		.uleb128 0x7
 276 01ed 04       		.byte	0x4
 277 01ee 9C010000 		.4byte	0x19c
 278 01f2 03       		.uleb128 0x3
 279 01f3 53020000 		.4byte	.LASF25
 280 01f7 05       		.byte	0x5
 281 01f8 4A       		.byte	0x4a
 282 01f9 03       		.byte	0x3
 283 01fa A1010000 		.4byte	0x1a1
 284 01fe 0E       		.uleb128 0xe
 285 01ff 766D7400 		.ascii	"vmt\000"
ARM GAS  /tmp/ccv9bXW2.s 			page 6


 286 0203 06       		.byte	0x6
 287 0204 64       		.byte	0x64
 288 0205 22       		.byte	0x22
 289 0206 9C010000 		.4byte	0x19c
 290 020a 0F       		.uleb128 0xf
 291 020b B6010000 		.4byte	.LASF34
 292 020f 06       		.byte	0x6
 293 0210 74       		.byte	0x74
 294 0211 06       		.byte	0x6
 295 0212 47020000 		.4byte	0x247
 296 0216 10       		.uleb128 0x10
 297 0217 6D737000 		.ascii	"msp\000"
 298 021b 06       		.byte	0x6
 299 021c 74       		.byte	0x74
 300 021d 21       		.byte	0x21
 301 021e 47020000 		.4byte	0x247
 302 0222 11       		.uleb128 0x11
 303 0223 43020000 		.4byte	.LASF22
 304 0227 06       		.byte	0x6
 305 0228 74       		.byte	0x74
 306 0229 2F       		.byte	0x2f
 307 022a C7000000 		.4byte	0xc7
 308 022e 11       		.uleb128 0x11
 309 022f F5010000 		.4byte	.LASF23
 310 0233 06       		.byte	0x6
 311 0234 75       		.byte	0x75
 312 0235 1A       		.byte	0x1a
 313 0236 24000000 		.4byte	0x24
 314 023a 10       		.uleb128 0x10
 315 023b 656F7300 		.ascii	"eos\000"
 316 023f 06       		.byte	0x6
 317 0240 75       		.byte	0x75
 318 0241 27       		.byte	0x27
 319 0242 24000000 		.4byte	0x24
 320 0246 00       		.byte	0
 321 0247 07       		.uleb128 0x7
 322 0248 04       		.byte	0x4
 323 0249 F2010000 		.4byte	0x1f2
 324 024d 12       		.uleb128 0x12
 325 024e 60020000 		.4byte	.LASF26
 326 0252 06       		.byte	0x6
 327 0253 58       		.byte	0x58
 328 0254 0E       		.byte	0xe
 329 0255 B4000000 		.4byte	0xb4
 330 0259 7F020000 		.4byte	0x27f
 331 025d 10       		.uleb128 0x10
 332 025e 697000   		.ascii	"ip\000"
 333 0261 06       		.byte	0x6
 334 0262 58       		.byte	0x58
 335 0263 1B       		.byte	0x1b
 336 0264 8E000000 		.4byte	0x8e
 337 0268 10       		.uleb128 0x10
 338 0269 6200     		.ascii	"b\000"
 339 026b 06       		.byte	0x6
 340 026c 58       		.byte	0x58
 341 026d 27       		.byte	0x27
 342 026e 97000000 		.4byte	0x97
ARM GAS  /tmp/ccv9bXW2.s 			page 7


 343 0272 0E       		.uleb128 0xe
 344 0273 6D737000 		.ascii	"msp\000"
 345 0277 06       		.byte	0x6
 346 0278 5A       		.byte	0x5a
 347 0279 11       		.byte	0x11
 348 027a 47020000 		.4byte	0x247
 349 027e 00       		.byte	0
 350 027f 12       		.uleb128 0x12
 351 0280 D3010000 		.4byte	.LASF27
 352 0284 06       		.byte	0x6
 353 0285 4D       		.byte	0x4d
 354 0286 0E       		.byte	0xe
 355 0287 B4000000 		.4byte	0xb4
 356 028b B1020000 		.4byte	0x2b1
 357 028f 10       		.uleb128 0x10
 358 0290 697000   		.ascii	"ip\000"
 359 0293 06       		.byte	0x6
 360 0294 4D       		.byte	0x4d
 361 0295 19       		.byte	0x19
 362 0296 8E000000 		.4byte	0x8e
 363 029a 0E       		.uleb128 0xe
 364 029b 6200     		.ascii	"b\000"
 365 029d 06       		.byte	0x6
 366 029e 4E       		.byte	0x4e
 367 029f 0B       		.byte	0xb
 368 02a0 97000000 		.4byte	0x97
 369 02a4 0E       		.uleb128 0xe
 370 02a5 6D737000 		.ascii	"msp\000"
 371 02a9 06       		.byte	0x6
 372 02aa 4F       		.byte	0x4f
 373 02ab 11       		.byte	0x11
 374 02ac 47020000 		.4byte	0x247
 375 02b0 00       		.byte	0
 376 02b1 12       		.uleb128 0x12
 377 02b2 3F000000 		.4byte	.LASF28
 378 02b6 06       		.byte	0x6
 379 02b7 43       		.byte	0x43
 380 02b8 0E       		.byte	0xe
 381 02b9 B4000000 		.4byte	0xb4
 382 02bd E3020000 		.4byte	0x2e3
 383 02c1 10       		.uleb128 0x10
 384 02c2 697000   		.ascii	"ip\000"
 385 02c5 06       		.byte	0x6
 386 02c6 43       		.byte	0x43
 387 02c7 19       		.byte	0x19
 388 02c8 8E000000 		.4byte	0x8e
 389 02cc 10       		.uleb128 0x10
 390 02cd 6200     		.ascii	"b\000"
 391 02cf 06       		.byte	0x6
 392 02d0 43       		.byte	0x43
 393 02d1 25       		.byte	0x25
 394 02d2 97000000 		.4byte	0x97
 395 02d6 0E       		.uleb128 0xe
 396 02d7 6D737000 		.ascii	"msp\000"
 397 02db 06       		.byte	0x6
 398 02dc 44       		.byte	0x44
 399 02dd 11       		.byte	0x11
ARM GAS  /tmp/ccv9bXW2.s 			page 8


 400 02de 47020000 		.4byte	0x247
 401 02e2 00       		.byte	0
 402 02e3 12       		.uleb128 0x12
 403 02e4 0D020000 		.4byte	.LASF29
 404 02e8 06       		.byte	0x6
 405 02e9 39       		.byte	0x39
 406 02ea 0F       		.byte	0xf
 407 02eb 24000000 		.4byte	0x24
 408 02ef 20030000 		.4byte	0x320
 409 02f3 10       		.uleb128 0x10
 410 02f4 697000   		.ascii	"ip\000"
 411 02f7 06       		.byte	0x6
 412 02f8 39       		.byte	0x39
 413 02f9 1C       		.byte	0x1c
 414 02fa 8E000000 		.4byte	0x8e
 415 02fe 10       		.uleb128 0x10
 416 02ff 627000   		.ascii	"bp\000"
 417 0302 06       		.byte	0x6
 418 0303 39       		.byte	0x39
 419 0304 29       		.byte	0x29
 420 0305 C7000000 		.4byte	0xc7
 421 0309 10       		.uleb128 0x10
 422 030a 6E00     		.ascii	"n\000"
 423 030c 06       		.byte	0x6
 424 030d 39       		.byte	0x39
 425 030e 34       		.byte	0x34
 426 030f 24000000 		.4byte	0x24
 427 0313 0E       		.uleb128 0xe
 428 0314 6D737000 		.ascii	"msp\000"
 429 0318 06       		.byte	0x6
 430 0319 3A       		.byte	0x3a
 431 031a 11       		.byte	0x11
 432 031b 47020000 		.4byte	0x247
 433 031f 00       		.byte	0
 434 0320 13       		.uleb128 0x13
 435 0321 1C020000 		.4byte	.LASF35
 436 0325 06       		.byte	0x6
 437 0326 2F       		.byte	0x2f
 438 0327 0F       		.byte	0xf
 439 0328 24000000 		.4byte	0x24
 440 032c 10       		.uleb128 0x10
 441 032d 697000   		.ascii	"ip\000"
 442 0330 06       		.byte	0x6
 443 0331 2F       		.byte	0x2f
 444 0332 1D       		.byte	0x1d
 445 0333 8E000000 		.4byte	0x8e
 446 0337 10       		.uleb128 0x10
 447 0338 627000   		.ascii	"bp\000"
 448 033b 06       		.byte	0x6
 449 033c 2F       		.byte	0x2f
 450 033d 30       		.byte	0x30
 451 033e E6000000 		.4byte	0xe6
 452 0342 10       		.uleb128 0x10
 453 0343 6E00     		.ascii	"n\000"
 454 0345 06       		.byte	0x6
 455 0346 2F       		.byte	0x2f
 456 0347 3B       		.byte	0x3b
ARM GAS  /tmp/ccv9bXW2.s 			page 9


 457 0348 24000000 		.4byte	0x24
 458 034c 0E       		.uleb128 0xe
 459 034d 6D737000 		.ascii	"msp\000"
 460 0351 06       		.byte	0x6
 461 0352 30       		.byte	0x30
 462 0353 11       		.byte	0x11
 463 0354 47020000 		.4byte	0x247
 464 0358 00       		.byte	0
 465 0359 00       		.byte	0
 466              		.section	.gnu.debuglto_.debug_abbrev,"e",%progbits
 467              	.Ldebug_abbrev0:
 468 0000 01       		.uleb128 0x1
 469 0001 11       		.uleb128 0x11
 470 0002 01       		.byte	0x1
 471 0003 25       		.uleb128 0x25
 472 0004 0E       		.uleb128 0xe
 473 0005 13       		.uleb128 0x13
 474 0006 0B       		.uleb128 0xb
 475 0007 03       		.uleb128 0x3
 476 0008 0E       		.uleb128 0xe
 477 0009 1B       		.uleb128 0x1b
 478 000a 0E       		.uleb128 0xe
 479 000b 10       		.uleb128 0x10
 480 000c 17       		.uleb128 0x17
 481 000d 00       		.byte	0
 482 000e 00       		.byte	0
 483 000f 02       		.uleb128 0x2
 484 0010 24       		.uleb128 0x24
 485 0011 00       		.byte	0
 486 0012 0B       		.uleb128 0xb
 487 0013 0B       		.uleb128 0xb
 488 0014 3E       		.uleb128 0x3e
 489 0015 0B       		.uleb128 0xb
 490 0016 03       		.uleb128 0x3
 491 0017 08       		.uleb128 0x8
 492 0018 00       		.byte	0
 493 0019 00       		.byte	0
 494 001a 03       		.uleb128 0x3
 495 001b 16       		.uleb128 0x16
 496 001c 00       		.byte	0
 497 001d 03       		.uleb128 0x3
 498 001e 0E       		.uleb128 0xe
 499 001f 3A       		.uleb128 0x3a
 500 0020 0B       		.uleb128 0xb
 501 0021 3B       		.uleb128 0x3b
 502 0022 0B       		.uleb128 0xb
 503 0023 39       		.uleb128 0x39
 504 0024 0B       		.uleb128 0xb
 505 0025 49       		.uleb128 0x49
 506 0026 13       		.uleb128 0x13
 507 0027 00       		.byte	0
 508 0028 00       		.byte	0
 509 0029 04       		.uleb128 0x4
 510 002a 24       		.uleb128 0x24
 511 002b 00       		.byte	0
 512 002c 0B       		.uleb128 0xb
 513 002d 0B       		.uleb128 0xb
ARM GAS  /tmp/ccv9bXW2.s 			page 10


 514 002e 3E       		.uleb128 0x3e
 515 002f 0B       		.uleb128 0xb
 516 0030 03       		.uleb128 0x3
 517 0031 0E       		.uleb128 0xe
 518 0032 00       		.byte	0
 519 0033 00       		.byte	0
 520 0034 05       		.uleb128 0x5
 521 0035 0F       		.uleb128 0xf
 522 0036 00       		.byte	0
 523 0037 0B       		.uleb128 0xb
 524 0038 0B       		.uleb128 0xb
 525 0039 00       		.byte	0
 526 003a 00       		.byte	0
 527 003b 06       		.uleb128 0x6
 528 003c 26       		.uleb128 0x26
 529 003d 00       		.byte	0
 530 003e 49       		.uleb128 0x49
 531 003f 13       		.uleb128 0x13
 532 0040 00       		.byte	0
 533 0041 00       		.byte	0
 534 0042 07       		.uleb128 0x7
 535 0043 0F       		.uleb128 0xf
 536 0044 00       		.byte	0
 537 0045 0B       		.uleb128 0xb
 538 0046 0B       		.uleb128 0xb
 539 0047 49       		.uleb128 0x49
 540 0048 13       		.uleb128 0x13
 541 0049 00       		.byte	0
 542 004a 00       		.byte	0
 543 004b 08       		.uleb128 0x8
 544 004c 15       		.uleb128 0x15
 545 004d 01       		.byte	0x1
 546 004e 27       		.uleb128 0x27
 547 004f 19       		.uleb128 0x19
 548 0050 49       		.uleb128 0x49
 549 0051 13       		.uleb128 0x13
 550 0052 01       		.uleb128 0x1
 551 0053 13       		.uleb128 0x13
 552 0054 00       		.byte	0
 553 0055 00       		.byte	0
 554 0056 09       		.uleb128 0x9
 555 0057 05       		.uleb128 0x5
 556 0058 00       		.byte	0
 557 0059 49       		.uleb128 0x49
 558 005a 13       		.uleb128 0x13
 559 005b 00       		.byte	0
 560 005c 00       		.byte	0
 561 005d 0A       		.uleb128 0xa
 562 005e 13       		.uleb128 0x13
 563 005f 01       		.byte	0x1
 564 0060 03       		.uleb128 0x3
 565 0061 0E       		.uleb128 0xe
 566 0062 0B       		.uleb128 0xb
 567 0063 0B       		.uleb128 0xb
 568 0064 3A       		.uleb128 0x3a
 569 0065 0B       		.uleb128 0xb
 570 0066 3B       		.uleb128 0x3b
ARM GAS  /tmp/ccv9bXW2.s 			page 11


 571 0067 0B       		.uleb128 0xb
 572 0068 39       		.uleb128 0x39
 573 0069 0B       		.uleb128 0xb
 574 006a 01       		.uleb128 0x1
 575 006b 13       		.uleb128 0x13
 576 006c 00       		.byte	0
 577 006d 00       		.byte	0
 578 006e 0B       		.uleb128 0xb
 579 006f 0D       		.uleb128 0xd
 580 0070 00       		.byte	0
 581 0071 03       		.uleb128 0x3
 582 0072 0E       		.uleb128 0xe
 583 0073 3A       		.uleb128 0x3a
 584 0074 0B       		.uleb128 0xb
 585 0075 3B       		.uleb128 0x3b
 586 0076 0B       		.uleb128 0xb
 587 0077 39       		.uleb128 0x39
 588 0078 0B       		.uleb128 0xb
 589 0079 49       		.uleb128 0x49
 590 007a 13       		.uleb128 0x13
 591 007b 38       		.uleb128 0x38
 592 007c 0B       		.uleb128 0xb
 593 007d 00       		.byte	0
 594 007e 00       		.byte	0
 595 007f 0C       		.uleb128 0xc
 596 0080 0D       		.uleb128 0xd
 597 0081 00       		.byte	0
 598 0082 03       		.uleb128 0x3
 599 0083 08       		.uleb128 0x8
 600 0084 3A       		.uleb128 0x3a
 601 0085 0B       		.uleb128 0xb
 602 0086 3B       		.uleb128 0x3b
 603 0087 0B       		.uleb128 0xb
 604 0088 39       		.uleb128 0x39
 605 0089 0B       		.uleb128 0xb
 606 008a 49       		.uleb128 0x49
 607 008b 13       		.uleb128 0x13
 608 008c 38       		.uleb128 0x38
 609 008d 0B       		.uleb128 0xb
 610 008e 00       		.byte	0
 611 008f 00       		.byte	0
 612 0090 0D       		.uleb128 0xd
 613 0091 13       		.uleb128 0x13
 614 0092 01       		.byte	0x1
 615 0093 0B       		.uleb128 0xb
 616 0094 0B       		.uleb128 0xb
 617 0095 3A       		.uleb128 0x3a
 618 0096 0B       		.uleb128 0xb
 619 0097 3B       		.uleb128 0x3b
 620 0098 0B       		.uleb128 0xb
 621 0099 39       		.uleb128 0x39
 622 009a 0B       		.uleb128 0xb
 623 009b 01       		.uleb128 0x1
 624 009c 13       		.uleb128 0x13
 625 009d 00       		.byte	0
 626 009e 00       		.byte	0
 627 009f 0E       		.uleb128 0xe
ARM GAS  /tmp/ccv9bXW2.s 			page 12


 628 00a0 34       		.uleb128 0x34
 629 00a1 00       		.byte	0
 630 00a2 03       		.uleb128 0x3
 631 00a3 08       		.uleb128 0x8
 632 00a4 3A       		.uleb128 0x3a
 633 00a5 0B       		.uleb128 0xb
 634 00a6 3B       		.uleb128 0x3b
 635 00a7 0B       		.uleb128 0xb
 636 00a8 39       		.uleb128 0x39
 637 00a9 0B       		.uleb128 0xb
 638 00aa 49       		.uleb128 0x49
 639 00ab 13       		.uleb128 0x13
 640 00ac 00       		.byte	0
 641 00ad 00       		.byte	0
 642 00ae 0F       		.uleb128 0xf
 643 00af 2E       		.uleb128 0x2e
 644 00b0 01       		.byte	0x1
 645 00b1 3F       		.uleb128 0x3f
 646 00b2 19       		.uleb128 0x19
 647 00b3 03       		.uleb128 0x3
 648 00b4 0E       		.uleb128 0xe
 649 00b5 3A       		.uleb128 0x3a
 650 00b6 0B       		.uleb128 0xb
 651 00b7 3B       		.uleb128 0x3b
 652 00b8 0B       		.uleb128 0xb
 653 00b9 39       		.uleb128 0x39
 654 00ba 0B       		.uleb128 0xb
 655 00bb 27       		.uleb128 0x27
 656 00bc 19       		.uleb128 0x19
 657 00bd 01       		.uleb128 0x1
 658 00be 13       		.uleb128 0x13
 659 00bf 00       		.byte	0
 660 00c0 00       		.byte	0
 661 00c1 10       		.uleb128 0x10
 662 00c2 05       		.uleb128 0x5
 663 00c3 00       		.byte	0
 664 00c4 03       		.uleb128 0x3
 665 00c5 08       		.uleb128 0x8
 666 00c6 3A       		.uleb128 0x3a
 667 00c7 0B       		.uleb128 0xb
 668 00c8 3B       		.uleb128 0x3b
 669 00c9 0B       		.uleb128 0xb
 670 00ca 39       		.uleb128 0x39
 671 00cb 0B       		.uleb128 0xb
 672 00cc 49       		.uleb128 0x49
 673 00cd 13       		.uleb128 0x13
 674 00ce 00       		.byte	0
 675 00cf 00       		.byte	0
 676 00d0 11       		.uleb128 0x11
 677 00d1 05       		.uleb128 0x5
 678 00d2 00       		.byte	0
 679 00d3 03       		.uleb128 0x3
 680 00d4 0E       		.uleb128 0xe
 681 00d5 3A       		.uleb128 0x3a
 682 00d6 0B       		.uleb128 0xb
 683 00d7 3B       		.uleb128 0x3b
 684 00d8 0B       		.uleb128 0xb
ARM GAS  /tmp/ccv9bXW2.s 			page 13


 685 00d9 39       		.uleb128 0x39
 686 00da 0B       		.uleb128 0xb
 687 00db 49       		.uleb128 0x49
 688 00dc 13       		.uleb128 0x13
 689 00dd 00       		.byte	0
 690 00de 00       		.byte	0
 691 00df 12       		.uleb128 0x12
 692 00e0 2E       		.uleb128 0x2e
 693 00e1 01       		.byte	0x1
 694 00e2 03       		.uleb128 0x3
 695 00e3 0E       		.uleb128 0xe
 696 00e4 3A       		.uleb128 0x3a
 697 00e5 0B       		.uleb128 0xb
 698 00e6 3B       		.uleb128 0x3b
 699 00e7 0B       		.uleb128 0xb
 700 00e8 39       		.uleb128 0x39
 701 00e9 0B       		.uleb128 0xb
 702 00ea 27       		.uleb128 0x27
 703 00eb 19       		.uleb128 0x19
 704 00ec 49       		.uleb128 0x49
 705 00ed 13       		.uleb128 0x13
 706 00ee 01       		.uleb128 0x1
 707 00ef 13       		.uleb128 0x13
 708 00f0 00       		.byte	0
 709 00f1 00       		.byte	0
 710 00f2 13       		.uleb128 0x13
 711 00f3 2E       		.uleb128 0x2e
 712 00f4 01       		.byte	0x1
 713 00f5 03       		.uleb128 0x3
 714 00f6 0E       		.uleb128 0xe
 715 00f7 3A       		.uleb128 0x3a
 716 00f8 0B       		.uleb128 0xb
 717 00f9 3B       		.uleb128 0x3b
 718 00fa 0B       		.uleb128 0xb
 719 00fb 39       		.uleb128 0x39
 720 00fc 0B       		.uleb128 0xb
 721 00fd 27       		.uleb128 0x27
 722 00fe 19       		.uleb128 0x19
 723 00ff 49       		.uleb128 0x49
 724 0100 13       		.uleb128 0x13
 725 0101 00       		.byte	0
 726 0102 00       		.byte	0
 727 0103 00       		.byte	0
 728              		.section	.gnu.debuglto_.debug_line,"e",%progbits
 729              	.Ldebug_line0:
 730 0000 B5010000 		.4byte	.LELT0-.LSLT0
 731              	.LSLT0:
 732 0004 0400     		.2byte	0x4
 733 0006 AF010000 		.4byte	.LELTP0-.LASLTP0
 734              	.LASLTP0:
 735 000a 01       		.byte	0x1
 736 000b 01       		.byte	0x1
 737 000c 01       		.byte	0x1
 738 000d F6       		.byte	0xf6
 739 000e F2       		.byte	0xf2
 740 000f 0D       		.byte	0xd
 741 0010 00       		.byte	0
ARM GAS  /tmp/ccv9bXW2.s 			page 14


 742 0011 01       		.byte	0x1
 743 0012 01       		.byte	0x1
 744 0013 01       		.byte	0x1
 745 0014 01       		.byte	0x1
 746 0015 00       		.byte	0
 747 0016 00       		.byte	0
 748 0017 00       		.byte	0
 749 0018 01       		.byte	0x1
 750 0019 00       		.byte	0
 751 001a 00       		.byte	0
 752 001b 01       		.byte	0x1
 753 001c 2E2E2F2E 		.ascii	"../../../ChibiOS//os/hal/lib/streams"
 753      2E2F2E2E 
 753      2F436869 
 753      62694F53 
 753      2F2F6F73 
 754 0040 00       		.byte	0
 755 0041 2E2E2F2E 		.ascii	"../../../ChibiOS//os/rt/include"
 755      2E2F2E2E 
 755      2F436869 
 755      62694F53 
 755      2F2F6F73 
 756 0060 00       		.byte	0
 757 0061 2F686F6D 		.ascii	"/home/cheff/dev_tools/gcc-arm-none-eabi-10.3-2021.1"
 757      652F6368 
 757      6566662F 
 757      6465765F 
 757      746F6F6C 
 758 0094 302F6172 		.ascii	"0/arm-none-eabi/include/machine"
 758      6D2D6E6F 
 758      6E652D65 
 758      6162692F 
 758      696E636C 
 759 00b3 00       		.byte	0
 760 00b4 2F686F6D 		.ascii	"/home/cheff/dev_tools/gcc-arm-none-eabi-10.3-2021.1"
 760      652F6368 
 760      6566662F 
 760      6465765F 
 760      746F6F6C 
 761 00e7 302F6172 		.ascii	"0/arm-none-eabi/include/sys"
 761      6D2D6E6F 
 761      6E652D65 
 761      6162692F 
 761      696E636C 
 762 0102 00       		.byte	0
 763 0103 2F686F6D 		.ascii	"/home/cheff/dev_tools/gcc-arm-none-eabi-10.3-2021.1"
 763      652F6368 
 763      6566662F 
 763      6465765F 
 763      746F6F6C 
 764 0136 302F6C69 		.ascii	"0/lib/gcc/arm-none-eabi/10.3.1/include"
 764      622F6763 
 764      632F6172 
 764      6D2D6E6F 
 764      6E652D65 
 765 015c 00       		.byte	0
 766 015d 00       		.byte	0
ARM GAS  /tmp/ccv9bXW2.s 			page 15


 767 015e 73746464 		.ascii	"stddef.h\000"
 767      65662E68 
 767      00
 768 0167 05       		.uleb128 0x5
 769 0168 00       		.uleb128 0
 770 0169 00       		.uleb128 0
 771 016a 5F646566 		.ascii	"_default_types.h\000"
 771      61756C74 
 771      5F747970 
 771      65732E68 
 771      00
 772 017b 03       		.uleb128 0x3
 773 017c 00       		.uleb128 0
 774 017d 00       		.uleb128 0
 775 017e 5F737464 		.ascii	"_stdint.h\000"
 775      696E742E 
 775      6800
 776 0188 04       		.uleb128 0x4
 777 0189 00       		.uleb128 0
 778 018a 00       		.uleb128 0
 779 018b 63686561 		.ascii	"chearly.h\000"
 779      726C792E 
 779      6800
 780 0195 02       		.uleb128 0x2
 781 0196 00       		.uleb128 0
 782 0197 00       		.uleb128 0
 783 0198 6D656D73 		.ascii	"memstreams.h\000"
 783      74726561 
 783      6D732E68 
 783      00
 784 01a5 01       		.uleb128 0x1
 785 01a6 00       		.uleb128 0
 786 01a7 00       		.uleb128 0
 787 01a8 6D656D73 		.ascii	"memstreams.c\000"
 787      74726561 
 787      6D732E63 
 787      00
 788 01b5 01       		.uleb128 0x1
 789 01b6 00       		.uleb128 0
 790 01b7 00       		.uleb128 0
 791 01b8 00       		.byte	0
 792              	.LELTP0:
 793              	.LELT0:
 794              		.section	.gnu.debuglto_.debug_str,"eMS",%progbits,1
 795              	.LASF5:
 796 0000 5F5F7569 		.ascii	"__uint8_t\000"
 796      6E74385F 
 796      7400
 797              	.LASF4:
 798 000a 73697A65 		.ascii	"size_t\000"
 798      5F7400
 799              	.LASF32:
 800 0011 2F686F6D 		.ascii	"/home/cheff/git/asserv_nucleo3/src/Robots/PMI\000"
 800      652F6368 
 800      6566662F 
 800      6769742F 
 800      61737365 
ARM GAS  /tmp/ccv9bXW2.s 			page 16


 801              	.LASF28:
 802 003f 5F707574 		.ascii	"_put\000"
 802      00
 803              	.LASF9:
 804 0044 5F5F696E 		.ascii	"__int32_t\000"
 804      7433325F 
 804      7400
 805              	.LASF31:
 806 004e 2E2E2F2E 		.ascii	"../../../ChibiOS//os/hal/lib/streams/memstreams.c\000"
 806      2E2F2E2E 
 806      2F436869 
 806      62694F53 
 806      2F2F6F73 
 807              	.LASF0:
 808 0080 756E7369 		.ascii	"unsigned int\000"
 808      676E6564 
 808      20696E74 
 808      00
 809              	.LASF30:
 810 008d 474E5520 		.ascii	"GNU C17 10.3.1 20210824 (release) -mcpu=cortex-m4 -"
 810      43313720 
 810      31302E33 
 810      2E312032 
 810      30323130 
 811 00c0 6D746875 		.ascii	"mthumb -mfloat-abi=hard -mfpu=fpv4-sp-d16 -march=ar"
 811      6D62202D 
 811      6D666C6F 
 811      61742D61 
 811      62693D68 
 812 00f3 6D763765 		.ascii	"mv7e-m+fp -g -ggdb -Og -fomit-frame-pointer -falign"
 812      2D6D2B66 
 812      70202D67 
 812      202D6767 
 812      6462202D 
 813 0126 2D66756E 		.ascii	"-functions=16 -ffunction-sections -fdata-sections -"
 813      6374696F 
 813      6E733D31 
 813      36202D66 
 813      66756E63 
 814 0159 666E6F2D 		.ascii	"fno-common -flto\000"
 814      636F6D6D 
 814      6F6E202D 
 814      666C746F 
 814      00
 815              	.LASF33:
 816 016a 4D656D53 		.ascii	"MemStreamVMT\000"
 816      74726561 
 816      6D564D54 
 816      00
 817              	.LASF2:
 818 0177 6C6F6E67 		.ascii	"long double\000"
 818      20646F75 
 818      626C6500 
 819              	.LASF3:
 820 0183 7369676E 		.ascii	"signed char\000"
 820      65642063 
 820      68617200 
ARM GAS  /tmp/ccv9bXW2.s 			page 17


 821              	.LASF6:
 822 018f 756E7369 		.ascii	"unsigned char\000"
 822      676E6564 
 822      20636861 
 822      7200
 823              	.LASF8:
 824 019d 73686F72 		.ascii	"short unsigned int\000"
 824      7420756E 
 824      7369676E 
 824      65642069 
 824      6E7400
 825              	.LASF19:
 826 01b0 77726974 		.ascii	"write\000"
 826      6500
 827              	.LASF34:
 828 01b6 6D734F62 		.ascii	"msObjectInit\000"
 828      6A656374 
 828      496E6974 
 828      00
 829              	.LASF18:
 830 01c3 696E7374 		.ascii	"instance_offset\000"
 830      616E6365 
 830      5F6F6666 
 830      73657400 
 831              	.LASF27:
 832 01d3 5F676574 		.ascii	"_get\000"
 832      00
 833              	.LASF20:
 834 01d8 72656164 		.ascii	"read\000"
 834      00
 835              	.LASF11:
 836 01dd 6C6F6E67 		.ascii	"long unsigned int\000"
 836      20756E73 
 836      69676E65 
 836      6420696E 
 836      7400
 837              	.LASF21:
 838 01ef 756E6765 		.ascii	"unget\000"
 838      7400
 839              	.LASF23:
 840 01f5 73697A65 		.ascii	"size\000"
 840      00
 841              	.LASF13:
 842 01fa 63686172 		.ascii	"char\000"
 842      00
 843              	.LASF14:
 844 01ff 75696E74 		.ascii	"uint8_t\000"
 844      385F7400 
 845              	.LASF16:
 846 0207 6D73675F 		.ascii	"msg_t\000"
 846      7400
 847              	.LASF29:
 848 020d 5F726561 		.ascii	"_reads\000"
 848      647300
 849              	.LASF15:
 850 0214 696E7433 		.ascii	"int32_t\000"
 850      325F7400 
ARM GAS  /tmp/ccv9bXW2.s 			page 18


 851              	.LASF35:
 852 021c 5F777269 		.ascii	"_writes\000"
 852      74657300 
 853              	.LASF1:
 854 0224 6C6F6E67 		.ascii	"long long int\000"
 854      206C6F6E 
 854      6720696E 
 854      7400
 855              	.LASF24:
 856 0232 6F666673 		.ascii	"offset\000"
 856      657400
 857              	.LASF7:
 858 0239 73686F72 		.ascii	"short int\000"
 858      7420696E 
 858      7400
 859              	.LASF22:
 860 0243 62756666 		.ascii	"buffer\000"
 860      657200
 861              	.LASF10:
 862 024a 6C6F6E67 		.ascii	"long int\000"
 862      20696E74 
 862      00
 863              	.LASF25:
 864 0253 4D656D6F 		.ascii	"MemoryStream\000"
 864      72795374 
 864      7265616D 
 864      00
 865              	.LASF26:
 866 0260 5F756E67 		.ascii	"_unget\000"
 866      657400
 867              	.LASF17:
 868 0267 5F426F6F 		.ascii	"_Bool\000"
 868      6C00
 869              	.LASF12:
 870 026d 6C6F6E67 		.ascii	"long long unsigned int\000"
 870      206C6F6E 
 870      6720756E 
 870      7369676E 
 870      65642069 
 871              		.text
 872              		.section	.gnu.lto_.profile.88382b53b27c43f2,"e",%progbits
 873 0000 789C6362 		.ascii	"x\234cb\000\001\000\000\022\000\003"
 873      00010000 
 873      120003
 874              		.text
 875              		.section	.gnu.lto_.inline.88382b53b27c43f2,"e",%progbits
 876 0000 789C7BC6 		.ascii	"x\234{\306\200\000l\014\014\274\035K\177\377cJcd`\342"
 876      80006C0C 
 876      0CBC1D4B 
 876      7FFF634A 
 876      636460E2 
 877 0014 3FF37DC7 		.ascii	"?\363}\307=\346T\006\006\356#\227\366\316gJeb`\002*"
 877      3DE65406 
 877      06EE2397 
 877      F6CE674A 
 877      65626002 
 878 0029 6164E099 		.ascii	"ad\340\231\263e\342}\260\012\276\007m\347\367\201Tp"
ARM GAS  /tmp/ccv9bXW2.s 			page 19


 878      B365E27D 
 878      B00ABE07 
 878      6DE7F781 
 878      5470
 879 003b 6D38BCFC 		.ascii	"m8\274\374?s\012D\005\023\003wk\343\352}`\025\274\013"
 879      3F730A44 
 879      05130377 
 879      6BE3EA7D 
 879      6015BC0B 
 880 004f 66AF9E0B 		.ascii	"f\257\236\013R\301y\361\354\325}0\025\314\014\202\015"
 880      52C179F1 
 880      ECD57D30 
 880      15CC0C82 
 880      0D
 881 0060 0D0D1398 		.ascii	"\015\015\023\230\323A\266\000Y\017\300\266\000\031\013"
 881      D341B600 
 881      590FC0B6 
 881      00190B
 882 006f 60B6B0F0 		.ascii	"`\266\260\360\202\224M\360\003A\026\222T\2632p\000\245"
 882      82944DF0 
 882      03411692 
 882      54B33270 
 882      00A5
 883 0081 0E30A702 		.ascii	"\0160\247\002U\263\202XL)h\252\031\000\012X<\310"
 883      55B38258 
 883      4C2968AA 
 883      19000A58 
 883      3CC8
 884              		.text
 885              		.section	.gnu.lto_.jmpfuncs.88382b53b27c43f2,"e",%progbits
 886 0000 789C1363 		.ascii	"x\234\023c@\0006 fd``b``\006\262X\200\230\025\210\001"
 886      40003620 
 886      66646060 
 886      62606006 
 886      B2588098 
 887 0017 041A002C 		.ascii	"\004\032\000,"
 888              		.text
 889              		.section	.gnu.lto_.pureconst.88382b53b27c43f2,"e",%progbits
 890 0000 789C1366 		.ascii	"x\234\023f```c\230\305\3028\213\205i\026\013\363,\026"
 890      60606063 
 890      98C5C238 
 890      8B856916 
 890      0BF32C16 
 891 0014 96592CAC 		.ascii	"\226Y,\254\263X\000%\275\003\335"
 891      B3580025 
 891      BD03DD
 892              		.text
 893              		.section	.gnu.lto_.lto.88382b53b27c43f2,"e",%progbits
 894 0000 09000400 		.ascii	"\011\000\004\000\001\000\000\000"
 894      01000000 
 895              		.text
 896              		.section	.gnu.lto__writes.365.88382b53b27c43f2,"e",%progbits
 897 0000 789C7D92 		.ascii	"x\234}\222\337K\223Q\030\307\237\347<\357\217-\235^"
 897      DF4B9351 
 897      18C79FE7 
 897      3CEF8F2D 
 897      9D5E
ARM GAS  /tmp/ccv9bXW2.s 			page 20


 898 0012 55D09510 		.ascii	"U\320\225\020\021A\354Tbv\025BW^H\221\177@\2705\267"
 898      1141EC54 
 898      62761542 
 898      575E4891 
 898      7F40B835 
 899 0027 8173C357 		.ascii	"\201s\303W\273\3143\035\273\260\013\233u\025k\310X\222"
 899      BBCC331D 
 899      BBB00B9B 
 899      75156BC8 
 899      5892
 900 0039 10045168 		.ascii	"\020\004Qh\245\266\222@\242\240\204\210\212\020\202"
 900      A5B69240 
 900      A2A08488 
 900      8A1082
 901 0048 48836204 		.ascii	"H\203b\004QT`\3179\3570\205\014\336\367\234\347\234"
 901      515460CF 
 901      39EF3085 
 901      0CDEF79C 
 901      E79C
 902 005a F379CEF7 		.ascii	"\363y\316\367\373<\357{\220\000\362\000\320\311/\332"
 902      FB3CEF7B 
 902      9000F200 
 902      D0C92FDA 
 903 006a 80138531 		.ascii	"\200\023\2051\001J\251\016W\210\321\302\005\201\017"
 903      014AA90E 
 903      5788D1C2 
 903      05810F
 904 0079 90572D56 		.ascii	"\220W-V\256\320df\302\313\033\204\205\331\302\330\367"
 904      AED06466 
 904      C2CB1B84 
 904      85D9C2D8 
 904      F7
 905 008a A9BD3ED3 		.ascii	"\251\275>\323\341\"\014\013\262p\030/Q\221p\202*\004"
 905      E1220C0B 
 905      B270182F 
 905      51917082 
 905      2A04
 906 009c 68D523C4 		.ascii	"h\325#\304\226\003U\245~\\\273\262r\274x\275jUH@\211"
 906      960355A5 
 906      7E5CBBB2 
 906      72BC78BD 
 906      6A554840 
 907 00b1 CFEF20DE 		.ascii	"\317\357 \336F\326\006\346\350,\354g\346\371\374\254"
 907      46D606E6 
 907      E82CEC67 
 907      E6F9FCAC 
 908 00c1 5241A810 		.ascii	"RA\250\020\341\014nbx#~\303\321\334y\237[\255s\026\336"
 908      E10C6E62 
 908      78237EC3 
 908      D1DC799F 
 908      5BAD7316 
 909 00d6 DDCA59F1 		.ascii	"\335\312Y\361\031\303e\321\007\177\325A\201\367\267"
 909      19C365D1 
 909      077FD541 
 909      81F7B7
 910 00e5 8222FEC8 		.ascii	"\202\"\376\310\361\245GQO\373\230\256\255.g\226\024"
 910      F1A54751 
ARM GAS  /tmp/ccv9bXW2.s 			page 21


 910      4FFB98AE 
 910      AD2E6796 
 910      14
 911 00f6 1BB4711E 		.ascii	"\033\264q\036\267X\214?u\034\300\005\324\306u\273\370"
 911      B7588C3F 
 911      751CC005 
 911      D4C675BB 
 911      F8
 912 0107 BDB96C57 		.ascii	"\275\271lW\325\357\365q\245\326?\340\307\025\273\031"
 912      D5EFF571 
 912      A5D63FE0 
 912      C715BB19 
 913 0117 F95647E8 		.ascii	"\371VG\350\201\364`\361\340\332zp\364\322\325C\000p"
 913      81F460F1 
 913      E0DA7A70 
 913      F4D2D543 
 913      0070
 914 0129 0E8388B3 		.ascii	"\016\203\210\263\330\200\0345\"\336\343\253\306I7UY"
 914      D8801C35 
 914      22DEE3AB 
 914      C6493755 
 914      59
 915 013a 1C5E24E1 		.ascii	"\034^$\341\207\331*\300'T\357_\204x\032\231\354f\355"
 915      87D92AC0 
 915      2754EF5F 
 915      84781A99 
 915      EC66ED
 916 014d 3205CDD6 		.ascii	"2\005\315\326\313\020|\301\221\271\351P\231\260\336"
 916      CB107CC1 
 916      91B9E950 
 916      99B0DE
 917 015c 62DB9430 		.ascii	"b\333\2240\245\277E\240B\001&\261\212p\310_\012|\210"
 917      A5BF45A0 
 917      420126B1 
 917      8A70C85F 
 917      0A7C88
 918 016f 578D6D93 		.ascii	"W\215m\223\266\273L\342\177\360\"\303h\340\321R\376"
 918      B6BB4CE2 
 918      7FF022C3 
 918      68E0D152 
 918      FE
 919 0180 992813B1 		.ascii	"\231(\023\261\016\347\300\032\346\336.\3561\353\006"
 919      0EE7C01A 
 919      E6DE2EEE 
 919      31EB06
 920 018f 7D1B9BA5 		.ascii	"}\033\233\245,g\211\015\263\257v\032\263\315\\\032c"
 920      2C67890D 
 920      B3AF761A 
 920      B3CD5C1A 
 920      63
 921 01a0 86B03697 		.ascii	"\206\2606\2273\322\001\346(`\350\327]\374\367\030Ok"
 921      33D201E6 
 921      2860E8D7 
 921      5DFCF718 
 921      4F6B
 922 01b2 4D65B2B6 		.ascii	"Me\262\266\367\344\342c\366$|O\267\362\337\330\223\315"
 922      F7E4E263 
ARM GAS  /tmp/ccv9bXW2.s 			page 22


 922      F6247C4F 
 922      B7F2DFD8 
 922      93CD
 923 01c4 09DA530D 		.ascii	"\011\332S\015\363\223.\344PT(X\322\266\315Q#KTh\207"
 923      F3932EE4 
 923      50542858 
 923      D2B6CD51 
 923      234B5468 
 924 01d9 5179E34B 		.ascii	"Qy\343KL\263\204\363/\011\363o,\375\255\271\230g\203"
 924      4CB384F3 
 924      2F09F36F 
 924      2CFDADB9 
 924      986783
 925 01ec 2EC3DA26 		.ascii	".\303\332&g\326\306p\333\264'~\032\363F\352]\010\276"
 925      67D6C670 
 925      DBB4277E 
 925      1AF346EA 
 925      5D08BE
 926 01ff 72F96D3A 		.ascii	"r\371m:\023\340'2\334 ,>&Z\370l\353b\307\011\375~\250"
 926      13E02732 
 926      DC202C3E 
 926      265AF86C 
 926      EB62C709 
 927 0216 AA6E6058 		.ascii	"\252n`X&\322\251\230\214&b\275\2752\236\034\224=\236"
 927      26D2A998 
 927      8C2662BD 
 927      BD329E1C 
 927      943D9E
 928 0229 171B3877 		.ascii	"\027\0338w\246\177(\332\027K\267Jo *O\247#\351AO\236"
 928      A67F28DA 
 928      174BB74A 
 928      6F202A4F 
 928      A723E941 
 929 023f EAEA8423 		.ascii	"\352\352\204#\341\260\364\237\023\211d$y\262[\312\264"
 929      E1B0F49F 
 929      13896424 
 929      79B25BCA 
 929      B4
 930 0250 27133D7D 		.ascii	"'\023=}\262/\031\221\336\340@\254'\345\311T,U\017\303"
 930      B22F1991 
 930      DEE040AC 
 930      27E5C954 
 930      2C550FC3 
 931 0264 5110C9CC 		.ascii	"Q\020\311\314\256\315\033\341c\355\221\326\266\303\355"
 931      AECD1BE1 
 931      63ED91D6 
 931      B6C3ED
 932 0273 47414432 		.ascii	"GAD2\330O)/\363\007\263d\"\262"
 932      D84F292F 
 932      F307B364 
 932      22B2
 933              		.text
 934              		.section	.gnu.lto__reads.366.88382b53b27c43f2,"e",%progbits
 935 0000 789C7D92 		.ascii	"x\234}\222AkSA\020\307gv\366\275\244\264\265\027\355"
 935      416B5341 
 935      10C76776 
 935      F6BDA4B4 
ARM GAS  /tmp/ccv9bXW2.s 			page 23


 935      B517ED
 936 0013 C1532F22 		.ascii	"\301S/\"\036\314\252\245\326\223\024\004A\241(\366\003"
 936      1ECCAAA5 
 936      D6931404 
 936      41A128F6 
 936      03
 937 0024 4812D324 		.ascii	"H\022\323$\3204\241\257z\264\233\246\004\254\207\232"
 937      D034A1AF 
 937      7AB49BA6 
 937      04AC879A 
 938 0034 C683482C 		.ascii	"\306\203H,\345\021EO\202T\254Z5R\252\305\213R\360 \202"
 938      E511454F 
 938      8254AC5A 
 938      3552AAC5 
 938      8B52F020 
 939 0049 070F4245 		.ascii	"\007\017BE\264(\242\255Z\235\335\027j\013Vx\273;\273"
 939      B428A2AD 
 939      5A9DDD17 
 939      6A0B5678 
 939      BB3BBB
 940 005c F39B9DFF 		.ascii	"\363\233\235\377\314\333\335\004P\004\200\243<\320\001"
 940      CCDBDD04 
 940      500480A3 
 940      3CD001
 941 006b 1C2F8D0A 		.ascii	"\034/\215\012\320Zw\205\204(\224\316\013|\204\274k\223"
 941      D05A7785 
 941      842894CE 
 941      0B7C84BC 
 941      6B93
 942 007d 23A52D76 		.ascii	"#\245-v%\274\270FH\314\227F\237^\232\222\001\324\025"
 942      25BCB846 
 942      48CC9746 
 942      9F5E9A92 
 942      01D415
 943 0090 42181224 		.ascii	"B\030\022$q\010\313T!\034\247*\001\312\272\205\330\266"
 943      7108CB54 
 943      211CA72A 
 943      01CABA85 
 943      D8B6
 944 00a2 ABA6F5F7 		.ascii	"\253\246\365\367\253\227\227\017V\256\327d\225\004L"
 944      AB97970F 
 944      56AED764 
 944      95044C
 945 00b1 B0FF36E2 		.ascii	"\260\3776\342\024rr`\216N\301Nf^\314Lk\335\000U\"\274"
 945      14727260 
 945      8E4EC14E 
 945      665ECC4C 
 945      6BDD0055 
 946 00c7 83EB183E 		.ascii	"\203\353\030>H~q\014w6\340^\3259\211w7r2\271j\271<\006"
 946      487E710C 
 946      7736E05E 
 946      D5398977 
 946      377232B9 
 947 00df E0873A28 		.ascii	"\340\207:(\360\376FP$\317\271A\352\002\232e\007\323"
 947      F0FE4650 
 947      24CFB941 
 947      EA029A65 
ARM GAS  /tmp/ccv9bXW2.s 			page 24


 947      07D3
 948 00f1 4B2B0BB9 		.ascii	"K+\013\271y\315\002\035|\200\033$&\313\256\013\370\020"
 948      79CD021D 
 948      7C801B24 
 948      26CBAE0B 
 948      F810
 949 0103 8D70D32F 		.ascii	"\215p\323/\0367\027\234\232\376\371{L\353\347\337\360"
 949      1E37179C 
 949      9AFEF97B 
 949      4CEBE7DF 
 949      F0
 950 0114 5DF9700B 		.ascii	"]\371p\013\362\255\2560\023\231I\0325\216\231\\\263"
 950      F2ADAE30 
 950      1399491A 
 950      358E995C 
 950      B3
 951 0125 0D99290C 		.ascii	"\015\231)\0148\203\015\210\323\330\210l5!\336\343\253"
 951      38830D88 
 951      D3D8886C 
 951      3521DEE3 
 951      AB
 952 0136 C6C87455 		.ascii	"\306\310tUK6/\220\010\314|\015\340=\352\267_\233y\031"
 952      4B362F90 
 952      08CC7C0D 
 952      E03DEAB7 
 952      5F9B7919 
 953 014a 9EECE1DC 		.ascii	"\236\354\341\334>5\330\243\345f\370\210\30337\232}\302"
 953      3E35D8A3 
 953      E566F888 
 953      C333379A 
 953      7DC2
 954 015c 7A8B1D5B 		.ascii	"z\213\035[\3025\363/\302U\0121\2115\204=\301V\340c\274"
 954      C235F32F 
 954      C2550A31 
 954      8935843D 
 954      C156E063 
 955 0171 62659BB0 		.ascii	"be\233\260\305V\237\304\377\340Y\206\321\302\205\211"
 955      C5569FC4 
 955      FFE05986 
 955      D1C28589 
 956 0181 E29CF089 		.ascii	"\342\234\360\2118\017\307\300\"\216\274\236\335n\367"
 956      380FC7C0 
 956      228EBC9E 
 956      DD6EF7
 957 0190 8DE63616 		.ascii	"\215\3466\026Ky\216\022kb\177l\263b[\2704\306,!\327"
 957      4B798E12 
 957      6B627F6C 
 957      B3625BB8 
 957      34C62C21 
 958 01a5 9733DC05 		.ascii	"\2273\334\005\326\025\266\364\257n~=\201\246\255>\311"
 958      D615B6F4 
 958      AF6E7E3D 
 958      81A6AD3E 
 958      C9
 959 01b6 CD35499C 		.ascii	"\3155I\234cM\"\320t\253\370\222\0058\034`4-aq2\004#"
 959      634D22D0 
 959      74ABF892 
ARM GAS  /tmp/ccv9bXW2.s 			page 25


 959      05381C60 
 959      342D6171 
 960 01cd 28AA149E 		.ascii	"(\252\024\2360\262}j\262^\016\013\272\265ZO\321\342"
 960      30B27D6A 
 960      B25E0E0B 
 960      BAB55A4F 
 960      D1E2
 961 01df 93FBAF14 		.ascii	"\223\373\257\024\366m\314\377\255\271Rd\201\354u\215"
 961      F66DCCFF 
 961      ADB95264 
 961      81EC758D 
 962 01ef 4C8E5C1A 		.ascii	"L\216\\\032\305M\303\236\005a\314\333T\245'\010\237"
 962      C54DC39E 
 962      0561CCDB 
 962      54A52708 
 962      9F
 963 0200 B9FE0E13 		.ascii	"\271\376\016\023\012\260\202a\356\224\220\354'z\363"
 963      0AB08261 
 963      EE9490EC 
 963      277AF3
 964 020f C931D58E 		.ascii	"\3111\325\216\021\006\015\3215\323\301\210Je3\011\025"
 964      11060DD1 
 964      35D3C188 
 964      4A653309 
 964      15
 965 0220 4F257A7B 		.ascii	"O%z{U2=\250\242\236\227\0308s\262\377t\274/\221mW\336"
 965      55323DA8 
 965      A29E9718 
 965      3873B2FF 
 965      74BC2F91 
 966 0237 405C9DC8 		.ascii	"@\\\235\310\306\262\203\236:\336}\004\366E\"*\370\016"
 966      C6B2839E 
 966      3ADE7D04 
 966      F645222A 
 966      F80E
 967 0249 A5D2B1F4 		.ascii	"\245\322\261\364\261\036\245\262\236JE\373T_:\246\274"
 967      B11EA5B2 
 967      9E4A45FB 
 967      545F3AA6 
 967      BC
 968 025a C1814434 		.ascii	"\301\201D4\343\251L\"S7#q\020\351\\\353\372\203\310"
 968      E3A94C22 
 968      53372371 
 968      10E95CEB 
 968      FA83C8
 969 026d 81CE587B 		.ascii	"\201\316X{\307\336\316\375 b9\354\247\214\227\373\003"
 969      C7DECEFD 
 969      206239EC 
 969      A78C97FB 
 969      03
 970 027e 5D33249B 		.ascii	"]3$\233"
 971              		.text
 972              		.section	.gnu.lto__put.367.88382b53b27c43f2,"e",%progbits
 973 0000 789C7D52 		.ascii	"x\234}R\315KTQ\024\277\277{\336\2337\2035\313\212\026"
 973      CD4B5451 
 973      14BFBF7B 
 973      DE9B3783 
ARM GAS  /tmp/ccv9bXW2.s 			page 26


 973      35CB8A16 
 974 0014 D1262288 		.ascii	"\321&\"\210\271\226\225\355\022\242E\213(\362\017\010"
 974      B99695ED 
 974      12A2458B 
 974      28F20F08 
 975 0024 671A6706 		.ascii	"g\032g\006\234F\346iK\275~\340b,t\254\215\242\022\257"
 975      9C46E669 
 975      4BBD7EE0 
 975      622C74AC 
 975      8DA212AF 
 976 0038 296C5368 		.ascii	")lShJZV#\222A$DA\271\213\\\204\266\010i\025a\037\347"
 976      4A5A5623 
 976      92412444 
 976      41B98B5C 
 976      84B60869 
 977 0050 BE379941 		.ascii	"\2767\231A\006\357\335w\356\231\337\327=w\226\245\020"
 977      06EFDD77 
 977      EE99DFD7 
 977      3D7796A5 
 977      10
 978 0061 5D428853 		.ascii	"]B\210S\374\302\026\030(\026\244\320Z\3279Rv\027{%\036"
 978      FCC21618 
 978      2816A4D0 
 978      5AD73952 
 978      76177B25 
 979 0076 636CF4A0 		.ascii	"cl\364\240\325U\214.}xs\302\"\\/\026\336\015\036\361"
 979      D5558C2E 
 979      7D7873C2 
 979      225C2F16 
 979      DE0D1EF1 
 980 008a 11163A36 		.ascii	"\021\026:6\320\020\355\222,\264\343\032\015\023\006"
 980      D010ED92 
 980      2CB4E31A 
 980      0D1306
 981 0099 A8440256 		.ascii	"\250D\002V\245\002\366\036`\320\327[C\275\363\316\360"
 981      A502F61E 
 981      60D0D75B 
 981      43BDF3CE 
 981      F0
 982 00aa 58D92A91 		.ascii	"X\331*\221\024\243\014\230\002&\301\306\202\201tQ\354"
 982      14A30C98 
 982      0226C1C6 
 982      82817451 
 982      EC
 983 00bb 2F6BFD6A 		.ascii	"/k\375jfZ\353\210(\021\341\0016a\270\221\232\263\015"
 983      665AEB88 
 983      2811E101 
 983      3661B891 
 983      9AB30D
 984 00ce AE2DC02D 		.ascii	"\256-\300-NjM\334\2660\343\343jPmPV\352\245\035\350"
 984      4E6A4DDC 
 984      B630E3E3 
 984      6A506D50 
 984      56EAA51D 
 985 00e3 6998CF3E 		.ascii	"i\230\317>\306\256]\271Y\210\366w\204Kd\343\021\376"
 985      C6AE5DB9 
 985      5988F677 
ARM GAS  /tmp/ccv9bXW2.s 			page 27


 985      844B64E3 
 985      11FE
 986 00f5 324EBDB5 		.ascii	"2N\275\265C\002\2630q\314\004\370\275\367\332.\353\365"
 986      4302B330 
 986      71CC04F8 
 986      BDF7DA2E 
 986      EBF5
 987 0107 9F7D5ABF 		.ascii	"\237}Z\277\337\265\264\3761\034\005\313\206\244Y\214"
 987      DFB5B4FE 
 987      311C05CB 
 987      86A4598C 
 988 0117 9F6399C5 		.ascii	"\237c\231\3056\333\220Y\034^d\004\230F\025\360\220\005"
 988      36DB9059 
 988      1C5E6404 
 988      984615F0 
 988      9005
 989 0129 FAC84C44 		.ascii	"\372\310LD[\\\366\223\014\312\216\262\020\237\240\227"
 989      5B5CF693 
 989      0CCA8EB2 
 989      109FA097 
 990 0139 0717223C 		.ascii	"\007\027\"<P.;o\324\263\253G\021\277=\262\000\361\031"
 990      502E3B6F 
 990      D4B3AB47 
 990      11BF3DB2 
 990      00F119
 991 014c 9DB377B6 		.ascii	"\235\263w\266{\204\312\320l?\376m0\237\203\207\031\212"
 991      7B84CAD0 
 991      6C3FFE6D 
 991      309F8387 
 991      198A
 992 015e 2710D5C1 		.ascii	"'\020\325\3016\202\247\030\361\023\373\264\235\036\311"
 992      3682A718 
 992      F113FBB4 
 992      9D1EC9
 993 016d FF81E718 		.ascii	"\377\201\347\030l\216\266\212\356\225\371\335\354\301"
 993      6C8EB68A 
 993      EE95F9DD 
 993      ECC1
 994 017b 7843E680 		.ascii	"xC\346\2004wu\364;m\004\034\377\235d\233G\264\265\244"
 994      347775F4 
 994      3B6D041C 
 994      FF9D649B 
 994      47B4B5A4 
 995 018f 83799694 		.ascii	"\203y\226\224\276\177\327D\317\242\364\310b\202\221"
 995      BE7FD744 
 995      CFA2F4C8 
 995      628291
 996 019e 65F6D0EA 		.ascii	"e\366\320\352\236\312!\370o\341+\254\240d\000\026\236"
 996      9ECA21F8 
 996      6FE12BAC 
 996      A0640016 
 996      9E
 997 01af 417854E5 		.ascii	"AxT\345[M\204\002\247\250G\366\277\234\204I\376\274"
 997      5B4D8402 
 997      A7A847F6 
 997      BF9C8449 
 997      FEBC
ARM GAS  /tmp/ccv9bXW2.s 			page 28


 998 01c1 929C6D86 		.ascii	"\222\234m\206{8v\210\301F\230\007n\330k\005lI}\021P"
 998      7B387688 
 998      C1469807 
 998      6ED86B05 
 998      6C497D11 
 999 01d6 99E3DB4D 		.ascii	"\231\343\333M-\300?\260\365\347F\276\240\263\216\177"
 999      2DC03FB0 
 999      F5E746BE 
 999      A0B38E7F 
 1000 01e6 77B8FF0D 		.ascii	"w\270\377\015\216\221\225h\223?\306\327\302|I\301V\320"
 1000      8E919568 
 1000      933FC6D7 
 1000      C27C49C1 
 1000      56D0
 1001 01f8 DDFB69BE 		.ascii	"\335\373i\276R\004,]6S\213\251t.\233T\211t\262\261Q"
 1001      52042C5D 
 1001      36538BA9 
 1001      742E9B54 
 1001      8974B2B1 
 1002 020d A5322DAA 		.ascii	"\2452-\252\301u\223\371\313\027.\265&\232\222\271\032"
 1002      C17593F9 
 1002      CB172EB5 
 1002      269A92B9 
 1002      1A
 1003 021e E5E613EA 		.ascii	"\345\346\023\352|.\236kq\325\2713\247\305\341XL\005"
 1003      7C2E9E6B 
 1003      71D5B933 
 1003      A7C5E158 
 1003      4C05
 1004 0230 CFC97426 		.ascii	"\317\311t&\2369[\257T\316U\351\206&\325\224\211+\267"
 1004      9E395BAF 
 1004      54CE55E9 
 1004      8626D594 
 1004      892BB7
 1005 0243 259F6CC8 		.ascii	"%\237l\310\272*\233\314V\312XB\310L\363\216\315\215"
 1005      BA2A9BCC 
 1005      56CA5842 
 1005      C84CF38E 
 1005      CD8D
 1006 0255 D8F1DA78 		.ascii	"\330\361\332x\315\321C\265\307\004\342\224u\233\177"
 1006      CDD143B5 
 1006      C704E294 
 1006      759B7F
 1007 0264 01FD370F 		.ascii	"\001\3757\017+"
 1007      2B
 1008              		.text
 1009              		.section	.gnu.lto__get.368.88382b53b27c43f2,"e",%progbits
 1010 0000 789C7D92 		.ascii	"x\234}\222\317k\023Q\020\307g\336\333\315\217\332\366"
 1010      CF6B1351 
 1010      10C767DE 
 1010      DBCD8FDA 
 1010      F6
 1011 0011 58D09317 		.ascii	"X\320\223\027\021A\363\252Q\353\315\202x\360 \212\375"
 1011      1141F3AA 
 1011      51EBCD82 
 1011      78F0208A 
 1011      FD
ARM GAS  /tmp/ccv9bXW2.s 			page 29


 1012 0022 03248969 		.ascii	"\003$\211i\022HL\311V\217\355KR*\244H\232\352AB\032"
 1012      12484CC9 
 1012      568FED4B 
 1012      522AA448 
 1012      9AEA4142 
 1013 0037 658D522F 		.ascii	"e\215R/*b\260\325\246\246\024\213G\261\210\212\"\376"
 1013      2A62B0D5 
 1013      A6A6148B 
 1013      47B1888A 
 1013      22FE
 1014 0049 B8B48A36 		.ascii	"\270\264\2126x\022i\321yoc\254\240\302\356\354\274\341"
 1014      781269D1 
 1014      796F63AC 
 1014      A0C2EEEC 
 1014      BCE1
 1015 005b 33DFF9F1 		.ascii	"3\337\371\361\366-\003\310\002\300az\321\004\234(\344"
 1015      F62D03C8 
 1015      02C0617A 
 1015      D1049C28 
 1015      E4
 1016 006c 1848297B 		.ascii	"\030H){\335\214\215\024\306\030\326p\252\274\323\310"
 1016      DD8C8D14 
 1016      C618D670 
 1016      AABCD3C8 
 1017 007c 163A5FBC 		.ascii	"\026:_\274[:hp\274X\310\255\026\367j\302\300t\213F\030"
 1017      5B3A6870 
 1017      BC58C8AD 
 1017      16F76AC2 
 1017      C0748B46 
 1018 0091 66DCC061 		.ascii	"f\334\300a\274\300K\034'x\205\003\032M\017q\353\016"
 1018      BCC04B1C 
 1018      27788503 
 1018      1A4D0F71 
 1018      EB0E
 1019 00a3 82BE5D2B 		.ascii	"\202\276]+N.\270KSu\243\302\031\224\011\250\"\336E*"
 1019      4E2EB84B 
 1019      5375A3C2 
 1019      199409A8 
 1019      22DE452A 
 1020 00b7 0C04F253 		.ascii	"\014\004\362S\260\275.\345\223\231i)\275P\341\034\357"
 1020      B0BD2EE5 
 1020      93996929 
 1020      BD50E11C 
 1020      EF
 1021 00c8 E1068602 		.ascii	"\341\006\206\002\221\274\351\220C\312n#\270q\371j\256"
 1021      91BCE990 
 1021      43CA6E23 
 1021      B871F96A 
 1021      AE
 1022 00d9 733CEDA9 		.ascii	"s<\355\251P\345\031\374C1R1\025\232\301\026[\3760\332"
 1022      50E519FC 
 1022      43315231 
 1022      159AC116 
 1022      5BFE30DA 
 1023 00ed 715B126B 		.ascii	"q[\022k\342\003\315\372\261[\223E\323\0058\213x\037"
 1023      E203CDFA 
 1023      B15B9345 
ARM GAS  /tmp/ccv9bXW2.s 			page 30


 1023      D305388B 
 1023      781F
 1024 00ff 55536A0F 		.ascii	"USj\017\364P\340\326S\263.\327~\344\245\\\335\\{\375"
 1024      F450E0D6 
 1024      53B32ED7 
 1024      7EE4A55C 
 1024      DD5C7BFD 
 1025 0113 C9D381D4 		.ascii	"\311\323\201\324\205\213)\303\311\270\015eLut\221a\036"
 1025      858B29C3 
 1025      C9B80D65 
 1025      4C757491 
 1025      611E
 1026 0125 C4696C53 		.ascii	"\304ilSJ\355\352\010\220\347j5\322 \271q\316\0347]\007"
 1026      4AEDEA08 
 1026      90E76A35 
 1026      D220B971 
 1026      CE1C375D 
 1027 013a F888F27D 		.ascii	"\370\210\362}m\321K\233\325\356\234\213>\231+}T\337"
 1027      6DD14B9B 
 1027      D5EE9C8B 
 1027      3E992B7D 
 1027      54DF
 1028 014c E61E1D5A 		.ascii	"\346\036\035ZZD\370\202\231\331\033\0356\307\346\022"
 1028      5A44F882 
 1028      99D91B1D 
 1028      36C7E612 
 1029 015c 0D3DC975 		.ascii	"\015=\311u$\031\232\301C(\316!t;G/>\304I\335\273J[\351"
 1029      24199AC1 
 1029      4328CE21 
 1029      743B472F 
 1029      3EC449DD 
 1030 0174 B239FB1F 		.ascii	"\2629\373\037<O\260\332\322\012\216,/l\241\032\266\352"
 1030      3C4FB0DA 
 1030      D20A8E2C 
 1030      2F6CA11A 
 1030      B6EA
 1031 0186 17549F7C 		.ascii	"\027T\237|\376|y\235\267\372|\376\253\223N\233\363\177"
 1031      FE7C799D 
 1031      B7FA7CFE 
 1031      AB934E9B 
 1031      F37F
 1032 0198 4BBA7181 		.ascii	"K\272q\201$\231\256\237\2753\372\231\331\334\240\004"
 1032      2499AE9F 
 1032      BD33FA99 
 1032      D9DCA004 
 1033 01a8 254BD997 		.ascii	"%K\331\227\306v\331\274\2559\007\375)Zd\231|\2230|\204"
 1033      C676D9BC 
 1033      AD3907FD 
 1033      295A6499 
 1033      7C93307C 
 1034 01bd A017B089 		.ascii	"\240\027\260\2116G\230.\373R\227\315\226F\327)D\024"
 1034      3647982E 
 1034      FB5297CD 
 1034      9646D729 
 1034      4414
 1035 01cf 53995ED4 		.ascii	"S\231^\324\2754r\370\267F@\001\217\235\301(G\313\274"
 1035      BD3472F8 
ARM GAS  /tmp/ccv9bXW2.s 			page 31


 1035      B7464001 
 1035      8F9DC128 
 1035      47CBBC
 1036 01e2 72BA5F3B 		.ascii	"r\272_;\367\214d\332\225\270\032\321\370}\025_1\323"
 1036      F78C64DA 
 1036      95B81AD1 
 1036      F87D155F 
 1036      31D3
 1037 01f4 4BB48BE2 		.ascii	"K\264\213\342\337\321\245\2120\034b7\253\015\017\335"
 1037      DFD1A58A 
 1037      301C6237 
 1037      AB0D0FDD 
 1038 0204 0EA5F037 		.ascii	"\016\245\3607\325(\335#:\031\262\256v\344\023\321d\""
 1038      D528DD23 
 1038      3A19B2AE 
 1038      76E413D1 
 1038      6422
 1039 0216 2C42D170 		.ascii	",B\321p\177\277\210\304\006E\300\262\302\251\263'O\237"
 1039      7FBF88C4 
 1039      0645C0B2 
 1039      C2A9B327 
 1039      4F9F
 1040 0228 09C5C349 		.ascii	"\011\305\303I\277\260R!q\"\031L\016Z\342\370\321#\260"
 1040      BFB05221 
 1040      7122194C 
 1040      0E5AE2F8 
 1040      D123B0
 1041 023b C7E713CE 		.ascii	"\307\347\023\316s(\032\013\306\216\365\011\221\264D"
 1041      73281A0B 
 1041      C68EF509 
 1041      91B444
 1042 024a 341017F1 		.ascii	"4\020\027\361XPX\203\251p a\211D8\321t}!`\261\201\256"
 1042      58505883 
 1042      A9702061 
 1042      894438D1 
 1042      747D2160 
 1043 0261 8D01DF81 		.ascii	"\215\001\337\201\236\240\177\337\356\236\375\300\023"
 1043      9EA07FDF 
 1043      EE9EFDC0 
 1043      13
 1044 026e D600067F 		.ascii	"\326\000\006\177\002|U\023\343"
 1044      027C5513 
 1044      E3
 1045              		.text
 1046              		.section	.gnu.lto__unget.369.88382b53b27c43f2,"e",%progbits
 1047 0000 789C7592 		.ascii	"x\234u\222Oh\023A\024\306\347\233\231\3556\245\326\233"
 1047      4F681341 
 1047      14C6E79B 
 1047      99ED36A5 
 1047      D69B
 1048 0012 07BD7850 		.ascii	"\007\275xP\304K\246\032\265\336,\210\007\017\242X<K"
 1048      C44BA61A 
 1048      B5DE2C88 
 1048      070FA258 
 1048      3C4B
 1049 0024 12D32490 		.ascii	"\022\323$\220\230\222\255\036\333IR\012\306C\233\332"
 1049      9892AD1E 
ARM GAS  /tmp/ccv9bXW2.s 			page 32


 1049      DB49520A 
 1049      C6439BDA 
 1050 0034 83965824 		.ascii	"\203\226X$F\261^\004\2516\375\243F\202\365$\021\017"
 1050      46B15E04 
 1050      A936FDA3 
 1050      4682F524 
 1050      110F
 1051 0046 DE14F420 		.ascii	"\336\024\364 \321\203\224\202\240\305\022\337\354\306"
 1051      D1839482 
 1051      A0C512DF 
 1051      ECC6
 1052 0054 584197DD 		.ascii	"XA\227\335\331\267o\277\357\375\336\274\335+\234\261"
 1052      D9B76FBF 
 1052      EFFDDEBC 
 1052      DD2B9CB1 
 1053 0064 1C63EC04 		.ascii	"\034c\354\004]\260\030\246\012y\316\264\326\3756\347"
 1053      5DB018A6 
 1053      0A79CEB4 
 1053      D6FD36E7 
 1054 0074 6385AB1C 		.ascii	"c\205\253\034Op\375\3069\231+\3644>\335?&\005\246\013"
 1054      4F70FDC6 
 1054      39992BF4 
 1054      343EDD3F 
 1054      2605A60B 
 1055 0088 F97AF190 		.ascii	"\371z\361\220\253\220\310\264\325`\243\\H\214\342\232"
 1055      AB90C8B4 
 1055      D560A35C 
 1055      488CE29A 
 1056 0098 280A4C89 		.ascii	"(\012L\211\262`\220\255\010\330\275\237D\337\357\314"
 1056      B26090AD 
 1056      08D8BD9F 
 1056      44DFEFCC 
 1057 00a8 546A76F1 		.ascii	"Tjv\361^U\226\005g\263$x\004\314\203\300\214\204\342"
 1057      5E559605 
 1057      67B32478 
 1057      04CC83C0 
 1057      8C84E2
 1058 00bb 02DB57D5 		.ascii	"\002\333W\325\372\365rEk\037+\013\201\005l\321P\"\372"
 1058      FAF57245 
 1058      6B1F2B0B 
 1058      81056CD1 
 1058      5022FA
 1059 00ce CE141423 		.ascii	"\316\024\024#\236\256>\257\265\240\264\304\242\253\013"
 1059      9EAE3EAF 
 1059      B5A0B4C4 
 1059      A2AB0B
 1060 00dd A0D7A864 		.ascii	"\240\327\250d\264!\275z\032\346\266\227\264kK\267\363"
 1060      B421BD7A 
 1060      1AE6B697 
 1060      B46B4BB7 
 1060      F3
 1061 00ee 3D9399CE 		.ascii	"=\223\231\316\262\260\260\214\277\300\321u\331\301\260"
 1061      B2B0B08C 
 1061      BFC0D175 
 1061      D9C1B0
 1062 00fd 02D38E99 		.ascii	"\002\323\216\231\000]\017\336XU\375\2639\241u}\327\207"
 1062      005D0FDE 
ARM GAS  /tmp/ccv9bXW2.s 			page 33


 1062      5855FDB3 
 1062      39A1757D 
 1062      D787
 1063 010f 69BB1B54 		.ascii	"i\273\033T\265\203\233\305\340li\026\213\026n\003\025"
 1063      B5839BC5 
 1063      E06C6916 
 1063      8B166E03 
 1063      15
 1064 0120 74014BE4 		.ascii	"t\001K\344\232\020f\014ZR8)\270\027f\252\214}\201\376"
 1064      9A10660C 
 1064      5A523829 
 1064      B81766AA 
 1064      8C7D81FE 
 1065 0134 F86DD547 		.ascii	"\370m\325GS\2440{k\200P%a\273\351\037\253`_\221]\231"
 1065      53A4307B 
 1065      6B805025 
 1065      61BBE91F 
 1065      AB605F91 
 1066 014a DB561268 		.ascii	"\333V\022hM\312r{\276\013\362S\267\235$\305S\260^\357"
 1066      4DCA727B 
 1066      BE0BF253 
 1066      B79D24C5 
 1066      53B05EEF 
 1067 015e D18767B8 		.ascii	"\321\207g\270\351\266\371\031c\215\332\316\222\347\361"
 1067      E9B6F919 
 1067      638DDACE 
 1067      92E7F1
 1068 016d B91B315C 		.ascii	"\271\0331\\\361\374\361\333\015\321\346n\272\200\\q"
 1068      F1FCF1DB 
 1068      0DD1E66E 
 1068      BA805C71 
 1069 017d 7C9398BC 		.ascii	"|\223\230\274\255n\322\261\335\220\327\362\370\027\214"
 1069      AD6ED2B1 
 1069      DD90D7F2 
 1069      F8178C
 1070 018c 1951CD23 		.ascii	"\031Q\315#\221\317-\325\374\335kwI\210\377wh\343\005"
 1070      91CF2DD5 
 1070      FCDD6B77 
 1070      4988FF77 
 1070      68E305
 1071 019f F94C3FC4 		.ascii	"\371L?\304}8\376\212\240\222\014\246\012\271g\346\366"
 1071      7D38FE8A 
 1071      A0920CA6 
 1071      0AB967E6 
 1071      F6
 1072 01b0 B4B6497F 		.ascii	"\264\266I\177\213[\241\201\262\021H\274\004\241\272"
 1072      8B5BA181 
 1072      B21148BC 
 1072      04A1BA
 1073 01bf 5CD494ED 		.ascii	"\\\324\224\355\356E\376\231\341:\262\375\364\332\242"
 1073      EE45FE99 
 1073      E13AB2FD 
 1073      F4DAA2
 1074 01ce FC062CE3 		.ascii	"\374\006,\343\347\030\341\357\027\326:i\254\336#\023"
 1074      E718E1EF 
 1074      17D63A69 
 1074      ACDE2313 
ARM GAS  /tmp/ccv9bXW2.s 			page 34


 1075 01de B38B31FA 		.ascii	"\263\2131\372\010\360\\\272j\006\342W\261T2\242\302"
 1075      08F05CBA 
 1075      6A06E257 
 1075      B15432A2 
 1075      C2
 1076 01ef B1C8E0A0 		.ascii	"\261\310\340\240\212\306\207U\320q\"\351\313\347/^\012"
 1076      8AC68755 
 1076      D07122E9 
 1076      CBE72F5E 
 1076      0A
 1077 0200 2722A980 		.ascii	"'\"\251\200r\322au6\025J\015;\352\314\251\223\354\240"
 1077      72D26175 
 1077      36154A0D 
 1077      3BEACCA9 
 1077      93ECA0
 1078 0213 DFAFBCF3 		.ascii	"\337\257\274\363x,\036\212\237\036P*\345\250X0\241\022"
 1078      782C1E8A 
 1078      9F1E502A 
 1078      E5A85830 
 1078      A112
 1079 0225 F1907286 		.ascii	"\361\220r\206\323\221`\322Q\311H\262\025\372\303\214"
 1079      D39160D2 
 1079      51C948B2 
 1079      15FAC38C 
 1080 0235 C787766C 		.ascii	"\307\207vlM\370\217\366\205\002\207\017\364\035a\010"
 1080      4DF88FF6 
 1080      8502870F 
 1080      F41D6108 
 1081 0245 89A433F4 		.ascii	"\211\2443\364\013\005N\374V"
 1081      0B054EFC 
 1081      56
 1082              		.text
 1083              		.section	.gnu.lto_vmt.370.88382b53b27c43f2,"e",%progbits
 1084 0000 789C9BC4 		.ascii	"x\234\233\304\300\300\220\314\000\001s\230\031[\030"
 1084      C0C090CC 
 1084      00017398 
 1084      195B18
 1085 000f 9B1A1AFE 		.ascii	"\233\032\032\376L\352}6Q\224q\0113\303<f\204\350\213"
 1085      4CEA7D36 
 1085      51947109 
 1085      33C33C66 
 1085      84E88B
 1086 0022 B34011C6 		.ascii	"\263@\021\306y\314\214\010\221c\0205L\010\021\273%\314"
 1086      79CC8C08 
 1086      91631035 
 1086      4C0811BB 
 1086      25CC
 1087 0034 4CF39899 		.ascii	"L\363\230\231\341\002+\314\22603\317cf\001\011Lb^\302"
 1087      E1022BCC 
 1087      963033CF 
 1087      63660109 
 1087      4C625EC2 
 1088 0048 CCC2C860 		.ascii	"\314\302\310`\331\324\321 \261\204\231u.3\003\343N\306"
 1088      D9D4D120 
 1088      B1849975 
 1088      2E3303E3 
 1088      4EC6
ARM GAS  /tmp/ccv9bXW2.s 			page 35


 1089 005a B9CC8C8C 		.ascii	"\271\314\214\214;\200$\023\343v \311\314\270\015H\262"
 1089      3B802413 
 1089      E37620C9 
 1089      CCB80D48 
 1089      B2
 1090 006b 306E0592 		.ascii	"0n\005\222\254\214[\030\031\364\3643\362sS\365\2233"
 1090      AC8C5B18 
 1090      19F4F433 
 1090      F27353F5 
 1090      9333
 1091 007d 52D3D2F4 		.ascii	"R\323\322\364\3233K\364\023\213\213S\213\312\342\363"
 1091      D3334BF4 
 1091      138B8B53 
 1091      8BCAE2F3 
 1092 008d 4A937352 		.ascii	"J\223sR\363\215\365\213\213\222\365\203\362\223\362"
 1092      F38DF58B 
 1092      8B92F583 
 1092      F293F2
 1093 009c 4B8AF503 		.ascii	"K\212\365\003|=\031\214\364\364\364!\3109#3)\323?X_"
 1093      7C3D198C 
 1093      F4F4F421 
 1093      C8392333 
 1093      29D33F58 
 1094 00b1 3FBF583F 		.ascii	"?\277X?#1G?'3I\277\270\244(51\267X?75\027\312\324Kf"
 1094      2331473F 
 1094      273349BF 
 1094      B8A42835 
 1094      31B7583F 
 1095 00cc 00006BAD 		.ascii	"\000\000k\255K\211"
 1095      4B89
 1096              		.text
 1097              		.section	.gnu.lto_msObjectInit.371.88382b53b27c43f2,"e",%progbits
 1098 0000 789C8D92 		.ascii	"x\234\215\222Mk\324P\024\206\317\233\223d\246\010\272"
 1098      4D6BD450 
 1098      1486CF9B 
 1098      9364A608 
 1098      BA
 1099 0011 11D74217 		.ascii	"\021\327B\027\342&W-Z\227\202\013qQ\024\375\0012\031"
 1099      E226572D 
 1099      5A97820B 
 1099      715114FD 
 1099      013219
 1100 0024 33263031 		.ascii	"3&012\231\272p3\267\245\024\031\241\323VqQ\324\305\020"
 1100      3299BA70 
 1100      33B7A514 
 1100      19A1D356 
 1100      7151D4C5 
 1101 0039 6556BA52 		.ascii	"eV\272Rk\375\212\214R\212\210\305?P\021\012UT\264\""
 1101      6BFD8A8C 
 1101      528A88C5 
 1101      3F50110A 
 1101      5554B422 
 1102 004d 5AA8E8CD 		.ascii	"Z\250\350\315\207\324\272(\015\271p\316\345yrn\336\344"
 1102      87D4BA28 
 1102      0DB970CE 
 1102      E579726E 
 1102      DEE4
ARM GAS  /tmp/ccv9bXW2.s 			page 36


 1103 005f A2463446 		.ascii	"\242F4FD\275j\201\011\223\023M\215\244\224\207\012\032"
 1103      44BD6A81 
 1103      0993134D 
 1103      8DA49487 
 1103      0A1A
 1104 0071 86269A3D 		.ascii	"\206&\232=x\212\264\003544p\231w\253\366\347\315\251"
 1104      788AB403 
 1104      35343470 
 1104      9977ABF6 
 1104      E7CDA9
 1105 0084 8F5DC84E 		.ascii	"\217]\310N\214\210\211n\250\225^\327\030\223\0341\240"
 1105      8C88896E 
 1105      A8955ED7 
 1105      18931C31 
 1105      A0
 1106 0095 E795869D 		.ascii	"\347\225\206\235\252\342\323\264+\226r~nZ\312\036\212"
 1106      AAE2D3B4 
 1106      2B96727E 
 1106      6E5ACA1E 
 1106      8A
 1107 00a6 98711FCA 		.ascii	"\230q\037\312\301=\340.(\331p\257&\00672n!\347t<X\317"
 1107      C13DE02E 
 1107      28D970AF 
 1107      26063732 
 1107      6E21E774 
 1108 00bd E96E3BE5 		.ascii	"\351n;\345F\221\202_>u\307\266\216\253#\030x\270\036"
 1108      4691825F 
 1108      3E75C7B6 
 1108      8EAB2318 
 1108      78B81E
 1109 00d0 34DCDB29 		.ascii	"4\334\333)x)\003\347_\347O4\360\370\177pF'2\377\276"
 1109      782903E7 
 1109      5FE74F34 
 1109      F0F87F70 
 1109      462732FF 
 1110 00e5 83DAA33B 		.ascii	"\203\332\243;o\214X\256\376nI\271\270\210\325\336-\032"
 1110      6F8C58AE 
 1110      FE6E49B9 
 1110      B888D5DE 
 1110      2D1A
 1111 00f7 300D1D98 		.ascii	"0\015\035\230\201\011<B\021x\242\260\026'!I]\225\343"
 1111      81093C42 
 1111      1178A2B0 
 1111      16272149 
 1111      5D95E3
 1112 010a AC65E550 		.ascii	"\254e\345PL\364\001\362\335\302,\3503\206\2574\177!"
 1112      4CF401F2 
 1112      DDC22CE8 
 1112      3386AF34 
 1112      7F21
 1113 011c CF819164 		.ascii	"\317\201\221ds+I\262\243Z\263\255\222\211A{T_\214\270"
 1113      732B49B2 
 1113      A35AB3AD 
 1113      9289417B 
 1113      545F8CB8 
 1114 0130 8067B8CE 		.ascii	"\200g\270\316k\371\025Rz\004\246*;L\231\252G\\\304s"
 1114      6BF91552 
ARM GAS  /tmp/ccv9bXW2.s 			page 37


 1114      7A04A62A 
 1114      3B4C99AA 
 1114      475CC473 
 1115 0144 A00B1AC1 		.ascii	"\240\013\032\301\250\224K\333\023\360\005\262\221_\263"
 1115      A8944BDB 
 1115      13F005B2 
 1115      915FB3
 1116 0153 9153EFB7 		.ascii	"\221S\357\267m0G\307\254\232\243\2146\353\251\365m3"
 1116      6D3047C7 
 1116      AC9AA38C 
 1116      36EBA9F5 
 1116      6D33
 1117 0165 96813965 		.ascii	"\226\2019ei\211e\246\326\367\315Y/\225\305\211UL\255"
 1117      698965A6 
 1117      D6F7CD59 
 1117      2F95C589 
 1117      554CAD
 1118 0178 1F99B5BC 		.ascii	"\037\231\265\274\264\261\365JY\352\213$1\030\352\244"
 1118      B4B1F54A 
 1118      59EA8B24 
 1118      3118EAA4 
 1119 0188 CB187EBB 		.ascii	"\313\030~\273r$\375\271Z\214,f\031'\255%\334\300wD\331"
 1119      7224FDB9 
 1119      5A8C2C66 
 1119      1927AD25 
 1119      DCC07744 
 1120 019d 752A1571 		.ascii	"u*\025q\306\253\213R\030:\265\363\247\316\016\226\253"
 1120      C6AB8B52 
 1120      183AB5F3 
 1120      A7CE0E96 
 1120      AB
 1121 01ae 4ED027C2 		.ascii	"N\320'\302ZY\234\010\354\240\036\212\343\003Gi\237e"
 1121      5A599C08 
 1121      ECA01E8A 
 1121      E3034769 
 1121      9F65
 1122 01c0 89EC3EEC 		.ascii	"\211\354>\354z\266w\354\244\020A(\334RUT=[\204\365\232"
 1122      7AB677EC 
 1122      A4104128 
 1122      DC525554 
 1122      3D5B84F5 
 1123 01d5 53F243E1 		.ascii	"S\362C\341;~^Zeb?<\267\343\337\035\353`\277\335\267"
 1123      3B7E5E5A 
 1123      65623F3C 
 1123      B7E3DF1D 
 1123      EB60BFDD 
 1124 01ea 7F6FFF01 		.ascii	"\177o\377\0012\355\301J\305\251\351\241w\301a'\010\377"
 1124      32EDC14A 
 1124      C5A9E9A1 
 1124      77C16127 
 1124      08FF
 1125 01fc 005945F4 		.ascii	"\000YE\364:"
 1125      3A
 1126              		.text
 1127              		.section	.gnu.lto_.symbol_nodes.88382b53b27c43f2,"e",%progbits
 1128 0000 789CFBC0 		.ascii	"x\234\373\300\000\004L\357\231\352\031\032\200\200\205"
 1128      00044CEF 
ARM GAS  /tmp/ccv9bXW2.s 			page 38


 1128      99EA191A 
 1128      808085
 1129 000f 71C23906 		.ascii	"q\3029\006\206z\006\206\035\013\032\033\015\030\030"
 1129      867A0686 
 1129      1D0B1A1B 
 1129      0D1818
 1130 001e 19C0B21F 		.ascii	"\031\300\262\037\230\352\031q\313~d\252g\302-\373\216"
 1130      98EA1971 
 1130      CB7E64AA 
 1130      67C22DFB 
 1130      8E
 1131 002f A99E19B7 		.ascii	"\251\236\031\267\354[\246z\026\334\262\237\231\352Y"
 1131      EC5BA67A 
 1131      16DCB29F 
 1131      99EA59
 1132 003e 51647735 		.ascii	"Qdw542B%Y?11481003~a\252g\373\017\005\362`\225\014 "
 1132      34324225 
 1132      593F3131 
 1132      34383130 
 1132      30337E61 
 1133 005c BF809431 		.ascii	"\277\200\22413\263C\364?agf\2013\031\000\216.C\234"
 1133      33B343F4 
 1133      3F616766 
 1133      81331900 
 1133      8E2E439C 
 1134              		.text
 1135              		.section	.gnu.lto_.refs.88382b53b27c43f2,"e",%progbits
 1136 0000 789C05C1 		.ascii	"x\234\005\301\007\001\000\000\010\303\260\256\034\003"
 1136      07010000 
 1136      08C3B0AE 
 1136      1C03
 1137 000e F8F74A72 		.ascii	"\370\367Jr@\306\225Y\333\022\243<\003\360\000C"
 1137      40C69559 
 1137      DB12A33C 
 1137      03F00043 
 1138              		.text
 1139              		.section	.gnu.lto_.decls.88382b53b27c43f2,"e",%progbits
 1140 0000 789C9556 		.ascii	"x\234\225V}PT\327\025\277\347\336\267\037<W\226*6\375"
 1140      7D5054D7 
 1140      15BFE7DE 
 1140      B71F3C57 
 1140      962A36FD 
 1141 0014 A3638931 		.ascii	"\243c\2111\0153\031XYZ\315\237\314d&\235L\306\304i\322"
 1141      0D331958 
 1141      595ACD9F 
 1141      CC64269D 
 1141      4CC6C469 
 1142 0029 CEA47FC8 		.ascii	"\316\244\177\310\300\356\0036ew)\273\230\2443\235y\""
 1142      C0EE0336 
 1142      657729BB 
 1142      98A4339D 
 1142      7922
 1143 003b 8A222A7E 		.ascii	"\212\"*~D%\240 b\264\032\215_$\246&q\005?V\205H\020"
 1143      4425A020 
 1143      62B41A8D 
 1143      5F24A626 
 1143      71053F56 
ARM GAS  /tmp/ccv9bXW2.s 			page 39


 1144 0052 8C261251 		.ascii	"\214&\022Q\252\242\030C\024\024c\002=\367\276\307\276"
 1144      AAA21843 
 1144      14146302 
 1144      3DF7BEC7 
 1144      BE
 1145 0063 5D5867EA 		.ascii	"]Xg\352\205\263\367\275s\177\347w\276\356\275\273\363"
 1145      85B3F7BD 
 1145      737FE777 
 1145      BEEEBDBB 
 1145      F3
 1146 0074 6D84FC8E 		.ascii	"m\204\374\216\022\022F\031\305a%\204|E\214aA\011\243"
 1146      12124619 
 1146      C5612584 
 1146      7C458C61 
 1146      4109A3
 1147 0087 B4A27C89 		.ascii	"\264\242|\211r\021\345\012\312m\224\237Q\000e\032\220"
 1147      7211E50A 
 1147      CA6D949F 
 1147      5100651A 
 1147      90
 1148 0098 98D182EF 		.ascii	"\230\321\202\357\223p\236\202\222\214r\016%\037\245"
 1148      93709E82 
 1148      928C720E 
 1148      251FA5
 1149 00a7 1BE5F7B8 		.ascii	"\033\345\367\270\366&\316](\317\342\363s(i(\014\337"
 1149      F626CE5D 
 1149      28CFE2F3 
 1149      73286928 
 1149      0CDF
 1150 00b9 9FC63905 		.ascii	"\237\3069\005e&\012\325\375\374L&\216\003\270.\307\341"
 1150      65260AD5 
 1150      FDFC4C26 
 1150      8E03B82E 
 1150      C7E1
 1151 00cb EF8AE21F 		.ascii	"\357\212\342\037\317\315ygDq_|\014\367\352q\334't\356"
 1151      CFCD7967 
 1151      44715F7C 
 1151      0CF7EA71 
 1151      DC2774EE 
 1152 00df CFE2C4CE 		.ascii	"\317\342\304\316\375\216\217\033\364z\215\037\325\217"
 1152      FD8E8F1B 
 1152      F47A8D1F 
 1152      D58F
 1153 00ed E1E59C9C 		.ascii	"\341\345\234\234;\036ot\314\240\367`\374\330\364\204"
 1153      3B1E6F74 
 1153      CCA0F760 
 1153      FCD8F484 
 1154 00fd F1F2DCA3 		.ascii	"\361\362\334\2439\277\214\303\371<\202\3148\233x\255"
 1154      39BF8CC3 
 1154      F93C82CC 
 1154      389B78AD 
 1155 010d 502C2809 		.ascii	"P,(\011:W2hk\2118\377\012e\012J\022\312d\224\251(&\235"
 1155      3A573268 
 1155      6B8938FF 
 1155      0A650A4A 
 1155      12CA6494 
 1156 0125 B355AFC3 		.ascii	"\263U\257\303\330~\031?.rN\234\013\242b\347\361\362"
ARM GAS  /tmp/ccv9bXW2.s 			page 40


 1156      D87E193F 
 1156      2E724E9C 
 1156      0BA262E7 
 1156      F1F2
 1157 0137 58CFE9F1 		.ascii	"X\317\351\361\246\203\346\217s>\243\307<V\353\031z\374"
 1157      A683E68F 
 1157      733EA3C7 
 1157      3C56EB19 
 1157      7AFC
 1158 0149 7C1FC6DB 		.ascii	"|\037\306\333\2035\214n\331\263\257\322~\015\010\377"
 1158      83358C6E 
 1158      D9B3AFD2 
 1158      7E0D08FF 
 1159 0159 93DC0070 		.ascii	"\223\334\000pa6~\310\344o\214$\253T\245f7\2432\223\231"
 1159      61367EC8 
 1159      E46F8C24 
 1159      AB54A566 
 1159      37A33293 
 1160 016e 5B0EC3F4 		.ascii	"[\016\303\364\324A\226e\245\251v\331\272\243\005\222"
 1160      D4419665 
 1160      A5A976D9 
 1160      BAA30592 
 1161 017e 649395D2 		.ascii	"d\223\225\322>\213[N\375\011>\244\365\346\224,UrWN\353"
 1161      3E8B5B4E 
 1161      FD093EA4 
 1161      F5E6942C 
 1161      5572574E 
 1162 0193 B3A8B4EA 		.ascii	"\263\250\264\352\325\344\314,\374\354\263\204\301\215"
 1162      D5E4CC2C 
 1162      FCECB384 
 1162      C18D
 1163 01a1 56F3A835 		.ascii	"V\363\2505\011\237\372,\362 \253_av\267\321\245\317"
 1163      099FFA2C 
 1163      F220AB5F 
 1163      6176B7D1 
 1163      A5CF
 1164 01b3 411864B7 		.ascii	"A\030d\2673YU\325,\253u\272\275\2315\263\227\010\261"
 1164      335955D5 
 1164      2CAB75BA 
 1164      BD9935B3 
 1164      9708B1
 1165 01c6 5AF7EE99 		.ascii	"Z\367\356\231&\367Y\354H\221\352NIr\247\330\303`r\273"
 1165      26F759EC 
 1165      4891EA4E 
 1165      4972A7D8 
 1165      C36072BB 
 1166 01da E5E45482 		.ascii	"\345\344T\202A\270\235\316,*#\263d\015\203\223\201\315"
 1166      41B89DCE 
 1166      2C2A23B3 
 1166      640D8393 
 1166      81CD
 1167 01ec A95EE97F 		.ascii	"\251^\351\177J6\311\011\323SR\011q\223\227(\362\262"
 1167      4A36C909 
 1167      D3535209 
 1167      71939728 
 1167      F2B2
 1168 01fe D1B10116 		.ascii	"\321\261\001\026\364\3516^\001Re\352\244\354\225><\263"
ARM GAS  /tmp/ccv9bXW2.s 			page 41


 1168      F4E9365E 
 1168      015265EA 
 1168      A4EC953E 
 1168      3CB3
 1169 0210 94A610A2 		.ascii	"\224\246\020\242JV\233\015T\234\022\262_q\317s\312\244"
 1169      4A569B0D 
 1169      549C12B2 
 1169      5F71CF73 
 1169      CAA4
 1170 0222 CF427129 		.ascii	"\317Bq)Y\002\225\202a)\233\261BT\253\233(\253\250%\030"
 1170      59029582 
 1170      61299BB1 
 1170      4254AB9B 
 1170      28ABA825 
 1171 0237 3331B0C4 		.ascii	"31\260\304X\247\240\033h\357\304\350\200\2509h\\\224"
 1171      58A7A01B 
 1171      68EFC4E8 
 1171      80A83968 
 1171      5C94
 1172 0249 DB43847F 		.ascii	"\333C\204\177\002\030\242\310!\032!8\3641\246\204\310"
 1172      0218A2C8 
 1172      211A2138 
 1172      F431A684 
 1172      C8
 1173 025a 8246AEC7 		.ascii	"\202F\256\307B\365\260\250P\215\331\304\006.X@\007D"
 1173      42F5B0A8 
 1173      508DD9C4 
 1173      062E5840 
 1173      0744
 1174 026c 45AD6728 		.ascii	"E\255g(\016\234\3306+\232\313O\313\327\261l\352\205"
 1174      0E9CD836 
 1174      2B9ACB4F 
 1174      CBD7B16C 
 1174      EA85
 1175 027e 69905895 		.ascii	"i\220X\225E\200M'\354\031\342P\305h\370;\201O4\323\371"
 1175      45804D27 
 1175      EC19E250 
 1175      C568F83B 
 1175      814F34D3 
 1176 0293 93D630F8 		.ascii	"\223\3260\370-\214\202\230\010+\341\346\255'V`\367C"
 1176      2D8C8298 
 1176      082BE1E6 
 1176      AD275660 
 1176      F743
 1177 02a5 AADAA736 		.ascii	"\252\332\2476/d\0042a\026\201\303\200\200C\000\377\001"
 1177      2F640432 
 1177      611681C3 
 1177      80804300 
 1177      FF01
 1178 02b7 F8141054 		.ascii	"\370\024\020Ts\267n\257M\342\256?\003\360\243b\325{"
 1178      73B76EAF 
 1178      4DE2AE3F 
 1178      03F0A362 
 1178      D57B
 1179 02c9 AB0F9A84 		.ascii	"\253\017\232\204\"\037>\347|S\200\342g2$\341\247Y\364"
 1179      221F3EE7 
 1179      7C5380E2 
ARM GAS  /tmp/ccv9bXW2.s 			page 42


 1179      673224E1 
 1179      A759F4
 1180 02dc CA229E78 		.ascii	"\312\"\236x\010\357\260\177\021\001\221\004$\005\355"
 1180      08EFB07F 
 1180      11019104 
 1180      2405ED
 1181 02eb 7F38DFD5 		.ascii	"\1778\337\325l\226qm@\015\225%\0208\016p\014\263l\001"
 1181      6C96716D 
 1181      400D9525 
 1181      10380E70 
 1181      0CB36C01 
 1182 02ff 3441BFCD 		.ascii	"4A\277\315\000G\271\337\360\251\216.x\012a\267U5\031"
 1182      0047B9DF 
 1182      F0A98E2E 
 1182      780A61B7 
 1182      553519
 1183 0312 4E008400 		.ascii	"N\000\204\000\216\360\222\234D\360\027\374XUmT\2077"
 1183      8EF0929C 
 1183      44F017FC 
 1183      58556D54 
 1183      8737
 1184 0324 540C5D9D 		.ascii	"T\014]\235qeQ\271\332\316\275\001_\205\217\001yD\261"
 1184      716551B9 
 1184      DACEBD01 
 1184      5F858F01 
 1184      7944B1
 1185 0337 3E464513 		.ascii	">FE\023\300A\230\277\317\304\360x!\355\315\341\262~"
 1185      C04198BF 
 1185      CFC4F078 
 1185      21EDCDE1 
 1185      B27E
 1186 0349 BB1E3DCF 		.ascii	"\273\036=\317\246\351b\347C\026\317\315\031\264=\255"
 1186      A6E962E7 
 1186      4316CFCD 
 1186      19B43DAD 
 1187 0359 BBD9BB09 		.ascii	"\273\331\273\011=$\225\"JB=\234\21288\025q0*\261[\240"
 1187      3D249522 
 1187      4A423D9C 
 1187      8A383815 
 1187      71302AB1 
 1188 036f 810F1960 		.ascii	"\201\017\031`\214\246-\002n\213\200\333$\366#\360\272"
 1188      8CA62D02 
 1188      6E8B80DB 
 1188      24F623F0 
 1188      BA
 1189 0380 BC29CA65 		.ascii	"\274)\312e\027O\204\015\213\010\327\334{\0206\363\256"
 1189      174F840D 
 1189      8B08D7DC 
 1189      7B1036F3 
 1189      AE
 1190 0391 C4D6A703 		.ascii	"\304\326\247\003\020\203\365\371\012\240]\364\345\310"
 1190      1083F5F9 
 1190      0AA05DF4 
 1190      E5C8
 1191 039f A7DB2591 		.ascii	"\247\333%\221\3109\255/\203\307\032\033'\331\204]}\263"
 1191      C839AD2F 
 1191      83C71A1B 
ARM GAS  /tmp/ccv9bXW2.s 			page 43


 1191      27D9845D 
 1191      7DB3
 1192 03b1 C4BBA559 		.ascii	"\304\273\245Y\022\350\002\261[\272o\337\\O\205E\027"
 1192      12E802B1 
 1192      5BBA6FDF 
 1192      5C4F8545 
 1192      17
 1193 03c2 4027E718 		.ascii	"@'\347\030\350\255\372\332\254\027\343<W\034\356\332"
 1193      E8ADFADA 
 1193      AC17E33C 
 1193      571CEEDA 
 1194 03d2 DA2145AA 		.ascii	"\332!E\252q\316\250\306\005\214\340k\275\032\003\017"
 1194      71CEA8C6 
 1194      058CE06B 
 1194      BD1A030F 
 1195 03e2 BF28DAC1 		.ascii	"\277(\332\301/\014\324\302\331Hzg#\351\365\232\330\250"
 1195      2F0CD4C2 
 1195      D9487A67 
 1195      23E9F59A 
 1195      D8A8
 1196 03f4 4865428C 		.ascii	"HeB\214\275+?\352\265\213\035\027z\374\216\273\274\362"
 1196      BD2B3FEA 
 1196      B58B1D17 
 1196      7AFC8EBB 
 1196      BCF2
 1197 0406 D84ED948 		.ascii	"\330N\331H\344\222\221H\267\226\310\325u\367\217Z\005"
 1197      E4929148 
 1197      B796C8D5 
 1197      75F78F5A 
 1197      05
 1198 0417 6D37C0B7 		.ascii	"m7\300\267\334\344`\337\362\375LO\344;\256X{\245\345"
 1198      DCE460DF 
 1198      F2FD4C4F 
 1198      E43BAE58 
 1198      7BA5E5
 1199 042a 6CDC447A 		.ascii	"l\334Dz0\312\313cm\275|HUM\242Q=\000\337D2\371&\222"
 1199      30CACB63 
 1199      6DBD7C48 
 1199      554DA251 
 1199      3D00DF44 
 1200 0442 49BD9995 		.ascii	"I\275\231\225\323\270\231|\177\243\271?aL\321\313]~"
 1200      D3B8997C 
 1200      7FA3B93F 
 1200      614CD1CB 
 1200      5D7E
 1201 0454 F47E6995 		.ascii	"\364~i\225e\254\274\377\345\232o\027\357[\011S\265\263"
 1201      65ACBCFF 
 1201      E59A6F17 
 1201      EF5B0953 
 1201      B5B3
 1202 0466 18D2EF83 		.ascii	"\030\322\357\203\353\272\027\266N\360V4\357\332j\212"
 1202      EBBA17B6 
 1202      4EF05634 
 1202      EFDA6A8A 
 1203 0476 81C00D88 		.ascii	"\201\300\015\210\200\020p\251u\177gTW\373\214b\334\324"
 1203      801070A9 
 1203      757F6754 
ARM GAS  /tmp/ccv9bXW2.s 			page 44


 1203      57FB8C62 
 1203      DCD4
 1204 0488 8AD1B47A 		.ascii	"\212\321\264z\355~\255\2537\001\256q\267#{\353zh$\367"
 1204      ED7EADAB 
 1204      3701AE71 
 1204      B7237BEB 
 1204      7A6824F7 
 1205 049c 8248EAFD 		.ascii	"\202H\352\375\230\326-\315h_\307\341\246\304\031\033"
 1205      98D62DCD 
 1205      685FC7E1 
 1205      A6C4191B 
 1206 04ac B197B75B 		.ascii	"\261\227\267[\376\241\365\262\037\340j\244\002W#\025"
 1206      FEA1F5B2 
 1206      1FE06AA4 
 1206      02572315 
 1207 04bc A890D816 		.ascii	"\250\220\330\026J\330\016\021\355\336\232\353\247y\212"
 1207      4AD80E11 
 1207      EDDE9AEB 
 1207      A7798A
 1208 04cb 7087FF54 		.ascii	"p\207\377T\331-t\015\3336w\360B\300\000\332\374\020"
 1208      D92D740D 
 1208      DB3677F0 
 1208      42C000DA 
 1208      FC10
 1209 04dd 7767B65E 		.ascii	"wg\266^o\350\237$\024\036\270\313\021\333\357\227]J"
 1209      6FE89F24 
 1209      141EB8CB 
 1209      11DBEF97 
 1209      5D4A
 1210 04ef D0DB758F 		.ascii	"\320\333u\217+\316/\252\274\237\370t\023\025\214\237"
 1210      2BCE2FAA 
 1210      BC9FF874 
 1210      13158C9F 
 1211 04ff 57DF3CA0 		.ascii	"W\337<\240\331\017\341\241\370D\350~\254\273\367\001"
 1211      D90FE1A1 
 1211      F844E87E 
 1211      ACBBF701 
 1212 050f DFA9F000 		.ascii	"\337\251\360\000\340>j\217\010\355\256\015\215\355\""
 1212      E03E6A8F 
 1212      08EDAE0D 
 1212      8DED22
 1213 051e 9E87E87B 		.ascii	"\236\207\350{\230\023\015v\377\322n\334\032\371Z\356"
 1213      98130D76 
 1213      FFD26EDC 
 1213      1AF95AEE 
 1214 052e F0132E3F 		.ascii	"\360\023.?B\031\324\262?\327t\3474\314\330\270T\035"
 1214      4219D4B2 
 1214      3FD774E7 
 1214      34CCD8B8 
 1214      541D
 1215 0540 DE7CFE88 		.ascii	"\336|\376\210\263Vm.Um=\014\021\360\275V\001\300\323"
 1215      B3566D2E 
 1215      556D3D0C 
 1215      11F0BD56 
 1215      01C0D3
 1216 0553 89CFBC14 		.ascii	"\211\317\274\024\254\226i\027\330o\304\005\026\322."
 1216      AC966917 
ARM GAS  /tmp/ccv9bXW2.s 			page 45


 1216      D86FC405 
 1216      16D22E
 1217 0562 BC2456CF 		.ascii	"\274$V\3178\323\2075\007:\250\321\2353FwJ\361KD@\255"
 1217      38D38735 
 1217      073AA8D1 
 1217      9D334677 
 1217      4AF14B44 
 1218 0578 AC51401B 		.ascii	"\254Q@\033\316>\\\317\014\350I\003\272\030\241l\207"
 1218      CE3E5CCF 
 1218      0CE84903 
 1218      BA18A16C 
 1218      87
 1219 0589 001DB856 		.ascii	"\000\035\270Vy0\252\333\027\014P9\007\355\026\240\272"
 1219      7930AADB 
 1219      170C5039 
 1219      07ED16A0 
 1219      BA
 1220 059a F0D19589 		.ascii	"\360\321\225\211\006\250\307\000-\343\240\003\214\260"
 1220      06A8C700 
 1220      2DE3A003 
 1220      8CB0
 1221 05a8 1694760E 		.ascii	"\026\224v\016N\334rw\350\216u\346\314\2513q\240\311"
 1221      4EDC7277 
 1221      E88E75E6 
 1221      CCA93371 
 1221      A0C9
 1222 05ba F0A5CD23 		.ascii	"\360\245\315#K,j\030\353RJa!\205U4b\255\2425d\020DU"
 1222      4B2C6A18 
 1222      EB524A61 
 1222      21855534 
 1222      62ADA235 
 1223 05d2 D5AA21C9 		.ascii	"\325\252!\311\314\333W\021\203p\010\000V\267\014w\253"
 1223      CCDB5711 
 1223      83700800 
 1223      56B70C77 
 1223      AB
 1224 05e3 44F0EB04 		.ascii	"D\360\353\004F\260R\313\005\010O\360J\012\253)\254\241"
 1224      46B052CB 
 1224      05084FF0 
 1224      4A0AAB29 
 1224      ACA1
 1225 05f5 50456105 		.ascii	"PEa\005\205\265\374\213\324\240[L\241,\206n\021wx\034"
 1225      85B5FC8B 
 1225      D4A05B4C 
 1225      A12C866E 
 1225      1177781C 
 1226 0609 A220CB28 		.ascii	"\242 \313(,\235\3401\006QNa\311D\222\214X7\225\023\363"
 1226      2C9DE031 
 1226      06514E61 
 1226      C944928C 
 1226      58379513 
 1227 061e 3A2E2EA4 		.ascii	":..\244\320\231\241\007\342D\226\205\376\357\004\236"
 1227      D099A107 
 1227      E2449685 
 1227      FEEF049E 
 1228 062e 5D57A50E 		.ascii	"]W\245\016w.om\231\262\020m`\035\205_\370.\321m\011"
 1228      772E6F6D 
ARM GAS  /tmp/ccv9bXW2.s 			page 46


 1228      99B2106D 
 1228      601D855F 
 1228      F82ED16D 
 1229 0643 7FF3CD1F 		.ascii	"\177\363\315\037al\231D\330\012\2245\222\350\344\252"
 1229      616C9944 
 1229      D80A9435 
 1229      92E8E4AA 
 1230 0653 DD8352EC 		.ascii	"\335\203R\354\301F/\3254r\260\217\336\035:\252\001B"
 1230      C1462FD5 
 1230      3472B08F 
 1230      DE1D3AAA 
 1230      0142
 1231 0665 F101DB2A 		.ascii	"\361\001\333*6\354\231l\264\371}#\241\232\261\275\225"
 1231      36EC996C 
 1231      B4F97D23 
 1231      A19AB1BD 
 1231      95
 1232 0676 2CF6643D 		.ascii	",\366d=\260j\356\323\266dd1\023\215\236i\264h\023\205"
 1232      B06AEED3 
 1232      B6646431 
 1232      138D9E69 
 1232      B4681385 
 1233 068a 5A9E7F9D 		.ascii	"Z\236\177\235\310o+\205F\012[(\324Sh\320\273\203[\242"
 1233      C86F2B85 
 1233      460A5B28 
 1233      D45368D0 
 1233      BB835BA2 
 1234 069e DA85A52B 		.ascii	"\332\205\245+\263\361\206\257\247\034\372\370\016!d"
 1234      B3F186AF 
 1234      A71CFAF8 
 1234      0E2164
 1235 06ad C344C8B8 		.ascii	"\303D\310\270]\2639\006a\354\253\201\215-\253\022\253"
 1235      5DB33906 
 1235      61ECAB81 
 1235      8D2DAB12 
 1235      AB
 1236 06be 1632CC80 		.ascii	"\0262\314\200\227\255n\374\316\342\220\352\336\"\276"
 1236      97AD6EFC 
 1236      CEE290EA 
 1236      DE22BE
 1237 06cd 3BF10EDD 		.ascii	";\361\016\335H\307#\264&v\266=\3326y\352\370\024\371"
 1237      48C723B4 
 1237      2676B63D 
 1237      DA3679EA 
 1237      F814F9
 1238 06e0 BDF99824 		.ascii	"\275\371\230$\371\005\023zo\247\311(\3466\203\367\003"
 1238      F905137A 
 1238      6FA7C928 
 1238      E63683F7 
 1238      03
 1239 06f1 2A00651B 		.ascii	"*\000e\033\006\316\330\015\300#\343Pm\327\000\023n\265"
 1239      06CED80D 
 1239      C023E350 
 1239      6DD70013 
 1239      6EB5
 1240 0703 7BBB6A46 		.ascii	"{\273jF\314\302\242\212[\274\0251\360\010\374w\307\266"
 1240      CCC2A28A 
ARM GAS  /tmp/ccv9bXW2.s 			page 47


 1240      5BBC1531 
 1240      F008FC77 
 1240      C7B6
 1241 0715 77C802FF 		.ascii	"w\310\002\377o\012;(\377\222\252-\353\2112(\210\030"
 1241      6F0A3B28 
 1241      FF92AA2D 
 1241      EB893228 
 1241      8818
 1242 0727 E4F39E23 		.ascii	"\344\363\236#`x`\353\220f\262\213\302NnRs\243\366HB"
 1242      607860EB 
 1242      9066B28B 
 1242      C24E6E52 
 1242      73A3F648 
 1243 073c DCEB0C2F 		.ascii	"\334\353\014/_\374\271/<\335\276\265\375d\324}\260\316"
 1243      5FFCB92F 
 1243      3CDDBEB5 
 1243      FD64D47D 
 1243      B0CE
 1244 074e C86D0FCF 		.ascii	"\310m\017\317\236e\314&\266\234b\357\2029J\232\367\371"
 1244      9E65CC26 
 1244      B69C62EF 
 1244      82394A9A 
 1244      F7F9
 1245 0760 BC2222BB 		.ascii	"\274\"\"\273\374\305A\345\2354\357\037\210\224]T\022"
 1245      FCC541E5 
 1245      9D34EF1F 
 1245      88945D54 
 1245      12
 1246 0771 CC484F77 		.ascii	"\314HOwh\377/\026xr=\257\275\356p\370\003\216\202\234"
 1246      68FF2F16 
 1246      78723DAF 
 1246      BDEE70F8 
 1246      038E829C 
 1247 0785 4247A127 		.ascii	"BG\241'\327\021\010\026+9\336\200\303\253x\365\307t"
 1247      D7110816 
 1247      2B39DE80 
 1247      C3AB78F5 
 1247      C774
 1248 0797 97F54FAF 		.ascii	"\227\365O\257\376%\345\305\2149\344\327\321\332\364"
 1248      FE25E5C5 
 1248      8C39E4D7 
 1248      D1DAF4
 1249 07a6 17E6E466 		.ascii	"\027\346\344f\3761c\316lb)\361\370\202/d\007M\336@~"
 1249      FE3163CE 
 1249      6C6229F1 
 1249      F8822F64 
 1249      074DDE40 
 1250 07bb 7630DD51 		.ascii	"v0\335Q\340\367*\016W\201\222\227\347\310\367\004\035"
 1250      E0F72A0E 
 1250      57819297 
 1250      E7C8F704 
 1250      1D
 1251 07cc 39818052 		.ascii	"9\201\200R"
 1252 07d0 BC20DB57 		.ascii	"\274 \333W\342*T\374\231\216@\261\313\361g\177\256?"
 1252      E22A54FC 
 1252      998E40B1 
 1252      CBF1677F 
ARM GAS  /tmp/ccv9bXW2.s 			page 48


 1252      AE3F
 1253 07e2 1870CC9B 		.ascii	"\030p\314\233\3732q>q8\230F\276\0224g\227\370\304\204"
 1253      FB32713E 
 1253      71389846 
 1253      BE123467 
 1253      97F8C484 
 1254 07f6 5A77C01C 		.ascii	"Zw\300\034\360\374S\311\016Z\262\337.\366\004\225\200"
 1254      F0FC53C9 
 1254      0E5AB2DF 
 1254      2EF60495 
 1254      80
 1255 0807 CD1B782D 		.ascii	"\315\033x-\367-\305\025|\331\347\011\332\346*^\177\361"
 1255      F72DC515 
 1255      7CD9E709 
 1255      DAE62A5E 
 1255      7FF1
 1256 0819 BBAF0B7B 		.ascii	"\273\257\013{32\271\212\336\225\012\225\234<\213\317"
 1256      3332B98A 
 1256      DE950A95 
 1256      9C3C8BCF 
 1257 0829 1F2C28F6 		.ascii	"\037,(\366\277\015\031\226<_J\240Hq\241\306\347+),|"
 1257      BF0D1996 
 1257      3C5F4AA0 
 1257      4871A1C6 
 1257      E72B292C 
 1258 083e 233A07B7 		.ascii	"#:\007\267\262 ;\350\367\027\006\034\371.W\032\2266"
 1258      B2203BE8 
 1258      F717061C 
 1258      F92E571A 
 1258      9636
 1259 0850 0D514A9A 		.ascii	"\015QJ\232\222\223\353I\313\230\225\236\231\346\234"
 1259      9293EB49 
 1259      CB98959E 
 1259      99E69C
 1260 085f E5CC48CF 		.ascii	"\345\314H\317\230\345\210Yrx|\256\302\022\267\302S\360"
 1260      98E58859 
 1260      72787CAE 
 1260      C212B7C2 
 1260      53F0
 1261 0871 F8F2D30B 		.ascii	"\370\362\323\013\010[\340\0152\014\231a\023$\036\265"
 1261      085BE00D 
 1261      320C9961 
 1261      13241EB5 
 1262 0881 49046BF7 		.ascii	"I\004k\367\370\002\301\034\237K\311\366\347\345\005"
 1262      F802C11C 
 1262      9F4BC9F6 
 1262      E7E505
 1263 0890 1411AE16 		.ascii	"\024\021\256\026\353_\347\276a\022I>q\215\320\231\342"
 1263      EB5FE7BE 
 1263      6112493E 
 1263      718DD099 
 1263      E2
 1264 08a1 0F48BC28 		.ascii	"\017H\274(\346\334\222\274<\245\330\254\221\377\017"
 1264      E6DC92BC 
 1264      3CA5D8AC 
 1264      91FF0F
 1265 08b0 90726461 		.ascii	"\220rda"
ARM GAS  /tmp/ccv9bXW2.s 			page 49


 1266              		.text
 1267              		.section	.gnu.lto_.symtab.88382b53b27c43f2,"e",%progbits
 1268 0000 6D734F62 		.ascii	"msObjectInit\000"
 1268      6A656374 
 1268      496E6974 
 1268      00
 1269 000d 00       		.ascii	"\000"
 1270 000e 00       		.ascii	"\000"
 1271 000f 00       		.ascii	"\000"
 1272 0010 00000000 		.ascii	"\000\000\000\000\000\000\000\000"
 1272      00000000 
 1273 0018 EC000000 		.ascii	"\354\000\000\000"
 1274              		.text
 1275              		.section	.gnu.lto_.ext_symtab.88382b53b27c43f2,"e",%progbits
 1276 0000 01       		.ascii	"\001"
 1277 0001 01       		.ascii	"\001"
 1278 0002 00       		.ascii	"\000"
 1279              		.text
 1280              		.section	.gnu.lto_.opts,"e",%progbits
 1281 0000 272D666E 		.ascii	"'-fno-openmp' '-fno-openacc' '-fno-pie' '-fcf-prote"
 1281      6F2D6F70 
 1281      656E6D70 
 1281      2720272D 
 1281      666E6F2D 
 1282 0033 6374696F 		.ascii	"ction=none' '-g' '-mcpu=cortex-m4' '-mthumb' '-mflo"
 1282      6E3D6E6F 
 1282      6E652720 
 1282      272D6727 
 1282      20272D6D 
 1283 0066 61742D61 		.ascii	"at-abi=hard' '-mfpu=fpv4-sp-d16' '-mlibarch=armv7e-"
 1283      62693D68 
 1283      61726427 
 1283      20272D6D 
 1283      6670753D 
 1284 0099 6D2B6670 		.ascii	"m+fp' '-march=armv7e-m+fp' '-Og' '-fomit-frame-poin"
 1284      2720272D 
 1284      6D617263 
 1284      683D6172 
 1284      6D763765 
 1285 00cc 74657227 		.ascii	"ter' '-falign-functions=16' '-ffunction-sections' '"
 1285      20272D66 
 1285      616C6967 
 1285      6E2D6675 
 1285      6E637469 
 1286 00ff 2D666461 		.ascii	"-fdata-sections' '-fno-common' '-flto' '-Xassembler"
 1286      74612D73 
 1286      65637469 
 1286      6F6E7327 
 1286      20272D66 
 1287 0132 2720272D 		.ascii	"' '-alms=./build/lst/memstreams.lst'\000"
 1287      616C6D73 
 1287      3D2E2F62 
 1287      75696C64 
 1287      2F6C7374 
 1288              		.text
 1289              		.comm	__gnu_lto_slim,1,1
 1290              		.ident	"GCC: (GNU Arm Embedded Toolchain 10.3-2021.10) 10.3.1 20210824 (release)"
ARM GAS  /tmp/ccv9bXW2.s 			page 50


ARM GAS  /tmp/ccv9bXW2.s 			page 51


DEFINED SYMBOLS
                            *ABS*:0000000000000000 memstreams.c
     /tmp/ccv9bXW2.s:26     .gnu.debuglto_.debug_info:0000000000000000 memstreams.c.87b35176
                            *COM*:0000000000000001 __gnu_lto_slim

NO UNDEFINED SYMBOLS
