ARM GAS  /tmp/cc2rTGWf.s 			page 1


   1              		.cpu cortex-m4
   2              		.arch armv7e-m
   3              		.fpu fpv4-sp-d16
   4              		.eabi_attribute 27, 1
   5              		.eabi_attribute 28, 1
   6              		.eabi_attribute 20, 1
   7              		.eabi_attribute 21, 1
   8              		.eabi_attribute 23, 3
   9              		.eabi_attribute 24, 1
  10              		.eabi_attribute 25, 1
  11              		.eabi_attribute 26, 1
  12              		.eabi_attribute 30, 1
  13              		.eabi_attribute 34, 1
  14              		.eabi_attribute 18, 4
  15              		.file	"nullstreams.c"
  16              		.file 1 "/home/cheff/dev_tools/gcc-arm-none-eabi-10.3-2021.10/lib/gcc/arm-none-eabi/10.3.1/include
  17              		.file 2 "/home/cheff/dev_tools/gcc-arm-none-eabi-10.3-2021.10/arm-none-eabi/include/machine/_defau
  18              		.file 3 "/home/cheff/dev_tools/gcc-arm-none-eabi-10.3-2021.10/arm-none-eabi/include/sys/_stdint.h"
  19              		.file 4 "../../../ChibiOS//os/rt/include/chearly.h"
  20              		.file 5 "../../../ChibiOS//os/hal/lib/streams/nullstreams.h"
  21              		.file 6 "../../../ChibiOS//os/hal/lib/streams/nullstreams.c"
  22              		.section	.gnu.debuglto_.debug_info,"e",%progbits
  23              	.Ldebug_info0:
  24              		.hidden	nullstreams.c.1d797048
  25              		.weak	nullstreams.c.1d797048
  26              	nullstreams.c.1d797048:
  27 0000 B8020000 		.4byte	0x2b8
  28 0004 0400     		.2byte	0x4
  29 0006 00000000 		.4byte	.Ldebug_abbrev0
  30 000a 04       		.byte	0x4
  31 000b 01       		.uleb128 0x1
  32 000c 11000000 		.4byte	.LASF24
  33 0010 0C       		.byte	0xc
  34 0011 1B020000 		.4byte	.LASF25
  35 0015 B9010000 		.4byte	.LASF26
  36 0019 00000000 		.4byte	.Ldebug_line0
  37 001d 02       		.uleb128 0x2
  38 001e 04       		.byte	0x4
  39 001f 05       		.byte	0x5
  40 0020 696E7400 		.ascii	"int\000"
  41 0024 03       		.uleb128 0x3
  42 0025 0A000000 		.4byte	.LASF4
  43 0029 01       		.byte	0x1
  44 002a D1       		.byte	0xd1
  45 002b 17       		.byte	0x17
  46 002c 30000000 		.4byte	0x30
  47 0030 04       		.uleb128 0x4
  48 0031 04       		.byte	0x4
  49 0032 07       		.byte	0x7
  50 0033 16010000 		.4byte	.LASF0
  51 0037 04       		.uleb128 0x4
  52 0038 08       		.byte	0x8
  53 0039 05       		.byte	0x5
  54 003a EF010000 		.4byte	.LASF1
  55 003e 04       		.uleb128 0x4
  56 003f 08       		.byte	0x8
  57 0040 04       		.byte	0x4
ARM GAS  /tmp/cc2rTGWf.s 			page 2


  58 0041 8F010000 		.4byte	.LASF2
  59 0045 04       		.uleb128 0x4
  60 0046 01       		.byte	0x1
  61 0047 06       		.byte	0x6
  62 0048 4E020000 		.4byte	.LASF3
  63 004c 03       		.uleb128 0x3
  64 004d 00000000 		.4byte	.LASF5
  65 0051 02       		.byte	0x2
  66 0052 2B       		.byte	0x2b
  67 0053 18       		.byte	0x18
  68 0054 58000000 		.4byte	0x58
  69 0058 04       		.uleb128 0x4
  70 0059 01       		.byte	0x1
  71 005a 08       		.byte	0x8
  72 005b 6F010000 		.4byte	.LASF6
  73 005f 04       		.uleb128 0x4
  74 0060 02       		.byte	0x2
  75 0061 05       		.byte	0x5
  76 0062 FD010000 		.4byte	.LASF7
  77 0066 04       		.uleb128 0x4
  78 0067 02       		.byte	0x2
  79 0068 07       		.byte	0x7
  80 0069 56010000 		.4byte	.LASF8
  81 006d 03       		.uleb128 0x3
  82 006e FC000000 		.4byte	.LASF9
  83 0072 02       		.byte	0x2
  84 0073 4D       		.byte	0x4d
  85 0074 18       		.byte	0x18
  86 0075 79000000 		.4byte	0x79
  87 0079 04       		.uleb128 0x4
  88 007a 04       		.byte	0x4
  89 007b 05       		.byte	0x5
  90 007c 12020000 		.4byte	.LASF10
  91 0080 04       		.uleb128 0x4
  92 0081 04       		.byte	0x4
  93 0082 07       		.byte	0x7
  94 0083 7D010000 		.4byte	.LASF11
  95 0087 04       		.uleb128 0x4
  96 0088 08       		.byte	0x8
  97 0089 07       		.byte	0x7
  98 008a 39010000 		.4byte	.LASF12
  99 008e 03       		.uleb128 0x3
 100 008f AB010000 		.4byte	.LASF13
 101 0093 03       		.byte	0x3
 102 0094 18       		.byte	0x18
 103 0095 13       		.byte	0x13
 104 0096 4C000000 		.4byte	0x4c
 105 009a 05       		.uleb128 0x5
 106 009b 8E000000 		.4byte	0x8e
 107 009f 03       		.uleb128 0x3
 108 00a0 E7010000 		.4byte	.LASF14
 109 00a4 03       		.byte	0x3
 110 00a5 2C       		.byte	0x2c
 111 00a6 13       		.byte	0x13
 112 00a7 6D000000 		.4byte	0x6d
 113 00ab 03       		.uleb128 0x3
 114 00ac B3010000 		.4byte	.LASF15
ARM GAS  /tmp/cc2rTGWf.s 			page 3


 115 00b0 04       		.byte	0x4
 116 00b1 58       		.byte	0x58
 117 00b2 19       		.byte	0x19
 118 00b3 9F000000 		.4byte	0x9f
 119 00b7 04       		.uleb128 0x4
 120 00b8 01       		.byte	0x1
 121 00b9 08       		.byte	0x8
 122 00ba A6010000 		.4byte	.LASF16
 123 00be 06       		.uleb128 0x6
 124 00bf 04       		.byte	0x4
 125 00c0 04       		.uleb128 0x4
 126 00c1 01       		.byte	0x1
 127 00c2 02       		.byte	0x2
 128 00c3 5A020000 		.4byte	.LASF17
 129 00c7 07       		.uleb128 0x7
 130 00c8 04       		.byte	0x4
 131 00c9 8E000000 		.4byte	0x8e
 132 00cd 08       		.uleb128 0x8
 133 00ce 24000000 		.4byte	0x24
 134 00d2 E6000000 		.4byte	0xe6
 135 00d6 09       		.uleb128 0x9
 136 00d7 BE000000 		.4byte	0xbe
 137 00db 09       		.uleb128 0x9
 138 00dc E6000000 		.4byte	0xe6
 139 00e0 09       		.uleb128 0x9
 140 00e1 24000000 		.4byte	0x24
 141 00e5 00       		.byte	0
 142 00e6 07       		.uleb128 0x7
 143 00e7 04       		.byte	0x4
 144 00e8 9A000000 		.4byte	0x9a
 145 00ec 07       		.uleb128 0x7
 146 00ed 04       		.byte	0x4
 147 00ee CD000000 		.4byte	0xcd
 148 00f2 08       		.uleb128 0x8
 149 00f3 24000000 		.4byte	0x24
 150 00f7 0B010000 		.4byte	0x10b
 151 00fb 09       		.uleb128 0x9
 152 00fc BE000000 		.4byte	0xbe
 153 0100 09       		.uleb128 0x9
 154 0101 C7000000 		.4byte	0xc7
 155 0105 09       		.uleb128 0x9
 156 0106 24000000 		.4byte	0x24
 157 010a 00       		.byte	0
 158 010b 07       		.uleb128 0x7
 159 010c 04       		.byte	0x4
 160 010d F2000000 		.4byte	0xf2
 161 0111 08       		.uleb128 0x8
 162 0112 AB000000 		.4byte	0xab
 163 0116 25010000 		.4byte	0x125
 164 011a 09       		.uleb128 0x9
 165 011b BE000000 		.4byte	0xbe
 166 011f 09       		.uleb128 0x9
 167 0120 8E000000 		.4byte	0x8e
 168 0124 00       		.byte	0
 169 0125 07       		.uleb128 0x7
 170 0126 04       		.byte	0x4
 171 0127 11010000 		.4byte	0x111
ARM GAS  /tmp/cc2rTGWf.s 			page 4


 172 012b 08       		.uleb128 0x8
 173 012c AB000000 		.4byte	0xab
 174 0130 3A010000 		.4byte	0x13a
 175 0134 09       		.uleb128 0x9
 176 0135 BE000000 		.4byte	0xbe
 177 0139 00       		.byte	0
 178 013a 07       		.uleb128 0x7
 179 013b 04       		.byte	0x4
 180 013c 2B010000 		.4byte	0x12b
 181 0140 0A       		.uleb128 0xa
 182 0141 EE000000 		.4byte	.LASF27
 183 0145 18       		.byte	0x18
 184 0146 05       		.byte	0x5
 185 0147 35       		.byte	0x35
 186 0148 08       		.byte	0x8
 187 0149 9C010000 		.4byte	0x19c
 188 014d 0B       		.uleb128 0xb
 189 014e 06010000 		.4byte	.LASF18
 190 0152 05       		.byte	0x5
 191 0153 36       		.byte	0x36
 192 0154 03       		.byte	0x3
 193 0155 24000000 		.4byte	0x24
 194 0159 00       		.byte	0
 195 015a 0B       		.uleb128 0xb
 196 015b 69010000 		.4byte	.LASF19
 197 015f 05       		.byte	0x5
 198 0160 36       		.byte	0x36
 199 0161 03       		.byte	0x3
 200 0162 EC000000 		.4byte	0xec
 201 0166 04       		.byte	0x4
 202 0167 0B       		.uleb128 0xb
 203 0168 9B010000 		.4byte	.LASF20
 204 016c 05       		.byte	0x5
 205 016d 36       		.byte	0x36
 206 016e 03       		.byte	0x3
 207 016f 0B010000 		.4byte	0x10b
 208 0173 08       		.byte	0x8
 209 0174 0C       		.uleb128 0xc
 210 0175 70757400 		.ascii	"put\000"
 211 0179 05       		.byte	0x5
 212 017a 36       		.byte	0x36
 213 017b 03       		.byte	0x3
 214 017c 25010000 		.4byte	0x125
 215 0180 0C       		.byte	0xc
 216 0181 0C       		.uleb128 0xc
 217 0182 67657400 		.ascii	"get\000"
 218 0186 05       		.byte	0x5
 219 0187 36       		.byte	0x36
 220 0188 03       		.byte	0x3
 221 0189 3A010000 		.4byte	0x13a
 222 018d 10       		.byte	0x10
 223 018e 0B       		.uleb128 0xb
 224 018f A0010000 		.4byte	.LASF21
 225 0193 05       		.byte	0x5
 226 0194 36       		.byte	0x36
 227 0195 03       		.byte	0x3
 228 0196 25010000 		.4byte	0x125
ARM GAS  /tmp/cc2rTGWf.s 			page 5


 229 019a 14       		.byte	0x14
 230 019b 00       		.byte	0
 231 019c 05       		.uleb128 0x5
 232 019d 40010000 		.4byte	0x140
 233 01a1 0D       		.uleb128 0xd
 234 01a2 04       		.byte	0x4
 235 01a3 05       		.byte	0x5
 236 01a4 3E       		.byte	0x3e
 237 01a5 09       		.byte	0x9
 238 01a6 B8010000 		.4byte	0x1b8
 239 01aa 0C       		.uleb128 0xc
 240 01ab 766D7400 		.ascii	"vmt\000"
 241 01af 05       		.byte	0x5
 242 01b0 40       		.byte	0x40
 243 01b1 1F       		.byte	0x1f
 244 01b2 B8010000 		.4byte	0x1b8
 245 01b6 00       		.byte	0
 246 01b7 00       		.byte	0
 247 01b8 07       		.uleb128 0x7
 248 01b9 04       		.byte	0x4
 249 01ba 9C010000 		.4byte	0x19c
 250 01be 03       		.uleb128 0x3
 251 01bf 07020000 		.4byte	.LASF22
 252 01c3 05       		.byte	0x5
 253 01c4 42       		.byte	0x42
 254 01c5 03       		.byte	0x3
 255 01c6 A1010000 		.4byte	0x1a1
 256 01ca 0E       		.uleb128 0xe
 257 01cb 766D7400 		.ascii	"vmt\000"
 258 01cf 06       		.byte	0x6
 259 01d0 56       		.byte	0x56
 260 01d1 23       		.byte	0x23
 261 01d2 9C010000 		.4byte	0x19c
 262 01d6 0F       		.uleb128 0xf
 263 01d7 2A010000 		.4byte	.LASF28
 264 01db 06       		.byte	0x6
 265 01dc 61       		.byte	0x61
 266 01dd 06       		.byte	0x6
 267 01de EF010000 		.4byte	0x1ef
 268 01e2 10       		.uleb128 0x10
 269 01e3 6E737000 		.ascii	"nsp\000"
 270 01e7 06       		.byte	0x6
 271 01e8 61       		.byte	0x61
 272 01e9 21       		.byte	0x21
 273 01ea EF010000 		.4byte	0x1ef
 274 01ee 00       		.byte	0
 275 01ef 07       		.uleb128 0x7
 276 01f0 04       		.byte	0x4
 277 01f1 BE010000 		.4byte	0x1be
 278 01f5 11       		.uleb128 0x11
 279 01f6 A0010000 		.4byte	.LASF21
 280 01fa 06       		.byte	0x6
 281 01fb 4D       		.byte	0x4d
 282 01fc 0E       		.byte	0xe
 283 01fd AB000000 		.4byte	0xab
 284 0201 1B020000 		.4byte	0x21b
 285 0205 10       		.uleb128 0x10
ARM GAS  /tmp/cc2rTGWf.s 			page 6


 286 0206 697000   		.ascii	"ip\000"
 287 0209 06       		.byte	0x6
 288 020a 4D       		.byte	0x4d
 289 020b 1A       		.byte	0x1a
 290 020c BE000000 		.4byte	0xbe
 291 0210 10       		.uleb128 0x10
 292 0211 6200     		.ascii	"b\000"
 293 0213 06       		.byte	0x6
 294 0214 4D       		.byte	0x4d
 295 0215 26       		.byte	0x26
 296 0216 8E000000 		.4byte	0x8e
 297 021a 00       		.byte	0
 298 021b 12       		.uleb128 0x12
 299 021c 67657400 		.ascii	"get\000"
 300 0220 06       		.byte	0x6
 301 0221 46       		.byte	0x46
 302 0222 0E       		.byte	0xe
 303 0223 AB000000 		.4byte	0xab
 304 0227 37020000 		.4byte	0x237
 305 022b 10       		.uleb128 0x10
 306 022c 697000   		.ascii	"ip\000"
 307 022f 06       		.byte	0x6
 308 0230 46       		.byte	0x46
 309 0231 18       		.byte	0x18
 310 0232 BE000000 		.4byte	0xbe
 311 0236 00       		.byte	0
 312 0237 12       		.uleb128 0x12
 313 0238 70757400 		.ascii	"put\000"
 314 023c 06       		.byte	0x6
 315 023d 3E       		.byte	0x3e
 316 023e 0E       		.byte	0xe
 317 023f AB000000 		.4byte	0xab
 318 0243 5D020000 		.4byte	0x25d
 319 0247 10       		.uleb128 0x10
 320 0248 697000   		.ascii	"ip\000"
 321 024b 06       		.byte	0x6
 322 024c 3E       		.byte	0x3e
 323 024d 18       		.byte	0x18
 324 024e BE000000 		.4byte	0xbe
 325 0252 10       		.uleb128 0x10
 326 0253 6200     		.ascii	"b\000"
 327 0255 06       		.byte	0x6
 328 0256 3E       		.byte	0x3e
 329 0257 24       		.byte	0x24
 330 0258 8E000000 		.4byte	0x8e
 331 025c 00       		.byte	0
 332 025d 11       		.uleb128 0x11
 333 025e 50010000 		.4byte	.LASF23
 334 0262 06       		.byte	0x6
 335 0263 35       		.byte	0x35
 336 0264 0F       		.byte	0xf
 337 0265 24000000 		.4byte	0x24
 338 0269 8E020000 		.4byte	0x28e
 339 026d 10       		.uleb128 0x10
 340 026e 697000   		.ascii	"ip\000"
 341 0271 06       		.byte	0x6
 342 0272 35       		.byte	0x35
ARM GAS  /tmp/cc2rTGWf.s 			page 7


 343 0273 1B       		.byte	0x1b
 344 0274 BE000000 		.4byte	0xbe
 345 0278 10       		.uleb128 0x10
 346 0279 627000   		.ascii	"bp\000"
 347 027c 06       		.byte	0x6
 348 027d 35       		.byte	0x35
 349 027e 28       		.byte	0x28
 350 027f C7000000 		.4byte	0xc7
 351 0283 10       		.uleb128 0x10
 352 0284 6E00     		.ascii	"n\000"
 353 0286 06       		.byte	0x6
 354 0287 35       		.byte	0x35
 355 0288 33       		.byte	0x33
 356 0289 24000000 		.4byte	0x24
 357 028d 00       		.byte	0
 358 028e 13       		.uleb128 0x13
 359 028f 23010000 		.4byte	.LASF29
 360 0293 06       		.byte	0x6
 361 0294 2D       		.byte	0x2d
 362 0295 0F       		.byte	0xf
 363 0296 24000000 		.4byte	0x24
 364 029a 10       		.uleb128 0x10
 365 029b 697000   		.ascii	"ip\000"
 366 029e 06       		.byte	0x6
 367 029f 2D       		.byte	0x2d
 368 02a0 1C       		.byte	0x1c
 369 02a1 BE000000 		.4byte	0xbe
 370 02a5 10       		.uleb128 0x10
 371 02a6 627000   		.ascii	"bp\000"
 372 02a9 06       		.byte	0x6
 373 02aa 2D       		.byte	0x2d
 374 02ab 2F       		.byte	0x2f
 375 02ac E6000000 		.4byte	0xe6
 376 02b0 10       		.uleb128 0x10
 377 02b1 6E00     		.ascii	"n\000"
 378 02b3 06       		.byte	0x6
 379 02b4 2D       		.byte	0x2d
 380 02b5 3A       		.byte	0x3a
 381 02b6 24000000 		.4byte	0x24
 382 02ba 00       		.byte	0
 383 02bb 00       		.byte	0
 384              		.section	.gnu.debuglto_.debug_abbrev,"e",%progbits
 385              	.Ldebug_abbrev0:
 386 0000 01       		.uleb128 0x1
 387 0001 11       		.uleb128 0x11
 388 0002 01       		.byte	0x1
 389 0003 25       		.uleb128 0x25
 390 0004 0E       		.uleb128 0xe
 391 0005 13       		.uleb128 0x13
 392 0006 0B       		.uleb128 0xb
 393 0007 03       		.uleb128 0x3
 394 0008 0E       		.uleb128 0xe
 395 0009 1B       		.uleb128 0x1b
 396 000a 0E       		.uleb128 0xe
 397 000b 10       		.uleb128 0x10
 398 000c 17       		.uleb128 0x17
 399 000d 00       		.byte	0
ARM GAS  /tmp/cc2rTGWf.s 			page 8


 400 000e 00       		.byte	0
 401 000f 02       		.uleb128 0x2
 402 0010 24       		.uleb128 0x24
 403 0011 00       		.byte	0
 404 0012 0B       		.uleb128 0xb
 405 0013 0B       		.uleb128 0xb
 406 0014 3E       		.uleb128 0x3e
 407 0015 0B       		.uleb128 0xb
 408 0016 03       		.uleb128 0x3
 409 0017 08       		.uleb128 0x8
 410 0018 00       		.byte	0
 411 0019 00       		.byte	0
 412 001a 03       		.uleb128 0x3
 413 001b 16       		.uleb128 0x16
 414 001c 00       		.byte	0
 415 001d 03       		.uleb128 0x3
 416 001e 0E       		.uleb128 0xe
 417 001f 3A       		.uleb128 0x3a
 418 0020 0B       		.uleb128 0xb
 419 0021 3B       		.uleb128 0x3b
 420 0022 0B       		.uleb128 0xb
 421 0023 39       		.uleb128 0x39
 422 0024 0B       		.uleb128 0xb
 423 0025 49       		.uleb128 0x49
 424 0026 13       		.uleb128 0x13
 425 0027 00       		.byte	0
 426 0028 00       		.byte	0
 427 0029 04       		.uleb128 0x4
 428 002a 24       		.uleb128 0x24
 429 002b 00       		.byte	0
 430 002c 0B       		.uleb128 0xb
 431 002d 0B       		.uleb128 0xb
 432 002e 3E       		.uleb128 0x3e
 433 002f 0B       		.uleb128 0xb
 434 0030 03       		.uleb128 0x3
 435 0031 0E       		.uleb128 0xe
 436 0032 00       		.byte	0
 437 0033 00       		.byte	0
 438 0034 05       		.uleb128 0x5
 439 0035 26       		.uleb128 0x26
 440 0036 00       		.byte	0
 441 0037 49       		.uleb128 0x49
 442 0038 13       		.uleb128 0x13
 443 0039 00       		.byte	0
 444 003a 00       		.byte	0
 445 003b 06       		.uleb128 0x6
 446 003c 0F       		.uleb128 0xf
 447 003d 00       		.byte	0
 448 003e 0B       		.uleb128 0xb
 449 003f 0B       		.uleb128 0xb
 450 0040 00       		.byte	0
 451 0041 00       		.byte	0
 452 0042 07       		.uleb128 0x7
 453 0043 0F       		.uleb128 0xf
 454 0044 00       		.byte	0
 455 0045 0B       		.uleb128 0xb
 456 0046 0B       		.uleb128 0xb
ARM GAS  /tmp/cc2rTGWf.s 			page 9


 457 0047 49       		.uleb128 0x49
 458 0048 13       		.uleb128 0x13
 459 0049 00       		.byte	0
 460 004a 00       		.byte	0
 461 004b 08       		.uleb128 0x8
 462 004c 15       		.uleb128 0x15
 463 004d 01       		.byte	0x1
 464 004e 27       		.uleb128 0x27
 465 004f 19       		.uleb128 0x19
 466 0050 49       		.uleb128 0x49
 467 0051 13       		.uleb128 0x13
 468 0052 01       		.uleb128 0x1
 469 0053 13       		.uleb128 0x13
 470 0054 00       		.byte	0
 471 0055 00       		.byte	0
 472 0056 09       		.uleb128 0x9
 473 0057 05       		.uleb128 0x5
 474 0058 00       		.byte	0
 475 0059 49       		.uleb128 0x49
 476 005a 13       		.uleb128 0x13
 477 005b 00       		.byte	0
 478 005c 00       		.byte	0
 479 005d 0A       		.uleb128 0xa
 480 005e 13       		.uleb128 0x13
 481 005f 01       		.byte	0x1
 482 0060 03       		.uleb128 0x3
 483 0061 0E       		.uleb128 0xe
 484 0062 0B       		.uleb128 0xb
 485 0063 0B       		.uleb128 0xb
 486 0064 3A       		.uleb128 0x3a
 487 0065 0B       		.uleb128 0xb
 488 0066 3B       		.uleb128 0x3b
 489 0067 0B       		.uleb128 0xb
 490 0068 39       		.uleb128 0x39
 491 0069 0B       		.uleb128 0xb
 492 006a 01       		.uleb128 0x1
 493 006b 13       		.uleb128 0x13
 494 006c 00       		.byte	0
 495 006d 00       		.byte	0
 496 006e 0B       		.uleb128 0xb
 497 006f 0D       		.uleb128 0xd
 498 0070 00       		.byte	0
 499 0071 03       		.uleb128 0x3
 500 0072 0E       		.uleb128 0xe
 501 0073 3A       		.uleb128 0x3a
 502 0074 0B       		.uleb128 0xb
 503 0075 3B       		.uleb128 0x3b
 504 0076 0B       		.uleb128 0xb
 505 0077 39       		.uleb128 0x39
 506 0078 0B       		.uleb128 0xb
 507 0079 49       		.uleb128 0x49
 508 007a 13       		.uleb128 0x13
 509 007b 38       		.uleb128 0x38
 510 007c 0B       		.uleb128 0xb
 511 007d 00       		.byte	0
 512 007e 00       		.byte	0
 513 007f 0C       		.uleb128 0xc
ARM GAS  /tmp/cc2rTGWf.s 			page 10


 514 0080 0D       		.uleb128 0xd
 515 0081 00       		.byte	0
 516 0082 03       		.uleb128 0x3
 517 0083 08       		.uleb128 0x8
 518 0084 3A       		.uleb128 0x3a
 519 0085 0B       		.uleb128 0xb
 520 0086 3B       		.uleb128 0x3b
 521 0087 0B       		.uleb128 0xb
 522 0088 39       		.uleb128 0x39
 523 0089 0B       		.uleb128 0xb
 524 008a 49       		.uleb128 0x49
 525 008b 13       		.uleb128 0x13
 526 008c 38       		.uleb128 0x38
 527 008d 0B       		.uleb128 0xb
 528 008e 00       		.byte	0
 529 008f 00       		.byte	0
 530 0090 0D       		.uleb128 0xd
 531 0091 13       		.uleb128 0x13
 532 0092 01       		.byte	0x1
 533 0093 0B       		.uleb128 0xb
 534 0094 0B       		.uleb128 0xb
 535 0095 3A       		.uleb128 0x3a
 536 0096 0B       		.uleb128 0xb
 537 0097 3B       		.uleb128 0x3b
 538 0098 0B       		.uleb128 0xb
 539 0099 39       		.uleb128 0x39
 540 009a 0B       		.uleb128 0xb
 541 009b 01       		.uleb128 0x1
 542 009c 13       		.uleb128 0x13
 543 009d 00       		.byte	0
 544 009e 00       		.byte	0
 545 009f 0E       		.uleb128 0xe
 546 00a0 34       		.uleb128 0x34
 547 00a1 00       		.byte	0
 548 00a2 03       		.uleb128 0x3
 549 00a3 08       		.uleb128 0x8
 550 00a4 3A       		.uleb128 0x3a
 551 00a5 0B       		.uleb128 0xb
 552 00a6 3B       		.uleb128 0x3b
 553 00a7 0B       		.uleb128 0xb
 554 00a8 39       		.uleb128 0x39
 555 00a9 0B       		.uleb128 0xb
 556 00aa 49       		.uleb128 0x49
 557 00ab 13       		.uleb128 0x13
 558 00ac 00       		.byte	0
 559 00ad 00       		.byte	0
 560 00ae 0F       		.uleb128 0xf
 561 00af 2E       		.uleb128 0x2e
 562 00b0 01       		.byte	0x1
 563 00b1 3F       		.uleb128 0x3f
 564 00b2 19       		.uleb128 0x19
 565 00b3 03       		.uleb128 0x3
 566 00b4 0E       		.uleb128 0xe
 567 00b5 3A       		.uleb128 0x3a
 568 00b6 0B       		.uleb128 0xb
 569 00b7 3B       		.uleb128 0x3b
 570 00b8 0B       		.uleb128 0xb
ARM GAS  /tmp/cc2rTGWf.s 			page 11


 571 00b9 39       		.uleb128 0x39
 572 00ba 0B       		.uleb128 0xb
 573 00bb 27       		.uleb128 0x27
 574 00bc 19       		.uleb128 0x19
 575 00bd 01       		.uleb128 0x1
 576 00be 13       		.uleb128 0x13
 577 00bf 00       		.byte	0
 578 00c0 00       		.byte	0
 579 00c1 10       		.uleb128 0x10
 580 00c2 05       		.uleb128 0x5
 581 00c3 00       		.byte	0
 582 00c4 03       		.uleb128 0x3
 583 00c5 08       		.uleb128 0x8
 584 00c6 3A       		.uleb128 0x3a
 585 00c7 0B       		.uleb128 0xb
 586 00c8 3B       		.uleb128 0x3b
 587 00c9 0B       		.uleb128 0xb
 588 00ca 39       		.uleb128 0x39
 589 00cb 0B       		.uleb128 0xb
 590 00cc 49       		.uleb128 0x49
 591 00cd 13       		.uleb128 0x13
 592 00ce 00       		.byte	0
 593 00cf 00       		.byte	0
 594 00d0 11       		.uleb128 0x11
 595 00d1 2E       		.uleb128 0x2e
 596 00d2 01       		.byte	0x1
 597 00d3 03       		.uleb128 0x3
 598 00d4 0E       		.uleb128 0xe
 599 00d5 3A       		.uleb128 0x3a
 600 00d6 0B       		.uleb128 0xb
 601 00d7 3B       		.uleb128 0x3b
 602 00d8 0B       		.uleb128 0xb
 603 00d9 39       		.uleb128 0x39
 604 00da 0B       		.uleb128 0xb
 605 00db 27       		.uleb128 0x27
 606 00dc 19       		.uleb128 0x19
 607 00dd 49       		.uleb128 0x49
 608 00de 13       		.uleb128 0x13
 609 00df 01       		.uleb128 0x1
 610 00e0 13       		.uleb128 0x13
 611 00e1 00       		.byte	0
 612 00e2 00       		.byte	0
 613 00e3 12       		.uleb128 0x12
 614 00e4 2E       		.uleb128 0x2e
 615 00e5 01       		.byte	0x1
 616 00e6 03       		.uleb128 0x3
 617 00e7 08       		.uleb128 0x8
 618 00e8 3A       		.uleb128 0x3a
 619 00e9 0B       		.uleb128 0xb
 620 00ea 3B       		.uleb128 0x3b
 621 00eb 0B       		.uleb128 0xb
 622 00ec 39       		.uleb128 0x39
 623 00ed 0B       		.uleb128 0xb
 624 00ee 27       		.uleb128 0x27
 625 00ef 19       		.uleb128 0x19
 626 00f0 49       		.uleb128 0x49
 627 00f1 13       		.uleb128 0x13
ARM GAS  /tmp/cc2rTGWf.s 			page 12


 628 00f2 01       		.uleb128 0x1
 629 00f3 13       		.uleb128 0x13
 630 00f4 00       		.byte	0
 631 00f5 00       		.byte	0
 632 00f6 13       		.uleb128 0x13
 633 00f7 2E       		.uleb128 0x2e
 634 00f8 01       		.byte	0x1
 635 00f9 03       		.uleb128 0x3
 636 00fa 0E       		.uleb128 0xe
 637 00fb 3A       		.uleb128 0x3a
 638 00fc 0B       		.uleb128 0xb
 639 00fd 3B       		.uleb128 0x3b
 640 00fe 0B       		.uleb128 0xb
 641 00ff 39       		.uleb128 0x39
 642 0100 0B       		.uleb128 0xb
 643 0101 27       		.uleb128 0x27
 644 0102 19       		.uleb128 0x19
 645 0103 49       		.uleb128 0x49
 646 0104 13       		.uleb128 0x13
 647 0105 00       		.byte	0
 648 0106 00       		.byte	0
 649 0107 00       		.byte	0
 650              		.section	.gnu.debuglto_.debug_line,"e",%progbits
 651              	.Ldebug_line0:
 652 0000 B7010000 		.4byte	.LELT0-.LSLT0
 653              	.LSLT0:
 654 0004 0400     		.2byte	0x4
 655 0006 B1010000 		.4byte	.LELTP0-.LASLTP0
 656              	.LASLTP0:
 657 000a 01       		.byte	0x1
 658 000b 01       		.byte	0x1
 659 000c 01       		.byte	0x1
 660 000d F6       		.byte	0xf6
 661 000e F2       		.byte	0xf2
 662 000f 0D       		.byte	0xd
 663 0010 00       		.byte	0
 664 0011 01       		.byte	0x1
 665 0012 01       		.byte	0x1
 666 0013 01       		.byte	0x1
 667 0014 01       		.byte	0x1
 668 0015 00       		.byte	0
 669 0016 00       		.byte	0
 670 0017 00       		.byte	0
 671 0018 01       		.byte	0x1
 672 0019 00       		.byte	0
 673 001a 00       		.byte	0
 674 001b 01       		.byte	0x1
 675 001c 2E2E2F2E 		.ascii	"../../../ChibiOS//os/hal/lib/streams"
 675      2E2F2E2E 
 675      2F436869 
 675      62694F53 
 675      2F2F6F73 
 676 0040 00       		.byte	0
 677 0041 2E2E2F2E 		.ascii	"../../../ChibiOS//os/rt/include"
 677      2E2F2E2E 
 677      2F436869 
 677      62694F53 
ARM GAS  /tmp/cc2rTGWf.s 			page 13


 677      2F2F6F73 
 678 0060 00       		.byte	0
 679 0061 2F686F6D 		.ascii	"/home/cheff/dev_tools/gcc-arm-none-eabi-10.3-2021.1"
 679      652F6368 
 679      6566662F 
 679      6465765F 
 679      746F6F6C 
 680 0094 302F6172 		.ascii	"0/arm-none-eabi/include/machine"
 680      6D2D6E6F 
 680      6E652D65 
 680      6162692F 
 680      696E636C 
 681 00b3 00       		.byte	0
 682 00b4 2F686F6D 		.ascii	"/home/cheff/dev_tools/gcc-arm-none-eabi-10.3-2021.1"
 682      652F6368 
 682      6566662F 
 682      6465765F 
 682      746F6F6C 
 683 00e7 302F6172 		.ascii	"0/arm-none-eabi/include/sys"
 683      6D2D6E6F 
 683      6E652D65 
 683      6162692F 
 683      696E636C 
 684 0102 00       		.byte	0
 685 0103 2F686F6D 		.ascii	"/home/cheff/dev_tools/gcc-arm-none-eabi-10.3-2021.1"
 685      652F6368 
 685      6566662F 
 685      6465765F 
 685      746F6F6C 
 686 0136 302F6C69 		.ascii	"0/lib/gcc/arm-none-eabi/10.3.1/include"
 686      622F6763 
 686      632F6172 
 686      6D2D6E6F 
 686      6E652D65 
 687 015c 00       		.byte	0
 688 015d 00       		.byte	0
 689 015e 73746464 		.ascii	"stddef.h\000"
 689      65662E68 
 689      00
 690 0167 05       		.uleb128 0x5
 691 0168 00       		.uleb128 0
 692 0169 00       		.uleb128 0
 693 016a 5F646566 		.ascii	"_default_types.h\000"
 693      61756C74 
 693      5F747970 
 693      65732E68 
 693      00
 694 017b 03       		.uleb128 0x3
 695 017c 00       		.uleb128 0
 696 017d 00       		.uleb128 0
 697 017e 5F737464 		.ascii	"_stdint.h\000"
 697      696E742E 
 697      6800
 698 0188 04       		.uleb128 0x4
 699 0189 00       		.uleb128 0
 700 018a 00       		.uleb128 0
 701 018b 63686561 		.ascii	"chearly.h\000"
ARM GAS  /tmp/cc2rTGWf.s 			page 14


 701      726C792E 
 701      6800
 702 0195 02       		.uleb128 0x2
 703 0196 00       		.uleb128 0
 704 0197 00       		.uleb128 0
 705 0198 6E756C6C 		.ascii	"nullstreams.h\000"
 705      73747265 
 705      616D732E 
 705      6800
 706 01a6 01       		.uleb128 0x1
 707 01a7 00       		.uleb128 0
 708 01a8 00       		.uleb128 0
 709 01a9 6E756C6C 		.ascii	"nullstreams.c\000"
 709      73747265 
 709      616D732E 
 709      6300
 710 01b7 01       		.uleb128 0x1
 711 01b8 00       		.uleb128 0
 712 01b9 00       		.uleb128 0
 713 01ba 00       		.byte	0
 714              	.LELTP0:
 715              	.LELT0:
 716              		.section	.gnu.debuglto_.debug_str,"eMS",%progbits,1
 717              	.LASF5:
 718 0000 5F5F7569 		.ascii	"__uint8_t\000"
 718      6E74385F 
 718      7400
 719              	.LASF4:
 720 000a 73697A65 		.ascii	"size_t\000"
 720      5F7400
 721              	.LASF24:
 722 0011 474E5520 		.ascii	"GNU C17 10.3.1 20210824 (release) -mcpu=cortex-m4 -"
 722      43313720 
 722      31302E33 
 722      2E312032 
 722      30323130 
 723 0044 6D746875 		.ascii	"mthumb -mfloat-abi=hard -mfpu=fpv4-sp-d16 -march=ar"
 723      6D62202D 
 723      6D666C6F 
 723      61742D61 
 723      62693D68 
 724 0077 6D763765 		.ascii	"mv7e-m+fp -g -ggdb -Og -fomit-frame-pointer -falign"
 724      2D6D2B66 
 724      70202D67 
 724      202D6767 
 724      6462202D 
 725 00aa 2D66756E 		.ascii	"-functions=16 -ffunction-sections -fdata-sections -"
 725      6374696F 
 725      6E733D31 
 725      36202D66 
 725      66756E63 
 726 00dd 666E6F2D 		.ascii	"fno-common -flto\000"
 726      636F6D6D 
 726      6F6E202D 
 726      666C746F 
 726      00
 727              	.LASF27:
ARM GAS  /tmp/cc2rTGWf.s 			page 15


 728 00ee 4E756C6C 		.ascii	"NullStreamVMT\000"
 728      53747265 
 728      616D564D 
 728      5400
 729              	.LASF9:
 730 00fc 5F5F696E 		.ascii	"__int32_t\000"
 730      7433325F 
 730      7400
 731              	.LASF18:
 732 0106 696E7374 		.ascii	"instance_offset\000"
 732      616E6365 
 732      5F6F6666 
 732      73657400 
 733              	.LASF0:
 734 0116 756E7369 		.ascii	"unsigned int\000"
 734      676E6564 
 734      20696E74 
 734      00
 735              	.LASF29:
 736 0123 77726974 		.ascii	"writes\000"
 736      657300
 737              	.LASF28:
 738 012a 6E756C6C 		.ascii	"nullObjectInit\000"
 738      4F626A65 
 738      6374496E 
 738      697400
 739              	.LASF12:
 740 0139 6C6F6E67 		.ascii	"long long unsigned int\000"
 740      206C6F6E 
 740      6720756E 
 740      7369676E 
 740      65642069 
 741              	.LASF23:
 742 0150 72656164 		.ascii	"reads\000"
 742      7300
 743              	.LASF8:
 744 0156 73686F72 		.ascii	"short unsigned int\000"
 744      7420756E 
 744      7369676E 
 744      65642069 
 744      6E7400
 745              	.LASF19:
 746 0169 77726974 		.ascii	"write\000"
 746      6500
 747              	.LASF6:
 748 016f 756E7369 		.ascii	"unsigned char\000"
 748      676E6564 
 748      20636861 
 748      7200
 749              	.LASF11:
 750 017d 6C6F6E67 		.ascii	"long unsigned int\000"
 750      20756E73 
 750      69676E65 
 750      6420696E 
 750      7400
 751              	.LASF2:
 752 018f 6C6F6E67 		.ascii	"long double\000"
ARM GAS  /tmp/cc2rTGWf.s 			page 16


 752      20646F75 
 752      626C6500 
 753              	.LASF20:
 754 019b 72656164 		.ascii	"read\000"
 754      00
 755              	.LASF21:
 756 01a0 756E6765 		.ascii	"unget\000"
 756      7400
 757              	.LASF16:
 758 01a6 63686172 		.ascii	"char\000"
 758      00
 759              	.LASF13:
 760 01ab 75696E74 		.ascii	"uint8_t\000"
 760      385F7400 
 761              	.LASF15:
 762 01b3 6D73675F 		.ascii	"msg_t\000"
 762      7400
 763              	.LASF26:
 764 01b9 2F686F6D 		.ascii	"/home/cheff/git/asserv_nucleo3/src/Robots/PMI\000"
 764      652F6368 
 764      6566662F 
 764      6769742F 
 764      61737365 
 765              	.LASF14:
 766 01e7 696E7433 		.ascii	"int32_t\000"
 766      325F7400 
 767              	.LASF1:
 768 01ef 6C6F6E67 		.ascii	"long long int\000"
 768      206C6F6E 
 768      6720696E 
 768      7400
 769              	.LASF7:
 770 01fd 73686F72 		.ascii	"short int\000"
 770      7420696E 
 770      7400
 771              	.LASF22:
 772 0207 4E756C6C 		.ascii	"NullStream\000"
 772      53747265 
 772      616D00
 773              	.LASF10:
 774 0212 6C6F6E67 		.ascii	"long int\000"
 774      20696E74 
 774      00
 775              	.LASF25:
 776 021b 2E2E2F2E 		.ascii	"../../../ChibiOS//os/hal/lib/streams/nullstreams.c\000"
 776      2E2F2E2E 
 776      2F436869 
 776      62694F53 
 776      2F2F6F73 
 777              	.LASF3:
 778 024e 7369676E 		.ascii	"signed char\000"
 778      65642063 
 778      68617200 
 779              	.LASF17:
 780 025a 5F426F6F 		.ascii	"_Bool\000"
 780      6C00
 781              		.text
ARM GAS  /tmp/cc2rTGWf.s 			page 17


 782              		.section	.gnu.lto_.profile.66459eb02242697f,"e",%progbits
 783 0000 789C6362 		.ascii	"x\234cb\000\001\000\000\022\000\003"
 783      00010000 
 783      120003
 784              		.text
 785              		.section	.gnu.lto_.inline.66459eb02242697f,"e",%progbits
 786 0000 789C3BC7 		.ascii	"x\234;\307\200\000l\014\014\314\015@\300\224\302\310"
 786      80006C0C 
 786      0CCC0D40 
 786      C094C2C8 
 787 0010 C0C4C0D0 		.ascii	"\300\304\300\320\010d\326\001E!BL !\006F\202*\230\010"
 787      0864D601 
 787      4521424C 
 787      20210646 
 787      822A9808 
 788 0024 AA6026A8 		.ascii	"\252`&\250\202\205\240\012V\006\026\020\227\031\244"
 788      8285A00A 
 788      56061610 
 788      9719A4
 789 0033 82112C91 		.ascii	"\202\021,\221\304\300\300\016\244\017\300T0\000\000"
 789      C4C0C00E 
 789      A40FC054 
 789      300000
 790 0042 D4482D2F 		.ascii	"\324H-/"
 791              		.text
 792              		.section	.gnu.lto_.jmpfuncs.66459eb02242697f,"e",%progbits
 793 0000 789C1361 		.ascii	"x\234\023a@\0006 fd``b``f``a``\005\362\001\003\220\000"
 793      40003620 
 793      66646060 
 793      62606066 
 793      60606160 
 794 001b 2A       		.ascii	"*"
 795              		.text
 796              		.section	.gnu.lto_.pureconst.66459eb02242697f,"e",%progbits
 797 0000 789C1366 		.ascii	"x\234\023f```ch`al`aj`an`ai`a\235\305\002\000 '\003"
 797      60606063 
 797      6860616C 
 797      60616A60 
 797      616E6061 
 798 001e 5B       		.ascii	"["
 799              		.text
 800              		.section	.gnu.lto_.lto.66459eb02242697f,"e",%progbits
 801 0000 09000400 		.ascii	"\011\000\004\000\001\000\000\000"
 801      01000000 
 802              		.text
 803              		.section	.gnu.lto_writes.365.66459eb02242697f,"e",%progbits
 804 0000 789C558F 		.ascii	"x\234U\217=K\003A\020\206gv/\212\205\265\205\215 \""
 804      3D4B0341 
 804      10866776 
 804      2F8A85B5 
 804      858D2022 
 805 0014 36B74A94 		.ascii	"6\267J\224h#\202\225\205(\372\003$w^\334\203K.d\023"
 805      68238295 
 805      8528FA03 
 805      24775EDC 
 805      834B2E64 
 806 0029 DB6CD42A 		.ascii	"\333l\324*M>\354B\020\221D\354\264PT\214x?!\210`%\202"
ARM GAS  /tmp/cc2rTGWf.s 			page 18


 806      4D3EEC42 
 806      109144EC 
 806      B450548C 
 806      783F2188 
 807 0040 8DA0D858 		.ascii	"\215\240\330X\211\010\272\367Q\030\330a\336y\367a\230"
 807      8908BAF7 
 807      5118D861 
 807      DE79F761 
 807      98
 808 0051 771801F6 		.ascii	"w\030\001\366\000`L\025R\300z\255L@J\271\320O\260T+"
 808      00604C15 
 808      52C07AAD 
 808      4C404AB9 
 808      D04FB054 
 809 0066 3F1E8FE2 		.ascii	"?\036\217\342-\0063B\221`\021\367i\223b\235\266\024"
 809      2D063342 
 809      916011F7 
 809      6993629D 
 809      B614
 810 0078 AB450A71 		.ascii	"\253E\012qd\302\223\362\253\335x\232o\236xZ\213\022"
 810      64C293F2 
 810      ABDD789A 
 810      6F9E785A 
 810      8B12
 811 008a 3850FF17 		.ascii	"8P\377\027\210\347j=\200\342\250\005\343\212\351v\256"
 811      88E76A3D 
 811      80E2A805 
 811      E38AE976 
 811      AE
 812 009b A41C8016 		.ascii	"\244\034\200\026\245x\211\377\030e\360F\314\347$\206"
 812      A57889FF 
 812      1865F046 
 812      CCE72486 
 813 00ab E073046A 		.ascii	"\340s\004jx\335\013j\274\035\200\273\021\370\035\201"
 813      78DD0B6A 
 813      BC1D80BB 
 813      11F81D81 
 814 00bb 046F7A41 		.ascii	"\004ozA\302\317b\000}\340\337\342\247Suz\037\363\344"
 814      C2CF6200 
 814      7DE0DFE2 
 814      A753757A 
 814      1FF3E4
 815 00ce CF6F45CA 		.ascii	"\317oE\312\217W|'\352r\354(\277B\375\310RS\262JI(K\036"
 815      8F577C27 
 815      EA72EC28 
 815      BF42FDC8 
 815      5253B24A 
 816 00e6 C01BCA97 		.ascii	"\300\033\312\227\273\301\240u1h\017\010\237\270s8sD"
 816      BBC1A075 
 816      31680F08 
 816      9FB87338 
 816      7344
 817 00f8 8360158A 		.ascii	"\203`\025\212!-=\177\324\031w\323\0263\271\225J\261"
 817      212D3D7F 
 817      D41977D3 
 817      1633B995 
 817      4AB1
ARM GAS  /tmp/cc2rTGWf.s 			page 19


 818 010a 2D3BCF92 		.ascii	"-;\317\222BX\271\355\215L\301t,7\316D\316dk\256\341"
 818      4258B9ED 
 818      8D4CC174 
 818      2C37CE44 
 818      CE646BAE 
 819 011f E6055B5D 		.ascii	"\346\005[]^\202\270\256\263\360-r\333\260W\326\031s"
 819      5E82B8AE 
 819      B3F02D72 
 819      DBB057D6 
 819      1973
 820 0131 05E34987 		.ascii	"\005\343I\2079\266\301D>g%\323\202e\012\216\023i\335"
 820      39B6C144 
 820      3E6725D3 
 820      82650A8E 
 820      1369DD
 821 0144 04626787 		.ascii	"\004bg\207z\034}j31\227\230\234\236\005bd1\363\007\250"
 821      7A1C7D6A 
 821      33319798 
 821      9C9E0562 
 821      6431F307 
 822 0159 2888A5   		.ascii	"(\210\245"
 823              		.text
 824              		.section	.gnu.lto_reads.366.66459eb02242697f,"e",%progbits
 825 0000 789C558F 		.ascii	"x\234U\217=K\003A\020\206gv/\212\205\265\255\"\"6\267"
 825      3D4B0341 
 825      10866776 
 825      2F8A85B5 
 825      AD222236 
 826 0015 4A946823 		.ascii	"J\224h#\202\225\205(\372\003$w^\334\203K.d\023\333l"
 826      82958528 
 826      FA032477 
 826      5EDC834B 
 826      2E6413DB 
 827 002a 8C559A98 		.ascii	"\214U\232\230\330I\020\213\023\355l\024\225 \334O\020"
 827      D849108B 
 827      13ED6C14 
 827      9520DC4F 
 827      10
 828 003b 2BBB8085 		.ascii	"+\273\200\205\205\022\220\200\222\"\240{\037\205\201"
 828      85129080 
 828      9222A07B 
 828      1F8581
 829 004a 1DE69D99 		.ascii	"\035\346\235\231g\206}\247\020\340\030\000fT \005l6"
 829      67867DA7 
 829      10E01800 
 829      66542005 
 829      6C36
 830 005c 6A04A494 		.ascii	"j\004\244\224k\243\004+\215Z\347j\032\2370\254\021\312"
 830      6BA3042B 
 830      8D5AE76A 
 830      1A9F30AC 
 830      11CA
 831 006e 04CB784A 		.ascii	"\004\313xJ[\024\233\324S\254\026+\304\3119_\312\376"
 831      5B149BD4 
 831      53AC162B 
 831      C4C9395F 
 831      CAFE
ARM GAS  /tmp/cc2rTGWf.s 			page 20


 832 0080 E55977B5 		.ascii	"\345Yw\265u\355k\036%p\256\346w\210\267\352<\200\342"
 832      75ED6B1E 
 832      2570AEE6 
 832      7788B7EA 
 832      3C80E2
 833 0093 A805B38A 		.ascii	"\250\005\263\212yn?H9\006\036\245x\217\377\030\325\340"
 833      796E3F48 
 833      39061EA5 
 833      788FFF18 
 833      D5E0
 834 00a5 DDE01E95 		.ascii	"\335\340\036\225\030\201\2571\250\341\3430\250\361~"
 834      1881AF31 
 834      A8E1E330 
 834      A8F17E
 835 00b4 085663F0 		.ascii	"\010Vc\3603\006\011\266\207A\302\253\011\200\021\010"
 835      330609B6 
 835      8741C2AB 
 835      09801108 
 836 00c4 FE12B853 		.ascii	"\376\022\270Sq\363\222\360\345\340\267.\345\367;\016"
 836      71F392F0 
 836      E5E0B72E 
 836      E5F73B0E 
 837 00d4 0801A8D3 		.ascii	"\010\001\250\323\300\255\324\324\364\204\222HV|\200"
 837      C0ADD4D4 
 837      F4849248 
 837      567C80
 838 00e3 0F946F9D 		.ascii	"\017\224o\235\3610}a\230zQ\372A\350\341\321\305R`\234"
 838      F1307D61 
 838      987A51FA 
 838      41E8E1D1 
 838      C552609C 
 839 00f7 84EED40D 		.ascii	"\204\356\324\015\214\026\245\037\224:\343n\326b&\267"
 839      8C16A51F 
 839      943AE36E 
 839      D66226B7 
 840 0107 32197660 		.ascii	"2\031v`\027YZ\010\253p\270\227+\231\216\345&\231(\230"
 840      17595A08 
 840      AB70B897 
 840      2B998EE5 
 840      26992898 
 841 011b 6CC735DC 		.ascii	"l\3075\334\242`\333\233\033\220\324u\026\275un\033\366"
 841      A260DB9B 
 841      1B90D475 
 841      16BD756E 
 841      1BF6
 842 012d D62E63AE 		.ascii	"\326.c\256`<\3550\3076\230(\026\254tV\260\\\311qb\255"
 842      603CED30 
 842      C7369828 
 842      16AC7456 
 842      B05CC971 
 843 0143 9B40ECFC 		.ascii	"\233@\354\374\304PG_\330O\255\244\346\027\227\201\030"
 843      C450475F 
 843      D84FADA4 
 843      E6179781 
 843      18
 844 0154 79CCFD01 		.ascii	"y\314\375\001\361U\214\266"
 844      F1558CB6 
ARM GAS  /tmp/cc2rTGWf.s 			page 21


 845              		.text
 846              		.section	.gnu.lto_put.367.66459eb02242697f,"e",%progbits
 847 0000 789C558F 		.ascii	"x\234U\217\275J\003A\020\307gv\327\210O`+\010\212\315"
 847      BD4A0341 
 847      10C76776 
 847      D7884F60 
 847      2B088ACD 
 848 0014 6D244A14 		.ascii	"m$J\024,\004+\013Q\364\001$w^\274\203KN\262\211m&\226"
 848      2C042B0B 
 848      51F40124 
 848      775EBC83 
 848      4B4EB289 
 849 002b 41888920 		.ascii	"A\210\211 \"A,\"\330\331D\214\330\\\245\215\205\344"
 849      22412C22 
 849      D8D9448C 
 849      D85CA58D 
 849      85E4
 850 003d 0504B1B2 		.ascii	"\005\004\261\262\022+\013\277v\357R(\3540\263\377\371"
 850      122B0BBF 
 850      76EF5228 
 850      EC30B3FF 
 850      F9
 851 004e CDD71B00 		.ascii	"\315\327\033\000\324\264MhC\016\330j\326\031\020\321"
 851      D4B44D68 
 851      430ED86A 
 851      D61910D1 
 852 005e E230C35A 		.ascii	"\3420\303Z\263\376t\334\025x\213\261\200PeX\305C\336"
 852      B3FE74DC 
 852      15788BB1 
 852      80506558 
 852      C543DE
 853 0071 E6D8E21D 		.ascii	"\346\330\342\035\015\213A\20486\245\221\217\363\223"
 853      0D8B4184 
 853      3836A591 
 853      8FF393
 854 0080 EF85F645 		.ascii	"\357\205\366E$:\234\301\251\316_!vQ7\006\315q\027&#"
 854      243A9CC1 
 854      A9CE5F21 
 854      76513706 
 854      CD711726 
 855 0095 A2C75E8F 		.ascii	"\242\307^\217h\004:\234\3435\376a\264\340\335\233~\234"
 855      68043A9C 
 855      E335FE61 
 855      B4E0DD9B 
 855      7E9C
 856 00a7 30011FBA 		.ascii	"0\001\037\272D\\\353\002ob0\203i\203\011\257/\000R`"
 856      445CEB02 
 856      6F623083 
 856      698309AF 
 856      2F005260 
 857 00bb 06989DB5 		.ascii	"\006\230\235\265]\366\207\"\372\374i\020}\275\340\376"
 857      5DF68722 
 857      FAFC6910 
 857      7DBDE0FE 
 858 00cb 38036870 		.ascii	"8\003hps\003\011\235=\340,\011k\021\300+\322s\363\016"
 858      7303099D 
 858      3DE02C09 
ARM GAS  /tmp/cc2rTGWf.s 			page 22


 858      6B11C02B 
 858      D273F30E 
 859 00df 63DF4AC5 		.ascii	"c\337J\305\356(\005\357\270w6k\356`\361\262\272\032"
 859      EE2805EF 
 859      B877366B 
 859      EE60F1B2 
 859      BA1A
 860 00f1 93128ACC 		.ascii	"\223\022\212\314\327\222^Xp\245\343\271\371\274\334"
 860      D7925E58 
 860      70A5E3B9 
 860      F9BCDC
 861 0100 F6CB32A7 		.ascii	"\366\3132\247\224[\332\335,V\234\300\0153R\225\034\271"
 861      945BDADD 
 861      2C569CC0 
 861      0D335295 
 861      1CB9
 862 0112 1EDA6159 		.ascii	"\036\332aY\311\265\225e\310X\226L\336\222\347\333\376"
 862      C9B59565 
 862      C858964C 
 862      DE92E7DB 
 862      FE
 863 0123 EA8694A1 		.ascii	"\352\206\224\241\222^.\220\201oKU.\271\271\202\222\305"
 863      925E2E90 
 863      816F4B55 
 863      2EB9B982 
 863      92C5
 864 0135 4A100C62 		.ascii	"J\020\014b\313\001\346\357\214\376S\254\351\255\354"
 864      CB01E6EF 
 864      8CFE53AC 
 864      E9ADEC
 865 0144 7C363D33 		.ascii	"|6=3\007h\377\002!R| "
 865      0768FF02 
 865      21527C20 
 866              		.text
 867              		.section	.gnu.lto_get.368.66459eb02242697f,"e",%progbits
 868 0000 789C558E 		.ascii	"x\234U\216\261K\303@\024\306\337\273\213-\376\005\256"
 868      B14BC340 
 868      14C6DFBB 
 868      8B2DFE05 
 868      AE
 869 0011 82A0B8E4 		.ascii	"\202\240\270\344)U\252\233\340\344 \212\376\001\322"
 869      2955AA9B 
 869      E0E4208A 
 869      FE01D2
 870 0020 C4D404D2 		.ascii	"\304\324\004\322Fr\255k_\035;X\333Nj\021\207\010\202"
 870      4672AD6B 
 870      5F1D3B58 
 870      DB4E6A11 
 870      870882
 871 0033 830815EB 		.ascii	"\203\010\025\353\026(8\213\213\273\342\342\350\344 "
 871      1628388B 
 871      8BBBE2E2 
 871      E8E420
 872 0042 E8A5E9A0 		.ascii	"\350\245\351\240p\037\367\335w\277\367\370\006\000P"
 872      701FF7DD 
 872      77BFF7F8 
 872      060050
ARM GAS  /tmp/cc2rTGWf.s 			page 23


 873 0051 D39AD642 		.ascii	"\323\232\326B\011\330n5\0040\363JV`\275\325x9\351\031"
 873      09D86E35 
 873      0430F34A 
 873      5660BDD5 
 873      7839E919 
 874 0065 F880C300 		.ascii	"\370\200\303\000\241&\260\206\035\331\225\330\226\221"
 874      A126B086 
 874      1DD995D8 
 874      9691
 875 0073 868D9143 		.ascii	"\206\215\221C\234\234\325\310\327\345\351\321 \333\275"
 875      9C9CD5C8 
 875      D7E5E9D1 
 875      20DBBD
 876 0082 8A8D480A 		.ascii	"\212\215H\0128\327\300\035b\017\365f\320\240t`&f~\352"
 876      38D7C01D 
 876      620FF566 
 876      D0A07460 
 876      26667EEA 
 877 0096 F799C721 		.ascii	"\367\231\307!\222\022\357\361\017\243\003\367\332\000"
 877      9212EFF1 
 877      0FA303F7 
 877      DA00
 878 00a4 C8403299 		.ascii	"\310@2\231\264\321\272y\036\213\371\373\247\311\374"
 878      B4D1BA79 
 878      1E8BF9FB 
 878      A7C9FC
 879 00b3 FE866753 		.ascii	"\376\206gS\002\240)\223vl\350\337c)R[\217\001>\220_"
 879      02A02993 
 879      766CE8DF 
 879      6329525B 
 879      8F013E90 
 880 00c8 6F1F7178 		.ascii	"o\037qx\3672\360\211\207\027\213I5\201F\262\254)1e9"
 880      F732F089 
 880      87178B49 
 880      358146B2 
 880      AC293165 
 881 00dd 4E9E26B9 		.ascii	"N\236&\271A\311!\333u\212E\332\363*TP\312\011\017v\312"
 881      41C921DB 
 881      758A45DA 
 881      F32A5450 
 881      CA090F76 
 882 00f2 55DB7782 		.ascii	"U\333w\202\034\251\320\246\255\300\012*\2126\327\327"
 882      1CA9D0A6 
 882      ADC00A2A 
 882      8A36D7D7 
 883 0102 20679A94 		.ascii	" g\232\224\236U\327\263\274\215m\242@\221[\360\311\367"
 883      9E55D7B3 
 883      BC8D6DA2 
 883      40915BF0 
 883      C9F7
 884 0114 2C5295D0 		.ascii	",R\225\320)\224\024\225\253\276?\362\246\015\302\333"
 884      29941495 
 884      ABBE3FF2 
 884      A60DC2DB 
 885 0124 9FF89798 		.ascii	"\237\370\227\230\363\273\371\345\374\334\302\022\374"
 885      F3BBF9E5 
 885      FCDCC212 
ARM GAS  /tmp/cc2rTGWf.s 			page 24


 885      FC
 886 0131 02003A6E 		.ascii	"\002\000:n'"
 886      27
 887              		.text
 888              		.section	.gnu.lto_unget.369.66459eb02242697f,"e",%progbits
 889 0000 789C558F 		.ascii	"x\234U\217=K\003A\020\206gv\327\013\376\002\261\263"
 889      3D4B0341 
 889      10866776 
 889      D70BFE02 
 889      B1B3
 890 0012 526C6E23 		.ascii	"Rln#Q\242\235`e!\212\376\000\311\235\027\357\340\222"
 890      51A29D60 
 890      65218AFE 
 890      00C99D17 
 890      EFE092
 891 0025 936C629B 		.ascii	"\223lb\233\211`\223&\211v!\212E\004;\233\210_\315\201"
 891      89609326 
 891      8976218A 
 891      45043B9B 
 891      885FCD81 
 892 0039 60299A42 		.ascii	"`)\232B\354DK;m\264\020t\357.\205\302\016\363\356\273"
 892      EC444B3B 
 892      6DB41074 
 892      EF2E85C2 
 892      0EF3EEBB 
 893 004d CFCCCEBC 		.ascii	"\317\314\316\274\003@M\307\270\016\344\200{\255:\003"
 893      03404DC7 
 893      B80EE480 
 893      7BAD3A03 
 894 005d 229A4F31 		.ascii	"\"\232O1\254\265\352\317\355\236\300k\214\015\204*\303"
 894      ACB5EACF 
 894      ED9EC06B 
 894      8C0D842A 
 894      C3
 895 006e 2AEEF30E 		.ascii	"*\356\363\016\307=\336\325\260\030(\304\261I\215|\035"
 895      C73DDED5 
 895      B01828C4 
 895      B1498D7C 
 895      1D
 896 007f B70F6E52 		.ascii	"\267\017nR\235\223Pt9\203C\015\234!\366Pw\006\015r\007"
 896      9D935074 
 896      3983430D 
 896      9C21F650 
 896      77060D72 
 897 0094 2642A2FB 		.ascii	"&B\242\373\253\013\242a\350r\216\347\370\207\321\206"
 897      AB0BA261 
 897      E8728EE7 
 897      F887D186 
 898 00a4 BB1B35E4 		.ascii	"\273\0335\344\204\011x\327#\342\332\027x\031\203\031"
 898      840978D7 
 898      23E2DA17 
 898      78198319 
 899 00b4 4C479870 		.ascii	"LG\230p\233\002\300\200\350\203hh\035\247\375\241\220"
 899      9B02C080 
 899      E8836868 
 899      1DA7FDA1 
 899      90
ARM GAS  /tmp/cc2rTGWf.s 			page 25


 900 00c5 BE7F1A44 		.ascii	"\276\177\032D\237\243/O\006\003h\360h\011\022\372\265"
 900      9FA32F4F 
 900      060368F0 
 900      680912FA 
 900      B5
 901 00d6 C959226B 		.ascii	"\311Y\"k!\300\033\322\353\303-\306\271o\304\351\321"
 901      21C01BD2 
 901      EBC32DC6 
 901      B96FC4E9 
 901      D1
 902 00e7 800FDC39 		.ascii	"\200\017\3349\232\211\026a\361\260\272\032\223\022\012"
 902      9A891661 
 902      F1B0BA1A 
 902      93120A
 903 00f6 A3AB29DD 		.ascii	"\243\253)\335\240\340H\333u\362y\271\351\225eN)\247"
 903      A0E048DB 
 903      75F279B9 
 903      E995654E 
 903      29A7
 904 0108 B4BD5EAC 		.ascii	"\264\275^\254\330\276\023d\244*\331r5\260\202\262\222"
 904      D8BE1364 
 904      A42AD972 
 904      35B082B2 
 904      92
 905 0119 2B4B8B90 		.ascii	"+K\213\2201M\231\234\005\327\263\274\3455)\003%\335"
 905      314D999C 
 905      05D7B3BC 
 905      E5352903 
 905      25DD
 906 012b 9C2F7DCF 		.ascii	"\234/}\317\222\252\\rr\005%\213\025\337\037h\323\006"
 906      92AA5C72 
 906      7205258B 
 906      15DF1F68 
 906      D306
 907 013d E66D8DFC 		.ascii	"\346m\215\374s\314\251\215\354\\6==\013h\375\002\247"
 907      73CCA98D 
 907      EC5C363D 
 907      3D0B68FD 
 907      02A7
 908 014f 2A7CCE   		.ascii	"*|\316"
 909              		.text
 910              		.section	.gnu.lto_vmt.370.66459eb02242697f,"e",%progbits
 911 0000 789C458A 		.ascii	"x\234E\212=\212\302P\024\205\357\315\215+\230\306U\344"
 911      3D8AC250 
 911      1485EFCD 
 911      8D2B98C6 
 911      55E4
 912 0012 16C2808D 		.ascii	"\026\302\200\215\315T\026\242\350\002$\211O\023x\372"
 912      CD5416A2 
 912      E8022489 
 912      4F1378FA 
 913 0022 202F5A07 		.ascii	" /Z\007\261\260\261I\255\251^\341\002\306\277\015X\331"
 913      B1B0B149 
 913      ADA95EE1 
 913      02C6BF0D 
 913      58D9
 914 0034 5BDBCD22 		.ascii	"[\333\315\"\246\360I\304\034\016\037\207\217\223\003"
ARM GAS  /tmp/cc2rTGWf.s 			page 26


 914      A6F049C4 
 914      1C0E1F87 
 914      8F9303
 915 0043 C008CA6C 		.ascii	"\300\010\312l\011W\270\314\262\377|s\177|\241!(\250"
 915      0957B8CC 
 915      B2FF7C73 
 915      7F7CA121 
 915      28A8
 916 0055 B27F376B 		.ascii	"\262\1777k\260 \374\230\375\265\3748\325\247e\310)\210"
 916      B020FC98 
 916      FDB5FC38 
 916      D5A765C8 
 916      2988
 917 0067 2AF16D88 		.ascii	"*\361m\210\012r_\"'C.Bs\271\316\352\206j;\002\274\340"
 917      0A725F22 
 917      27432E42 
 917      73B9CEEA 
 917      866A3B02 
 918 007d 8E10CF96 		.ascii	"\216\020\317\226\016\236,\011\217\226.\036,k\370\213"
 918      0E9E2C09 
 918      8F962E1E 
 918      2C6BF88B 
 919 008d E071A4A6 		.ascii	"\340q\244\246\202\303H\214\307<\211S\366\265\026\311"
 919      82C3488C 
 919      C73C8953 
 919      F6B516C9 
 920 009d 62389B87 		.ascii	"b8\233\207R\250\006\353$\344\276\012T\252\271\327iC"
 920      52A806EB 
 920      24E4BE0A 
 920      54AAB9D7 
 920      6943
 921 00af C3F3B8EC 		.ascii	"\303\363\270\354O\024\007qw\300\2544G\276d\031\007\254"
 921      4F140771 
 921      77C0AC34 
 921      47BE6419 
 921      07AC
 922 00c1 D344F853 		.ascii	"\323D\370S\315\263\271\224\357\355\205\360\004\352@"
 922      CDB3B994 
 922      EFED85F0 
 922      04EA40
 923 00d0 4C45     		.ascii	"LE"
 924              		.text
 925              		.section	.gnu.lto_nullObjectInit.371.66459eb02242697f,"e",%progbits
 926 0000 789C554F 		.ascii	"x\234UO\317+Da\024\275\347\3357\203\225\245\255\232"
 926      CF2B4461 
 926      14BDE7DD 
 926      378395A5 
 926      AD9A
 927 0012 856CDE47 		.ascii	"\205l\336G\024v\312B\026\"\376\000\315\214\307\274z"
 927      1476CA42 
 927      1622FE00 
 927      CD8CC7BC 
 927      7A
 928 0023 E669DEB0 		.ascii	"\346i\336\260\365\221,f3\006%\302B\217fg\345wxe!e!\177"
 928      F5912C66 
 928      330625C2 
 928      428F6667 
ARM GAS  /tmp/cc2rTGWf.s 			page 27


 928      E5777865 
 929 003b 81C4C6C2 		.ascii	"\201\304\306\302B)\013\305}3#\371\372n\235s\272\367"
 929      42290BC5 
 929      7D3323F9 
 929      FA6E9D73 
 929      BAF7
 930 004d DC731320 		.ascii	"\334s\023 \322D\224\220\002\023VJ\005\203\264\326\275"
 930      D2449490 
 930      0213564A 
 930      0583B4D6 
 930      BD
 931 005e 7506E64B 		.ascii	"u\006\346K\205\006\234\242\302@s\006\346\260\312\255"
 931      85069CA2 
 931      C2407306 
 931      E6B0CAAD 
 932 006e 423FF736 		.ascii	"B?\3676o\257\241\313!\002&\332\221\252\274-\306\012"
 932      6FAFA1CB 
 932      210226DA 
 932      91AABC2D 
 932      C60A
 933 0080 070C9835 		.ascii	"\007\014\2305d\240Y\020\333\324\022j}\177{\242u\003"
 933      64A05910 
 933      DBD4126A 
 933      7D7F7BA2 
 933      7503
 934 0092 05CC3886 		.ascii	"\005\3148\206\314\340\0108\224\355\"8Ob\021\377u\022"
 934      CCE00838 
 934      94ED2238 
 934      4F6211FF 
 934      7512
 935 00a4 8D0E1E62 		.ascii	"\215\016\036b\241\376\372.j\375\361\214\273\204i\000"
 935      A1FEFA2E 
 935      6AFDF18C 
 935      BB846900 
 936 00b4 27A21739 		.ascii	"'\242\0279\312\246M\201\313lT\341|H\364\012\375\264"
 936      CAA64D81 
 936      CB6C54E1 
 936      7C48F40A 
 936      FDB4
 937 00c6 7E037AC3 		.ascii	"~\003z\303\302Z\341\005\265\365\214(\322~t@Y\250\271"
 937      C25AE105 
 937      B5F58C28 
 937      D27E7440 
 937      59A8B9
 938 00d9 2B81CE40 		.ascii	"+\201\316@m\302\353\003\216\341\034\333\374\027;V\351"
 938      6DC2EB03 
 938      8EE11CDB 
 938      FC173B56 
 938      E9
 939 00ea 5E445C60 		.ascii	"^D\\`\231\251:j\006\034\307%p\001Z\304\222\3704F\215"
 939      99A93A6A 
 939      061CC725 
 939      70015AC4 
 939      92F83446 
 940 00ff 57B2FF1D 		.ascii	"W\262\377\035\013\217\033\375\225\273\213\214j\024\035"
 940      0B8F1BFD 
 940      95BB8B8C 
ARM GAS  /tmp/cc2rTGWf.s 			page 28


 940      6A141D
 941 010e 46D45219 		.ascii	"F\324R\031o\312V\351\214=1\241&\235\274J\372\276\235"
 941      6FCA56E9 
 941      8C3D31A1 
 941      269DBC4A 
 941      FABE9D
 942 0121 9B1DCBCE 		.ascii	"\233\035\313\316\244]\333\353P~.\255F\274\224\227\367"
 942      A45DDBEB 
 942      507E2EAD 
 942      46BC9497 
 942      F7
 943 0132 D5F0E000 		.ascii	"\325\360\340\000uX\226\252\376\276\214\223r\206F\225"
 943      755896AA 
 943      FEBE8C93 
 943      72864695 
 944 0142 F27C9549 		.ascii	"\362|\225I\272\312uR\312\317\347\354\344\224\257\262"
 944      BACA7552 
 944      CACFE7EC 
 944      E494AFB2 
 945 0152 33AE5BC3 		.ascii	"3\256[\303V\2328\353O7\375\223\254\366\361\256\236\256"
 945      569A38EB 
 945      4F37FD93 
 945      ACF6F1AE 
 945      9EAE
 946 0164 B6CE6EFA 		.ascii	"\266\316n\372\001!\322\202\374"
 946      0121D282 
 946      FC
 947              		.text
 948              		.section	.gnu.lto_.symbol_nodes.66459eb02242697f,"e",%progbits
 949 0000 789C75C9 		.ascii	"x\234u\311;\021\2000\020\004\320\275M\342\007\015\030"
 949      3B118030 
 949      1004D0BD 
 949      4DE2070D 
 949      18
 950 0011 DBC40112 		.ascii	"\333\304\001\022\220\301PD\002N\370\033 \303\320P\334"
 950      90C15044 
 950      024EF81B 
 950      20C3D050 
 950      DC
 951 0022 6B5F45C3 		.ascii	"k_E\303\225Bn\242\015\013 `\032K\351`xw\243\314\337"
 951      95426EA2 
 951      0D0B2060 
 951      1A4BE960 
 951      7877A3CC 
 952 0037 9DA2BF07 		.ascii	"\235\242\277\007\025\374=\251\350\357M\245\337\316\271"
 952      15FC3DA9 
 952      E8EF4DA5 
 952      DFCEB9
 953 0046 D897E922 		.ascii	"\330\227\351\"r\017\004<\210\1770\374"
 953      720F043C 
 953      887F30FC 
 954              		.text
 955              		.section	.gnu.lto_.refs.66459eb02242697f,"e",%progbits
 956 0000 789C1366 		.ascii	"x\234\023f```debcb`\005b&F&&&f&\026\006\000\003\320"
 956      60606064 
 956      65626362 
 956      60056226 
ARM GAS  /tmp/cc2rTGWf.s 			page 29


 956      46262626 
 957 001b 0043     		.ascii	"\000C"
 958              		.text
 959              		.section	.gnu.lto_.decls.66459eb02242697f,"e",%progbits
 960 0000 789C9555 		.ascii	"x\234\225UkLTG\024\2363s\367\301\225\272D1\366Gc\210"
 960      6B4C5447 
 960      149E3373 
 960      F7C195BA 
 960      4431F647 
 961 0016 D194A491 		.ascii	"\321\224\244\221\0254b\377\221\230\330\030\343#\265"
 961      153462FF 
 961      9198D818 
 961      E323B5
 962 0025 6D62FF10 		.ascii	"mb\377\020\340.\260\015,\226]\254\355\237^\001\305D"
 962      E02EB00D 
 962      2C965DAC 
 962      ED9F5E01 
 962      C544
 963 0037 456AD598 		.ascii	"Ej\325\230b\003\025\033mc\251V|\241\350\012T\027\025"
 963      6203151B 
 963      6D63A956 
 963      7CA1E80A 
 963      541715
 964 004a AD2888E2 		.ascii	"\255(\210\342\013\251v}!*\012\276\240g\346\336\275w"
 964      0BA9767D 
 964      212A0ABE 
 964      A067E6DE 
 964      BD77
 965 005c 57D74447 		.ascii	"W\327DG\317\334\2733\337w\316w\316\234\271T\307\020"
 965      CFDCBB33 
 965      DF77CE77 
 965      CE9CB954 
 965      C710
 966 006e F23D1042 		.ascii	"\362=\020B(!\3038\354\370z\206\230\303\212v\034\255"
 966      2821C338 
 966      ECF87A86 
 966      98C38A76 
 966      1CAD
 967 0080 0DAD0BED 		.ascii	"\015\255\013\355*Z7\332-4N\033&\221c=.Z\3609\012-\036"
 967      2A5A37DA 
 967      2D344E1B 
 967      2691633D 
 967      2E5AF039 
 968 0097 ED105A0E 		.ascii	"\355\020Z\016Z\263\276\017\272\277W\307\257o\340\235"
 968      5AB3BE0F 
 968      BABF57C7 
 968      AF6FE09D 
 969 00a7 0AE3B545 		.ascii	"\012\343\265E\341\355}\205wA\347\265\206\361\272\242"
 969      E1ED7D85 
 969      7741E7B5 
 969      86F1BAA2 
 970 00b7 F00EE386 		.ascii	"\360\016\343\206\024\205\027\342\\\215\302iz\213X\335"
 970      148517E2 
 970      5C8DC269 
 970      7A8B58DD 
 971 00c7 5178C3A0 		.ascii	"Qx\303\240\325\261\017\255\027\355!Z?\332B\264!\242"
 971      D5B10FAD 
ARM GAS  /tmp/cc2rTGWf.s 			page 30


 971      17ED215A 
 971      3FDA42B4 
 971      21A2
 972 00d9 ED0DA23D 		.ascii	"\355\015\242=G{\201\366\014m\000\355%\321\342u\353z"
 972      477B81F6 
 972      0C6D00ED 
 972      25D1E275 
 972      EB7A
 973 00eb BAF41A44 		.ascii	"\272\364\032D\253\337Y\214a\303gn\230>+\327\313\327"
 973      ABDF598C 
 973      61C3676E 
 973      983E2BD7 
 973      CBD7
 974 00fd 418BC3F5 		.ascii	"A\213\303\365I\240=\337t~\225\214\376R\273s\225\343"
 974      49A03DDF 
 974      747E958C 
 974      FE52BB73 
 974      95E3
 975 010f 0610FE4F 		.ascii	"\006\020\376OR\000\240s\032N2\371\222\221x\225\252\324"
 975      5200A073 
 975      1A4E32F9 
 975      92917895 
 975      AAD4
 976 0121 AA302A33 		.ascii	"\2520*3\231)r\000\306%\366\2634;Mt\310\366mM\020'[\354"
 976      99297200 
 976      C625F6B3 
 976      343B4D74 
 976      C8F66D4D 
 977 0139 94066D8A 		.ascii	"\224\006m\212\234\370\014\266\323jkB\232*)\253\306\004"
 977      9CF80CB6 
 977      D36A6B42 
 977      9A2A29AB 
 977      C604
 978 014b 6D2AAD98 		.ascii	"m*\255\230\033?%\015\347\240-\000\012\262\346S{\034"
 978      1B3F250D 
 978      E7A02D00 
 978      0AB2E653 
 978      7B1C
 979 015d BE056D72 		.ascii	"\276\005mr?\253^mUZ\351\212\017!\000\262\222\022\257"
 979      3FAB5E6D 
 979      555AE98A 
 979      0F2100B2 
 979      9212AF
 980 0170 AA6A9ADD 		.ascii	"\252j\232\335>\316\321\310\032\331LB\354\366\035\265"
 980      3ECED1C8 
 980      1AD94C42 
 980      ECF61DB5 
 981 0180 63E4A0CD 		.ascii	"c\344\240\315\201.\022\225\2048%\301\021\000\213\242"
 981      812E1295 
 981      843825C1 
 981      11008BA2 
 982 0190 C8F18904 		.ascii	"\310\361\211\004E())iTF\317\222=\000)\014bS\324\356"
 982      45282929 
 982      695446CF 
 982      923D0029 
 982      0C6253D4 
 983 01a5 3B63658B 		.ascii	";ce\213\0343.!\221\020\205\314\244\350\227\015\207\006"
ARM GAS  /tmp/cc2rTGWf.s 			page 31


 983      1C332E21 
 983      911085CC 
 983      A4E8970D 
 983      8706
 984 01b7 D830A662 		.ascii	"\3300\246b\376\004H\224i\012e\263\203X?J\023\010Q%{"
 984      FE044894 
 984      690A65B3 
 984      83583F4A 
 984      13085125 
 985 01cc 6C2CA8F8 		.ascii	"l,\250\370\210I\237\255\314O\221I\320Fq+^\002\225\202"
 985      88499FAD 
 985      CC4F9149 
 985      D046712B 
 985      5E029582 
 986 01e0 C994AD58 		.ascii	"\311\224\255X!j\234=\210\202\0220\237\304\304\022s\237"
 986      216A9C3D 
 986      88821230 
 986      9FC4C412 
 986      739F
 987 01f2 42A859C0 		.ascii	"B\250Y\300h\233\220\023\320\351\350\227\363\301\360"
 987      689B9013 
 987      D0E9E897 
 987      F3C1F0
 988 0201 FF1A18C2 		.ascii	"\377\032\030\302\234C8B\370\320Gh\021\214\015\315\271"
 988      9C433842 
 988      F8D04768 
 988      118C0DCD 
 988      B9
 989 0212 AE85EAB2 		.ascii	"\256\205\352\262\250X\012q\"\205\013/\240\003\302T\353"
 989      A8580A71 
 989      22850B2F 
 989      A003C254 
 989      EB
 990 0223 1912166A 		.ascii	"\031\022\026j\233\325\215e\307\345\233X6\265s\014\214"
 990      9BD58D65 
 990      C7E59B58 
 990      36B5730C 
 990      8C
 991 0234 AC4823C0 		.ascii	"\254H#\300\306\0216\2218U1\212=\004\366j\324\214\021"
 991      C6113691 
 991      3855318A 
 991      3D04F66A 
 991      D48C11
 992 0247 6B192C14 		.ascii	"k\031,\024\205t\2107\302\276%\3702\012$\234\343!\001"
 992      85748837 
 992      C2BE25F8 
 992      320A249C 
 992      E32101
 993 025a BDAD7D34 		.ascii	"\275\255}4\020\260\312~U\355S\375\2451\004\032\000\016"
 993      10B0CA7E 
 993      55ED53FD 
 993      A531041A 
 993      000E
 994 026c 62F80380 		.ascii	"b\370\003\200\360}\000\365\000\373\001a\225\207\367"
 994      F07D00F5 
 994      00FB0161 
 994      9587F7
ARM GAS  /tmp/cc2rTGWf.s 			page 32


 995 027b 6F95F83D 		.ascii	"o\225\370=\206C\000\005\310\376\000\206A<\010S\201\313"
 995      86430005 
 995      C8FE0086 
 995      413C0853 
 995      81CB
 996 028d EA29FFB3 		.ascii	"\352)\377\263\307\301\035\005\375\215K\031\201)0\231"
 996      C7C11D05 
 996      FD8D4B19 
 996      81293099 
 997 029d 40232002 		.ascii	"@# \002\335\034\001\360s7W\313\233\177\227cE\264\352"
 997      DD1C01F0 
 997      733757CB 
 997      9B7F9763 
 997      45B4EA
 998 02b0 46099A40 		.ascii	"F\011\232@\217G\240\031Dr\327\327=9b\027q\232\001\016"
 998      8F47A019 
 998      4472D7D7 
 998      3D396217 
 998      719A010E 
 999 02c4 734A5D70 		.ascii	"sJ]p\345_L\254\344\300\337 \324S\241>\0167\177\354n"
 999      E55F4CAC 
 999      E4C0DF20 
 999      D453A13E 
 999      0E377FEC 
 1000 02d9 3A2D8DC5 		.ascii	":-\215\305\254\357\252j<\227\026\0008\306\335\265`\016"
 1000      ACEFAA6A 
 1000      3C971600 
 1000      38C6DDB5 
 1000      600E
 1001 02eb 47F165FC 		.ascii	"G\361e\374\272\215\352\340\316\343\003\233\307V\355"
 1001      BA8DEAE0 
 1001      CEE3039B 
 1001      C756ED
 1002 02fa 53D56588 		.ascii	"S\325e\210\264\363M\330\003(K\324v\017\"w\003\324AF"
 1002      B4F34DD8 
 1002      03284BD4 
 1002      760F2277 
 1002      03D44146 
 1003 030e B985DD11 		.ascii	"\271\205\335\021\251D&\213\013'\217\256\306\033\303"
 1003      A944268B 
 1003      0B278FAE 
 1003      C61BC3
 1004 031d 7353DF9C 		.ascii	"sS\337\234[\177\363\226-#\314\334Z\315\334Ni\271]\276"
 1004      5B7FF396 
 1004      2D23CCDC 
 1004      5ACDDC4E 
 1004      69B95DBE 
 1005 0331 7B6B0315 		.ascii	"{k\003\025nO\001\234\344\224\276\236\212\363V=\267\323"
 1005      6E4F019C 
 1005      E494BE9E 
 1005      8AF3563D 
 1005      B7D3
 1006 0343 7CE1407B 		.ascii	"|\341@{M[\324|\316\240\312\177\364|v\334\303T,\010\222"
 1006      4D5BD47C 
 1006      CEA0CA7F 
 1006      F47C76DC 
 1006      C3542C08 
ARM GAS  /tmp/cc2rTGWf.s 			page 33


 1007 0358 70194E18 		.ascii	"p\031N\030\231\23402\271,\261\007Z&\017\253v\304\212"
 1007      999C3032 
 1007      B92CB107 
 1007      5A260FAB 
 1007      76C48A
 1008 036b 00AD5A26 		.ascii	"\000\255Z&k\326\377Pg\321#\236\343\325\264\212\366\260"
 1008      6BD6FF50 
 1008      67D1239E 
 1008      E3D5B48A 
 1008      F6B0
 1009 037d 8937DE3E 		.ascii	"\2117\336>K\330c\301\274\337\321\336h\225\325W\373\242"
 1009      4BD863C1 
 1009      BCDFD1DE 
 1009      6895D557 
 1009      FBA2
 1010 038f 13108749 		.ascii	"\023\020\207I\237\007\350\340\202\003-m\355`\010\276"
 1010      9F07E8E0 
 1010      82032D6D 
 1010      ED6008BE 
 1011 039f 600ABE88 		.ascii	"`\012\276\210\340v]p\337\320\301E\333\370\307\006W\341"
 1011      E0765D70 
 1011      DFD0C145 
 1011      DBF8C706 
 1011      57E1
 1012 03b1 ACA1F7AC 		.ascii	"\254\241\367\254\241w\257\304\236\213\250\267\006K\357"
 1012      A177AFC4 
 1012      9E8BA8B7 
 1012      064BEF
 1013 03c0 3874795C 		.ascii	"8ty\\\356\356\013\347\236\262h\356\257 \367r\250\036"
 1013      EEEE0BE7 
 1013      9EB268EE 
 1013      AF20F772 
 1013      A81E
 1014 03d2 E525656A 		.ascii	"\345%ej\\\261(\310\025\200KF\200KF\200J\211\341\247"
 1014      5CB128C8 
 1014      15804B46 
 1014      804B4680 
 1014      4A89E1A7 
 1015 03e6 41807F36 		.ascii	"A\200\1776\301\250\346\232\001\276f\200\0373\266\214"
 1015      C1A8E69A 
 1015      01BE6680 
 1015      1F33B68C 
 1016 03f6 72355DCB 		.ascii	"r5]\313v\226\303h\355Z\371\365\253\335\243\023\330:"
 1016      7696C368 
 1016      ED5AF9F5 
 1016      ABDDA313 
 1016      D83A
 1017 0408 01F9E9FC 		.ascii	"\001\371\351\374\261\032k\004\004\376\005\003\204\200"
 1017      B11A6B04 
 1017      04FE0503 
 1017      8480
 1018 0416 DE55F51D 		.ascii	"\336U\365\035v\263+n\230]qS\353\212M\255\003\353\265"
 1018      76B32B6E 
 1018      985D7153 
 1018      EB8A4DAD 
 1018      03EBB5
 1019 0429 946F6A47 		.ascii	"\224ojGT[\377{\267\305\3109\327H9\210\002\377\3238+"
ARM GAS  /tmp/cc2rTGWf.s 			page 34


 1019      545BFF7B 
 1019      B7C5C839 
 1019      D7483988 
 1019      02FFD338 
 1020 043e 5A1E1F1B 		.ascii	"Z\036\037\0331~#V\266\245\351k\255\262A\200\353F.\327"
 1020      317E2356 
 1020      B6A5E96B 
 1020      ADB24180 
 1020      EB462ED7 
 1021 0452 8D5C3A18 		.ascii	"\215\\:\030\253\242\332\235\177_\334\032\277v\205\370"
 1021      ABA2DA9D 
 1021      7F5FDC1A 
 1021      BF7685F8 
 1022 0462 E5D95EB9 		.ascii	"\345\331^\271\253\215\232\322\256\230\322zq\0220;\302"
 1022      AB8D9AD2 
 1022      AE98D27A 
 1022      7112303B 
 1022      C2
 1023 0473 369F7EBA 		.ascii	"6\237~\272\201\231\260\213&\254\017'V#\352\260\353\306"
 1023      8199B08B 
 1023      26AC0F27 
 1023      5623EAB0 
 1023      EBC6
 1024 0485 AABAB0E6 		.ascii	"\252\272\260\346?c\202\036r\3206\001\252\012\034)\037"
 1024      3F63821E 
 1024      72D03601 
 1024      AA0A1C29 
 1024      1F
 1025 0496 69825A4C 		.ascii	"i\202ZLP?\007\325R\302\016q\340\310\222\015\373\273"
 1025      503F07D5 
 1025      52C20E71 
 1025      E0C8920D 
 1025      FBBB
 1026 04a8 6D13268C 		.ascii	"m\023&\214\236\200\003\341\203\3736\364.\267\251\001"
 1026      9E8003E1 
 1026      83FB36F4 
 1026      2EB7A901 
 1027 04b8 3FA0327E 		.ascii	"?\2402~\276OM\346=>%\023DUlR\375\222\225_\232\307\021"
 1027      BE4F4DE6 
 1027      3D3E2513 
 1027      44556C52 
 1027      FD92955F 
 1028 04cf 08A70060 		.ascii	"\010\247\000`\221J\361\210$\002w\001\360\232\303\023"
 1028      914AF188 
 1028      24027701 
 1028      F09AC313 
 1029 04df 01C2561E 		.ascii	"\001\302V\036\004x\016\360\002\340\031\300\000\300K"
 1029      04780EF0 
 1029      02E019C0 
 1029      00C04B
 1030 04ee 5E42D35D 		.ascii	"^B\323]\237\350\3300w\367\371\324\000a\220~\200G\257"
 1030      9FE8D830 
 1030      77F7F9D4 
 1030      0061907E 
 1030      8047AF
 1031 0501 458C403C 		.ascii	"E\214@<\004x\360\272\223\344\3100\327^\317\253A\\\212"
 1031      0478F0BA 
ARM GAS  /tmp/cc2rTGWf.s 			page 35


 1031      93E4C830 
 1031      D75ECFAB 
 1031      415C8A
 1032 0514 A1CABA4E 		.ascii	"\241\312\272N\321\206\245\376\267N`\342\272\012u\360"
 1032      D186A5FE 
 1032      B74E60E2 
 1032      BA0A75F0 
 1033 0524 CACADA9E 		.ascii	"\312\312\332\236QK\221\003C\000\267\005V\343\022\376"
 1033      514B9103 
 1033      4300B705 
 1033      56E312FE 
 1034 0534 CB93719C 		.ascii	"\313\223q\234\361\033\274\246\370Nd\223s\317\370\367"
 1034      F11BBCA6 
 1034      F84E6493 
 1034      73CFF8F7 
 1035 0544 37D4C15B 		.ascii	"7\324\301[o\234\330\023+\000\376\350\200\023U\333\017"
 1035      6F9CD813 
 1035      2B00FEE8 
 1035      801355DB 
 1035      0F
 1036 0555 39CC635D 		.ascii	"9\314c]J\215$\212)\007HOJ\232\353cFO\020\037\023\221"
 1036      4A8D248A 
 1036      2907484F 
 1036      4A9AEB63 
 1036      464F101F 
 1037 056b 4168BF84 		.ascii	"Ah\277\204;\201R\252U\034\217yE\217\003\353Q\032\213"
 1037      3B8152AA 
 1037      551C8F79 
 1037      458F03EB 
 1037      511A8B
 1038 057e 4C2EB184 		.ascii	"L.\261\204\276r\212\030\255\242f\343oBo\204/~\353\302"
 1038      BE728A18 
 1038      ADA266E3 
 1038      6F426F84 
 1038      2F7EEBC2 
 1039 0592 BCF14F47 		.ascii	"\274\361OG\327\312K1\246\252e\246\253\345B\025\275\375"
 1039      D7CA4B31 
 1039      A6AA65A6 
 1039      ABE54215 
 1039      BDFD
 1040 05a4 47594398 		.ascii	"GYC\230\354!\263\366e\334\005K\236Fb3\012\363\027\247"
 1040      EC21B3F6 
 1040      65DC054B 
 1040      9E466233 
 1040      0AF317A7 
 1041 05b8 BA26E57F 		.ascii	"\272&\345\177\224\275\210\310Y\005\205>\327\222I\371"
 1041      94BD88C8 
 1041      5905853E 
 1041      D79249F9 
 1042 05c8 5389F59B 		.ascii	"S\211\365\233B\267\317\345MIJrj\377g\344\2723\335\363"
 1042      42B7CFE5 
 1042      4D494A72 
 1042      6AFF67E4 
 1042      BA33DDF3 
 1043 05dc 16389D05 		.ascii	"\0268\235\005^gnF\2363\317\235\351\364\372\012]\031"
 1043      5E676E46 
 1043      9E33CF9D 
ARM GAS  /tmp/cc2rTGWf.s 			page 36


 1043      E9F4FA0A 
 1043      5D19
 1044 05ee F95EA7A7 		.ascii	"\371^\247\247(/O\177O\312\262\1772\367\363\204\031\311"
 1044      282F4F7F 
 1044      4FCAB27F 
 1044      32F7F384 
 1044      19C9
 1045 0600 A9646CC4 		.ascii	"\251dl\304rR\262\222\372q\352\344\251\323\211\325\353"
 1045      7252B292 
 1045      FA71EAE4 
 1045      A9D389D5 
 1045      EB
 1046 0611 FECE95EE 		.ascii	"\376\316\225\356\263\025\271=\276\351\351\276$gnA\276"
 1046      B315B93D 
 1046      BEE9E9BE 
 1046      24676E41 
 1046      BE
 1047 0622 CB9995EB 		.ascii	"\313\231\225\353\312\316v\346\270}\316\014\257\327U"
 1047      CACE76E6 
 1047      B87DCE0C 
 1047      AFD755
 1048 0631 B838DD53 		.ascii	"\2708\335S\224\225\347*\230\342\364\026f9?-\310,\360"
 1048      9495E72A 
 1048      98E2F416 
 1048      66393F2D 
 1048      C82CF0
 1049 0644 799DF3E7 		.ascii	"y\235\363\347\314\"S\336]\021\261\340\213\342e\213\212"
 1049      CC2253DE 
 1049      5D11B1E0 
 1049      8BE2658B 
 1049      8A
 1050 0655 7C967C6F 		.ascii	"|\226|oN\272\217\345\270|\226\"\017\316#9p^\346W\256"
 1050      4EBA8FE5 
 1050      B87C9622 
 1050      0FCE2339 
 1050      705EE657 
 1051 066a 2CDF2C8F 		.ascii	",\337,\217\333'\317\305\237\013\004\217-\316\367I\234"
 1051      DB27CFC5 
 1051      9F0B048F 
 1051      2DCEF749 
 1051      9C
 1052 067b 67119570 		.ascii	"g\021\225p\270=^_\206'\313\225^\220\235\355u\371\336"
 1052      B83D5E5F 
 1052      8627CB95 
 1052      5E909DED 
 1052      75F9DE
 1053 068e 33915FCC 		.ascii	"3\221_\314\371\354\335E\345\222\377\001vqk>"
 1053      F9ECDD45 
 1053      E592FF01 
 1053      76716B3E 
 1054              		.text
 1055              		.section	.gnu.lto_.symtab.66459eb02242697f,"e",%progbits
 1056 0000 6E756C6C 		.ascii	"nullObjectInit\000"
 1056      4F626A65 
 1056      6374496E 
 1056      697400
 1057 000f 00       		.ascii	"\000"
ARM GAS  /tmp/cc2rTGWf.s 			page 37


 1058 0010 00       		.ascii	"\000"
 1059 0011 00       		.ascii	"\000"
 1060 0012 00000000 		.ascii	"\000\000\000\000\000\000\000\000"
 1060      00000000 
 1061 001a E9000000 		.ascii	"\351\000\000\000"
 1062              		.text
 1063              		.section	.gnu.lto_.ext_symtab.66459eb02242697f,"e",%progbits
 1064 0000 01       		.ascii	"\001"
 1065 0001 01       		.ascii	"\001"
 1066 0002 00       		.ascii	"\000"
 1067              		.text
 1068              		.section	.gnu.lto_.opts,"e",%progbits
 1069 0000 272D666E 		.ascii	"'-fno-openmp' '-fno-openacc' '-fno-pie' '-fcf-prote"
 1069      6F2D6F70 
 1069      656E6D70 
 1069      2720272D 
 1069      666E6F2D 
 1070 0033 6374696F 		.ascii	"ction=none' '-g' '-mcpu=cortex-m4' '-mthumb' '-mflo"
 1070      6E3D6E6F 
 1070      6E652720 
 1070      272D6727 
 1070      20272D6D 
 1071 0066 61742D61 		.ascii	"at-abi=hard' '-mfpu=fpv4-sp-d16' '-mlibarch=armv7e-"
 1071      62693D68 
 1071      61726427 
 1071      20272D6D 
 1071      6670753D 
 1072 0099 6D2B6670 		.ascii	"m+fp' '-march=armv7e-m+fp' '-Og' '-fomit-frame-poin"
 1072      2720272D 
 1072      6D617263 
 1072      683D6172 
 1072      6D763765 
 1073 00cc 74657227 		.ascii	"ter' '-falign-functions=16' '-ffunction-sections' '"
 1073      20272D66 
 1073      616C6967 
 1073      6E2D6675 
 1073      6E637469 
 1074 00ff 2D666461 		.ascii	"-fdata-sections' '-fno-common' '-flto' '-Xassembler"
 1074      74612D73 
 1074      65637469 
 1074      6F6E7327 
 1074      20272D66 
 1075 0132 2720272D 		.ascii	"' '-alms=./build/lst/nullstreams.lst'\000"
 1075      616C6D73 
 1075      3D2E2F62 
 1075      75696C64 
 1075      2F6C7374 
 1076              		.text
 1077              		.comm	__gnu_lto_slim,1,1
 1078              		.ident	"GCC: (GNU Arm Embedded Toolchain 10.3-2021.10) 10.3.1 20210824 (release)"
ARM GAS  /tmp/cc2rTGWf.s 			page 38


DEFINED SYMBOLS
                            *ABS*:0000000000000000 nullstreams.c
     /tmp/cc2rTGWf.s:26     .gnu.debuglto_.debug_info:0000000000000000 nullstreams.c.1d797048
                            *COM*:0000000000000001 __gnu_lto_slim

NO UNDEFINED SYMBOLS
