ARM GAS  /tmp/cceCncaG.s 			page 1


   1              		.cpu cortex-m4
   2              		.arch armv7e-m
   3              		.fpu fpv4-sp-d16
   4              		.eabi_attribute 27, 1
   5              		.eabi_attribute 28, 1
   6              		.eabi_attribute 20, 1
   7              		.eabi_attribute 21, 1
   8              		.eabi_attribute 23, 3
   9              		.eabi_attribute 24, 1
  10              		.eabi_attribute 25, 1
  11              		.eabi_attribute 26, 1
  12              		.eabi_attribute 30, 1
  13              		.eabi_attribute 34, 1
  14              		.eabi_attribute 18, 4
  15              		.file	"osal.c"
  16              		.section	.gnu.debuglto_.debug_info,"e",%progbits
  17              	.Ldebug_info0:
  18              		.hidden	osal.c.45679f3a
  19              		.weak	osal.c.45679f3a
  20              	osal.c.45679f3a:
  21 0000 75000000 		.4byte	0x75
  22 0004 0400     		.2byte	0x4
  23 0006 00000000 		.4byte	.Ldebug_abbrev0
  24 000a 04       		.byte	0x4
  25 000b 01       		.uleb128 0x1
  26 000c B1000000 		.4byte	.LASF12
  27 0010 0C       		.byte	0xc
  28 0011 44000000 		.4byte	.LASF13
  29 0015 9A010000 		.4byte	.LASF14
  30 0019 00000000 		.4byte	.Ldebug_line0
  31 001d 02       		.uleb128 0x2
  32 001e 04       		.byte	0x4
  33 001f 05       		.byte	0x5
  34 0020 696E7400 		.ascii	"int\000"
  35 0024 03       		.uleb128 0x3
  36 0025 04       		.byte	0x4
  37 0026 07       		.byte	0x7
  38 0027 0E000000 		.4byte	.LASF0
  39 002b 03       		.uleb128 0x3
  40 002c 08       		.byte	0x8
  41 002d 05       		.byte	0x5
  42 002e 00000000 		.4byte	.LASF1
  43 0032 03       		.uleb128 0x3
  44 0033 08       		.byte	0x8
  45 0034 04       		.byte	0x4
  46 0035 8E010000 		.4byte	.LASF2
  47 0039 03       		.uleb128 0x3
  48 003a 01       		.byte	0x1
  49 003b 06       		.byte	0x6
  50 003c A5000000 		.4byte	.LASF3
  51 0040 03       		.uleb128 0x3
  52 0041 01       		.byte	0x1
  53 0042 08       		.byte	0x8
  54 0043 70000000 		.4byte	.LASF4
  55 0047 03       		.uleb128 0x3
  56 0048 02       		.byte	0x2
  57 0049 05       		.byte	0x5
ARM GAS  /tmp/cceCncaG.s 			page 2


  58 004a C8010000 		.4byte	.LASF5
  59 004e 03       		.uleb128 0x3
  60 004f 02       		.byte	0x2
  61 0050 07       		.byte	0x7
  62 0051 92000000 		.4byte	.LASF6
  63 0055 03       		.uleb128 0x3
  64 0056 04       		.byte	0x4
  65 0057 05       		.byte	0x5
  66 0058 83000000 		.4byte	.LASF7
  67 005c 03       		.uleb128 0x3
  68 005d 04       		.byte	0x4
  69 005e 07       		.byte	0x7
  70 005f 1B000000 		.4byte	.LASF8
  71 0063 03       		.uleb128 0x3
  72 0064 08       		.byte	0x8
  73 0065 07       		.byte	0x7
  74 0066 2D000000 		.4byte	.LASF9
  75 006a 03       		.uleb128 0x3
  76 006b 01       		.byte	0x1
  77 006c 08       		.byte	0x8
  78 006d 7E000000 		.4byte	.LASF10
  79 0071 03       		.uleb128 0x3
  80 0072 01       		.byte	0x1
  81 0073 02       		.byte	0x2
  82 0074 8C000000 		.4byte	.LASF11
  83 0078 00       		.byte	0
  84              		.section	.gnu.debuglto_.debug_abbrev,"e",%progbits
  85              	.Ldebug_abbrev0:
  86 0000 01       		.uleb128 0x1
  87 0001 11       		.uleb128 0x11
  88 0002 01       		.byte	0x1
  89 0003 25       		.uleb128 0x25
  90 0004 0E       		.uleb128 0xe
  91 0005 13       		.uleb128 0x13
  92 0006 0B       		.uleb128 0xb
  93 0007 03       		.uleb128 0x3
  94 0008 0E       		.uleb128 0xe
  95 0009 1B       		.uleb128 0x1b
  96 000a 0E       		.uleb128 0xe
  97 000b 10       		.uleb128 0x10
  98 000c 17       		.uleb128 0x17
  99 000d 00       		.byte	0
 100 000e 00       		.byte	0
 101 000f 02       		.uleb128 0x2
 102 0010 24       		.uleb128 0x24
 103 0011 00       		.byte	0
 104 0012 0B       		.uleb128 0xb
 105 0013 0B       		.uleb128 0xb
 106 0014 3E       		.uleb128 0x3e
 107 0015 0B       		.uleb128 0xb
 108 0016 03       		.uleb128 0x3
 109 0017 08       		.uleb128 0x8
 110 0018 00       		.byte	0
 111 0019 00       		.byte	0
 112 001a 03       		.uleb128 0x3
 113 001b 24       		.uleb128 0x24
 114 001c 00       		.byte	0
ARM GAS  /tmp/cceCncaG.s 			page 3


 115 001d 0B       		.uleb128 0xb
 116 001e 0B       		.uleb128 0xb
 117 001f 3E       		.uleb128 0x3e
 118 0020 0B       		.uleb128 0xb
 119 0021 03       		.uleb128 0x3
 120 0022 0E       		.uleb128 0xe
 121 0023 00       		.byte	0
 122 0024 00       		.byte	0
 123 0025 00       		.byte	0
 124              		.section	.gnu.debuglto_.debug_line,"e",%progbits
 125              	.Ldebug_line0:
 126 0000 1A000000 		.4byte	.LELT0-.LSLT0
 127              	.LSLT0:
 128 0004 0400     		.2byte	0x4
 129 0006 14000000 		.4byte	.LELTP0-.LASLTP0
 130              	.LASLTP0:
 131 000a 01       		.byte	0x1
 132 000b 01       		.byte	0x1
 133 000c 01       		.byte	0x1
 134 000d F6       		.byte	0xf6
 135 000e F2       		.byte	0xf2
 136 000f 0D       		.byte	0xd
 137 0010 00       		.byte	0
 138 0011 01       		.byte	0x1
 139 0012 01       		.byte	0x1
 140 0013 01       		.byte	0x1
 141 0014 01       		.byte	0x1
 142 0015 00       		.byte	0
 143 0016 00       		.byte	0
 144 0017 00       		.byte	0
 145 0018 01       		.byte	0x1
 146 0019 00       		.byte	0
 147 001a 00       		.byte	0
 148 001b 01       		.byte	0x1
 149 001c 00       		.byte	0
 150 001d 00       		.byte	0
 151              	.LELTP0:
 152              	.LELT0:
 153              		.section	.gnu.debuglto_.debug_str,"eMS",%progbits,1
 154              	.LASF1:
 155 0000 6C6F6E67 		.ascii	"long long int\000"
 155      206C6F6E 
 155      6720696E 
 155      7400
 156              	.LASF0:
 157 000e 756E7369 		.ascii	"unsigned int\000"
 157      676E6564 
 157      20696E74 
 157      00
 158              	.LASF8:
 159 001b 6C6F6E67 		.ascii	"long unsigned int\000"
 159      20756E73 
 159      69676E65 
 159      6420696E 
 159      7400
 160              	.LASF9:
 161 002d 6C6F6E67 		.ascii	"long long unsigned int\000"
ARM GAS  /tmp/cceCncaG.s 			page 4


 161      206C6F6E 
 161      6720756E 
 161      7369676E 
 161      65642069 
 162              	.LASF13:
 163 0044 2E2E2F2E 		.ascii	"../../../ChibiOS//os/hal/osal/rt-nil/osal.c\000"
 163      2E2F2E2E 
 163      2F436869 
 163      62694F53 
 163      2F2F6F73 
 164              	.LASF4:
 165 0070 756E7369 		.ascii	"unsigned char\000"
 165      676E6564 
 165      20636861 
 165      7200
 166              	.LASF10:
 167 007e 63686172 		.ascii	"char\000"
 167      00
 168              	.LASF7:
 169 0083 6C6F6E67 		.ascii	"long int\000"
 169      20696E74 
 169      00
 170              	.LASF11:
 171 008c 5F426F6F 		.ascii	"_Bool\000"
 171      6C00
 172              	.LASF6:
 173 0092 73686F72 		.ascii	"short unsigned int\000"
 173      7420756E 
 173      7369676E 
 173      65642069 
 173      6E7400
 174              	.LASF3:
 175 00a5 7369676E 		.ascii	"signed char\000"
 175      65642063 
 175      68617200 
 176              	.LASF12:
 177 00b1 474E5520 		.ascii	"GNU C17 10.3.1 20210824 (release) -mcpu=cortex-m4 -"
 177      43313720 
 177      31302E33 
 177      2E312032 
 177      30323130 
 178 00e4 6D746875 		.ascii	"mthumb -mfloat-abi=hard -mfpu=fpv4-sp-d16 -march=ar"
 178      6D62202D 
 178      6D666C6F 
 178      61742D61 
 178      62693D68 
 179 0117 6D763765 		.ascii	"mv7e-m+fp -g -ggdb -Og -fomit-frame-pointer -falign"
 179      2D6D2B66 
 179      70202D67 
 179      202D6767 
 179      6462202D 
 180 014a 2D66756E 		.ascii	"-functions=16 -ffunction-sections -fdata-sections -"
 180      6374696F 
 180      6E733D31 
 180      36202D66 
 180      66756E63 
 181 017d 666E6F2D 		.ascii	"fno-common -flto\000"
ARM GAS  /tmp/cceCncaG.s 			page 5


 181      636F6D6D 
 181      6F6E202D 
 181      666C746F 
 181      00
 182              	.LASF2:
 183 018e 6C6F6E67 		.ascii	"long double\000"
 183      20646F75 
 183      626C6500 
 184              	.LASF14:
 185 019a 2F686F6D 		.ascii	"/home/cheff/git/asserv_nucleo3/src/Robots/PMI\000"
 185      652F6368 
 185      6566662F 
 185      6769742F 
 185      61737365 
 186              	.LASF5:
 187 01c8 73686F72 		.ascii	"short int\000"
 187      7420696E 
 187      7400
 188              		.text
 189              		.section	.gnu.lto_.profile.7de315a44048501d,"e",%progbits
 190 0000 789C6362 		.ascii	"x\234cb\000\001\000\000\022\000\003"
 190      00010000 
 190      120003
 191              		.text
 192              		.section	.gnu.lto_.inline.7de315a44048501d,"e",%progbits
 193 0000 789C6362 		.ascii	"x\234cb@\006\000\000*\000\003"
 193      40060000 
 193      2A0003
 194              		.text
 195              		.section	.gnu.lto_.jmpfuncs.7de315a44048501d,"e",%progbits
 196 0000 789C6362 		.ascii	"x\234cb@\006\000\000*\000\003"
 196      40060000 
 196      2A0003
 197              		.text
 198              		.section	.gnu.lto_.pureconst.7de315a44048501d,"e",%progbits
 199 0000 789C6364 		.ascii	"x\234cd\000\002\000\000\012\000\002"
 199      00020000 
 199      0A0002
 200              		.text
 201              		.section	.gnu.lto_.lto.7de315a44048501d,"e",%progbits
 202 0000 09000400 		.ascii	"\011\000\004\000\001\000\000\000"
 202      01000000 
 203              		.text
 204              		.section	.gnu.lto_.symbol_nodes.7de315a44048501d,"e",%progbits
 205 0000 789C6362 		.ascii	"x\234cb\000\001\000\000\022\000\003"
 205      00010000 
 205      120003
 206              		.text
 207              		.section	.gnu.lto_.refs.7de315a44048501d,"e",%progbits
 208 0000 789C6364 		.ascii	"x\234cd\000\002\000\000\012\000\002"
 208      00020000 
 208      0A0002
 209              		.text
 210              		.section	.gnu.lto_.decls.7de315a44048501d,"e",%progbits
 211 0000 789C6360 		.ascii	"x\234c````\004b\025 \376\017\004 \366E\006\002\000\000"
 211      60606004 
 211      621520FE 
ARM GAS  /tmp/cceCncaG.s 			page 6


 211      0F0420F6 
 211      45060200 
 212 0015 BF3204F4 		.ascii	"\2772\004\364"
 213              		.text
 214              		.section	.gnu.lto_.symtab.7de315a44048501d,"e",%progbits
 215              		.text
 216              		.section	.gnu.lto_.ext_symtab.7de315a44048501d,"e",%progbits
 217 0000 01       		.ascii	"\001"
 218              		.text
 219              		.section	.gnu.lto_.opts,"e",%progbits
 220 0000 272D666E 		.ascii	"'-fno-openmp' '-fno-openacc' '-fno-pie' '-fcf-prote"
 220      6F2D6F70 
 220      656E6D70 
 220      2720272D 
 220      666E6F2D 
 221 0033 6374696F 		.ascii	"ction=none' '-g' '-mcpu=cortex-m4' '-mthumb' '-mflo"
 221      6E3D6E6F 
 221      6E652720 
 221      272D6727 
 221      20272D6D 
 222 0066 61742D61 		.ascii	"at-abi=hard' '-mfpu=fpv4-sp-d16' '-mlibarch=armv7e-"
 222      62693D68 
 222      61726427 
 222      20272D6D 
 222      6670753D 
 223 0099 6D2B6670 		.ascii	"m+fp' '-march=armv7e-m+fp' '-Og' '-fomit-frame-poin"
 223      2720272D 
 223      6D617263 
 223      683D6172 
 223      6D763765 
 224 00cc 74657227 		.ascii	"ter' '-falign-functions=16' '-ffunction-sections' '"
 224      20272D66 
 224      616C6967 
 224      6E2D6675 
 224      6E637469 
 225 00ff 2D666461 		.ascii	"-fdata-sections' '-fno-common' '-flto' '-Xassembler"
 225      74612D73 
 225      65637469 
 225      6F6E7327 
 225      20272D66 
 226 0132 2720272D 		.ascii	"' '-alms=./build/lst/osal.lst'\000"
 226      616C6D73 
 226      3D2E2F62 
 226      75696C64 
 226      2F6C7374 
 227              		.text
 228              		.comm	__gnu_lto_slim,1,1
 229              		.ident	"GCC: (GNU Arm Embedded Toolchain 10.3-2021.10) 10.3.1 20210824 (release)"
ARM GAS  /tmp/cceCncaG.s 			page 7


DEFINED SYMBOLS
                            *ABS*:0000000000000000 osal.c
     /tmp/cceCncaG.s:20     .gnu.debuglto_.debug_info:0000000000000000 osal.c.45679f3a
                            *COM*:0000000000000001 __gnu_lto_slim

NO UNDEFINED SYMBOLS
