ARM GAS  /tmp/ccZf0lFV.s 			page 1


   1              		.cpu cortex-m4
   2              		.arch armv7e-m
   3              		.fpu fpv4-sp-d16
   4              		.eabi_attribute 27, 1
   5              		.eabi_attribute 28, 1
   6              		.eabi_attribute 20, 1
   7              		.eabi_attribute 21, 1
   8              		.eabi_attribute 23, 3
   9              		.eabi_attribute 24, 1
  10              		.eabi_attribute 25, 1
  11              		.eabi_attribute 26, 1
  12              		.eabi_attribute 30, 1
  13              		.eabi_attribute 34, 1
  14              		.eabi_attribute 18, 4
  15              		.file	"syscalls_cpp.cpp"
  16              		.file 1 "/home/cheff/dev_tools/gcc-arm-none-eabi-10.3-2021.10/arm-none-eabi/include/sys/_types.h"
  17              		.file 2 "/home/cheff/dev_tools/gcc-arm-none-eabi-10.3-2021.10/arm-none-eabi/include/sys/types.h"
  18              		.file 3 "../../../ChibiOS//os/common/ext/ST/STM32F4xx/stm32f4xx.h"
  19              		.file 4 "../../../ChibiOS//os/various/cpp_wrappers/syscalls_cpp.cpp"
  20              		.file 5 "../../../ChibiOS//os/hal/osal/rt-nil/osal.h"
  21              		.file 6 "../../../ChibiOS//os/various/cpp_wrappers/syscalls_cpp.hpp"
  22              		.section	.gnu.debuglto_.debug_info,"e",%progbits
  23              	.Ldebug_info0:
  24              		.hidden	syscalls_cpp.cpp.d7baa30e
  25              		.weak	syscalls_cpp.cpp.d7baa30e
  26              	syscalls_cpp.cpp.d7baa30e:
  27 0000 AD010000 		.4byte	0x1ad
  28 0004 0400     		.2byte	0x4
  29 0006 00000000 		.4byte	.Ldebug_abbrev0
  30 000a 04       		.byte	0x4
  31 000b 01       		.uleb128 0x1
  32 000c 6C000000 		.4byte	.LASF29
  33 0010 04       		.byte	0x4
  34 0011 F7010000 		.4byte	.LASF30
  35 0015 06000000 		.4byte	.LASF31
  36 0019 00000000 		.4byte	.Ldebug_line0
  37 001d 02       		.uleb128 0x2
  38 001e 01       		.byte	0x1
  39 001f 06       		.byte	0x6
  40 0020 B1020000 		.4byte	.LASF0
  41 0024 02       		.uleb128 0x2
  42 0025 01       		.byte	0x1
  43 0026 08       		.byte	0x8
  44 0027 76010000 		.4byte	.LASF1
  45 002b 02       		.uleb128 0x2
  46 002c 02       		.byte	0x2
  47 002d 05       		.byte	0x5
  48 002e 7D020000 		.4byte	.LASF2
  49 0032 02       		.uleb128 0x2
  50 0033 02       		.byte	0x2
  51 0034 07       		.byte	0x7
  52 0035 BD020000 		.4byte	.LASF3
  53 0039 02       		.uleb128 0x2
  54 003a 04       		.byte	0x4
  55 003b 05       		.byte	0x5
  56 003c 87020000 		.4byte	.LASF4
  57 0040 02       		.uleb128 0x2
ARM GAS  /tmp/ccZf0lFV.s 			page 2


  58 0041 04       		.byte	0x4
  59 0042 07       		.byte	0x7
  60 0043 A3010000 		.4byte	.LASF5
  61 0047 02       		.uleb128 0x2
  62 0048 08       		.byte	0x8
  63 0049 05       		.byte	0x5
  64 004a 5D020000 		.4byte	.LASF6
  65 004e 02       		.uleb128 0x2
  66 004f 08       		.byte	0x8
  67 0050 07       		.byte	0x7
  68 0051 D0020000 		.4byte	.LASF7
  69 0055 03       		.uleb128 0x3
  70 0056 04       		.byte	0x4
  71 0057 05       		.byte	0x5
  72 0058 696E7400 		.ascii	"int\000"
  73 005c 02       		.uleb128 0x2
  74 005d 04       		.byte	0x4
  75 005e 07       		.byte	0x7
  76 005f 32020000 		.4byte	.LASF8
  77 0063 02       		.uleb128 0x2
  78 0064 08       		.byte	0x8
  79 0065 04       		.byte	0x4
  80 0066 98020000 		.4byte	.LASF9
  81 006a 04       		.uleb128 0x4
  82 006b 4C000000 		.4byte	.LASF32
  83 006f 05       		.uleb128 0x5
  84 0070 04       		.byte	0x4
  85 0071 06       		.uleb128 0x6
  86 0072 90020000 		.4byte	.LASF11
  87 0076 01       		.byte	0x1
  88 0077 34       		.byte	0x34
  89 0078 0D       		.byte	0xd
  90 0079 55000000 		.4byte	0x55
  91 007d 02       		.uleb128 0x2
  92 007e 01       		.byte	0x1
  93 007f 08       		.byte	0x8
  94 0080 3F020000 		.4byte	.LASF10
  95 0084 07       		.uleb128 0x7
  96 0085 7D000000 		.4byte	0x7d
  97 0089 08       		.uleb128 0x8
  98 008a 04       		.byte	0x4
  99 008b 84000000 		.4byte	0x84
 100 008f 06       		.uleb128 0x6
 101 0090 70010000 		.4byte	.LASF12
 102 0094 02       		.byte	0x2
 103 0095 AE       		.byte	0xae
 104 0096 12       		.byte	0x12
 105 0097 71000000 		.4byte	0x71
 106 009b 09       		.uleb128 0x9
 107 009c 07       		.byte	0x7
 108 009d 01       		.byte	0x1
 109 009e 24000000 		.4byte	0x24
 110 00a2 03       		.byte	0x3
 111 00a3 CC       		.byte	0xcc
 112 00a4 01       		.byte	0x1
 113 00a5 A4020000 		.4byte	.LASF15
 114 00a9 BA000000 		.4byte	0xba
ARM GAS  /tmp/ccZf0lFV.s 			page 3


 115 00ad 0A       		.uleb128 0xa
 116 00ae B5010000 		.4byte	.LASF13
 117 00b2 00       		.byte	0
 118 00b3 0B       		.uleb128 0xb
 119 00b4 53455400 		.ascii	"SET\000"
 120 00b8 01       		.byte	0x1
 121 00b9 00       		.byte	0
 122 00ba 06       		.uleb128 0x6
 123 00bb 8C010000 		.4byte	.LASF14
 124 00bf 03       		.byte	0x3
 125 00c0 CF       		.byte	0xcf
 126 00c1 03       		.byte	0x3
 127 00c2 9B000000 		.4byte	0x9b
 128 00c6 09       		.uleb128 0x9
 129 00c7 07       		.byte	0x7
 130 00c8 01       		.byte	0x1
 131 00c9 24000000 		.4byte	0x24
 132 00cd 03       		.byte	0x3
 133 00ce D2       		.byte	0xd2
 134 00cf 01       		.byte	0x1
 135 00d0 6B020000 		.4byte	.LASF16
 136 00d4 E5000000 		.4byte	0xe5
 137 00d8 0A       		.uleb128 0xa
 138 00d9 BB010000 		.4byte	.LASF17
 139 00dd 00       		.byte	0
 140 00de 0A       		.uleb128 0xa
 141 00df 65000000 		.4byte	.LASF18
 142 00e3 01       		.byte	0x1
 143 00e4 00       		.byte	0
 144 00e5 06       		.uleb128 0x6
 145 00e6 D1010000 		.4byte	.LASF19
 146 00ea 03       		.byte	0x3
 147 00eb D5       		.byte	0xd5
 148 00ec 03       		.byte	0x3
 149 00ed C6000000 		.4byte	0xc6
 150 00f1 09       		.uleb128 0x9
 151 00f2 07       		.byte	0x7
 152 00f3 01       		.byte	0x1
 153 00f4 24000000 		.4byte	0x24
 154 00f8 03       		.byte	0x3
 155 00f9 D9       		.byte	0xd9
 156 00fa 01       		.byte	0x1
 157 00fb E9010000 		.4byte	.LASF20
 158 00ff 10010000 		.4byte	0x110
 159 0103 0A       		.uleb128 0xa
 160 0104 57020000 		.4byte	.LASF21
 161 0108 00       		.byte	0
 162 0109 0A       		.uleb128 0xa
 163 010a 84010000 		.4byte	.LASF22
 164 010e 01       		.byte	0x1
 165 010f 00       		.byte	0
 166 0110 06       		.uleb128 0x6
 167 0111 97010000 		.4byte	.LASF23
 168 0115 03       		.byte	0x3
 169 0116 DC       		.byte	0xdc
 170 0117 03       		.byte	0x3
 171 0118 F1000000 		.4byte	0xf1
ARM GAS  /tmp/ccZf0lFV.s 			page 4


 172 011c 02       		.uleb128 0x2
 173 011d 01       		.byte	0x1
 174 011e 02       		.byte	0x2
 175 011f 41000000 		.4byte	.LASF24
 176 0123 0C       		.uleb128 0xc
 177 0124 34000000 		.4byte	.LASF33
 178 0128 06       		.byte	0x6
 179 0129 0B       		.byte	0xb
 180 012a 07       		.byte	0x7
 181 012b 6F000000 		.4byte	0x6f
 182 012f 0D       		.uleb128 0xd
 183 0130 46000000 		.4byte	.LASF34
 184 0134 04       		.byte	0x4
 185 0135 17       		.byte	0x17
 186 0136 0C       		.byte	0xc
 187 0137 55000000 		.4byte	0x55
 188 013b 0E       		.uleb128 0xe
 189 013c E7020000 		.4byte	.LASF25
 190 0140 04       		.byte	0x4
 191 0141 23       		.byte	0x23
 192 0142 06       		.byte	0x6
 193 0143 0E       		.uleb128 0xe
 194 0144 E1010000 		.4byte	.LASF26
 195 0148 04       		.byte	0x4
 196 0149 1F       		.byte	0x1f
 197 014a 06       		.byte	0x6
 198 014b 0F       		.uleb128 0xf
 199 014c 00000000 		.4byte	.LASF35
 200 0150 04       		.byte	0x4
 201 0151 18       		.byte	0x18
 202 0152 05       		.byte	0x5
 203 0153 55000000 		.4byte	0x55
 204 0157 74010000 		.4byte	0x174
 205 015b 10       		.uleb128 0x10
 206 015c 70696400 		.ascii	"pid\000"
 207 0160 04       		.byte	0x4
 208 0161 18       		.byte	0x18
 209 0162 0F       		.byte	0xf
 210 0163 55000000 		.4byte	0x55
 211 0167 10       		.uleb128 0x10
 212 0168 73696700 		.ascii	"sig\000"
 213 016c 04       		.byte	0x4
 214 016d 18       		.byte	0x18
 215 016e 18       		.byte	0x18
 216 016f 55000000 		.4byte	0x55
 217 0173 00       		.byte	0
 218 0174 11       		.uleb128 0x11
 219 0175 C9010000 		.4byte	.LASF36
 220 0179 04       		.byte	0x4
 221 017a 12       		.byte	0x12
 222 017b 07       		.byte	0x7
 223 017c 8F000000 		.4byte	0x8f
 224 0180 12       		.uleb128 0x12
 225 0181 C3010000 		.4byte	.LASF37
 226 0185 04       		.byte	0x4
 227 0186 0C       		.byte	0xc
 228 0187 06       		.byte	0x6
ARM GAS  /tmp/ccZf0lFV.s 			page 5


 229 0188 99010000 		.4byte	0x199
 230 018c 13       		.uleb128 0x13
 231 018d 5E000000 		.4byte	.LASF27
 232 0191 04       		.byte	0x4
 233 0192 0C       		.byte	0xc
 234 0193 10       		.byte	0x10
 235 0194 55000000 		.4byte	0x55
 236 0198 00       		.byte	0
 237 0199 14       		.uleb128 0x14
 238 019a 4B020000 		.4byte	.LASF38
 239 019e 05       		.byte	0x5
 240 019f 1E02     		.2byte	0x21e
 241 01a1 14       		.byte	0x14
 242 01a2 15       		.uleb128 0x15
 243 01a3 44020000 		.4byte	.LASF28
 244 01a7 05       		.byte	0x5
 245 01a8 1E02     		.2byte	0x21e
 246 01aa 2C       		.byte	0x2c
 247 01ab 89000000 		.4byte	0x89
 248 01af 00       		.byte	0
 249 01b0 00       		.byte	0
 250              		.section	.gnu.debuglto_.debug_abbrev,"e",%progbits
 251              	.Ldebug_abbrev0:
 252 0000 01       		.uleb128 0x1
 253 0001 11       		.uleb128 0x11
 254 0002 01       		.byte	0x1
 255 0003 25       		.uleb128 0x25
 256 0004 0E       		.uleb128 0xe
 257 0005 13       		.uleb128 0x13
 258 0006 0B       		.uleb128 0xb
 259 0007 03       		.uleb128 0x3
 260 0008 0E       		.uleb128 0xe
 261 0009 1B       		.uleb128 0x1b
 262 000a 0E       		.uleb128 0xe
 263 000b 10       		.uleb128 0x10
 264 000c 17       		.uleb128 0x17
 265 000d 00       		.byte	0
 266 000e 00       		.byte	0
 267 000f 02       		.uleb128 0x2
 268 0010 24       		.uleb128 0x24
 269 0011 00       		.byte	0
 270 0012 0B       		.uleb128 0xb
 271 0013 0B       		.uleb128 0xb
 272 0014 3E       		.uleb128 0x3e
 273 0015 0B       		.uleb128 0xb
 274 0016 03       		.uleb128 0x3
 275 0017 0E       		.uleb128 0xe
 276 0018 00       		.byte	0
 277 0019 00       		.byte	0
 278 001a 03       		.uleb128 0x3
 279 001b 24       		.uleb128 0x24
 280 001c 00       		.byte	0
 281 001d 0B       		.uleb128 0xb
 282 001e 0B       		.uleb128 0xb
 283 001f 3E       		.uleb128 0x3e
 284 0020 0B       		.uleb128 0xb
 285 0021 03       		.uleb128 0x3
ARM GAS  /tmp/ccZf0lFV.s 			page 6


 286 0022 08       		.uleb128 0x8
 287 0023 00       		.byte	0
 288 0024 00       		.byte	0
 289 0025 04       		.uleb128 0x4
 290 0026 3B       		.uleb128 0x3b
 291 0027 00       		.byte	0
 292 0028 03       		.uleb128 0x3
 293 0029 0E       		.uleb128 0xe
 294 002a 00       		.byte	0
 295 002b 00       		.byte	0
 296 002c 05       		.uleb128 0x5
 297 002d 0F       		.uleb128 0xf
 298 002e 00       		.byte	0
 299 002f 0B       		.uleb128 0xb
 300 0030 0B       		.uleb128 0xb
 301 0031 00       		.byte	0
 302 0032 00       		.byte	0
 303 0033 06       		.uleb128 0x6
 304 0034 16       		.uleb128 0x16
 305 0035 00       		.byte	0
 306 0036 03       		.uleb128 0x3
 307 0037 0E       		.uleb128 0xe
 308 0038 3A       		.uleb128 0x3a
 309 0039 0B       		.uleb128 0xb
 310 003a 3B       		.uleb128 0x3b
 311 003b 0B       		.uleb128 0xb
 312 003c 39       		.uleb128 0x39
 313 003d 0B       		.uleb128 0xb
 314 003e 49       		.uleb128 0x49
 315 003f 13       		.uleb128 0x13
 316 0040 00       		.byte	0
 317 0041 00       		.byte	0
 318 0042 07       		.uleb128 0x7
 319 0043 26       		.uleb128 0x26
 320 0044 00       		.byte	0
 321 0045 49       		.uleb128 0x49
 322 0046 13       		.uleb128 0x13
 323 0047 00       		.byte	0
 324 0048 00       		.byte	0
 325 0049 08       		.uleb128 0x8
 326 004a 0F       		.uleb128 0xf
 327 004b 00       		.byte	0
 328 004c 0B       		.uleb128 0xb
 329 004d 0B       		.uleb128 0xb
 330 004e 49       		.uleb128 0x49
 331 004f 13       		.uleb128 0x13
 332 0050 00       		.byte	0
 333 0051 00       		.byte	0
 334 0052 09       		.uleb128 0x9
 335 0053 04       		.uleb128 0x4
 336 0054 01       		.byte	0x1
 337 0055 3E       		.uleb128 0x3e
 338 0056 0B       		.uleb128 0xb
 339 0057 0B       		.uleb128 0xb
 340 0058 0B       		.uleb128 0xb
 341 0059 49       		.uleb128 0x49
 342 005a 13       		.uleb128 0x13
ARM GAS  /tmp/ccZf0lFV.s 			page 7


 343 005b 3A       		.uleb128 0x3a
 344 005c 0B       		.uleb128 0xb
 345 005d 3B       		.uleb128 0x3b
 346 005e 0B       		.uleb128 0xb
 347 005f 39       		.uleb128 0x39
 348 0060 0B       		.uleb128 0xb
 349 0061 6E       		.uleb128 0x6e
 350 0062 0E       		.uleb128 0xe
 351 0063 01       		.uleb128 0x1
 352 0064 13       		.uleb128 0x13
 353 0065 00       		.byte	0
 354 0066 00       		.byte	0
 355 0067 0A       		.uleb128 0xa
 356 0068 28       		.uleb128 0x28
 357 0069 00       		.byte	0
 358 006a 03       		.uleb128 0x3
 359 006b 0E       		.uleb128 0xe
 360 006c 1C       		.uleb128 0x1c
 361 006d 0B       		.uleb128 0xb
 362 006e 00       		.byte	0
 363 006f 00       		.byte	0
 364 0070 0B       		.uleb128 0xb
 365 0071 28       		.uleb128 0x28
 366 0072 00       		.byte	0
 367 0073 03       		.uleb128 0x3
 368 0074 08       		.uleb128 0x8
 369 0075 1C       		.uleb128 0x1c
 370 0076 0B       		.uleb128 0xb
 371 0077 00       		.byte	0
 372 0078 00       		.byte	0
 373 0079 0C       		.uleb128 0xc
 374 007a 34       		.uleb128 0x34
 375 007b 00       		.byte	0
 376 007c 03       		.uleb128 0x3
 377 007d 0E       		.uleb128 0xe
 378 007e 3A       		.uleb128 0x3a
 379 007f 0B       		.uleb128 0xb
 380 0080 3B       		.uleb128 0x3b
 381 0081 0B       		.uleb128 0xb
 382 0082 39       		.uleb128 0x39
 383 0083 0B       		.uleb128 0xb
 384 0084 49       		.uleb128 0x49
 385 0085 13       		.uleb128 0x13
 386 0086 3F       		.uleb128 0x3f
 387 0087 19       		.uleb128 0x19
 388 0088 00       		.byte	0
 389 0089 00       		.byte	0
 390 008a 0D       		.uleb128 0xd
 391 008b 34       		.uleb128 0x34
 392 008c 00       		.byte	0
 393 008d 03       		.uleb128 0x3
 394 008e 0E       		.uleb128 0xe
 395 008f 3A       		.uleb128 0x3a
 396 0090 0B       		.uleb128 0xb
 397 0091 3B       		.uleb128 0x3b
 398 0092 0B       		.uleb128 0xb
 399 0093 39       		.uleb128 0x39
ARM GAS  /tmp/ccZf0lFV.s 			page 8


 400 0094 0B       		.uleb128 0xb
 401 0095 49       		.uleb128 0x49
 402 0096 13       		.uleb128 0x13
 403 0097 3F       		.uleb128 0x3f
 404 0098 19       		.uleb128 0x19
 405 0099 3C       		.uleb128 0x3c
 406 009a 19       		.uleb128 0x19
 407 009b 00       		.byte	0
 408 009c 00       		.byte	0
 409 009d 0E       		.uleb128 0xe
 410 009e 2E       		.uleb128 0x2e
 411 009f 00       		.byte	0
 412 00a0 3F       		.uleb128 0x3f
 413 00a1 19       		.uleb128 0x19
 414 00a2 03       		.uleb128 0x3
 415 00a3 0E       		.uleb128 0xe
 416 00a4 3A       		.uleb128 0x3a
 417 00a5 0B       		.uleb128 0xb
 418 00a6 3B       		.uleb128 0x3b
 419 00a7 0B       		.uleb128 0xb
 420 00a8 39       		.uleb128 0x39
 421 00a9 0B       		.uleb128 0xb
 422 00aa 00       		.byte	0
 423 00ab 00       		.byte	0
 424 00ac 0F       		.uleb128 0xf
 425 00ad 2E       		.uleb128 0x2e
 426 00ae 01       		.byte	0x1
 427 00af 3F       		.uleb128 0x3f
 428 00b0 19       		.uleb128 0x19
 429 00b1 03       		.uleb128 0x3
 430 00b2 0E       		.uleb128 0xe
 431 00b3 3A       		.uleb128 0x3a
 432 00b4 0B       		.uleb128 0xb
 433 00b5 3B       		.uleb128 0x3b
 434 00b6 0B       		.uleb128 0xb
 435 00b7 39       		.uleb128 0x39
 436 00b8 0B       		.uleb128 0xb
 437 00b9 49       		.uleb128 0x49
 438 00ba 13       		.uleb128 0x13
 439 00bb 01       		.uleb128 0x1
 440 00bc 13       		.uleb128 0x13
 441 00bd 00       		.byte	0
 442 00be 00       		.byte	0
 443 00bf 10       		.uleb128 0x10
 444 00c0 05       		.uleb128 0x5
 445 00c1 00       		.byte	0
 446 00c2 03       		.uleb128 0x3
 447 00c3 08       		.uleb128 0x8
 448 00c4 3A       		.uleb128 0x3a
 449 00c5 0B       		.uleb128 0xb
 450 00c6 3B       		.uleb128 0x3b
 451 00c7 0B       		.uleb128 0xb
 452 00c8 39       		.uleb128 0x39
 453 00c9 0B       		.uleb128 0xb
 454 00ca 49       		.uleb128 0x49
 455 00cb 13       		.uleb128 0x13
 456 00cc 00       		.byte	0
ARM GAS  /tmp/ccZf0lFV.s 			page 9


 457 00cd 00       		.byte	0
 458 00ce 11       		.uleb128 0x11
 459 00cf 2E       		.uleb128 0x2e
 460 00d0 00       		.byte	0
 461 00d1 3F       		.uleb128 0x3f
 462 00d2 19       		.uleb128 0x19
 463 00d3 03       		.uleb128 0x3
 464 00d4 0E       		.uleb128 0xe
 465 00d5 3A       		.uleb128 0x3a
 466 00d6 0B       		.uleb128 0xb
 467 00d7 3B       		.uleb128 0x3b
 468 00d8 0B       		.uleb128 0xb
 469 00d9 39       		.uleb128 0x39
 470 00da 0B       		.uleb128 0xb
 471 00db 49       		.uleb128 0x49
 472 00dc 13       		.uleb128 0x13
 473 00dd 00       		.byte	0
 474 00de 00       		.byte	0
 475 00df 12       		.uleb128 0x12
 476 00e0 2E       		.uleb128 0x2e
 477 00e1 01       		.byte	0x1
 478 00e2 3F       		.uleb128 0x3f
 479 00e3 19       		.uleb128 0x19
 480 00e4 03       		.uleb128 0x3
 481 00e5 0E       		.uleb128 0xe
 482 00e6 3A       		.uleb128 0x3a
 483 00e7 0B       		.uleb128 0xb
 484 00e8 3B       		.uleb128 0x3b
 485 00e9 0B       		.uleb128 0xb
 486 00ea 39       		.uleb128 0x39
 487 00eb 0B       		.uleb128 0xb
 488 00ec 01       		.uleb128 0x1
 489 00ed 13       		.uleb128 0x13
 490 00ee 00       		.byte	0
 491 00ef 00       		.byte	0
 492 00f0 13       		.uleb128 0x13
 493 00f1 05       		.uleb128 0x5
 494 00f2 00       		.byte	0
 495 00f3 03       		.uleb128 0x3
 496 00f4 0E       		.uleb128 0xe
 497 00f5 3A       		.uleb128 0x3a
 498 00f6 0B       		.uleb128 0xb
 499 00f7 3B       		.uleb128 0x3b
 500 00f8 0B       		.uleb128 0xb
 501 00f9 39       		.uleb128 0x39
 502 00fa 0B       		.uleb128 0xb
 503 00fb 49       		.uleb128 0x49
 504 00fc 13       		.uleb128 0x13
 505 00fd 00       		.byte	0
 506 00fe 00       		.byte	0
 507 00ff 14       		.uleb128 0x14
 508 0100 2E       		.uleb128 0x2e
 509 0101 01       		.byte	0x1
 510 0102 03       		.uleb128 0x3
 511 0103 0E       		.uleb128 0xe
 512 0104 3A       		.uleb128 0x3a
 513 0105 0B       		.uleb128 0xb
ARM GAS  /tmp/ccZf0lFV.s 			page 10


 514 0106 3B       		.uleb128 0x3b
 515 0107 05       		.uleb128 0x5
 516 0108 39       		.uleb128 0x39
 517 0109 0B       		.uleb128 0xb
 518 010a 00       		.byte	0
 519 010b 00       		.byte	0
 520 010c 15       		.uleb128 0x15
 521 010d 05       		.uleb128 0x5
 522 010e 00       		.byte	0
 523 010f 03       		.uleb128 0x3
 524 0110 0E       		.uleb128 0xe
 525 0111 3A       		.uleb128 0x3a
 526 0112 0B       		.uleb128 0xb
 527 0113 3B       		.uleb128 0x3b
 528 0114 05       		.uleb128 0x5
 529 0115 39       		.uleb128 0x39
 530 0116 0B       		.uleb128 0xb
 531 0117 49       		.uleb128 0x49
 532 0118 13       		.uleb128 0x13
 533 0119 00       		.byte	0
 534 011a 00       		.byte	0
 535 011b 00       		.byte	0
 536              		.section	.gnu.debuglto_.debug_line,"e",%progbits
 537              	.Ldebug_line0:
 538 0000 3D010000 		.4byte	.LELT0-.LSLT0
 539              	.LSLT0:
 540 0004 0400     		.2byte	0x4
 541 0006 37010000 		.4byte	.LELTP0-.LASLTP0
 542              	.LASLTP0:
 543 000a 01       		.byte	0x1
 544 000b 01       		.byte	0x1
 545 000c 01       		.byte	0x1
 546 000d F6       		.byte	0xf6
 547 000e F2       		.byte	0xf2
 548 000f 0D       		.byte	0xd
 549 0010 00       		.byte	0
 550 0011 01       		.byte	0x1
 551 0012 01       		.byte	0x1
 552 0013 01       		.byte	0x1
 553 0014 01       		.byte	0x1
 554 0015 00       		.byte	0
 555 0016 00       		.byte	0
 556 0017 00       		.byte	0
 557 0018 01       		.byte	0x1
 558 0019 00       		.byte	0
 559 001a 00       		.byte	0
 560 001b 01       		.byte	0x1
 561 001c 2E2E2F2E 		.ascii	"../../../ChibiOS//os/common/ext/ST/STM32F4xx"
 561      2E2F2E2E 
 561      2F436869 
 561      62694F53 
 561      2F2F6F73 
 562 0048 00       		.byte	0
 563 0049 2E2E2F2E 		.ascii	"../../../ChibiOS//os/hal/osal/rt-nil"
 563      2E2F2E2E 
 563      2F436869 
 563      62694F53 
ARM GAS  /tmp/ccZf0lFV.s 			page 11


 563      2F2F6F73 
 564 006d 00       		.byte	0
 565 006e 2E2E2F2E 		.ascii	"../../../ChibiOS//os/various/cpp_wrappers"
 565      2E2F2E2E 
 565      2F436869 
 565      62694F53 
 565      2F2F6F73 
 566 0097 00       		.byte	0
 567 0098 2F686F6D 		.ascii	"/home/cheff/dev_tools/gcc-arm-none-eabi-10.3-2021.1"
 567      652F6368 
 567      6566662F 
 567      6465765F 
 567      746F6F6C 
 568 00cb 302F6172 		.ascii	"0/arm-none-eabi/include/sys"
 568      6D2D6E6F 
 568      6E652D65 
 568      6162692F 
 568      696E636C 
 569 00e6 00       		.byte	0
 570 00e7 00       		.byte	0
 571 00e8 5F747970 		.ascii	"_types.h\000"
 571      65732E68 
 571      00
 572 00f1 04       		.uleb128 0x4
 573 00f2 00       		.uleb128 0
 574 00f3 00       		.uleb128 0
 575 00f4 74797065 		.ascii	"types.h\000"
 575      732E6800 
 576 00fc 04       		.uleb128 0x4
 577 00fd 00       		.uleb128 0
 578 00fe 00       		.uleb128 0
 579 00ff 73746D33 		.ascii	"stm32f4xx.h\000"
 579      32663478 
 579      782E6800 
 580 010b 01       		.uleb128 0x1
 581 010c 00       		.uleb128 0
 582 010d 00       		.uleb128 0
 583 010e 73797363 		.ascii	"syscalls_cpp.cpp\000"
 583      616C6C73 
 583      5F637070 
 583      2E637070 
 583      00
 584 011f 03       		.uleb128 0x3
 585 0120 00       		.uleb128 0
 586 0121 00       		.uleb128 0
 587 0122 6F73616C 		.ascii	"osal.h\000"
 587      2E6800
 588 0129 02       		.uleb128 0x2
 589 012a 00       		.uleb128 0
 590 012b 00       		.uleb128 0
 591 012c 73797363 		.ascii	"syscalls_cpp.hpp\000"
 591      616C6C73 
 591      5F637070 
 591      2E687070 
 591      00
 592 013d 03       		.uleb128 0x3
 593 013e 00       		.uleb128 0
ARM GAS  /tmp/ccZf0lFV.s 			page 12


 594 013f 00       		.uleb128 0
 595 0140 00       		.byte	0
 596              	.LELTP0:
 597              	.LELT0:
 598              		.section	.gnu.debuglto_.debug_str,"eMS",%progbits,1
 599              	.LASF35:
 600 0000 5F6B696C 		.ascii	"_kill\000"
 600      6C00
 601              	.LASF31:
 602 0006 2F686F6D 		.ascii	"/home/cheff/git/asserv_nucleo3/src/Robots/PMI\000"
 602      652F6368 
 602      6566662F 
 602      6769742F 
 602      61737365 
 603              	.LASF33:
 604 0034 5F5F6473 		.ascii	"__dso_handle\000"
 604      6F5F6861 
 604      6E646C65 
 604      00
 605              	.LASF24:
 606 0041 626F6F6C 		.ascii	"bool\000"
 606      00
 607              	.LASF34:
 608 0046 6572726E 		.ascii	"errno\000"
 608      6F00
 609              	.LASF32:
 610 004c 6465636C 		.ascii	"decltype(nullptr)\000"
 610      74797065 
 610      286E756C 
 610      6C707472 
 610      2900
 611              	.LASF27:
 612 005e 73746174 		.ascii	"status\000"
 612      757300
 613              	.LASF18:
 614 0065 454E4142 		.ascii	"ENABLE\000"
 614      4C4500
 615              	.LASF29:
 616 006c 474E5520 		.ascii	"GNU C++17 10.3.1 20210824 (release) -mcpu=cortex-m4"
 616      432B2B31 
 616      37203130 
 616      2E332E31 
 616      20323032 
 617 009f 202D6D74 		.ascii	" -mthumb -mfloat-abi=hard -mfpu=fpv4-sp-d16 -march="
 617      68756D62 
 617      202D6D66 
 617      6C6F6174 
 617      2D616269 
 618 00d2 61726D76 		.ascii	"armv7e-m+fp -g -ggdb -Og -std=c++17 -fomit-frame-po"
 618      37652D6D 
 618      2B667020 
 618      2D67202D 
 618      67676462 
 619 0105 696E7465 		.ascii	"inter -falign-functions=16 -ffunction-sections -fda"
 619      72202D66 
 619      616C6967 
 619      6E2D6675 
ARM GAS  /tmp/ccZf0lFV.s 			page 13


 619      6E637469 
 620 0138 74612D73 		.ascii	"ta-sections -fno-common -flto -fno-rtti -fno-except"
 620      65637469 
 620      6F6E7320 
 620      2D666E6F 
 620      2D636F6D 
 621 016b 696F6E73 		.ascii	"ions\000"
 621      00
 622              	.LASF12:
 623 0170 7069645F 		.ascii	"pid_t\000"
 623      7400
 624              	.LASF1:
 625 0176 756E7369 		.ascii	"unsigned char\000"
 625      676E6564 
 625      20636861 
 625      7200
 626              	.LASF22:
 627 0184 53554343 		.ascii	"SUCCESS\000"
 627      45535300 
 628              	.LASF14:
 629 018c 466C6167 		.ascii	"FlagStatus\000"
 629      53746174 
 629      757300
 630              	.LASF23:
 631 0197 4572726F 		.ascii	"ErrorStatus\000"
 631      72537461 
 631      74757300 
 632              	.LASF5:
 633 01a3 6C6F6E67 		.ascii	"long unsigned int\000"
 633      20756E73 
 633      69676E65 
 633      6420696E 
 633      7400
 634              	.LASF13:
 635 01b5 52455345 		.ascii	"RESET\000"
 635      5400
 636              	.LASF17:
 637 01bb 44495341 		.ascii	"DISABLE\000"
 637      424C4500 
 638              	.LASF37:
 639 01c3 5F657869 		.ascii	"_exit\000"
 639      7400
 640              	.LASF36:
 641 01c9 5F676574 		.ascii	"_getpid\000"
 641      70696400 
 642              	.LASF19:
 643 01d1 46756E63 		.ascii	"FunctionalState\000"
 643      74696F6E 
 643      616C5374 
 643      61746500 
 644              	.LASF26:
 645 01e1 5F6F7065 		.ascii	"_open_r\000"
 645      6E5F7200 
 646              	.LASF20:
 647 01e9 31314572 		.ascii	"11ErrorStatus\000"
 647      726F7253 
 647      74617475 
ARM GAS  /tmp/ccZf0lFV.s 			page 14


 647      7300
 648              	.LASF30:
 649 01f7 2E2E2F2E 		.ascii	"../../../ChibiOS//os/various/cpp_wrappers/syscalls_"
 649      2E2F2E2E 
 649      2F436869 
 649      62694F53 
 649      2F2F6F73 
 650 022a 6370702E 		.ascii	"cpp.cpp\000"
 650      63707000 
 651              	.LASF8:
 652 0232 756E7369 		.ascii	"unsigned int\000"
 652      676E6564 
 652      20696E74 
 652      00
 653              	.LASF10:
 654 023f 63686172 		.ascii	"char\000"
 654      00
 655              	.LASF28:
 656 0244 72656173 		.ascii	"reason\000"
 656      6F6E00
 657              	.LASF38:
 658 024b 6F73616C 		.ascii	"osalSysHalt\000"
 658      53797348 
 658      616C7400 
 659              	.LASF21:
 660 0257 4552524F 		.ascii	"ERROR\000"
 660      5200
 661              	.LASF6:
 662 025d 6C6F6E67 		.ascii	"long long int\000"
 662      206C6F6E 
 662      6720696E 
 662      7400
 663              	.LASF16:
 664 026b 31354675 		.ascii	"15FunctionalState\000"
 664      6E637469 
 664      6F6E616C 
 664      53746174 
 664      6500
 665              	.LASF2:
 666 027d 73686F72 		.ascii	"short int\000"
 666      7420696E 
 666      7400
 667              	.LASF4:
 668 0287 6C6F6E67 		.ascii	"long int\000"
 668      20696E74 
 668      00
 669              	.LASF11:
 670 0290 5F5F7069 		.ascii	"__pid_t\000"
 670      645F7400 
 671              	.LASF9:
 672 0298 6C6F6E67 		.ascii	"long double\000"
 672      20646F75 
 672      626C6500 
 673              	.LASF15:
 674 02a4 3130466C 		.ascii	"10FlagStatus\000"
 674      61675374 
 674      61747573 
ARM GAS  /tmp/ccZf0lFV.s 			page 15


 674      00
 675              	.LASF0:
 676 02b1 7369676E 		.ascii	"signed char\000"
 676      65642063 
 676      68617200 
 677              	.LASF3:
 678 02bd 73686F72 		.ascii	"short unsigned int\000"
 678      7420756E 
 678      7369676E 
 678      65642069 
 678      6E7400
 679              	.LASF7:
 680 02d0 6C6F6E67 		.ascii	"long long unsigned int\000"
 680      206C6F6E 
 680      6720756E 
 680      7369676E 
 680      65642069 
 681              	.LASF25:
 682 02e7 5F5F6378 		.ascii	"__cxa_pure_virtual\000"
 682      615F7075 
 682      72655F76 
 682      69727475 
 682      616C00
 683              		.text
 684              		.section	.gnu.lto_.profile.1bcab523738a7d25,"e",%progbits
 685 0000 789C6362 		.ascii	"x\234cb\000\001\000\000\022\000\003"
 685      00010000 
 685      120003
 686              		.text
 687              		.section	.gnu.lto_.inline.1bcab523738a7d25,"e",%progbits
 688 0000 789CDBC5 		.ascii	"x\234\333\305\200\000\254\014\014,\015\015\015\017\230"
 688      8000AC0C 
 688      0C2C0D0D 
 688      0D0F98
 689 000f D2181998 		.ascii	"\322\030\031\230\030\030\032\201\354:\240\020\204\301"
 689      18181A81 
 689      EC3AA010 
 689      84C1
 690 001d 04126260 		.ascii	"\004\022b`\342\006\022\214@\310\014\024k`JAV\310\006"
 690      E206128C 
 690      40C80C14 
 690      6B604A41 
 690      56C806
 691 0030 11822A04 		.ascii	"\021\202*\004\033\325\300\014R\301\004\226HFS\301B\320"
 691      1BD5C00C 
 691      52C10496 
 691      484653C1 
 691      42D0
 692 0042 0C560656 		.ascii	"\014V\006V o\001s\032n[ \316a\000\000\310?&8"
 692      206F0173 
 692      1A6E5B20 
 692      CE610000 
 692      C83F2638 
 693              		.text
 694              		.section	.gnu.lto_.jmpfuncs.1bcab523738a7d25,"e",%progbits
 695 0000 789C1366 		.ascii	"x\234\023f@\000V\020\301\310\300\300\304\300\300\002"
 695      40005610 
ARM GAS  /tmp/ccZf0lFV.s 			page 16


 695      C1C8C0C0 
 695      C4C0C002 
 696 0010 E5010003 		.ascii	"\345\001\000\003(\000%"
 696      280025
 697              		.text
 698              		.section	.gnu.lto_.pureconst.1bcab523738a7d25,"e",%progbits
 699 0000 789C1360 		.ascii	"x\234\023````e\330\302\302\330\300\3024\203\205\245"
 699      60606065 
 699      D8C2C2D8 
 699      C0C23483 
 699      85A5
 700 0012 81857506 		.ascii	"\201\205u\006\013\000\032=\003\032"
 700      0B001A3D 
 700      031A
 701              		.text
 702              		.section	.gnu.lto_.lto.1bcab523738a7d25,"e",%progbits
 703 0000 09000400 		.ascii	"\011\000\004\000\001\000\000\000"
 703      01000000 
 704              		.text
 705              		.section	.gnu.lto__exit.367.1bcab523738a7d25,"e",%progbits
 706 0000 789C6D51 		.ascii	"x\234mQMh\324@\024~/\223\335\255x)\322\223\027WE\212"
 706      4D68D440 
 706      147E2F93 
 706      DDAD7829 
 706      D2931757 
 707 0016 A099420F 		.ascii	"\240\231B\017*z\020\274\350A\374\303\233\260d\323\324"
 707      2A7A10BC 
 707      E841FCC3 
 707      9BB064D3 
 707      D4
 708 0027 0DA49B25 		.ascii	"\015\244\233%\223\255\350\305\301.EJ!nWQ\244\224\"\021"
 708      93ADE8C5 
 708      C12E454A 
 708      216E5751 
 708      A4942211 
 709 003b F6263DA8 		.ascii	"\366&=\250\335Z\273\001\025\245\240h\301\233\007\273"
 709      DD5ABB01 
 709      15A5A068 
 709      C19B07BB 
 710 004b 3D885E54 		.ascii	"=\210^T\274\364P\3207\311\326\202\030f\336|\274\367"
 710      BCF450D0 
 710      37C9D682 
 710      1866DE7C 
 710      BCF7
 711 005d BDEF7D93 		.ascii	"\275\357}\223y\215\000\357\000\340\034m\314\000N\325"
 711      798D00EF 
 711      00E01C6D 
 711      CC004ED5 
 712 006d 27349052 		.ascii	"'4\220R\036\317i\330\250/\257}|3\271\027\333\230d\030"
 712      1ECF69D8 
 712      A82FAF7D 
 712      7C33B917 
 712      DB986418 
 713 0081 DEAE2FDF 		.ascii	"\336\256/\337}\033\366a+M\350\330\230\353M\331\010\327"
 713      7D1BF661 
 713      2B4DE8D8 
 713      98EB4DD9 
ARM GAS  /tmp/ccZf0lFV.s 			page 17


 713      08D7
 714 0093 35A62305 		.ascii	"5\246#\005\330\372\032l?\025\327\037\336\237\276$\233"
 714      D8FA1A6C 
 714      3F15D71F 
 714      DE9FBE24 
 714      9B
 715 00a4 3146549B 		.ascii	"1FT\233\331\254O3\234b\021C\324\273H\303<!6\002\375"
 715      D9AC4F33 
 715      9C621143 
 715      D4BB48C3 
 715      3C213602 
 716 00b9 D4F3BE39 		.ascii	"\324\363\2769/\3456\210\030\303\247H=\370\004\3611Y"
 716      2FE53688 
 716      18C3A748 
 716      3DF804F1 
 716      3159
 717 00cb A5443049 		.ascii	"\245D0I\022\331\256\022RK\202\021\027Pi\26209\372c\232"
 717      12D9AE12 
 717      524B8211 
 717      175069B2 
 717      3039FA63 
 718 00e0 FB696269 		.ascii	"\373ibin\340\325\230<\031\221\263g\250H\251\014.\222"
 718      6EE0D598 
 718      3C1991B3 
 718      67A848A9 
 718      0C2E92
 719 00f3 173D78C0 		.ascii	"\027=x\300\210\271O1WVW\017\307\265\374&\017\266x\251"
 719      88B94F31 
 719      5756570F 
 719      C7B5FC26 
 719      0FB678A9 
 720 0107 D32C599A 		.ascii	"\323,Y\232\017w\341s\312\265\224\2202\200K\311PEy\264"
 720      0F77E173 
 720      CAB59490 
 720      32804BC9 
 720      504579B4 
 721 011b 9289E5C6 		.ascii	"\222\211\345\306\357P\312/?\261\363A'k!\203\227\337"
 721      EF50CA2F 
 721      3FB1F341 
 721      276B2183 
 721      97DF
 722 012d 6F66A87A 		.ascii	"of\250z\213i\011\032\213\001\276\241\354,\350\244\221"
 722      8B69091A 
 722      8B01BEA1 
 722      EC2CE8A4 
 722      91
 723 013e A063146F 		.ascii	"\240c\024o\344I\225F\354~\201\343=\021\313\324p\\\312"
 723      E4499546 
 723      EC7E81E3 
 723      3D11CBD4 
 723      705CCA
 724 0151 665FC4B2 		.ascii	"f_\304\262\030c\227\370\253ug\243\363y\007\015L\332"
 724      186397F8 
 724      AB7567A3 
 724      F379070D 
 724      4CDA
 725 0163 EA6BF790 		.ascii	"\352k\367\220\336\004~`m\366\010\324P\213Xn\206\376"
ARM GAS  /tmp/ccZf0lFV.s 			page 18


 725      DE047E60 
 725      6DF608D4 
 725      508B586E 
 725      86FE
 726 0175 1F9593EE 		.ascii	"\037\225\223\356\305\257\353\261\366W b=\240L0\272\203"
 726      C5AFEBB1 
 726      F6572062 
 726      3DA04C30 
 726      BA83
 727 0187 D4950BA4 		.ascii	"\324\225\013\244\251\263m\345B](\221l\367\252c\017("
 727      A9B36DE5 
 727      425D2891 
 727      6CF7AA63 
 727      0F28
 728 0199 DF7A4A44 		.ascii	"\337zJD\202\0109\365V\006/y#6\267J\366\3600\277\354"
 728      820839F5 
 728      56062F79 
 728      2336B74A 
 728      F6F030BF 
 729 01ae 04DC14C2 		.ascii	"\004\334\024\302\366G\013\345\252\345\332\336 \027\276"
 729      F6470BE5 
 729      AAE5DADE 
 729      2017BE
 730 01bd C5CF7B45 		.ascii	"\305\317{E/\020\374\354\351Sp\3240x\272N\224\234\242"
 730      2F10FCEC 
 730      E95370D4 
 730      3078BA4E 
 730      949CA2
 731 01d0 73E602E7 		.ascii	"s\346\002\347\236\340\243\246\357xU\301\255J\245p\305"
 731      9EE0A3A6 
 731      EF7855C1 
 731      AD4AA570 
 731      C5
 732 01e1 372B15DB 		.ascii	"7+\025\333\027\\\\\025\226\351\272\242@Y\2036dE`\006"
 732      175C5C15 
 732      96E9BAA2 
 732      40598336 
 732      64456006 
 733 01f5 55B1F3DF 		.ascii	"U\261\363\337\2021t\250h\232\203\0036d}\333\024^\371"
 733      823174A8 
 733      689A8303 
 733      36647DDB 
 733      145EF9
 734 0208 C07F8794 		.ascii	"\300\177\207\224L\227\016\012~p\260\354\244\330(\301"
 734      4C970E0A 
 734      7E70B0EC 
 734      A4D828C1 
 735 0218 F68B65EA 		.ascii	"\366\213e\352r\235k\366\020\374\001S#\345Q"
 735      729D6BF6 
 735      10FC0153 
 735      23E551
 736              		.text
 737              		.section	.gnu.lto__getpid.368.1bcab523738a7d25,"e",%progbits
 738 0000 789CEB61 		.ascii	"x\234\353a``\310\001bU fdf`\2344\261\213\211\241\241"
 738      6060C801 
 738      62552066 
 738      6466609C 
ARM GAS  /tmp/ccZf0lFV.s 			page 19


 738      34B18B89 
 739 0016 A1C1819D 		.ascii	"\241\301\201\235\211\261qb\327\375M\312\214\333\031"
 739      89B17162 
 739      D7FD4DCA 
 739      8CDB19
 740 0025 C17C4686 		.ascii	"\301|F\206z&\306z\306\311\314s\230\031'1/\001\252e\201"
 740      7A26C67A 
 740      C6C9CC73 
 740      98192731 
 740      2F01AA65 
 741 003a B2181915 		.ascii	"\262\030\031\0254\201J~,\235\265*l\316\212\003,K\230"
 741      34814A7E 
 741      2C9DB52A 
 741      6CCE8A03 
 741      2C4B98
 742 004d 9918E601 		.ascii	"\231\030\346\001\345\26722nad\000\0036\006\220\010\310"
 742      E5B73232 
 742      6E616400 
 742      03360690 
 742      08C8
 743 005f 0E205E7F 		.ascii	"\016 ^\177\211\365@\303\237\377\375\015\015O\0371\256"
 743      89F540C3 
 743      9FFFFD0D 
 743      0D4F1F31 
 743      AE
 744 0070 61626260 		.ascii	"abb`\350g\006\331\331\300\002\224\235\300\314\004a6"
 744      E86706D9 
 744      D9C00294 
 744      9DC0CC04 
 744      6136
 745 0082 1E606078 		.ascii	"\036``x\305\330\260\210\223\341\023c\323\002sFm\220"
 745      C5D8B088 
 745      93E11363 
 745      D3027346 
 745      6D90
 746 0094 F67E6646 		.ascii	"\366~fF\210l\303\001\020WO?#?7U?9#5-M?=\263D?\261\270"
 746      886CC301 
 746      10574F3F 
 746      233F3755 
 746      3F392335 
 747 00b1 38B5A82C 		.ascii	"8\265\250,>\25749'5\337X\277\270(Y?(?)\277\244X?\300"
 747      3EAF3439 
 747      2735DF58 
 747      BFB82859 
 747      3F283F29 
 748 00ca D793C15A 		.ascii	"\327\223\301ZOO\037\202\23432\2232\375\203\365\365\363"
 748      4F4F1F82 
 748      9C333293 
 748      32FD83F5 
 748      F5F3
 749 00dc 8BF5CB12 		.ascii	"\213\365\313\022\2132\363K\213\365\223\013\012\342\313"
 749      8B32F34B 
 749      8BF5930B 
 749      0AE2CB
 750 00eb 8B120B0A 		.ascii	"\213\022\013\012R\213\212\365\213+\213\223\023sr\212"
 750      528B8AF5 
 750      8B2B8B93 
ARM GAS  /tmp/ccZf0lFV.s 			page 20


 750      1373728A 
 751 00fb E381A27A 		.ascii	"\343\201\242z@\314\000\000\221\231WH"
 751      40CC0000 
 751      91995748 
 752              		.text
 753              		.section	.gnu.lto__kill.369.1bcab523738a7d25,"e",%progbits
 754 0000 789C5D8F 		.ascii	"x\234]\217\277K\303@\024\307\337\273\253\212\320\331"
 754      BF4BC340 
 754      14C7DFBB 
 754      AB8AD0D9 
 755 0010 C1492822 		.ascii	"\301I(\"\016\346\204\016\035\\\004'\007Q\364\017(i\232"
 755      0EE6840E 
 755      1D5C0427 
 755      0751F40F 
 755      28699A
 756 0023 B681D6C4 		.ascii	"\266\201\326\304\\\033q\352\2658\025!\266nR\324\241"
 756      5C1B71EA 
 756      B5381521 
 756      B66E52D4 
 756      A1
 757 0034 4A370715 		.ascii	"J7\007\025+Z\310\237 \256n:T\004\035\352\242 \350%)"
 757      2B5AC89F 
 757      20AE6E3A 
 757      54041DEA 
 757      A220E825 
 758 0049 22857B77 		.ascii	"\"\205{w\357\307\347\336\373\276\030\002\270\0000-\015"
 758      EFC7E7DE 
 758      FBBE1802 
 758      B800302D 
 758      0D
 759 005a 2960A35E 		.ascii	")`\243^# \204X\034#X\251\327z\0271\274\305 F(\023,\343"
 759      23208458 
 759      1C2358A9 
 759      D77A1731 
 759      BCC52046 
 760 0072 016D526C 		.ascii	"\001mRl\320\226d#\003\017qjV\"\237\247\207\035\247\331"
 760      D0966423 
 760      030F716A 
 760      56229FA7 
 760      871DA7D9 
 761 0086 F6222D4A 		.ascii	"\366\"-J\340H\326\257\020/e{\000\311\321\002\314H\346"
 761      E048D6AF 
 761      102F657B 
 761      00C9D102 
 761      CC48E6
 762 0099 FEB823C4 		.ascii	"\376\270#\3048H\002\257\361\037#\023[\217\304\347\366"
 762      384802AF 
 762      F11F2313 
 762      5B8FC4E7 
 762      F6
 763 00aa 30043B7F 		.ascii	"0\004;\177\340\3150\330#\000\243\340\217\360EK;\177"
 763      E0CD30D8 
 763      2300A3E0 
 763      8FF0454B 
 763      3B7F
 764 00bc 18F1C4F7 		.ascii	"\030\361\304\367\217+\304\3333v\211\314\273\324_BDd"
 764      8F2BC4DB 
ARM GAS  /tmp/ccZf0lFV.s 			page 21


 764      337689CC 
 764      BBD45F42 
 764      4464
 765 00ce 759F92D0 		.ascii	"u\237\222\320\255x\000\257(\236>\242\301S\014n\007\336"
 765      AD7800AF 
 765      289E3EA2 
 765      C1530C6E 
 765      07DE
 766 00e0 B1DA7F89 		.ascii	"\261\332\177\211\016V\241\350\213\335E\"\335\266\354"
 766      0E56A1E8 
 766      8BDD4522 
 766      DDB6EC
 767 00ef 73868184 		.ascii	"s\206\201\204.\342\035\202\017\020\234\010\376}E\241"
 767      2EE21D82 
 767      0F109C08 
 767      FE7D45A1 
 768 00ff 8FD59304 		.ascii	"\217\325\223\004\316\371\"\\\212\341\014\341\371\241"
 768      CEF9225C 
 768      8AE10CE1 
 768      F9A1
 769 010d C2726641 		.ascii	"\302rfAgZN\317dX\326(2\225s\335v\222\233%-\257\233q"
 769      675A4ECF 
 769      6458D628 
 769      329573DD 
 769      76929B25 
 770 0125 C66D8DAD 		.ascii	"\306m\215\255\233)\263\310\331\332\3122,(\012\013\317"
 770      9B29B3C8 
 770      D9DACA32 
 770      2C280A0B 
 770      CF
 771 0136 52CE4819 		.ascii	"R\316H\031\253\033\214\231\2349\252m\230%\3164\313J"
 771      AB1B8C99 
 771      9C39AA6D 
 771      9825CE34 
 771      CB4A
 772 0148 6EDBAA65 		.ascii	"n\333\252e\3516g|\207kj>\317\2232\253H\003j\031\351"
 772      E936677C 
 772      876B6A3E 
 772      CF9332AB 
 772      48036A19 
 773 015d C9E1AC92 		.ascii	"\311\341\254\222N\244T5>\257\003\345F\366\027\343U\217"
 773      4EA45435 
 773      3EAF03E5 
 773      46F617E3 
 773      558F
 774 016f F5       		.ascii	"\365"
 775              		.text
 776              		.section	.gnu.lto__open_r.370.1bcab523738a7d25,"e",%progbits
 777 0000 789C2B64 		.ascii	"x\234+d``\310\001bU fdf`\2344\261\213\211\241\241\241"
 777      6060C801 
 777      62552066 
 777      6466609C 
 777      34B18B89 
 778 0017 C1819D89 		.ascii	"\301\201\235\211\261qb\327\361-L\214[\031\301|F\206"
 778      B17162D7 
 778      F12D4C8C 
 778      5B19C17C 
ARM GAS  /tmp/ccZf0lFV.s 			page 22


 778      4686
 779 0029 7A26C67A 		.ascii	"z&\306z\306\311\314\232@\356\217\245\263\366\2074\254"
 779      C6C9CC9A 
 779      40EE8FA5 
 779      B3F68734 
 779      AC
 780 003a 38C0B884 		.ascii	"8\300\270\204\231\201a\036\020C\001\033\214\307\010"
 780      9981611E 
 780      1043011B 
 780      8CC708
 781 0049 C4EB2FB1 		.ascii	"\304\353/\261\036h\370\363\277\277\241\341\356#\306"
 781      1E68F8F3 
 781      BFBFA1E1 
 781      EE23C6
 782 0058 934C4C0C 		.ascii	"\223LL\014\014\375\314 \263\033X\200\262\023\230\231"
 782      0CFDCC20 
 782      B31B5880 
 782      B2139899 
 783 0068 20CCC603 		.ascii	" \314\306\003\014\014\257\030\033\224\030>16)\200\015"
 783      0C0CAF18 
 783      1B94183E 
 783      31362980 
 783      0D
 784 0079 E9676684 		.ascii	"\351gf\204H5\034\000q\365\3643\362sS\365\2233R\323\322"
 784      48351C00 
 784      71F5F433 
 784      F27353F5 
 784      933352D3 
 785 008e F4D3334B 		.ascii	"\364\3233K\364\023\213\213S\213\312\342\363J\223sR\363"
 785      F4138B8B 
 785      538BCAE2 
 785      F34A9373 
 785      52F3
 786 00a0 8DF58B8B 		.ascii	"\215\365\213\213\222\365\203\362\223\362K\212\365\003"
 786      92F583F2 
 786      93F24B8A 
 786      F503
 787 00ae 7C3D19AC 		.ascii	"|=\031\254\365\364\364!\3109#3)\323?X_?\277X\277,\261"
 787      F5F4F421 
 787      C8392333 
 787      29D33F58 
 787      5F3FBF58 
 788 00c5 2833BFB4 		.ascii	"(3\277\264X?\271\240 \276\274(\261\240 \265\250X\277"
 788      583FB9A0 
 788      20BEBC28 
 788      B1A020B5 
 788      A858BF
 789 00d8 B8B23839 		.ascii	"\270\262891'\2478\036(\252\007\304\014\000\026BPC"
 789      3127A738 
 789      1E28AA07 
 789      C40C0016 
 789      425043
 790              		.text
 791              		.section	.gnu.lto___cxa_pure_virtual.371.1bcab523738a7d25,"e",%progbits
 792 0000 789C6D50 		.ascii	"x\234mPAk\324@\024~/\263\273\325\203\010\036E$\"\"\202"
 792      416BD440 
 792      147E2FB3 
ARM GAS  /tmp/ccZf0lFV.s 			page 23


 792      BBD58308 
 792      1E452422 
 793 0016 660A3DA8 		.ascii	"f\012=\250\364\"\364\242\007\261\350\017Xfc\326\004"
 793      F422F4A2 
 793      07B1E80F 
 793      586663D6 
 793      04
 794 0027 D2649949 		.ascii	"\322d\231IV<u\272]*\364\262n\275\250\225R%\2127-X\255"
 794      563C75BA 
 794      5D2AF4B2 
 794      6EBDA895 
 794      52258A37 
 795 003e BA2DB978 		.ascii	"\272-\271x\362\326S=YZ\017\352I\364\"R\3207\331UA\032"
 795      F2D6533D 
 795      595A0FEA 
 795      49F42252 
 795      D037D955 
 796 0054 3299EF9B 		.ascii	"2\231\357\233\367\275\357}\223)\004\330\000\200\243"
 796      F7BDEF7D 
 796      932904D8 
 796      0080A3
 797 0063 B49001CE 		.ascii	"\264\220\001\316ug-\320Z\237\033\262p\252;\273\027\227"
 797      75672DD0 
 797      5A9F1BB2 
 797      70AA3BBB 
 797      1797
 798 0075 B1600893 		.ascii	"\261`\010\223\026N\342mv\202\350\217G\367\336I\375$"
 798      164EE26D 
 798      7682E88F 
 798      47F7DE49 
 798      FD24
 799 0087 C78C012C 		.ascii	"\307\214\001,\320\032<\225\001\303\373\014\013\214\370"
 799      D01A3C95 
 799      01C3FB0C 
 799      0B8CF8
 800 0096 0281C81C 		.ascii	"\002\201\310\034\313\010\227\006\310B\233\020\2330\225"
 800      CB089706 
 800      C8429B10 
 800      9B3095
 801 00a5 E339D96D 		.ascii	"\3439\331m\334\\[\032~;\255\317g\214\341+4}+\210/\021"
 801      DC5C5B1A 
 801      7E3BADCF 
 801      678CE12B 
 801      347D2B88 
 802 00bb F0358D60 		.ascii	"\3605\215`\017\360!#\3511#]\177\377\361L\336\266\377"
 802      0FF02123 
 802      E931235D 
 802      7FFFF14C 
 802      DEB6FF
 803 00ce 08E19F90 		.ascii	"\010\341\237\220\346\232\261\024o\345\361a|Cg\313\306"
 803      E69AB114 
 803      6FE5F161 
 803      7C4367CB 
 803      C6
 804 00df C984C25E 		.ascii	"\311\204\302^\021\304H\236\256\227s\275\363\253\243"
 804      11C4489E 
 804      AE9773BD 
ARM GAS  /tmp/ccZf0lFV.s 			page 24


 804      F3ABA3
 805 00ee F587E7B8 		.ascii	"\365\207\347\270=_\246\270\035f.\254KT\276\305\254>"
 805      3D5FA6B8 
 805      1D662EAC 
 805      4B54BEC5 
 805      AC3E
 806 0100 9CCE01BE 		.ascii	"\234\316\001\276\240\336\272\273\217\266\226Mv\344}"
 806      A0DEBABB 
 806      8FB6964D 
 806      76E47D
 807 010f A487337B 		.ascii	"\244\2073{2Vj\343\214\326\237\366g\254\214kHS\214\362"
 807      32566AE3 
 807      8CD69FF6 
 807      67AC8C6B 
 807      48538CF2 
 808 0123 FB526767 		.ascii	"\373Rggk\363\000M*\372\272\333w\020W\021\276b{\361,"
 808      6BF3004D 
 808      2AFABADB 
 808      77105711 
 808      BE627BF1 
 809 0138 B4D1CA58 		.ascii	"\264\321\312Xe\201.N\345\242\273\367\371\331O\374k\220"
 809      65812E4E 
 809      E5A2BBF7 
 809      F9D94FFC 
 809      6B90
 810 014a B1213366 		.ascii	"\261!3fq\265D\304D\207o\330\332\234/\027?\265\303\260"
 810      71B544C4 
 810      44876FD8 
 810      DA9C2F17 
 810      3FB5C3B0 
 811 015e 9FA9951B 		.ascii	"\237\251\225\033\352p?\236\360\270\353{\365:\277\026"
 811      EA703F9E 
 811      F0B8EB7B 
 811      F53ABF16 
 812 016e 245C28E5 		.ascii	"$\\(\345\311f5J\335\320\213G\270\222.\277\034\327\342"
 812      C966354A 
 812      DDD08B47 
 812      B8922EBF 
 812      1CD7E2
 813 0181 44F1F18B 		.ascii	"D\361\361\213\027`\324qx\377\035\363\203Zp\351\012\347"
 813      1760D471 
 813      78FF1DF3 
 813      835A70E9 
 813      0AE7
 814 0193 B1E24D21 		.ascii	"\261\342M!\2038U\334m4\252\327\245h4<\251\270\272\241"
 814      833855DC 
 814      6D34AAD7 
 814      A568343C 
 814      A9B8BAA1 
 815 01a7 5C1186AA 		.ascii	"\\\021\206\252J\247\016-\250HO\2508:\271\253\205/B\332"
 815      4AA70E2D 
 815      A8484FA8 
 815      383AB9AB 
 815      852F42DA 
 816 01bb E8239353 		.ascii	"\350#\223SQ\320\307\216\017\007\377wq\256\236\256\011"
 816      51D0C78E 
 816      0F07FF77 
ARM GAS  /tmp/ccZf0lFV.s 			page 25


 816      71AE9EAE 
 816      09
 817 01cc 3132ECC1 		.ascii	"12\354\301\241\361Tzv3\220I*B\273\236Fn\022\304\221"
 817      A1F1547A 
 817      76339049 
 817      2A42BB9E 
 817      466E12C4 
 818 01e1 6DD40EFC 		.ascii	"m\324\016\374\006\270\351\3074"
 818      06B8E9C7 
 818      34
 819              		.text
 820              		.section	.gnu.lto_.symbol_nodes.1bcab523738a7d25,"e",%progbits
 821 0000 789C758E 		.ascii	"x\234u\216;\022@@\020D{zm9\006W\341bC&t\010\247\020"
 821      3B124040 
 821      10447B7A 
 821      6D390657 
 821      E1624326 
 822 0018 8B25EEE1 		.ascii	"\213%\356\341/f-J\264\035M\325{\3355\003\\8Q\321M\225"
 822      2F662D4A 
 822      B41D4DD5 
 822      7BDD3503 
 822      5C3851D1 
 823 002e 95BA0714 		.ascii	"\225\272\007\024h\213\014\002\217f\252\024.\321\317"
 823      688B0C02 
 823      8F66AA14 
 823      2ED1CF
 824 003d 4AF9E042 		.ascii	"J\371\340Be\010\332\203Hoi\245\232\340\302F\215\202"
 824      6508DA83 
 824      486F69A5 
 824      9AE0C246 
 824      8D82
 825 004f 0B23A5CC 		.ascii	"\013#\245\314\335!;\325\236o\022o\002\256tk\006\261"
 825      DD213BD5 
 825      9E6F126F 
 825      02AE746B 
 825      06B1
 826 0061 FFBC1363 		.ascii	"\377\274\023c\343g\251\021\\<\2009H"
 826      E367A911 
 826      5C3C8039 
 826      48
 827              		.text
 828              		.section	.gnu.lto_.refs.1bcab523738a7d25,"e",%progbits
 829 0000 789C6367 		.ascii	"x\234cg```dbdfa`\000\000\000\210\000\023"
 829      60606064 
 829      62646661 
 829      60000000 
 829      880013
 830              		.text
 831              		.section	.gnu.lto_.decls.1bcab523738a7d25,"e",%progbits
 832 0000 789C9D55 		.ascii	"x\234\235UmLSW\030>\3579\375\342R\204\260\032\223i\030"
 832      6D4C5357 
 832      183EEF39 
 832      FDE25284 
 832      B01A9369 
 833 0015 21336BE6 		.ascii	"!3k\346\344\012,\272\270?$&\352\342\346\210f\177\370"
 833      E40A2CBA 
 833      B83F2426 
ARM GAS  /tmp/ccZf0lFV.s 			page 26


 833      EAE2E688 
 833      667FF8
 834 0028 73ADBDD5 		.ascii	"s\255\275\325\226\025\332\264\205i\366\347\250l\030"
 834      9615DAB4 
 834      8569F6E7 
 834      A86C18
 835 0037 8748F407 		.ascii	"\207H\364\0078\235\303}8\277\006\3168\305/dE\021\251"
 835      389DC37D 
 835      38BF06CE 
 835      38C52F64 
 835      4511A9
 836 004a 1FE06719 		.ascii	"\037\340g\031\363\213)\326\241\023\0351\314\230\261"
 836      F38B29D6 
 836      A1131D31 
 836      CC98B1
 837 0059 F7DEB6B7 		.ascii	"\367\336\266\267\3305\373\341i\337{\3579\357\363>\357"
 837      D835FBE1 
 837      69DF7BEF 
 837      39EFF33E 
 837      EF
 838 006a F39EF7DC 		.ascii	"\363\236\367\334\326m$\344)\020\342E\033\303a \204\364"
 838      D66D24E4 
 838      2910E245 
 838      1BC36120 
 838      84F4
 839 007c 92C450E6 		.ascii	"\222\304P\346\307\321:\321Bh\347\321z\320~C\243h7\320"
 839      C7D13AD1 
 839      4268E7D1 
 839      7AD07E43 
 839      A36837D0 
 840 0090 6E9117C7 		.ascii	"n\221\027\307\247\310\225\206w'Z6\232\005\255\024\255"
 840      A7C89586 
 840      77275A36 
 840      9A05AD14 
 840      AD
 841 00a1 0F6D10ED 		.ascii	"\017m\020\355\036Z\004\255?\206g\261\034C1\336\344\261"
 841      1E5A04AD 
 841      3F8667B1 
 841      1C4331DE 
 841      E4B1
 842 00b3 1EA29838 		.ascii	"\036\242\2308\327\311\330:\304t%\217\006t\350\222r/"
 842      D7C9D83A 
 842      C474258F 
 842      0674E892 
 842      722F
 843 00c5 1A17138A 		.ascii	"\032\027\023\212\335o$\305}\005\321u\3478\354\371\024"
 843      DD6F24C5 
 843      7D05D175 
 843      E738ECF9 
 843      14
 844 00d6 FCDBD161 		.ascii	"\374\333\321aJ\252O\251\3551\332\223\024\265\365\374"
 844      4AAA4FA9 
 844      ED31DA93 
 844      14B5F5FC 
 845 00e6 4F6D5B18 		.ascii	"Om[\030mmY\263M\177\027\210\362\321\311\000\020\236"
 845      6D6D59B3 
 845      4D7F1788 
ARM GAS  /tmp/ccZf0lFV.s 			page 27


 845      F2D1C900 
 845      109E
 846 00f8 89178194 		.ascii	"\211\027\201\2242b\341\224S\203\314\250\300\004&\013"
 846      3262E194 
 846      5383CCA8 
 846      C004260B 
 847 0108 5D90631D 		.ascii	"]\220c\035a\305&j\315\024L;; K\320\233(\215\030e\301"
 847      61C5266A 
 847      CD144C3B 
 847      3B204BD0 
 847      9B288D18 
 848 011e FA0CF6D2 		.ascii	"\372\014\366\322&Cn1\327\311\265\023#FN\353\027Z\212"
 848      26436E31 
 848      D7C9B513 
 848      23464EEB 
 848      175A8A
 849 0131 8AF11A31 		.ascii	"\212\361\0321v\201\214Q%\324\224\205O\021\2430\302\232"
 849      76818C51 
 849      25D49485 
 849      4F11A330 
 849      C29A
 850 0143 D61BE473 		.ascii	"\326\033\344st\355\033\320\005\202\\h\341\234\027\233"
 850      74ED1BD0 
 850      05825C68 
 850      E19C179B 
 851 0153 4C399941 		.ascii	"L9\231A\026ds\2614\323\276\346\211B\304\230\211\024"
 851      166473B1 
 851      34D3BEE6 
 851      8942C498 
 851      8914
 852 0165 5639374B 		.ascii	"V97K\316\315\354\002\275,\013\026+A\021raa1\025\220"
 852      CECDEC02 
 852      BD2C0B16 
 852      2B411172 
 852      61613115 
 853 017a 5967EA82 		.ascii	"Yg\352\202B\006\346B~{h\222\240\027\322rr\255\204\310"
 853      4206E642 
 853      7E7B6892 
 853      A017D272 
 853      72AD84C8 
 854 018e 642E455E 		.ascii	"d.E^6\026\037`\304\234rb\012`\025h!e\013\"x\364(\315"
 854      36161F60 
 854      C49C7262 
 854      0A601568 
 854      21650B22 
 855 01a6 2584EB4C 		.ascii	"%\204\353Lf3p\274\245I\013\344\222B\201D\214\024]\026"
 855      663370BC 
 855      A5490BE4 
 855      92428144 
 855      8C145D16 
 856 01ba 1D700A89 		.ascii	"\035p\012\211H\301\200;D\265\336\200\332 \002\211;I"
 856      48C1803B 
 856      44B5DE80 
 856      DA200289 
 856      3B49
 857 01cc 6049C24F 		.ascii	"`I\302O!\336L\320\332\032'\201X8\362*\361\240\361\377"
 857      21DE4CD0 
ARM GAS  /tmp/ccZf0lFV.s 			page 28


 857      DA1A2781 
 857      5838F22A 
 857      F1A0F1FF 
 858 01e0 070CE3C8 		.ascii	"\007\014\343\310\201$\371\342#\276\030\217\215\223\307"
 858      8124F9E2 
 858      23BE188F 
 858      8D93C7
 859 01ef B4D0982C 		.ascii	"\264\320\230,\252.\305c^\024\256\262@\0140Nu\254B\365"
 859      AA2EC563 
 859      5E14AEB2 
 859      400C304E 
 859      75AC42F5 
 860 0203 40A9C766 		.ascii	"@\251\307f}\260\246[\030\304m\343\341\2110\241\276\230"
 860      7DB0A65B 
 860      18C46DE3 
 860      E18930A1 
 860      BE98
 861 0215 00CB21EC 		.ascii	"\000\313!\354u\"ru\014x\010\034\212\206\226\245#<\262"
 861      75227275 
 861      0C78081C 
 861      8A8696A5 
 861      233CB2
 862 0228 69D7B334 		.ascii	"i\327\2634\345\255\200R\360ld\220\015\024\257\026\310"
 862      E5AD8052 
 862      F06C6490 
 862      0D14AF16 
 862      C8
 863 0239 425FCFA5 		.ascii	"B_\317\245\246\357\330$\014z\300\271\005\234p\024\340"
 863      A6EFD824 
 863      0C7AC0B9 
 863      059C7014 
 863      E0
 864 024a 8822E018 		.ascii	"\210\"\340\030\0128\014j\266\332\313G\356d\344\2656"
 864      0A380C6A 
 864      B6DACB47 
 864      EE64E4B5 
 864      36
 865 025b F2D12DEB 		.ascii	"\362\321-\353\236\2566v\256\341;\225c\203\0208\010\320"
 865      9EAE3676 
 865      AEE13B95 
 865      63831038 
 865      08D0
 866 026d 1AADFA20 		.ascii	"\032\255\372 \342\177\0068\000e\234\261a \230\240T\355"
 866      E27F0638 
 866      00659CB1 
 866      612098A0 
 866      54ED
 867 027f 9F517D52 		.ascii	"\237Q}Rd\255`\243\352z6\350\324\364\271\310\375\367"
 867      64AD60A3 
 867      EA7A36E8 
 867      D4F4B9C8 
 867      FDF7
 868 0291 DAFBC366 		.ascii	"\332\373\303f\001\235\303\274\275:\215@\007@\020\231"
 868      019DC3BC 
 868      BD3A8D40 
 868      07401099 
 869 02a1 7E012825 		.ascii	"~\001(%\320\016p\002\020\364\3757\247\227h\022O\202"
ARM GAS  /tmp/ccZf0lFV.s 			page 29


 869      D00E7002 
 869      10F4FD37 
 869      A7976812 
 869      4F82
 870 02b3 A6F11422 		.ascii	"\246\361\024\"=\252\304\272gm\015\031y[\033\371\360"
 870      3DAAC4BA 
 870      676D0D19 
 870      795B1BF9 
 870      F0
 871 02c4 EEBA1A9E 		.ascii	"\356\272\032\236\265\032\301:tC\233\246\257M\3237B\331"
 871      B51AC13A 
 871      74439BA6 
 871      AF4DD337 
 871      42D9
 872 02d6 3F4092B7 		.ascii	"?@\222\267\005\347{\236\257\352d\261y\227\222\367\304"
 872      05E77B9E 
 872      AFEA64B1 
 872      799792F7 
 872      C4
 873 02e7 D6FDDB8D 		.ascii	"\326\375\333\215Z\342R-o7r\235\211\356\315\343\273="
 873      5AE2522D 
 873      6F37729D 
 873      89EECDE3 
 873      BB3D
 874 02f9 3726E435 		.ascii	"7&\3445b\342\326uZ\342n\200\323Z\342\323Z\342\020e\325"
 874      62E2D675 
 874      5AE26E80 
 874      D35AE2D3 
 874      5AE21065 
 875 030e 5409AA39 		.ascii	"T\011\2529Z\027\022R\354\3719\255\236\325\177]\274\022"
 875      5A171252 
 875      ECF939AD 
 875      9ED57F5D 
 875      BC12
 876 0320 ADE744AD 		.ascii	"\255\347D\255F{\016\340\254F{V\243\355\240\254V\245"
 876      467B0EE0 
 876      AC467B56 
 876      A3EDA0AC 
 876      56A5
 877 0332 7DD8DF3B 		.ascii	"}\330\337;O\221\262/\324\312\271>\036rA\013\271\240"
 877      4F91B22F 
 877      D4CAB93E 
 877      1E72410B 
 877      B9A0
 878 0344 851CA5EC 		.ascii	"\205\034\245\354kJ\330.\264=J\250is\303\227!\203`\235"
 878      6B4AD82E 
 878      B43D4AA8 
 878      6973C397 
 878      2183609D 
 879 0358 0C80DF76 		.ascii	"\014\200\337v\316#<\270\212\021(\202\031\004\256\000"
 879      CE233CB8 
 879      8A112882 
 879      1904AE00 
 880 0368 5CC6C8AB 		.ascii	"\\\306\310\253\000\327\2246\232p\006\2274\322\213\312"
 880      00D79436 
 880      9A700697 
 880      34D28BCA 
ARM GAS  /tmp/ccZf0lFV.s 			page 30


 881 0378 EB731950 		.ascii	"\353s\031P\341\363\327\360\2162~<\323\264\303(($\355"
 881      E1F3D7F0 
 881      8E327E3C 
 881      D3B4C328 
 881      2824ED
 882 038b 09924BE3 		.ascii	"\011\222K\343H\020\323\321\3349@\315\355J\333\233\202"
 882      4810D3D1 
 882      DC3940CD 
 882      ED4ADB9B 
 882      82
 883 039c 3A0843AC 		.ascii	":\010C\254\361\004\372\242\373z\363\311Xw\246\332\213"
 883      F104FAA2 
 883      FB7AF3C9 
 883      5877A6DA 
 883      8B
 884 03ad 3E509BB3 		.ascii	">P\233\263a\333\243\301\214\024{\326\217\254\277Fc\316"
 884      61DBA3C1 
 884      8C147BD6 
 884      8FACBF46 
 884      63CE
 885 03bf 366EEACC 		.ascii	"6n\352\314\314k\344|\264g\323\341\032\303V\036\244\350"
 885      CC6BE47C 
 885      B467D3E1 
 885      1AC3561E 
 885      A4E8
 886 03d1 865E4D6B 		.ascii	"\206^Mk\257zc\375\352n\355\334\177u\214NU\320\341/Z"
 886      AF7A63FD 
 886      EA6EEDDC 
 886      7F758C4E 
 886      55D0E12F 
 887 03e6 DE41B00E 		.ascii	"\336A\260\016;|]\301jZ\256\003)k\241\354\266\212\347"
 887      3B7C5DC1 
 887      6A5AAE03 
 887      296BA1EC 
 887      B68AE7
 888 03f9 E1E0ECA9 		.ascii	"\341\340\354\251\341z>z\254aK\235\221\317\207\345p\363"
 888      E17A3E7A 
 888      AC614B9D 
 888      91CF87E5 
 888      70F3
 889 040b 0534CEF2 		.ascii	"\0054\316\362\313\276\245\352\001\0270\340\370\216P"
 889      CBBEA5EA 
 889      011730E0 
 889      F88E50
 890 041a 7D8676B4 		.ascii	"}\206v\264q1\016\034@\311\"\334\006\025\231\256\276"
 890      71310E1C 
 890      40C922DC 
 890      061599AE 
 890      BE
 891 042b 0A61B57F 		.ascii	"\012a\265\177\247\2366\033\2621\240\232\257]\242\354"
 891      A79E361B 
 891      B231A09A 
 891      AF5DA2EC 
 892 043b F21D80DF 		.ascii	"\362\035\200\337\225\000\345\017b Z\343\306\276P{\206"
 892      9500E50F 
 892      62205AE3 
 892      C6BE507B 
ARM GAS  /tmp/ccZf0lFV.s 			page 31


 892      86
 893 044c 8609A7C4 		.ascii	"\206\011\247\304\0349\265\373\220\220\330\334\301\204"
 893      1C39B5FB 
 893      9090D8DC 
 893      C184
 894 045a C47B51C0 		.ascii	"\304{Q\300\336\201\343S\022\376\376\204?\242\374\333"
 894      DE81E353 
 894      12FEFE84 
 894      3FA2FCDB 
 895 046a EE6684B5 		.ascii	"\356f\204\2651\222W\217/\374\201mm?\315\010\252/|\375"
 895      3192578F 
 895      2FFC816D 
 895      6D3FCD08 
 895      AA2F7CFD 
 896 047e 7C05F947 		.ascii	"|\005\371Gl3a\010\340\276v\23663\265\226\311\310]\375"
 896      6C336108 
 896      E0BE769E 
 896      3633B596 
 896      C9C85DFD 
 897 0492 70F07321 		.ascii	"p\360s!U\325\017\325\252\037D\253\236\242V}K9\012\237"
 897      55D50FD5 
 897      AA1F44AB 
 897      9EA2567D 
 897      4B390A9F 
 898 04a6 35B734E9 		.ascii	"5\2674\351\307W\375\010\340O%\000\177D\224 E\360\350"
 898      C757FD08 
 898      E04F2500 
 898      7F449420 
 898      45F0E8
 899 04b9 869175E6 		.ascii	"\206\221u\346\361U\247\300\\\373a\307Pz\242\252\307"
 899      F155A7C0 
 899      5CFB61C7 
 899      507AA2AA 
 899      C7
 900 04ca 89AA9EA8 		.ascii	"\211\252\236\250\277\235\0053\211\331\346+\257\232\345"
 900      BF9D0533 
 900      89D9E62B 
 900      AF9AE5
 901 04d9 985E3E6D 		.ascii	"\230^>m\231\227\010v\217/\340X1\275\374m\242\227\034"
 901      99970876 
 901      8F2FE058 
 901      31BDFC6D 
 901      A2971C
 902 04ec 2B5C81D9 		.ascii	"+\\\201\331\371\371b\364;\307\351Z\352\372p\261(z\374"
 902      F9F962F4 
 902      3BC7E95A 
 902      EAFA70B1 
 902      287AFC
 903 04ff 6295CDE7 		.ascii	"b\225\315\347\362T\372E\273\327+}\342\263y\275\016\237"
 903      F254FA45 
 903      BBD72B7D 
 903      E2B379BD 
 903      0E9F
 904 0511 5FF4AFF4 		.ascii	"_\364\257\364\333mn\267_\302\325|4a\336\302\217r\347"
 904      DB6D6EB7 
 904      5FC2D57C 
 904      3461DEC2 
ARM GAS  /tmp/ccZf0lFV.s 			page 32


 904      8F72E7
 905 0524 4C9B5630 		.ascii	"L\233V0\213\274\232\354\313\227g-\265\331\212f8H\276"
 905      8BBC9AEC 
 905      CB97672D 
 905      B5D98A66 
 905      3848BE
 906 0537 E8F4943B 		.ascii	"\350\364\224;D\273\323\261l\231\270\334\025\020m~\277"
 906      44BBD3B1 
 906      6C99B8DC 
 906      15106D7E 
 906      BF
 907 0548 C3572555 		.ascii	"\303W%UT\332\335\016O\221\350\367\331\305E\236\245\236"
 907      54DADD0E 
 907      4F91E8F7 
 907      D9C5459E 
 907      A59E
 908 055a 805F2CF9 		.ascii	"\200_,\371\340=\362\356\313\353!Fi\271#\340u\311z4)"
 908      E03DF2EE 
 908      CBEB2146 
 908      69B923E0 
 908      75C97A34 
 909 056f A0973E76 		.ascii	"\240\227>v\271\335F\311\343uTH\276lI\262\257\260I\336"
 909      B9DD46C9 
 909      E3755448 
 909      BE6C49B2 
 909      AFB049DE 
 910 0583 4A9F43AA 		.ascii	"J\237C\252r\371\002\2256w\232\335\271x\245\177\276\315"
 910      72F90295 
 910      36779ADD 
 910      B978A57F 
 910      BECD
 911 0595 1D00BBCE 		.ascii	"\035\000\273\316\356\264\371\336L\231\333\027\020]\025"
 911      EEB4F9DE 
 911      4C99DB17 
 911      105D15
 912 05a4 7677A5AC 		.ascii	"vw\245\254\026a\363\271W\346;\211\336\341\363Ux\314"
 912      1661F3B9 
 912      57E63B89 
 912      DEE1F355 
 912      78CC
 913 05b6 9224FB3D 		.ascii	"\222$\373=\222\323V!\273\035/\253\334\211\312_\221J"
 913      92D35621 
 913      BB1D2FAB 
 913      DC89CA5F 
 913      914A
 914 05c8 DF2F28F0 		.ascii	"\337/(\360\370m\356\230\242\222\005\366\364q\323\267"
 914      F86DEE98 
 914      A29205F6 
 914      F471D3B7 
 915 05d8 52723B6D 		.ascii	"Rr;mnQ\001\241\304\351\025\256\3503j\373\027Hv\342J"
 915      6E5101A1 
 915      C4E915AE 
 915      E8336AFB 
 915      174876E2 
 916              		.text
 917              		.section	.gnu.lto_.symtab.1bcab523738a7d25,"e",%progbits
 918 0000 5F657869 		.ascii	"_exit\000"
ARM GAS  /tmp/ccZf0lFV.s 			page 33


 918      7400
 919 0006 00       		.ascii	"\000"
 920 0007 00       		.ascii	"\000"
 921 0008 00       		.ascii	"\000"
 922 0009 00000000 		.ascii	"\000\000\000\000\000\000\000\000"
 922      00000000 
 923 0011 BD000000 		.ascii	"\275\000\000\000"
 924 0015 5F676574 		.ascii	"_getpid\000"
 924      70696400 
 925 001d 00       		.ascii	"\000"
 926 001e 00       		.ascii	"\000"
 927 001f 00       		.ascii	"\000"
 928 0020 00000000 		.ascii	"\000\000\000\000\000\000\000\000"
 928      00000000 
 929 0028 C6000000 		.ascii	"\306\000\000\000"
 930 002c 5F6B696C 		.ascii	"_kill\000"
 930      6C00
 931 0032 00       		.ascii	"\000"
 932 0033 00       		.ascii	"\000"
 933 0034 00       		.ascii	"\000"
 934 0035 00000000 		.ascii	"\000\000\000\000\000\000\000\000"
 934      00000000 
 935 003d CB000000 		.ascii	"\313\000\000\000"
 936 0041 5F6F7065 		.ascii	"_open_r\000"
 936      6E5F7200 
 937 0049 00       		.ascii	"\000"
 938 004a 00       		.ascii	"\000"
 939 004b 00       		.ascii	"\000"
 940 004c 00000000 		.ascii	"\000\000\000\000\000\000\000\000"
 940      00000000 
 941 0054 CE000000 		.ascii	"\316\000\000\000"
 942 0058 5F5F6378 		.ascii	"__cxa_pure_virtual\000"
 942      615F7075 
 942      72655F76 
 942      69727475 
 942      616C00
 943 006b 00       		.ascii	"\000"
 944 006c 00       		.ascii	"\000"
 945 006d 00       		.ascii	"\000"
 946 006e 00000000 		.ascii	"\000\000\000\000\000\000\000\000"
 946      00000000 
 947 0076 D0000000 		.ascii	"\320\000\000\000"
 948 007a 5F5F6473 		.ascii	"__dso_handle\000"
 948      6F5F6861 
 948      6E646C65 
 948      00
 949 0087 00       		.ascii	"\000"
 950 0088 00       		.ascii	"\000"
 951 0089 00       		.ascii	"\000"
 952 008a 00000000 		.ascii	"\000\000\000\000\000\000\000\000"
 952      00000000 
 953 0092 E0000000 		.ascii	"\340\000\000\000"
 954 0096 6572726E 		.ascii	"errno\000"
 954      6F00
 955 009c 00       		.ascii	"\000"
 956 009d 02       		.ascii	"\002"
 957 009e 00       		.ascii	"\000"
ARM GAS  /tmp/ccZf0lFV.s 			page 34


 958 009f 00000000 		.ascii	"\000\000\000\000\000\000\000\000"
 958      00000000 
 959 00a7 DE000000 		.ascii	"\336\000\000\000"
 960 00ab 63685379 		.ascii	"chSysHalt\000"
 960      7348616C 
 960      7400
 961 00b5 00       		.ascii	"\000"
 962 00b6 02       		.ascii	"\002"
 963 00b7 00       		.ascii	"\000"
 964 00b8 00000000 		.ascii	"\000\000\000\000\000\000\000\000"
 964      00000000 
 965 00c0 DC000000 		.ascii	"\334\000\000\000"
 966              		.text
 967              		.section	.gnu.lto_.ext_symtab.1bcab523738a7d25,"e",%progbits
 968 0000 01       		.ascii	"\001"
 969 0001 01       		.ascii	"\001"
 970 0002 00       		.ascii	"\000"
 971 0003 01       		.ascii	"\001"
 972 0004 00       		.ascii	"\000"
 973 0005 01       		.ascii	"\001"
 974 0006 00       		.ascii	"\000"
 975 0007 01       		.ascii	"\001"
 976 0008 00       		.ascii	"\000"
 977 0009 01       		.ascii	"\001"
 978 000a 00       		.ascii	"\000"
 979 000b 02       		.ascii	"\002"
 980 000c 01       		.ascii	"\001"
 981 000d 02       		.ascii	"\002"
 982 000e 01       		.ascii	"\001"
 983 000f 01       		.ascii	"\001"
 984 0010 00       		.ascii	"\000"
 985              		.text
 986              		.section	.gnu.lto_.opts,"e",%progbits
 987 0000 272D666E 		.ascii	"'-fno-openmp' '-fno-openacc' '-fno-pie' '-fcf-prote"
 987      6F2D6F70 
 987      656E6D70 
 987      2720272D 
 987      666E6F2D 
 988 0033 6374696F 		.ascii	"ction=none' '-g' '-mcpu=cortex-m4' '-mthumb' '-mflo"
 988      6E3D6E6F 
 988      6E652720 
 988      272D6727 
 988      20272D6D 
 989 0066 61742D61 		.ascii	"at-abi=hard' '-mfpu=fpv4-sp-d16' '-mlibarch=armv7e-"
 989      62693D68 
 989      61726427 
 989      20272D6D 
 989      6670753D 
 990 0099 6D2B6670 		.ascii	"m+fp' '-march=armv7e-m+fp' '-Og' '-fomit-frame-poin"
 990      2720272D 
 990      6D617263 
 990      683D6172 
 990      6D763765 
 991 00cc 74657227 		.ascii	"ter' '-falign-functions=16' '-ffunction-sections' '"
 991      20272D66 
 991      616C6967 
 991      6E2D6675 
ARM GAS  /tmp/ccZf0lFV.s 			page 35


 991      6E637469 
 992 00ff 2D666461 		.ascii	"-fdata-sections' '-fno-common' '-flto' '-fno-except"
 992      74612D73 
 992      65637469 
 992      6F6E7327 
 992      20272D66 
 993 0132 696F6E73 		.ascii	"ions' '-Xassembler' '-alms=./build/lst/syscalls_cpp"
 993      2720272D 
 993      58617373 
 993      656D626C 
 993      65722720 
 994 0165 2E6C7374 		.ascii	".lst'\000"
 994      2700
 995              		.text
 996              		.comm	__gnu_lto_slim,1,1
 997              		.ident	"GCC: (GNU Arm Embedded Toolchain 10.3-2021.10) 10.3.1 20210824 (release)"
ARM GAS  /tmp/ccZf0lFV.s 			page 36


DEFINED SYMBOLS
                            *ABS*:0000000000000000 syscalls_cpp.cpp
     /tmp/ccZf0lFV.s:26     .gnu.debuglto_.debug_info:0000000000000000 syscalls_cpp.cpp.d7baa30e
                            *COM*:0000000000000001 __gnu_lto_slim

NO UNDEFINED SYMBOLS
